2025-10-29 00:22:23,570 - SUCCESS - 成功提取 '全國單日平均糧價' 的網頁 Metadata。
2025-10-29 00:22:23,570 - SUCCESS - 成功提取 '全國單日平均糧價' 的網頁 Metadata。
2025-10-29 00:22:23,614 - SUCCESS - '全國單日平均糧價' 的 Metadata 已更新到 metadata.json。
2025-10-29 00:22:23,614 - SUCCESS - '全國單日平均糧價' 的 Metadata 已更新到 metadata.json。
2025-10-29 00:22:24,692 - SUCCESS - <全國單日平均糧價>的資料已下載完成，共 9087 筆資料。
2025-10-29 00:22:24,692 - SUCCESS - <全國單日平均糧價>的資料已下載完成，共 9087 筆資料。
2025-10-29 00:22:25,419 - SUCCESS - 已下載、去重並合併資料完成現有資料 9087 條，新資料 1 條。
2025-10-29 00:22:25,419 - SUCCESS - 已下載、去重並合併資料完成現有資料 9087 條，新資料 1 條。
2025-10-29 00:22:25,459 - SUCCESS - 已下載 '全國單日平均糧價' 的原始 JSON 資料路徑: 'C:\Python\data_moa_gov_tw\raw_data\全國單日平均糧價\全國單日平均糧價.json'
2025-10-29 00:22:25,459 - SUCCESS - 已下載 '全國單日平均糧價' 的原始 JSON 資料路徑: 'C:\Python\data_moa_gov_tw\raw_data\全國單日平均糧價\全國單日平均糧價.json'
2025-10-29 00:22:25,489 - SUCCESS - 插入或更新 '全國單日平均糧價' 的 Metadata 成功。
2025-10-29 00:22:25,489 - SUCCESS - 插入或更新 '全國單日平均糧價' 的 Metadata 成功。
2025-10-29 00:22:25,498 - SUCCESS - 已成功批量插入 '全國單日平均糧價' 的總計 1 條記錄到表格 '1040001' 。
2025-10-29 00:22:25,498 - SUCCESS - 已成功批量插入 '全國單日平均糧價' 的總計 1 條記錄到表格 '1040001' 。
2025-10-29 00:22:25,503 - SUCCESS - '全國單日平均糧價' 的自動更新完成。
2025-10-29 00:22:25,503 - SUCCESS - '全國單日平均糧價' 的自動更新完成。
2025-10-29 00:22:26,844 - SUCCESS - 成功提取 '各觀測站近兩年降雨量' 的網頁 Metadata。
2025-10-29 00:22:26,844 - SUCCESS - 成功提取 '各觀測站近兩年降雨量' 的網頁 Metadata。
2025-10-29 00:22:28,088 - SUCCESS - 成功提取 '產銷履歷與有機蔬果行情' 的網頁 Metadata。
2025-10-29 00:22:28,088 - SUCCESS - 成功提取 '產銷履歷與有機蔬果行情' 的網頁 Metadata。
2025-10-29 00:22:28,114 - SUCCESS - '產銷履歷與有機蔬果行情' 的 Metadata 已更新到 metadata.json。
2025-10-29 00:22:28,114 - SUCCESS - '產銷履歷與有機蔬果行情' 的 Metadata 已更新到 metadata.json。
2025-10-29 00:22:31,875 - SUCCESS - <產銷履歷與有機蔬果行情>的資料已下載完成，共 2396 筆資料。
2025-10-29 00:22:31,875 - SUCCESS - <產銷履歷與有機蔬果行情>的資料已下載完成，共 2396 筆資料。
2025-10-29 00:22:45,860 - SUCCESS - 已下載、去重並合併資料完成現有資料 188254 條，新資料 2317 條。
2025-10-29 00:22:45,860 - SUCCESS - 已下載、去重並合併資料完成現有資料 188254 條，新資料 2317 條。
2025-10-29 00:22:46,865 - SUCCESS - 已下載 '產銷履歷與有機蔬果行情' 的原始 JSON 資料路徑: 'C:\Python\data_moa_gov_tw\raw_data\產銷履歷與有機蔬果行情\產銷履歷與有機蔬果行情.json'
2025-10-29 00:22:46,865 - SUCCESS - 已下載 '產銷履歷與有機蔬果行情' 的原始 JSON 資料路徑: 'C:\Python\data_moa_gov_tw\raw_data\產銷履歷與有機蔬果行情\產銷履歷與有機蔬果行情.json'
2025-10-29 00:22:46,865 - SUCCESS - 插入或更新 '產銷履歷與有機蔬果行情' 的 Metadata 成功。
2025-10-29 00:22:46,865 - SUCCESS - 插入或更新 '產銷履歷與有機蔬果行情' 的 Metadata 成功。
2025-10-29 00:22:47,745 - SUCCESS - 已成功批量插入 '產銷履歷與有機蔬果行情' 的總計 2317 條記錄到表格 '1040003' 。
2025-10-29 00:22:47,745 - SUCCESS - 已成功批量插入 '產銷履歷與有機蔬果行情' 的總計 2317 條記錄到表格 '1040003' 。
2025-10-29 00:22:47,793 - SUCCESS - '產銷履歷與有機蔬果行情' 的自動更新完成。
2025-10-29 00:22:47,793 - SUCCESS - '產銷履歷與有機蔬果行情' 的自動更新完成。
2025-10-29 00:22:48,996 - SUCCESS - 成功提取 '糧價查詢' 的網頁 Metadata。
2025-10-29 00:22:48,996 - SUCCESS - 成功提取 '糧價查詢' 的網頁 Metadata。
2025-10-29 00:22:49,016 - SUCCESS - '糧價查詢' 的 Metadata 已更新到 metadata.json。
2025-10-29 00:22:49,016 - SUCCESS - '糧價查詢' 的 Metadata 已更新到 metadata.json。
2025-10-29 00:22:50,914 - SUCCESS - <糧價查詢>的資料已下載完成，共 9999 筆資料。
2025-10-29 00:22:50,914 - SUCCESS - <糧價查詢>的資料已下載完成，共 9999 筆資料。
2025-10-29 00:23:05,763 - SUCCESS - 已下載、去重並合併資料完成現有資料 240170 條，新資料 20 條。
2025-10-29 00:23:05,763 - SUCCESS - 已下載、去重並合併資料完成現有資料 240170 條，新資料 20 條。
2025-10-29 00:23:06,733 - SUCCESS - 已下載 '糧價查詢' 的原始 JSON 資料路徑: 'C:\Python\data_moa_gov_tw\raw_data\糧價查詢\糧價查詢.json'
2025-10-29 00:23:06,733 - SUCCESS - 已下載 '糧價查詢' 的原始 JSON 資料路徑: 'C:\Python\data_moa_gov_tw\raw_data\糧價查詢\糧價查詢.json'
2025-10-29 00:23:06,737 - SUCCESS - 插入或更新 '糧價查詢' 的 Metadata 成功。
2025-10-29 00:23:06,737 - SUCCESS - 插入或更新 '糧價查詢' 的 Metadata 成功。
2025-10-29 00:23:06,758 - SUCCESS - 已成功批量插入 '糧價查詢' 的總計 20 條記錄到表格 '1040004' 。
2025-10-29 00:23:06,758 - SUCCESS - 已成功批量插入 '糧價查詢' 的總計 20 條記錄到表格 '1040004' 。
2025-10-29 00:23:06,853 - SUCCESS - '糧價查詢' 的自動更新完成。
2025-10-29 00:23:06,853 - SUCCESS - '糧價查詢' 的自動更新完成。
2025-10-29 00:23:08,057 - SUCCESS - 成功提取 '臺灣地區果品生產概況' 的網頁 Metadata。
2025-10-29 00:23:08,057 - SUCCESS - 成功提取 '臺灣地區果品生產概況' 的網頁 Metadata。
2025-10-29 00:23:09,202 - SUCCESS - 成功提取 '臺灣地區特用作物生產概況' 的網頁 Metadata。
2025-10-29 00:23:09,202 - SUCCESS - 成功提取 '臺灣地區特用作物生產概況' 的網頁 Metadata。
2025-10-29 00:23:10,353 - SUCCESS - 成功提取 '臺灣地區稻作種植、收穫面積及產量' 的網頁 Metadata。
2025-10-29 00:23:10,353 - SUCCESS - 成功提取 '臺灣地區稻作種植、收穫面積及產量' 的網頁 Metadata。
2025-10-29 00:23:11,489 - SUCCESS - 成功提取 '臺灣地區稻米生產價值' 的網頁 Metadata。
2025-10-29 00:23:11,489 - SUCCESS - 成功提取 '臺灣地區稻米生產價值' 的網頁 Metadata。
2025-10-29 00:23:12,690 - SUCCESS - 成功提取 '臺灣地區蔬菜生產概況' 的網頁 Metadata。
2025-10-29 00:23:12,690 - SUCCESS - 成功提取 '臺灣地區蔬菜生產概況' 的網頁 Metadata。
2025-10-29 00:23:13,825 - SUCCESS - 成功提取 '臺灣地區農產品生產量值' 的網頁 Metadata。
2025-10-29 00:23:13,825 - SUCCESS - 成功提取 '臺灣地區農產品生產量值' 的網頁 Metadata。
2025-10-29 00:23:14,997 - SUCCESS - 成功提取 '農情調查' 的網頁 Metadata。
2025-10-29 00:23:14,997 - SUCCESS - 成功提取 '農情調查' 的網頁 Metadata。
2025-10-29 00:23:15,036 - SUCCESS - '農情調查' 的 Metadata 已更新到 metadata.json。
2025-10-29 00:23:15,036 - SUCCESS - '農情調查' 的 Metadata 已更新到 metadata.json。
2025-10-29 00:23:17,526 - SUCCESS - <農情調查>的資料已下載完成，共 9999 筆資料。
2025-10-29 00:23:17,526 - SUCCESS - <農情調查>的資料已下載完成，共 9999 筆資料。
2025-10-29 00:23:18,541 - SUCCESS - 已下載、去重並合併資料完成現有資料 45259 條，新資料 0 條。
2025-10-29 00:23:18,541 - SUCCESS - 已下載、去重並合併資料完成現有資料 45259 條，新資料 0 條。
2025-10-29 00:23:18,808 - SUCCESS - 插入或更新 '農情調查' 的 Metadata 成功。
2025-10-29 00:23:18,808 - SUCCESS - 插入或更新 '農情調查' 的 Metadata 成功。
2025-10-29 00:23:18,818 - SUCCESS - '農情調查' 的自動更新完成。
2025-10-29 00:23:18,818 - SUCCESS - '農情調查' 的自動更新完成。
2025-10-29 00:23:20,001 - SUCCESS - 成功提取 '農產品交易行情' 的網頁 Metadata。
2025-10-29 00:23:20,001 - SUCCESS - 成功提取 '農產品交易行情' 的網頁 Metadata。
2025-10-29 00:23:20,040 - SUCCESS - '農產品交易行情' 的 Metadata 已更新到 metadata.json。
2025-10-29 00:23:20,040 - SUCCESS - '農產品交易行情' 的 Metadata 已更新到 metadata.json。
2025-10-29 00:23:34,868 - SUCCESS - <農產品交易行情>的資料已下載完成，共 7445 筆資料。
2025-10-29 00:23:34,868 - SUCCESS - <農產品交易行情>的資料已下載完成，共 7445 筆資料。
2025-10-29 00:23:53,304 - SUCCESS - 已下載、去重並合併資料完成現有資料 383324 條，新資料 3536 條。
2025-10-29 00:23:53,304 - SUCCESS - 已下載、去重並合併資料完成現有資料 383324 條，新資料 3536 條。
2025-10-29 00:23:55,153 - SUCCESS - 已下載 '農產品交易行情' 的原始 JSON 資料路徑: 'C:\Python\data_moa_gov_tw\raw_data\農產品交易行情\農產品交易行情.json'
2025-10-29 00:23:55,153 - SUCCESS - 已下載 '農產品交易行情' 的原始 JSON 資料路徑: 'C:\Python\data_moa_gov_tw\raw_data\農產品交易行情\農產品交易行情.json'
2025-10-29 00:23:55,153 - SUCCESS - 插入或更新 '農產品交易行情' 的 Metadata 成功。
2025-10-29 00:23:55,153 - SUCCESS - 插入或更新 '農產品交易行情' 的 Metadata 成功。
2025-10-29 00:23:56,611 - SUCCESS - 已成功批量插入 '農產品交易行情' 的總計 3536 條記錄到表格 '1040012' 。
2025-10-29 00:23:56,611 - SUCCESS - 已成功批量插入 '農產品交易行情' 的總計 3536 條記錄到表格 '1040012' 。
2025-10-29 00:23:56,769 - SUCCESS - '農產品交易行情' 的自動更新完成。
2025-10-29 00:23:56,769 - SUCCESS - '農產品交易行情' 的自動更新完成。
2025-10-29 00:23:58,159 - SUCCESS - 成功提取 '農產品產地價格(月平均價格)' 的網頁 Metadata。
2025-10-29 00:23:58,159 - SUCCESS - 成功提取 '農產品產地價格(月平均價格)' 的網頁 Metadata。
2025-10-29 00:23:59,393 - SUCCESS - 成功提取 '農產品產地價格資料' 的網頁 Metadata。
2025-10-29 00:23:59,393 - SUCCESS - 成功提取 '農產品產地價格資料' 的網頁 Metadata。
2025-10-29 00:24:00,609 - SUCCESS - 成功提取 '雜糧生產概況' 的網頁 Metadata。
2025-10-29 00:24:00,609 - SUCCESS - 成功提取 '雜糧生產概況' 的網頁 Metadata。
2025-10-29 00:24:01,615 - SUCCESS - 已成功儲存次要資訊。
2025-10-29 00:24:01,615 - SUCCESS - 已成功儲存次要資訊。
2025-10-29 00:24:01,615 - SUCCESS - 更新結果儲存成功:{'全國單日平均糧價': '已更新', '各觀測站近兩年降雨量': '未更新', '產銷履歷與有機蔬果行情': '已更新', '糧價查詢': '已更新', '臺灣地區果品生產概況': '未更新', '臺灣地區特用作物生產概況': '未更新', '臺灣地區稻作種植、收穫面積及產量': '未更新', '臺灣地區稻米生產價值': '未更新', '臺灣地區蔬菜生產概況': '未更新', '臺灣地區農產品生產量值': '未更新', '農情調查': '已更新', '農產品交易行情': '已更新', '農產品產地價格(月平均價格)': '未更新', '農產品產地價格資料': '未更新', '雜糧生產概況': '未更新'}
2025-10-29 00:24:01,615 - SUCCESS - 更新結果儲存成功:{'全國單日平均糧價': '已更新', '各觀測站近兩年降雨量': '未更新', '產銷履歷與有機蔬果行情': '已更新', '糧價查詢': '已更新', '臺灣地區果品生產概況': '未更新', '臺灣地區特用作物生產概況': '未更新', '臺灣地區稻作種植、收穫面積及產量': '未更新', '臺灣地區稻米生產價值': '未更新', '臺灣地區蔬菜生產概況': '未更新', '臺灣地區農產品生產量值': '未更新', '農情調查': '已更新', '農產品交易行情': '已更新', '農產品產地價格(月平均價格)': '未更新', '農產品產地價格資料': '未更新', '雜糧生產概況': '未更新'}
2025-10-29 23:21:03,623 - SUCCESS - 成功提取 '全國單日平均糧價' 的網頁 Metadata。
2025-10-29 23:21:03,623 - SUCCESS - 成功提取 '全國單日平均糧價' 的網頁 Metadata。
2025-10-29 23:21:03,688 - SUCCESS - '全國單日平均糧價' 的 Metadata 已更新到 metadata.json。
2025-10-29 23:21:03,688 - SUCCESS - '全國單日平均糧價' 的 Metadata 已更新到 metadata.json。
2025-10-29 23:21:05,482 - SUCCESS - <全國單日平均糧價>的資料已下載完成，共 9088 筆資料。
2025-10-29 23:21:05,482 - SUCCESS - <全國單日平均糧價>的資料已下載完成，共 9088 筆資料。
2025-10-29 23:21:07,313 - SUCCESS - 已下載、去重並合併資料完成現有資料 9088 條，新資料 1 條。
2025-10-29 23:21:07,313 - SUCCESS - 已下載、去重並合併資料完成現有資料 9088 條，新資料 1 條。
2025-10-29 23:21:07,361 - SUCCESS - 已下載 '全國單日平均糧價' 的原始 JSON 資料路徑: 'C:\Python\data_moa_gov_tw\raw_data\全國單日平均糧價\全國單日平均糧價.json'
2025-10-29 23:21:07,361 - SUCCESS - 已下載 '全國單日平均糧價' 的原始 JSON 資料路徑: 'C:\Python\data_moa_gov_tw\raw_data\全國單日平均糧價\全國單日平均糧價.json'
2025-10-29 23:21:07,392 - SUCCESS - 插入或更新 '全國單日平均糧價' 的 Metadata 成功。
2025-10-29 23:21:07,392 - SUCCESS - 插入或更新 '全國單日平均糧價' 的 Metadata 成功。
2025-10-29 23:21:07,401 - SUCCESS - 已成功批量插入 '全國單日平均糧價' 的總計 1 條記錄到表格 '1040001' 。
2025-10-29 23:21:07,401 - SUCCESS - 已成功批量插入 '全國單日平均糧價' 的總計 1 條記錄到表格 '1040001' 。
2025-10-29 23:21:07,408 - SUCCESS - '全國單日平均糧價' 的自動更新完成。
2025-10-29 23:21:07,408 - SUCCESS - '全國單日平均糧價' 的自動更新完成。
2025-10-29 23:21:09,409 - SUCCESS - 成功提取 '各觀測站近兩年降雨量' 的網頁 Metadata。
2025-10-29 23:21:09,409 - SUCCESS - 成功提取 '各觀測站近兩年降雨量' 的網頁 Metadata。
2025-10-29 23:21:10,654 - SUCCESS - 成功提取 '產銷履歷與有機蔬果行情' 的網頁 Metadata。
2025-10-29 23:21:10,654 - SUCCESS - 成功提取 '產銷履歷與有機蔬果行情' 的網頁 Metadata。
2025-10-29 23:21:10,688 - SUCCESS - '產銷履歷與有機蔬果行情' 的 Metadata 已更新到 metadata.json。
2025-10-29 23:21:10,688 - SUCCESS - '產銷履歷與有機蔬果行情' 的 Metadata 已更新到 metadata.json。
2025-10-29 23:21:11,488 - SUCCESS - <產銷履歷與有機蔬果行情>的資料已下載完成，共 4508 筆資料。
2025-10-29 23:21:11,488 - SUCCESS - <產銷履歷與有機蔬果行情>的資料已下載完成，共 4508 筆資料。
2025-10-29 23:21:27,203 - SUCCESS - 已下載、去重並合併資料完成現有資料 190445 條，新資料 2191 條。
2025-10-29 23:21:27,203 - SUCCESS - 已下載、去重並合併資料完成現有資料 190445 條，新資料 2191 條。
2025-10-29 23:21:28,493 - SUCCESS - 已下載 '產銷履歷與有機蔬果行情' 的原始 JSON 資料路徑: 'C:\Python\data_moa_gov_tw\raw_data\產銷履歷與有機蔬果行情\產銷履歷與有機蔬果行情.json'
2025-10-29 23:21:28,493 - SUCCESS - 已下載 '產銷履歷與有機蔬果行情' 的原始 JSON 資料路徑: 'C:\Python\data_moa_gov_tw\raw_data\產銷履歷與有機蔬果行情\產銷履歷與有機蔬果行情.json'
2025-10-29 23:21:28,502 - SUCCESS - 插入或更新 '產銷履歷與有機蔬果行情' 的 Metadata 成功。
2025-10-29 23:21:28,502 - SUCCESS - 插入或更新 '產銷履歷與有機蔬果行情' 的 Metadata 成功。
2025-10-29 23:21:29,447 - SUCCESS - 已成功批量插入 '產銷履歷與有機蔬果行情' 的總計 2191 條記錄到表格 '1040003' 。
2025-10-29 23:21:29,447 - SUCCESS - 已成功批量插入 '產銷履歷與有機蔬果行情' 的總計 2191 條記錄到表格 '1040003' 。
2025-10-29 23:21:29,505 - SUCCESS - '產銷履歷與有機蔬果行情' 的自動更新完成。
2025-10-29 23:21:29,505 - SUCCESS - '產銷履歷與有機蔬果行情' 的自動更新完成。
2025-10-29 23:21:30,682 - SUCCESS - 成功提取 '糧價查詢' 的網頁 Metadata。
2025-10-29 23:21:30,682 - SUCCESS - 成功提取 '糧價查詢' 的網頁 Metadata。
2025-10-29 23:21:30,706 - SUCCESS - '糧價查詢' 的 Metadata 已更新到 metadata.json。
2025-10-29 23:21:30,706 - SUCCESS - '糧價查詢' 的 Metadata 已更新到 metadata.json。
2025-10-29 23:21:31,975 - SUCCESS - <糧價查詢>的資料已下載完成，共 9999 筆資料。
2025-10-29 23:21:31,975 - SUCCESS - <糧價查詢>的資料已下載完成，共 9999 筆資料。
2025-10-29 23:21:47,427 - SUCCESS - 已下載、去重並合併資料完成現有資料 240191 條，新資料 21 條。
2025-10-29 23:21:47,427 - SUCCESS - 已下載、去重並合併資料完成現有資料 240191 條，新資料 21 條。
2025-10-29 23:21:48,664 - SUCCESS - 已下載 '糧價查詢' 的原始 JSON 資料路徑: 'C:\Python\data_moa_gov_tw\raw_data\糧價查詢\糧價查詢.json'
2025-10-29 23:21:48,664 - SUCCESS - 已下載 '糧價查詢' 的原始 JSON 資料路徑: 'C:\Python\data_moa_gov_tw\raw_data\糧價查詢\糧價查詢.json'
2025-10-29 23:21:48,670 - SUCCESS - 插入或更新 '糧價查詢' 的 Metadata 成功。
2025-10-29 23:21:48,670 - SUCCESS - 插入或更新 '糧價查詢' 的 Metadata 成功。
2025-10-29 23:21:48,696 - SUCCESS - 已成功批量插入 '糧價查詢' 的總計 21 條記錄到表格 '1040004' 。
2025-10-29 23:21:48,696 - SUCCESS - 已成功批量插入 '糧價查詢' 的總計 21 條記錄到表格 '1040004' 。
2025-10-29 23:21:48,811 - SUCCESS - '糧價查詢' 的自動更新完成。
2025-10-29 23:21:48,811 - SUCCESS - '糧價查詢' 的自動更新完成。
2025-10-29 23:21:49,985 - SUCCESS - 成功提取 '臺灣地區果品生產概況' 的網頁 Metadata。
2025-10-29 23:21:49,985 - SUCCESS - 成功提取 '臺灣地區果品生產概況' 的網頁 Metadata。
2025-10-29 23:21:51,167 - SUCCESS - 成功提取 '臺灣地區特用作物生產概況' 的網頁 Metadata。
2025-10-29 23:21:51,167 - SUCCESS - 成功提取 '臺灣地區特用作物生產概況' 的網頁 Metadata。
2025-10-29 23:21:52,327 - SUCCESS - 成功提取 '臺灣地區稻作種植、收穫面積及產量' 的網頁 Metadata。
2025-10-29 23:21:52,327 - SUCCESS - 成功提取 '臺灣地區稻作種植、收穫面積及產量' 的網頁 Metadata。
2025-10-29 23:21:53,481 - SUCCESS - 成功提取 '臺灣地區稻米生產價值' 的網頁 Metadata。
2025-10-29 23:21:53,481 - SUCCESS - 成功提取 '臺灣地區稻米生產價值' 的網頁 Metadata。
2025-10-29 23:21:54,672 - SUCCESS - 成功提取 '臺灣地區蔬菜生產概況' 的網頁 Metadata。
2025-10-29 23:21:54,672 - SUCCESS - 成功提取 '臺灣地區蔬菜生產概況' 的網頁 Metadata。
2025-10-29 23:21:55,827 - SUCCESS - 成功提取 '臺灣地區農產品生產量值' 的網頁 Metadata。
2025-10-29 23:21:55,827 - SUCCESS - 成功提取 '臺灣地區農產品生產量值' 的網頁 Metadata。
2025-10-29 23:21:56,991 - SUCCESS - 成功提取 '農情調查' 的網頁 Metadata。
2025-10-29 23:21:56,991 - SUCCESS - 成功提取 '農情調查' 的網頁 Metadata。
2025-10-29 23:21:57,026 - SUCCESS - '農情調查' 的 Metadata 已更新到 metadata.json。
2025-10-29 23:21:57,026 - SUCCESS - '農情調查' 的 Metadata 已更新到 metadata.json。
2025-10-29 23:21:58,400 - SUCCESS - <農情調查>的資料已下載完成，共 9999 筆資料。
2025-10-29 23:21:58,400 - SUCCESS - <農情調查>的資料已下載完成，共 9999 筆資料。
2025-10-29 23:21:59,484 - SUCCESS - 已下載、去重並合併資料完成現有資料 45259 條，新資料 0 條。
2025-10-29 23:21:59,484 - SUCCESS - 已下載、去重並合併資料完成現有資料 45259 條，新資料 0 條。
2025-10-29 23:21:59,768 - SUCCESS - 插入或更新 '農情調查' 的 Metadata 成功。
2025-10-29 23:21:59,768 - SUCCESS - 插入或更新 '農情調查' 的 Metadata 成功。
2025-10-29 23:21:59,783 - SUCCESS - '農情調查' 的自動更新完成。
2025-10-29 23:21:59,783 - SUCCESS - '農情調查' 的自動更新完成。
2025-10-29 23:22:01,018 - SUCCESS - 成功提取 '農產品交易行情' 的網頁 Metadata。
2025-10-29 23:22:01,018 - SUCCESS - 成功提取 '農產品交易行情' 的網頁 Metadata。
2025-10-29 23:22:01,053 - SUCCESS - '農產品交易行情' 的 Metadata 已更新到 metadata.json。
2025-10-29 23:22:01,053 - SUCCESS - '農產品交易行情' 的 Metadata 已更新到 metadata.json。
2025-10-29 23:22:05,888 - SUCCESS - <農產品交易行情>的資料已下載完成，共 10829 筆資料。
2025-10-29 23:22:05,888 - SUCCESS - <農產品交易行情>的資料已下載完成，共 10829 筆資料。
2025-10-29 23:22:25,274 - SUCCESS - 已下載、去重並合併資料完成現有資料 386708 條，新資料 3384 條。
2025-10-29 23:22:25,274 - SUCCESS - 已下載、去重並合併資料完成現有資料 386708 條，新資料 3384 條。
2025-10-29 23:22:27,220 - SUCCESS - 已下載 '農產品交易行情' 的原始 JSON 資料路徑: 'C:\Python\data_moa_gov_tw\raw_data\農產品交易行情\農產品交易行情.json'
2025-10-29 23:22:27,220 - SUCCESS - 已下載 '農產品交易行情' 的原始 JSON 資料路徑: 'C:\Python\data_moa_gov_tw\raw_data\農產品交易行情\農產品交易行情.json'
2025-10-29 23:22:27,225 - SUCCESS - 插入或更新 '農產品交易行情' 的 Metadata 成功。
2025-10-29 23:22:27,225 - SUCCESS - 插入或更新 '農產品交易行情' 的 Metadata 成功。
2025-10-29 23:22:28,810 - SUCCESS - 已成功批量插入 '農產品交易行情' 的總計 3384 條記錄到表格 '1040012' 。
2025-10-29 23:22:28,810 - SUCCESS - 已成功批量插入 '農產品交易行情' 的總計 3384 條記錄到表格 '1040012' 。
2025-10-29 23:22:28,987 - SUCCESS - '農產品交易行情' 的自動更新完成。
2025-10-29 23:22:28,987 - SUCCESS - '農產品交易行情' 的自動更新完成。
2025-10-29 23:22:30,179 - SUCCESS - 成功提取 '農產品產地價格(月平均價格)' 的網頁 Metadata。
2025-10-29 23:22:30,179 - SUCCESS - 成功提取 '農產品產地價格(月平均價格)' 的網頁 Metadata。
2025-10-29 23:22:31,344 - SUCCESS - 成功提取 '農產品產地價格資料' 的網頁 Metadata。
2025-10-29 23:22:31,344 - SUCCESS - 成功提取 '農產品產地價格資料' 的網頁 Metadata。
2025-10-29 23:22:31,378 - SUCCESS - '農產品產地價格資料' 的 Metadata 已更新到 metadata.json。
2025-10-29 23:22:31,378 - SUCCESS - '農產品產地價格資料' 的 Metadata 已更新到 metadata.json。
2025-10-29 23:22:31,895 - SUCCESS - <農產品產地價格資料>的資料已下載完成，共 9999 筆資料。
2025-10-29 23:22:31,895 - SUCCESS - <農產品產地價格資料>的資料已下載完成，共 9999 筆資料。
2025-10-29 23:23:20,089 - SUCCESS - 已下載、去重並合併資料完成現有資料 343915 條，新資料 5 條。
2025-10-29 23:23:20,089 - SUCCESS - 已下載、去重並合併資料完成現有資料 343915 條，新資料 5 條。
2025-10-29 23:23:22,146 - SUCCESS - 已下載 '農產品產地價格資料' 的原始 JSON 資料路徑: 'C:\Python\data_moa_gov_tw\raw_data\農產品產地價格資料\農產品產地價格資料.json'
2025-10-29 23:23:22,146 - SUCCESS - 已下載 '農產品產地價格資料' 的原始 JSON 資料路徑: 'C:\Python\data_moa_gov_tw\raw_data\農產品產地價格資料\農產品產地價格資料.json'
2025-10-29 23:23:22,151 - SUCCESS - 插入或更新 '農產品產地價格資料' 的 Metadata 成功。
2025-10-29 23:23:22,151 - SUCCESS - 插入或更新 '農產品產地價格資料' 的 Metadata 成功。
2025-10-29 23:23:22,161 - SUCCESS - 已成功批量插入 '農產品產地價格資料' 的總計 5 條記錄到表格 '1040014' 。
2025-10-29 23:23:22,161 - SUCCESS - 已成功批量插入 '農產品產地價格資料' 的總計 5 條記錄到表格 '1040014' 。
2025-10-29 23:23:22,246 - SUCCESS - '農產品產地價格資料' 的自動更新完成。
2025-10-29 23:23:22,246 - SUCCESS - '農產品產地價格資料' 的自動更新完成。
2025-10-29 23:23:23,438 - SUCCESS - 成功提取 '雜糧生產概況' 的網頁 Metadata。
2025-10-29 23:23:23,438 - SUCCESS - 成功提取 '雜糧生產概況' 的網頁 Metadata。
2025-10-29 23:23:24,442 - SUCCESS - 已成功儲存次要資訊。
2025-10-29 23:23:24,442 - SUCCESS - 已成功儲存次要資訊。
2025-10-29 23:23:24,442 - SUCCESS - 更新結果儲存成功:{'全國單日平均糧價': '已更新', '各觀測站近兩年降雨量': '未更新', '產銷履歷與有機蔬果行情': '已更新', '糧價查詢': '已更新', '臺灣地區果品生產概況': '未更新', '臺灣地區特用作物生產概況': '未更新', '臺灣地區稻作種植、收穫面積及產量': '未更新', '臺灣地區稻米生產價值': '未更新', '臺灣地區蔬菜生產概況': '未更新', '臺灣地區農產品生產量值': '未更新', '農情調查': '已更新', '農產品交易行情': '已更新', '農產品產地價格(月平均價格)': '未更新', '農產品產地價格資料': '已更新', '雜糧生產概況': '未更新'}
2025-10-29 23:23:24,442 - SUCCESS - 更新結果儲存成功:{'全國單日平均糧價': '已更新', '各觀測站近兩年降雨量': '未更新', '產銷履歷與有機蔬果行情': '已更新', '糧價查詢': '已更新', '臺灣地區果品生產概況': '未更新', '臺灣地區特用作物生產概況': '未更新', '臺灣地區稻作種植、收穫面積及產量': '未更新', '臺灣地區稻米生產價值': '未更新', '臺灣地區蔬菜生產概況': '未更新', '臺灣地區農產品生產量值': '未更新', '農情調查': '已更新', '農產品交易行情': '已更新', '農產品產地價格(月平均價格)': '未更新', '農產品產地價格資料': '已更新', '雜糧生產概況': '未更新'}
