2025-10-09 02:33:20,507 - SUCCESS - 成功提取 '全國單日平均糧價' 的網頁 Metadata。
2025-10-09 02:33:20,507 - SUCCESS - 成功提取 '全國單日平均糧價' 的網頁 Metadata。
2025-10-09 02:33:20,613 - SUCCESS - '全國單日平均糧價' 的 Metadata 已更新到 metadata.json。
2025-10-09 02:33:20,613 - SUCCESS - '全國單日平均糧價' 的 Metadata 已更新到 metadata.json。
2025-10-09 02:33:23,249 - SUCCESS - <全國單日平均糧價>的資料已下載完成，共 9067 筆資料。
2025-10-09 02:33:23,249 - SUCCESS - <全國單日平均糧價>的資料已下載完成，共 9067 筆資料。
2025-10-09 02:33:26,392 - SUCCESS - 已下載、去重並合併資料完成現有資料 9067 條，新資料 1 條。
2025-10-09 02:33:26,392 - SUCCESS - 已下載、去重並合併資料完成現有資料 9067 條，新資料 1 條。
2025-10-09 02:33:26,540 - SUCCESS - 已下載 '全國單日平均糧價' 的原始 JSON 資料路徑: 'c:\Python\data_moa_gov_tw\raw_data\全國單日平均糧價\全國單日平均糧價.json'
2025-10-09 02:33:26,540 - SUCCESS - 已下載 '全國單日平均糧價' 的原始 JSON 資料路徑: 'c:\Python\data_moa_gov_tw\raw_data\全國單日平均糧價\全國單日平均糧價.json'
2025-10-09 02:33:26,643 - SUCCESS - 插入或更新 '全國單日平均糧價' 的 Metadata 成功。
2025-10-09 02:33:26,643 - SUCCESS - 插入或更新 '全國單日平均糧價' 的 Metadata 成功。
2025-10-09 02:33:26,666 - SUCCESS - 已成功批量插入 '全國單日平均糧價' 的總計 1 條記錄到表格 '1040001' 。
2025-10-09 02:33:26,666 - SUCCESS - 已成功批量插入 '全國單日平均糧價' 的總計 1 條記錄到表格 '1040001' 。
2025-10-09 02:33:26,694 - SUCCESS - '全國單日平均糧價' 的自動更新完成。
2025-10-09 02:33:26,694 - SUCCESS - '全國單日平均糧價' 的自動更新完成。
2025-10-09 02:33:28,919 - SUCCESS - 成功提取 '各觀測站近兩年降雨量' 的網頁 Metadata。
2025-10-09 02:33:28,919 - SUCCESS - 成功提取 '各觀測站近兩年降雨量' 的網頁 Metadata。
2025-10-09 02:33:30,422 - SUCCESS - 成功提取 '產銷履歷與有機蔬果行情' 的網頁 Metadata。
2025-10-09 02:33:30,422 - SUCCESS - 成功提取 '產銷履歷與有機蔬果行情' 的網頁 Metadata。
2025-10-09 02:33:30,618 - SUCCESS - '產銷履歷與有機蔬果行情' 的 Metadata 已更新到 metadata.json。
2025-10-09 02:33:30,618 - SUCCESS - '產銷履歷與有機蔬果行情' 的 Metadata 已更新到 metadata.json。
2025-10-09 02:33:31,780 - SUCCESS - <產銷履歷與有機蔬果行情>的資料已下載完成，共 154 筆資料。
2025-10-09 02:33:31,780 - SUCCESS - <產銷履歷與有機蔬果行情>的資料已下載完成，共 154 筆資料。
2025-10-09 02:34:12,923 - SUCCESS - 已下載、去重並合併資料完成現有資料 150881 條，新資料 154 條。
2025-10-09 02:34:12,923 - SUCCESS - 已下載、去重並合併資料完成現有資料 150881 條，新資料 154 條。
2025-10-09 02:34:14,773 - SUCCESS - 已下載 '產銷履歷與有機蔬果行情' 的原始 JSON 資料路徑: 'c:\Python\data_moa_gov_tw\raw_data\產銷履歷與有機蔬果行情\產銷履歷與有機蔬果行情.json'
2025-10-09 02:34:14,773 - SUCCESS - 已下載 '產銷履歷與有機蔬果行情' 的原始 JSON 資料路徑: 'c:\Python\data_moa_gov_tw\raw_data\產銷履歷與有機蔬果行情\產銷履歷與有機蔬果行情.json'
2025-10-09 02:34:14,835 - SUCCESS - 插入或更新 '產銷履歷與有機蔬果行情' 的 Metadata 成功。
2025-10-09 02:34:14,835 - SUCCESS - 插入或更新 '產銷履歷與有機蔬果行情' 的 Metadata 成功。
2025-10-09 02:34:15,405 - SUCCESS - 已成功批量插入 '產銷履歷與有機蔬果行情' 的總計 154 條記錄到表格 '1040003' 。
2025-10-09 02:34:15,405 - SUCCESS - 已成功批量插入 '產銷履歷與有機蔬果行情' 的總計 154 條記錄到表格 '1040003' 。
2025-10-09 02:34:15,640 - SUCCESS - '產銷履歷與有機蔬果行情' 的自動更新完成。
2025-10-09 02:34:15,640 - SUCCESS - '產銷履歷與有機蔬果行情' 的自動更新完成。
2025-10-09 02:34:16,992 - SUCCESS - 成功提取 '糧價查詢' 的網頁 Metadata。
2025-10-09 02:34:16,992 - SUCCESS - 成功提取 '糧價查詢' 的網頁 Metadata。
2025-10-09 02:34:17,047 - SUCCESS - '糧價查詢' 的 Metadata 已更新到 metadata.json。
2025-10-09 02:34:17,047 - SUCCESS - '糧價查詢' 的 Metadata 已更新到 metadata.json。
2025-10-09 02:34:19,360 - SUCCESS - <糧價查詢>的資料已下載完成，共 9999 筆資料。
2025-10-09 02:34:19,360 - SUCCESS - <糧價查詢>的資料已下載完成，共 9999 筆資料。
2025-10-09 02:34:58,484 - SUCCESS - 已下載、去重並合併資料完成現有資料 239650 條，新資料 20 條。
2025-10-09 02:34:58,484 - SUCCESS - 已下載、去重並合併資料完成現有資料 239650 條，新資料 20 條。
2025-10-09 02:35:12,988 - SUCCESS - 已下載 '糧價查詢' 的原始 JSON 資料路徑: 'c:\Python\data_moa_gov_tw\raw_data\糧價查詢\糧價查詢.json'
2025-10-09 02:35:12,988 - SUCCESS - 已下載 '糧價查詢' 的原始 JSON 資料路徑: 'c:\Python\data_moa_gov_tw\raw_data\糧價查詢\糧價查詢.json'
2025-10-09 02:35:12,993 - SUCCESS - 插入或更新 '糧價查詢' 的 Metadata 成功。
2025-10-09 02:35:12,993 - SUCCESS - 插入或更新 '糧價查詢' 的 Metadata 成功。
2025-10-09 02:35:28,061 - SUCCESS - 成功提取 '臺灣地區果品生產概況' 的網頁 Metadata。
2025-10-09 02:35:28,061 - SUCCESS - 成功提取 '臺灣地區果品生產概況' 的網頁 Metadata。
2025-10-09 02:35:29,218 - SUCCESS - 成功提取 '臺灣地區特用作物生產概況' 的網頁 Metadata。
2025-10-09 02:35:29,218 - SUCCESS - 成功提取 '臺灣地區特用作物生產概況' 的網頁 Metadata。
2025-10-09 02:35:30,370 - SUCCESS - 成功提取 '臺灣地區稻作種植、收穫面積及產量' 的網頁 Metadata。
2025-10-09 02:35:30,370 - SUCCESS - 成功提取 '臺灣地區稻作種植、收穫面積及產量' 的網頁 Metadata。
2025-10-09 02:35:31,521 - SUCCESS - 成功提取 '臺灣地區稻米生產價值' 的網頁 Metadata。
2025-10-09 02:35:31,521 - SUCCESS - 成功提取 '臺灣地區稻米生產價值' 的網頁 Metadata。
2025-10-09 02:35:32,700 - SUCCESS - 成功提取 '臺灣地區蔬菜生產概況' 的網頁 Metadata。
2025-10-09 02:35:32,700 - SUCCESS - 成功提取 '臺灣地區蔬菜生產概況' 的網頁 Metadata。
2025-10-09 02:35:33,852 - SUCCESS - 成功提取 '臺灣地區農產品生產量值' 的網頁 Metadata。
2025-10-09 02:35:33,852 - SUCCESS - 成功提取 '臺灣地區農產品生產量值' 的網頁 Metadata。
2025-10-09 02:35:35,041 - SUCCESS - 成功提取 '農情調查' 的網頁 Metadata。
2025-10-09 02:35:35,041 - SUCCESS - 成功提取 '農情調查' 的網頁 Metadata。
2025-10-09 02:35:35,080 - SUCCESS - '農情調查' 的 Metadata 已更新到 metadata.json。
2025-10-09 02:35:35,080 - SUCCESS - '農情調查' 的 Metadata 已更新到 metadata.json。
2025-10-09 02:35:36,762 - SUCCESS - <農情調查>的資料已下載完成，共 9999 筆資料。
2025-10-09 02:35:36,762 - SUCCESS - <農情調查>的資料已下載完成，共 9999 筆資料。
2025-10-09 02:35:37,850 - SUCCESS - 已下載、去重並合併資料完成現有資料 45259 條，新資料 0 條。
2025-10-09 02:35:37,850 - SUCCESS - 已下載、去重並合併資料完成現有資料 45259 條，新資料 0 條。
2025-10-09 02:35:38,154 - SUCCESS - 插入或更新 '農情調查' 的 Metadata 成功。
2025-10-09 02:35:38,154 - SUCCESS - 插入或更新 '農情調查' 的 Metadata 成功。
2025-10-09 02:35:38,168 - SUCCESS - '農情調查' 的自動更新完成。
2025-10-09 02:35:38,168 - SUCCESS - '農情調查' 的自動更新完成。
2025-10-09 02:35:39,391 - SUCCESS - 成功提取 '農產品交易行情' 的網頁 Metadata。
2025-10-09 02:35:39,391 - SUCCESS - 成功提取 '農產品交易行情' 的網頁 Metadata。
2025-10-09 02:35:39,435 - SUCCESS - '農產品交易行情' 的 Metadata 已更新到 metadata.json。
2025-10-09 02:35:39,435 - SUCCESS - '農產品交易行情' 的 Metadata 已更新到 metadata.json。
2025-10-09 02:35:48,009 - SUCCESS - <農產品交易行情>的資料已下載完成，共 4174 筆資料。
2025-10-09 02:35:48,009 - SUCCESS - <農產品交易行情>的資料已下載完成，共 4174 筆資料。
2025-10-09 02:37:09,248 - SUCCESS - 成功提取 '全國單日平均糧價' 的網頁 Metadata。
2025-10-09 02:37:09,248 - SUCCESS - 成功提取 '全國單日平均糧價' 的網頁 Metadata。
2025-10-09 02:37:10,405 - SUCCESS - 成功提取 '各觀測站近兩年降雨量' 的網頁 Metadata。
2025-10-09 02:37:10,405 - SUCCESS - 成功提取 '各觀測站近兩年降雨量' 的網頁 Metadata。
2025-10-09 02:37:11,570 - SUCCESS - 成功提取 '產銷履歷與有機蔬果行情' 的網頁 Metadata。
2025-10-09 02:37:11,570 - SUCCESS - 成功提取 '產銷履歷與有機蔬果行情' 的網頁 Metadata。
2025-10-09 02:37:12,696 - SUCCESS - 成功提取 '糧價查詢' 的網頁 Metadata。
2025-10-09 02:37:12,696 - SUCCESS - 成功提取 '糧價查詢' 的網頁 Metadata。
2025-10-09 02:37:13,890 - SUCCESS - 成功提取 '臺灣地區果品生產概況' 的網頁 Metadata。
2025-10-09 02:37:13,890 - SUCCESS - 成功提取 '臺灣地區果品生產概況' 的網頁 Metadata。
2025-10-09 02:37:15,055 - SUCCESS - 成功提取 '臺灣地區特用作物生產概況' 的網頁 Metadata。
2025-10-09 02:37:15,055 - SUCCESS - 成功提取 '臺灣地區特用作物生產概況' 的網頁 Metadata。
2025-10-09 02:37:16,210 - SUCCESS - 成功提取 '臺灣地區稻作種植、收穫面積及產量' 的網頁 Metadata。
2025-10-09 02:37:16,210 - SUCCESS - 成功提取 '臺灣地區稻作種植、收穫面積及產量' 的網頁 Metadata。
2025-10-09 02:37:17,361 - SUCCESS - 成功提取 '臺灣地區稻米生產價值' 的網頁 Metadata。
2025-10-09 02:37:17,361 - SUCCESS - 成功提取 '臺灣地區稻米生產價值' 的網頁 Metadata。
2025-10-09 02:37:18,470 - SUCCESS - 成功提取 '臺灣地區蔬菜生產概況' 的網頁 Metadata。
2025-10-09 02:37:18,470 - SUCCESS - 成功提取 '臺灣地區蔬菜生產概況' 的網頁 Metadata。
2025-10-09 02:37:19,640 - SUCCESS - 成功提取 '臺灣地區農產品生產量值' 的網頁 Metadata。
2025-10-09 02:37:19,640 - SUCCESS - 成功提取 '臺灣地區農產品生產量值' 的網頁 Metadata。
2025-10-09 02:37:20,812 - SUCCESS - 成功提取 '農情調查' 的網頁 Metadata。
2025-10-09 02:37:20,812 - SUCCESS - 成功提取 '農情調查' 的網頁 Metadata。
2025-10-09 02:37:21,966 - SUCCESS - 成功提取 '農產品交易行情' 的網頁 Metadata。
2025-10-09 02:37:21,966 - SUCCESS - 成功提取 '農產品交易行情' 的網頁 Metadata。
2025-10-09 02:37:21,996 - SUCCESS - '農產品交易行情' 的 Metadata 已更新到 metadata.json。
2025-10-09 02:37:21,996 - SUCCESS - '農產品交易行情' 的 Metadata 已更新到 metadata.json。
2025-10-09 02:37:34,592 - SUCCESS - <農產品交易行情>的資料已下載完成，共 4174 筆資料。
2025-10-09 02:37:34,592 - SUCCESS - <農產品交易行情>的資料已下載完成，共 4174 筆資料。
2025-10-09 02:37:49,844 - SUCCESS - 已下載、去重並合併資料完成現有資料 325753 條，新資料 1670 條。
2025-10-09 02:37:49,844 - SUCCESS - 已下載、去重並合併資料完成現有資料 325753 條，新資料 1670 條。
2025-10-09 02:37:51,767 - SUCCESS - 已下載 '農產品交易行情' 的原始 JSON 資料路徑: 'c:\Python\data_moa_gov_tw\raw_data\農產品交易行情\農產品交易行情.json'
2025-10-09 02:37:51,767 - SUCCESS - 已下載 '農產品交易行情' 的原始 JSON 資料路徑: 'c:\Python\data_moa_gov_tw\raw_data\農產品交易行情\農產品交易行情.json'
2025-10-09 02:37:51,780 - SUCCESS - 插入或更新 '農產品交易行情' 的 Metadata 成功。
2025-10-09 02:37:51,780 - SUCCESS - 插入或更新 '農產品交易行情' 的 Metadata 成功。
2025-10-09 02:37:53,447 - SUCCESS - 已成功批量插入 '農產品交易行情' 的總計 1670 條記錄到表格 '1040012' 。
2025-10-09 02:37:53,447 - SUCCESS - 已成功批量插入 '農產品交易行情' 的總計 1670 條記錄到表格 '1040012' 。
2025-10-09 02:37:53,589 - SUCCESS - '農產品交易行情' 的自動更新完成。
2025-10-09 02:37:53,589 - SUCCESS - '農產品交易行情' 的自動更新完成。
2025-10-09 02:37:54,926 - SUCCESS - 成功提取 '農產品產地價格(月平均價格)' 的網頁 Metadata。
2025-10-09 02:37:54,926 - SUCCESS - 成功提取 '農產品產地價格(月平均價格)' 的網頁 Metadata。
2025-10-09 02:37:54,975 - SUCCESS - '農產品產地價格(月平均價格)' 的 Metadata 已更新到 metadata.json。
2025-10-09 02:37:54,975 - SUCCESS - '農產品產地價格(月平均價格)' 的 Metadata 已更新到 metadata.json。
2025-10-09 02:37:55,509 - SUCCESS - <農產品產地價格(月平均價格)>的資料已下載完成，共 4193 筆資料。
2025-10-09 02:37:55,509 - SUCCESS - <農產品產地價格(月平均價格)>的資料已下載完成，共 4193 筆資料。
2025-10-09 02:37:55,795 - SUCCESS - 已下載、去重並合併資料完成現有資料 4544 條，新資料 87 條。
2025-10-09 02:37:55,795 - SUCCESS - 已下載、去重並合併資料完成現有資料 4544 條，新資料 87 條。
2025-10-09 02:37:55,840 - SUCCESS - 已下載 '農產品產地價格(月平均價格)' 的原始 JSON 資料路徑: 'c:\Python\data_moa_gov_tw\raw_data\農產品產地價格(月平均價格)\農產品產地價格(月平均價格).json'
2025-10-09 02:37:55,840 - SUCCESS - 已下載 '農產品產地價格(月平均價格)' 的原始 JSON 資料路徑: 'c:\Python\data_moa_gov_tw\raw_data\農產品產地價格(月平均價格)\農產品產地價格(月平均價格).json'
2025-10-09 02:37:55,848 - SUCCESS - 插入或更新 '農產品產地價格(月平均價格)' 的 Metadata 成功。
2025-10-09 02:37:55,848 - SUCCESS - 插入或更新 '農產品產地價格(月平均價格)' 的 Metadata 成功。
2025-10-09 02:37:55,872 - SUCCESS - 已成功批量插入 '農產品產地價格(月平均價格)' 的總計 2 條記錄到表格 '1040013' 。
2025-10-09 02:37:55,872 - SUCCESS - 已成功批量插入 '農產品產地價格(月平均價格)' 的總計 2 條記錄到表格 '1040013' 。
2025-10-09 02:37:55,874 - SUCCESS - '農產品產地價格(月平均價格)' 的自動更新完成。
2025-10-09 02:37:55,874 - SUCCESS - '農產品產地價格(月平均價格)' 的自動更新完成。
2025-10-09 02:37:56,991 - SUCCESS - 成功提取 '農產品產地價格資料' 的網頁 Metadata。
2025-10-09 02:37:56,991 - SUCCESS - 成功提取 '農產品產地價格資料' 的網頁 Metadata。
2025-10-09 02:37:57,028 - SUCCESS - '農產品產地價格資料' 的 Metadata 已更新到 metadata.json。
2025-10-09 02:37:57,028 - SUCCESS - '農產品產地價格資料' 的 Metadata 已更新到 metadata.json。
2025-10-09 02:37:57,548 - SUCCESS - <農產品產地價格資料>的資料已下載完成，共 9999 筆資料。
2025-10-09 02:37:57,548 - SUCCESS - <農產品產地價格資料>的資料已下載完成，共 9999 筆資料。
2025-10-09 02:38:49,840 - SUCCESS - 已下載、去重並合併資料完成現有資料 342089 條，新資料 19 條。
2025-10-09 02:38:49,840 - SUCCESS - 已下載、去重並合併資料完成現有資料 342089 條，新資料 19 條。
2025-10-09 02:38:51,942 - SUCCESS - 已下載 '農產品產地價格資料' 的原始 JSON 資料路徑: 'c:\Python\data_moa_gov_tw\raw_data\農產品產地價格資料\農產品產地價格資料.json'
2025-10-09 02:38:51,942 - SUCCESS - 已下載 '農產品產地價格資料' 的原始 JSON 資料路徑: 'c:\Python\data_moa_gov_tw\raw_data\農產品產地價格資料\農產品產地價格資料.json'
2025-10-09 02:38:51,947 - SUCCESS - 插入或更新 '農產品產地價格資料' 的 Metadata 成功。
2025-10-09 02:38:51,947 - SUCCESS - 插入或更新 '農產品產地價格資料' 的 Metadata 成功。
2025-10-09 02:38:51,967 - SUCCESS - 已成功批量插入 '農產品產地價格資料' 的總計 19 條記錄到表格 '1040014' 。
2025-10-09 02:38:51,967 - SUCCESS - 已成功批量插入 '農產品產地價格資料' 的總計 19 條記錄到表格 '1040014' 。
2025-10-09 02:38:52,048 - SUCCESS - '農產品產地價格資料' 的自動更新完成。
2025-10-09 02:38:52,048 - SUCCESS - '農產品產地價格資料' 的自動更新完成。
2025-10-09 02:38:53,227 - SUCCESS - 成功提取 '雜糧生產概況' 的網頁 Metadata。
2025-10-09 02:38:53,227 - SUCCESS - 成功提取 '雜糧生產概況' 的網頁 Metadata。
2025-10-09 02:38:54,232 - SUCCESS - 已成功儲存次要資訊。
2025-10-09 02:38:54,232 - SUCCESS - 已成功儲存次要資訊。
2025-10-09 02:38:54,232 - SUCCESS - 更新結果儲存成功:{'全國單日平均糧價': '未更新', '各觀測站近兩年降雨量': '未更新', '產銷履歷與有機蔬果行情': '未更新', '糧價查詢': '未更新', '臺灣地區果品生產概況': '未更新', '臺灣地區特用作物生產概況': '未更新', '臺灣地區稻作種植、收穫面積及產量': '未更新', '臺灣地區稻米生產價值': '未更新', '臺灣地區蔬菜生產概況': '未更新', '臺灣地區農產品生產量值': '未更新', '農情調查': '未更新', '農產品交易行情': '已更新', '農產品產地價格(月平均價格)': '已更新', '農產品產地價格資料': '已更新', '雜糧生產概況': '未更新'}
2025-10-09 02:38:54,232 - SUCCESS - 更新結果儲存成功:{'全國單日平均糧價': '未更新', '各觀測站近兩年降雨量': '未更新', '產銷履歷與有機蔬果行情': '未更新', '糧價查詢': '未更新', '臺灣地區果品生產概況': '未更新', '臺灣地區特用作物生產概況': '未更新', '臺灣地區稻作種植、收穫面積及產量': '未更新', '臺灣地區稻米生產價值': '未更新', '臺灣地區蔬菜生產概況': '未更新', '臺灣地區農產品生產量值': '未更新', '農情調查': '未更新', '農產品交易行情': '已更新', '農產品產地價格(月平均價格)': '已更新', '農產品產地價格資料': '已更新', '雜糧生產概況': '未更新'}
