2026-01-19 00:27:24,093 - SUCCESS - 成功提取 '全國單日平均糧價' 的網頁 Metadata。
2026-01-19 00:27:24,093 - SUCCESS - 成功提取 '全國單日平均糧價' 的網頁 Metadata。
2026-01-19 00:27:24,193 - SUCCESS - '全國單日平均糧價' 的 Metadata 已更新到 metadata.json。
2026-01-19 00:27:24,193 - SUCCESS - '全國單日平均糧價' 的 Metadata 已更新到 metadata.json。
2026-01-19 00:27:26,158 - SUCCESS - <全國單日平均糧價>的資料已下載完成，共 9168 筆資料。
2026-01-19 00:27:26,158 - SUCCESS - <全國單日平均糧價>的資料已下載完成，共 9168 筆資料。
2026-01-19 00:27:27,817 - SUCCESS - 已下載、去重並合併資料完成現有資料 9168 條，新資料 1 條。
2026-01-19 00:27:27,817 - SUCCESS - 已下載、去重並合併資料完成現有資料 9168 條，新資料 1 條。
2026-01-19 00:27:27,919 - SUCCESS - 已下載 '全國單日平均糧價' 的原始 JSON 資料路徑: 'C:\Python\data_moa_gov_tw\raw_data\全國單日平均糧價\全國單日平均糧價.json'
2026-01-19 00:27:27,919 - SUCCESS - 已下載 '全國單日平均糧價' 的原始 JSON 資料路徑: 'C:\Python\data_moa_gov_tw\raw_data\全國單日平均糧價\全國單日平均糧價.json'
2026-01-19 00:27:27,953 - SUCCESS - 插入或更新 '全國單日平均糧價' 的 Metadata 成功。
2026-01-19 00:27:27,953 - SUCCESS - 插入或更新 '全國單日平均糧價' 的 Metadata 成功。
2026-01-19 00:27:27,961 - SUCCESS - 已成功批量插入 '全國單日平均糧價' 的總計 1 條記錄到表格 '1040001' 。
2026-01-19 00:27:27,961 - SUCCESS - 已成功批量插入 '全國單日平均糧價' 的總計 1 條記錄到表格 '1040001' 。
2026-01-19 00:27:27,967 - SUCCESS - '全國單日平均糧價' 的自動更新完成。
2026-01-19 00:27:27,967 - SUCCESS - '全國單日平均糧價' 的自動更新完成。
2026-01-19 00:27:30,050 - SUCCESS - 成功提取 '各觀測站近兩年降雨量' 的網頁 Metadata。
2026-01-19 00:27:30,050 - SUCCESS - 成功提取 '各觀測站近兩年降雨量' 的網頁 Metadata。
2026-01-19 00:27:32,199 - SUCCESS - 成功提取 '產銷履歷與有機蔬果行情' 的網頁 Metadata。
2026-01-19 00:27:32,199 - SUCCESS - 成功提取 '產銷履歷與有機蔬果行情' 的網頁 Metadata。
2026-01-19 00:27:32,296 - SUCCESS - '產銷履歷與有機蔬果行情' 的 Metadata 已更新到 metadata.json。
2026-01-19 00:27:32,296 - SUCCESS - '產銷履歷與有機蔬果行情' 的 Metadata 已更新到 metadata.json。
2026-01-19 00:27:35,818 - SUCCESS - <產銷履歷與有機蔬果行情>的資料已下載完成，共 4680 筆資料。
2026-01-19 00:27:35,818 - SUCCESS - <產銷履歷與有機蔬果行情>的資料已下載完成，共 4680 筆資料。
2026-01-19 00:28:01,771 - SUCCESS - 已下載、去重並合併資料完成現有資料 343656 條，新資料 2280 條。
2026-01-19 00:28:01,771 - SUCCESS - 已下載、去重並合併資料完成現有資料 343656 條，新資料 2280 條。
2026-01-19 00:28:03,598 - SUCCESS - 已下載 '產銷履歷與有機蔬果行情' 的原始 JSON 資料路徑: 'C:\Python\data_moa_gov_tw\raw_data\產銷履歷與有機蔬果行情\產銷履歷與有機蔬果行情.json'
2026-01-19 00:28:03,598 - SUCCESS - 已下載 '產銷履歷與有機蔬果行情' 的原始 JSON 資料路徑: 'C:\Python\data_moa_gov_tw\raw_data\產銷履歷與有機蔬果行情\產銷履歷與有機蔬果行情.json'
2026-01-19 00:28:03,603 - SUCCESS - 插入或更新 '產銷履歷與有機蔬果行情' 的 Metadata 成功。
2026-01-19 00:28:03,603 - SUCCESS - 插入或更新 '產銷履歷與有機蔬果行情' 的 Metadata 成功。
2026-01-19 00:28:04,571 - SUCCESS - 已成功批量插入 '產銷履歷與有機蔬果行情' 的總計 2280 條記錄到表格 '1040003' 。
2026-01-19 00:28:04,571 - SUCCESS - 已成功批量插入 '產銷履歷與有機蔬果行情' 的總計 2280 條記錄到表格 '1040003' 。
2026-01-19 00:28:04,667 - SUCCESS - '產銷履歷與有機蔬果行情' 的自動更新完成。
2026-01-19 00:28:04,667 - SUCCESS - '產銷履歷與有機蔬果行情' 的自動更新完成。
2026-01-19 00:28:08,314 - SUCCESS - 成功提取 '糧價查詢' 的網頁 Metadata。
2026-01-19 00:28:08,314 - SUCCESS - 成功提取 '糧價查詢' 的網頁 Metadata。
2026-01-19 00:28:08,348 - SUCCESS - '糧價查詢' 的 Metadata 已更新到 metadata.json。
2026-01-19 00:28:08,348 - SUCCESS - '糧價查詢' 的 Metadata 已更新到 metadata.json。
2026-01-19 00:28:15,512 - SUCCESS - <糧價查詢>的資料已下載完成，共 9999 筆資料。
2026-01-19 00:28:15,512 - SUCCESS - <糧價查詢>的資料已下載完成，共 9999 筆資料。
2026-01-19 00:28:16,380 - SUCCESS - 已下載、去重並合併資料完成現有資料 11135 條，新資料 40 條。
2026-01-19 00:28:16,380 - SUCCESS - 已下載、去重並合併資料完成現有資料 11135 條，新資料 40 條。
2026-01-19 00:28:17,204 - SUCCESS - 已下載 '糧價查詢' 的原始 JSON 資料路徑: 'C:\Python\data_moa_gov_tw\raw_data\糧價查詢\糧價查詢.json'
2026-01-19 00:28:17,204 - SUCCESS - 已下載 '糧價查詢' 的原始 JSON 資料路徑: 'C:\Python\data_moa_gov_tw\raw_data\糧價查詢\糧價查詢.json'
2026-01-19 00:28:17,210 - SUCCESS - 插入或更新 '糧價查詢' 的 Metadata 成功。
2026-01-19 00:28:17,210 - SUCCESS - 插入或更新 '糧價查詢' 的 Metadata 成功。
2026-01-19 00:28:17,243 - SUCCESS - 已成功批量插入 '糧價查詢' 的總計 40 條記錄到表格 '1040004' 。
2026-01-19 00:28:17,243 - SUCCESS - 已成功批量插入 '糧價查詢' 的總計 40 條記錄到表格 '1040004' 。
2026-01-19 00:28:17,250 - SUCCESS - '糧價查詢' 的自動更新完成。
2026-01-19 00:28:17,250 - SUCCESS - '糧價查詢' 的自動更新完成。
2026-01-19 00:28:21,034 - SUCCESS - 成功提取 '臺灣地區果品生產概況' 的網頁 Metadata。
2026-01-19 00:28:21,034 - SUCCESS - 成功提取 '臺灣地區果品生產概況' 的網頁 Metadata。
2026-01-19 00:28:24,832 - SUCCESS - 成功提取 '臺灣地區特用作物生產概況' 的網頁 Metadata。
2026-01-19 00:28:24,832 - SUCCESS - 成功提取 '臺灣地區特用作物生產概況' 的網頁 Metadata。
2026-01-19 00:28:26,698 - SUCCESS - 成功提取 '臺灣地區稻作種植、收穫面積及產量' 的網頁 Metadata。
2026-01-19 00:28:26,698 - SUCCESS - 成功提取 '臺灣地區稻作種植、收穫面積及產量' 的網頁 Metadata。
2026-01-19 00:28:28,338 - SUCCESS - 成功提取 '臺灣地區稻米生產價值' 的網頁 Metadata。
2026-01-19 00:28:28,338 - SUCCESS - 成功提取 '臺灣地區稻米生產價值' 的網頁 Metadata。
2026-01-19 00:28:32,378 - SUCCESS - 成功提取 '臺灣地區蔬菜生產概況' 的網頁 Metadata。
2026-01-19 00:28:32,378 - SUCCESS - 成功提取 '臺灣地區蔬菜生產概況' 的網頁 Metadata。
2026-01-19 00:28:34,938 - SUCCESS - 成功提取 '臺灣地區農產品生產量值' 的網頁 Metadata。
2026-01-19 00:28:34,938 - SUCCESS - 成功提取 '臺灣地區農產品生產量值' 的網頁 Metadata。
2026-01-19 00:28:37,384 - SUCCESS - 成功提取 '農情調查' 的網頁 Metadata。
2026-01-19 00:28:37,384 - SUCCESS - 成功提取 '農情調查' 的網頁 Metadata。
2026-01-19 00:28:37,434 - SUCCESS - '農情調查' 的 Metadata 已更新到 metadata.json。
2026-01-19 00:28:37,434 - SUCCESS - '農情調查' 的 Metadata 已更新到 metadata.json。
2026-01-19 00:28:43,386 - SUCCESS - <農情調查>的資料已下載完成，共 9999 筆資料。
2026-01-19 00:28:43,386 - SUCCESS - <農情調查>的資料已下載完成，共 9999 筆資料。
2026-01-19 00:28:44,454 - SUCCESS - 已下載、去重並合併資料完成現有資料 45259 條，新資料 0 條。
2026-01-19 00:28:44,454 - SUCCESS - 已下載、去重並合併資料完成現有資料 45259 條，新資料 0 條。
2026-01-19 00:28:44,789 - SUCCESS - 插入或更新 '農情調查' 的 Metadata 成功。
2026-01-19 00:28:44,789 - SUCCESS - 插入或更新 '農情調查' 的 Metadata 成功。
2026-01-19 00:28:44,804 - SUCCESS - '農情調查' 的自動更新完成。
2026-01-19 00:28:44,804 - SUCCESS - '農情調查' 的自動更新完成。
2026-01-19 00:28:47,883 - SUCCESS - 成功提取 '農產品交易行情' 的網頁 Metadata。
2026-01-19 00:28:47,883 - SUCCESS - 成功提取 '農產品交易行情' 的網頁 Metadata。
2026-01-19 00:28:47,936 - SUCCESS - '農產品交易行情' 的 Metadata 已更新到 metadata.json。
2026-01-19 00:28:47,936 - SUCCESS - '農產品交易行情' 的 Metadata 已更新到 metadata.json。
2026-01-19 00:28:57,916 - SUCCESS - <農產品交易行情>的資料已下載完成，共 9689 筆資料。
2026-01-19 00:28:57,916 - SUCCESS - <農產品交易行情>的資料已下載完成，共 9689 筆資料。
2026-01-19 00:29:29,428 - SUCCESS - 已下載、去重並合併資料完成現有資料 624727 條，新資料 3434 條。
2026-01-19 00:29:29,428 - SUCCESS - 已下載、去重並合併資料完成現有資料 624727 條，新資料 3434 條。
2026-01-19 00:29:32,724 - SUCCESS - 已下載 '農產品交易行情' 的原始 JSON 資料路徑: 'C:\Python\data_moa_gov_tw\raw_data\農產品交易行情\農產品交易行情.json'
2026-01-19 00:29:32,724 - SUCCESS - 已下載 '農產品交易行情' 的原始 JSON 資料路徑: 'C:\Python\data_moa_gov_tw\raw_data\農產品交易行情\農產品交易行情.json'
2026-01-19 00:29:32,743 - SUCCESS - 插入或更新 '農產品交易行情' 的 Metadata 成功。
2026-01-19 00:29:32,743 - SUCCESS - 插入或更新 '農產品交易行情' 的 Metadata 成功。
2026-01-19 00:29:34,952 - SUCCESS - 已成功批量插入 '農產品交易行情' 的總計 3433 條記錄到表格 '1040012' 。
2026-01-19 00:29:34,952 - SUCCESS - 已成功批量插入 '農產品交易行情' 的總計 3433 條記錄到表格 '1040012' 。
2026-01-19 00:29:35,213 - SUCCESS - '農產品交易行情' 的自動更新完成。
2026-01-19 00:29:35,213 - SUCCESS - '農產品交易行情' 的自動更新完成。
2026-01-19 00:29:37,863 - SUCCESS - 成功提取 '農產品產地價格(月平均價格)' 的網頁 Metadata。
2026-01-19 00:29:37,863 - SUCCESS - 成功提取 '農產品產地價格(月平均價格)' 的網頁 Metadata。
2026-01-19 00:29:39,746 - SUCCESS - 成功提取 '農產品產地價格資料' 的網頁 Metadata。
2026-01-19 00:29:39,746 - SUCCESS - 成功提取 '農產品產地價格資料' 的網頁 Metadata。
2026-01-19 00:29:39,795 - SUCCESS - '農產品產地價格資料' 的 Metadata 已更新到 metadata.json。
2026-01-19 00:29:39,795 - SUCCESS - '農產品產地價格資料' 的 Metadata 已更新到 metadata.json。
2026-01-19 00:29:41,242 - SUCCESS - <農產品產地價格資料>的資料已下載完成，共 9999 筆資料。
2026-01-19 00:29:41,242 - SUCCESS - <農產品產地價格資料>的資料已下載完成，共 9999 筆資料。
2026-01-19 00:30:25,167 - SUCCESS - 已下載、去重並合併資料完成現有資料 350332 條，新資料 0 條。
2026-01-19 00:30:25,167 - SUCCESS - 已下載、去重並合併資料完成現有資料 350332 條，新資料 0 條。
2026-01-19 00:30:27,225 - SUCCESS - 插入或更新 '農產品產地價格資料' 的 Metadata 成功。
2026-01-19 00:30:27,225 - SUCCESS - 插入或更新 '農產品產地價格資料' 的 Metadata 成功。
2026-01-19 00:30:27,306 - SUCCESS - '農產品產地價格資料' 的自動更新完成。
2026-01-19 00:30:27,306 - SUCCESS - '農產品產地價格資料' 的自動更新完成。
2026-01-19 00:30:28,937 - SUCCESS - 成功提取 '雜糧生產概況' 的網頁 Metadata。
2026-01-19 00:30:28,937 - SUCCESS - 成功提取 '雜糧生產概況' 的網頁 Metadata。
2026-01-19 00:30:29,945 - SUCCESS - 已成功儲存次要資訊。
2026-01-19 00:30:29,945 - SUCCESS - 已成功儲存次要資訊。
2026-01-19 00:30:29,946 - SUCCESS - 更新結果儲存成功:{'全國單日平均糧價': '已更新', '各觀測站近兩年降雨量': '未更新', '產銷履歷與有機蔬果行情': '已更新', '糧價查詢': '已更新', '臺灣地區果品生產概況': '未更新', '臺灣地區特用作物生產概況': '未更新', '臺灣地區稻作種植、收穫面積及產量': '未更新', '臺灣地區稻米生產價值': '未更新', '臺灣地區蔬菜生產概況': '未更新', '臺灣地區農產品生產量值': '未更新', '農情調查': '已更新', '農產品交易行情': '已更新', '農產品產地價格(月平均價格)': '未更新', '農產品產地價格資料': '已更新', '雜糧生產概況': '未更新'}
2026-01-19 00:30:29,946 - SUCCESS - 更新結果儲存成功:{'全國單日平均糧價': '已更新', '各觀測站近兩年降雨量': '未更新', '產銷履歷與有機蔬果行情': '已更新', '糧價查詢': '已更新', '臺灣地區果品生產概況': '未更新', '臺灣地區特用作物生產概況': '未更新', '臺灣地區稻作種植、收穫面積及產量': '未更新', '臺灣地區稻米生產價值': '未更新', '臺灣地區蔬菜生產概況': '未更新', '臺灣地區農產品生產量值': '未更新', '農情調查': '已更新', '農產品交易行情': '已更新', '農產品產地價格(月平均價格)': '未更新', '農產品產地價格資料': '已更新', '雜糧生產概況': '未更新'}
2026-01-19 23:58:41,818 - SUCCESS - 成功提取 '全國單日平均糧價' 的網頁 Metadata。
2026-01-19 23:58:41,818 - SUCCESS - 成功提取 '全國單日平均糧價' 的網頁 Metadata。
2026-01-19 23:58:41,951 - SUCCESS - '全國單日平均糧價' 的 Metadata 已更新到 metadata.json。
2026-01-19 23:58:41,951 - SUCCESS - '全國單日平均糧價' 的 Metadata 已更新到 metadata.json。
2026-01-19 23:58:43,645 - SUCCESS - <全國單日平均糧價>的資料已下載完成，共 9170 筆資料。
2026-01-19 23:58:43,645 - SUCCESS - <全國單日平均糧價>的資料已下載完成，共 9170 筆資料。
2026-01-19 23:58:44,939 - SUCCESS - 已下載、去重並合併資料完成現有資料 9170 條，新資料 2 條。
2026-01-19 23:58:44,939 - SUCCESS - 已下載、去重並合併資料完成現有資料 9170 條，新資料 2 條。
2026-01-19 23:58:45,014 - SUCCESS - 已下載 '全國單日平均糧價' 的原始 JSON 資料路徑: 'C:\Python\data_moa_gov_tw\raw_data\全國單日平均糧價\全國單日平均糧價.json'
2026-01-19 23:58:45,014 - SUCCESS - 已下載 '全國單日平均糧價' 的原始 JSON 資料路徑: 'C:\Python\data_moa_gov_tw\raw_data\全國單日平均糧價\全國單日平均糧價.json'
2026-01-19 23:58:45,059 - SUCCESS - 插入或更新 '全國單日平均糧價' 的 Metadata 成功。
2026-01-19 23:58:45,059 - SUCCESS - 插入或更新 '全國單日平均糧價' 的 Metadata 成功。
2026-01-19 23:58:45,084 - SUCCESS - 已成功批量插入 '全國單日平均糧價' 的總計 2 條記錄到表格 '1040001' 。
2026-01-19 23:58:45,084 - SUCCESS - 已成功批量插入 '全國單日平均糧價' 的總計 2 條記錄到表格 '1040001' 。
2026-01-19 23:58:45,096 - SUCCESS - '全國單日平均糧價' 的自動更新完成。
2026-01-19 23:58:45,096 - SUCCESS - '全國單日平均糧價' 的自動更新完成。
2026-01-19 23:58:46,845 - SUCCESS - 成功提取 '各觀測站近兩年降雨量' 的網頁 Metadata。
2026-01-19 23:58:46,845 - SUCCESS - 成功提取 '各觀測站近兩年降雨量' 的網頁 Metadata。
2026-01-19 23:58:49,062 - SUCCESS - 成功提取 '產銷履歷與有機蔬果行情' 的網頁 Metadata。
2026-01-19 23:58:49,062 - SUCCESS - 成功提取 '產銷履歷與有機蔬果行情' 的網頁 Metadata。
2026-01-19 23:58:49,123 - SUCCESS - '產銷履歷與有機蔬果行情' 的 Metadata 已更新到 metadata.json。
2026-01-19 23:58:49,123 - SUCCESS - '產銷履歷與有機蔬果行情' 的 Metadata 已更新到 metadata.json。
2026-01-19 23:58:55,363 - SUCCESS - <產銷履歷與有機蔬果行情>的資料已下載完成，共 2375 筆資料。
2026-01-19 23:58:55,363 - SUCCESS - <產銷履歷與有機蔬果行情>的資料已下載完成，共 2375 筆資料。
2026-01-19 23:59:19,104 - SUCCESS - 已下載、去重並合併資料完成現有資料 343751 條，新資料 95 條。
2026-01-19 23:59:19,104 - SUCCESS - 已下載、去重並合併資料完成現有資料 343751 條，新資料 95 條。
2026-01-19 23:59:20,813 - SUCCESS - 已下載 '產銷履歷與有機蔬果行情' 的原始 JSON 資料路徑: 'C:\Python\data_moa_gov_tw\raw_data\產銷履歷與有機蔬果行情\產銷履歷與有機蔬果行情.json'
2026-01-19 23:59:20,813 - SUCCESS - 已下載 '產銷履歷與有機蔬果行情' 的原始 JSON 資料路徑: 'C:\Python\data_moa_gov_tw\raw_data\產銷履歷與有機蔬果行情\產銷履歷與有機蔬果行情.json'
2026-01-19 23:59:20,819 - SUCCESS - 插入或更新 '產銷履歷與有機蔬果行情' 的 Metadata 成功。
2026-01-19 23:59:20,819 - SUCCESS - 插入或更新 '產銷履歷與有機蔬果行情' 的 Metadata 成功。
2026-01-19 23:59:20,880 - SUCCESS - 已成功批量插入 '產銷履歷與有機蔬果行情' 的總計 95 條記錄到表格 '1040003' 。
2026-01-19 23:59:20,880 - SUCCESS - 已成功批量插入 '產銷履歷與有機蔬果行情' 的總計 95 條記錄到表格 '1040003' 。
2026-01-19 23:59:20,973 - SUCCESS - '產銷履歷與有機蔬果行情' 的自動更新完成。
2026-01-19 23:59:20,973 - SUCCESS - '產銷履歷與有機蔬果行情' 的自動更新完成。
2026-01-19 23:59:23,407 - SUCCESS - 成功提取 '糧價查詢' 的網頁 Metadata。
2026-01-19 23:59:23,407 - SUCCESS - 成功提取 '糧價查詢' 的網頁 Metadata。
2026-01-19 23:59:23,437 - SUCCESS - '糧價查詢' 的 Metadata 已更新到 metadata.json。
2026-01-19 23:59:23,437 - SUCCESS - '糧價查詢' 的 Metadata 已更新到 metadata.json。
2026-01-19 23:59:26,123 - SUCCESS - <糧價查詢>的資料已下載完成，共 9999 筆資料。
2026-01-19 23:59:26,123 - SUCCESS - <糧價查詢>的資料已下載完成，共 9999 筆資料。
2026-01-19 23:59:26,898 - SUCCESS - 已下載、去重並合併資料完成現有資料 11175 條，新資料 40 條。
2026-01-19 23:59:26,898 - SUCCESS - 已下載、去重並合併資料完成現有資料 11175 條，新資料 40 條。
2026-01-19 23:59:27,670 - SUCCESS - 已下載 '糧價查詢' 的原始 JSON 資料路徑: 'C:\Python\data_moa_gov_tw\raw_data\糧價查詢\糧價查詢.json'
2026-01-19 23:59:27,670 - SUCCESS - 已下載 '糧價查詢' 的原始 JSON 資料路徑: 'C:\Python\data_moa_gov_tw\raw_data\糧價查詢\糧價查詢.json'
2026-01-19 23:59:27,677 - SUCCESS - 插入或更新 '糧價查詢' 的 Metadata 成功。
2026-01-19 23:59:27,677 - SUCCESS - 插入或更新 '糧價查詢' 的 Metadata 成功。
2026-01-19 23:59:27,701 - SUCCESS - 已成功批量插入 '糧價查詢' 的總計 40 條記錄到表格 '1040004' 。
2026-01-19 23:59:27,701 - SUCCESS - 已成功批量插入 '糧價查詢' 的總計 40 條記錄到表格 '1040004' 。
2026-01-19 23:59:27,711 - SUCCESS - '糧價查詢' 的自動更新完成。
2026-01-19 23:59:27,711 - SUCCESS - '糧價查詢' 的自動更新完成。
2026-01-19 23:59:30,408 - SUCCESS - 成功提取 '臺灣地區果品生產概況' 的網頁 Metadata。
2026-01-19 23:59:30,408 - SUCCESS - 成功提取 '臺灣地區果品生產概況' 的網頁 Metadata。
2026-01-19 23:59:32,736 - SUCCESS - 成功提取 '臺灣地區特用作物生產概況' 的網頁 Metadata。
2026-01-19 23:59:32,736 - SUCCESS - 成功提取 '臺灣地區特用作物生產概況' 的網頁 Metadata。
2026-01-19 23:59:34,253 - SUCCESS - 成功提取 '臺灣地區稻作種植、收穫面積及產量' 的網頁 Metadata。
2026-01-19 23:59:34,253 - SUCCESS - 成功提取 '臺灣地區稻作種植、收穫面積及產量' 的網頁 Metadata。
2026-01-19 23:59:35,981 - SUCCESS - 成功提取 '臺灣地區稻米生產價值' 的網頁 Metadata。
2026-01-19 23:59:35,981 - SUCCESS - 成功提取 '臺灣地區稻米生產價值' 的網頁 Metadata。
2026-01-19 23:59:38,687 - SUCCESS - 成功提取 '臺灣地區蔬菜生產概況' 的網頁 Metadata。
2026-01-19 23:59:38,687 - SUCCESS - 成功提取 '臺灣地區蔬菜生產概況' 的網頁 Metadata。
2026-01-19 23:59:40,083 - SUCCESS - 成功提取 '臺灣地區農產品生產量值' 的網頁 Metadata。
2026-01-19 23:59:40,083 - SUCCESS - 成功提取 '臺灣地區農產品生產量值' 的網頁 Metadata。
2026-01-19 23:59:41,584 - SUCCESS - 成功提取 '農情調查' 的網頁 Metadata。
2026-01-19 23:59:41,584 - SUCCESS - 成功提取 '農情調查' 的網頁 Metadata。
2026-01-19 23:59:41,627 - SUCCESS - '農情調查' 的 Metadata 已更新到 metadata.json。
2026-01-19 23:59:41,627 - SUCCESS - '農情調查' 的 Metadata 已更新到 metadata.json。
2026-01-19 23:59:46,684 - SUCCESS - <農情調查>的資料已下載完成，共 9999 筆資料。
2026-01-19 23:59:46,684 - SUCCESS - <農情調查>的資料已下載完成，共 9999 筆資料。
2026-01-19 23:59:47,715 - SUCCESS - 已下載、去重並合併資料完成現有資料 45259 條，新資料 0 條。
2026-01-19 23:59:47,715 - SUCCESS - 已下載、去重並合併資料完成現有資料 45259 條，新資料 0 條。
2026-01-19 23:59:48,001 - SUCCESS - 插入或更新 '農情調查' 的 Metadata 成功。
2026-01-19 23:59:48,001 - SUCCESS - 插入或更新 '農情調查' 的 Metadata 成功。
2026-01-19 23:59:48,015 - SUCCESS - '農情調查' 的自動更新完成。
2026-01-19 23:59:48,015 - SUCCESS - '農情調查' 的自動更新完成。
2026-01-19 23:59:49,792 - SUCCESS - 成功提取 '農產品交易行情' 的網頁 Metadata。
2026-01-19 23:59:49,792 - SUCCESS - 成功提取 '農產品交易行情' 的網頁 Metadata。
2026-01-19 23:59:49,834 - SUCCESS - '農產品交易行情' 的 Metadata 已更新到 metadata.json。
2026-01-19 23:59:49,834 - SUCCESS - '農產品交易行情' 的 Metadata 已更新到 metadata.json。
2026-01-20 00:00:22,684 - SUCCESS - <農產品交易行情>的資料已下載完成，共 11045 筆資料。
2026-01-20 00:00:22,684 - SUCCESS - <農產品交易行情>的資料已下載完成，共 11045 筆資料。
2026-01-20 00:00:52,621 - SUCCESS - 已下載、去重並合併資料完成現有資料 626083 條，新資料 1356 條。
2026-01-20 00:00:52,621 - SUCCESS - 已下載、去重並合併資料完成現有資料 626083 條，新資料 1356 條。
2026-01-20 00:00:55,562 - SUCCESS - 已下載 '農產品交易行情' 的原始 JSON 資料路徑: 'C:\Python\data_moa_gov_tw\raw_data\農產品交易行情\農產品交易行情.json'
2026-01-20 00:00:55,562 - SUCCESS - 已下載 '農產品交易行情' 的原始 JSON 資料路徑: 'C:\Python\data_moa_gov_tw\raw_data\農產品交易行情\農產品交易行情.json'
2026-01-20 00:00:55,567 - SUCCESS - 插入或更新 '農產品交易行情' 的 Metadata 成功。
2026-01-20 00:00:55,567 - SUCCESS - 插入或更新 '農產品交易行情' 的 Metadata 成功。
2026-01-20 00:00:56,164 - SUCCESS - 已成功批量插入 '農產品交易行情' 的總計 1356 條記錄到表格 '1040012' 。
2026-01-20 00:00:56,164 - SUCCESS - 已成功批量插入 '農產品交易行情' 的總計 1356 條記錄到表格 '1040012' 。
2026-01-20 00:00:56,395 - SUCCESS - '農產品交易行情' 的自動更新完成。
2026-01-20 00:00:56,395 - SUCCESS - '農產品交易行情' 的自動更新完成。
2026-01-20 00:01:01,386 - SUCCESS - 成功提取 '農產品產地價格(月平均價格)' 的網頁 Metadata。
2026-01-20 00:01:01,386 - SUCCESS - 成功提取 '農產品產地價格(月平均價格)' 的網頁 Metadata。
2026-01-20 00:01:03,403 - SUCCESS - 成功提取 '農產品產地價格資料' 的網頁 Metadata。
2026-01-20 00:01:03,403 - SUCCESS - 成功提取 '農產品產地價格資料' 的網頁 Metadata。
2026-01-20 00:01:03,444 - SUCCESS - '農產品產地價格資料' 的 Metadata 已更新到 metadata.json。
2026-01-20 00:01:03,444 - SUCCESS - '農產品產地價格資料' 的 Metadata 已更新到 metadata.json。
2026-01-20 00:01:04,766 - SUCCESS - <農產品產地價格資料>的資料已下載完成，共 9999 筆資料。
2026-01-20 00:01:04,766 - SUCCESS - <農產品產地價格資料>的資料已下載完成，共 9999 筆資料。
2026-01-20 00:01:48,024 - SUCCESS - 已下載、去重並合併資料完成現有資料 350332 條，新資料 0 條。
2026-01-20 00:01:48,024 - SUCCESS - 已下載、去重並合併資料完成現有資料 350332 條，新資料 0 條。
2026-01-20 00:01:49,946 - SUCCESS - 插入或更新 '農產品產地價格資料' 的 Metadata 成功。
2026-01-20 00:01:49,946 - SUCCESS - 插入或更新 '農產品產地價格資料' 的 Metadata 成功。
2026-01-20 00:01:50,023 - SUCCESS - '農產品產地價格資料' 的自動更新完成。
2026-01-20 00:01:50,023 - SUCCESS - '農產品產地價格資料' 的自動更新完成。
2026-01-20 00:01:51,690 - SUCCESS - 成功提取 '雜糧生產概況' 的網頁 Metadata。
2026-01-20 00:01:51,690 - SUCCESS - 成功提取 '雜糧生產概況' 的網頁 Metadata。
2026-01-20 00:01:52,694 - SUCCESS - 已成功儲存次要資訊。
2026-01-20 00:01:52,694 - SUCCESS - 已成功儲存次要資訊。
2026-01-20 00:01:52,695 - SUCCESS - 更新結果儲存成功:{'全國單日平均糧價': '已更新', '各觀測站近兩年降雨量': '未更新', '產銷履歷與有機蔬果行情': '已更新', '糧價查詢': '已更新', '臺灣地區果品生產概況': '未更新', '臺灣地區特用作物生產概況': '未更新', '臺灣地區稻作種植、收穫面積及產量': '未更新', '臺灣地區稻米生產價值': '未更新', '臺灣地區蔬菜生產概況': '未更新', '臺灣地區農產品生產量值': '未更新', '農情調查': '已更新', '農產品交易行情': '已更新', '農產品產地價格(月平均價格)': '未更新', '農產品產地價格資料': '已更新', '雜糧生產概況': '未更新'}
2026-01-20 00:01:52,695 - SUCCESS - 更新結果儲存成功:{'全國單日平均糧價': '已更新', '各觀測站近兩年降雨量': '未更新', '產銷履歷與有機蔬果行情': '已更新', '糧價查詢': '已更新', '臺灣地區果品生產概況': '未更新', '臺灣地區特用作物生產概況': '未更新', '臺灣地區稻作種植、收穫面積及產量': '未更新', '臺灣地區稻米生產價值': '未更新', '臺灣地區蔬菜生產概況': '未更新', '臺灣地區農產品生產量值': '未更新', '農情調查': '已更新', '農產品交易行情': '已更新', '農產品產地價格(月平均價格)': '未更新', '農產品產地價格資料': '已更新', '雜糧生產概況': '未更新'}
