2026-02-26 01:36:31,195 - SUCCESS - 成功提取 '雜糧生產概況' 的網頁 Metadata。
2026-02-26 01:36:31,195 - SUCCESS - 成功提取 '雜糧生產概況' 的網頁 Metadata。
2026-02-26 01:36:32,921 - SUCCESS - 成功提取 '全國單日平均糧價' 的網頁 Metadata。
2026-02-26 01:36:32,921 - SUCCESS - 成功提取 '全國單日平均糧價' 的網頁 Metadata。
2026-02-26 01:36:33,067 - SUCCESS - '全國單日平均糧價' 的 Metadata 已更新到 metadata.json。
2026-02-26 01:36:33,067 - SUCCESS - '全國單日平均糧價' 的 Metadata 已更新到 metadata.json。
2026-02-26 01:36:34,953 - SUCCESS - <全國單日平均糧價>的資料已下載完成，共 9206 筆資料。
2026-02-26 01:36:34,953 - SUCCESS - <全國單日平均糧價>的資料已下載完成，共 9206 筆資料。
2026-02-26 01:36:35,306 - SUCCESS - 已下載、去重並合併資料完成現有資料 420 條，新資料 420 條。
2026-02-26 01:36:35,306 - SUCCESS - 已下載、去重並合併資料完成現有資料 420 條，新資料 420 條。
2026-02-26 01:36:35,518 - SUCCESS - 已下載 '全國單日平均糧價' 的原始 JSON 資料路徑: 'C:\Python\data_moa_gov_tw\raw_data\全國單日平均糧價.json'
2026-02-26 01:36:35,518 - SUCCESS - 已下載 '全國單日平均糧價' 的原始 JSON 資料路徑: 'C:\Python\data_moa_gov_tw\raw_data\全國單日平均糧價.json'
2026-02-26 01:36:35,543 - SUCCESS - 插入或更新 '全國單日平均糧價' 的 Metadata 成功。
2026-02-26 01:36:35,543 - SUCCESS - 插入或更新 '全國單日平均糧價' 的 Metadata 成功。
2026-02-26 01:36:35,564 - SUCCESS - 已成功批量插入 '全國單日平均糧價' 的總計 1 條記錄到表格 '1040001' 。
2026-02-26 01:36:35,564 - SUCCESS - 已成功批量插入 '全國單日平均糧價' 的總計 1 條記錄到表格 '1040001' 。
2026-02-26 01:36:35,565 - SUCCESS - '全國單日平均糧價' 的自動更新完成。
2026-02-26 01:36:35,565 - SUCCESS - '全國單日平均糧價' 的自動更新完成。
2026-02-26 01:36:37,283 - SUCCESS - 成功提取 '農產品產地價格(月平均價格)' 的網頁 Metadata。
2026-02-26 01:36:37,283 - SUCCESS - 成功提取 '農產品產地價格(月平均價格)' 的網頁 Metadata。
2026-02-26 01:36:38,690 - SUCCESS - 成功提取 '臺灣地區蔬菜生產概況' 的網頁 Metadata。
2026-02-26 01:36:38,690 - SUCCESS - 成功提取 '臺灣地區蔬菜生產概況' 的網頁 Metadata。
2026-02-26 01:36:40,175 - SUCCESS - 成功提取 '糧價查詢' 的網頁 Metadata。
2026-02-26 01:36:40,175 - SUCCESS - 成功提取 '糧價查詢' 的網頁 Metadata。
2026-02-26 01:36:40,225 - SUCCESS - '糧價查詢' 的 Metadata 已更新到 metadata.json。
2026-02-26 01:36:40,225 - SUCCESS - '糧價查詢' 的 Metadata 已更新到 metadata.json。
2026-02-26 01:36:42,651 - SUCCESS - <糧價查詢>的資料已下載完成，共 9999 筆資料。
2026-02-26 01:36:42,651 - SUCCESS - <糧價查詢>的資料已下載完成，共 9999 筆資料。
2026-02-26 01:36:42,874 - SUCCESS - 已下載、去重並合併資料完成現有資料 8420 條，新資料 8420 條。
2026-02-26 01:36:42,874 - SUCCESS - 已下載、去重並合併資料完成現有資料 8420 條，新資料 8420 條。
2026-02-26 01:36:43,846 - SUCCESS - 已下載 '糧價查詢' 的原始 JSON 資料路徑: 'C:\Python\data_moa_gov_tw\raw_data\糧價查詢.json'
2026-02-26 01:36:43,846 - SUCCESS - 已下載 '糧價查詢' 的原始 JSON 資料路徑: 'C:\Python\data_moa_gov_tw\raw_data\糧價查詢.json'
2026-02-26 01:36:43,853 - SUCCESS - 插入或更新 '糧價查詢' 的 Metadata 成功。
2026-02-26 01:36:43,853 - SUCCESS - 插入或更新 '糧價查詢' 的 Metadata 成功。
2026-02-26 01:36:43,888 - SUCCESS - 已成功批量插入 '糧價查詢' 的總計 20 條記錄到表格 '1040004' 。
2026-02-26 01:36:43,888 - SUCCESS - 已成功批量插入 '糧價查詢' 的總計 20 條記錄到表格 '1040004' 。
2026-02-26 01:36:43,893 - SUCCESS - '糧價查詢' 的自動更新完成。
2026-02-26 01:36:43,893 - SUCCESS - '糧價查詢' 的自動更新完成。
2026-02-26 01:36:45,454 - SUCCESS - 成功提取 '產銷履歷與有機蔬果行情' 的網頁 Metadata。
2026-02-26 01:36:45,454 - SUCCESS - 成功提取 '產銷履歷與有機蔬果行情' 的網頁 Metadata。
2026-02-26 01:36:45,504 - SUCCESS - '產銷履歷與有機蔬果行情' 的 Metadata 已更新到 metadata.json。
2026-02-26 01:36:45,504 - SUCCESS - '產銷履歷與有機蔬果行情' 的 Metadata 已更新到 metadata.json。
2026-02-26 01:36:53,312 - SUCCESS - <產銷履歷與有機蔬果行情>的資料已下載完成，共 2544 筆資料。
2026-02-26 01:36:53,312 - SUCCESS - <產銷履歷與有機蔬果行情>的資料已下載完成，共 2544 筆資料。
2026-02-26 01:36:53,450 - SUCCESS - 已下載、去重並合併資料完成現有資料 2544 條，新資料 2544 條。
2026-02-26 01:36:53,450 - SUCCESS - 已下載、去重並合併資料完成現有資料 2544 條，新資料 2544 條。
2026-02-26 01:36:56,337 - SUCCESS - 已下載 '產銷履歷與有機蔬果行情' 的原始 JSON 資料路徑: 'C:\Python\data_moa_gov_tw\raw_data\產銷履歷與有機蔬果行情.json'
2026-02-26 01:36:56,337 - SUCCESS - 已下載 '產銷履歷與有機蔬果行情' 的原始 JSON 資料路徑: 'C:\Python\data_moa_gov_tw\raw_data\產銷履歷與有機蔬果行情.json'
2026-02-26 01:36:56,345 - SUCCESS - 插入或更新 '產銷履歷與有機蔬果行情' 的 Metadata 成功。
2026-02-26 01:36:56,345 - SUCCESS - 插入或更新 '產銷履歷與有機蔬果行情' 的 Metadata 成功。
2026-02-26 01:36:56,423 - SUCCESS - 已成功批量插入 '產銷履歷與有機蔬果行情' 的總計 142 條記錄到表格 '1040003' 。
2026-02-26 01:36:56,423 - SUCCESS - 已成功批量插入 '產銷履歷與有機蔬果行情' 的總計 142 條記錄到表格 '1040003' 。
2026-02-26 01:36:56,424 - SUCCESS - '產銷履歷與有機蔬果行情' 的自動更新完成。
2026-02-26 01:36:56,424 - SUCCESS - '產銷履歷與有機蔬果行情' 的自動更新完成。
2026-02-26 01:36:57,922 - SUCCESS - 成功提取 '各觀測站近兩年降雨量' 的網頁 Metadata。
2026-02-26 01:36:57,922 - SUCCESS - 成功提取 '各觀測站近兩年降雨量' 的網頁 Metadata。
2026-02-26 01:36:59,296 - SUCCESS - 成功提取 '臺灣地區果品生產概況' 的網頁 Metadata。
2026-02-26 01:36:59,296 - SUCCESS - 成功提取 '臺灣地區果品生產概況' 的網頁 Metadata。
2026-02-26 01:37:00,776 - SUCCESS - 成功提取 '臺灣地區特用作物生產概況' 的網頁 Metadata。
2026-02-26 01:37:00,776 - SUCCESS - 成功提取 '臺灣地區特用作物生產概況' 的網頁 Metadata。
2026-02-26 01:37:02,526 - SUCCESS - 成功提取 '農產品交易行情' 的網頁 Metadata。
2026-02-26 01:37:02,526 - SUCCESS - 成功提取 '農產品交易行情' 的網頁 Metadata。
2026-02-26 01:37:02,567 - SUCCESS - '農產品交易行情' 的 Metadata 已更新到 metadata.json。
2026-02-26 01:37:02,567 - SUCCESS - '農產品交易行情' 的 Metadata 已更新到 metadata.json。
2026-02-26 01:37:27,127 - SUCCESS - <農產品交易行情>的資料已下載完成，共 7154 筆資料。
2026-02-26 01:37:27,127 - SUCCESS - <農產品交易行情>的資料已下載完成，共 7154 筆資料。
2026-02-26 01:37:27,305 - SUCCESS - 已下載、去重並合併資料完成現有資料 7154 條，新資料 7154 條。
2026-02-26 01:37:27,305 - SUCCESS - 已下載、去重並合併資料完成現有資料 7154 條，新資料 7154 條。
2026-02-26 01:37:32,549 - SUCCESS - 已下載 '農產品交易行情' 的原始 JSON 資料路徑: 'C:\Python\data_moa_gov_tw\raw_data\農產品交易行情.json'
2026-02-26 01:37:32,549 - SUCCESS - 已下載 '農產品交易行情' 的原始 JSON 資料路徑: 'C:\Python\data_moa_gov_tw\raw_data\農產品交易行情.json'
2026-02-26 01:37:32,557 - SUCCESS - 插入或更新 '農產品交易行情' 的 Metadata 成功。
2026-02-26 01:37:32,557 - SUCCESS - 插入或更新 '農產品交易行情' 的 Metadata 成功。
2026-02-26 01:37:32,701 - SUCCESS - 已成功批量插入 '農產品交易行情' 的總計 255 條記錄到表格 '1040012' 。
2026-02-26 01:37:32,701 - SUCCESS - 已成功批量插入 '農產品交易行情' 的總計 255 條記錄到表格 '1040012' 。
2026-02-26 01:37:32,705 - SUCCESS - '農產品交易行情' 的自動更新完成。
2026-02-26 01:37:32,705 - SUCCESS - '農產品交易行情' 的自動更新完成。
2026-02-26 01:37:34,335 - SUCCESS - 成功提取 '臺灣地區稻作種植、收穫面積及產量' 的網頁 Metadata。
2026-02-26 01:37:34,335 - SUCCESS - 成功提取 '臺灣地區稻作種植、收穫面積及產量' 的網頁 Metadata。
2026-02-26 01:37:35,662 - SUCCESS - 成功提取 '臺灣地區稻米生產價值' 的網頁 Metadata。
2026-02-26 01:37:35,662 - SUCCESS - 成功提取 '臺灣地區稻米生產價值' 的網頁 Metadata。
2026-02-26 01:37:37,049 - SUCCESS - 成功提取 '農產品產地價格資料' 的網頁 Metadata。
2026-02-26 01:37:37,049 - SUCCESS - 成功提取 '農產品產地價格資料' 的網頁 Metadata。
2026-02-26 01:37:37,105 - SUCCESS - '農產品產地價格資料' 的 Metadata 已更新到 metadata.json。
2026-02-26 01:37:37,105 - SUCCESS - '農產品產地價格資料' 的 Metadata 已更新到 metadata.json。
2026-02-26 01:37:38,041 - SUCCESS - <農產品產地價格資料>的資料已下載完成，共 9999 筆資料。
2026-02-26 01:37:38,041 - SUCCESS - <農產品產地價格資料>的資料已下載完成，共 9999 筆資料。
2026-02-26 01:37:39,252 - SUCCESS - 已下載、去重並合併資料完成現有資料 9999 條，新資料 9999 條。
2026-02-26 01:37:39,252 - SUCCESS - 已下載、去重並合併資料完成現有資料 9999 條，新資料 9999 條。
2026-02-26 01:37:40,797 - SUCCESS - 已下載 '農產品產地價格資料' 的原始 JSON 資料路徑: 'C:\Python\data_moa_gov_tw\raw_data\農產品產地價格資料.json'
2026-02-26 01:37:40,797 - SUCCESS - 已下載 '農產品產地價格資料' 的原始 JSON 資料路徑: 'C:\Python\data_moa_gov_tw\raw_data\農產品產地價格資料.json'
2026-02-26 01:37:40,805 - SUCCESS - 插入或更新 '農產品產地價格資料' 的 Metadata 成功。
2026-02-26 01:37:40,805 - SUCCESS - 插入或更新 '農產品產地價格資料' 的 Metadata 成功。
2026-02-26 01:37:40,839 - SUCCESS - 已成功批量插入 '農產品產地價格資料' 的總計 13 條記錄到表格 '1040014' 。
2026-02-26 01:37:40,839 - SUCCESS - 已成功批量插入 '農產品產地價格資料' 的總計 13 條記錄到表格 '1040014' 。
2026-02-26 01:37:40,841 - SUCCESS - '農產品產地價格資料' 的自動更新完成。
2026-02-26 01:37:40,841 - SUCCESS - '農產品產地價格資料' 的自動更新完成。
2026-02-26 01:37:42,591 - SUCCESS - 成功提取 '農情調查' 的網頁 Metadata。
2026-02-26 01:37:42,591 - SUCCESS - 成功提取 '農情調查' 的網頁 Metadata。
2026-02-26 01:37:42,641 - SUCCESS - '農情調查' 的 Metadata 已更新到 metadata.json。
2026-02-26 01:37:42,641 - SUCCESS - '農情調查' 的 Metadata 已更新到 metadata.json。
2026-02-26 01:37:45,726 - SUCCESS - <農情調查>的資料已下載完成，共 9999 筆資料。
2026-02-26 01:37:45,726 - SUCCESS - <農情調查>的資料已下載完成，共 9999 筆資料。
2026-02-26 01:37:45,742 - SUCCESS - 已下載、去重並合併資料完成現有資料 0 條，新資料 0 條。
2026-02-26 01:37:45,742 - SUCCESS - 已下載、去重並合併資料完成現有資料 0 條，新資料 0 條。
2026-02-26 01:37:45,749 - SUCCESS - 插入或更新 '農情調查' 的 Metadata 成功。
2026-02-26 01:37:45,749 - SUCCESS - 插入或更新 '農情調查' 的 Metadata 成功。
2026-02-26 01:37:45,750 - SUCCESS - '農情調查' 的自動更新完成。
2026-02-26 01:37:45,750 - SUCCESS - '農情調查' 的自動更新完成。
2026-02-26 01:37:47,250 - SUCCESS - 成功提取 '臺灣地區農產品生產量值' 的網頁 Metadata。
2026-02-26 01:37:47,250 - SUCCESS - 成功提取 '臺灣地區農產品生產量值' 的網頁 Metadata。
2026-02-26 01:37:48,282 - SUCCESS - 更新結果:{'雜糧生產概況': '未更新', '全國單日平均糧價': '已更新', '農產品產地價格(月平均價格)': '未更新', '臺灣地區蔬菜生產概況': '未更新', '糧價查詢': '已更新', '產銷履歷與有機蔬果行情': '已更新', '各觀測站近兩年降雨量': '未更新', '臺灣地區果品生產概況': '未更新', '臺灣地區特用作物生產概況': '未更新', '農產品交易行情': '已更新', '臺灣地區稻作種植、收穫面積及產量': '未更新', '臺灣地區稻米生產價值': '未更新', '農產品產地價格資料': '已更新', '農情調查': '已更新', '臺灣地區農產品生產量值': '未更新'}
2026-02-26 01:37:48,282 - SUCCESS - 更新結果:{'雜糧生產概況': '未更新', '全國單日平均糧價': '已更新', '農產品產地價格(月平均價格)': '未更新', '臺灣地區蔬菜生產概況': '未更新', '糧價查詢': '已更新', '產銷履歷與有機蔬果行情': '已更新', '各觀測站近兩年降雨量': '未更新', '臺灣地區果品生產概況': '未更新', '臺灣地區特用作物生產概況': '未更新', '農產品交易行情': '已更新', '臺灣地區稻作種植、收穫面積及產量': '未更新', '臺灣地區稻米生產價值': '未更新', '農產品產地價格資料': '已更新', '農情調查': '已更新', '臺灣地區農產品生產量值': '未更新'}
