2025-11-15 14:32:26,496 - SUCCESS - 成功提取 '全國單日平均糧價' 的網頁 Metadata。
2025-11-15 14:32:26,496 - SUCCESS - 成功提取 '全國單日平均糧價' 的網頁 Metadata。
2025-11-15 14:32:26,569 - SUCCESS - '全國單日平均糧價' 的 Metadata 已更新到 metadata.json。
2025-11-15 14:32:26,569 - SUCCESS - '全國單日平均糧價' 的 Metadata 已更新到 metadata.json。
2025-11-15 14:32:28,018 - SUCCESS - <全國單日平均糧價>的資料已下載完成，共 9104 筆資料。
2025-11-15 14:32:28,018 - SUCCESS - <全國單日平均糧價>的資料已下載完成，共 9104 筆資料。
2025-11-15 14:32:29,814 - SUCCESS - 已下載、去重並合併資料完成現有資料 9104 條，新資料 1 條。
2025-11-15 14:32:29,814 - SUCCESS - 已下載、去重並合併資料完成現有資料 9104 條，新資料 1 條。
2025-11-15 14:32:30,079 - SUCCESS - 已下載 '全國單日平均糧價' 的原始 JSON 資料路徑: 'C:\Python\data_moa_gov_tw\raw_data\全國單日平均糧價\全國單日平均糧價.json'
2025-11-15 14:32:30,079 - SUCCESS - 已下載 '全國單日平均糧價' 的原始 JSON 資料路徑: 'C:\Python\data_moa_gov_tw\raw_data\全國單日平均糧價\全國單日平均糧價.json'
2025-11-15 14:32:30,188 - SUCCESS - 插入或更新 '全國單日平均糧價' 的 Metadata 成功。
2025-11-15 14:32:30,188 - SUCCESS - 插入或更新 '全國單日平均糧價' 的 Metadata 成功。
2025-11-15 14:32:30,256 - SUCCESS - 已成功批量插入 '全國單日平均糧價' 的總計 1 條記錄到表格 '1040001' 。
2025-11-15 14:32:30,256 - SUCCESS - 已成功批量插入 '全國單日平均糧價' 的總計 1 條記錄到表格 '1040001' 。
2025-11-15 14:32:30,262 - SUCCESS - '全國單日平均糧價' 的自動更新完成。
2025-11-15 14:32:30,262 - SUCCESS - '全國單日平均糧價' 的自動更新完成。
2025-11-15 14:32:31,437 - SUCCESS - 成功提取 '各觀測站近兩年降雨量' 的網頁 Metadata。
2025-11-15 14:32:31,437 - SUCCESS - 成功提取 '各觀測站近兩年降雨量' 的網頁 Metadata。
2025-11-15 14:32:32,790 - SUCCESS - 成功提取 '產銷履歷與有機蔬果行情' 的網頁 Metadata。
2025-11-15 14:32:32,790 - SUCCESS - 成功提取 '產銷履歷與有機蔬果行情' 的網頁 Metadata。
2025-11-15 14:32:32,829 - SUCCESS - '產銷履歷與有機蔬果行情' 的 Metadata 已更新到 metadata.json。
2025-11-15 14:32:32,829 - SUCCESS - '產銷履歷與有機蔬果行情' 的 Metadata 已更新到 metadata.json。
2025-11-15 14:32:33,370 - SUCCESS - <產銷履歷與有機蔬果行情>的資料已下載完成，共 2611 筆資料。
2025-11-15 14:32:33,370 - SUCCESS - <產銷履歷與有機蔬果行情>的資料已下載完成，共 2611 筆資料。
2025-11-15 14:32:51,369 - SUCCESS - 已下載、去重並合併資料完成現有資料 218223 條，新資料 2288 條。
2025-11-15 14:32:51,369 - SUCCESS - 已下載、去重並合併資料完成現有資料 218223 條，新資料 2288 條。
2025-11-15 14:32:52,805 - SUCCESS - 已下載 '產銷履歷與有機蔬果行情' 的原始 JSON 資料路徑: 'C:\Python\data_moa_gov_tw\raw_data\產銷履歷與有機蔬果行情\產銷履歷與有機蔬果行情.json'
2025-11-15 14:32:52,805 - SUCCESS - 已下載 '產銷履歷與有機蔬果行情' 的原始 JSON 資料路徑: 'C:\Python\data_moa_gov_tw\raw_data\產銷履歷與有機蔬果行情\產銷履歷與有機蔬果行情.json'
2025-11-15 14:32:52,866 - SUCCESS - 插入或更新 '產銷履歷與有機蔬果行情' 的 Metadata 成功。
2025-11-15 14:32:52,866 - SUCCESS - 插入或更新 '產銷履歷與有機蔬果行情' 的 Metadata 成功。
2025-11-15 14:32:57,118 - SUCCESS - 已成功批量插入 '產銷履歷與有機蔬果行情' 的總計 2288 條記錄到表格 '1040003' 。
2025-11-15 14:32:57,118 - SUCCESS - 已成功批量插入 '產銷履歷與有機蔬果行情' 的總計 2288 條記錄到表格 '1040003' 。
2025-11-15 14:32:57,187 - SUCCESS - '產銷履歷與有機蔬果行情' 的自動更新完成。
2025-11-15 14:32:57,187 - SUCCESS - '產銷履歷與有機蔬果行情' 的自動更新完成。
2025-11-15 14:32:58,495 - SUCCESS - 成功提取 '糧價查詢' 的網頁 Metadata。
2025-11-15 14:32:58,495 - SUCCESS - 成功提取 '糧價查詢' 的網頁 Metadata。
2025-11-15 14:32:58,521 - SUCCESS - '糧價查詢' 的 Metadata 已更新到 metadata.json。
2025-11-15 14:32:58,521 - SUCCESS - '糧價查詢' 的 Metadata 已更新到 metadata.json。
2025-11-15 14:32:59,934 - SUCCESS - <糧價查詢>的資料已下載完成，共 9999 筆資料。
2025-11-15 14:32:59,934 - SUCCESS - <糧價查詢>的資料已下載完成，共 9999 筆資料。
2025-11-15 14:33:14,556 - SUCCESS - 已下載、去重並合併資料完成現有資料 240603 條，新資料 40 條。
2025-11-15 14:33:14,556 - SUCCESS - 已下載、去重並合併資料完成現有資料 240603 條，新資料 40 條。
2025-11-15 14:33:15,550 - SUCCESS - 已下載 '糧價查詢' 的原始 JSON 資料路徑: 'C:\Python\data_moa_gov_tw\raw_data\糧價查詢\糧價查詢.json'
2025-11-15 14:33:15,550 - SUCCESS - 已下載 '糧價查詢' 的原始 JSON 資料路徑: 'C:\Python\data_moa_gov_tw\raw_data\糧價查詢\糧價查詢.json'
2025-11-15 14:33:15,550 - SUCCESS - 插入或更新 '糧價查詢' 的 Metadata 成功。
2025-11-15 14:33:15,550 - SUCCESS - 插入或更新 '糧價查詢' 的 Metadata 成功。
2025-11-15 14:33:15,582 - SUCCESS - 已成功批量插入 '糧價查詢' 的總計 40 條記錄到表格 '1040004' 。
2025-11-15 14:33:15,582 - SUCCESS - 已成功批量插入 '糧價查詢' 的總計 40 條記錄到表格 '1040004' 。
2025-11-15 14:33:15,692 - SUCCESS - '糧價查詢' 的自動更新完成。
2025-11-15 14:33:15,692 - SUCCESS - '糧價查詢' 的自動更新完成。
2025-11-15 14:33:16,885 - SUCCESS - 成功提取 '臺灣地區果品生產概況' 的網頁 Metadata。
2025-11-15 14:33:16,885 - SUCCESS - 成功提取 '臺灣地區果品生產概況' 的網頁 Metadata。
2025-11-15 14:33:18,026 - SUCCESS - 成功提取 '臺灣地區特用作物生產概況' 的網頁 Metadata。
2025-11-15 14:33:18,026 - SUCCESS - 成功提取 '臺灣地區特用作物生產概況' 的網頁 Metadata。
2025-11-15 14:33:19,214 - SUCCESS - 成功提取 '臺灣地區稻作種植、收穫面積及產量' 的網頁 Metadata。
2025-11-15 14:33:19,214 - SUCCESS - 成功提取 '臺灣地區稻作種植、收穫面積及產量' 的網頁 Metadata。
2025-11-15 14:33:20,366 - SUCCESS - 成功提取 '臺灣地區稻米生產價值' 的網頁 Metadata。
2025-11-15 14:33:20,366 - SUCCESS - 成功提取 '臺灣地區稻米生產價值' 的網頁 Metadata。
2025-11-15 14:33:21,650 - SUCCESS - 成功提取 '臺灣地區蔬菜生產概況' 的網頁 Metadata。
2025-11-15 14:33:21,650 - SUCCESS - 成功提取 '臺灣地區蔬菜生產概況' 的網頁 Metadata。
2025-11-15 14:33:22,873 - SUCCESS - 成功提取 '臺灣地區農產品生產量值' 的網頁 Metadata。
2025-11-15 14:33:22,873 - SUCCESS - 成功提取 '臺灣地區農產品生產量值' 的網頁 Metadata。
2025-11-15 14:33:24,119 - SUCCESS - 成功提取 '農情調查' 的網頁 Metadata。
2025-11-15 14:33:24,119 - SUCCESS - 成功提取 '農情調查' 的網頁 Metadata。
2025-11-15 14:33:24,151 - SUCCESS - '農情調查' 的 Metadata 已更新到 metadata.json。
2025-11-15 14:33:24,151 - SUCCESS - '農情調查' 的 Metadata 已更新到 metadata.json。
2025-11-15 14:33:26,557 - SUCCESS - <農情調查>的資料已下載完成，共 9999 筆資料。
2025-11-15 14:33:26,557 - SUCCESS - <農情調查>的資料已下載完成，共 9999 筆資料。
2025-11-15 14:33:27,512 - SUCCESS - 已下載、去重並合併資料完成現有資料 45259 條，新資料 0 條。
2025-11-15 14:33:27,512 - SUCCESS - 已下載、去重並合併資料完成現有資料 45259 條，新資料 0 條。
2025-11-15 14:33:27,786 - SUCCESS - 插入或更新 '農情調查' 的 Metadata 成功。
2025-11-15 14:33:27,786 - SUCCESS - 插入或更新 '農情調查' 的 Metadata 成功。
2025-11-15 14:33:27,786 - SUCCESS - '農情調查' 的自動更新完成。
2025-11-15 14:33:27,786 - SUCCESS - '農情調查' 的自動更新完成。
2025-11-15 14:33:29,048 - SUCCESS - 成功提取 '農產品交易行情' 的網頁 Metadata。
2025-11-15 14:33:29,048 - SUCCESS - 成功提取 '農產品交易行情' 的網頁 Metadata。
2025-11-15 14:33:29,083 - SUCCESS - '農產品交易行情' 的 Metadata 已更新到 metadata.json。
2025-11-15 14:33:29,083 - SUCCESS - '農產品交易行情' 的 Metadata 已更新到 metadata.json。
2025-11-15 14:33:34,359 - SUCCESS - <農產品交易行情>的資料已下載完成，共 10333 筆資料。
2025-11-15 14:33:34,359 - SUCCESS - <農產品交易行情>的資料已下載完成，共 10333 筆資料。
2025-11-15 14:33:54,827 - SUCCESS - 已下載、去重並合併資料完成現有資料 433961 條，新資料 5883 條。
2025-11-15 14:33:54,827 - SUCCESS - 已下載、去重並合併資料完成現有資料 433961 條，新資料 5883 條。
2025-11-15 14:33:57,056 - SUCCESS - 已下載 '農產品交易行情' 的原始 JSON 資料路徑: 'C:\Python\data_moa_gov_tw\raw_data\農產品交易行情\農產品交易行情.json'
2025-11-15 14:33:57,056 - SUCCESS - 已下載 '農產品交易行情' 的原始 JSON 資料路徑: 'C:\Python\data_moa_gov_tw\raw_data\農產品交易行情\農產品交易行情.json'
2025-11-15 14:33:57,068 - SUCCESS - 插入或更新 '農產品交易行情' 的 Metadata 成功。
2025-11-15 14:33:57,068 - SUCCESS - 插入或更新 '農產品交易行情' 的 Metadata 成功。
2025-11-15 14:33:59,390 - SUCCESS - 已成功批量插入 '農產品交易行情' 的總計 5882 條記錄到表格 '1040012' 。
2025-11-15 14:33:59,390 - SUCCESS - 已成功批量插入 '農產品交易行情' 的總計 5882 條記錄到表格 '1040012' 。
2025-11-15 14:33:59,564 - SUCCESS - '農產品交易行情' 的自動更新完成。
2025-11-15 14:33:59,564 - SUCCESS - '農產品交易行情' 的自動更新完成。
2025-11-15 14:34:00,704 - SUCCESS - 成功提取 '農產品產地價格(月平均價格)' 的網頁 Metadata。
2025-11-15 14:34:00,704 - SUCCESS - 成功提取 '農產品產地價格(月平均價格)' 的網頁 Metadata。
2025-11-15 14:34:01,854 - SUCCESS - 成功提取 '農產品產地價格資料' 的網頁 Metadata。
2025-11-15 14:34:01,854 - SUCCESS - 成功提取 '農產品產地價格資料' 的網頁 Metadata。
2025-11-15 14:34:01,899 - SUCCESS - '農產品產地價格資料' 的 Metadata 已更新到 metadata.json。
2025-11-15 14:34:01,899 - SUCCESS - '農產品產地價格資料' 的 Metadata 已更新到 metadata.json。
2025-11-15 14:34:02,619 - SUCCESS - <農產品產地價格資料>的資料已下載完成，共 9999 筆資料。
2025-11-15 14:34:02,619 - SUCCESS - <農產品產地價格資料>的資料已下載完成，共 9999 筆資料。
2025-11-15 14:34:48,227 - SUCCESS - 已下載、去重並合併資料完成現有資料 345799 條，新資料 14 條。
2025-11-15 14:34:48,227 - SUCCESS - 已下載、去重並合併資料完成現有資料 345799 條，新資料 14 條。
2025-11-15 14:34:50,155 - SUCCESS - 已下載 '農產品產地價格資料' 的原始 JSON 資料路徑: 'C:\Python\data_moa_gov_tw\raw_data\農產品產地價格資料\農產品產地價格資料.json'
2025-11-15 14:34:50,155 - SUCCESS - 已下載 '農產品產地價格資料' 的原始 JSON 資料路徑: 'C:\Python\data_moa_gov_tw\raw_data\農產品產地價格資料\農產品產地價格資料.json'
2025-11-15 14:34:50,158 - SUCCESS - 插入或更新 '農產品產地價格資料' 的 Metadata 成功。
2025-11-15 14:34:50,158 - SUCCESS - 插入或更新 '農產品產地價格資料' 的 Metadata 成功。
2025-11-15 14:34:50,174 - SUCCESS - 已成功批量插入 '農產品產地價格資料' 的總計 14 條記錄到表格 '1040014' 。
2025-11-15 14:34:50,174 - SUCCESS - 已成功批量插入 '農產品產地價格資料' 的總計 14 條記錄到表格 '1040014' 。
2025-11-15 14:34:50,255 - SUCCESS - '農產品產地價格資料' 的自動更新完成。
2025-11-15 14:34:50,255 - SUCCESS - '農產品產地價格資料' 的自動更新完成。
2025-11-15 14:34:51,461 - SUCCESS - 成功提取 '雜糧生產概況' 的網頁 Metadata。
2025-11-15 14:34:51,461 - SUCCESS - 成功提取 '雜糧生產概況' 的網頁 Metadata。
2025-11-15 14:34:52,476 - SUCCESS - 已成功儲存次要資訊。
2025-11-15 14:34:52,476 - SUCCESS - 已成功儲存次要資訊。
2025-11-15 14:34:52,476 - SUCCESS - 更新結果儲存成功:{'全國單日平均糧價': '已更新', '各觀測站近兩年降雨量': '未更新', '產銷履歷與有機蔬果行情': '已更新', '糧價查詢': '已更新', '臺灣地區果品生產概況': '未更新', '臺灣地區特用作物生產概況': '未更新', '臺灣地區稻作種植、收穫面積及產量': '未更新', '臺灣地區稻米生產價值': '未更新', '臺灣地區蔬菜生產概況': '未更新', '臺灣地區農產品生產量值': '未更新', '農情調查': '已更新', '農產品交易行情': '已更新', '農產品產地價格(月平均價格)': '未更新', '農產品產地價格資料': '已更新', '雜糧生產概況': '未更新'}
2025-11-15 14:34:52,476 - SUCCESS - 更新結果儲存成功:{'全國單日平均糧價': '已更新', '各觀測站近兩年降雨量': '未更新', '產銷履歷與有機蔬果行情': '已更新', '糧價查詢': '已更新', '臺灣地區果品生產概況': '未更新', '臺灣地區特用作物生產概況': '未更新', '臺灣地區稻作種植、收穫面積及產量': '未更新', '臺灣地區稻米生產價值': '未更新', '臺灣地區蔬菜生產概況': '未更新', '臺灣地區農產品生產量值': '未更新', '農情調查': '已更新', '農產品交易行情': '已更新', '農產品產地價格(月平均價格)': '未更新', '農產品產地價格資料': '已更新', '雜糧生產概況': '未更新'}
