2025-10-26 02:42:35,070 - SUCCESS - 成功提取 '全國單日平均糧價' 的網頁 Metadata。
2025-10-26 02:42:35,070 - SUCCESS - 成功提取 '全國單日平均糧價' 的網頁 Metadata。
2025-10-26 02:42:35,116 - SUCCESS - '全國單日平均糧價' 的 Metadata 已更新到 metadata.json。
2025-10-26 02:42:35,116 - SUCCESS - '全國單日平均糧價' 的 Metadata 已更新到 metadata.json。
2025-10-26 02:42:36,522 - SUCCESS - <全國單日平均糧價>的資料已下載完成，共 9082 筆資料。
2025-10-26 02:42:36,522 - SUCCESS - <全國單日平均糧價>的資料已下載完成，共 9082 筆資料。
2025-10-26 02:42:37,395 - SUCCESS - 已下載、去重並合併資料完成現有資料 9082 條，新資料 0 條。
2025-10-26 02:42:37,395 - SUCCESS - 已下載、去重並合併資料完成現有資料 9082 條，新資料 0 條。
2025-10-26 02:42:37,480 - SUCCESS - 插入或更新 '全國單日平均糧價' 的 Metadata 成功。
2025-10-26 02:42:37,480 - SUCCESS - 插入或更新 '全國單日平均糧價' 的 Metadata 成功。
2025-10-26 02:42:37,485 - SUCCESS - '全國單日平均糧價' 的自動更新完成。
2025-10-26 02:42:37,485 - SUCCESS - '全國單日平均糧價' 的自動更新完成。
2025-10-26 02:42:38,723 - SUCCESS - 成功提取 '各觀測站近兩年降雨量' 的網頁 Metadata。
2025-10-26 02:42:38,723 - SUCCESS - 成功提取 '各觀測站近兩年降雨量' 的網頁 Metadata。
2025-10-26 02:42:39,992 - SUCCESS - 成功提取 '產銷履歷與有機蔬果行情' 的網頁 Metadata。
2025-10-26 02:42:39,992 - SUCCESS - 成功提取 '產銷履歷與有機蔬果行情' 的網頁 Metadata。
2025-10-26 02:42:40,036 - SUCCESS - '產銷履歷與有機蔬果行情' 的 Metadata 已更新到 metadata.json。
2025-10-26 02:42:40,036 - SUCCESS - '產銷履歷與有機蔬果行情' 的 Metadata 已更新到 metadata.json。
2025-10-26 02:42:40,812 - SUCCESS - <產銷履歷與有機蔬果行情>的資料已下載完成，共 4327 筆資料。
2025-10-26 02:42:40,812 - SUCCESS - <產銷履歷與有機蔬果行情>的資料已下載完成，共 4327 筆資料。
2025-10-26 02:42:54,859 - SUCCESS - 已下載、去重並合併資料完成現有資料 183779 條，新資料 2196 條。
2025-10-26 02:42:54,859 - SUCCESS - 已下載、去重並合併資料完成現有資料 183779 條，新資料 2196 條。
2025-10-26 02:42:56,105 - SUCCESS - 已下載 '產銷履歷與有機蔬果行情' 的原始 JSON 資料路徑: 'C:\Python\data_moa_gov_tw\raw_data\產銷履歷與有機蔬果行情\產銷履歷與有機蔬果行情.json'
2025-10-26 02:42:56,105 - SUCCESS - 已下載 '產銷履歷與有機蔬果行情' 的原始 JSON 資料路徑: 'C:\Python\data_moa_gov_tw\raw_data\產銷履歷與有機蔬果行情\產銷履歷與有機蔬果行情.json'
2025-10-26 02:42:56,109 - SUCCESS - 插入或更新 '產銷履歷與有機蔬果行情' 的 Metadata 成功。
2025-10-26 02:42:56,109 - SUCCESS - 插入或更新 '產銷履歷與有機蔬果行情' 的 Metadata 成功。
2025-10-26 02:42:57,123 - SUCCESS - 已成功批量插入 '產銷履歷與有機蔬果行情' 的總計 2196 條記錄到表格 '1040003' 。
2025-10-26 02:42:57,123 - SUCCESS - 已成功批量插入 '產銷履歷與有機蔬果行情' 的總計 2196 條記錄到表格 '1040003' 。
2025-10-26 02:42:57,192 - SUCCESS - '產銷履歷與有機蔬果行情' 的自動更新完成。
2025-10-26 02:42:57,192 - SUCCESS - '產銷履歷與有機蔬果行情' 的自動更新完成。
2025-10-26 02:42:58,510 - SUCCESS - 成功提取 '糧價查詢' 的網頁 Metadata。
2025-10-26 02:42:58,510 - SUCCESS - 成功提取 '糧價查詢' 的網頁 Metadata。
2025-10-26 02:42:58,537 - SUCCESS - '糧價查詢' 的 Metadata 已更新到 metadata.json。
2025-10-26 02:42:58,537 - SUCCESS - '糧價查詢' 的 Metadata 已更新到 metadata.json。
2025-10-26 02:43:00,002 - SUCCESS - <糧價查詢>的資料已下載完成，共 9999 筆資料。
2025-10-26 02:43:00,002 - SUCCESS - <糧價查詢>的資料已下載完成，共 9999 筆資料。
2025-10-26 02:43:08,919 - SUCCESS - 已下載、去重並合併資料完成現有資料 240050 條，新資料 0 條。
2025-10-26 02:43:08,919 - SUCCESS - 已下載、去重並合併資料完成現有資料 240050 條，新資料 0 條。
2025-10-26 02:43:10,273 - SUCCESS - 插入或更新 '糧價查詢' 的 Metadata 成功。
2025-10-26 02:43:10,273 - SUCCESS - 插入或更新 '糧價查詢' 的 Metadata 成功。
2025-10-26 02:43:10,406 - SUCCESS - '糧價查詢' 的自動更新完成。
2025-10-26 02:43:10,406 - SUCCESS - '糧價查詢' 的自動更新完成。
2025-10-26 02:43:11,601 - SUCCESS - 成功提取 '臺灣地區果品生產概況' 的網頁 Metadata。
2025-10-26 02:43:11,601 - SUCCESS - 成功提取 '臺灣地區果品生產概況' 的網頁 Metadata。
2025-10-26 02:43:12,803 - SUCCESS - 成功提取 '臺灣地區特用作物生產概況' 的網頁 Metadata。
2025-10-26 02:43:12,803 - SUCCESS - 成功提取 '臺灣地區特用作物生產概況' 的網頁 Metadata。
2025-10-26 02:43:14,002 - SUCCESS - 成功提取 '臺灣地區稻作種植、收穫面積及產量' 的網頁 Metadata。
2025-10-26 02:43:14,002 - SUCCESS - 成功提取 '臺灣地區稻作種植、收穫面積及產量' 的網頁 Metadata。
2025-10-26 02:43:15,206 - SUCCESS - 成功提取 '臺灣地區稻米生產價值' 的網頁 Metadata。
2025-10-26 02:43:15,206 - SUCCESS - 成功提取 '臺灣地區稻米生產價值' 的網頁 Metadata。
2025-10-26 02:43:16,368 - SUCCESS - 成功提取 '臺灣地區蔬菜生產概況' 的網頁 Metadata。
2025-10-26 02:43:16,368 - SUCCESS - 成功提取 '臺灣地區蔬菜生產概況' 的網頁 Metadata。
2025-10-26 02:43:17,547 - SUCCESS - 成功提取 '臺灣地區農產品生產量值' 的網頁 Metadata。
2025-10-26 02:43:17,547 - SUCCESS - 成功提取 '臺灣地區農產品生產量值' 的網頁 Metadata。
2025-10-26 02:43:18,715 - SUCCESS - 成功提取 '農情調查' 的網頁 Metadata。
2025-10-26 02:43:18,715 - SUCCESS - 成功提取 '農情調查' 的網頁 Metadata。
2025-10-26 02:43:18,738 - SUCCESS - '農情調查' 的 Metadata 已更新到 metadata.json。
2025-10-26 02:43:18,738 - SUCCESS - '農情調查' 的 Metadata 已更新到 metadata.json。
2025-10-26 02:43:20,426 - SUCCESS - <農情調查>的資料已下載完成，共 9999 筆資料。
2025-10-26 02:43:20,426 - SUCCESS - <農情調查>的資料已下載完成，共 9999 筆資料。
2025-10-26 02:43:21,415 - SUCCESS - 已下載、去重並合併資料完成現有資料 45259 條，新資料 0 條。
2025-10-26 02:43:21,415 - SUCCESS - 已下載、去重並合併資料完成現有資料 45259 條，新資料 0 條。
2025-10-26 02:43:21,689 - SUCCESS - 插入或更新 '農情調查' 的 Metadata 成功。
2025-10-26 02:43:21,689 - SUCCESS - 插入或更新 '農情調查' 的 Metadata 成功。
2025-10-26 02:43:21,705 - SUCCESS - '農情調查' 的自動更新完成。
2025-10-26 02:43:21,705 - SUCCESS - '農情調查' 的自動更新完成。
2025-10-26 02:43:22,905 - SUCCESS - 成功提取 '農產品交易行情' 的網頁 Metadata。
2025-10-26 02:43:22,905 - SUCCESS - 成功提取 '農產品交易行情' 的網頁 Metadata。
2025-10-26 02:43:22,941 - SUCCESS - '農產品交易行情' 的 Metadata 已更新到 metadata.json。
2025-10-26 02:43:22,941 - SUCCESS - '農產品交易行情' 的 Metadata 已更新到 metadata.json。
2025-10-26 02:43:29,067 - SUCCESS - <農產品交易行情>的資料已下載完成，共 9000 筆資料。
2025-10-26 02:43:29,067 - SUCCESS - <農產品交易行情>的資料已下載完成，共 9000 筆資料。
2025-10-26 02:43:46,494 - SUCCESS - 已下載、去重並合併資料完成現有資料 375789 條，新資料 2235 條。
2025-10-26 02:43:46,494 - SUCCESS - 已下載、去重並合併資料完成現有資料 375789 條，新資料 2235 條。
2025-10-26 02:43:48,276 - SUCCESS - 已下載 '農產品交易行情' 的原始 JSON 資料路徑: 'C:\Python\data_moa_gov_tw\raw_data\農產品交易行情\農產品交易行情.json'
2025-10-26 02:43:48,276 - SUCCESS - 已下載 '農產品交易行情' 的原始 JSON 資料路徑: 'C:\Python\data_moa_gov_tw\raw_data\農產品交易行情\農產品交易行情.json'
2025-10-26 02:43:48,281 - SUCCESS - 插入或更新 '農產品交易行情' 的 Metadata 成功。
2025-10-26 02:43:48,281 - SUCCESS - 插入或更新 '農產品交易行情' 的 Metadata 成功。
2025-10-26 02:43:49,196 - SUCCESS - 已成功批量插入 '農產品交易行情' 的總計 2235 條記錄到表格 '1040012' 。
2025-10-26 02:43:49,196 - SUCCESS - 已成功批量插入 '農產品交易行情' 的總計 2235 條記錄到表格 '1040012' 。
2025-10-26 02:43:49,343 - SUCCESS - '農產品交易行情' 的自動更新完成。
2025-10-26 02:43:49,343 - SUCCESS - '農產品交易行情' 的自動更新完成。
2025-10-26 02:43:50,670 - SUCCESS - 成功提取 '農產品產地價格(月平均價格)' 的網頁 Metadata。
2025-10-26 02:43:50,670 - SUCCESS - 成功提取 '農產品產地價格(月平均價格)' 的網頁 Metadata。
2025-10-26 02:43:51,897 - SUCCESS - 成功提取 '農產品產地價格資料' 的網頁 Metadata。
2025-10-26 02:43:51,897 - SUCCESS - 成功提取 '農產品產地價格資料' 的網頁 Metadata。
2025-10-26 02:43:51,933 - SUCCESS - '農產品產地價格資料' 的 Metadata 已更新到 metadata.json。
2025-10-26 02:43:51,933 - SUCCESS - '農產品產地價格資料' 的 Metadata 已更新到 metadata.json。
2025-10-26 02:43:52,434 - SUCCESS - <農產品產地價格資料>的資料已下載完成，共 9999 筆資料。
2025-10-26 02:43:52,434 - SUCCESS - <農產品產地價格資料>的資料已下載完成，共 9999 筆資料。
2025-10-26 02:44:34,059 - SUCCESS - 已下載、去重並合併資料完成現有資料 343897 條，新資料 0 條。
2025-10-26 02:44:34,059 - SUCCESS - 已下載、去重並合併資料完成現有資料 343897 條，新資料 0 條。
2025-10-26 02:44:35,906 - SUCCESS - 插入或更新 '農產品產地價格資料' 的 Metadata 成功。
2025-10-26 02:44:35,906 - SUCCESS - 插入或更新 '農產品產地價格資料' 的 Metadata 成功。
2025-10-26 02:44:36,002 - SUCCESS - '農產品產地價格資料' 的自動更新完成。
2025-10-26 02:44:36,002 - SUCCESS - '農產品產地價格資料' 的自動更新完成。
2025-10-26 02:44:37,184 - SUCCESS - 成功提取 '雜糧生產概況' 的網頁 Metadata。
2025-10-26 02:44:37,184 - SUCCESS - 成功提取 '雜糧生產概況' 的網頁 Metadata。
2025-10-26 02:44:38,198 - SUCCESS - 已成功儲存次要資訊。
2025-10-26 02:44:38,198 - SUCCESS - 已成功儲存次要資訊。
2025-10-26 02:44:38,198 - SUCCESS - 更新結果儲存成功:{'全國單日平均糧價': '已更新', '各觀測站近兩年降雨量': '未更新', '產銷履歷與有機蔬果行情': '已更新', '糧價查詢': '已更新', '臺灣地區果品生產概況': '未更新', '臺灣地區特用作物生產概況': '未更新', '臺灣地區稻作種植、收穫面積及產量': '未更新', '臺灣地區稻米生產價值': '未更新', '臺灣地區蔬菜生產概況': '未更新', '臺灣地區農產品生產量值': '未更新', '農情調查': '已更新', '農產品交易行情': '已更新', '農產品產地價格(月平均價格)': '未更新', '農產品產地價格資料': '已更新', '雜糧生產概況': '未更新'}
2025-10-26 02:44:38,198 - SUCCESS - 更新結果儲存成功:{'全國單日平均糧價': '已更新', '各觀測站近兩年降雨量': '未更新', '產銷履歷與有機蔬果行情': '已更新', '糧價查詢': '已更新', '臺灣地區果品生產概況': '未更新', '臺灣地區特用作物生產概況': '未更新', '臺灣地區稻作種植、收穫面積及產量': '未更新', '臺灣地區稻米生產價值': '未更新', '臺灣地區蔬菜生產概況': '未更新', '臺灣地區農產品生產量值': '未更新', '農情調查': '已更新', '農產品交易行情': '已更新', '農產品產地價格(月平均價格)': '未更新', '農產品產地價格資料': '已更新', '雜糧生產概況': '未更新'}
