2025-12-15 01:35:30,631 - SUCCESS - 成功提取 '全國單日平均糧價' 的網頁 Metadata。
2025-12-15 01:35:30,631 - SUCCESS - 成功提取 '全國單日平均糧價' 的網頁 Metadata。
2025-12-15 01:35:30,714 - SUCCESS - '全國單日平均糧價' 的 Metadata 已更新到 metadata.json。
2025-12-15 01:35:30,714 - SUCCESS - '全國單日平均糧價' 的 Metadata 已更新到 metadata.json。
2025-12-15 01:35:32,844 - SUCCESS - <全國單日平均糧價>的資料已下載完成，共 9133 筆資料。
2025-12-15 01:35:32,844 - SUCCESS - <全國單日平均糧價>的資料已下載完成，共 9133 筆資料。
2025-12-15 01:35:34,238 - SUCCESS - 已下載、去重並合併資料完成現有資料 9133 條，新資料 1 條。
2025-12-15 01:35:34,238 - SUCCESS - 已下載、去重並合併資料完成現有資料 9133 條，新資料 1 條。
2025-12-15 01:35:34,295 - SUCCESS - 已下載 '全國單日平均糧價' 的原始 JSON 資料路徑: 'C:\Python\data_moa_gov_tw\raw_data\全國單日平均糧價\全國單日平均糧價.json'
2025-12-15 01:35:34,295 - SUCCESS - 已下載 '全國單日平均糧價' 的原始 JSON 資料路徑: 'C:\Python\data_moa_gov_tw\raw_data\全國單日平均糧價\全國單日平均糧價.json'
2025-12-15 01:35:34,342 - SUCCESS - 插入或更新 '全國單日平均糧價' 的 Metadata 成功。
2025-12-15 01:35:34,342 - SUCCESS - 插入或更新 '全國單日平均糧價' 的 Metadata 成功。
2025-12-15 01:35:34,358 - SUCCESS - 已成功批量插入 '全國單日平均糧價' 的總計 1 條記錄到表格 '1040001' 。
2025-12-15 01:35:34,358 - SUCCESS - 已成功批量插入 '全國單日平均糧價' 的總計 1 條記錄到表格 '1040001' 。
2025-12-15 01:35:34,366 - SUCCESS - '全國單日平均糧價' 的自動更新完成。
2025-12-15 01:35:34,366 - SUCCESS - '全國單日平均糧價' 的自動更新完成。
2025-12-15 01:35:36,088 - SUCCESS - 成功提取 '各觀測站近兩年降雨量' 的網頁 Metadata。
2025-12-15 01:35:36,088 - SUCCESS - 成功提取 '各觀測站近兩年降雨量' 的網頁 Metadata。
2025-12-15 01:35:38,073 - SUCCESS - 成功提取 '產銷履歷與有機蔬果行情' 的網頁 Metadata。
2025-12-15 01:35:38,073 - SUCCESS - 成功提取 '產銷履歷與有機蔬果行情' 的網頁 Metadata。
2025-12-15 01:35:38,117 - SUCCESS - '產銷履歷與有機蔬果行情' 的 Metadata 已更新到 metadata.json。
2025-12-15 01:35:38,117 - SUCCESS - '產銷履歷與有機蔬果行情' 的 Metadata 已更新到 metadata.json。
2025-12-15 01:35:41,004 - SUCCESS - <產銷履歷與有機蔬果行情>的資料已下載完成，共 4539 筆資料。
2025-12-15 01:35:41,004 - SUCCESS - <產銷履歷與有機蔬果行情>的資料已下載完成，共 4539 筆資料。
2025-12-15 01:36:03,486 - SUCCESS - 已下載、去重並合併資料完成現有資料 275616 條，新資料 2196 條。
2025-12-15 01:36:03,486 - SUCCESS - 已下載、去重並合併資料完成現有資料 275616 條，新資料 2196 條。
2025-12-15 01:36:04,969 - SUCCESS - 已下載 '產銷履歷與有機蔬果行情' 的原始 JSON 資料路徑: 'C:\Python\data_moa_gov_tw\raw_data\產銷履歷與有機蔬果行情\產銷履歷與有機蔬果行情.json'
2025-12-15 01:36:04,969 - SUCCESS - 已下載 '產銷履歷與有機蔬果行情' 的原始 JSON 資料路徑: 'C:\Python\data_moa_gov_tw\raw_data\產銷履歷與有機蔬果行情\產銷履歷與有機蔬果行情.json'
2025-12-15 01:36:04,976 - SUCCESS - 插入或更新 '產銷履歷與有機蔬果行情' 的 Metadata 成功。
2025-12-15 01:36:04,976 - SUCCESS - 插入或更新 '產銷履歷與有機蔬果行情' 的 Metadata 成功。
2025-12-15 01:36:05,881 - SUCCESS - 已成功批量插入 '產銷履歷與有機蔬果行情' 的總計 2196 條記錄到表格 '1040003' 。
2025-12-15 01:36:05,881 - SUCCESS - 已成功批量插入 '產銷履歷與有機蔬果行情' 的總計 2196 條記錄到表格 '1040003' 。
2025-12-15 01:36:05,961 - SUCCESS - '產銷履歷與有機蔬果行情' 的自動更新完成。
2025-12-15 01:36:05,961 - SUCCESS - '產銷履歷與有機蔬果行情' 的自動更新完成。
2025-12-15 01:36:08,344 - SUCCESS - 成功提取 '糧價查詢' 的網頁 Metadata。
2025-12-15 01:36:08,344 - SUCCESS - 成功提取 '糧價查詢' 的網頁 Metadata。
2025-12-15 01:36:08,379 - SUCCESS - '糧價查詢' 的 Metadata 已更新到 metadata.json。
2025-12-15 01:36:08,379 - SUCCESS - '糧價查詢' 的 Metadata 已更新到 metadata.json。
2025-12-15 01:36:12,670 - SUCCESS - <糧價查詢>的資料已下載完成，共 9999 筆資料。
2025-12-15 01:36:12,670 - SUCCESS - <糧價查詢>的資料已下載完成，共 9999 筆資料。
2025-12-15 01:36:13,468 - SUCCESS - 已下載、去重並合併資料完成現有資料 10179 條，新資料 40 條。
2025-12-15 01:36:13,468 - SUCCESS - 已下載、去重並合併資料完成現有資料 10179 條，新資料 40 條。
2025-12-15 01:36:14,356 - SUCCESS - 已下載 '糧價查詢' 的原始 JSON 資料路徑: 'C:\Python\data_moa_gov_tw\raw_data\糧價查詢\糧價查詢.json'
2025-12-15 01:36:14,356 - SUCCESS - 已下載 '糧價查詢' 的原始 JSON 資料路徑: 'C:\Python\data_moa_gov_tw\raw_data\糧價查詢\糧價查詢.json'
2025-12-15 01:36:14,362 - SUCCESS - 插入或更新 '糧價查詢' 的 Metadata 成功。
2025-12-15 01:36:14,362 - SUCCESS - 插入或更新 '糧價查詢' 的 Metadata 成功。
2025-12-15 01:36:14,399 - SUCCESS - 已成功批量插入 '糧價查詢' 的總計 40 條記錄到表格 '1040004' 。
2025-12-15 01:36:14,399 - SUCCESS - 已成功批量插入 '糧價查詢' 的總計 40 條記錄到表格 '1040004' 。
2025-12-15 01:36:14,405 - SUCCESS - '糧價查詢' 的自動更新完成。
2025-12-15 01:36:14,405 - SUCCESS - '糧價查詢' 的自動更新完成。
2025-12-15 01:36:18,193 - SUCCESS - 成功提取 '臺灣地區果品生產概況' 的網頁 Metadata。
2025-12-15 01:36:18,193 - SUCCESS - 成功提取 '臺灣地區果品生產概況' 的網頁 Metadata。
2025-12-15 01:36:20,325 - SUCCESS - 成功提取 '臺灣地區特用作物生產概況' 的網頁 Metadata。
2025-12-15 01:36:20,325 - SUCCESS - 成功提取 '臺灣地區特用作物生產概況' 的網頁 Metadata。
2025-12-15 01:36:22,520 - SUCCESS - 成功提取 '臺灣地區稻作種植、收穫面積及產量' 的網頁 Metadata。
2025-12-15 01:36:22,520 - SUCCESS - 成功提取 '臺灣地區稻作種植、收穫面積及產量' 的網頁 Metadata。
2025-12-15 01:36:24,037 - SUCCESS - 成功提取 '臺灣地區稻米生產價值' 的網頁 Metadata。
2025-12-15 01:36:24,037 - SUCCESS - 成功提取 '臺灣地區稻米生產價值' 的網頁 Metadata。
2025-12-15 01:36:26,113 - SUCCESS - 成功提取 '臺灣地區蔬菜生產概況' 的網頁 Metadata。
2025-12-15 01:36:26,113 - SUCCESS - 成功提取 '臺灣地區蔬菜生產概況' 的網頁 Metadata。
2025-12-15 01:36:27,754 - SUCCESS - 成功提取 '臺灣地區農產品生產量值' 的網頁 Metadata。
2025-12-15 01:36:27,754 - SUCCESS - 成功提取 '臺灣地區農產品生產量值' 的網頁 Metadata。
2025-12-15 01:36:29,260 - SUCCESS - 成功提取 '農情調查' 的網頁 Metadata。
2025-12-15 01:36:29,260 - SUCCESS - 成功提取 '農情調查' 的網頁 Metadata。
2025-12-15 01:36:29,301 - SUCCESS - '農情調查' 的 Metadata 已更新到 metadata.json。
2025-12-15 01:36:29,301 - SUCCESS - '農情調查' 的 Metadata 已更新到 metadata.json。
2025-12-15 01:36:34,121 - SUCCESS - <農情調查>的資料已下載完成，共 9999 筆資料。
2025-12-15 01:36:34,121 - SUCCESS - <農情調查>的資料已下載完成，共 9999 筆資料。
2025-12-15 01:36:35,222 - SUCCESS - 已下載、去重並合併資料完成現有資料 45259 條，新資料 0 條。
2025-12-15 01:36:35,222 - SUCCESS - 已下載、去重並合併資料完成現有資料 45259 條，新資料 0 條。
2025-12-15 01:36:35,558 - SUCCESS - 插入或更新 '農情調查' 的 Metadata 成功。
2025-12-15 01:36:35,558 - SUCCESS - 插入或更新 '農情調查' 的 Metadata 成功。
2025-12-15 01:36:35,575 - SUCCESS - '農情調查' 的自動更新完成。
2025-12-15 01:36:35,575 - SUCCESS - '農情調查' 的自動更新完成。
2025-12-15 01:36:37,212 - SUCCESS - 成功提取 '農產品交易行情' 的網頁 Metadata。
2025-12-15 01:36:37,212 - SUCCESS - 成功提取 '農產品交易行情' 的網頁 Metadata。
2025-12-15 01:36:37,253 - SUCCESS - '農產品交易行情' 的 Metadata 已更新到 metadata.json。
2025-12-15 01:36:37,253 - SUCCESS - '農產品交易行情' 的 Metadata 已更新到 metadata.json。
2025-12-15 01:36:50,734 - SUCCESS - <農產品交易行情>的資料已下載完成，共 9070 筆資料。
2025-12-15 01:36:50,734 - SUCCESS - <農產品交易行情>的資料已下載完成，共 9070 筆資料。
2025-12-15 01:37:16,687 - SUCCESS - 已下載、去重並合併資料完成現有資料 520139 條，新資料 2166 條。
2025-12-15 01:37:16,687 - SUCCESS - 已下載、去重並合併資料完成現有資料 520139 條，新資料 2166 條。
2025-12-15 01:37:19,425 - SUCCESS - 已下載 '農產品交易行情' 的原始 JSON 資料路徑: 'C:\Python\data_moa_gov_tw\raw_data\農產品交易行情\農產品交易行情.json'
2025-12-15 01:37:19,425 - SUCCESS - 已下載 '農產品交易行情' 的原始 JSON 資料路徑: 'C:\Python\data_moa_gov_tw\raw_data\農產品交易行情\農產品交易行情.json'
2025-12-15 01:37:19,430 - SUCCESS - 插入或更新 '農產品交易行情' 的 Metadata 成功。
2025-12-15 01:37:19,430 - SUCCESS - 插入或更新 '農產品交易行情' 的 Metadata 成功。
2025-12-15 01:37:20,360 - SUCCESS - 已成功批量插入 '農產品交易行情' 的總計 2165 條記錄到表格 '1040012' 。
2025-12-15 01:37:20,360 - SUCCESS - 已成功批量插入 '農產品交易行情' 的總計 2165 條記錄到表格 '1040012' 。
2025-12-15 01:37:20,581 - SUCCESS - '農產品交易行情' 的自動更新完成。
2025-12-15 01:37:20,581 - SUCCESS - '農產品交易行情' 的自動更新完成。
2025-12-15 01:37:22,806 - SUCCESS - 成功提取 '農產品產地價格(月平均價格)' 的網頁 Metadata。
2025-12-15 01:37:22,806 - SUCCESS - 成功提取 '農產品產地價格(月平均價格)' 的網頁 Metadata。
2025-12-15 01:37:24,630 - SUCCESS - 成功提取 '農產品產地價格資料' 的網頁 Metadata。
2025-12-15 01:37:24,630 - SUCCESS - 成功提取 '農產品產地價格資料' 的網頁 Metadata。
2025-12-15 01:37:26,397 - SUCCESS - 成功提取 '雜糧生產概況' 的網頁 Metadata。
2025-12-15 01:37:26,397 - SUCCESS - 成功提取 '雜糧生產概況' 的網頁 Metadata。
2025-12-15 01:37:27,405 - SUCCESS - 已成功儲存次要資訊。
2025-12-15 01:37:27,405 - SUCCESS - 已成功儲存次要資訊。
2025-12-15 01:37:27,405 - SUCCESS - 更新結果儲存成功:{'全國單日平均糧價': '已更新', '各觀測站近兩年降雨量': '未更新', '產銷履歷與有機蔬果行情': '已更新', '糧價查詢': '已更新', '臺灣地區果品生產概況': '未更新', '臺灣地區特用作物生產概況': '未更新', '臺灣地區稻作種植、收穫面積及產量': '未更新', '臺灣地區稻米生產價值': '未更新', '臺灣地區蔬菜生產概況': '未更新', '臺灣地區農產品生產量值': '未更新', '農情調查': '已更新', '農產品交易行情': '已更新', '農產品產地價格(月平均價格)': '未更新', '農產品產地價格資料': '未更新', '雜糧生產概況': '未更新'}
2025-12-15 01:37:27,405 - SUCCESS - 更新結果儲存成功:{'全國單日平均糧價': '已更新', '各觀測站近兩年降雨量': '未更新', '產銷履歷與有機蔬果行情': '已更新', '糧價查詢': '已更新', '臺灣地區果品生產概況': '未更新', '臺灣地區特用作物生產概況': '未更新', '臺灣地區稻作種植、收穫面積及產量': '未更新', '臺灣地區稻米生產價值': '未更新', '臺灣地區蔬菜生產概況': '未更新', '臺灣地區農產品生產量值': '未更新', '農情調查': '已更新', '農產品交易行情': '已更新', '農產品產地價格(月平均價格)': '未更新', '農產品產地價格資料': '未更新', '雜糧生產概況': '未更新'}
2025-12-15 23:59:00,302 - SUCCESS - 成功提取 '全國單日平均糧價' 的網頁 Metadata。
2025-12-15 23:59:00,302 - SUCCESS - 成功提取 '全國單日平均糧價' 的網頁 Metadata。
2025-12-15 23:59:00,414 - SUCCESS - '全國單日平均糧價' 的 Metadata 已更新到 metadata.json。
2025-12-15 23:59:00,414 - SUCCESS - '全國單日平均糧價' 的 Metadata 已更新到 metadata.json。
2025-12-15 23:59:03,494 - SUCCESS - <全國單日平均糧價>的資料已下載完成，共 9135 筆資料。
2025-12-15 23:59:03,494 - SUCCESS - <全國單日平均糧價>的資料已下載完成，共 9135 筆資料。
2025-12-15 23:59:05,291 - SUCCESS - 已下載、去重並合併資料完成現有資料 9135 條，新資料 2 條。
2025-12-15 23:59:05,291 - SUCCESS - 已下載、去重並合併資料完成現有資料 9135 條，新資料 2 條。
2025-12-15 23:59:05,349 - SUCCESS - 已下載 '全國單日平均糧價' 的原始 JSON 資料路徑: 'C:\Python\data_moa_gov_tw\raw_data\全國單日平均糧價\全國單日平均糧價.json'
2025-12-15 23:59:05,349 - SUCCESS - 已下載 '全國單日平均糧價' 的原始 JSON 資料路徑: 'C:\Python\data_moa_gov_tw\raw_data\全國單日平均糧價\全國單日平均糧價.json'
2025-12-15 23:59:05,374 - SUCCESS - 插入或更新 '全國單日平均糧價' 的 Metadata 成功。
2025-12-15 23:59:05,374 - SUCCESS - 插入或更新 '全國單日平均糧價' 的 Metadata 成功。
2025-12-15 23:59:05,382 - SUCCESS - 已成功批量插入 '全國單日平均糧價' 的總計 2 條記錄到表格 '1040001' 。
2025-12-15 23:59:05,382 - SUCCESS - 已成功批量插入 '全國單日平均糧價' 的總計 2 條記錄到表格 '1040001' 。
2025-12-15 23:59:05,387 - SUCCESS - '全國單日平均糧價' 的自動更新完成。
2025-12-15 23:59:05,387 - SUCCESS - '全國單日平均糧價' 的自動更新完成。
2025-12-15 23:59:06,952 - SUCCESS - 成功提取 '各觀測站近兩年降雨量' 的網頁 Metadata。
2025-12-15 23:59:06,952 - SUCCESS - 成功提取 '各觀測站近兩年降雨量' 的網頁 Metadata。
2025-12-15 23:59:08,979 - SUCCESS - 成功提取 '產銷履歷與有機蔬果行情' 的網頁 Metadata。
2025-12-15 23:59:08,979 - SUCCESS - 成功提取 '產銷履歷與有機蔬果行情' 的網頁 Metadata。
2025-12-15 23:59:09,049 - SUCCESS - '產銷履歷與有機蔬果行情' 的 Metadata 已更新到 metadata.json。
2025-12-15 23:59:09,049 - SUCCESS - '產銷履歷與有機蔬果行情' 的 Metadata 已更新到 metadata.json。
2025-12-15 23:59:15,443 - SUCCESS - <產銷履歷與有機蔬果行情>的資料已下載完成，共 2298 筆資料。
2025-12-15 23:59:15,443 - SUCCESS - <產銷履歷與有機蔬果行情>的資料已下載完成，共 2298 筆資料。
2025-12-15 23:59:35,003 - SUCCESS - 已下載、去重並合併資料完成現有資料 275718 條，新資料 102 條。
2025-12-15 23:59:35,003 - SUCCESS - 已下載、去重並合併資料完成現有資料 275718 條，新資料 102 條。
2025-12-15 23:59:36,385 - SUCCESS - 已下載 '產銷履歷與有機蔬果行情' 的原始 JSON 資料路徑: 'C:\Python\data_moa_gov_tw\raw_data\產銷履歷與有機蔬果行情\產銷履歷與有機蔬果行情.json'
2025-12-15 23:59:36,385 - SUCCESS - 已下載 '產銷履歷與有機蔬果行情' 的原始 JSON 資料路徑: 'C:\Python\data_moa_gov_tw\raw_data\產銷履歷與有機蔬果行情\產銷履歷與有機蔬果行情.json'
2025-12-15 23:59:36,385 - SUCCESS - 插入或更新 '產銷履歷與有機蔬果行情' 的 Metadata 成功。
2025-12-15 23:59:36,385 - SUCCESS - 插入或更新 '產銷履歷與有機蔬果行情' 的 Metadata 成功。
2025-12-15 23:59:36,432 - SUCCESS - 已成功批量插入 '產銷履歷與有機蔬果行情' 的總計 102 條記錄到表格 '1040003' 。
2025-12-15 23:59:36,432 - SUCCESS - 已成功批量插入 '產銷履歷與有機蔬果行情' 的總計 102 條記錄到表格 '1040003' 。
2025-12-15 23:59:36,513 - SUCCESS - '產銷履歷與有機蔬果行情' 的自動更新完成。
2025-12-15 23:59:36,513 - SUCCESS - '產銷履歷與有機蔬果行情' 的自動更新完成。
2025-12-15 23:59:38,139 - SUCCESS - 成功提取 '糧價查詢' 的網頁 Metadata。
2025-12-15 23:59:38,139 - SUCCESS - 成功提取 '糧價查詢' 的網頁 Metadata。
2025-12-15 23:59:38,166 - SUCCESS - '糧價查詢' 的 Metadata 已更新到 metadata.json。
2025-12-15 23:59:38,166 - SUCCESS - '糧價查詢' 的 Metadata 已更新到 metadata.json。
2025-12-15 23:59:40,408 - SUCCESS - <糧價查詢>的資料已下載完成，共 9999 筆資料。
2025-12-15 23:59:40,408 - SUCCESS - <糧價查詢>的資料已下載完成，共 9999 筆資料。
2025-12-15 23:59:41,173 - SUCCESS - 已下載、去重並合併資料完成現有資料 10219 條，新資料 40 條。
2025-12-15 23:59:41,173 - SUCCESS - 已下載、去重並合併資料完成現有資料 10219 條，新資料 40 條。
2025-12-15 23:59:41,993 - SUCCESS - 已下載 '糧價查詢' 的原始 JSON 資料路徑: 'C:\Python\data_moa_gov_tw\raw_data\糧價查詢\糧價查詢.json'
2025-12-15 23:59:41,993 - SUCCESS - 已下載 '糧價查詢' 的原始 JSON 資料路徑: 'C:\Python\data_moa_gov_tw\raw_data\糧價查詢\糧價查詢.json'
2025-12-15 23:59:42,000 - SUCCESS - 插入或更新 '糧價查詢' 的 Metadata 成功。
2025-12-15 23:59:42,000 - SUCCESS - 插入或更新 '糧價查詢' 的 Metadata 成功。
2025-12-15 23:59:42,032 - SUCCESS - 已成功批量插入 '糧價查詢' 的總計 40 條記錄到表格 '1040004' 。
2025-12-15 23:59:42,032 - SUCCESS - 已成功批量插入 '糧價查詢' 的總計 40 條記錄到表格 '1040004' 。
2025-12-15 23:59:42,040 - SUCCESS - '糧價查詢' 的自動更新完成。
2025-12-15 23:59:42,040 - SUCCESS - '糧價查詢' 的自動更新完成。
2025-12-15 23:59:43,881 - SUCCESS - 成功提取 '臺灣地區果品生產概況' 的網頁 Metadata。
2025-12-15 23:59:43,881 - SUCCESS - 成功提取 '臺灣地區果品生產概況' 的網頁 Metadata。
2025-12-15 23:59:45,393 - SUCCESS - 成功提取 '臺灣地區特用作物生產概況' 的網頁 Metadata。
2025-12-15 23:59:45,393 - SUCCESS - 成功提取 '臺灣地區特用作物生產概況' 的網頁 Metadata。
2025-12-15 23:59:46,905 - SUCCESS - 成功提取 '臺灣地區稻作種植、收穫面積及產量' 的網頁 Metadata。
2025-12-15 23:59:46,905 - SUCCESS - 成功提取 '臺灣地區稻作種植、收穫面積及產量' 的網頁 Metadata。
2025-12-15 23:59:49,302 - SUCCESS - 成功提取 '臺灣地區稻米生產價值' 的網頁 Metadata。
2025-12-15 23:59:49,302 - SUCCESS - 成功提取 '臺灣地區稻米生產價值' 的網頁 Metadata。
2025-12-15 23:59:50,949 - SUCCESS - 成功提取 '臺灣地區蔬菜生產概況' 的網頁 Metadata。
2025-12-15 23:59:50,949 - SUCCESS - 成功提取 '臺灣地區蔬菜生產概況' 的網頁 Metadata。
2025-12-15 23:59:52,340 - SUCCESS - 成功提取 '臺灣地區農產品生產量值' 的網頁 Metadata。
2025-12-15 23:59:52,340 - SUCCESS - 成功提取 '臺灣地區農產品生產量值' 的網頁 Metadata。
2025-12-15 23:59:53,775 - SUCCESS - 成功提取 '農情調查' 的網頁 Metadata。
2025-12-15 23:59:53,775 - SUCCESS - 成功提取 '農情調查' 的網頁 Metadata。
2025-12-15 23:59:53,808 - SUCCESS - '農情調查' 的 Metadata 已更新到 metadata.json。
2025-12-15 23:59:53,808 - SUCCESS - '農情調查' 的 Metadata 已更新到 metadata.json。
2025-12-15 23:59:57,149 - SUCCESS - <農情調查>的資料已下載完成，共 9999 筆資料。
2025-12-15 23:59:57,149 - SUCCESS - <農情調查>的資料已下載完成，共 9999 筆資料。
2025-12-15 23:59:58,195 - SUCCESS - 已下載、去重並合併資料完成現有資料 45259 條，新資料 0 條。
2025-12-15 23:59:58,195 - SUCCESS - 已下載、去重並合併資料完成現有資料 45259 條，新資料 0 條。
2025-12-15 23:59:58,505 - SUCCESS - 插入或更新 '農情調查' 的 Metadata 成功。
2025-12-15 23:59:58,505 - SUCCESS - 插入或更新 '農情調查' 的 Metadata 成功。
2025-12-15 23:59:58,523 - SUCCESS - '農情調查' 的自動更新完成。
2025-12-15 23:59:58,523 - SUCCESS - '農情調查' 的自動更新完成。
2025-12-16 00:00:00,180 - SUCCESS - 成功提取 '農產品交易行情' 的網頁 Metadata。
2025-12-16 00:00:00,180 - SUCCESS - 成功提取 '農產品交易行情' 的網頁 Metadata。
2025-12-16 00:00:00,211 - SUCCESS - '農產品交易行情' 的 Metadata 已更新到 metadata.json。
2025-12-16 00:00:00,211 - SUCCESS - '農產品交易行情' 的 Metadata 已更新到 metadata.json。
2025-12-16 00:01:41,736 - SUCCESS - <農產品交易行情>的資料已下載完成，共 7194 筆資料。
2025-12-16 00:01:41,736 - SUCCESS - <農產品交易行情>的資料已下載完成，共 7194 筆資料。
2025-12-16 00:02:06,891 - SUCCESS - 已下載、去重並合併資料完成現有資料 521921 條，新資料 1782 條。
2025-12-16 00:02:06,891 - SUCCESS - 已下載、去重並合併資料完成現有資料 521921 條，新資料 1782 條。
2025-12-16 00:02:09,539 - SUCCESS - 已下載 '農產品交易行情' 的原始 JSON 資料路徑: 'C:\Python\data_moa_gov_tw\raw_data\農產品交易行情\農產品交易行情.json'
2025-12-16 00:02:09,539 - SUCCESS - 已下載 '農產品交易行情' 的原始 JSON 資料路徑: 'C:\Python\data_moa_gov_tw\raw_data\農產品交易行情\農產品交易行情.json'
2025-12-16 00:02:09,544 - SUCCESS - 插入或更新 '農產品交易行情' 的 Metadata 成功。
2025-12-16 00:02:09,544 - SUCCESS - 插入或更新 '農產品交易行情' 的 Metadata 成功。
2025-12-16 00:02:10,293 - SUCCESS - 已成功批量插入 '農產品交易行情' 的總計 1782 條記錄到表格 '1040012' 。
2025-12-16 00:02:10,293 - SUCCESS - 已成功批量插入 '農產品交易行情' 的總計 1782 條記錄到表格 '1040012' 。
2025-12-16 00:02:10,503 - SUCCESS - '農產品交易行情' 的自動更新完成。
2025-12-16 00:02:10,503 - SUCCESS - '農產品交易行情' 的自動更新完成。
2025-12-16 00:02:19,577 - SUCCESS - 成功提取 '農產品產地價格(月平均價格)' 的網頁 Metadata。
2025-12-16 00:02:19,577 - SUCCESS - 成功提取 '農產品產地價格(月平均價格)' 的網頁 Metadata。
2025-12-16 00:02:20,798 - SUCCESS - 成功提取 '農產品產地價格資料' 的網頁 Metadata。
2025-12-16 00:02:20,798 - SUCCESS - 成功提取 '農產品產地價格資料' 的網頁 Metadata。
2025-12-16 00:02:22,130 - SUCCESS - 成功提取 '雜糧生產概況' 的網頁 Metadata。
2025-12-16 00:02:22,130 - SUCCESS - 成功提取 '雜糧生產概況' 的網頁 Metadata。
2025-12-16 00:02:23,153 - SUCCESS - 已成功儲存次要資訊。
2025-12-16 00:02:23,153 - SUCCESS - 已成功儲存次要資訊。
2025-12-16 00:02:23,153 - SUCCESS - 更新結果儲存成功:{'全國單日平均糧價': '已更新', '各觀測站近兩年降雨量': '未更新', '產銷履歷與有機蔬果行情': '已更新', '糧價查詢': '已更新', '臺灣地區果品生產概況': '未更新', '臺灣地區特用作物生產概況': '未更新', '臺灣地區稻作種植、收穫面積及產量': '未更新', '臺灣地區稻米生產價值': '未更新', '臺灣地區蔬菜生產概況': '未更新', '臺灣地區農產品生產量值': '未更新', '農情調查': '已更新', '農產品交易行情': '已更新', '農產品產地價格(月平均價格)': '未更新', '農產品產地價格資料': '未更新', '雜糧生產概況': '未更新'}
2025-12-16 00:02:23,153 - SUCCESS - 更新結果儲存成功:{'全國單日平均糧價': '已更新', '各觀測站近兩年降雨量': '未更新', '產銷履歷與有機蔬果行情': '已更新', '糧價查詢': '已更新', '臺灣地區果品生產概況': '未更新', '臺灣地區特用作物生產概況': '未更新', '臺灣地區稻作種植、收穫面積及產量': '未更新', '臺灣地區稻米生產價值': '未更新', '臺灣地區蔬菜生產概況': '未更新', '臺灣地區農產品生產量值': '未更新', '農情調查': '已更新', '農產品交易行情': '已更新', '農產品產地價格(月平均價格)': '未更新', '農產品產地價格資料': '未更新', '雜糧生產概況': '未更新'}
