2026-02-11 22:23:24,171 - SUCCESS - 成功提取 '全國單日平均糧價' 的網頁 Metadata。
2026-02-11 22:23:24,171 - SUCCESS - 成功提取 '全國單日平均糧價' 的網頁 Metadata。
2026-02-11 22:23:24,232 - SUCCESS - '全國單日平均糧價' 的 Metadata 已更新到 metadata.json。
2026-02-11 22:23:24,232 - SUCCESS - '全國單日平均糧價' 的 Metadata 已更新到 metadata.json。
2026-02-11 22:23:25,416 - SUCCESS - <全國單日平均糧價>的資料已下載完成，共 9193 筆資料。
2026-02-11 22:23:25,416 - SUCCESS - <全國單日平均糧價>的資料已下載完成，共 9193 筆資料。
2026-02-11 22:31:31,921 - SUCCESS - 成功提取 '全國單日平均糧價' 的網頁 Metadata。
2026-02-11 22:31:31,921 - SUCCESS - 成功提取 '全國單日平均糧價' 的網頁 Metadata。
2026-02-11 22:31:31,994 - SUCCESS - '全國單日平均糧價' 的 Metadata 已更新到 metadata.json。
2026-02-11 22:31:31,994 - SUCCESS - '全國單日平均糧價' 的 Metadata 已更新到 metadata.json。
2026-02-11 22:31:33,499 - SUCCESS - <全國單日平均糧價>的資料已下載完成，共 9193 筆資料。
2026-02-11 22:31:33,499 - SUCCESS - <全國單日平均糧價>的資料已下載完成，共 9193 筆資料。
2026-02-11 22:31:33,655 - SUCCESS - 已下載、去重並合併資料完成現有資料 73 條，新資料 73 條。
2026-02-11 22:31:33,655 - SUCCESS - 已下載、去重並合併資料完成現有資料 73 條，新資料 73 條。
2026-02-11 22:31:33,825 - SUCCESS - 已下載 '全國單日平均糧價' 的原始 JSON 資料路徑: 'C:\Python\data_moa_gov_tw\raw_data\全國單日平均糧價\全國單日平均糧價.json'
2026-02-11 22:31:33,825 - SUCCESS - 已下載 '全國單日平均糧價' 的原始 JSON 資料路徑: 'C:\Python\data_moa_gov_tw\raw_data\全國單日平均糧價\全國單日平均糧價.json'
2026-02-11 22:31:33,849 - SUCCESS - 插入或更新 '全國單日平均糧價' 的 Metadata 成功。
2026-02-11 22:31:33,849 - SUCCESS - 插入或更新 '全國單日平均糧價' 的 Metadata 成功。
2026-02-11 22:31:33,865 - SUCCESS - 已成功批量插入 '全國單日平均糧價' 的總計 1 條記錄到表格 '1040001' 。
2026-02-11 22:31:33,865 - SUCCESS - 已成功批量插入 '全國單日平均糧價' 的總計 1 條記錄到表格 '1040001' 。
2026-02-11 22:31:33,865 - SUCCESS - '全國單日平均糧價' 的自動更新完成。
2026-02-11 22:31:33,865 - SUCCESS - '全國單日平均糧價' 的自動更新完成。
2026-02-11 22:31:35,562 - SUCCESS - 成功提取 '各觀測站近兩年降雨量' 的網頁 Metadata。
2026-02-11 22:31:35,562 - SUCCESS - 成功提取 '各觀測站近兩年降雨量' 的網頁 Metadata。
2026-02-11 22:31:37,757 - SUCCESS - 成功提取 '產銷履歷與有機蔬果行情' 的網頁 Metadata。
2026-02-11 22:31:37,757 - SUCCESS - 成功提取 '產銷履歷與有機蔬果行情' 的網頁 Metadata。
2026-02-11 22:31:37,814 - SUCCESS - '產銷履歷與有機蔬果行情' 的 Metadata 已更新到 metadata.json。
2026-02-11 22:31:37,814 - SUCCESS - '產銷履歷與有機蔬果行情' 的 Metadata 已更新到 metadata.json。
2026-02-11 22:31:51,882 - SUCCESS - <產銷履歷與有機蔬果行情>的資料已下載完成，共 4742 筆資料。
2026-02-11 22:31:51,882 - SUCCESS - <產銷履歷與有機蔬果行情>的資料已下載完成，共 4742 筆資料。
2026-02-11 22:31:52,162 - SUCCESS - 已下載、去重並合併資料完成現有資料 4742 條，新資料 4742 條。
2026-02-11 22:31:52,162 - SUCCESS - 已下載、去重並合併資料完成現有資料 4742 條，新資料 4742 條。
2026-02-11 22:31:54,082 - SUCCESS - 已下載 '產銷履歷與有機蔬果行情' 的原始 JSON 資料路徑: 'C:\Python\data_moa_gov_tw\raw_data\產銷履歷與有機蔬果行情\產銷履歷與有機蔬果行情.json'
2026-02-11 22:31:54,082 - SUCCESS - 已下載 '產銷履歷與有機蔬果行情' 的原始 JSON 資料路徑: 'C:\Python\data_moa_gov_tw\raw_data\產銷履歷與有機蔬果行情\產銷履歷與有機蔬果行情.json'
2026-02-11 22:31:54,098 - SUCCESS - 插入或更新 '產銷履歷與有機蔬果行情' 的 Metadata 成功。
2026-02-11 22:31:54,098 - SUCCESS - 插入或更新 '產銷履歷與有機蔬果行情' 的 Metadata 成功。
2026-02-11 22:31:54,956 - SUCCESS - 已成功批量插入 '產銷履歷與有機蔬果行情' 的總計 2333 條記錄到表格 '1040003' 。
2026-02-11 22:31:54,956 - SUCCESS - 已成功批量插入 '產銷履歷與有機蔬果行情' 的總計 2333 條記錄到表格 '1040003' 。
2026-02-11 22:31:54,973 - SUCCESS - '產銷履歷與有機蔬果行情' 的自動更新完成。
2026-02-11 22:31:54,973 - SUCCESS - '產銷履歷與有機蔬果行情' 的自動更新完成。
2026-02-11 22:31:56,957 - SUCCESS - 成功提取 '糧價查詢' 的網頁 Metadata。
2026-02-11 22:31:56,957 - SUCCESS - 成功提取 '糧價查詢' 的網頁 Metadata。
2026-02-11 22:31:56,998 - SUCCESS - '糧價查詢' 的 Metadata 已更新到 metadata.json。
2026-02-11 22:31:56,998 - SUCCESS - '糧價查詢' 的 Metadata 已更新到 metadata.json。
2026-02-11 22:31:59,278 - SUCCESS - <糧價查詢>的資料已下載完成，共 9999 筆資料。
2026-02-11 22:31:59,278 - SUCCESS - <糧價查詢>的資料已下載完成，共 9999 筆資料。
2026-02-11 22:31:59,345 - SUCCESS - 已下載、去重並合併資料完成現有資料 1460 條，新資料 1460 條。
2026-02-11 22:31:59,345 - SUCCESS - 已下載、去重並合併資料完成現有資料 1460 條，新資料 1460 條。
2026-02-11 22:32:00,240 - SUCCESS - 已下載 '糧價查詢' 的原始 JSON 資料路徑: 'C:\Python\data_moa_gov_tw\raw_data\糧價查詢\糧價查詢.json'
2026-02-11 22:32:00,240 - SUCCESS - 已下載 '糧價查詢' 的原始 JSON 資料路徑: 'C:\Python\data_moa_gov_tw\raw_data\糧價查詢\糧價查詢.json'
2026-02-11 22:32:00,240 - SUCCESS - 插入或更新 '糧價查詢' 的 Metadata 成功。
2026-02-11 22:32:00,240 - SUCCESS - 插入或更新 '糧價查詢' 的 Metadata 成功。
2026-02-11 22:32:00,283 - SUCCESS - 已成功批量插入 '糧價查詢' 的總計 20 條記錄到表格 '1040004' 。
2026-02-11 22:32:00,283 - SUCCESS - 已成功批量插入 '糧價查詢' 的總計 20 條記錄到表格 '1040004' 。
2026-02-11 22:32:00,283 - SUCCESS - '糧價查詢' 的自動更新完成。
2026-02-11 22:32:00,283 - SUCCESS - '糧價查詢' 的自動更新完成。
2026-02-11 22:32:02,321 - SUCCESS - 成功提取 '臺灣地區果品生產概況' 的網頁 Metadata。
2026-02-11 22:32:02,321 - SUCCESS - 成功提取 '臺灣地區果品生產概況' 的網頁 Metadata。
2026-02-11 22:32:04,528 - SUCCESS - 成功提取 '臺灣地區特用作物生產概況' 的網頁 Metadata。
2026-02-11 22:32:04,528 - SUCCESS - 成功提取 '臺灣地區特用作物生產概況' 的網頁 Metadata。
2026-02-11 22:32:05,948 - SUCCESS - 成功提取 '臺灣地區稻作種植、收穫面積及產量' 的網頁 Metadata。
2026-02-11 22:32:05,948 - SUCCESS - 成功提取 '臺灣地區稻作種植、收穫面積及產量' 的網頁 Metadata。
2026-02-11 22:32:07,582 - SUCCESS - 成功提取 '臺灣地區稻米生產價值' 的網頁 Metadata。
2026-02-11 22:32:07,582 - SUCCESS - 成功提取 '臺灣地區稻米生產價值' 的網頁 Metadata。
2026-02-11 22:32:09,686 - SUCCESS - 成功提取 '臺灣地區蔬菜生產概況' 的網頁 Metadata。
2026-02-11 22:32:09,686 - SUCCESS - 成功提取 '臺灣地區蔬菜生產概況' 的網頁 Metadata。
2026-02-11 22:32:11,487 - SUCCESS - 成功提取 '臺灣地區農產品生產量值' 的網頁 Metadata。
2026-02-11 22:32:11,487 - SUCCESS - 成功提取 '臺灣地區農產品生產量值' 的網頁 Metadata。
2026-02-11 22:32:13,022 - SUCCESS - 成功提取 '農情調查' 的網頁 Metadata。
2026-02-11 22:32:13,022 - SUCCESS - 成功提取 '農情調查' 的網頁 Metadata。
2026-02-11 22:32:13,087 - SUCCESS - '農情調查' 的 Metadata 已更新到 metadata.json。
2026-02-11 22:32:13,087 - SUCCESS - '農情調查' 的 Metadata 已更新到 metadata.json。
2026-02-11 22:32:17,107 - SUCCESS - <農情調查>的資料已下載完成，共 9999 筆資料。
2026-02-11 22:32:17,107 - SUCCESS - <農情調查>的資料已下載完成，共 9999 筆資料。
2026-02-11 22:32:17,126 - SUCCESS - 已下載、去重並合併資料完成現有資料 0 條，新資料 0 條。
2026-02-11 22:32:17,126 - SUCCESS - 已下載、去重並合併資料完成現有資料 0 條，新資料 0 條。
2026-02-11 22:32:18,658 - SUCCESS - 成功提取 '農產品交易行情' 的網頁 Metadata。
2026-02-11 22:32:18,658 - SUCCESS - 成功提取 '農產品交易行情' 的網頁 Metadata。
2026-02-11 22:32:18,709 - SUCCESS - '農產品交易行情' 的 Metadata 已更新到 metadata.json。
2026-02-11 22:32:18,709 - SUCCESS - '農產品交易行情' 的 Metadata 已更新到 metadata.json。
2026-02-11 22:32:53,477 - SUCCESS - <農產品交易行情>的資料已下載完成，共 12188 筆資料。
2026-02-11 22:32:53,477 - SUCCESS - <農產品交易行情>的資料已下載完成，共 12188 筆資料。
2026-02-11 22:32:53,776 - SUCCESS - 已下載、去重並合併資料完成現有資料 12188 條，新資料 12188 條。
2026-02-11 22:32:53,776 - SUCCESS - 已下載、去重並合併資料完成現有資料 12188 條，新資料 12188 條。
2026-02-11 22:32:56,997 - SUCCESS - 已下載 '農產品交易行情' 的原始 JSON 資料路徑: 'C:\Python\data_moa_gov_tw\raw_data\農產品交易行情\農產品交易行情.json'
2026-02-11 22:32:56,997 - SUCCESS - 已下載 '農產品交易行情' 的原始 JSON 資料路徑: 'C:\Python\data_moa_gov_tw\raw_data\農產品交易行情\農產品交易行情.json'
2026-02-11 22:32:56,997 - SUCCESS - 插入或更新 '農產品交易行情' 的 Metadata 成功。
2026-02-11 22:32:56,997 - SUCCESS - 插入或更新 '農產品交易行情' 的 Metadata 成功。
2026-02-11 22:32:58,489 - SUCCESS - 已成功批量插入 '農產品交易行情' 的總計 3562 條記錄到表格 '1040012' 。
2026-02-11 22:32:58,489 - SUCCESS - 已成功批量插入 '農產品交易行情' 的總計 3562 條記錄到表格 '1040012' 。
2026-02-11 22:32:58,494 - SUCCESS - '農產品交易行情' 的自動更新完成。
2026-02-11 22:32:58,494 - SUCCESS - '農產品交易行情' 的自動更新完成。
2026-02-11 22:33:00,486 - SUCCESS - 成功提取 '農產品產地價格(月平均價格)' 的網頁 Metadata。
2026-02-11 22:33:00,486 - SUCCESS - 成功提取 '農產品產地價格(月平均價格)' 的網頁 Metadata。
2026-02-11 22:33:02,024 - SUCCESS - 成功提取 '農產品產地價格資料' 的網頁 Metadata。
2026-02-11 22:33:02,024 - SUCCESS - 成功提取 '農產品產地價格資料' 的網頁 Metadata。
2026-02-11 22:33:02,075 - SUCCESS - '農產品產地價格資料' 的 Metadata 已更新到 metadata.json。
2026-02-11 22:33:02,075 - SUCCESS - '農產品產地價格資料' 的 Metadata 已更新到 metadata.json。
2026-02-11 22:33:03,135 - SUCCESS - <農產品產地價格資料>的資料已下載完成，共 9999 筆資料。
2026-02-11 22:33:03,135 - SUCCESS - <農產品產地價格資料>的資料已下載完成，共 9999 筆資料。
2026-02-11 22:33:03,454 - SUCCESS - 已下載、去重並合併資料完成現有資料 2458 條，新資料 2458 條。
2026-02-11 22:33:03,454 - SUCCESS - 已下載、去重並合併資料完成現有資料 2458 條，新資料 2458 條。
2026-02-11 22:33:04,749 - SUCCESS - 已下載 '農產品產地價格資料' 的原始 JSON 資料路徑: 'C:\Python\data_moa_gov_tw\raw_data\農產品產地價格資料\農產品產地價格資料.json'
2026-02-11 22:33:04,749 - SUCCESS - 已下載 '農產品產地價格資料' 的原始 JSON 資料路徑: 'C:\Python\data_moa_gov_tw\raw_data\農產品產地價格資料\農產品產地價格資料.json'
2026-02-11 22:33:04,749 - SUCCESS - 插入或更新 '農產品產地價格資料' 的 Metadata 成功。
2026-02-11 22:33:04,749 - SUCCESS - 插入或更新 '農產品產地價格資料' 的 Metadata 成功。
2026-02-11 22:33:04,786 - SUCCESS - 已成功批量插入 '農產品產地價格資料' 的總計 11 條記錄到表格 '1040014' 。
2026-02-11 22:33:04,786 - SUCCESS - 已成功批量插入 '農產品產地價格資料' 的總計 11 條記錄到表格 '1040014' 。
2026-02-11 22:33:04,787 - SUCCESS - '農產品產地價格資料' 的自動更新完成。
2026-02-11 22:33:04,787 - SUCCESS - '農產品產地價格資料' 的自動更新完成。
2026-02-11 22:33:06,046 - SUCCESS - 成功提取 '雜糧生產概況' 的網頁 Metadata。
2026-02-11 22:33:06,046 - SUCCESS - 成功提取 '雜糧生產概況' 的網頁 Metadata。
2026-02-11 22:33:07,049 - SUCCESS - 已成功儲存次要資訊。
2026-02-11 22:33:07,049 - SUCCESS - 已成功儲存次要資訊。
2026-02-11 22:33:07,049 - SUCCESS - 更新結果儲存成功:{'全國單日平均糧價': '已更新', '各觀測站近兩年降雨量': '未更新', '產銷履歷與有機蔬果行情': '已更新', '糧價查詢': '已更新', '臺灣地區果品生產概況': '未更新', '臺灣地區特用作物生產概況': '未更新', '臺灣地區稻作種植、收穫面積及產量': '未更新', '臺灣地區稻米生產價值': '未更新', '臺灣地區蔬菜生產概況': '未更新', '臺灣地區農產品生產量值': '未更新', '農情調查': '未更新', '農產品交易行情': '已更新', '農產品產地價格(月平均價格)': '未更新', '農產品產地價格資料': '已更新', '雜糧生產概況': '未更新'}
2026-02-11 22:33:07,049 - SUCCESS - 更新結果儲存成功:{'全國單日平均糧價': '已更新', '各觀測站近兩年降雨量': '未更新', '產銷履歷與有機蔬果行情': '已更新', '糧價查詢': '已更新', '臺灣地區果品生產概況': '未更新', '臺灣地區特用作物生產概況': '未更新', '臺灣地區稻作種植、收穫面積及產量': '未更新', '臺灣地區稻米生產價值': '未更新', '臺灣地區蔬菜生產概況': '未更新', '臺灣地區農產品生產量值': '未更新', '農情調查': '未更新', '農產品交易行情': '已更新', '農產品產地價格(月平均價格)': '未更新', '農產品產地價格資料': '已更新', '雜糧生產概況': '未更新'}
2026-02-11 22:37:23,265 - SUCCESS - 成功提取 '全國單日平均糧價' 的網頁 Metadata。
2026-02-11 22:37:23,265 - SUCCESS - 成功提取 '全國單日平均糧價' 的網頁 Metadata。
2026-02-11 22:37:24,873 - SUCCESS - 成功提取 '各觀測站近兩年降雨量' 的網頁 Metadata。
2026-02-11 22:37:24,873 - SUCCESS - 成功提取 '各觀測站近兩年降雨量' 的網頁 Metadata。
2026-02-11 22:37:27,167 - SUCCESS - 成功提取 '產銷履歷與有機蔬果行情' 的網頁 Metadata。
2026-02-11 22:37:27,167 - SUCCESS - 成功提取 '產銷履歷與有機蔬果行情' 的網頁 Metadata。
2026-02-11 22:37:28,601 - SUCCESS - 成功提取 '糧價查詢' 的網頁 Metadata。
2026-02-11 22:37:28,601 - SUCCESS - 成功提取 '糧價查詢' 的網頁 Metadata。
2026-02-11 22:37:30,093 - SUCCESS - 成功提取 '臺灣地區果品生產概況' 的網頁 Metadata。
2026-02-11 22:37:30,093 - SUCCESS - 成功提取 '臺灣地區果品生產概況' 的網頁 Metadata。
2026-02-11 22:37:31,562 - SUCCESS - 成功提取 '臺灣地區特用作物生產概況' 的網頁 Metadata。
2026-02-11 22:37:31,562 - SUCCESS - 成功提取 '臺灣地區特用作物生產概況' 的網頁 Metadata。
2026-02-11 22:37:33,127 - SUCCESS - 成功提取 '臺灣地區稻作種植、收穫面積及產量' 的網頁 Metadata。
2026-02-11 22:37:33,127 - SUCCESS - 成功提取 '臺灣地區稻作種植、收穫面積及產量' 的網頁 Metadata。
2026-02-11 22:37:34,718 - SUCCESS - 成功提取 '臺灣地區稻米生產價值' 的網頁 Metadata。
2026-02-11 22:37:34,718 - SUCCESS - 成功提取 '臺灣地區稻米生產價值' 的網頁 Metadata。
2026-02-11 22:37:36,002 - SUCCESS - 成功提取 '臺灣地區蔬菜生產概況' 的網頁 Metadata。
2026-02-11 22:37:36,002 - SUCCESS - 成功提取 '臺灣地區蔬菜生產概況' 的網頁 Metadata。
2026-02-11 22:37:37,565 - SUCCESS - 成功提取 '臺灣地區農產品生產量值' 的網頁 Metadata。
2026-02-11 22:37:37,565 - SUCCESS - 成功提取 '臺灣地區農產品生產量值' 的網頁 Metadata。
2026-02-11 22:37:39,187 - SUCCESS - 成功提取 '農情調查' 的網頁 Metadata。
2026-02-11 22:37:39,187 - SUCCESS - 成功提取 '農情調查' 的網頁 Metadata。
2026-02-11 22:37:39,235 - SUCCESS - '農情調查' 的 Metadata 已更新到 metadata.json。
2026-02-11 22:37:39,235 - SUCCESS - '農情調查' 的 Metadata 已更新到 metadata.json。
2026-02-11 22:37:42,100 - SUCCESS - <農情調查>的資料已下載完成，共 9999 筆資料。
2026-02-11 22:37:42,100 - SUCCESS - <農情調查>的資料已下載完成，共 9999 筆資料。
2026-02-11 22:37:42,123 - SUCCESS - 已下載、去重並合併資料完成現有資料 0 條，新資料 0 條。
2026-02-11 22:37:42,123 - SUCCESS - 已下載、去重並合併資料完成現有資料 0 條，新資料 0 條。
2026-02-11 22:37:44,309 - SUCCESS - 成功提取 '農產品交易行情' 的網頁 Metadata。
2026-02-11 22:37:44,309 - SUCCESS - 成功提取 '農產品交易行情' 的網頁 Metadata。
2026-02-11 22:37:45,773 - SUCCESS - 成功提取 '農產品產地價格(月平均價格)' 的網頁 Metadata。
2026-02-11 22:37:45,773 - SUCCESS - 成功提取 '農產品產地價格(月平均價格)' 的網頁 Metadata。
2026-02-11 22:37:47,443 - SUCCESS - 成功提取 '農產品產地價格資料' 的網頁 Metadata。
2026-02-11 22:37:47,443 - SUCCESS - 成功提取 '農產品產地價格資料' 的網頁 Metadata。
2026-02-11 22:37:48,744 - SUCCESS - 成功提取 '雜糧生產概況' 的網頁 Metadata。
2026-02-11 22:37:48,744 - SUCCESS - 成功提取 '雜糧生產概況' 的網頁 Metadata。
2026-02-11 22:37:49,745 - SUCCESS - 已成功儲存次要資訊。
2026-02-11 22:37:49,745 - SUCCESS - 已成功儲存次要資訊。
2026-02-11 22:37:49,745 - SUCCESS - 更新結果儲存成功:{'全國單日平均糧價': '未更新', '各觀測站近兩年降雨量': '未更新', '產銷履歷與有機蔬果行情': '未更新', '糧價查詢': '未更新', '臺灣地區果品生產概況': '未更新', '臺灣地區特用作物生產概況': '未更新', '臺灣地區稻作種植、收穫面積及產量': '未更新', '臺灣地區稻米生產價值': '未更新', '臺灣地區蔬菜生產概況': '未更新', '臺灣地區農產品生產量值': '未更新', '農情調查': '未更新', '農產品交易行情': '未更新', '農產品產地價格(月平均價格)': '未更新', '農產品產地價格資料': '未更新', '雜糧生產概況': '未更新'}
2026-02-11 22:37:49,745 - SUCCESS - 更新結果儲存成功:{'全國單日平均糧價': '未更新', '各觀測站近兩年降雨量': '未更新', '產銷履歷與有機蔬果行情': '未更新', '糧價查詢': '未更新', '臺灣地區果品生產概況': '未更新', '臺灣地區特用作物生產概況': '未更新', '臺灣地區稻作種植、收穫面積及產量': '未更新', '臺灣地區稻米生產價值': '未更新', '臺灣地區蔬菜生產概況': '未更新', '臺灣地區農產品生產量值': '未更新', '農情調查': '未更新', '農產品交易行情': '未更新', '農產品產地價格(月平均價格)': '未更新', '農產品產地價格資料': '未更新', '雜糧生產概況': '未更新'}
2026-02-11 22:38:07,147 - SUCCESS - 成功提取 '全國單日平均糧價' 的網頁 Metadata。
2026-02-11 22:38:07,147 - SUCCESS - 成功提取 '全國單日平均糧價' 的網頁 Metadata。
2026-02-11 22:38:08,815 - SUCCESS - 成功提取 '各觀測站近兩年降雨量' 的網頁 Metadata。
2026-02-11 22:38:08,815 - SUCCESS - 成功提取 '各觀測站近兩年降雨量' 的網頁 Metadata。
2026-02-11 22:38:10,696 - SUCCESS - 成功提取 '產銷履歷與有機蔬果行情' 的網頁 Metadata。
2026-02-11 22:38:10,696 - SUCCESS - 成功提取 '產銷履歷與有機蔬果行情' 的網頁 Metadata。
2026-02-11 22:38:12,093 - SUCCESS - 成功提取 '糧價查詢' 的網頁 Metadata。
2026-02-11 22:38:12,093 - SUCCESS - 成功提取 '糧價查詢' 的網頁 Metadata。
2026-02-11 22:38:13,575 - SUCCESS - 成功提取 '臺灣地區果品生產概況' 的網頁 Metadata。
2026-02-11 22:38:13,575 - SUCCESS - 成功提取 '臺灣地區果品生產概況' 的網頁 Metadata。
2026-02-11 22:38:15,179 - SUCCESS - 成功提取 '臺灣地區特用作物生產概況' 的網頁 Metadata。
2026-02-11 22:38:15,179 - SUCCESS - 成功提取 '臺灣地區特用作物生產概況' 的網頁 Metadata。
2026-02-11 22:38:16,505 - SUCCESS - 成功提取 '臺灣地區稻作種植、收穫面積及產量' 的網頁 Metadata。
2026-02-11 22:38:16,505 - SUCCESS - 成功提取 '臺灣地區稻作種植、收穫面積及產量' 的網頁 Metadata。
2026-02-11 22:38:17,895 - SUCCESS - 成功提取 '臺灣地區稻米生產價值' 的網頁 Metadata。
2026-02-11 22:38:17,895 - SUCCESS - 成功提取 '臺灣地區稻米生產價值' 的網頁 Metadata。
2026-02-11 22:38:19,319 - SUCCESS - 成功提取 '臺灣地區蔬菜生產概況' 的網頁 Metadata。
2026-02-11 22:38:19,319 - SUCCESS - 成功提取 '臺灣地區蔬菜生產概況' 的網頁 Metadata。
2026-02-11 22:38:20,594 - SUCCESS - 成功提取 '臺灣地區農產品生產量值' 的網頁 Metadata。
2026-02-11 22:38:20,594 - SUCCESS - 成功提取 '臺灣地區農產品生產量值' 的網頁 Metadata。
2026-02-11 22:38:22,065 - SUCCESS - 成功提取 '農情調查' 的網頁 Metadata。
2026-02-11 22:38:22,065 - SUCCESS - 成功提取 '農情調查' 的網頁 Metadata。
2026-02-11 22:38:22,112 - SUCCESS - '農情調查' 的 Metadata 已更新到 metadata.json。
2026-02-11 22:38:22,112 - SUCCESS - '農情調查' 的 Metadata 已更新到 metadata.json。
2026-02-11 22:38:25,629 - SUCCESS - <農情調查>的資料已下載完成，共 9999 筆資料。
2026-02-11 22:38:25,629 - SUCCESS - <農情調查>的資料已下載完成，共 9999 筆資料。
2026-02-11 22:38:25,651 - SUCCESS - 已下載、去重並合併資料完成現有資料 0 條，新資料 0 條。
2026-02-11 22:38:25,651 - SUCCESS - 已下載、去重並合併資料完成現有資料 0 條，新資料 0 條。
2026-02-11 22:38:27,110 - SUCCESS - 成功提取 '農產品交易行情' 的網頁 Metadata。
2026-02-11 22:38:27,110 - SUCCESS - 成功提取 '農產品交易行情' 的網頁 Metadata。
2026-02-11 22:38:28,638 - SUCCESS - 成功提取 '農產品產地價格(月平均價格)' 的網頁 Metadata。
2026-02-11 22:38:28,638 - SUCCESS - 成功提取 '農產品產地價格(月平均價格)' 的網頁 Metadata。
2026-02-11 22:38:30,297 - SUCCESS - 成功提取 '農產品產地價格資料' 的網頁 Metadata。
2026-02-11 22:38:30,297 - SUCCESS - 成功提取 '農產品產地價格資料' 的網頁 Metadata。
2026-02-11 22:38:31,542 - SUCCESS - 成功提取 '雜糧生產概況' 的網頁 Metadata。
2026-02-11 22:38:31,542 - SUCCESS - 成功提取 '雜糧生產概況' 的網頁 Metadata。
2026-02-11 22:38:32,543 - SUCCESS - 已成功儲存次要資訊。
2026-02-11 22:38:32,543 - SUCCESS - 已成功儲存次要資訊。
2026-02-11 22:38:32,543 - SUCCESS - 更新結果儲存成功:{'全國單日平均糧價': '未更新', '各觀測站近兩年降雨量': '未更新', '產銷履歷與有機蔬果行情': '未更新', '糧價查詢': '未更新', '臺灣地區果品生產概況': '未更新', '臺灣地區特用作物生產概況': '未更新', '臺灣地區稻作種植、收穫面積及產量': '未更新', '臺灣地區稻米生產價值': '未更新', '臺灣地區蔬菜生產概況': '未更新', '臺灣地區農產品生產量值': '未更新', '農情調查': '未更新', '農產品交易行情': '未更新', '農產品產地價格(月平均價格)': '未更新', '農產品產地價格資料': '未更新', '雜糧生產概況': '未更新'}
2026-02-11 22:38:32,543 - SUCCESS - 更新結果儲存成功:{'全國單日平均糧價': '未更新', '各觀測站近兩年降雨量': '未更新', '產銷履歷與有機蔬果行情': '未更新', '糧價查詢': '未更新', '臺灣地區果品生產概況': '未更新', '臺灣地區特用作物生產概況': '未更新', '臺灣地區稻作種植、收穫面積及產量': '未更新', '臺灣地區稻米生產價值': '未更新', '臺灣地區蔬菜生產概況': '未更新', '臺灣地區農產品生產量值': '未更新', '農情調查': '未更新', '農產品交易行情': '未更新', '農產品產地價格(月平均價格)': '未更新', '農產品產地價格資料': '未更新', '雜糧生產概況': '未更新'}
2026-02-11 22:38:32,609 - SUCCESS - 已成功儲存次要資訊到資料庫。
2026-02-11 22:38:32,609 - SUCCESS - 已成功儲存次要資訊到資料庫。
2026-02-11 22:49:03,259 - SUCCESS - 成功提取 '全國單日平均糧價' 的網頁 Metadata。
2026-02-11 22:49:03,259 - SUCCESS - 成功提取 '全國單日平均糧價' 的網頁 Metadata。
2026-02-11 22:49:04,553 - SUCCESS - 成功提取 '各觀測站近兩年降雨量' 的網頁 Metadata。
2026-02-11 22:49:04,553 - SUCCESS - 成功提取 '各觀測站近兩年降雨量' 的網頁 Metadata。
2026-02-11 22:49:06,494 - SUCCESS - 成功提取 '產銷履歷與有機蔬果行情' 的網頁 Metadata。
2026-02-11 22:49:06,494 - SUCCESS - 成功提取 '產銷履歷與有機蔬果行情' 的網頁 Metadata。
2026-02-11 22:49:07,903 - SUCCESS - 成功提取 '糧價查詢' 的網頁 Metadata。
2026-02-11 22:49:07,903 - SUCCESS - 成功提取 '糧價查詢' 的網頁 Metadata。
2026-02-11 22:49:09,171 - SUCCESS - 成功提取 '臺灣地區果品生產概況' 的網頁 Metadata。
2026-02-11 22:49:09,171 - SUCCESS - 成功提取 '臺灣地區果品生產概況' 的網頁 Metadata。
2026-02-11 22:49:10,510 - SUCCESS - 成功提取 '臺灣地區特用作物生產概況' 的網頁 Metadata。
2026-02-11 22:49:10,510 - SUCCESS - 成功提取 '臺灣地區特用作物生產概況' 的網頁 Metadata。
2026-02-11 22:49:11,744 - SUCCESS - 成功提取 '臺灣地區稻作種植、收穫面積及產量' 的網頁 Metadata。
2026-02-11 22:49:11,744 - SUCCESS - 成功提取 '臺灣地區稻作種植、收穫面積及產量' 的網頁 Metadata。
2026-02-11 22:49:13,079 - SUCCESS - 成功提取 '臺灣地區稻米生產價值' 的網頁 Metadata。
2026-02-11 22:49:13,079 - SUCCESS - 成功提取 '臺灣地區稻米生產價值' 的網頁 Metadata。
2026-02-11 22:49:14,441 - SUCCESS - 成功提取 '臺灣地區蔬菜生產概況' 的網頁 Metadata。
2026-02-11 22:49:14,441 - SUCCESS - 成功提取 '臺灣地區蔬菜生產概況' 的網頁 Metadata。
2026-02-11 22:49:15,747 - SUCCESS - 成功提取 '臺灣地區農產品生產量值' 的網頁 Metadata。
2026-02-11 22:49:15,747 - SUCCESS - 成功提取 '臺灣地區農產品生產量值' 的網頁 Metadata。
2026-02-11 22:49:17,069 - SUCCESS - 成功提取 '農情調查' 的網頁 Metadata。
2026-02-11 22:49:17,069 - SUCCESS - 成功提取 '農情調查' 的網頁 Metadata。
2026-02-11 22:49:17,113 - SUCCESS - '農情調查' 的 Metadata 已更新到 metadata.json。
2026-02-11 22:49:17,113 - SUCCESS - '農情調查' 的 Metadata 已更新到 metadata.json。
2026-02-11 22:49:19,679 - SUCCESS - <農情調查>的資料已下載完成，共 9999 筆資料。
2026-02-11 22:49:19,679 - SUCCESS - <農情調查>的資料已下載完成，共 9999 筆資料。
2026-02-11 22:49:19,701 - SUCCESS - 已下載、去重並合併資料完成現有資料 0 條，新資料 0 條。
2026-02-11 22:49:19,701 - SUCCESS - 已下載、去重並合併資料完成現有資料 0 條，新資料 0 條。
2026-02-11 22:49:21,043 - SUCCESS - 成功提取 '農產品交易行情' 的網頁 Metadata。
2026-02-11 22:49:21,043 - SUCCESS - 成功提取 '農產品交易行情' 的網頁 Metadata。
2026-02-11 22:49:22,508 - SUCCESS - 成功提取 '農產品產地價格(月平均價格)' 的網頁 Metadata。
2026-02-11 22:49:22,508 - SUCCESS - 成功提取 '農產品產地價格(月平均價格)' 的網頁 Metadata。
2026-02-11 22:49:23,745 - SUCCESS - 成功提取 '農產品產地價格資料' 的網頁 Metadata。
2026-02-11 22:49:23,745 - SUCCESS - 成功提取 '農產品產地價格資料' 的網頁 Metadata。
2026-02-11 22:49:24,958 - SUCCESS - 成功提取 '雜糧生產概況' 的網頁 Metadata。
2026-02-11 22:49:24,958 - SUCCESS - 成功提取 '雜糧生產概況' 的網頁 Metadata。
2026-02-11 22:49:25,963 - SUCCESS - 已成功儲存次要資訊。
2026-02-11 22:49:25,963 - SUCCESS - 已成功儲存次要資訊。
2026-02-11 22:49:25,963 - SUCCESS - 更新結果儲存成功:{'全國單日平均糧價': '未更新', '各觀測站近兩年降雨量': '未更新', '產銷履歷與有機蔬果行情': '未更新', '糧價查詢': '未更新', '臺灣地區果品生產概況': '未更新', '臺灣地區特用作物生產概況': '未更新', '臺灣地區稻作種植、收穫面積及產量': '未更新', '臺灣地區稻米生產價值': '未更新', '臺灣地區蔬菜生產概況': '未更新', '臺灣地區農產品生產量值': '未更新', '農情調查': '未更新', '農產品交易行情': '未更新', '農產品產地價格(月平均價格)': '未更新', '農產品產地價格資料': '未更新', '雜糧生產概況': '未更新'}
2026-02-11 22:49:25,963 - SUCCESS - 更新結果儲存成功:{'全國單日平均糧價': '未更新', '各觀測站近兩年降雨量': '未更新', '產銷履歷與有機蔬果行情': '未更新', '糧價查詢': '未更新', '臺灣地區果品生產概況': '未更新', '臺灣地區特用作物生產概況': '未更新', '臺灣地區稻作種植、收穫面積及產量': '未更新', '臺灣地區稻米生產價值': '未更新', '臺灣地區蔬菜生產概況': '未更新', '臺灣地區農產品生產量值': '未更新', '農情調查': '未更新', '農產品交易行情': '未更新', '農產品產地價格(月平均價格)': '未更新', '農產品產地價格資料': '未更新', '雜糧生產概況': '未更新'}
2026-02-11 22:49:26,009 - SUCCESS - 已成功儲存次要資訊到資料庫。
2026-02-11 22:49:26,009 - SUCCESS - 已成功儲存次要資訊到資料庫。
2026-02-11 22:51:25,012 - SUCCESS - 成功提取 '全國單日平均糧價' 的網頁 Metadata。
2026-02-11 22:51:25,012 - SUCCESS - 成功提取 '全國單日平均糧價' 的網頁 Metadata。
2026-02-11 22:51:26,492 - SUCCESS - 成功提取 '各觀測站近兩年降雨量' 的網頁 Metadata。
2026-02-11 22:51:26,492 - SUCCESS - 成功提取 '各觀測站近兩年降雨量' 的網頁 Metadata。
2026-02-11 22:51:28,561 - SUCCESS - 成功提取 '產銷履歷與有機蔬果行情' 的網頁 Metadata。
2026-02-11 22:51:28,561 - SUCCESS - 成功提取 '產銷履歷與有機蔬果行情' 的網頁 Metadata。
2026-02-11 22:51:29,807 - SUCCESS - 成功提取 '糧價查詢' 的網頁 Metadata。
2026-02-11 22:51:29,807 - SUCCESS - 成功提取 '糧價查詢' 的網頁 Metadata。
2026-02-11 22:51:31,033 - SUCCESS - 成功提取 '臺灣地區果品生產概況' 的網頁 Metadata。
2026-02-11 22:51:31,033 - SUCCESS - 成功提取 '臺灣地區果品生產概況' 的網頁 Metadata。
2026-02-11 22:51:32,483 - SUCCESS - 成功提取 '臺灣地區特用作物生產概況' 的網頁 Metadata。
2026-02-11 22:51:32,483 - SUCCESS - 成功提取 '臺灣地區特用作物生產概況' 的網頁 Metadata。
2026-02-11 22:51:34,080 - SUCCESS - 成功提取 '臺灣地區稻作種植、收穫面積及產量' 的網頁 Metadata。
2026-02-11 22:51:34,080 - SUCCESS - 成功提取 '臺灣地區稻作種植、收穫面積及產量' 的網頁 Metadata。
2026-02-11 22:51:35,831 - SUCCESS - 成功提取 '臺灣地區稻米生產價值' 的網頁 Metadata。
2026-02-11 22:51:35,831 - SUCCESS - 成功提取 '臺灣地區稻米生產價值' 的網頁 Metadata。
2026-02-11 22:51:37,227 - SUCCESS - 成功提取 '臺灣地區蔬菜生產概況' 的網頁 Metadata。
2026-02-11 22:51:37,227 - SUCCESS - 成功提取 '臺灣地區蔬菜生產概況' 的網頁 Metadata。
2026-02-11 22:51:38,580 - SUCCESS - 成功提取 '臺灣地區農產品生產量值' 的網頁 Metadata。
2026-02-11 22:51:38,580 - SUCCESS - 成功提取 '臺灣地區農產品生產量值' 的網頁 Metadata。
2026-02-11 22:51:39,903 - SUCCESS - 成功提取 '農情調查' 的網頁 Metadata。
2026-02-11 22:51:39,903 - SUCCESS - 成功提取 '農情調查' 的網頁 Metadata。
2026-02-11 22:51:39,962 - SUCCESS - '農情調查' 的 Metadata 已更新到 metadata.json。
2026-02-11 22:51:39,962 - SUCCESS - '農情調查' 的 Metadata 已更新到 metadata.json。
2026-02-11 22:51:43,448 - SUCCESS - <農情調查>的資料已下載完成，共 9999 筆資料。
2026-02-11 22:51:43,448 - SUCCESS - <農情調查>的資料已下載完成，共 9999 筆資料。
2026-02-11 22:51:43,478 - SUCCESS - 已下載、去重並合併資料完成現有資料 0 條，新資料 0 條。
2026-02-11 22:51:43,478 - SUCCESS - 已下載、去重並合併資料完成現有資料 0 條，新資料 0 條。
2026-02-11 22:51:45,200 - SUCCESS - 成功提取 '農產品交易行情' 的網頁 Metadata。
2026-02-11 22:51:45,200 - SUCCESS - 成功提取 '農產品交易行情' 的網頁 Metadata。
2026-02-11 22:51:46,472 - SUCCESS - 成功提取 '農產品產地價格(月平均價格)' 的網頁 Metadata。
2026-02-11 22:51:46,472 - SUCCESS - 成功提取 '農產品產地價格(月平均價格)' 的網頁 Metadata。
2026-02-11 22:51:48,191 - SUCCESS - 成功提取 '農產品產地價格資料' 的網頁 Metadata。
2026-02-11 22:51:48,191 - SUCCESS - 成功提取 '農產品產地價格資料' 的網頁 Metadata。
2026-02-11 22:51:49,886 - SUCCESS - 成功提取 '雜糧生產概況' 的網頁 Metadata。
2026-02-11 22:51:49,886 - SUCCESS - 成功提取 '雜糧生產概況' 的網頁 Metadata。
2026-02-11 22:51:50,890 - SUCCESS - 已成功儲存次要資訊。
2026-02-11 22:51:50,890 - SUCCESS - 已成功儲存次要資訊。
2026-02-11 22:51:50,890 - SUCCESS - 更新結果儲存成功:{'全國單日平均糧價': '未更新', '各觀測站近兩年降雨量': '未更新', '產銷履歷與有機蔬果行情': '未更新', '糧價查詢': '未更新', '臺灣地區果品生產概況': '未更新', '臺灣地區特用作物生產概況': '未更新', '臺灣地區稻作種植、收穫面積及產量': '未更新', '臺灣地區稻米生產價值': '未更新', '臺灣地區蔬菜生產概況': '未更新', '臺灣地區農產品生產量值': '未更新', '農情調查': '未更新', '農產品交易行情': '未更新', '農產品產地價格(月平均價格)': '未更新', '農產品產地價格資料': '未更新', '雜糧生產概況': '未更新'}
2026-02-11 22:51:50,890 - SUCCESS - 更新結果儲存成功:{'全國單日平均糧價': '未更新', '各觀測站近兩年降雨量': '未更新', '產銷履歷與有機蔬果行情': '未更新', '糧價查詢': '未更新', '臺灣地區果品生產概況': '未更新', '臺灣地區特用作物生產概況': '未更新', '臺灣地區稻作種植、收穫面積及產量': '未更新', '臺灣地區稻米生產價值': '未更新', '臺灣地區蔬菜生產概況': '未更新', '臺灣地區農產品生產量值': '未更新', '農情調查': '未更新', '農產品交易行情': '未更新', '農產品產地價格(月平均價格)': '未更新', '農產品產地價格資料': '未更新', '雜糧生產概況': '未更新'}
2026-02-11 22:51:50,926 - SUCCESS - 已成功儲存次要資訊到資料庫。
2026-02-11 22:51:50,926 - SUCCESS - 已成功儲存次要資訊到資料庫。
2026-02-11 22:54:44,354 - SUCCESS - 成功提取 '全國單日平均糧價' 的網頁 Metadata。
2026-02-11 22:54:44,354 - SUCCESS - 成功提取 '全國單日平均糧價' 的網頁 Metadata。
2026-02-11 22:54:45,783 - SUCCESS - 成功提取 '各觀測站近兩年降雨量' 的網頁 Metadata。
2026-02-11 22:54:45,783 - SUCCESS - 成功提取 '各觀測站近兩年降雨量' 的網頁 Metadata。
2026-02-11 22:54:47,086 - SUCCESS - 成功提取 '產銷履歷與有機蔬果行情' 的網頁 Metadata。
2026-02-11 22:54:47,086 - SUCCESS - 成功提取 '產銷履歷與有機蔬果行情' 的網頁 Metadata。
2026-02-11 22:54:48,385 - SUCCESS - 成功提取 '糧價查詢' 的網頁 Metadata。
2026-02-11 22:54:48,385 - SUCCESS - 成功提取 '糧價查詢' 的網頁 Metadata。
2026-02-11 22:54:49,688 - SUCCESS - 成功提取 '臺灣地區果品生產概況' 的網頁 Metadata。
2026-02-11 22:54:49,688 - SUCCESS - 成功提取 '臺灣地區果品生產概況' 的網頁 Metadata。
2026-02-11 22:54:50,917 - SUCCESS - 成功提取 '臺灣地區特用作物生產概況' 的網頁 Metadata。
2026-02-11 22:54:50,917 - SUCCESS - 成功提取 '臺灣地區特用作物生產概況' 的網頁 Metadata。
2026-02-11 22:54:52,153 - SUCCESS - 成功提取 '臺灣地區稻作種植、收穫面積及產量' 的網頁 Metadata。
2026-02-11 22:54:52,153 - SUCCESS - 成功提取 '臺灣地區稻作種植、收穫面積及產量' 的網頁 Metadata。
2026-02-11 22:54:53,382 - SUCCESS - 成功提取 '臺灣地區稻米生產價值' 的網頁 Metadata。
2026-02-11 22:54:53,382 - SUCCESS - 成功提取 '臺灣地區稻米生產價值' 的網頁 Metadata。
2026-02-11 22:54:54,969 - SUCCESS - 成功提取 '臺灣地區蔬菜生產概況' 的網頁 Metadata。
2026-02-11 22:54:54,969 - SUCCESS - 成功提取 '臺灣地區蔬菜生產概況' 的網頁 Metadata。
2026-02-11 22:54:56,505 - SUCCESS - 成功提取 '臺灣地區農產品生產量值' 的網頁 Metadata。
2026-02-11 22:54:56,505 - SUCCESS - 成功提取 '臺灣地區農產品生產量值' 的網頁 Metadata。
2026-02-11 22:54:57,948 - SUCCESS - 成功提取 '農情調查' 的網頁 Metadata。
2026-02-11 22:54:57,948 - SUCCESS - 成功提取 '農情調查' 的網頁 Metadata。
2026-02-11 22:54:57,987 - SUCCESS - '農情調查' 的 Metadata 已更新到 metadata.json。
2026-02-11 22:54:57,987 - SUCCESS - '農情調查' 的 Metadata 已更新到 metadata.json。
2026-02-11 22:55:00,898 - SUCCESS - <農情調查>的資料已下載完成，共 9999 筆資料。
2026-02-11 22:55:00,898 - SUCCESS - <農情調查>的資料已下載完成，共 9999 筆資料。
2026-02-11 22:55:00,918 - SUCCESS - 已下載、去重並合併資料完成現有資料 0 條，新資料 0 條。
2026-02-11 22:55:00,918 - SUCCESS - 已下載、去重並合併資料完成現有資料 0 條，新資料 0 條。
2026-02-11 22:55:02,967 - SUCCESS - 成功提取 '農產品交易行情' 的網頁 Metadata。
2026-02-11 22:55:02,967 - SUCCESS - 成功提取 '農產品交易行情' 的網頁 Metadata。
2026-02-11 22:55:04,376 - SUCCESS - 成功提取 '農產品產地價格(月平均價格)' 的網頁 Metadata。
2026-02-11 22:55:04,376 - SUCCESS - 成功提取 '農產品產地價格(月平均價格)' 的網頁 Metadata。
2026-02-11 22:55:05,958 - SUCCESS - 成功提取 '農產品產地價格資料' 的網頁 Metadata。
2026-02-11 22:55:05,958 - SUCCESS - 成功提取 '農產品產地價格資料' 的網頁 Metadata。
2026-02-11 22:55:07,496 - SUCCESS - 成功提取 '雜糧生產概況' 的網頁 Metadata。
2026-02-11 22:55:07,496 - SUCCESS - 成功提取 '雜糧生產概況' 的網頁 Metadata。
2026-02-11 22:55:08,499 - SUCCESS - 已成功儲存次要資訊。
2026-02-11 22:55:08,499 - SUCCESS - 已成功儲存次要資訊。
2026-02-11 22:55:08,499 - SUCCESS - 更新結果儲存成功:{'全國單日平均糧價': '未更新', '各觀測站近兩年降雨量': '未更新', '產銷履歷與有機蔬果行情': '未更新', '糧價查詢': '未更新', '臺灣地區果品生產概況': '未更新', '臺灣地區特用作物生產概況': '未更新', '臺灣地區稻作種植、收穫面積及產量': '未更新', '臺灣地區稻米生產價值': '未更新', '臺灣地區蔬菜生產概況': '未更新', '臺灣地區農產品生產量值': '未更新', '農情調查': '未更新', '農產品交易行情': '未更新', '農產品產地價格(月平均價格)': '未更新', '農產品產地價格資料': '未更新', '雜糧生產概況': '未更新'}
2026-02-11 22:55:08,499 - SUCCESS - 更新結果儲存成功:{'全國單日平均糧價': '未更新', '各觀測站近兩年降雨量': '未更新', '產銷履歷與有機蔬果行情': '未更新', '糧價查詢': '未更新', '臺灣地區果品生產概況': '未更新', '臺灣地區特用作物生產概況': '未更新', '臺灣地區稻作種植、收穫面積及產量': '未更新', '臺灣地區稻米生產價值': '未更新', '臺灣地區蔬菜生產概況': '未更新', '臺灣地區農產品生產量值': '未更新', '農情調查': '未更新', '農產品交易行情': '未更新', '農產品產地價格(月平均價格)': '未更新', '農產品產地價格資料': '未更新', '雜糧生產概況': '未更新'}
2026-02-11 22:55:08,584 - SUCCESS - 已成功儲存次要資訊到資料庫。
2026-02-11 22:55:08,584 - SUCCESS - 已成功儲存次要資訊到資料庫。
2026-02-11 23:03:31,076 - SUCCESS - 成功提取 '全國單日平均糧價' 的網頁 Metadata。
2026-02-11 23:03:31,076 - SUCCESS - 成功提取 '全國單日平均糧價' 的網頁 Metadata。
2026-02-11 23:03:32,406 - SUCCESS - 成功提取 '各觀測站近兩年降雨量' 的網頁 Metadata。
2026-02-11 23:03:32,406 - SUCCESS - 成功提取 '各觀測站近兩年降雨量' 的網頁 Metadata。
2026-02-11 23:03:34,245 - SUCCESS - 成功提取 '產銷履歷與有機蔬果行情' 的網頁 Metadata。
2026-02-11 23:03:34,245 - SUCCESS - 成功提取 '產銷履歷與有機蔬果行情' 的網頁 Metadata。
2026-02-11 23:03:35,503 - SUCCESS - 成功提取 '糧價查詢' 的網頁 Metadata。
2026-02-11 23:03:35,503 - SUCCESS - 成功提取 '糧價查詢' 的網頁 Metadata。
2026-02-11 23:03:36,778 - SUCCESS - 成功提取 '臺灣地區果品生產概況' 的網頁 Metadata。
2026-02-11 23:03:36,778 - SUCCESS - 成功提取 '臺灣地區果品生產概況' 的網頁 Metadata。
2026-02-11 23:03:38,002 - SUCCESS - 成功提取 '臺灣地區特用作物生產概況' 的網頁 Metadata。
2026-02-11 23:03:38,002 - SUCCESS - 成功提取 '臺灣地區特用作物生產概況' 的網頁 Metadata。
2026-02-11 23:03:39,231 - SUCCESS - 成功提取 '臺灣地區稻作種植、收穫面積及產量' 的網頁 Metadata。
2026-02-11 23:03:39,231 - SUCCESS - 成功提取 '臺灣地區稻作種植、收穫面積及產量' 的網頁 Metadata。
2026-02-11 23:03:40,576 - SUCCESS - 成功提取 '臺灣地區稻米生產價值' 的網頁 Metadata。
2026-02-11 23:03:40,576 - SUCCESS - 成功提取 '臺灣地區稻米生產價值' 的網頁 Metadata。
2026-02-11 23:03:42,058 - SUCCESS - 成功提取 '臺灣地區蔬菜生產概況' 的網頁 Metadata。
2026-02-11 23:03:42,058 - SUCCESS - 成功提取 '臺灣地區蔬菜生產概況' 的網頁 Metadata。
2026-02-11 23:03:43,767 - SUCCESS - 成功提取 '臺灣地區農產品生產量值' 的網頁 Metadata。
2026-02-11 23:03:43,767 - SUCCESS - 成功提取 '臺灣地區農產品生產量值' 的網頁 Metadata。
2026-02-11 23:03:45,233 - SUCCESS - 成功提取 '農情調查' 的網頁 Metadata。
2026-02-11 23:03:45,233 - SUCCESS - 成功提取 '農情調查' 的網頁 Metadata。
2026-02-11 23:03:45,293 - SUCCESS - '農情調查' 的 Metadata 已更新到 metadata.json。
2026-02-11 23:03:45,293 - SUCCESS - '農情調查' 的 Metadata 已更新到 metadata.json。
2026-02-11 23:03:48,172 - SUCCESS - <農情調查>的資料已下載完成，共 9999 筆資料。
2026-02-11 23:03:48,172 - SUCCESS - <農情調查>的資料已下載完成，共 9999 筆資料。
2026-02-11 23:03:48,188 - SUCCESS - 已下載、去重並合併資料完成現有資料 0 條，新資料 0 條。
2026-02-11 23:03:48,188 - SUCCESS - 已下載、去重並合併資料完成現有資料 0 條，新資料 0 條。
2026-02-11 23:03:49,477 - SUCCESS - 成功提取 '農產品交易行情' 的網頁 Metadata。
2026-02-11 23:03:49,477 - SUCCESS - 成功提取 '農產品交易行情' 的網頁 Metadata。
2026-02-11 23:03:49,535 - SUCCESS - '農產品交易行情' 的 Metadata 已更新到 metadata.json。
2026-02-11 23:03:49,535 - SUCCESS - '農產品交易行情' 的 Metadata 已更新到 metadata.json。
2026-02-11 23:04:17,390 - SUCCESS - <農產品交易行情>的資料已下載完成，共 12188 筆資料。
2026-02-11 23:04:17,390 - SUCCESS - <農產品交易行情>的資料已下載完成，共 12188 筆資料。
2026-02-11 23:04:17,769 - SUCCESS - 已下載、去重並合併資料完成現有資料 12188 條，新資料 12188 條。
2026-02-11 23:04:17,769 - SUCCESS - 已下載、去重並合併資料完成現有資料 12188 條，新資料 12188 條。
2026-02-11 23:04:22,988 - SUCCESS - 插入或更新 '農產品交易行情' 的 Metadata 成功。
2026-02-11 23:04:22,988 - SUCCESS - 插入或更新 '農產品交易行情' 的 Metadata 成功。
2026-02-11 23:04:22,994 - SUCCESS - '農產品交易行情' 的自動更新完成。
2026-02-11 23:04:22,994 - SUCCESS - '農產品交易行情' 的自動更新完成。
2026-02-11 23:04:24,342 - SUCCESS - 成功提取 '農產品產地價格(月平均價格)' 的網頁 Metadata。
2026-02-11 23:04:24,342 - SUCCESS - 成功提取 '農產品產地價格(月平均價格)' 的網頁 Metadata。
2026-02-11 23:04:25,742 - SUCCESS - 成功提取 '農產品產地價格資料' 的網頁 Metadata。
2026-02-11 23:04:25,742 - SUCCESS - 成功提取 '農產品產地價格資料' 的網頁 Metadata。
2026-02-11 23:04:27,080 - SUCCESS - 成功提取 '雜糧生產概況' 的網頁 Metadata。
2026-02-11 23:04:27,080 - SUCCESS - 成功提取 '雜糧生產概況' 的網頁 Metadata。
2026-02-11 23:04:28,093 - SUCCESS - 已成功儲存次要資訊。
2026-02-11 23:04:28,093 - SUCCESS - 已成功儲存次要資訊。
2026-02-11 23:04:28,093 - SUCCESS - 更新結果儲存成功:{'全國單日平均糧價': '未更新', '各觀測站近兩年降雨量': '未更新', '產銷履歷與有機蔬果行情': '未更新', '糧價查詢': '未更新', '臺灣地區果品生產概況': '未更新', '臺灣地區特用作物生產概況': '未更新', '臺灣地區稻作種植、收穫面積及產量': '未更新', '臺灣地區稻米生產價值': '未更新', '臺灣地區蔬菜生產概況': '未更新', '臺灣地區農產品生產量值': '未更新', '農情調查': '未更新', '農產品交易行情': '已更新', '農產品產地價格(月平均價格)': '未更新', '農產品產地價格資料': '未更新', '雜糧生產概況': '未更新'}
2026-02-11 23:04:28,093 - SUCCESS - 更新結果儲存成功:{'全國單日平均糧價': '未更新', '各觀測站近兩年降雨量': '未更新', '產銷履歷與有機蔬果行情': '未更新', '糧價查詢': '未更新', '臺灣地區果品生產概況': '未更新', '臺灣地區特用作物生產概況': '未更新', '臺灣地區稻作種植、收穫面積及產量': '未更新', '臺灣地區稻米生產價值': '未更新', '臺灣地區蔬菜生產概況': '未更新', '臺灣地區農產品生產量值': '未更新', '農情調查': '未更新', '農產品交易行情': '已更新', '農產品產地價格(月平均價格)': '未更新', '農產品產地價格資料': '未更新', '雜糧生產概況': '未更新'}
2026-02-11 23:07:10,149 - SUCCESS - 成功提取 '全國單日平均糧價' 的網頁 Metadata。
2026-02-11 23:07:10,149 - SUCCESS - 成功提取 '全國單日平均糧價' 的網頁 Metadata。
2026-02-11 23:07:11,673 - SUCCESS - 成功提取 '各觀測站近兩年降雨量' 的網頁 Metadata。
2026-02-11 23:07:11,673 - SUCCESS - 成功提取 '各觀測站近兩年降雨量' 的網頁 Metadata。
2026-02-11 23:07:13,702 - SUCCESS - 成功提取 '產銷履歷與有機蔬果行情' 的網頁 Metadata。
2026-02-11 23:07:13,702 - SUCCESS - 成功提取 '產銷履歷與有機蔬果行情' 的網頁 Metadata。
2026-02-11 23:07:15,131 - SUCCESS - 成功提取 '糧價查詢' 的網頁 Metadata。
2026-02-11 23:07:15,131 - SUCCESS - 成功提取 '糧價查詢' 的網頁 Metadata。
2026-02-11 23:07:16,493 - SUCCESS - 成功提取 '臺灣地區果品生產概況' 的網頁 Metadata。
2026-02-11 23:07:16,493 - SUCCESS - 成功提取 '臺灣地區果品生產概況' 的網頁 Metadata。
2026-02-11 23:07:18,283 - SUCCESS - 成功提取 '臺灣地區特用作物生產概況' 的網頁 Metadata。
2026-02-11 23:07:18,283 - SUCCESS - 成功提取 '臺灣地區特用作物生產概況' 的網頁 Metadata。
2026-02-11 23:07:19,640 - SUCCESS - 成功提取 '臺灣地區稻作種植、收穫面積及產量' 的網頁 Metadata。
2026-02-11 23:07:19,640 - SUCCESS - 成功提取 '臺灣地區稻作種植、收穫面積及產量' 的網頁 Metadata。
2026-02-11 23:07:21,221 - SUCCESS - 成功提取 '臺灣地區稻米生產價值' 的網頁 Metadata。
2026-02-11 23:07:21,221 - SUCCESS - 成功提取 '臺灣地區稻米生產價值' 的網頁 Metadata。
2026-02-11 23:07:22,871 - SUCCESS - 成功提取 '臺灣地區蔬菜生產概況' 的網頁 Metadata。
2026-02-11 23:07:22,871 - SUCCESS - 成功提取 '臺灣地區蔬菜生產概況' 的網頁 Metadata。
2026-02-11 23:07:24,389 - SUCCESS - 成功提取 '臺灣地區農產品生產量值' 的網頁 Metadata。
2026-02-11 23:07:24,389 - SUCCESS - 成功提取 '臺灣地區農產品生產量值' 的網頁 Metadata。
2026-02-11 23:07:25,907 - SUCCESS - 成功提取 '農情調查' 的網頁 Metadata。
2026-02-11 23:07:25,907 - SUCCESS - 成功提取 '農情調查' 的網頁 Metadata。
2026-02-11 23:07:25,946 - SUCCESS - '農情調查' 的 Metadata 已更新到 metadata.json。
2026-02-11 23:07:25,946 - SUCCESS - '農情調查' 的 Metadata 已更新到 metadata.json。
2026-02-11 23:07:29,237 - SUCCESS - <農情調查>的資料已下載完成，共 9999 筆資料。
2026-02-11 23:07:29,237 - SUCCESS - <農情調查>的資料已下載完成，共 9999 筆資料。
2026-02-11 23:07:29,259 - SUCCESS - 已下載、去重並合併資料完成現有資料 0 條，新資料 0 條。
2026-02-11 23:07:29,259 - SUCCESS - 已下載、去重並合併資料完成現有資料 0 條，新資料 0 條。
2026-02-11 23:07:30,866 - SUCCESS - 成功提取 '農產品交易行情' 的網頁 Metadata。
2026-02-11 23:07:30,866 - SUCCESS - 成功提取 '農產品交易行情' 的網頁 Metadata。
2026-02-11 23:07:32,235 - SUCCESS - 成功提取 '農產品產地價格(月平均價格)' 的網頁 Metadata。
2026-02-11 23:07:32,235 - SUCCESS - 成功提取 '農產品產地價格(月平均價格)' 的網頁 Metadata。
2026-02-11 23:07:33,954 - SUCCESS - 成功提取 '農產品產地價格資料' 的網頁 Metadata。
2026-02-11 23:07:33,954 - SUCCESS - 成功提取 '農產品產地價格資料' 的網頁 Metadata。
2026-02-11 23:07:35,562 - SUCCESS - 成功提取 '雜糧生產概況' 的網頁 Metadata。
2026-02-11 23:07:35,562 - SUCCESS - 成功提取 '雜糧生產概況' 的網頁 Metadata。
2026-02-11 23:07:36,569 - SUCCESS - 已成功儲存次要資訊。
2026-02-11 23:07:36,569 - SUCCESS - 已成功儲存次要資訊。
2026-02-11 23:07:36,569 - SUCCESS - 更新結果儲存成功:{'全國單日平均糧價': '未更新', '各觀測站近兩年降雨量': '未更新', '產銷履歷與有機蔬果行情': '未更新', '糧價查詢': '未更新', '臺灣地區果品生產概況': '未更新', '臺灣地區特用作物生產概況': '未更新', '臺灣地區稻作種植、收穫面積及產量': '未更新', '臺灣地區稻米生產價值': '未更新', '臺灣地區蔬菜生產概況': '未更新', '臺灣地區農產品生產量值': '未更新', '農情調查': '未更新', '農產品交易行情': '未更新', '農產品產地價格(月平均價格)': '未更新', '農產品產地價格資料': '未更新', '雜糧生產概況': '未更新'}
2026-02-11 23:07:36,569 - SUCCESS - 更新結果儲存成功:{'全國單日平均糧價': '未更新', '各觀測站近兩年降雨量': '未更新', '產銷履歷與有機蔬果行情': '未更新', '糧價查詢': '未更新', '臺灣地區果品生產概況': '未更新', '臺灣地區特用作物生產概況': '未更新', '臺灣地區稻作種植、收穫面積及產量': '未更新', '臺灣地區稻米生產價值': '未更新', '臺灣地區蔬菜生產概況': '未更新', '臺灣地區農產品生產量值': '未更新', '農情調查': '未更新', '農產品交易行情': '未更新', '農產品產地價格(月平均價格)': '未更新', '農產品產地價格資料': '未更新', '雜糧生產概況': '未更新'}
2026-02-11 23:08:36,980 - SUCCESS - 成功提取 '全國單日平均糧價' 的網頁 Metadata。
2026-02-11 23:08:36,980 - SUCCESS - 成功提取 '全國單日平均糧價' 的網頁 Metadata。
2026-02-11 23:08:38,372 - SUCCESS - 成功提取 '各觀測站近兩年降雨量' 的網頁 Metadata。
2026-02-11 23:08:38,372 - SUCCESS - 成功提取 '各觀測站近兩年降雨量' 的網頁 Metadata。
2026-02-11 23:08:40,360 - SUCCESS - 成功提取 '產銷履歷與有機蔬果行情' 的網頁 Metadata。
2026-02-11 23:08:40,360 - SUCCESS - 成功提取 '產銷履歷與有機蔬果行情' 的網頁 Metadata。
2026-02-11 23:08:41,703 - SUCCESS - 成功提取 '糧價查詢' 的網頁 Metadata。
2026-02-11 23:08:41,703 - SUCCESS - 成功提取 '糧價查詢' 的網頁 Metadata。
2026-02-11 23:08:43,114 - SUCCESS - 成功提取 '臺灣地區果品生產概況' 的網頁 Metadata。
2026-02-11 23:08:43,114 - SUCCESS - 成功提取 '臺灣地區果品生產概況' 的網頁 Metadata。
2026-02-11 23:08:44,513 - SUCCESS - 成功提取 '臺灣地區特用作物生產概況' 的網頁 Metadata。
2026-02-11 23:08:44,513 - SUCCESS - 成功提取 '臺灣地區特用作物生產概況' 的網頁 Metadata。
2026-02-11 23:08:45,852 - SUCCESS - 成功提取 '臺灣地區稻作種植、收穫面積及產量' 的網頁 Metadata。
2026-02-11 23:08:45,852 - SUCCESS - 成功提取 '臺灣地區稻作種植、收穫面積及產量' 的網頁 Metadata。
2026-02-11 23:08:47,166 - SUCCESS - 成功提取 '臺灣地區稻米生產價值' 的網頁 Metadata。
2026-02-11 23:08:47,166 - SUCCESS - 成功提取 '臺灣地區稻米生產價值' 的網頁 Metadata。
2026-02-11 23:08:48,521 - SUCCESS - 成功提取 '臺灣地區蔬菜生產概況' 的網頁 Metadata。
2026-02-11 23:08:48,521 - SUCCESS - 成功提取 '臺灣地區蔬菜生產概況' 的網頁 Metadata。
2026-02-11 23:08:49,862 - SUCCESS - 成功提取 '臺灣地區農產品生產量值' 的網頁 Metadata。
2026-02-11 23:08:49,862 - SUCCESS - 成功提取 '臺灣地區農產品生產量值' 的網頁 Metadata。
2026-02-11 23:08:51,288 - SUCCESS - 成功提取 '農情調查' 的網頁 Metadata。
2026-02-11 23:08:51,288 - SUCCESS - 成功提取 '農情調查' 的網頁 Metadata。
2026-02-11 23:08:51,331 - SUCCESS - '農情調查' 的 Metadata 已更新到 metadata.json。
2026-02-11 23:08:51,331 - SUCCESS - '農情調查' 的 Metadata 已更新到 metadata.json。
2026-02-11 23:08:54,743 - SUCCESS - <農情調查>的資料已下載完成，共 9999 筆資料。
2026-02-11 23:08:54,743 - SUCCESS - <農情調查>的資料已下載完成，共 9999 筆資料。
2026-02-11 23:08:54,767 - SUCCESS - 已下載、去重並合併資料完成現有資料 0 條，新資料 0 條。
2026-02-11 23:08:54,767 - SUCCESS - 已下載、去重並合併資料完成現有資料 0 條，新資料 0 條。
2026-02-11 23:08:56,610 - SUCCESS - 成功提取 '農產品交易行情' 的網頁 Metadata。
2026-02-11 23:08:56,610 - SUCCESS - 成功提取 '農產品交易行情' 的網頁 Metadata。
2026-02-11 23:08:58,236 - SUCCESS - 成功提取 '農產品產地價格(月平均價格)' 的網頁 Metadata。
2026-02-11 23:08:58,236 - SUCCESS - 成功提取 '農產品產地價格(月平均價格)' 的網頁 Metadata。
2026-02-11 23:08:59,504 - SUCCESS - 成功提取 '農產品產地價格資料' 的網頁 Metadata。
2026-02-11 23:08:59,504 - SUCCESS - 成功提取 '農產品產地價格資料' 的網頁 Metadata。
2026-02-11 23:09:00,741 - SUCCESS - 成功提取 '雜糧生產概況' 的網頁 Metadata。
2026-02-11 23:09:00,741 - SUCCESS - 成功提取 '雜糧生產概況' 的網頁 Metadata。
2026-02-11 23:09:01,759 - SUCCESS - 已成功儲存次要資訊。
2026-02-11 23:09:01,759 - SUCCESS - 已成功儲存次要資訊。
2026-02-11 23:09:01,759 - SUCCESS - 更新結果儲存成功:{'全國單日平均糧價': '未更新', '各觀測站近兩年降雨量': '未更新', '產銷履歷與有機蔬果行情': '未更新', '糧價查詢': '未更新', '臺灣地區果品生產概況': '未更新', '臺灣地區特用作物生產概況': '未更新', '臺灣地區稻作種植、收穫面積及產量': '未更新', '臺灣地區稻米生產價值': '未更新', '臺灣地區蔬菜生產概況': '未更新', '臺灣地區農產品生產量值': '未更新', '農情調查': '未更新', '農產品交易行情': '未更新', '農產品產地價格(月平均價格)': '未更新', '農產品產地價格資料': '未更新', '雜糧生產概況': '未更新'}
2026-02-11 23:09:01,759 - SUCCESS - 更新結果儲存成功:{'全國單日平均糧價': '未更新', '各觀測站近兩年降雨量': '未更新', '產銷履歷與有機蔬果行情': '未更新', '糧價查詢': '未更新', '臺灣地區果品生產概況': '未更新', '臺灣地區特用作物生產概況': '未更新', '臺灣地區稻作種植、收穫面積及產量': '未更新', '臺灣地區稻米生產價值': '未更新', '臺灣地區蔬菜生產概況': '未更新', '臺灣地區農產品生產量值': '未更新', '農情調查': '未更新', '農產品交易行情': '未更新', '農產品產地價格(月平均價格)': '未更新', '農產品產地價格資料': '未更新', '雜糧生產概況': '未更新'}
2026-02-11 23:11:11,559 - SUCCESS - 成功提取 '全國單日平均糧價' 的網頁 Metadata。
2026-02-11 23:11:11,559 - SUCCESS - 成功提取 '全國單日平均糧價' 的網頁 Metadata。
2026-02-11 23:11:12,929 - SUCCESS - 成功提取 '各觀測站近兩年降雨量' 的網頁 Metadata。
2026-02-11 23:11:12,929 - SUCCESS - 成功提取 '各觀測站近兩年降雨量' 的網頁 Metadata。
2026-02-11 23:11:14,936 - SUCCESS - 成功提取 '產銷履歷與有機蔬果行情' 的網頁 Metadata。
2026-02-11 23:11:14,936 - SUCCESS - 成功提取 '產銷履歷與有機蔬果行情' 的網頁 Metadata。
2026-02-11 23:11:16,462 - SUCCESS - 成功提取 '糧價查詢' 的網頁 Metadata。
2026-02-11 23:11:16,462 - SUCCESS - 成功提取 '糧價查詢' 的網頁 Metadata。
2026-02-11 23:11:18,010 - SUCCESS - 成功提取 '臺灣地區果品生產概況' 的網頁 Metadata。
2026-02-11 23:11:18,010 - SUCCESS - 成功提取 '臺灣地區果品生產概況' 的網頁 Metadata。
2026-02-11 23:11:19,326 - SUCCESS - 成功提取 '臺灣地區特用作物生產概況' 的網頁 Metadata。
2026-02-11 23:11:19,326 - SUCCESS - 成功提取 '臺灣地區特用作物生產概況' 的網頁 Metadata。
2026-02-11 23:11:20,674 - SUCCESS - 成功提取 '臺灣地區稻作種植、收穫面積及產量' 的網頁 Metadata。
2026-02-11 23:11:20,674 - SUCCESS - 成功提取 '臺灣地區稻作種植、收穫面積及產量' 的網頁 Metadata。
2026-02-11 23:11:22,095 - SUCCESS - 成功提取 '臺灣地區稻米生產價值' 的網頁 Metadata。
2026-02-11 23:11:22,095 - SUCCESS - 成功提取 '臺灣地區稻米生產價值' 的網頁 Metadata。
2026-02-11 23:11:23,555 - SUCCESS - 成功提取 '臺灣地區蔬菜生產概況' 的網頁 Metadata。
2026-02-11 23:11:23,555 - SUCCESS - 成功提取 '臺灣地區蔬菜生產概況' 的網頁 Metadata。
2026-02-11 23:11:24,932 - SUCCESS - 成功提取 '臺灣地區農產品生產量值' 的網頁 Metadata。
2026-02-11 23:11:24,932 - SUCCESS - 成功提取 '臺灣地區農產品生產量值' 的網頁 Metadata。
2026-02-11 23:11:26,187 - SUCCESS - 成功提取 '農情調查' 的網頁 Metadata。
2026-02-11 23:11:26,187 - SUCCESS - 成功提取 '農情調查' 的網頁 Metadata。
2026-02-11 23:11:26,243 - SUCCESS - '農情調查' 的 Metadata 已更新到 metadata.json。
2026-02-11 23:11:26,243 - SUCCESS - '農情調查' 的 Metadata 已更新到 metadata.json。
2026-02-11 23:11:28,742 - SUCCESS - <農情調查>的資料已下載完成，共 9999 筆資料。
2026-02-11 23:11:28,742 - SUCCESS - <農情調查>的資料已下載完成，共 9999 筆資料。
2026-02-11 23:11:28,765 - SUCCESS - 已下載、去重並合併資料完成現有資料 0 條，新資料 0 條。
2026-02-11 23:11:28,765 - SUCCESS - 已下載、去重並合併資料完成現有資料 0 條，新資料 0 條。
2026-02-11 23:11:30,255 - SUCCESS - 成功提取 '農產品交易行情' 的網頁 Metadata。
2026-02-11 23:11:30,255 - SUCCESS - 成功提取 '農產品交易行情' 的網頁 Metadata。
2026-02-11 23:11:31,622 - SUCCESS - 成功提取 '農產品產地價格(月平均價格)' 的網頁 Metadata。
2026-02-11 23:11:31,622 - SUCCESS - 成功提取 '農產品產地價格(月平均價格)' 的網頁 Metadata。
2026-02-11 23:11:33,083 - SUCCESS - 成功提取 '農產品產地價格資料' 的網頁 Metadata。
2026-02-11 23:11:33,083 - SUCCESS - 成功提取 '農產品產地價格資料' 的網頁 Metadata。
2026-02-11 23:11:35,175 - SUCCESS - 成功提取 '雜糧生產概況' 的網頁 Metadata。
2026-02-11 23:11:35,175 - SUCCESS - 成功提取 '雜糧生產概況' 的網頁 Metadata。
2026-02-11 23:11:36,186 - SUCCESS - 已成功儲存次要資訊。
2026-02-11 23:11:36,186 - SUCCESS - 已成功儲存次要資訊。
2026-02-11 23:11:36,186 - SUCCESS - 更新結果儲存成功:{'全國單日平均糧價': '未更新', '各觀測站近兩年降雨量': '未更新', '產銷履歷與有機蔬果行情': '未更新', '糧價查詢': '未更新', '臺灣地區果品生產概況': '未更新', '臺灣地區特用作物生產概況': '未更新', '臺灣地區稻作種植、收穫面積及產量': '未更新', '臺灣地區稻米生產價值': '未更新', '臺灣地區蔬菜生產概況': '未更新', '臺灣地區農產品生產量值': '未更新', '農情調查': '未更新', '農產品交易行情': '未更新', '農產品產地價格(月平均價格)': '未更新', '農產品產地價格資料': '未更新', '雜糧生產概況': '未更新'}
2026-02-11 23:11:36,186 - SUCCESS - 更新結果儲存成功:{'全國單日平均糧價': '未更新', '各觀測站近兩年降雨量': '未更新', '產銷履歷與有機蔬果行情': '未更新', '糧價查詢': '未更新', '臺灣地區果品生產概況': '未更新', '臺灣地區特用作物生產概況': '未更新', '臺灣地區稻作種植、收穫面積及產量': '未更新', '臺灣地區稻米生產價值': '未更新', '臺灣地區蔬菜生產概況': '未更新', '臺灣地區農產品生產量值': '未更新', '農情調查': '未更新', '農產品交易行情': '未更新', '農產品產地價格(月平均價格)': '未更新', '農產品產地價格資料': '未更新', '雜糧生產概況': '未更新'}
2026-02-11 23:11:36,218 - SUCCESS - 已成功儲存次要資訊到資料庫。
2026-02-11 23:11:36,218 - SUCCESS - 已成功儲存次要資訊到資料庫。
2026-02-11 23:35:52,647 - SUCCESS - 成功提取 '各觀測站近兩年降雨量' 的網頁 Metadata。
2026-02-11 23:35:52,647 - SUCCESS - 成功提取 '各觀測站近兩年降雨量' 的網頁 Metadata。
2026-02-11 23:35:53,987 - SUCCESS - 成功提取 '臺灣地區果品生產概況' 的網頁 Metadata。
2026-02-11 23:35:53,987 - SUCCESS - 成功提取 '臺灣地區果品生產概況' 的網頁 Metadata。
2026-02-11 23:35:55,574 - SUCCESS - 成功提取 '臺灣地區特用作物生產概況' 的網頁 Metadata。
2026-02-11 23:35:55,574 - SUCCESS - 成功提取 '臺灣地區特用作物生產概況' 的網頁 Metadata。
2026-02-11 23:35:57,329 - SUCCESS - 成功提取 '產銷履歷與有機蔬果行情' 的網頁 Metadata。
2026-02-11 23:35:57,329 - SUCCESS - 成功提取 '產銷履歷與有機蔬果行情' 的網頁 Metadata。
