2025-12-17 23:10:08,568 - SUCCESS - 成功提取 '全國單日平均糧價' 的網頁 Metadata。
2025-12-17 23:10:08,568 - SUCCESS - 成功提取 '全國單日平均糧價' 的網頁 Metadata。
2025-12-17 23:10:08,636 - SUCCESS - '全國單日平均糧價' 的 Metadata 已更新到 metadata.json。
2025-12-17 23:10:08,636 - SUCCESS - '全國單日平均糧價' 的 Metadata 已更新到 metadata.json。
2025-12-17 23:10:11,463 - SUCCESS - <全國單日平均糧價>的資料已下載完成，共 9137 筆資料。
2025-12-17 23:10:11,463 - SUCCESS - <全國單日平均糧價>的資料已下載完成，共 9137 筆資料。
2025-12-17 23:10:13,218 - SUCCESS - 已下載、去重並合併資料完成現有資料 9137 條，新資料 2 條。
2025-12-17 23:10:13,218 - SUCCESS - 已下載、去重並合併資料完成現有資料 9137 條，新資料 2 條。
2025-12-17 23:10:13,284 - SUCCESS - 已下載 '全國單日平均糧價' 的原始 JSON 資料路徑: 'C:\Python\data_moa_gov_tw\raw_data\全國單日平均糧價\全國單日平均糧價.json'
2025-12-17 23:10:13,284 - SUCCESS - 已下載 '全國單日平均糧價' 的原始 JSON 資料路徑: 'C:\Python\data_moa_gov_tw\raw_data\全國單日平均糧價\全國單日平均糧價.json'
2025-12-17 23:10:13,320 - SUCCESS - 插入或更新 '全國單日平均糧價' 的 Metadata 成功。
2025-12-17 23:10:13,320 - SUCCESS - 插入或更新 '全國單日平均糧價' 的 Metadata 成功。
2025-12-17 23:10:13,328 - SUCCESS - 已成功批量插入 '全國單日平均糧價' 的總計 2 條記錄到表格 '1040001' 。
2025-12-17 23:10:13,328 - SUCCESS - 已成功批量插入 '全國單日平均糧價' 的總計 2 條記錄到表格 '1040001' 。
2025-12-17 23:10:13,336 - SUCCESS - '全國單日平均糧價' 的自動更新完成。
2025-12-17 23:10:13,336 - SUCCESS - '全國單日平均糧價' 的自動更新完成。
2025-12-17 23:10:14,561 - SUCCESS - 成功提取 '各觀測站近兩年降雨量' 的網頁 Metadata。
2025-12-17 23:10:14,561 - SUCCESS - 成功提取 '各觀測站近兩年降雨量' 的網頁 Metadata。
2025-12-17 23:10:18,887 - SUCCESS - 成功提取 '產銷履歷與有機蔬果行情' 的網頁 Metadata。
2025-12-17 23:10:18,887 - SUCCESS - 成功提取 '產銷履歷與有機蔬果行情' 的網頁 Metadata。
2025-12-17 23:10:18,917 - SUCCESS - '產銷履歷與有機蔬果行情' 的 Metadata 已更新到 metadata.json。
2025-12-17 23:10:18,917 - SUCCESS - '產銷履歷與有機蔬果行情' 的 Metadata 已更新到 metadata.json。
2025-12-17 23:10:26,762 - SUCCESS - <產銷履歷與有機蔬果行情>的資料已下載完成，共 4688 筆資料。
2025-12-17 23:10:26,762 - SUCCESS - <產銷履歷與有機蔬果行情>的資料已下載完成，共 4688 筆資料。
2025-12-17 23:10:46,195 - SUCCESS - 已下載、去重並合併資料完成現有資料 280406 條，新資料 2300 條。
2025-12-17 23:10:46,195 - SUCCESS - 已下載、去重並合併資料完成現有資料 280406 條，新資料 2300 條。
2025-12-17 23:10:47,667 - SUCCESS - 已下載 '產銷履歷與有機蔬果行情' 的原始 JSON 資料路徑: 'C:\Python\data_moa_gov_tw\raw_data\產銷履歷與有機蔬果行情\產銷履歷與有機蔬果行情.json'
2025-12-17 23:10:47,667 - SUCCESS - 已下載 '產銷履歷與有機蔬果行情' 的原始 JSON 資料路徑: 'C:\Python\data_moa_gov_tw\raw_data\產銷履歷與有機蔬果行情\產銷履歷與有機蔬果行情.json'
2025-12-17 23:10:47,683 - SUCCESS - 插入或更新 '產銷履歷與有機蔬果行情' 的 Metadata 成功。
2025-12-17 23:10:47,683 - SUCCESS - 插入或更新 '產銷履歷與有機蔬果行情' 的 Metadata 成功。
2025-12-17 23:10:48,563 - SUCCESS - 已成功批量插入 '產銷履歷與有機蔬果行情' 的總計 2300 條記錄到表格 '1040003' 。
2025-12-17 23:10:48,563 - SUCCESS - 已成功批量插入 '產銷履歷與有機蔬果行情' 的總計 2300 條記錄到表格 '1040003' 。
2025-12-17 23:10:48,635 - SUCCESS - '產銷履歷與有機蔬果行情' 的自動更新完成。
2025-12-17 23:10:48,635 - SUCCESS - '產銷履歷與有機蔬果行情' 的自動更新完成。
2025-12-17 23:10:49,853 - SUCCESS - 成功提取 '糧價查詢' 的網頁 Metadata。
2025-12-17 23:10:49,853 - SUCCESS - 成功提取 '糧價查詢' 的網頁 Metadata。
2025-12-17 23:10:49,875 - SUCCESS - '糧價查詢' 的 Metadata 已更新到 metadata.json。
2025-12-17 23:10:49,875 - SUCCESS - '糧價查詢' 的 Metadata 已更新到 metadata.json。
2025-12-17 23:10:51,823 - SUCCESS - <糧價查詢>的資料已下載完成，共 9999 筆資料。
2025-12-17 23:10:51,823 - SUCCESS - <糧價查詢>的資料已下載完成，共 9999 筆資料。
2025-12-17 23:10:52,583 - SUCCESS - 已下載、去重並合併資料完成現有資料 10260 條，新資料 21 條。
2025-12-17 23:10:52,583 - SUCCESS - 已下載、去重並合併資料完成現有資料 10260 條，新資料 21 條。
2025-12-17 23:10:53,350 - SUCCESS - 已下載 '糧價查詢' 的原始 JSON 資料路徑: 'C:\Python\data_moa_gov_tw\raw_data\糧價查詢\糧價查詢.json'
2025-12-17 23:10:53,350 - SUCCESS - 已下載 '糧價查詢' 的原始 JSON 資料路徑: 'C:\Python\data_moa_gov_tw\raw_data\糧價查詢\糧價查詢.json'
2025-12-17 23:10:53,356 - SUCCESS - 插入或更新 '糧價查詢' 的 Metadata 成功。
2025-12-17 23:10:53,356 - SUCCESS - 插入或更新 '糧價查詢' 的 Metadata 成功。
2025-12-17 23:10:53,362 - SUCCESS - 已成功批量插入 '糧價查詢' 的總計 21 條記錄到表格 '1040004' 。
2025-12-17 23:10:53,362 - SUCCESS - 已成功批量插入 '糧價查詢' 的總計 21 條記錄到表格 '1040004' 。
2025-12-17 23:10:53,376 - SUCCESS - '糧價查詢' 的自動更新完成。
2025-12-17 23:10:53,376 - SUCCESS - '糧價查詢' 的自動更新完成。
2025-12-17 23:10:54,683 - SUCCESS - 成功提取 '臺灣地區果品生產概況' 的網頁 Metadata。
2025-12-17 23:10:54,683 - SUCCESS - 成功提取 '臺灣地區果品生產概況' 的網頁 Metadata。
2025-12-17 23:10:55,837 - SUCCESS - 成功提取 '臺灣地區特用作物生產概況' 的網頁 Metadata。
2025-12-17 23:10:55,837 - SUCCESS - 成功提取 '臺灣地區特用作物生產概況' 的網頁 Metadata。
2025-12-17 23:10:57,037 - SUCCESS - 成功提取 '臺灣地區稻作種植、收穫面積及產量' 的網頁 Metadata。
2025-12-17 23:10:57,037 - SUCCESS - 成功提取 '臺灣地區稻作種植、收穫面積及產量' 的網頁 Metadata。
2025-12-17 23:10:58,203 - SUCCESS - 成功提取 '臺灣地區稻米生產價值' 的網頁 Metadata。
2025-12-17 23:10:58,203 - SUCCESS - 成功提取 '臺灣地區稻米生產價值' 的網頁 Metadata。
2025-12-17 23:10:59,420 - SUCCESS - 成功提取 '臺灣地區蔬菜生產概況' 的網頁 Metadata。
2025-12-17 23:10:59,420 - SUCCESS - 成功提取 '臺灣地區蔬菜生產概況' 的網頁 Metadata。
2025-12-17 23:11:00,603 - SUCCESS - 成功提取 '臺灣地區農產品生產量值' 的網頁 Metadata。
2025-12-17 23:11:00,603 - SUCCESS - 成功提取 '臺灣地區農產品生產量值' 的網頁 Metadata。
2025-12-17 23:11:01,802 - SUCCESS - 成功提取 '農情調查' 的網頁 Metadata。
2025-12-17 23:11:01,802 - SUCCESS - 成功提取 '農情調查' 的網頁 Metadata。
2025-12-17 23:11:01,840 - SUCCESS - '農情調查' 的 Metadata 已更新到 metadata.json。
2025-12-17 23:11:01,840 - SUCCESS - '農情調查' 的 Metadata 已更新到 metadata.json。
2025-12-17 23:11:04,062 - SUCCESS - <農情調查>的資料已下載完成，共 9999 筆資料。
2025-12-17 23:11:04,062 - SUCCESS - <農情調查>的資料已下載完成，共 9999 筆資料。
2025-12-17 23:11:05,111 - SUCCESS - 已下載、去重並合併資料完成現有資料 45259 條，新資料 0 條。
2025-12-17 23:11:05,111 - SUCCESS - 已下載、去重並合併資料完成現有資料 45259 條，新資料 0 條。
2025-12-17 23:11:05,397 - SUCCESS - 插入或更新 '農情調查' 的 Metadata 成功。
2025-12-17 23:11:05,397 - SUCCESS - 插入或更新 '農情調查' 的 Metadata 成功。
2025-12-17 23:11:05,412 - SUCCESS - '農情調查' 的自動更新完成。
2025-12-17 23:11:05,412 - SUCCESS - '農情調查' 的自動更新完成。
2025-12-17 23:11:06,609 - SUCCESS - 成功提取 '農產品交易行情' 的網頁 Metadata。
2025-12-17 23:11:06,609 - SUCCESS - 成功提取 '農產品交易行情' 的網頁 Metadata。
2025-12-17 23:11:06,644 - SUCCESS - '農產品交易行情' 的 Metadata 已更新到 metadata.json。
2025-12-17 23:11:06,644 - SUCCESS - '農產品交易行情' 的 Metadata 已更新到 metadata.json。
2025-12-17 23:11:25,304 - SUCCESS - <農產品交易行情>的資料已下載完成，共 11582 筆資料。
2025-12-17 23:11:25,304 - SUCCESS - <農產品交易行情>的資料已下載完成，共 11582 筆資料。
2025-12-17 23:11:50,210 - SUCCESS - 已下載、去重並合併資料完成現有資料 529607 條，新資料 3800 條。
2025-12-17 23:11:50,210 - SUCCESS - 已下載、去重並合併資料完成現有資料 529607 條，新資料 3800 條。
2025-12-17 23:11:52,690 - SUCCESS - 已下載 '農產品交易行情' 的原始 JSON 資料路徑: 'C:\Python\data_moa_gov_tw\raw_data\農產品交易行情\農產品交易行情.json'
2025-12-17 23:11:52,690 - SUCCESS - 已下載 '農產品交易行情' 的原始 JSON 資料路徑: 'C:\Python\data_moa_gov_tw\raw_data\農產品交易行情\農產品交易行情.json'
2025-12-17 23:11:52,707 - SUCCESS - 插入或更新 '農產品交易行情' 的 Metadata 成功。
2025-12-17 23:11:52,707 - SUCCESS - 插入或更新 '農產品交易行情' 的 Metadata 成功。
2025-12-17 23:11:54,194 - SUCCESS - 已成功批量插入 '農產品交易行情' 的總計 3798 條記錄到表格 '1040012' 。
2025-12-17 23:11:54,194 - SUCCESS - 已成功批量插入 '農產品交易行情' 的總計 3798 條記錄到表格 '1040012' 。
2025-12-17 23:11:54,395 - SUCCESS - '農產品交易行情' 的自動更新完成。
2025-12-17 23:11:54,395 - SUCCESS - '農產品交易行情' 的自動更新完成。
2025-12-17 23:11:58,997 - SUCCESS - 成功提取 '農產品產地價格(月平均價格)' 的網頁 Metadata。
2025-12-17 23:11:58,997 - SUCCESS - 成功提取 '農產品產地價格(月平均價格)' 的網頁 Metadata。
2025-12-17 23:12:00,470 - SUCCESS - 成功提取 '農產品產地價格資料' 的網頁 Metadata。
2025-12-17 23:12:00,470 - SUCCESS - 成功提取 '農產品產地價格資料' 的網頁 Metadata。
2025-12-17 23:12:01,653 - SUCCESS - 成功提取 '雜糧生產概況' 的網頁 Metadata。
2025-12-17 23:12:01,653 - SUCCESS - 成功提取 '雜糧生產概況' 的網頁 Metadata。
2025-12-17 23:12:02,665 - SUCCESS - 已成功儲存次要資訊。
2025-12-17 23:12:02,665 - SUCCESS - 已成功儲存次要資訊。
2025-12-17 23:12:02,665 - SUCCESS - 更新結果儲存成功:{'全國單日平均糧價': '已更新', '各觀測站近兩年降雨量': '未更新', '產銷履歷與有機蔬果行情': '已更新', '糧價查詢': '已更新', '臺灣地區果品生產概況': '未更新', '臺灣地區特用作物生產概況': '未更新', '臺灣地區稻作種植、收穫面積及產量': '未更新', '臺灣地區稻米生產價值': '未更新', '臺灣地區蔬菜生產概況': '未更新', '臺灣地區農產品生產量值': '未更新', '農情調查': '已更新', '農產品交易行情': '已更新', '農產品產地價格(月平均價格)': '未更新', '農產品產地價格資料': '未更新', '雜糧生產概況': '未更新'}
2025-12-17 23:12:02,665 - SUCCESS - 更新結果儲存成功:{'全國單日平均糧價': '已更新', '各觀測站近兩年降雨量': '未更新', '產銷履歷與有機蔬果行情': '已更新', '糧價查詢': '已更新', '臺灣地區果品生產概況': '未更新', '臺灣地區特用作物生產概況': '未更新', '臺灣地區稻作種植、收穫面積及產量': '未更新', '臺灣地區稻米生產價值': '未更新', '臺灣地區蔬菜生產概況': '未更新', '臺灣地區農產品生產量值': '未更新', '農情調查': '已更新', '農產品交易行情': '已更新', '農產品產地價格(月平均價格)': '未更新', '農產品產地價格資料': '未更新', '雜糧生產概況': '未更新'}
