2025-11-18 00:20:29,257 - SUCCESS - 成功提取 '全國單日平均糧價' 的網頁 Metadata。
2025-11-18 00:20:29,257 - SUCCESS - 成功提取 '全國單日平均糧價' 的網頁 Metadata。
2025-11-18 00:20:29,367 - SUCCESS - '全國單日平均糧價' 的 Metadata 已更新到 metadata.json。
2025-11-18 00:20:29,367 - SUCCESS - '全國單日平均糧價' 的 Metadata 已更新到 metadata.json。
2025-11-18 00:20:31,482 - SUCCESS - <全國單日平均糧價>的資料已下載完成，共 9107 筆資料。
2025-11-18 00:20:31,482 - SUCCESS - <全國單日平均糧價>的資料已下載完成，共 9107 筆資料。
2025-11-18 00:20:33,430 - SUCCESS - 已下載、去重並合併資料完成現有資料 9107 條，新資料 2 條。
2025-11-18 00:20:33,430 - SUCCESS - 已下載、去重並合併資料完成現有資料 9107 條，新資料 2 條。
2025-11-18 00:20:33,516 - SUCCESS - 已下載 '全國單日平均糧價' 的原始 JSON 資料路徑: 'C:\Python\data_moa_gov_tw\raw_data\全國單日平均糧價\全國單日平均糧價.json'
2025-11-18 00:20:33,516 - SUCCESS - 已下載 '全國單日平均糧價' 的原始 JSON 資料路徑: 'C:\Python\data_moa_gov_tw\raw_data\全國單日平均糧價\全國單日平均糧價.json'
2025-11-18 00:20:33,554 - SUCCESS - 插入或更新 '全國單日平均糧價' 的 Metadata 成功。
2025-11-18 00:20:33,554 - SUCCESS - 插入或更新 '全國單日平均糧價' 的 Metadata 成功。
2025-11-18 00:20:33,578 - SUCCESS - 已成功批量插入 '全國單日平均糧價' 的總計 2 條記錄到表格 '1040001' 。
2025-11-18 00:20:33,578 - SUCCESS - 已成功批量插入 '全國單日平均糧價' 的總計 2 條記錄到表格 '1040001' 。
2025-11-18 00:20:33,586 - SUCCESS - '全國單日平均糧價' 的自動更新完成。
2025-11-18 00:20:33,586 - SUCCESS - '全國單日平均糧價' 的自動更新完成。
2025-11-18 00:20:35,145 - SUCCESS - 成功提取 '各觀測站近兩年降雨量' 的網頁 Metadata。
2025-11-18 00:20:35,145 - SUCCESS - 成功提取 '各觀測站近兩年降雨量' 的網頁 Metadata。
2025-11-18 00:20:37,148 - SUCCESS - 成功提取 '產銷履歷與有機蔬果行情' 的網頁 Metadata。
2025-11-18 00:20:37,148 - SUCCESS - 成功提取 '產銷履歷與有機蔬果行情' 的網頁 Metadata。
2025-11-18 00:20:37,352 - SUCCESS - '產銷履歷與有機蔬果行情' 的 Metadata 已更新到 metadata.json。
2025-11-18 00:20:37,352 - SUCCESS - '產銷履歷與有機蔬果行情' 的 Metadata 已更新到 metadata.json。
2025-11-18 00:20:45,914 - SUCCESS - <產銷履歷與有機蔬果行情>的資料已下載完成，共 2272 筆資料。
2025-11-18 00:20:45,914 - SUCCESS - <產銷履歷與有機蔬果行情>的資料已下載完成，共 2272 筆資料。
2025-11-18 00:21:12,038 - SUCCESS - 已下載、去重並合併資料完成現有資料 222795 條，新資料 79 條。
2025-11-18 00:21:12,038 - SUCCESS - 已下載、去重並合併資料完成現有資料 222795 條，新資料 79 條。
2025-11-18 00:21:13,586 - SUCCESS - 已下載 '產銷履歷與有機蔬果行情' 的原始 JSON 資料路徑: 'C:\Python\data_moa_gov_tw\raw_data\產銷履歷與有機蔬果行情\產銷履歷與有機蔬果行情.json'
2025-11-18 00:21:13,586 - SUCCESS - 已下載 '產銷履歷與有機蔬果行情' 的原始 JSON 資料路徑: 'C:\Python\data_moa_gov_tw\raw_data\產銷履歷與有機蔬果行情\產銷履歷與有機蔬果行情.json'
2025-11-18 00:21:13,591 - SUCCESS - 插入或更新 '產銷履歷與有機蔬果行情' 的 Metadata 成功。
2025-11-18 00:21:13,591 - SUCCESS - 插入或更新 '產銷履歷與有機蔬果行情' 的 Metadata 成功。
2025-11-18 00:21:13,649 - SUCCESS - 已成功批量插入 '產銷履歷與有機蔬果行情' 的總計 79 條記錄到表格 '1040003' 。
2025-11-18 00:21:13,649 - SUCCESS - 已成功批量插入 '產銷履歷與有機蔬果行情' 的總計 79 條記錄到表格 '1040003' 。
2025-11-18 00:21:13,778 - SUCCESS - '產銷履歷與有機蔬果行情' 的自動更新完成。
2025-11-18 00:21:13,778 - SUCCESS - '產銷履歷與有機蔬果行情' 的自動更新完成。
2025-11-18 00:21:15,273 - SUCCESS - 成功提取 '糧價查詢' 的網頁 Metadata。
2025-11-18 00:21:15,273 - SUCCESS - 成功提取 '糧價查詢' 的網頁 Metadata。
2025-11-18 00:21:15,315 - SUCCESS - '糧價查詢' 的 Metadata 已更新到 metadata.json。
2025-11-18 00:21:15,315 - SUCCESS - '糧價查詢' 的 Metadata 已更新到 metadata.json。
2025-11-18 00:21:17,240 - SUCCESS - <糧價查詢>的資料已下載完成，共 9999 筆資料。
2025-11-18 00:21:17,240 - SUCCESS - <糧價查詢>的資料已下載完成，共 9999 筆資料。
2025-11-18 00:21:39,804 - SUCCESS - 已下載、去重並合併資料完成現有資料 240683 條，新資料 40 條。
2025-11-18 00:21:39,804 - SUCCESS - 已下載、去重並合併資料完成現有資料 240683 條，新資料 40 條。
2025-11-18 00:21:41,745 - SUCCESS - 已下載 '糧價查詢' 的原始 JSON 資料路徑: 'C:\Python\data_moa_gov_tw\raw_data\糧價查詢\糧價查詢.json'
2025-11-18 00:21:41,745 - SUCCESS - 已下載 '糧價查詢' 的原始 JSON 資料路徑: 'C:\Python\data_moa_gov_tw\raw_data\糧價查詢\糧價查詢.json'
2025-11-18 00:21:41,755 - SUCCESS - 插入或更新 '糧價查詢' 的 Metadata 成功。
2025-11-18 00:21:41,755 - SUCCESS - 插入或更新 '糧價查詢' 的 Metadata 成功。
2025-11-18 00:21:41,842 - SUCCESS - 已成功批量插入 '糧價查詢' 的總計 40 條記錄到表格 '1040004' 。
2025-11-18 00:21:41,842 - SUCCESS - 已成功批量插入 '糧價查詢' 的總計 40 條記錄到表格 '1040004' 。
2025-11-18 00:21:42,054 - SUCCESS - '糧價查詢' 的自動更新完成。
2025-11-18 00:21:42,054 - SUCCESS - '糧價查詢' 的自動更新完成。
2025-11-18 00:21:43,548 - SUCCESS - 成功提取 '臺灣地區果品生產概況' 的網頁 Metadata。
2025-11-18 00:21:43,548 - SUCCESS - 成功提取 '臺灣地區果品生產概況' 的網頁 Metadata。
2025-11-18 00:21:45,278 - SUCCESS - 成功提取 '臺灣地區特用作物生產概況' 的網頁 Metadata。
2025-11-18 00:21:45,278 - SUCCESS - 成功提取 '臺灣地區特用作物生產概況' 的網頁 Metadata。
2025-11-18 00:21:46,798 - SUCCESS - 成功提取 '臺灣地區稻作種植、收穫面積及產量' 的網頁 Metadata。
2025-11-18 00:21:46,798 - SUCCESS - 成功提取 '臺灣地區稻作種植、收穫面積及產量' 的網頁 Metadata。
2025-11-18 00:21:48,292 - SUCCESS - 成功提取 '臺灣地區稻米生產價值' 的網頁 Metadata。
2025-11-18 00:21:48,292 - SUCCESS - 成功提取 '臺灣地區稻米生產價值' 的網頁 Metadata。
2025-11-18 00:21:49,767 - SUCCESS - 成功提取 '臺灣地區蔬菜生產概況' 的網頁 Metadata。
2025-11-18 00:21:49,767 - SUCCESS - 成功提取 '臺灣地區蔬菜生產概況' 的網頁 Metadata。
2025-11-18 00:21:51,097 - SUCCESS - 成功提取 '臺灣地區農產品生產量值' 的網頁 Metadata。
2025-11-18 00:21:51,097 - SUCCESS - 成功提取 '臺灣地區農產品生產量值' 的網頁 Metadata。
2025-11-18 00:21:52,416 - SUCCESS - 成功提取 '農情調查' 的網頁 Metadata。
2025-11-18 00:21:52,416 - SUCCESS - 成功提取 '農情調查' 的網頁 Metadata。
2025-11-18 00:21:52,469 - SUCCESS - '農情調查' 的 Metadata 已更新到 metadata.json。
2025-11-18 00:21:52,469 - SUCCESS - '農情調查' 的 Metadata 已更新到 metadata.json。
2025-11-18 00:21:56,257 - SUCCESS - <農情調查>的資料已下載完成，共 9999 筆資料。
2025-11-18 00:21:56,257 - SUCCESS - <農情調查>的資料已下載完成，共 9999 筆資料。
2025-11-18 00:21:57,510 - SUCCESS - 已下載、去重並合併資料完成現有資料 45259 條，新資料 0 條。
2025-11-18 00:21:57,510 - SUCCESS - 已下載、去重並合併資料完成現有資料 45259 條，新資料 0 條。
2025-11-18 00:21:57,904 - SUCCESS - 插入或更新 '農情調查' 的 Metadata 成功。
2025-11-18 00:21:57,904 - SUCCESS - 插入或更新 '農情調查' 的 Metadata 成功。
2025-11-18 00:21:57,921 - SUCCESS - '農情調查' 的自動更新完成。
2025-11-18 00:21:57,921 - SUCCESS - '農情調查' 的自動更新完成。
2025-11-18 00:21:59,948 - SUCCESS - 成功提取 '農產品交易行情' 的網頁 Metadata。
2025-11-18 00:21:59,948 - SUCCESS - 成功提取 '農產品交易行情' 的網頁 Metadata。
2025-11-18 00:22:00,002 - SUCCESS - '農產品交易行情' 的 Metadata 已更新到 metadata.json。
2025-11-18 00:22:00,002 - SUCCESS - '農產品交易行情' 的 Metadata 已更新到 metadata.json。
2025-11-18 00:22:28,648 - SUCCESS - <農產品交易行情>的資料已下載完成，共 7452 筆資料。
2025-11-18 00:22:28,648 - SUCCESS - <農產品交易行情>的資料已下載完成，共 7452 筆資料。
2025-11-18 00:22:57,589 - SUCCESS - 已下載、去重並合併資料完成現有資料 439020 條，新資料 1661 條。
2025-11-18 00:22:57,589 - SUCCESS - 已下載、去重並合併資料完成現有資料 439020 條，新資料 1661 條。
2025-11-18 00:23:00,764 - SUCCESS - 已下載 '農產品交易行情' 的原始 JSON 資料路徑: 'C:\Python\data_moa_gov_tw\raw_data\農產品交易行情\農產品交易行情.json'
2025-11-18 00:23:00,764 - SUCCESS - 已下載 '農產品交易行情' 的原始 JSON 資料路徑: 'C:\Python\data_moa_gov_tw\raw_data\農產品交易行情\農產品交易行情.json'
2025-11-18 00:23:00,769 - SUCCESS - 插入或更新 '農產品交易行情' 的 Metadata 成功。
2025-11-18 00:23:00,769 - SUCCESS - 插入或更新 '農產品交易行情' 的 Metadata 成功。
2025-11-18 00:23:02,265 - SUCCESS - 已成功批量插入 '農產品交易行情' 的總計 1661 條記錄到表格 '1040012' 。
2025-11-18 00:23:02,265 - SUCCESS - 已成功批量插入 '農產品交易行情' 的總計 1661 條記錄到表格 '1040012' 。
2025-11-18 00:23:02,540 - SUCCESS - '農產品交易行情' 的自動更新完成。
2025-11-18 00:23:02,540 - SUCCESS - '農產品交易行情' 的自動更新完成。
2025-11-18 00:23:04,450 - SUCCESS - 成功提取 '農產品產地價格(月平均價格)' 的網頁 Metadata。
2025-11-18 00:23:04,450 - SUCCESS - 成功提取 '農產品產地價格(月平均價格)' 的網頁 Metadata。
2025-11-18 00:23:06,038 - SUCCESS - 成功提取 '農產品產地價格資料' 的網頁 Metadata。
2025-11-18 00:23:06,038 - SUCCESS - 成功提取 '農產品產地價格資料' 的網頁 Metadata。
2025-11-18 00:23:06,097 - SUCCESS - '農產品產地價格資料' 的 Metadata 已更新到 metadata.json。
2025-11-18 00:23:06,097 - SUCCESS - '農產品產地價格資料' 的 Metadata 已更新到 metadata.json。
2025-11-18 00:23:06,954 - SUCCESS - <農產品產地價格資料>的資料已下載完成，共 9999 筆資料。
2025-11-18 00:23:06,954 - SUCCESS - <農產品產地價格資料>的資料已下載完成，共 9999 筆資料。
2025-11-18 00:24:04,136 - SUCCESS - 已下載、去重並合併資料完成現有資料 345799 條，新資料 0 條。
2025-11-18 00:24:04,136 - SUCCESS - 已下載、去重並合併資料完成現有資料 345799 條，新資料 0 條。
2025-11-18 00:24:06,823 - SUCCESS - 插入或更新 '農產品產地價格資料' 的 Metadata 成功。
2025-11-18 00:24:06,823 - SUCCESS - 插入或更新 '農產品產地價格資料' 的 Metadata 成功。
2025-11-18 00:24:06,942 - SUCCESS - '農產品產地價格資料' 的自動更新完成。
2025-11-18 00:24:06,942 - SUCCESS - '農產品產地價格資料' 的自動更新完成。
2025-11-18 00:24:09,049 - SUCCESS - 成功提取 '雜糧生產概況' 的網頁 Metadata。
2025-11-18 00:24:09,049 - SUCCESS - 成功提取 '雜糧生產概況' 的網頁 Metadata。
2025-11-18 00:24:10,058 - SUCCESS - 已成功儲存次要資訊。
2025-11-18 00:24:10,058 - SUCCESS - 已成功儲存次要資訊。
2025-11-18 00:24:10,058 - SUCCESS - 更新結果儲存成功:{'全國單日平均糧價': '已更新', '各觀測站近兩年降雨量': '未更新', '產銷履歷與有機蔬果行情': '已更新', '糧價查詢': '已更新', '臺灣地區果品生產概況': '未更新', '臺灣地區特用作物生產概況': '未更新', '臺灣地區稻作種植、收穫面積及產量': '未更新', '臺灣地區稻米生產價值': '未更新', '臺灣地區蔬菜生產概況': '未更新', '臺灣地區農產品生產量值': '未更新', '農情調查': '已更新', '農產品交易行情': '已更新', '農產品產地價格(月平均價格)': '未更新', '農產品產地價格資料': '已更新', '雜糧生產概況': '未更新'}
2025-11-18 00:24:10,058 - SUCCESS - 更新結果儲存成功:{'全國單日平均糧價': '已更新', '各觀測站近兩年降雨量': '未更新', '產銷履歷與有機蔬果行情': '已更新', '糧價查詢': '已更新', '臺灣地區果品生產概況': '未更新', '臺灣地區特用作物生產概況': '未更新', '臺灣地區稻作種植、收穫面積及產量': '未更新', '臺灣地區稻米生產價值': '未更新', '臺灣地區蔬菜生產概況': '未更新', '臺灣地區農產品生產量值': '未更新', '農情調查': '已更新', '農產品交易行情': '已更新', '農產品產地價格(月平均價格)': '未更新', '農產品產地價格資料': '已更新', '雜糧生產概況': '未更新'}
2025-11-18 23:59:06,644 - SUCCESS - 成功提取 '全國單日平均糧價' 的網頁 Metadata。
2025-11-18 23:59:06,644 - SUCCESS - 成功提取 '全國單日平均糧價' 的網頁 Metadata。
2025-11-18 23:59:06,717 - SUCCESS - '全國單日平均糧價' 的 Metadata 已更新到 metadata.json。
2025-11-18 23:59:06,717 - SUCCESS - '全國單日平均糧價' 的 Metadata 已更新到 metadata.json。
2025-11-18 23:59:08,836 - SUCCESS - <全國單日平均糧價>的資料已下載完成，共 9108 筆資料。
2025-11-18 23:59:08,836 - SUCCESS - <全國單日平均糧價>的資料已下載完成，共 9108 筆資料。
2025-11-18 23:59:09,696 - SUCCESS - 已下載、去重並合併資料完成現有資料 9108 條，新資料 1 條。
2025-11-18 23:59:09,696 - SUCCESS - 已下載、去重並合併資料完成現有資料 9108 條，新資料 1 條。
2025-11-18 23:59:09,752 - SUCCESS - 已下載 '全國單日平均糧價' 的原始 JSON 資料路徑: 'C:\Python\data_moa_gov_tw\raw_data\全國單日平均糧價\全國單日平均糧價.json'
2025-11-18 23:59:09,752 - SUCCESS - 已下載 '全國單日平均糧價' 的原始 JSON 資料路徑: 'C:\Python\data_moa_gov_tw\raw_data\全國單日平均糧價\全國單日平均糧價.json'
2025-11-18 23:59:09,777 - SUCCESS - 插入或更新 '全國單日平均糧價' 的 Metadata 成功。
2025-11-18 23:59:09,777 - SUCCESS - 插入或更新 '全國單日平均糧價' 的 Metadata 成功。
2025-11-18 23:59:09,781 - SUCCESS - 已成功批量插入 '全國單日平均糧價' 的總計 1 條記錄到表格 '1040001' 。
2025-11-18 23:59:09,781 - SUCCESS - 已成功批量插入 '全國單日平均糧價' 的總計 1 條記錄到表格 '1040001' 。
2025-11-18 23:59:09,789 - SUCCESS - '全國單日平均糧價' 的自動更新完成。
2025-11-18 23:59:09,789 - SUCCESS - '全國單日平均糧價' 的自動更新完成。
2025-11-18 23:59:10,989 - SUCCESS - 成功提取 '各觀測站近兩年降雨量' 的網頁 Metadata。
2025-11-18 23:59:10,989 - SUCCESS - 成功提取 '各觀測站近兩年降雨量' 的網頁 Metadata。
2025-11-18 23:59:12,454 - SUCCESS - 成功提取 '產銷履歷與有機蔬果行情' 的網頁 Metadata。
2025-11-18 23:59:12,454 - SUCCESS - 成功提取 '產銷履歷與有機蔬果行情' 的網頁 Metadata。
2025-11-18 23:59:12,538 - SUCCESS - '產銷履歷與有機蔬果行情' 的 Metadata 已更新到 metadata.json。
2025-11-18 23:59:12,538 - SUCCESS - '產銷履歷與有機蔬果行情' 的 Metadata 已更新到 metadata.json。
2025-11-18 23:59:14,856 - SUCCESS - <產銷履歷與有機蔬果行情>的資料已下載完成，共 2464 筆資料。
2025-11-18 23:59:14,856 - SUCCESS - <產銷履歷與有機蔬果行情>的資料已下載完成，共 2464 筆資料。
2025-11-18 23:59:34,686 - SUCCESS - 已下載、去重並合併資料完成現有資料 225180 條，新資料 2385 條。
2025-11-18 23:59:34,686 - SUCCESS - 已下載、去重並合併資料完成現有資料 225180 條，新資料 2385 條。
2025-11-18 23:59:36,298 - SUCCESS - 已下載 '產銷履歷與有機蔬果行情' 的原始 JSON 資料路徑: 'C:\Python\data_moa_gov_tw\raw_data\產銷履歷與有機蔬果行情\產銷履歷與有機蔬果行情.json'
2025-11-18 23:59:36,298 - SUCCESS - 已下載 '產銷履歷與有機蔬果行情' 的原始 JSON 資料路徑: 'C:\Python\data_moa_gov_tw\raw_data\產銷履歷與有機蔬果行情\產銷履歷與有機蔬果行情.json'
2025-11-18 23:59:36,318 - SUCCESS - 插入或更新 '產銷履歷與有機蔬果行情' 的 Metadata 成功。
2025-11-18 23:59:36,318 - SUCCESS - 插入或更新 '產銷履歷與有機蔬果行情' 的 Metadata 成功。
2025-11-18 23:59:38,272 - SUCCESS - 已成功批量插入 '產銷履歷與有機蔬果行情' 的總計 2385 條記錄到表格 '1040003' 。
2025-11-18 23:59:38,272 - SUCCESS - 已成功批量插入 '產銷履歷與有機蔬果行情' 的總計 2385 條記錄到表格 '1040003' 。
2025-11-18 23:59:38,352 - SUCCESS - '產銷履歷與有機蔬果行情' 的自動更新完成。
2025-11-18 23:59:38,352 - SUCCESS - '產銷履歷與有機蔬果行情' 的自動更新完成。
2025-11-18 23:59:39,548 - SUCCESS - 成功提取 '糧價查詢' 的網頁 Metadata。
2025-11-18 23:59:39,548 - SUCCESS - 成功提取 '糧價查詢' 的網頁 Metadata。
2025-11-18 23:59:39,583 - SUCCESS - '糧價查詢' 的 Metadata 已更新到 metadata.json。
2025-11-18 23:59:39,583 - SUCCESS - '糧價查詢' 的 Metadata 已更新到 metadata.json。
2025-11-18 23:59:41,938 - SUCCESS - <糧價查詢>的資料已下載完成，共 9999 筆資料。
2025-11-18 23:59:41,938 - SUCCESS - <糧價查詢>的資料已下載完成，共 9999 筆資料。
2025-11-18 23:59:59,629 - SUCCESS - 已下載、去重並合併資料完成現有資料 240703 條，新資料 20 條。
2025-11-18 23:59:59,629 - SUCCESS - 已下載、去重並合併資料完成現有資料 240703 條，新資料 20 條。
2025-11-19 00:00:01,022 - SUCCESS - 已下載 '糧價查詢' 的原始 JSON 資料路徑: 'C:\Python\data_moa_gov_tw\raw_data\糧價查詢\糧價查詢.json'
2025-11-19 00:00:01,022 - SUCCESS - 已下載 '糧價查詢' 的原始 JSON 資料路徑: 'C:\Python\data_moa_gov_tw\raw_data\糧價查詢\糧價查詢.json'
2025-11-19 00:00:01,030 - SUCCESS - 插入或更新 '糧價查詢' 的 Metadata 成功。
2025-11-19 00:00:01,030 - SUCCESS - 插入或更新 '糧價查詢' 的 Metadata 成功。
2025-11-19 00:00:01,067 - SUCCESS - 已成功批量插入 '糧價查詢' 的總計 20 條記錄到表格 '1040004' 。
2025-11-19 00:00:01,067 - SUCCESS - 已成功批量插入 '糧價查詢' 的總計 20 條記錄到表格 '1040004' 。
2025-11-19 00:00:01,203 - SUCCESS - '糧價查詢' 的自動更新完成。
2025-11-19 00:00:01,203 - SUCCESS - '糧價查詢' 的自動更新完成。
2025-11-19 00:00:02,861 - SUCCESS - 成功提取 '臺灣地區果品生產概況' 的網頁 Metadata。
2025-11-19 00:00:02,861 - SUCCESS - 成功提取 '臺灣地區果品生產概況' 的網頁 Metadata。
2025-11-19 00:00:04,260 - SUCCESS - 成功提取 '臺灣地區特用作物生產概況' 的網頁 Metadata。
2025-11-19 00:00:04,260 - SUCCESS - 成功提取 '臺灣地區特用作物生產概況' 的網頁 Metadata。
2025-11-19 00:00:05,581 - SUCCESS - 成功提取 '臺灣地區稻作種植、收穫面積及產量' 的網頁 Metadata。
2025-11-19 00:00:05,581 - SUCCESS - 成功提取 '臺灣地區稻作種植、收穫面積及產量' 的網頁 Metadata。
2025-11-19 00:00:06,798 - SUCCESS - 成功提取 '臺灣地區稻米生產價值' 的網頁 Metadata。
2025-11-19 00:00:06,798 - SUCCESS - 成功提取 '臺灣地區稻米生產價值' 的網頁 Metadata。
2025-11-19 00:00:08,184 - SUCCESS - 成功提取 '臺灣地區蔬菜生產概況' 的網頁 Metadata。
2025-11-19 00:00:08,184 - SUCCESS - 成功提取 '臺灣地區蔬菜生產概況' 的網頁 Metadata。
2025-11-19 00:00:09,494 - SUCCESS - 成功提取 '臺灣地區農產品生產量值' 的網頁 Metadata。
2025-11-19 00:00:09,494 - SUCCESS - 成功提取 '臺灣地區農產品生產量值' 的網頁 Metadata。
2025-11-19 00:00:10,884 - SUCCESS - 成功提取 '農情調查' 的網頁 Metadata。
2025-11-19 00:00:10,884 - SUCCESS - 成功提取 '農情調查' 的網頁 Metadata。
2025-11-19 00:00:10,925 - SUCCESS - '農情調查' 的 Metadata 已更新到 metadata.json。
2025-11-19 00:00:10,925 - SUCCESS - '農情調查' 的 Metadata 已更新到 metadata.json。
2025-11-19 00:00:15,110 - SUCCESS - <農情調查>的資料已下載完成，共 9999 筆資料。
2025-11-19 00:00:15,110 - SUCCESS - <農情調查>的資料已下載完成，共 9999 筆資料。
2025-11-19 00:00:16,287 - SUCCESS - 已下載、去重並合併資料完成現有資料 45259 條，新資料 0 條。
2025-11-19 00:00:16,287 - SUCCESS - 已下載、去重並合併資料完成現有資料 45259 條，新資料 0 條。
2025-11-19 00:00:16,681 - SUCCESS - 插入或更新 '農情調查' 的 Metadata 成功。
2025-11-19 00:00:16,681 - SUCCESS - 插入或更新 '農情調查' 的 Metadata 成功。
2025-11-19 00:00:16,702 - SUCCESS - '農情調查' 的自動更新完成。
2025-11-19 00:00:16,702 - SUCCESS - '農情調查' 的自動更新完成。
2025-11-19 00:00:18,032 - SUCCESS - 成功提取 '農產品交易行情' 的網頁 Metadata。
2025-11-19 00:00:18,032 - SUCCESS - 成功提取 '農產品交易行情' 的網頁 Metadata。
2025-11-19 00:00:18,071 - SUCCESS - '農產品交易行情' 的 Metadata 已更新到 metadata.json。
2025-11-19 00:00:18,071 - SUCCESS - '農產品交易行情' 的 Metadata 已更新到 metadata.json。
2025-11-19 00:00:28,794 - SUCCESS - <農產品交易行情>的資料已下載完成，共 8428 筆資料。
2025-11-19 00:00:28,794 - SUCCESS - <農產品交易行情>的資料已下載完成，共 8428 筆資料。
2025-11-19 00:00:52,812 - SUCCESS - 已下載、去重並合併資料完成現有資料 442863 條，新資料 3843 條。
2025-11-19 00:00:52,812 - SUCCESS - 已下載、去重並合併資料完成現有資料 442863 條，新資料 3843 條。
2025-11-19 00:00:56,702 - SUCCESS - 已下載 '農產品交易行情' 的原始 JSON 資料路徑: 'C:\Python\data_moa_gov_tw\raw_data\農產品交易行情\農產品交易行情.json'
2025-11-19 00:00:56,702 - SUCCESS - 已下載 '農產品交易行情' 的原始 JSON 資料路徑: 'C:\Python\data_moa_gov_tw\raw_data\農產品交易行情\農產品交易行情.json'
2025-11-19 00:00:56,720 - SUCCESS - 插入或更新 '農產品交易行情' 的 Metadata 成功。
2025-11-19 00:00:56,720 - SUCCESS - 插入或更新 '農產品交易行情' 的 Metadata 成功。
2025-11-19 00:00:59,564 - SUCCESS - 已成功批量插入 '農產品交易行情' 的總計 3843 條記錄到表格 '1040012' 。
2025-11-19 00:00:59,564 - SUCCESS - 已成功批量插入 '農產品交易行情' 的總計 3843 條記錄到表格 '1040012' 。
2025-11-19 00:00:59,774 - SUCCESS - '農產品交易行情' 的自動更新完成。
2025-11-19 00:00:59,774 - SUCCESS - '農產品交易行情' 的自動更新完成。
2025-11-19 00:01:01,235 - SUCCESS - 成功提取 '農產品產地價格(月平均價格)' 的網頁 Metadata。
2025-11-19 00:01:01,235 - SUCCESS - 成功提取 '農產品產地價格(月平均價格)' 的網頁 Metadata。
2025-11-19 00:01:02,472 - SUCCESS - 成功提取 '農產品產地價格資料' 的網頁 Metadata。
2025-11-19 00:01:02,472 - SUCCESS - 成功提取 '農產品產地價格資料' 的網頁 Metadata。
2025-11-19 00:01:02,513 - SUCCESS - '農產品產地價格資料' 的 Metadata 已更新到 metadata.json。
2025-11-19 00:01:02,513 - SUCCESS - '農產品產地價格資料' 的 Metadata 已更新到 metadata.json。
2025-11-19 00:01:03,737 - SUCCESS - <農產品產地價格資料>的資料已下載完成，共 9999 筆資料。
2025-11-19 00:01:03,737 - SUCCESS - <農產品產地價格資料>的資料已下載完成，共 9999 筆資料。
2025-11-19 00:01:54,459 - SUCCESS - 已下載、去重並合併資料完成現有資料 345820 條，新資料 21 條。
2025-11-19 00:01:54,459 - SUCCESS - 已下載、去重並合併資料完成現有資料 345820 條，新資料 21 條。
2025-11-19 00:01:57,490 - SUCCESS - 已下載 '農產品產地價格資料' 的原始 JSON 資料路徑: 'C:\Python\data_moa_gov_tw\raw_data\農產品產地價格資料\農產品產地價格資料.json'
2025-11-19 00:01:57,490 - SUCCESS - 已下載 '農產品產地價格資料' 的原始 JSON 資料路徑: 'C:\Python\data_moa_gov_tw\raw_data\農產品產地價格資料\農產品產地價格資料.json'
2025-11-19 00:01:57,496 - SUCCESS - 插入或更新 '農產品產地價格資料' 的 Metadata 成功。
2025-11-19 00:01:57,496 - SUCCESS - 插入或更新 '農產品產地價格資料' 的 Metadata 成功。
2025-11-19 00:01:57,530 - SUCCESS - 已成功批量插入 '農產品產地價格資料' 的總計 21 條記錄到表格 '1040014' 。
2025-11-19 00:01:57,530 - SUCCESS - 已成功批量插入 '農產品產地價格資料' 的總計 21 條記錄到表格 '1040014' 。
2025-11-19 00:01:57,678 - SUCCESS - '農產品產地價格資料' 的自動更新完成。
2025-11-19 00:01:57,678 - SUCCESS - '農產品產地價格資料' 的自動更新完成。
2025-11-19 00:01:58,869 - SUCCESS - 成功提取 '雜糧生產概況' 的網頁 Metadata。
2025-11-19 00:01:58,869 - SUCCESS - 成功提取 '雜糧生產概況' 的網頁 Metadata。
2025-11-19 00:01:59,888 - SUCCESS - 已成功儲存次要資訊。
2025-11-19 00:01:59,888 - SUCCESS - 已成功儲存次要資訊。
2025-11-19 00:01:59,889 - SUCCESS - 更新結果儲存成功:{'全國單日平均糧價': '已更新', '各觀測站近兩年降雨量': '未更新', '產銷履歷與有機蔬果行情': '已更新', '糧價查詢': '已更新', '臺灣地區果品生產概況': '未更新', '臺灣地區特用作物生產概況': '未更新', '臺灣地區稻作種植、收穫面積及產量': '未更新', '臺灣地區稻米生產價值': '未更新', '臺灣地區蔬菜生產概況': '未更新', '臺灣地區農產品生產量值': '未更新', '農情調查': '已更新', '農產品交易行情': '已更新', '農產品產地價格(月平均價格)': '未更新', '農產品產地價格資料': '已更新', '雜糧生產概況': '未更新'}
2025-11-19 00:01:59,889 - SUCCESS - 更新結果儲存成功:{'全國單日平均糧價': '已更新', '各觀測站近兩年降雨量': '未更新', '產銷履歷與有機蔬果行情': '已更新', '糧價查詢': '已更新', '臺灣地區果品生產概況': '未更新', '臺灣地區特用作物生產概況': '未更新', '臺灣地區稻作種植、收穫面積及產量': '未更新', '臺灣地區稻米生產價值': '未更新', '臺灣地區蔬菜生產概況': '未更新', '臺灣地區農產品生產量值': '未更新', '農情調查': '已更新', '農產品交易行情': '已更新', '農產品產地價格(月平均價格)': '未更新', '農產品產地價格資料': '已更新', '雜糧生產概況': '未更新'}
