2025-12-01 00:08:50,281 - SUCCESS - 成功提取 '全國單日平均糧價' 的網頁 Metadata。
2025-12-01 00:08:50,281 - SUCCESS - 成功提取 '全國單日平均糧價' 的網頁 Metadata。
2025-12-01 00:08:50,364 - SUCCESS - '全國單日平均糧價' 的 Metadata 已更新到 metadata.json。
2025-12-01 00:08:50,364 - SUCCESS - '全國單日平均糧價' 的 Metadata 已更新到 metadata.json。
2025-12-01 00:08:52,022 - SUCCESS - <全國單日平均糧價>的資料已下載完成，共 9119 筆資料。
2025-12-01 00:08:52,022 - SUCCESS - <全國單日平均糧價>的資料已下載完成，共 9119 筆資料。
2025-12-01 00:08:53,565 - SUCCESS - 已下載、去重並合併資料完成現有資料 9119 條，新資料 1 條。
2025-12-01 00:08:53,565 - SUCCESS - 已下載、去重並合併資料完成現有資料 9119 條，新資料 1 條。
2025-12-01 00:08:53,629 - SUCCESS - 已下載 '全國單日平均糧價' 的原始 JSON 資料路徑: 'C:\Python\data_moa_gov_tw\raw_data\全國單日平均糧價\全國單日平均糧價.json'
2025-12-01 00:08:53,629 - SUCCESS - 已下載 '全國單日平均糧價' 的原始 JSON 資料路徑: 'C:\Python\data_moa_gov_tw\raw_data\全國單日平均糧價\全國單日平均糧價.json'
2025-12-01 00:08:53,698 - SUCCESS - 插入或更新 '全國單日平均糧價' 的 Metadata 成功。
2025-12-01 00:08:53,698 - SUCCESS - 插入或更新 '全國單日平均糧價' 的 Metadata 成功。
2025-12-01 00:08:53,715 - SUCCESS - 已成功批量插入 '全國單日平均糧價' 的總計 1 條記錄到表格 '1040001' 。
2025-12-01 00:08:53,715 - SUCCESS - 已成功批量插入 '全國單日平均糧價' 的總計 1 條記錄到表格 '1040001' 。
2025-12-01 00:08:53,729 - SUCCESS - '全國單日平均糧價' 的自動更新完成。
2025-12-01 00:08:53,729 - SUCCESS - '全國單日平均糧價' 的自動更新完成。
2025-12-01 00:08:55,887 - SUCCESS - 成功提取 '各觀測站近兩年降雨量' 的網頁 Metadata。
2025-12-01 00:08:55,887 - SUCCESS - 成功提取 '各觀測站近兩年降雨量' 的網頁 Metadata。
2025-12-01 00:08:58,165 - SUCCESS - 成功提取 '產銷履歷與有機蔬果行情' 的網頁 Metadata。
2025-12-01 00:08:58,165 - SUCCESS - 成功提取 '產銷履歷與有機蔬果行情' 的網頁 Metadata。
2025-12-01 00:08:58,194 - SUCCESS - '產銷履歷與有機蔬果行情' 的 Metadata 已更新到 metadata.json。
2025-12-01 00:08:58,194 - SUCCESS - '產銷履歷與有機蔬果行情' 的 Metadata 已更新到 metadata.json。
2025-12-01 00:09:06,114 - SUCCESS - <產銷履歷與有機蔬果行情>的資料已下載完成，共 4456 筆資料。
2025-12-01 00:09:06,114 - SUCCESS - <產銷履歷與有機蔬果行情>的資料已下載完成，共 4456 筆資料。
2025-12-01 00:09:25,782 - SUCCESS - 已下載、去重並合併資料完成現有資料 249840 條，新資料 2160 條。
2025-12-01 00:09:25,782 - SUCCESS - 已下載、去重並合併資料完成現有資料 249840 條，新資料 2160 條。
2025-12-01 00:09:27,474 - SUCCESS - 已下載 '產銷履歷與有機蔬果行情' 的原始 JSON 資料路徑: 'C:\Python\data_moa_gov_tw\raw_data\產銷履歷與有機蔬果行情\產銷履歷與有機蔬果行情.json'
2025-12-01 00:09:27,474 - SUCCESS - 已下載 '產銷履歷與有機蔬果行情' 的原始 JSON 資料路徑: 'C:\Python\data_moa_gov_tw\raw_data\產銷履歷與有機蔬果行情\產銷履歷與有機蔬果行情.json'
2025-12-01 00:09:27,481 - SUCCESS - 插入或更新 '產銷履歷與有機蔬果行情' 的 Metadata 成功。
2025-12-01 00:09:27,481 - SUCCESS - 插入或更新 '產銷履歷與有機蔬果行情' 的 Metadata 成功。
2025-12-01 00:09:28,576 - SUCCESS - 已成功批量插入 '產銷履歷與有機蔬果行情' 的總計 2160 條記錄到表格 '1040003' 。
2025-12-01 00:09:28,576 - SUCCESS - 已成功批量插入 '產銷履歷與有機蔬果行情' 的總計 2160 條記錄到表格 '1040003' 。
2025-12-01 00:09:28,652 - SUCCESS - '產銷履歷與有機蔬果行情' 的自動更新完成。
2025-12-01 00:09:28,652 - SUCCESS - '產銷履歷與有機蔬果行情' 的自動更新完成。
2025-12-01 00:09:30,384 - SUCCESS - 成功提取 '糧價查詢' 的網頁 Metadata。
2025-12-01 00:09:30,384 - SUCCESS - 成功提取 '糧價查詢' 的網頁 Metadata。
2025-12-01 00:09:30,414 - SUCCESS - '糧價查詢' 的 Metadata 已更新到 metadata.json。
2025-12-01 00:09:30,414 - SUCCESS - '糧價查詢' 的 Metadata 已更新到 metadata.json。
2025-12-01 00:09:34,383 - SUCCESS - <糧價查詢>的資料已下載完成，共 9999 筆資料。
2025-12-01 00:09:34,383 - SUCCESS - <糧價查詢>的資料已下載完成，共 9999 筆資料。
2025-12-01 00:09:49,702 - SUCCESS - 已下載、去重並合併資料完成現有資料 241003 條，新資料 40 條。
2025-12-01 00:09:49,702 - SUCCESS - 已下載、去重並合併資料完成現有資料 241003 條，新資料 40 條。
2025-12-01 00:09:50,984 - SUCCESS - 已下載 '糧價查詢' 的原始 JSON 資料路徑: 'C:\Python\data_moa_gov_tw\raw_data\糧價查詢\糧價查詢.json'
2025-12-01 00:09:50,984 - SUCCESS - 已下載 '糧價查詢' 的原始 JSON 資料路徑: 'C:\Python\data_moa_gov_tw\raw_data\糧價查詢\糧價查詢.json'
2025-12-01 00:09:50,988 - SUCCESS - 插入或更新 '糧價查詢' 的 Metadata 成功。
2025-12-01 00:09:50,988 - SUCCESS - 插入或更新 '糧價查詢' 的 Metadata 成功。
2025-12-01 00:09:51,021 - SUCCESS - 已成功批量插入 '糧價查詢' 的總計 40 條記錄到表格 '1040004' 。
2025-12-01 00:09:51,021 - SUCCESS - 已成功批量插入 '糧價查詢' 的總計 40 條記錄到表格 '1040004' 。
2025-12-01 00:09:51,132 - SUCCESS - '糧價查詢' 的自動更新完成。
2025-12-01 00:09:51,132 - SUCCESS - '糧價查詢' 的自動更新完成。
2025-12-01 00:09:52,465 - SUCCESS - 成功提取 '臺灣地區果品生產概況' 的網頁 Metadata。
2025-12-01 00:09:52,465 - SUCCESS - 成功提取 '臺灣地區果品生產概況' 的網頁 Metadata。
2025-12-01 00:09:53,712 - SUCCESS - 成功提取 '臺灣地區特用作物生產概況' 的網頁 Metadata。
2025-12-01 00:09:53,712 - SUCCESS - 成功提取 '臺灣地區特用作物生產概況' 的網頁 Metadata。
2025-12-01 00:09:55,058 - SUCCESS - 成功提取 '臺灣地區稻作種植、收穫面積及產量' 的網頁 Metadata。
2025-12-01 00:09:55,058 - SUCCESS - 成功提取 '臺灣地區稻作種植、收穫面積及產量' 的網頁 Metadata。
2025-12-01 00:09:56,279 - SUCCESS - 成功提取 '臺灣地區稻米生產價值' 的網頁 Metadata。
2025-12-01 00:09:56,279 - SUCCESS - 成功提取 '臺灣地區稻米生產價值' 的網頁 Metadata。
2025-12-01 00:09:57,944 - SUCCESS - 成功提取 '臺灣地區蔬菜生產概況' 的網頁 Metadata。
2025-12-01 00:09:57,944 - SUCCESS - 成功提取 '臺灣地區蔬菜生產概況' 的網頁 Metadata。
2025-12-01 00:10:00,126 - SUCCESS - 成功提取 '臺灣地區農產品生產量值' 的網頁 Metadata。
2025-12-01 00:10:00,126 - SUCCESS - 成功提取 '臺灣地區農產品生產量值' 的網頁 Metadata。
2025-12-01 00:10:02,300 - SUCCESS - 成功提取 '農情調查' 的網頁 Metadata。
2025-12-01 00:10:02,300 - SUCCESS - 成功提取 '農情調查' 的網頁 Metadata。
2025-12-01 00:10:02,338 - SUCCESS - '農情調查' 的 Metadata 已更新到 metadata.json。
2025-12-01 00:10:02,338 - SUCCESS - '農情調查' 的 Metadata 已更新到 metadata.json。
2025-12-01 00:10:06,417 - SUCCESS - <農情調查>的資料已下載完成，共 9999 筆資料。
2025-12-01 00:10:06,417 - SUCCESS - <農情調查>的資料已下載完成，共 9999 筆資料。
2025-12-01 00:10:07,502 - SUCCESS - 已下載、去重並合併資料完成現有資料 45259 條，新資料 0 條。
2025-12-01 00:10:07,502 - SUCCESS - 已下載、去重並合併資料完成現有資料 45259 條，新資料 0 條。
2025-12-01 00:10:07,804 - SUCCESS - 插入或更新 '農情調查' 的 Metadata 成功。
2025-12-01 00:10:07,804 - SUCCESS - 插入或更新 '農情調查' 的 Metadata 成功。
2025-12-01 00:10:07,817 - SUCCESS - '農情調查' 的自動更新完成。
2025-12-01 00:10:07,817 - SUCCESS - '農情調查' 的自動更新完成。
2025-12-01 00:10:10,578 - SUCCESS - 成功提取 '農產品交易行情' 的網頁 Metadata。
2025-12-01 00:10:10,578 - SUCCESS - 成功提取 '農產品交易行情' 的網頁 Metadata。
2025-12-01 00:10:10,614 - SUCCESS - '農產品交易行情' 的 Metadata 已更新到 metadata.json。
2025-12-01 00:10:10,614 - SUCCESS - '農產品交易行情' 的 Metadata 已更新到 metadata.json。
2025-12-01 00:11:24,889 - SUCCESS - <農產品交易行情>的資料已下載完成，共 9166 筆資料。
2025-12-01 00:11:24,889 - SUCCESS - <農產品交易行情>的資料已下載完成，共 9166 筆資料。
2025-12-01 00:11:49,193 - SUCCESS - 已下載、去重並合併資料完成現有資料 479416 條，新資料 3033 條。
2025-12-01 00:11:49,193 - SUCCESS - 已下載、去重並合併資料完成現有資料 479416 條，新資料 3033 條。
2025-12-01 00:11:51,726 - SUCCESS - 已下載 '農產品交易行情' 的原始 JSON 資料路徑: 'C:\Python\data_moa_gov_tw\raw_data\農產品交易行情\農產品交易行情.json'
2025-12-01 00:11:51,726 - SUCCESS - 已下載 '農產品交易行情' 的原始 JSON 資料路徑: 'C:\Python\data_moa_gov_tw\raw_data\農產品交易行情\農產品交易行情.json'
2025-12-01 00:11:51,733 - SUCCESS - 插入或更新 '農產品交易行情' 的 Metadata 成功。
2025-12-01 00:11:51,733 - SUCCESS - 插入或更新 '農產品交易行情' 的 Metadata 成功。
2025-12-01 00:11:53,182 - SUCCESS - 已成功批量插入 '農產品交易行情' 的總計 3033 條記錄到表格 '1040012' 。
2025-12-01 00:11:53,182 - SUCCESS - 已成功批量插入 '農產品交易行情' 的總計 3033 條記錄到表格 '1040012' 。
2025-12-01 00:11:53,395 - SUCCESS - '農產品交易行情' 的自動更新完成。
2025-12-01 00:11:53,395 - SUCCESS - '農產品交易行情' 的自動更新完成。
2025-12-01 00:11:54,872 - SUCCESS - 成功提取 '農產品產地價格(月平均價格)' 的網頁 Metadata。
2025-12-01 00:11:54,872 - SUCCESS - 成功提取 '農產品產地價格(月平均價格)' 的網頁 Metadata。
2025-12-01 00:11:56,318 - SUCCESS - 成功提取 '農產品產地價格資料' 的網頁 Metadata。
2025-12-01 00:11:56,318 - SUCCESS - 成功提取 '農產品產地價格資料' 的網頁 Metadata。
2025-12-01 00:11:57,672 - SUCCESS - 成功提取 '雜糧生產概況' 的網頁 Metadata。
2025-12-01 00:11:57,672 - SUCCESS - 成功提取 '雜糧生產概況' 的網頁 Metadata。
2025-12-01 00:11:58,676 - SUCCESS - 已成功儲存次要資訊。
2025-12-01 00:11:58,676 - SUCCESS - 已成功儲存次要資訊。
2025-12-01 00:11:58,678 - SUCCESS - 更新結果儲存成功:{'全國單日平均糧價': '已更新', '各觀測站近兩年降雨量': '未更新', '產銷履歷與有機蔬果行情': '已更新', '糧價查詢': '已更新', '臺灣地區果品生產概況': '未更新', '臺灣地區特用作物生產概況': '未更新', '臺灣地區稻作種植、收穫面積及產量': '未更新', '臺灣地區稻米生產價值': '未更新', '臺灣地區蔬菜生產概況': '未更新', '臺灣地區農產品生產量值': '未更新', '農情調查': '已更新', '農產品交易行情': '已更新', '農產品產地價格(月平均價格)': '未更新', '農產品產地價格資料': '未更新', '雜糧生產概況': '未更新'}
2025-12-01 00:11:58,678 - SUCCESS - 更新結果儲存成功:{'全國單日平均糧價': '已更新', '各觀測站近兩年降雨量': '未更新', '產銷履歷與有機蔬果行情': '已更新', '糧價查詢': '已更新', '臺灣地區果品生產概況': '未更新', '臺灣地區特用作物生產概況': '未更新', '臺灣地區稻作種植、收穫面積及產量': '未更新', '臺灣地區稻米生產價值': '未更新', '臺灣地區蔬菜生產概況': '未更新', '臺灣地區農產品生產量值': '未更新', '農情調查': '已更新', '農產品交易行情': '已更新', '農產品產地價格(月平均價格)': '未更新', '農產品產地價格資料': '未更新', '雜糧生產概況': '未更新'}
2025-12-01 22:16:15,639 - SUCCESS - 成功提取 '全國單日平均糧價' 的網頁 Metadata。
2025-12-01 22:16:15,639 - SUCCESS - 成功提取 '全國單日平均糧價' 的網頁 Metadata。
2025-12-01 22:16:15,725 - SUCCESS - '全國單日平均糧價' 的 Metadata 已更新到 metadata.json。
2025-12-01 22:16:15,725 - SUCCESS - '全國單日平均糧價' 的 Metadata 已更新到 metadata.json。
2025-12-01 22:16:25,173 - SUCCESS - <全國單日平均糧價>的資料已下載完成，共 9121 筆資料。
2025-12-01 22:16:25,173 - SUCCESS - <全國單日平均糧價>的資料已下載完成，共 9121 筆資料。
2025-12-01 22:16:25,988 - SUCCESS - 已下載、去重並合併資料完成現有資料 9121 條，新資料 2 條。
2025-12-01 22:16:25,988 - SUCCESS - 已下載、去重並合併資料完成現有資料 9121 條，新資料 2 條。
2025-12-01 22:16:26,037 - SUCCESS - 已下載 '全國單日平均糧價' 的原始 JSON 資料路徑: 'C:\Python\data_moa_gov_tw\raw_data\全國單日平均糧價\全國單日平均糧價.json'
2025-12-01 22:16:26,037 - SUCCESS - 已下載 '全國單日平均糧價' 的原始 JSON 資料路徑: 'C:\Python\data_moa_gov_tw\raw_data\全國單日平均糧價\全國單日平均糧價.json'
2025-12-01 22:16:26,061 - SUCCESS - 插入或更新 '全國單日平均糧價' 的 Metadata 成功。
2025-12-01 22:16:26,061 - SUCCESS - 插入或更新 '全國單日平均糧價' 的 Metadata 成功。
2025-12-01 22:16:26,068 - SUCCESS - 已成功批量插入 '全國單日平均糧價' 的總計 2 條記錄到表格 '1040001' 。
2025-12-01 22:16:26,068 - SUCCESS - 已成功批量插入 '全國單日平均糧價' 的總計 2 條記錄到表格 '1040001' 。
2025-12-01 22:16:26,073 - SUCCESS - '全國單日平均糧價' 的自動更新完成。
2025-12-01 22:16:26,073 - SUCCESS - '全國單日平均糧價' 的自動更新完成。
2025-12-01 22:16:27,721 - SUCCESS - 成功提取 '各觀測站近兩年降雨量' 的網頁 Metadata。
2025-12-01 22:16:27,721 - SUCCESS - 成功提取 '各觀測站近兩年降雨量' 的網頁 Metadata。
2025-12-01 22:16:30,788 - SUCCESS - 成功提取 '產銷履歷與有機蔬果行情' 的網頁 Metadata。
2025-12-01 22:16:30,788 - SUCCESS - 成功提取 '產銷履歷與有機蔬果行情' 的網頁 Metadata。
2025-12-01 22:16:30,835 - SUCCESS - '產銷履歷與有機蔬果行情' 的 Metadata 已更新到 metadata.json。
2025-12-01 22:16:30,835 - SUCCESS - '產銷履歷與有機蔬果行情' 的 Metadata 已更新到 metadata.json。
2025-12-01 22:16:39,682 - SUCCESS - <產銷履歷與有機蔬果行情>的資料已下載完成，共 2241 筆資料。
2025-12-01 22:16:39,682 - SUCCESS - <產銷履歷與有機蔬果行情>的資料已下載完成，共 2241 筆資料。
2025-12-01 22:16:58,972 - SUCCESS - 已下載、去重並合併資料完成現有資料 249921 條，新資料 81 條。
2025-12-01 22:16:58,972 - SUCCESS - 已下載、去重並合併資料完成現有資料 249921 條，新資料 81 條。
2025-12-01 22:17:00,483 - SUCCESS - 已下載 '產銷履歷與有機蔬果行情' 的原始 JSON 資料路徑: 'C:\Python\data_moa_gov_tw\raw_data\產銷履歷與有機蔬果行情\產銷履歷與有機蔬果行情.json'
2025-12-01 22:17:00,483 - SUCCESS - 已下載 '產銷履歷與有機蔬果行情' 的原始 JSON 資料路徑: 'C:\Python\data_moa_gov_tw\raw_data\產銷履歷與有機蔬果行情\產銷履歷與有機蔬果行情.json'
2025-12-01 22:17:00,490 - SUCCESS - 插入或更新 '產銷履歷與有機蔬果行情' 的 Metadata 成功。
2025-12-01 22:17:00,490 - SUCCESS - 插入或更新 '產銷履歷與有機蔬果行情' 的 Metadata 成功。
2025-12-01 22:17:00,570 - SUCCESS - 已成功批量插入 '產銷履歷與有機蔬果行情' 的總計 81 條記錄到表格 '1040003' 。
2025-12-01 22:17:00,570 - SUCCESS - 已成功批量插入 '產銷履歷與有機蔬果行情' 的總計 81 條記錄到表格 '1040003' 。
2025-12-01 22:17:00,675 - SUCCESS - '產銷履歷與有機蔬果行情' 的自動更新完成。
2025-12-01 22:17:00,675 - SUCCESS - '產銷履歷與有機蔬果行情' 的自動更新完成。
2025-12-01 22:17:04,068 - SUCCESS - 成功提取 '糧價查詢' 的網頁 Metadata。
2025-12-01 22:17:04,068 - SUCCESS - 成功提取 '糧價查詢' 的網頁 Metadata。
2025-12-01 22:17:04,098 - SUCCESS - '糧價查詢' 的 Metadata 已更新到 metadata.json。
2025-12-01 22:17:04,098 - SUCCESS - '糧價查詢' 的 Metadata 已更新到 metadata.json。
2025-12-01 22:17:06,224 - SUCCESS - <糧價查詢>的資料已下載完成，共 9999 筆資料。
2025-12-01 22:17:06,224 - SUCCESS - <糧價查詢>的資料已下載完成，共 9999 筆資料。
2025-12-01 22:17:23,302 - SUCCESS - 已下載、去重並合併資料完成現有資料 241043 條，新資料 40 條。
2025-12-01 22:17:23,302 - SUCCESS - 已下載、去重並合併資料完成現有資料 241043 條，新資料 40 條。
2025-12-01 22:17:24,565 - SUCCESS - 已下載 '糧價查詢' 的原始 JSON 資料路徑: 'C:\Python\data_moa_gov_tw\raw_data\糧價查詢\糧價查詢.json'
2025-12-01 22:17:24,565 - SUCCESS - 已下載 '糧價查詢' 的原始 JSON 資料路徑: 'C:\Python\data_moa_gov_tw\raw_data\糧價查詢\糧價查詢.json'
2025-12-01 22:17:24,571 - SUCCESS - 插入或更新 '糧價查詢' 的 Metadata 成功。
2025-12-01 22:17:24,571 - SUCCESS - 插入或更新 '糧價查詢' 的 Metadata 成功。
2025-12-01 22:17:24,616 - SUCCESS - 已成功批量插入 '糧價查詢' 的總計 40 條記錄到表格 '1040004' 。
2025-12-01 22:17:24,616 - SUCCESS - 已成功批量插入 '糧價查詢' 的總計 40 條記錄到表格 '1040004' 。
2025-12-01 22:17:24,741 - SUCCESS - '糧價查詢' 的自動更新完成。
2025-12-01 22:17:24,741 - SUCCESS - '糧價查詢' 的自動更新完成。
2025-12-01 22:17:28,000 - SUCCESS - 成功提取 '臺灣地區果品生產概況' 的網頁 Metadata。
2025-12-01 22:17:28,000 - SUCCESS - 成功提取 '臺灣地區果品生產概況' 的網頁 Metadata。
2025-12-01 22:17:31,354 - SUCCESS - 成功提取 '臺灣地區特用作物生產概況' 的網頁 Metadata。
2025-12-01 22:17:31,354 - SUCCESS - 成功提取 '臺灣地區特用作物生產概況' 的網頁 Metadata。
2025-12-01 22:17:33,758 - SUCCESS - 成功提取 '臺灣地區稻作種植、收穫面積及產量' 的網頁 Metadata。
2025-12-01 22:17:33,758 - SUCCESS - 成功提取 '臺灣地區稻作種植、收穫面積及產量' 的網頁 Metadata。
2025-12-01 22:17:35,180 - SUCCESS - 成功提取 '臺灣地區稻米生產價值' 的網頁 Metadata。
2025-12-01 22:17:35,180 - SUCCESS - 成功提取 '臺灣地區稻米生產價值' 的網頁 Metadata。
2025-12-01 22:17:37,800 - SUCCESS - 成功提取 '臺灣地區蔬菜生產概況' 的網頁 Metadata。
2025-12-01 22:17:37,800 - SUCCESS - 成功提取 '臺灣地區蔬菜生產概況' 的網頁 Metadata。
2025-12-01 22:17:39,296 - SUCCESS - 成功提取 '臺灣地區農產品生產量值' 的網頁 Metadata。
2025-12-01 22:17:39,296 - SUCCESS - 成功提取 '臺灣地區農產品生產量值' 的網頁 Metadata。
2025-12-01 22:17:40,791 - SUCCESS - 成功提取 '農情調查' 的網頁 Metadata。
2025-12-01 22:17:40,791 - SUCCESS - 成功提取 '農情調查' 的網頁 Metadata。
2025-12-01 22:17:40,833 - SUCCESS - '農情調查' 的 Metadata 已更新到 metadata.json。
2025-12-01 22:17:40,833 - SUCCESS - '農情調查' 的 Metadata 已更新到 metadata.json。
2025-12-01 22:17:46,276 - SUCCESS - <農情調查>的資料已下載完成，共 9999 筆資料。
2025-12-01 22:17:46,276 - SUCCESS - <農情調查>的資料已下載完成，共 9999 筆資料。
2025-12-01 22:17:47,402 - SUCCESS - 已下載、去重並合併資料完成現有資料 45259 條，新資料 0 條。
2025-12-01 22:17:47,402 - SUCCESS - 已下載、去重並合併資料完成現有資料 45259 條，新資料 0 條。
2025-12-01 22:17:47,732 - SUCCESS - 插入或更新 '農情調查' 的 Metadata 成功。
2025-12-01 22:17:47,732 - SUCCESS - 插入或更新 '農情調查' 的 Metadata 成功。
2025-12-01 22:17:47,747 - SUCCESS - '農情調查' 的自動更新完成。
2025-12-01 22:17:47,747 - SUCCESS - '農情調查' 的自動更新完成。
2025-12-01 22:17:49,418 - SUCCESS - 成功提取 '農產品交易行情' 的網頁 Metadata。
2025-12-01 22:17:49,418 - SUCCESS - 成功提取 '農產品交易行情' 的網頁 Metadata。
2025-12-01 22:17:49,457 - SUCCESS - '農產品交易行情' 的 Metadata 已更新到 metadata.json。
2025-12-01 22:17:49,457 - SUCCESS - '農產品交易行情' 的 Metadata 已更新到 metadata.json。
2025-12-01 22:18:54,089 - SUCCESS - <農產品交易行情>的資料已下載完成，共 10802 筆資料。
2025-12-01 22:18:54,089 - SUCCESS - <農產品交易行情>的資料已下載完成，共 10802 筆資料。
2025-12-01 22:19:17,823 - SUCCESS - 已下載、去重並合併資料完成現有資料 481052 條，新資料 1636 條。
2025-12-01 22:19:17,823 - SUCCESS - 已下載、去重並合併資料完成現有資料 481052 條，新資料 1636 條。
2025-12-01 22:19:20,350 - SUCCESS - 已下載 '農產品交易行情' 的原始 JSON 資料路徑: 'C:\Python\data_moa_gov_tw\raw_data\農產品交易行情\農產品交易行情.json'
2025-12-01 22:19:20,350 - SUCCESS - 已下載 '農產品交易行情' 的原始 JSON 資料路徑: 'C:\Python\data_moa_gov_tw\raw_data\農產品交易行情\農產品交易行情.json'
2025-12-01 22:19:20,355 - SUCCESS - 插入或更新 '農產品交易行情' 的 Metadata 成功。
2025-12-01 22:19:20,355 - SUCCESS - 插入或更新 '農產品交易行情' 的 Metadata 成功。
2025-12-01 22:19:21,152 - SUCCESS - 已成功批量插入 '農產品交易行情' 的總計 1636 條記錄到表格 '1040012' 。
2025-12-01 22:19:21,152 - SUCCESS - 已成功批量插入 '農產品交易行情' 的總計 1636 條記錄到表格 '1040012' 。
2025-12-01 22:19:21,348 - SUCCESS - '農產品交易行情' 的自動更新完成。
2025-12-01 22:19:21,348 - SUCCESS - '農產品交易行情' 的自動更新完成。
2025-12-01 22:19:22,857 - SUCCESS - 成功提取 '農產品產地價格(月平均價格)' 的網頁 Metadata。
2025-12-01 22:19:22,857 - SUCCESS - 成功提取 '農產品產地價格(月平均價格)' 的網頁 Metadata。
2025-12-01 22:19:24,540 - SUCCESS - 成功提取 '農產品產地價格資料' 的網頁 Metadata。
2025-12-01 22:19:24,540 - SUCCESS - 成功提取 '農產品產地價格資料' 的網頁 Metadata。
2025-12-01 22:19:26,040 - SUCCESS - 成功提取 '雜糧生產概況' 的網頁 Metadata。
2025-12-01 22:19:26,040 - SUCCESS - 成功提取 '雜糧生產概況' 的網頁 Metadata。
2025-12-01 22:19:27,043 - SUCCESS - 已成功儲存次要資訊。
2025-12-01 22:19:27,043 - SUCCESS - 已成功儲存次要資訊。
2025-12-01 22:19:27,044 - SUCCESS - 更新結果儲存成功:{'全國單日平均糧價': '已更新', '各觀測站近兩年降雨量': '未更新', '產銷履歷與有機蔬果行情': '已更新', '糧價查詢': '已更新', '臺灣地區果品生產概況': '未更新', '臺灣地區特用作物生產概況': '未更新', '臺灣地區稻作種植、收穫面積及產量': '未更新', '臺灣地區稻米生產價值': '未更新', '臺灣地區蔬菜生產概況': '未更新', '臺灣地區農產品生產量值': '未更新', '農情調查': '已更新', '農產品交易行情': '已更新', '農產品產地價格(月平均價格)': '未更新', '農產品產地價格資料': '未更新', '雜糧生產概況': '未更新'}
2025-12-01 22:19:27,044 - SUCCESS - 更新結果儲存成功:{'全國單日平均糧價': '已更新', '各觀測站近兩年降雨量': '未更新', '產銷履歷與有機蔬果行情': '已更新', '糧價查詢': '已更新', '臺灣地區果品生產概況': '未更新', '臺灣地區特用作物生產概況': '未更新', '臺灣地區稻作種植、收穫面積及產量': '未更新', '臺灣地區稻米生產價值': '未更新', '臺灣地區蔬菜生產概況': '未更新', '臺灣地區農產品生產量值': '未更新', '農情調查': '已更新', '農產品交易行情': '已更新', '農產品產地價格(月平均價格)': '未更新', '農產品產地價格資料': '未更新', '雜糧生產概況': '未更新'}
