2025-12-25 20:59:41,642 - SUCCESS - 成功提取 '全國單日平均糧價' 的網頁 Metadata。
2025-12-25 20:59:41,642 - SUCCESS - 成功提取 '全國單日平均糧價' 的網頁 Metadata。
2025-12-25 20:59:41,743 - SUCCESS - '全國單日平均糧價' 的 Metadata 已更新到 metadata.json。
2025-12-25 20:59:41,743 - SUCCESS - '全國單日平均糧價' 的 Metadata 已更新到 metadata.json。
2025-12-25 20:59:43,529 - SUCCESS - <全國單日平均糧價>的資料已下載完成，共 9144 筆資料。
2025-12-25 20:59:43,529 - SUCCESS - <全國單日平均糧價>的資料已下載完成，共 9144 筆資料。
2025-12-25 20:59:44,416 - SUCCESS - 已下載、去重並合併資料完成現有資料 9144 條，新資料 0 條。
2025-12-25 20:59:44,416 - SUCCESS - 已下載、去重並合併資料完成現有資料 9144 條，新資料 0 條。
2025-12-25 20:59:44,509 - SUCCESS - 插入或更新 '全國單日平均糧價' 的 Metadata 成功。
2025-12-25 20:59:44,509 - SUCCESS - 插入或更新 '全國單日平均糧價' 的 Metadata 成功。
2025-12-25 20:59:44,517 - SUCCESS - '全國單日平均糧價' 的自動更新完成。
2025-12-25 20:59:44,517 - SUCCESS - '全國單日平均糧價' 的自動更新完成。
2025-12-25 20:59:45,878 - SUCCESS - 成功提取 '各觀測站近兩年降雨量' 的網頁 Metadata。
2025-12-25 20:59:45,878 - SUCCESS - 成功提取 '各觀測站近兩年降雨量' 的網頁 Metadata。
2025-12-25 20:59:47,896 - SUCCESS - 成功提取 '產銷履歷與有機蔬果行情' 的網頁 Metadata。
2025-12-25 20:59:47,896 - SUCCESS - 成功提取 '產銷履歷與有機蔬果行情' 的網頁 Metadata。
2025-12-25 20:59:47,982 - SUCCESS - '產銷履歷與有機蔬果行情' 的 Metadata 已更新到 metadata.json。
2025-12-25 20:59:47,982 - SUCCESS - '產銷履歷與有機蔬果行情' 的 Metadata 已更新到 metadata.json。
2025-12-25 21:00:00,740 - SUCCESS - <產銷履歷與有機蔬果行情>的資料已下載完成，共 4551 筆資料。
2025-12-25 21:00:00,740 - SUCCESS - <產銷履歷與有機蔬果行情>的資料已下載完成，共 4551 筆資料。
2025-12-25 21:00:23,237 - SUCCESS - 已下載、去重並合併資料完成現有資料 296653 條，新資料 2229 條。
2025-12-25 21:00:23,237 - SUCCESS - 已下載、去重並合併資料完成現有資料 296653 條，新資料 2229 條。
2025-12-25 21:00:24,990 - SUCCESS - 已下載 '產銷履歷與有機蔬果行情' 的原始 JSON 資料路徑: 'C:\Python\data_moa_gov_tw\raw_data\產銷履歷與有機蔬果行情\產銷履歷與有機蔬果行情.json'
2025-12-25 21:00:24,990 - SUCCESS - 已下載 '產銷履歷與有機蔬果行情' 的原始 JSON 資料路徑: 'C:\Python\data_moa_gov_tw\raw_data\產銷履歷與有機蔬果行情\產銷履歷與有機蔬果行情.json'
2025-12-25 21:00:24,995 - SUCCESS - 插入或更新 '產銷履歷與有機蔬果行情' 的 Metadata 成功。
2025-12-25 21:00:24,995 - SUCCESS - 插入或更新 '產銷履歷與有機蔬果行情' 的 Metadata 成功。
2025-12-25 21:00:25,972 - SUCCESS - 已成功批量插入 '產銷履歷與有機蔬果行情' 的總計 2229 條記錄到表格 '1040003' 。
2025-12-25 21:00:25,972 - SUCCESS - 已成功批量插入 '產銷履歷與有機蔬果行情' 的總計 2229 條記錄到表格 '1040003' 。
2025-12-25 21:00:26,067 - SUCCESS - '產銷履歷與有機蔬果行情' 的自動更新完成。
2025-12-25 21:00:26,067 - SUCCESS - '產銷履歷與有機蔬果行情' 的自動更新完成。
2025-12-25 21:00:27,283 - SUCCESS - 成功提取 '糧價查詢' 的網頁 Metadata。
2025-12-25 21:00:27,283 - SUCCESS - 成功提取 '糧價查詢' 的網頁 Metadata。
2025-12-25 21:00:27,313 - SUCCESS - '糧價查詢' 的 Metadata 已更新到 metadata.json。
2025-12-25 21:00:27,313 - SUCCESS - '糧價查詢' 的 Metadata 已更新到 metadata.json。
2025-12-25 21:00:29,619 - SUCCESS - <糧價查詢>的資料已下載完成，共 9999 筆資料。
2025-12-25 21:00:29,619 - SUCCESS - <糧價查詢>的資料已下載完成，共 9999 筆資料。
2025-12-25 21:00:30,494 - SUCCESS - 已下載、去重並合併資料完成現有資料 10475 條，新資料 21 條。
2025-12-25 21:00:30,494 - SUCCESS - 已下載、去重並合併資料完成現有資料 10475 條，新資料 21 條。
2025-12-25 21:00:31,307 - SUCCESS - 已下載 '糧價查詢' 的原始 JSON 資料路徑: 'C:\Python\data_moa_gov_tw\raw_data\糧價查詢\糧價查詢.json'
2025-12-25 21:00:31,307 - SUCCESS - 已下載 '糧價查詢' 的原始 JSON 資料路徑: 'C:\Python\data_moa_gov_tw\raw_data\糧價查詢\糧價查詢.json'
2025-12-25 21:00:31,313 - SUCCESS - 插入或更新 '糧價查詢' 的 Metadata 成功。
2025-12-25 21:00:31,313 - SUCCESS - 插入或更新 '糧價查詢' 的 Metadata 成功。
2025-12-25 21:00:31,337 - SUCCESS - 已成功批量插入 '糧價查詢' 的總計 21 條記錄到表格 '1040004' 。
2025-12-25 21:00:31,337 - SUCCESS - 已成功批量插入 '糧價查詢' 的總計 21 條記錄到表格 '1040004' 。
2025-12-25 21:00:31,342 - SUCCESS - '糧價查詢' 的自動更新完成。
2025-12-25 21:00:31,342 - SUCCESS - '糧價查詢' 的自動更新完成。
2025-12-25 21:00:32,806 - SUCCESS - 成功提取 '臺灣地區果品生產概況' 的網頁 Metadata。
2025-12-25 21:00:32,806 - SUCCESS - 成功提取 '臺灣地區果品生產概況' 的網頁 Metadata。
2025-12-25 21:00:33,957 - SUCCESS - 成功提取 '臺灣地區特用作物生產概況' 的網頁 Metadata。
2025-12-25 21:00:33,957 - SUCCESS - 成功提取 '臺灣地區特用作物生產概況' 的網頁 Metadata。
2025-12-25 21:00:36,225 - SUCCESS - 成功提取 '臺灣地區稻作種植、收穫面積及產量' 的網頁 Metadata。
2025-12-25 21:00:36,225 - SUCCESS - 成功提取 '臺灣地區稻作種植、收穫面積及產量' 的網頁 Metadata。
2025-12-25 21:00:37,418 - SUCCESS - 成功提取 '臺灣地區稻米生產價值' 的網頁 Metadata。
2025-12-25 21:00:37,418 - SUCCESS - 成功提取 '臺灣地區稻米生產價值' 的網頁 Metadata。
2025-12-25 21:00:38,888 - SUCCESS - 成功提取 '臺灣地區蔬菜生產概況' 的網頁 Metadata。
2025-12-25 21:00:38,888 - SUCCESS - 成功提取 '臺灣地區蔬菜生產概況' 的網頁 Metadata。
2025-12-25 21:00:40,273 - SUCCESS - 成功提取 '臺灣地區農產品生產量值' 的網頁 Metadata。
2025-12-25 21:00:40,273 - SUCCESS - 成功提取 '臺灣地區農產品生產量值' 的網頁 Metadata。
2025-12-25 21:00:41,774 - SUCCESS - 成功提取 '農情調查' 的網頁 Metadata。
2025-12-25 21:00:41,774 - SUCCESS - 成功提取 '農情調查' 的網頁 Metadata。
2025-12-25 21:00:41,820 - SUCCESS - '農情調查' 的 Metadata 已更新到 metadata.json。
2025-12-25 21:00:41,820 - SUCCESS - '農情調查' 的 Metadata 已更新到 metadata.json。
2025-12-25 21:00:44,452 - SUCCESS - <農情調查>的資料已下載完成，共 9999 筆資料。
2025-12-25 21:00:44,452 - SUCCESS - <農情調查>的資料已下載完成，共 9999 筆資料。
2025-12-25 21:00:45,476 - SUCCESS - 已下載、去重並合併資料完成現有資料 45259 條，新資料 0 條。
2025-12-25 21:00:45,476 - SUCCESS - 已下載、去重並合併資料完成現有資料 45259 條，新資料 0 條。
2025-12-25 21:00:45,808 - SUCCESS - 插入或更新 '農情調查' 的 Metadata 成功。
2025-12-25 21:00:45,808 - SUCCESS - 插入或更新 '農情調查' 的 Metadata 成功。
2025-12-25 21:00:45,825 - SUCCESS - '農情調查' 的自動更新完成。
2025-12-25 21:00:45,825 - SUCCESS - '農情調查' 的自動更新完成。
2025-12-25 21:00:47,662 - SUCCESS - 成功提取 '農產品交易行情' 的網頁 Metadata。
2025-12-25 21:00:47,662 - SUCCESS - 成功提取 '農產品交易行情' 的網頁 Metadata。
2025-12-25 21:00:47,706 - SUCCESS - '農產品交易行情' 的 Metadata 已更新到 metadata.json。
2025-12-25 21:00:47,706 - SUCCESS - '農產品交易行情' 的 Metadata 已更新到 metadata.json。
2025-12-25 21:01:28,498 - SUCCESS - <農產品交易行情>的資料已下載完成，共 11225 筆資料。
2025-12-25 21:01:28,498 - SUCCESS - <農產品交易行情>的資料已下載完成，共 11225 筆資料。
2025-12-25 21:01:56,435 - SUCCESS - 已下載、去重並合併資料完成現有資料 553491 條，新資料 2512 條。
2025-12-25 21:01:56,435 - SUCCESS - 已下載、去重並合併資料完成現有資料 553491 條，新資料 2512 條。
2025-12-25 21:01:59,324 - SUCCESS - 已下載 '農產品交易行情' 的原始 JSON 資料路徑: 'C:\Python\data_moa_gov_tw\raw_data\農產品交易行情\農產品交易行情.json'
2025-12-25 21:01:59,324 - SUCCESS - 已下載 '農產品交易行情' 的原始 JSON 資料路徑: 'C:\Python\data_moa_gov_tw\raw_data\農產品交易行情\農產品交易行情.json'
2025-12-25 21:01:59,330 - SUCCESS - 插入或更新 '農產品交易行情' 的 Metadata 成功。
2025-12-25 21:01:59,330 - SUCCESS - 插入或更新 '農產品交易行情' 的 Metadata 成功。
2025-12-25 21:02:00,634 - SUCCESS - 已成功批量插入 '農產品交易行情' 的總計 2512 條記錄到表格 '1040012' 。
2025-12-25 21:02:00,634 - SUCCESS - 已成功批量插入 '農產品交易行情' 的總計 2512 條記錄到表格 '1040012' 。
2025-12-25 21:02:00,913 - SUCCESS - '農產品交易行情' 的自動更新完成。
2025-12-25 21:02:00,913 - SUCCESS - '農產品交易行情' 的自動更新完成。
2025-12-25 21:02:02,144 - SUCCESS - 成功提取 '農產品產地價格(月平均價格)' 的網頁 Metadata。
2025-12-25 21:02:02,144 - SUCCESS - 成功提取 '農產品產地價格(月平均價格)' 的網頁 Metadata。
2025-12-25 21:02:03,484 - SUCCESS - 成功提取 '農產品產地價格資料' 的網頁 Metadata。
2025-12-25 21:02:03,484 - SUCCESS - 成功提取 '農產品產地價格資料' 的網頁 Metadata。
2025-12-25 21:02:04,792 - SUCCESS - 成功提取 '雜糧生產概況' 的網頁 Metadata。
2025-12-25 21:02:04,792 - SUCCESS - 成功提取 '雜糧生產概況' 的網頁 Metadata。
2025-12-25 21:02:05,800 - SUCCESS - 已成功儲存次要資訊。
2025-12-25 21:02:05,800 - SUCCESS - 已成功儲存次要資訊。
2025-12-25 21:02:05,801 - SUCCESS - 更新結果儲存成功:{'全國單日平均糧價': '已更新', '各觀測站近兩年降雨量': '未更新', '產銷履歷與有機蔬果行情': '已更新', '糧價查詢': '已更新', '臺灣地區果品生產概況': '未更新', '臺灣地區特用作物生產概況': '未更新', '臺灣地區稻作種植、收穫面積及產量': '未更新', '臺灣地區稻米生產價值': '未更新', '臺灣地區蔬菜生產概況': '未更新', '臺灣地區農產品生產量值': '未更新', '農情調查': '已更新', '農產品交易行情': '已更新', '農產品產地價格(月平均價格)': '未更新', '農產品產地價格資料': '未更新', '雜糧生產概況': '未更新'}
2025-12-25 21:02:05,801 - SUCCESS - 更新結果儲存成功:{'全國單日平均糧價': '已更新', '各觀測站近兩年降雨量': '未更新', '產銷履歷與有機蔬果行情': '已更新', '糧價查詢': '已更新', '臺灣地區果品生產概況': '未更新', '臺灣地區特用作物生產概況': '未更新', '臺灣地區稻作種植、收穫面積及產量': '未更新', '臺灣地區稻米生產價值': '未更新', '臺灣地區蔬菜生產概況': '未更新', '臺灣地區農產品生產量值': '未更新', '農情調查': '已更新', '農產品交易行情': '已更新', '農產品產地價格(月平均價格)': '未更新', '農產品產地價格資料': '未更新', '雜糧生產概況': '未更新'}
