2025-10-16 15:23:16,333 - SUCCESS - 成功提取 '全國單日平均糧價' 的網頁 Metadata。
2025-10-16 15:23:16,333 - SUCCESS - 成功提取 '全國單日平均糧價' 的網頁 Metadata。
2025-10-16 15:23:16,446 - SUCCESS - '全國單日平均糧價' 的 Metadata 已更新到 metadata.json。
2025-10-16 15:23:16,446 - SUCCESS - '全國單日平均糧價' 的 Metadata 已更新到 metadata.json。
2025-10-16 15:24:36,449 - SUCCESS - <全國單日平均糧價>的資料已下載完成，共 9074 筆資料。
2025-10-16 15:24:36,449 - SUCCESS - <全國單日平均糧價>的資料已下載完成，共 9074 筆資料。
2025-10-16 15:24:37,217 - SUCCESS - 已下載、去重並合併資料完成現有資料 9074 條，新資料 1 條。
2025-10-16 15:24:37,217 - SUCCESS - 已下載、去重並合併資料完成現有資料 9074 條，新資料 1 條。
2025-10-16 15:24:37,259 - SUCCESS - 已下載 '全國單日平均糧價' 的原始 JSON 資料路徑: 'c:\Python\data_moa_gov_tw\raw_data\全國單日平均糧價\全國單日平均糧價.json'
2025-10-16 15:24:37,259 - SUCCESS - 已下載 '全國單日平均糧價' 的原始 JSON 資料路徑: 'c:\Python\data_moa_gov_tw\raw_data\全國單日平均糧價\全國單日平均糧價.json'
2025-10-16 15:24:37,307 - SUCCESS - 插入或更新 '全國單日平均糧價' 的 Metadata 成功。
2025-10-16 15:24:37,307 - SUCCESS - 插入或更新 '全國單日平均糧價' 的 Metadata 成功。
2025-10-16 15:24:37,318 - SUCCESS - 已成功批量插入 '全國單日平均糧價' 的總計 1 條記錄到表格 '1040001' 。
2025-10-16 15:24:37,318 - SUCCESS - 已成功批量插入 '全國單日平均糧價' 的總計 1 條記錄到表格 '1040001' 。
2025-10-16 15:24:37,322 - SUCCESS - '全國單日平均糧價' 的自動更新完成。
2025-10-16 15:24:37,322 - SUCCESS - '全國單日平均糧價' 的自動更新完成。
2025-10-16 15:24:39,761 - SUCCESS - 成功提取 '各觀測站近兩年降雨量' 的網頁 Metadata。
2025-10-16 15:24:39,761 - SUCCESS - 成功提取 '各觀測站近兩年降雨量' 的網頁 Metadata。
2025-10-16 15:24:42,689 - SUCCESS - 成功提取 '產銷履歷與有機蔬果行情' 的網頁 Metadata。
2025-10-16 15:24:42,689 - SUCCESS - 成功提取 '產銷履歷與有機蔬果行情' 的網頁 Metadata。
2025-10-16 15:24:42,716 - SUCCESS - '產銷履歷與有機蔬果行情' 的 Metadata 已更新到 metadata.json。
2025-10-16 15:24:42,716 - SUCCESS - '產銷履歷與有機蔬果行情' 的 Metadata 已更新到 metadata.json。
2025-10-16 15:25:17,000 - SUCCESS - <產銷履歷與有機蔬果行情>的資料已下載完成，共 4455 筆資料。
2025-10-16 15:25:17,000 - SUCCESS - <產銷履歷與有機蔬果行情>的資料已下載完成，共 4455 筆資料。
2025-10-16 15:25:31,033 - SUCCESS - 已下載、去重並合併資料完成現有資料 164132 條，新資料 2216 條。
2025-10-16 15:25:31,033 - SUCCESS - 已下載、去重並合併資料完成現有資料 164132 條，新資料 2216 條。
2025-10-16 15:25:32,176 - SUCCESS - 已下載 '產銷履歷與有機蔬果行情' 的原始 JSON 資料路徑: 'c:\Python\data_moa_gov_tw\raw_data\產銷履歷與有機蔬果行情\產銷履歷與有機蔬果行情.json'
2025-10-16 15:25:32,176 - SUCCESS - 已下載 '產銷履歷與有機蔬果行情' 的原始 JSON 資料路徑: 'c:\Python\data_moa_gov_tw\raw_data\產銷履歷與有機蔬果行情\產銷履歷與有機蔬果行情.json'
2025-10-16 15:25:32,183 - SUCCESS - 插入或更新 '產銷履歷與有機蔬果行情' 的 Metadata 成功。
2025-10-16 15:25:32,183 - SUCCESS - 插入或更新 '產銷履歷與有機蔬果行情' 的 Metadata 成功。
2025-10-16 15:25:33,433 - SUCCESS - 已成功批量插入 '產銷履歷與有機蔬果行情' 的總計 2216 條記錄到表格 '1040003' 。
2025-10-16 15:25:33,433 - SUCCESS - 已成功批量插入 '產銷履歷與有機蔬果行情' 的總計 2216 條記錄到表格 '1040003' 。
2025-10-16 15:25:33,472 - SUCCESS - '產銷履歷與有機蔬果行情' 的自動更新完成。
2025-10-16 15:25:33,472 - SUCCESS - '產銷履歷與有機蔬果行情' 的自動更新完成。
2025-10-16 15:25:34,831 - SUCCESS - 成功提取 '糧價查詢' 的網頁 Metadata。
2025-10-16 15:25:34,831 - SUCCESS - 成功提取 '糧價查詢' 的網頁 Metadata。
2025-10-16 15:25:34,867 - SUCCESS - '糧價查詢' 的 Metadata 已更新到 metadata.json。
2025-10-16 15:25:34,867 - SUCCESS - '糧價查詢' 的 Metadata 已更新到 metadata.json。
2025-10-16 15:26:51,497 - SUCCESS - <糧價查詢>的資料已下載完成，共 9999 筆資料。
2025-10-16 15:26:51,497 - SUCCESS - <糧價查詢>的資料已下載完成，共 9999 筆資料。
2025-10-16 15:27:10,006 - SUCCESS - 已下載、去重並合併資料完成現有資料 239850 條，新資料 40 條。
2025-10-16 15:27:10,006 - SUCCESS - 已下載、去重並合併資料完成現有資料 239850 條，新資料 40 條。
2025-10-16 15:27:11,379 - SUCCESS - 已下載 '糧價查詢' 的原始 JSON 資料路徑: 'c:\Python\data_moa_gov_tw\raw_data\糧價查詢\糧價查詢.json'
2025-10-16 15:27:11,379 - SUCCESS - 已下載 '糧價查詢' 的原始 JSON 資料路徑: 'c:\Python\data_moa_gov_tw\raw_data\糧價查詢\糧價查詢.json'
2025-10-16 15:27:11,387 - SUCCESS - 插入或更新 '糧價查詢' 的 Metadata 成功。
2025-10-16 15:27:11,387 - SUCCESS - 插入或更新 '糧價查詢' 的 Metadata 成功。
2025-10-16 15:27:11,451 - SUCCESS - 已成功批量插入 '糧價查詢' 的總計 40 條記錄到表格 '1040004' 。
2025-10-16 15:27:11,451 - SUCCESS - 已成功批量插入 '糧價查詢' 的總計 40 條記錄到表格 '1040004' 。
2025-10-16 15:27:11,598 - SUCCESS - '糧價查詢' 的自動更新完成。
2025-10-16 15:27:11,598 - SUCCESS - '糧價查詢' 的自動更新完成。
2025-10-16 15:27:13,514 - SUCCESS - 成功提取 '臺灣地區果品生產概況' 的網頁 Metadata。
2025-10-16 15:27:13,514 - SUCCESS - 成功提取 '臺灣地區果品生產概況' 的網頁 Metadata。
2025-10-16 15:27:16,380 - SUCCESS - 成功提取 '臺灣地區特用作物生產概況' 的網頁 Metadata。
2025-10-16 15:27:16,380 - SUCCESS - 成功提取 '臺灣地區特用作物生產概況' 的網頁 Metadata。
2025-10-16 15:27:18,260 - SUCCESS - 成功提取 '臺灣地區稻作種植、收穫面積及產量' 的網頁 Metadata。
2025-10-16 15:27:18,260 - SUCCESS - 成功提取 '臺灣地區稻作種植、收穫面積及產量' 的網頁 Metadata。
2025-10-16 15:27:20,471 - SUCCESS - 成功提取 '臺灣地區稻米生產價值' 的網頁 Metadata。
2025-10-16 15:27:20,471 - SUCCESS - 成功提取 '臺灣地區稻米生產價值' 的網頁 Metadata。
2025-10-16 15:27:22,942 - SUCCESS - 成功提取 '臺灣地區蔬菜生產概況' 的網頁 Metadata。
2025-10-16 15:27:22,942 - SUCCESS - 成功提取 '臺灣地區蔬菜生產概況' 的網頁 Metadata。
2025-10-16 15:27:24,827 - SUCCESS - 成功提取 '臺灣地區農產品生產量值' 的網頁 Metadata。
2025-10-16 15:27:24,827 - SUCCESS - 成功提取 '臺灣地區農產品生產量值' 的網頁 Metadata。
2025-10-16 15:27:27,232 - SUCCESS - 成功提取 '農情調查' 的網頁 Metadata。
2025-10-16 15:27:27,232 - SUCCESS - 成功提取 '農情調查' 的網頁 Metadata。
2025-10-16 15:27:27,271 - SUCCESS - '農情調查' 的 Metadata 已更新到 metadata.json。
2025-10-16 15:27:27,271 - SUCCESS - '農情調查' 的 Metadata 已更新到 metadata.json。
2025-10-16 15:28:11,490 - SUCCESS - <農情調查>的資料已下載完成，共 9999 筆資料。
2025-10-16 15:28:11,490 - SUCCESS - <農情調查>的資料已下載完成，共 9999 筆資料。
2025-10-16 15:28:13,330 - SUCCESS - 已下載、去重並合併資料完成現有資料 45259 條，新資料 0 條。
2025-10-16 15:28:13,330 - SUCCESS - 已下載、去重並合併資料完成現有資料 45259 條，新資料 0 條。
2025-10-16 15:28:13,736 - SUCCESS - 插入或更新 '農情調查' 的 Metadata 成功。
2025-10-16 15:28:13,736 - SUCCESS - 插入或更新 '農情調查' 的 Metadata 成功。
2025-10-16 15:28:13,748 - SUCCESS - '農情調查' 的自動更新完成。
2025-10-16 15:28:13,748 - SUCCESS - '農情調查' 的自動更新完成。
2025-10-16 15:28:17,114 - SUCCESS - 成功提取 '農產品交易行情' 的網頁 Metadata。
2025-10-16 15:28:17,114 - SUCCESS - 成功提取 '農產品交易行情' 的網頁 Metadata。
2025-10-16 15:28:17,160 - SUCCESS - '農產品交易行情' 的 Metadata 已更新到 metadata.json。
2025-10-16 15:28:17,160 - SUCCESS - '農產品交易行情' 的 Metadata 已更新到 metadata.json。
2025-10-16 15:29:34,991 - SUCCESS - <農產品交易行情>的資料已下載完成，共 10684 筆資料。
2025-10-16 15:29:34,991 - SUCCESS - <農產品交易行情>的資料已下載完成，共 10684 筆資料。
2025-10-16 15:29:55,129 - SUCCESS - 已下載、去重並合併資料完成現有資料 348305 條，新資料 5967 條。
2025-10-16 15:29:55,129 - SUCCESS - 已下載、去重並合併資料完成現有資料 348305 條，新資料 5967 條。
2025-10-16 15:29:57,049 - SUCCESS - 已下載 '農產品交易行情' 的原始 JSON 資料路徑: 'c:\Python\data_moa_gov_tw\raw_data\農產品交易行情\農產品交易行情.json'
2025-10-16 15:29:57,049 - SUCCESS - 已下載 '農產品交易行情' 的原始 JSON 資料路徑: 'c:\Python\data_moa_gov_tw\raw_data\農產品交易行情\農產品交易行情.json'
2025-10-16 15:29:57,055 - SUCCESS - 插入或更新 '農產品交易行情' 的 Metadata 成功。
2025-10-16 15:29:57,055 - SUCCESS - 插入或更新 '農產品交易行情' 的 Metadata 成功。
2025-10-16 15:30:00,558 - SUCCESS - 已成功批量插入 '農產品交易行情' 的總計 5966 條記錄到表格 '1040012' 。
2025-10-16 15:30:00,558 - SUCCESS - 已成功批量插入 '農產品交易行情' 的總計 5966 條記錄到表格 '1040012' 。
2025-10-16 15:30:00,684 - SUCCESS - '農產品交易行情' 的自動更新完成。
2025-10-16 15:30:00,684 - SUCCESS - '農產品交易行情' 的自動更新完成。
2025-10-16 15:30:03,238 - SUCCESS - 成功提取 '農產品產地價格(月平均價格)' 的網頁 Metadata。
2025-10-16 15:30:03,238 - SUCCESS - 成功提取 '農產品產地價格(月平均價格)' 的網頁 Metadata。
2025-10-16 15:30:04,754 - SUCCESS - 成功提取 '農產品產地價格資料' 的網頁 Metadata。
2025-10-16 15:30:04,754 - SUCCESS - 成功提取 '農產品產地價格資料' 的網頁 Metadata。
2025-10-16 15:30:04,792 - SUCCESS - '農產品產地價格資料' 的 Metadata 已更新到 metadata.json。
2025-10-16 15:30:04,792 - SUCCESS - '農產品產地價格資料' 的 Metadata 已更新到 metadata.json。
2025-10-16 15:30:33,138 - SUCCESS - <農產品產地價格資料>的資料已下載完成，共 9999 筆資料。
2025-10-16 15:30:33,138 - SUCCESS - <農產品產地價格資料>的資料已下載完成，共 9999 筆資料。
2025-10-16 15:31:30,687 - SUCCESS - 已下載、去重並合併資料完成現有資料 343860 條，新資料 5 條。
2025-10-16 15:31:30,687 - SUCCESS - 已下載、去重並合併資料完成現有資料 343860 條，新資料 5 條。
2025-10-16 15:31:32,952 - SUCCESS - 已下載 '農產品產地價格資料' 的原始 JSON 資料路徑: 'c:\Python\data_moa_gov_tw\raw_data\農產品產地價格資料\農產品產地價格資料.json'
2025-10-16 15:31:32,952 - SUCCESS - 已下載 '農產品產地價格資料' 的原始 JSON 資料路徑: 'c:\Python\data_moa_gov_tw\raw_data\農產品產地價格資料\農產品產地價格資料.json'
2025-10-16 15:31:32,958 - SUCCESS - 插入或更新 '農產品產地價格資料' 的 Metadata 成功。
2025-10-16 15:31:32,958 - SUCCESS - 插入或更新 '農產品產地價格資料' 的 Metadata 成功。
2025-10-16 15:31:32,968 - SUCCESS - 已成功批量插入 '農產品產地價格資料' 的總計 5 條記錄到表格 '1040014' 。
2025-10-16 15:31:32,968 - SUCCESS - 已成功批量插入 '農產品產地價格資料' 的總計 5 條記錄到表格 '1040014' 。
2025-10-16 15:31:33,060 - SUCCESS - '農產品產地價格資料' 的自動更新完成。
2025-10-16 15:31:33,060 - SUCCESS - '農產品產地價格資料' 的自動更新完成。
2025-10-16 15:31:35,202 - SUCCESS - 成功提取 '雜糧生產概況' 的網頁 Metadata。
2025-10-16 15:31:35,202 - SUCCESS - 成功提取 '雜糧生產概況' 的網頁 Metadata。
2025-10-16 15:31:36,218 - SUCCESS - 已成功儲存次要資訊。
2025-10-16 15:31:36,218 - SUCCESS - 已成功儲存次要資訊。
2025-10-16 15:31:36,219 - SUCCESS - 更新結果儲存成功:{'全國單日平均糧價': '已更新', '各觀測站近兩年降雨量': '未更新', '產銷履歷與有機蔬果行情': '已更新', '糧價查詢': '已更新', '臺灣地區果品生產概況': '未更新', '臺灣地區特用作物生產概況': '未更新', '臺灣地區稻作種植、收穫面積及產量': '未更新', '臺灣地區稻米生產價值': '未更新', '臺灣地區蔬菜生產概況': '未更新', '臺灣地區農產品生產量值': '未更新', '農情調查': '已更新', '農產品交易行情': '已更新', '農產品產地價格(月平均價格)': '未更新', '農產品產地價格資料': '已更新', '雜糧生產概況': '未更新'}
2025-10-16 15:31:36,219 - SUCCESS - 更新結果儲存成功:{'全國單日平均糧價': '已更新', '各觀測站近兩年降雨量': '未更新', '產銷履歷與有機蔬果行情': '已更新', '糧價查詢': '已更新', '臺灣地區果品生產概況': '未更新', '臺灣地區特用作物生產概況': '未更新', '臺灣地區稻作種植、收穫面積及產量': '未更新', '臺灣地區稻米生產價值': '未更新', '臺灣地區蔬菜生產概況': '未更新', '臺灣地區農產品生產量值': '未更新', '農情調查': '已更新', '農產品交易行情': '已更新', '農產品產地價格(月平均價格)': '未更新', '農產品產地價格資料': '已更新', '雜糧生產概況': '未更新'}
