2026-01-20 22:24:13,520 - SUCCESS - 成功提取 '全國單日平均糧價' 的網頁 Metadata。
2026-01-20 22:24:13,520 - SUCCESS - 成功提取 '全國單日平均糧價' 的網頁 Metadata。
2026-01-20 22:24:13,649 - SUCCESS - '全國單日平均糧價' 的 Metadata 已更新到 metadata.json。
2026-01-20 22:24:13,649 - SUCCESS - '全國單日平均糧價' 的 Metadata 已更新到 metadata.json。
2026-01-20 22:24:15,639 - SUCCESS - <全國單日平均糧價>的資料已下載完成，共 9171 筆資料。
2026-01-20 22:24:15,639 - SUCCESS - <全國單日平均糧價>的資料已下載完成，共 9171 筆資料。
2026-01-20 22:24:17,553 - SUCCESS - 已下載、去重並合併資料完成現有資料 9171 條，新資料 1 條。
2026-01-20 22:24:17,553 - SUCCESS - 已下載、去重並合併資料完成現有資料 9171 條，新資料 1 條。
2026-01-20 22:24:17,623 - SUCCESS - 已下載 '全國單日平均糧價' 的原始 JSON 資料路徑: 'C:\Python\data_moa_gov_tw\raw_data\全國單日平均糧價\全國單日平均糧價.json'
2026-01-20 22:24:17,623 - SUCCESS - 已下載 '全國單日平均糧價' 的原始 JSON 資料路徑: 'C:\Python\data_moa_gov_tw\raw_data\全國單日平均糧價\全國單日平均糧價.json'
2026-01-20 22:24:17,670 - SUCCESS - 插入或更新 '全國單日平均糧價' 的 Metadata 成功。
2026-01-20 22:24:17,670 - SUCCESS - 插入或更新 '全國單日平均糧價' 的 Metadata 成功。
2026-01-20 22:24:17,684 - SUCCESS - 已成功批量插入 '全國單日平均糧價' 的總計 1 條記錄到表格 '1040001' 。
2026-01-20 22:24:17,684 - SUCCESS - 已成功批量插入 '全國單日平均糧價' 的總計 1 條記錄到表格 '1040001' 。
2026-01-20 22:24:17,690 - SUCCESS - '全國單日平均糧價' 的自動更新完成。
2026-01-20 22:24:17,690 - SUCCESS - '全國單日平均糧價' 的自動更新完成。
2026-01-20 22:24:19,121 - SUCCESS - 成功提取 '各觀測站近兩年降雨量' 的網頁 Metadata。
2026-01-20 22:24:19,121 - SUCCESS - 成功提取 '各觀測站近兩年降雨量' 的網頁 Metadata。
2026-01-20 22:24:20,526 - SUCCESS - 成功提取 '產銷履歷與有機蔬果行情' 的網頁 Metadata。
2026-01-20 22:24:20,526 - SUCCESS - 成功提取 '產銷履歷與有機蔬果行情' 的網頁 Metadata。
2026-01-20 22:24:20,593 - SUCCESS - '產銷履歷與有機蔬果行情' 的 Metadata 已更新到 metadata.json。
2026-01-20 22:24:20,593 - SUCCESS - '產銷履歷與有機蔬果行情' 的 Metadata 已更新到 metadata.json。
2026-01-20 22:24:21,582 - SUCCESS - <產銷履歷與有機蔬果行情>的資料已下載完成，共 2493 筆資料。
2026-01-20 22:24:21,582 - SUCCESS - <產銷履歷與有機蔬果行情>的資料已下載完成，共 2493 筆資料。
2026-01-20 22:24:48,277 - SUCCESS - 已下載、去重並合併資料完成現有資料 346149 條，新資料 2398 條。
2026-01-20 22:24:48,277 - SUCCESS - 已下載、去重並合併資料完成現有資料 346149 條，新資料 2398 條。
2026-01-20 22:24:50,187 - SUCCESS - 已下載 '產銷履歷與有機蔬果行情' 的原始 JSON 資料路徑: 'C:\Python\data_moa_gov_tw\raw_data\產銷履歷與有機蔬果行情\產銷履歷與有機蔬果行情.json'
2026-01-20 22:24:50,187 - SUCCESS - 已下載 '產銷履歷與有機蔬果行情' 的原始 JSON 資料路徑: 'C:\Python\data_moa_gov_tw\raw_data\產銷履歷與有機蔬果行情\產銷履歷與有機蔬果行情.json'
2026-01-20 22:24:50,193 - SUCCESS - 插入或更新 '產銷履歷與有機蔬果行情' 的 Metadata 成功。
2026-01-20 22:24:50,193 - SUCCESS - 插入或更新 '產銷履歷與有機蔬果行情' 的 Metadata 成功。
2026-01-20 22:24:51,164 - SUCCESS - 已成功批量插入 '產銷履歷與有機蔬果行情' 的總計 2398 條記錄到表格 '1040003' 。
2026-01-20 22:24:51,164 - SUCCESS - 已成功批量插入 '產銷履歷與有機蔬果行情' 的總計 2398 條記錄到表格 '1040003' 。
2026-01-20 22:24:51,262 - SUCCESS - '產銷履歷與有機蔬果行情' 的自動更新完成。
2026-01-20 22:24:51,262 - SUCCESS - '產銷履歷與有機蔬果行情' 的自動更新完成。
2026-01-20 22:24:54,651 - SUCCESS - 成功提取 '糧價查詢' 的網頁 Metadata。
2026-01-20 22:24:54,651 - SUCCESS - 成功提取 '糧價查詢' 的網頁 Metadata。
2026-01-20 22:24:54,686 - SUCCESS - '糧價查詢' 的 Metadata 已更新到 metadata.json。
2026-01-20 22:24:54,686 - SUCCESS - '糧價查詢' 的 Metadata 已更新到 metadata.json。
2026-01-20 22:24:57,002 - SUCCESS - <糧價查詢>的資料已下載完成，共 9999 筆資料。
2026-01-20 22:24:57,002 - SUCCESS - <糧價查詢>的資料已下載完成，共 9999 筆資料。
2026-01-20 22:24:57,869 - SUCCESS - 已下載、去重並合併資料完成現有資料 11195 條，新資料 20 條。
2026-01-20 22:24:57,869 - SUCCESS - 已下載、去重並合併資料完成現有資料 11195 條，新資料 20 條。
2026-01-20 22:24:58,679 - SUCCESS - 已下載 '糧價查詢' 的原始 JSON 資料路徑: 'C:\Python\data_moa_gov_tw\raw_data\糧價查詢\糧價查詢.json'
2026-01-20 22:24:58,679 - SUCCESS - 已下載 '糧價查詢' 的原始 JSON 資料路徑: 'C:\Python\data_moa_gov_tw\raw_data\糧價查詢\糧價查詢.json'
2026-01-20 22:24:58,682 - SUCCESS - 插入或更新 '糧價查詢' 的 Metadata 成功。
2026-01-20 22:24:58,682 - SUCCESS - 插入或更新 '糧價查詢' 的 Metadata 成功。
2026-01-20 22:24:58,697 - SUCCESS - 已成功批量插入 '糧價查詢' 的總計 20 條記錄到表格 '1040004' 。
2026-01-20 22:24:58,697 - SUCCESS - 已成功批量插入 '糧價查詢' 的總計 20 條記錄到表格 '1040004' 。
2026-01-20 22:24:58,702 - SUCCESS - '糧價查詢' 的自動更新完成。
2026-01-20 22:24:58,702 - SUCCESS - '糧價查詢' 的自動更新完成。
2026-01-20 22:25:02,006 - SUCCESS - 成功提取 '臺灣地區果品生產概況' 的網頁 Metadata。
2026-01-20 22:25:02,006 - SUCCESS - 成功提取 '臺灣地區果品生產概況' 的網頁 Metadata。
2026-01-20 22:25:04,549 - SUCCESS - 成功提取 '臺灣地區特用作物生產概況' 的網頁 Metadata。
2026-01-20 22:25:04,549 - SUCCESS - 成功提取 '臺灣地區特用作物生產概況' 的網頁 Metadata。
2026-01-20 22:25:05,920 - SUCCESS - 成功提取 '臺灣地區稻作種植、收穫面積及產量' 的網頁 Metadata。
2026-01-20 22:25:05,920 - SUCCESS - 成功提取 '臺灣地區稻作種植、收穫面積及產量' 的網頁 Metadata。
2026-01-20 22:25:07,339 - SUCCESS - 成功提取 '臺灣地區稻米生產價值' 的網頁 Metadata。
2026-01-20 22:25:07,339 - SUCCESS - 成功提取 '臺灣地區稻米生產價值' 的網頁 Metadata。
2026-01-20 22:25:09,783 - SUCCESS - 成功提取 '臺灣地區蔬菜生產概況' 的網頁 Metadata。
2026-01-20 22:25:09,783 - SUCCESS - 成功提取 '臺灣地區蔬菜生產概況' 的網頁 Metadata。
2026-01-20 22:25:11,099 - SUCCESS - 成功提取 '臺灣地區農產品生產量值' 的網頁 Metadata。
2026-01-20 22:25:11,099 - SUCCESS - 成功提取 '臺灣地區農產品生產量值' 的網頁 Metadata。
2026-01-20 22:25:12,426 - SUCCESS - 成功提取 '農情調查' 的網頁 Metadata。
2026-01-20 22:25:12,426 - SUCCESS - 成功提取 '農情調查' 的網頁 Metadata。
2026-01-20 22:25:12,474 - SUCCESS - '農情調查' 的 Metadata 已更新到 metadata.json。
2026-01-20 22:25:12,474 - SUCCESS - '農情調查' 的 Metadata 已更新到 metadata.json。
2026-01-20 22:25:14,194 - SUCCESS - <農情調查>的資料已下載完成，共 9999 筆資料。
2026-01-20 22:25:14,194 - SUCCESS - <農情調查>的資料已下載完成，共 9999 筆資料。
2026-01-20 22:25:15,320 - SUCCESS - 已下載、去重並合併資料完成現有資料 45259 條，新資料 0 條。
2026-01-20 22:25:15,320 - SUCCESS - 已下載、去重並合併資料完成現有資料 45259 條，新資料 0 條。
2026-01-20 22:25:15,636 - SUCCESS - 插入或更新 '農情調查' 的 Metadata 成功。
2026-01-20 22:25:15,636 - SUCCESS - 插入或更新 '農情調查' 的 Metadata 成功。
2026-01-20 22:25:15,649 - SUCCESS - '農情調查' 的自動更新完成。
2026-01-20 22:25:15,649 - SUCCESS - '農情調查' 的自動更新完成。
2026-01-20 22:25:17,056 - SUCCESS - 成功提取 '農產品交易行情' 的網頁 Metadata。
2026-01-20 22:25:17,056 - SUCCESS - 成功提取 '農產品交易行情' 的網頁 Metadata。
2026-01-20 22:25:17,099 - SUCCESS - '農產品交易行情' 的 Metadata 已更新到 metadata.json。
2026-01-20 22:25:17,099 - SUCCESS - '農產品交易行情' 的 Metadata 已更新到 metadata.json。
2026-01-20 22:25:25,067 - SUCCESS - <農產品交易行情>的資料已下載完成，共 10511 筆資料。
2026-01-20 22:25:25,067 - SUCCESS - <農產品交易行情>的資料已下載完成，共 10511 筆資料。
2026-01-20 22:25:57,572 - SUCCESS - 已下載、去重並合併資料完成現有資料 629256 條，新資料 3173 條。
2026-01-20 22:25:57,572 - SUCCESS - 已下載、去重並合併資料完成現有資料 629256 條，新資料 3173 條。
2026-01-20 22:26:00,862 - SUCCESS - 已下載 '農產品交易行情' 的原始 JSON 資料路徑: 'C:\Python\data_moa_gov_tw\raw_data\農產品交易行情\農產品交易行情.json'
2026-01-20 22:26:00,862 - SUCCESS - 已下載 '農產品交易行情' 的原始 JSON 資料路徑: 'C:\Python\data_moa_gov_tw\raw_data\農產品交易行情\農產品交易行情.json'
2026-01-20 22:26:00,866 - SUCCESS - 插入或更新 '農產品交易行情' 的 Metadata 成功。
2026-01-20 22:26:00,866 - SUCCESS - 插入或更新 '農產品交易行情' 的 Metadata 成功。
2026-01-20 22:26:02,210 - SUCCESS - 已成功批量插入 '農產品交易行情' 的總計 3173 條記錄到表格 '1040012' 。
2026-01-20 22:26:02,210 - SUCCESS - 已成功批量插入 '農產品交易行情' 的總計 3173 條記錄到表格 '1040012' 。
2026-01-20 22:26:02,459 - SUCCESS - '農產品交易行情' 的自動更新完成。
2026-01-20 22:26:02,459 - SUCCESS - '農產品交易行情' 的自動更新完成。
2026-01-20 22:26:05,265 - SUCCESS - 成功提取 '農產品產地價格(月平均價格)' 的網頁 Metadata。
2026-01-20 22:26:05,265 - SUCCESS - 成功提取 '農產品產地價格(月平均價格)' 的網頁 Metadata。
2026-01-20 22:26:06,679 - SUCCESS - 成功提取 '農產品產地價格資料' 的網頁 Metadata。
2026-01-20 22:26:06,679 - SUCCESS - 成功提取 '農產品產地價格資料' 的網頁 Metadata。
2026-01-20 22:26:06,726 - SUCCESS - '農產品產地價格資料' 的 Metadata 已更新到 metadata.json。
2026-01-20 22:26:06,726 - SUCCESS - '農產品產地價格資料' 的 Metadata 已更新到 metadata.json。
2026-01-20 22:26:07,609 - SUCCESS - <農產品產地價格資料>的資料已下載完成，共 9999 筆資料。
2026-01-20 22:26:07,609 - SUCCESS - <農產品產地價格資料>的資料已下載完成，共 9999 筆資料。
2026-01-20 22:26:56,489 - SUCCESS - 已下載、去重並合併資料完成現有資料 350362 條，新資料 30 條。
2026-01-20 22:26:56,489 - SUCCESS - 已下載、去重並合併資料完成現有資料 350362 條，新資料 30 條。
2026-01-20 22:26:58,569 - SUCCESS - 已下載 '農產品產地價格資料' 的原始 JSON 資料路徑: 'C:\Python\data_moa_gov_tw\raw_data\農產品產地價格資料\農產品產地價格資料.json'
2026-01-20 22:26:58,569 - SUCCESS - 已下載 '農產品產地價格資料' 的原始 JSON 資料路徑: 'C:\Python\data_moa_gov_tw\raw_data\農產品產地價格資料\農產品產地價格資料.json'
2026-01-20 22:26:58,573 - SUCCESS - 插入或更新 '農產品產地價格資料' 的 Metadata 成功。
2026-01-20 22:26:58,573 - SUCCESS - 插入或更新 '農產品產地價格資料' 的 Metadata 成功。
2026-01-20 22:26:58,586 - SUCCESS - 已成功批量插入 '農產品產地價格資料' 的總計 30 條記錄到表格 '1040014' 。
2026-01-20 22:26:58,586 - SUCCESS - 已成功批量插入 '農產品產地價格資料' 的總計 30 條記錄到表格 '1040014' 。
2026-01-20 22:26:58,674 - SUCCESS - '農產品產地價格資料' 的自動更新完成。
2026-01-20 22:26:58,674 - SUCCESS - '農產品產地價格資料' 的自動更新完成。
2026-01-20 22:27:00,074 - SUCCESS - 成功提取 '雜糧生產概況' 的網頁 Metadata。
2026-01-20 22:27:00,074 - SUCCESS - 成功提取 '雜糧生產概況' 的網頁 Metadata。
2026-01-20 22:27:01,083 - SUCCESS - 已成功儲存次要資訊。
2026-01-20 22:27:01,083 - SUCCESS - 已成功儲存次要資訊。
2026-01-20 22:27:01,083 - SUCCESS - 更新結果儲存成功:{'全國單日平均糧價': '已更新', '各觀測站近兩年降雨量': '未更新', '產銷履歷與有機蔬果行情': '已更新', '糧價查詢': '已更新', '臺灣地區果品生產概況': '未更新', '臺灣地區特用作物生產概況': '未更新', '臺灣地區稻作種植、收穫面積及產量': '未更新', '臺灣地區稻米生產價值': '未更新', '臺灣地區蔬菜生產概況': '未更新', '臺灣地區農產品生產量值': '未更新', '農情調查': '已更新', '農產品交易行情': '已更新', '農產品產地價格(月平均價格)': '未更新', '農產品產地價格資料': '已更新', '雜糧生產概況': '未更新'}
2026-01-20 22:27:01,083 - SUCCESS - 更新結果儲存成功:{'全國單日平均糧價': '已更新', '各觀測站近兩年降雨量': '未更新', '產銷履歷與有機蔬果行情': '已更新', '糧價查詢': '已更新', '臺灣地區果品生產概況': '未更新', '臺灣地區特用作物生產概況': '未更新', '臺灣地區稻作種植、收穫面積及產量': '未更新', '臺灣地區稻米生產價值': '未更新', '臺灣地區蔬菜生產概況': '未更新', '臺灣地區農產品生產量值': '未更新', '農情調查': '已更新', '農產品交易行情': '已更新', '農產品產地價格(月平均價格)': '未更新', '農產品產地價格資料': '已更新', '雜糧生產概況': '未更新'}
