2025-10-18 02:21:19,182 - SUCCESS - 成功提取 '全國單日平均糧價' 的網頁 Metadata。
2025-10-18 02:21:19,182 - SUCCESS - 成功提取 '全國單日平均糧價' 的網頁 Metadata。
2025-10-18 02:21:19,206 - SUCCESS - '全國單日平均糧價' 的 Metadata 已更新到 metadata.json。
2025-10-18 02:21:19,206 - SUCCESS - '全國單日平均糧價' 的 Metadata 已更新到 metadata.json。
2025-10-18 02:21:20,523 - SUCCESS - <全國單日平均糧價>的資料已下載完成，共 9076 筆資料。
2025-10-18 02:21:20,523 - SUCCESS - <全國單日平均糧價>的資料已下載完成，共 9076 筆資料。
2025-10-18 02:21:21,146 - SUCCESS - 已下載、去重並合併資料完成現有資料 9076 條，新資料 2 條。
2025-10-18 02:21:21,146 - SUCCESS - 已下載、去重並合併資料完成現有資料 9076 條，新資料 2 條。
2025-10-18 02:21:21,182 - SUCCESS - 已下載 '全國單日平均糧價' 的原始 JSON 資料路徑: 'C:\Python\data_moa_gov_tw\raw_data\全國單日平均糧價\全國單日平均糧價.json'
2025-10-18 02:21:21,182 - SUCCESS - 已下載 '全國單日平均糧價' 的原始 JSON 資料路徑: 'C:\Python\data_moa_gov_tw\raw_data\全國單日平均糧價\全國單日平均糧價.json'
2025-10-18 02:21:21,207 - SUCCESS - 插入或更新 '全國單日平均糧價' 的 Metadata 成功。
2025-10-18 02:21:21,207 - SUCCESS - 插入或更新 '全國單日平均糧價' 的 Metadata 成功。
2025-10-18 02:21:21,214 - SUCCESS - 已成功批量插入 '全國單日平均糧價' 的總計 2 條記錄到表格 '1040001' 。
2025-10-18 02:21:21,214 - SUCCESS - 已成功批量插入 '全國單日平均糧價' 的總計 2 條記錄到表格 '1040001' 。
2025-10-18 02:21:21,224 - SUCCESS - '全國單日平均糧價' 的自動更新完成。
2025-10-18 02:21:21,224 - SUCCESS - '全國單日平均糧價' 的自動更新完成。
2025-10-18 02:21:22,419 - SUCCESS - 成功提取 '各觀測站近兩年降雨量' 的網頁 Metadata。
2025-10-18 02:21:22,419 - SUCCESS - 成功提取 '各觀測站近兩年降雨量' 的網頁 Metadata。
2025-10-18 02:21:23,631 - SUCCESS - 成功提取 '產銷履歷與有機蔬果行情' 的網頁 Metadata。
2025-10-18 02:21:23,631 - SUCCESS - 成功提取 '產銷履歷與有機蔬果行情' 的網頁 Metadata。
2025-10-18 02:21:23,671 - SUCCESS - '產銷履歷與有機蔬果行情' 的 Metadata 已更新到 metadata.json。
2025-10-18 02:21:23,671 - SUCCESS - '產銷履歷與有機蔬果行情' 的 Metadata 已更新到 metadata.json。
2025-10-18 02:21:24,720 - SUCCESS - <產銷履歷與有機蔬果行情>的資料已下載完成，共 4307 筆資料。
2025-10-18 02:21:24,720 - SUCCESS - <產銷履歷與有機蔬果行情>的資料已下載完成，共 4307 筆資料。
2025-10-18 02:21:35,789 - SUCCESS - 已下載、去重並合併資料完成現有資料 168439 條，新資料 4307 條。
2025-10-18 02:21:35,789 - SUCCESS - 已下載、去重並合併資料完成現有資料 168439 條，新資料 4307 條。
2025-10-18 02:21:36,736 - SUCCESS - 已下載 '產銷履歷與有機蔬果行情' 的原始 JSON 資料路徑: 'C:\Python\data_moa_gov_tw\raw_data\產銷履歷與有機蔬果行情\產銷履歷與有機蔬果行情.json'
2025-10-18 02:21:36,736 - SUCCESS - 已下載 '產銷履歷與有機蔬果行情' 的原始 JSON 資料路徑: 'C:\Python\data_moa_gov_tw\raw_data\產銷履歷與有機蔬果行情\產銷履歷與有機蔬果行情.json'
2025-10-18 02:21:36,750 - SUCCESS - 插入或更新 '產銷履歷與有機蔬果行情' 的 Metadata 成功。
2025-10-18 02:21:36,750 - SUCCESS - 插入或更新 '產銷履歷與有機蔬果行情' 的 Metadata 成功。
2025-10-18 02:21:38,472 - SUCCESS - 已成功批量插入 '產銷履歷與有機蔬果行情' 的總計 4307 條記錄到表格 '1040003' 。
2025-10-18 02:21:38,472 - SUCCESS - 已成功批量插入 '產銷履歷與有機蔬果行情' 的總計 4307 條記錄到表格 '1040003' 。
2025-10-18 02:21:38,518 - SUCCESS - '產銷履歷與有機蔬果行情' 的自動更新完成。
2025-10-18 02:21:38,518 - SUCCESS - '產銷履歷與有機蔬果行情' 的自動更新完成。
2025-10-18 02:21:39,751 - SUCCESS - 成功提取 '糧價查詢' 的網頁 Metadata。
2025-10-18 02:21:39,751 - SUCCESS - 成功提取 '糧價查詢' 的網頁 Metadata。
2025-10-18 02:21:39,775 - SUCCESS - '糧價查詢' 的 Metadata 已更新到 metadata.json。
2025-10-18 02:21:39,775 - SUCCESS - '糧價查詢' 的 Metadata 已更新到 metadata.json。
2025-10-18 02:21:41,310 - SUCCESS - <糧價查詢>的資料已下載完成，共 9999 筆資料。
2025-10-18 02:21:41,310 - SUCCESS - <糧價查詢>的資料已下載完成，共 9999 筆資料。
2025-10-18 02:21:56,035 - SUCCESS - 已下載、去重並合併資料完成現有資料 239870 條，新資料 20 條。
2025-10-18 02:21:56,035 - SUCCESS - 已下載、去重並合併資料完成現有資料 239870 條，新資料 20 條。
2025-10-18 02:21:57,166 - SUCCESS - 已下載 '糧價查詢' 的原始 JSON 資料路徑: 'C:\Python\data_moa_gov_tw\raw_data\糧價查詢\糧價查詢.json'
2025-10-18 02:21:57,166 - SUCCESS - 已下載 '糧價查詢' 的原始 JSON 資料路徑: 'C:\Python\data_moa_gov_tw\raw_data\糧價查詢\糧價查詢.json'
2025-10-18 02:21:57,181 - SUCCESS - 插入或更新 '糧價查詢' 的 Metadata 成功。
2025-10-18 02:21:57,181 - SUCCESS - 插入或更新 '糧價查詢' 的 Metadata 成功。
2025-10-18 02:21:57,195 - SUCCESS - 已成功批量插入 '糧價查詢' 的總計 20 條記錄到表格 '1040004' 。
2025-10-18 02:21:57,195 - SUCCESS - 已成功批量插入 '糧價查詢' 的總計 20 條記錄到表格 '1040004' 。
2025-10-18 02:21:57,302 - SUCCESS - '糧價查詢' 的自動更新完成。
2025-10-18 02:21:57,302 - SUCCESS - '糧價查詢' 的自動更新完成。
2025-10-18 02:21:58,493 - SUCCESS - 成功提取 '臺灣地區果品生產概況' 的網頁 Metadata。
2025-10-18 02:21:58,493 - SUCCESS - 成功提取 '臺灣地區果品生產概況' 的網頁 Metadata。
2025-10-18 02:21:59,648 - SUCCESS - 成功提取 '臺灣地區特用作物生產概況' 的網頁 Metadata。
2025-10-18 02:21:59,648 - SUCCESS - 成功提取 '臺灣地區特用作物生產概況' 的網頁 Metadata。
2025-10-18 02:22:01,666 - SUCCESS - 成功提取 '臺灣地區稻作種植、收穫面積及產量' 的網頁 Metadata。
2025-10-18 02:22:01,666 - SUCCESS - 成功提取 '臺灣地區稻作種植、收穫面積及產量' 的網頁 Metadata。
2025-10-18 02:22:02,830 - SUCCESS - 成功提取 '臺灣地區稻米生產價值' 的網頁 Metadata。
2025-10-18 02:22:02,830 - SUCCESS - 成功提取 '臺灣地區稻米生產價值' 的網頁 Metadata。
2025-10-18 02:22:03,998 - SUCCESS - 成功提取 '臺灣地區蔬菜生產概況' 的網頁 Metadata。
2025-10-18 02:22:03,998 - SUCCESS - 成功提取 '臺灣地區蔬菜生產概況' 的網頁 Metadata。
2025-10-18 02:22:05,149 - SUCCESS - 成功提取 '臺灣地區農產品生產量值' 的網頁 Metadata。
2025-10-18 02:22:05,149 - SUCCESS - 成功提取 '臺灣地區農產品生產量值' 的網頁 Metadata。
2025-10-18 02:22:06,331 - SUCCESS - 成功提取 '農情調查' 的網頁 Metadata。
2025-10-18 02:22:06,331 - SUCCESS - 成功提取 '農情調查' 的網頁 Metadata。
2025-10-18 02:22:06,365 - SUCCESS - '農情調查' 的 Metadata 已更新到 metadata.json。
2025-10-18 02:22:06,365 - SUCCESS - '農情調查' 的 Metadata 已更新到 metadata.json。
2025-10-18 02:22:08,042 - SUCCESS - <農情調查>的資料已下載完成，共 9999 筆資料。
2025-10-18 02:22:08,042 - SUCCESS - <農情調查>的資料已下載完成，共 9999 筆資料。
2025-10-18 02:22:09,152 - SUCCESS - 已下載、去重並合併資料完成現有資料 45259 條，新資料 0 條。
2025-10-18 02:22:09,152 - SUCCESS - 已下載、去重並合併資料完成現有資料 45259 條，新資料 0 條。
2025-10-18 02:22:09,499 - SUCCESS - 插入或更新 '農情調查' 的 Metadata 成功。
2025-10-18 02:22:09,499 - SUCCESS - 插入或更新 '農情調查' 的 Metadata 成功。
2025-10-18 02:22:09,512 - SUCCESS - '農情調查' 的自動更新完成。
2025-10-18 02:22:09,512 - SUCCESS - '農情調查' 的自動更新完成。
2025-10-18 02:22:10,690 - SUCCESS - 成功提取 '農產品交易行情' 的網頁 Metadata。
2025-10-18 02:22:10,690 - SUCCESS - 成功提取 '農產品交易行情' 的網頁 Metadata。
2025-10-18 02:22:10,719 - SUCCESS - '農產品交易行情' 的 Metadata 已更新到 metadata.json。
2025-10-18 02:22:10,719 - SUCCESS - '農產品交易行情' 的 Metadata 已更新到 metadata.json。
2025-10-18 02:22:15,130 - SUCCESS - <農產品交易行情>的資料已下載完成，共 10257 筆資料。
2025-10-18 02:22:15,130 - SUCCESS - <農產品交易行情>的資料已下載完成，共 10257 筆資料。
2025-10-18 02:22:36,671 - SUCCESS - 已下載、去重並合併資料完成現有資料 352689 條，新資料 4384 條。
2025-10-18 02:22:36,671 - SUCCESS - 已下載、去重並合併資料完成現有資料 352689 條，新資料 4384 條。
2025-10-18 02:22:40,003 - SUCCESS - 已下載 '農產品交易行情' 的原始 JSON 資料路徑: 'C:\Python\data_moa_gov_tw\raw_data\農產品交易行情\農產品交易行情.json'
2025-10-18 02:22:40,003 - SUCCESS - 已下載 '農產品交易行情' 的原始 JSON 資料路徑: 'C:\Python\data_moa_gov_tw\raw_data\農產品交易行情\農產品交易行情.json'
2025-10-18 02:22:40,009 - SUCCESS - 插入或更新 '農產品交易行情' 的 Metadata 成功。
2025-10-18 02:22:40,009 - SUCCESS - 插入或更新 '農產品交易行情' 的 Metadata 成功。
2025-10-18 02:22:42,550 - SUCCESS - 已成功批量插入 '農產品交易行情' 的總計 4383 條記錄到表格 '1040012' 。
2025-10-18 02:22:42,550 - SUCCESS - 已成功批量插入 '農產品交易行情' 的總計 4383 條記錄到表格 '1040012' 。
2025-10-18 02:22:42,707 - SUCCESS - '農產品交易行情' 的自動更新完成。
2025-10-18 02:22:42,707 - SUCCESS - '農產品交易行情' 的自動更新完成。
2025-10-18 02:22:43,918 - SUCCESS - 成功提取 '農產品產地價格(月平均價格)' 的網頁 Metadata。
2025-10-18 02:22:43,918 - SUCCESS - 成功提取 '農產品產地價格(月平均價格)' 的網頁 Metadata。
2025-10-18 02:22:45,062 - SUCCESS - 成功提取 '農產品產地價格資料' 的網頁 Metadata。
2025-10-18 02:22:45,062 - SUCCESS - 成功提取 '農產品產地價格資料' 的網頁 Metadata。
2025-10-18 02:22:45,092 - SUCCESS - '農產品產地價格資料' 的 Metadata 已更新到 metadata.json。
2025-10-18 02:22:45,092 - SUCCESS - '農產品產地價格資料' 的 Metadata 已更新到 metadata.json。
2025-10-18 02:22:45,621 - SUCCESS - <農產品產地價格資料>的資料已下載完成，共 9999 筆資料。
2025-10-18 02:22:45,621 - SUCCESS - <農產品產地價格資料>的資料已下載完成，共 9999 筆資料。
2025-10-18 02:23:31,127 - SUCCESS - 已下載、去重並合併資料完成現有資料 343870 條，新資料 10 條。
2025-10-18 02:23:31,127 - SUCCESS - 已下載、去重並合併資料完成現有資料 343870 條，新資料 10 條。
2025-10-18 02:23:33,119 - SUCCESS - 已下載 '農產品產地價格資料' 的原始 JSON 資料路徑: 'C:\Python\data_moa_gov_tw\raw_data\農產品產地價格資料\農產品產地價格資料.json'
2025-10-18 02:23:33,119 - SUCCESS - 已下載 '農產品產地價格資料' 的原始 JSON 資料路徑: 'C:\Python\data_moa_gov_tw\raw_data\農產品產地價格資料\農產品產地價格資料.json'
2025-10-18 02:23:33,127 - SUCCESS - 插入或更新 '農產品產地價格資料' 的 Metadata 成功。
2025-10-18 02:23:33,127 - SUCCESS - 插入或更新 '農產品產地價格資料' 的 Metadata 成功。
2025-10-18 02:23:33,146 - SUCCESS - 已成功批量插入 '農產品產地價格資料' 的總計 10 條記錄到表格 '1040014' 。
2025-10-18 02:23:33,146 - SUCCESS - 已成功批量插入 '農產品產地價格資料' 的總計 10 條記錄到表格 '1040014' 。
2025-10-18 02:23:33,258 - SUCCESS - '農產品產地價格資料' 的自動更新完成。
2025-10-18 02:23:33,258 - SUCCESS - '農產品產地價格資料' 的自動更新完成。
2025-10-18 02:23:35,299 - SUCCESS - 成功提取 '雜糧生產概況' 的網頁 Metadata。
2025-10-18 02:23:35,299 - SUCCESS - 成功提取 '雜糧生產概況' 的網頁 Metadata。
2025-10-18 02:23:36,311 - SUCCESS - 已成功儲存次要資訊。
2025-10-18 02:23:36,311 - SUCCESS - 已成功儲存次要資訊。
2025-10-18 02:23:36,311 - SUCCESS - 更新結果儲存成功:{'全國單日平均糧價': '已更新', '各觀測站近兩年降雨量': '未更新', '產銷履歷與有機蔬果行情': '已更新', '糧價查詢': '已更新', '臺灣地區果品生產概況': '未更新', '臺灣地區特用作物生產概況': '未更新', '臺灣地區稻作種植、收穫面積及產量': '未更新', '臺灣地區稻米生產價值': '未更新', '臺灣地區蔬菜生產概況': '未更新', '臺灣地區農產品生產量值': '未更新', '農情調查': '已更新', '農產品交易行情': '已更新', '農產品產地價格(月平均價格)': '未更新', '農產品產地價格資料': '已更新', '雜糧生產概況': '未更新'}
2025-10-18 02:23:36,311 - SUCCESS - 更新結果儲存成功:{'全國單日平均糧價': '已更新', '各觀測站近兩年降雨量': '未更新', '產銷履歷與有機蔬果行情': '已更新', '糧價查詢': '已更新', '臺灣地區果品生產概況': '未更新', '臺灣地區特用作物生產概況': '未更新', '臺灣地區稻作種植、收穫面積及產量': '未更新', '臺灣地區稻米生產價值': '未更新', '臺灣地區蔬菜生產概況': '未更新', '臺灣地區農產品生產量值': '未更新', '農情調查': '已更新', '農產品交易行情': '已更新', '農產品產地價格(月平均價格)': '未更新', '農產品產地價格資料': '已更新', '雜糧生產概況': '未更新'}
2025-10-18 02:25:43,291 - SUCCESS - 成功提取 '全國單日平均糧價' 的網頁 Metadata。
2025-10-18 02:25:43,291 - SUCCESS - 成功提取 '全國單日平均糧價' 的網頁 Metadata。
2025-10-18 02:25:44,474 - SUCCESS - 成功提取 '各觀測站近兩年降雨量' 的網頁 Metadata。
2025-10-18 02:25:44,474 - SUCCESS - 成功提取 '各觀測站近兩年降雨量' 的網頁 Metadata。
2025-10-18 02:25:45,684 - SUCCESS - 成功提取 '產銷履歷與有機蔬果行情' 的網頁 Metadata。
2025-10-18 02:25:45,684 - SUCCESS - 成功提取 '產銷履歷與有機蔬果行情' 的網頁 Metadata。
2025-10-18 02:25:46,874 - SUCCESS - 成功提取 '糧價查詢' 的網頁 Metadata。
2025-10-18 02:25:46,874 - SUCCESS - 成功提取 '糧價查詢' 的網頁 Metadata。
