2026-01-06 22:38:04,414 - SUCCESS - 成功提取 '全國單日平均糧價' 的網頁 Metadata。
2026-01-06 22:38:04,414 - SUCCESS - 成功提取 '全國單日平均糧價' 的網頁 Metadata。
2026-01-06 22:38:04,467 - SUCCESS - '全國單日平均糧價' 的 Metadata 已更新到 metadata.json。
2026-01-06 22:38:04,467 - SUCCESS - '全國單日平均糧價' 的 Metadata 已更新到 metadata.json。
2026-01-06 22:38:07,638 - SUCCESS - <全國單日平均糧價>的資料已下載完成，共 9157 筆資料。
2026-01-06 22:38:07,638 - SUCCESS - <全國單日平均糧價>的資料已下載完成，共 9157 筆資料。
2026-01-06 22:38:08,328 - SUCCESS - 已下載、去重並合併資料完成現有資料 9157 條，新資料 1 條。
2026-01-06 22:38:08,328 - SUCCESS - 已下載、去重並合併資料完成現有資料 9157 條，新資料 1 條。
2026-01-06 22:38:08,364 - SUCCESS - 已下載 '全國單日平均糧價' 的原始 JSON 資料路徑: 'C:\Python\data_moa_gov_tw\raw_data\全國單日平均糧價\全國單日平均糧價.json'
2026-01-06 22:38:08,364 - SUCCESS - 已下載 '全國單日平均糧價' 的原始 JSON 資料路徑: 'C:\Python\data_moa_gov_tw\raw_data\全國單日平均糧價\全國單日平均糧價.json'
2026-01-06 22:38:08,395 - SUCCESS - 插入或更新 '全國單日平均糧價' 的 Metadata 成功。
2026-01-06 22:38:08,395 - SUCCESS - 插入或更新 '全國單日平均糧價' 的 Metadata 成功。
2026-01-06 22:38:08,405 - SUCCESS - 已成功批量插入 '全國單日平均糧價' 的總計 1 條記錄到表格 '1040001' 。
2026-01-06 22:38:08,405 - SUCCESS - 已成功批量插入 '全國單日平均糧價' 的總計 1 條記錄到表格 '1040001' 。
2026-01-06 22:38:08,410 - SUCCESS - '全國單日平均糧價' 的自動更新完成。
2026-01-06 22:38:08,410 - SUCCESS - '全國單日平均糧價' 的自動更新完成。
2026-01-06 22:38:09,919 - SUCCESS - 成功提取 '各觀測站近兩年降雨量' 的網頁 Metadata。
2026-01-06 22:38:09,919 - SUCCESS - 成功提取 '各觀測站近兩年降雨量' 的網頁 Metadata。
2026-01-06 22:38:11,517 - SUCCESS - 成功提取 '產銷履歷與有機蔬果行情' 的網頁 Metadata。
2026-01-06 22:38:11,517 - SUCCESS - 成功提取 '產銷履歷與有機蔬果行情' 的網頁 Metadata。
2026-01-06 22:38:11,578 - SUCCESS - '產銷履歷與有機蔬果行情' 的 Metadata 已更新到 metadata.json。
2026-01-06 22:38:11,578 - SUCCESS - '產銷履歷與有機蔬果行情' 的 Metadata 已更新到 metadata.json。
2026-01-06 22:38:14,246 - SUCCESS - <產銷履歷與有機蔬果行情>的資料已下載完成，共 2524 筆資料。
2026-01-06 22:38:14,246 - SUCCESS - <產銷履歷與有機蔬果行情>的資料已下載完成，共 2524 筆資料。
2026-01-06 22:38:40,937 - SUCCESS - 已下載、去重並合併資料完成現有資料 320035 條，新資料 2428 條。
2026-01-06 22:38:40,937 - SUCCESS - 已下載、去重並合併資料完成現有資料 320035 條，新資料 2428 條。
2026-01-06 22:38:42,816 - SUCCESS - 已下載 '產銷履歷與有機蔬果行情' 的原始 JSON 資料路徑: 'C:\Python\data_moa_gov_tw\raw_data\產銷履歷與有機蔬果行情\產銷履歷與有機蔬果行情.json'
2026-01-06 22:38:42,816 - SUCCESS - 已下載 '產銷履歷與有機蔬果行情' 的原始 JSON 資料路徑: 'C:\Python\data_moa_gov_tw\raw_data\產銷履歷與有機蔬果行情\產銷履歷與有機蔬果行情.json'
2026-01-06 22:38:42,822 - SUCCESS - 插入或更新 '產銷履歷與有機蔬果行情' 的 Metadata 成功。
2026-01-06 22:38:42,822 - SUCCESS - 插入或更新 '產銷履歷與有機蔬果行情' 的 Metadata 成功。
2026-01-06 22:38:44,170 - SUCCESS - 已成功批量插入 '產銷履歷與有機蔬果行情' 的總計 2428 條記錄到表格 '1040003' 。
2026-01-06 22:38:44,170 - SUCCESS - 已成功批量插入 '產銷履歷與有機蔬果行情' 的總計 2428 條記錄到表格 '1040003' 。
2026-01-06 22:38:44,314 - SUCCESS - '產銷履歷與有機蔬果行情' 的自動更新完成。
2026-01-06 22:38:44,314 - SUCCESS - '產銷履歷與有機蔬果行情' 的自動更新完成。
2026-01-06 22:38:45,916 - SUCCESS - 成功提取 '糧價查詢' 的網頁 Metadata。
2026-01-06 22:38:45,916 - SUCCESS - 成功提取 '糧價查詢' 的網頁 Metadata。
2026-01-06 22:38:45,963 - SUCCESS - '糧價查詢' 的 Metadata 已更新到 metadata.json。
2026-01-06 22:38:45,963 - SUCCESS - '糧價查詢' 的 Metadata 已更新到 metadata.json。
2026-01-06 22:38:48,268 - SUCCESS - <糧價查詢>的資料已下載完成，共 9999 筆資料。
2026-01-06 22:38:48,268 - SUCCESS - <糧價查詢>的資料已下載完成，共 9999 筆資料。
2026-01-06 22:38:49,119 - SUCCESS - 已下載、去重並合併資料完成現有資料 10835 條，新資料 20 條。
2026-01-06 22:38:49,119 - SUCCESS - 已下載、去重並合併資料完成現有資料 10835 條，新資料 20 條。
2026-01-06 22:38:49,961 - SUCCESS - 已下載 '糧價查詢' 的原始 JSON 資料路徑: 'C:\Python\data_moa_gov_tw\raw_data\糧價查詢\糧價查詢.json'
2026-01-06 22:38:49,961 - SUCCESS - 已下載 '糧價查詢' 的原始 JSON 資料路徑: 'C:\Python\data_moa_gov_tw\raw_data\糧價查詢\糧價查詢.json'
2026-01-06 22:38:49,971 - SUCCESS - 插入或更新 '糧價查詢' 的 Metadata 成功。
2026-01-06 22:38:49,971 - SUCCESS - 插入或更新 '糧價查詢' 的 Metadata 成功。
2026-01-06 22:38:49,999 - SUCCESS - 已成功批量插入 '糧價查詢' 的總計 20 條記錄到表格 '1040004' 。
2026-01-06 22:38:49,999 - SUCCESS - 已成功批量插入 '糧價查詢' 的總計 20 條記錄到表格 '1040004' 。
2026-01-06 22:38:50,003 - SUCCESS - '糧價查詢' 的自動更新完成。
2026-01-06 22:38:50,003 - SUCCESS - '糧價查詢' 的自動更新完成。
2026-01-06 22:38:53,223 - SUCCESS - 成功提取 '臺灣地區果品生產概況' 的網頁 Metadata。
2026-01-06 22:38:53,223 - SUCCESS - 成功提取 '臺灣地區果品生產概況' 的網頁 Metadata。
2026-01-06 22:38:55,729 - SUCCESS - 成功提取 '臺灣地區特用作物生產概況' 的網頁 Metadata。
2026-01-06 22:38:55,729 - SUCCESS - 成功提取 '臺灣地區特用作物生產概況' 的網頁 Metadata。
2026-01-06 22:38:57,684 - SUCCESS - 成功提取 '臺灣地區稻作種植、收穫面積及產量' 的網頁 Metadata。
2026-01-06 22:38:57,684 - SUCCESS - 成功提取 '臺灣地區稻作種植、收穫面積及產量' 的網頁 Metadata。
2026-01-06 22:38:59,157 - SUCCESS - 成功提取 '臺灣地區稻米生產價值' 的網頁 Metadata。
2026-01-06 22:38:59,157 - SUCCESS - 成功提取 '臺灣地區稻米生產價值' 的網頁 Metadata。
2026-01-06 22:39:01,860 - SUCCESS - 成功提取 '臺灣地區蔬菜生產概況' 的網頁 Metadata。
2026-01-06 22:39:01,860 - SUCCESS - 成功提取 '臺灣地區蔬菜生產概況' 的網頁 Metadata。
2026-01-06 22:39:03,407 - SUCCESS - 成功提取 '臺灣地區農產品生產量值' 的網頁 Metadata。
2026-01-06 22:39:03,407 - SUCCESS - 成功提取 '臺灣地區農產品生產量值' 的網頁 Metadata。
2026-01-06 22:39:04,737 - SUCCESS - 成功提取 '農情調查' 的網頁 Metadata。
2026-01-06 22:39:04,737 - SUCCESS - 成功提取 '農情調查' 的網頁 Metadata。
2026-01-06 22:39:04,784 - SUCCESS - '農情調查' 的 Metadata 已更新到 metadata.json。
2026-01-06 22:39:04,784 - SUCCESS - '農情調查' 的 Metadata 已更新到 metadata.json。
2026-01-06 22:39:10,271 - SUCCESS - <農情調查>的資料已下載完成，共 9999 筆資料。
2026-01-06 22:39:10,271 - SUCCESS - <農情調查>的資料已下載完成，共 9999 筆資料。
2026-01-06 22:39:11,488 - SUCCESS - 已下載、去重並合併資料完成現有資料 45259 條，新資料 0 條。
2026-01-06 22:39:11,488 - SUCCESS - 已下載、去重並合併資料完成現有資料 45259 條，新資料 0 條。
2026-01-06 22:39:11,823 - SUCCESS - 插入或更新 '農情調查' 的 Metadata 成功。
2026-01-06 22:39:11,823 - SUCCESS - 插入或更新 '農情調查' 的 Metadata 成功。
2026-01-06 22:39:11,839 - SUCCESS - '農情調查' 的自動更新完成。
2026-01-06 22:39:11,839 - SUCCESS - '農情調查' 的自動更新完成。
2026-01-06 22:39:13,530 - SUCCESS - 成功提取 '農產品交易行情' 的網頁 Metadata。
2026-01-06 22:39:13,530 - SUCCESS - 成功提取 '農產品交易行情' 的網頁 Metadata。
2026-01-06 22:39:13,580 - SUCCESS - '農產品交易行情' 的 Metadata 已更新到 metadata.json。
2026-01-06 22:39:13,580 - SUCCESS - '農產品交易行情' 的 Metadata 已更新到 metadata.json。
2026-01-06 22:39:30,944 - SUCCESS - <農產品交易行情>的資料已下載完成，共 9804 筆資料。
2026-01-06 22:39:30,944 - SUCCESS - <農產品交易行情>的資料已下載完成，共 9804 筆資料。
2026-01-06 22:40:02,982 - SUCCESS - 已下載、去重並合併資料完成現有資料 588699 條，新資料 3634 條。
2026-01-06 22:40:02,982 - SUCCESS - 已下載、去重並合併資料完成現有資料 588699 條，新資料 3634 條。
2026-01-06 22:40:06,054 - SUCCESS - 已下載 '農產品交易行情' 的原始 JSON 資料路徑: 'C:\Python\data_moa_gov_tw\raw_data\農產品交易行情\農產品交易行情.json'
2026-01-06 22:40:06,054 - SUCCESS - 已下載 '農產品交易行情' 的原始 JSON 資料路徑: 'C:\Python\data_moa_gov_tw\raw_data\農產品交易行情\農產品交易行情.json'
2026-01-06 22:40:06,059 - SUCCESS - 插入或更新 '農產品交易行情' 的 Metadata 成功。
2026-01-06 22:40:06,059 - SUCCESS - 插入或更新 '農產品交易行情' 的 Metadata 成功。
2026-01-06 22:40:07,622 - SUCCESS - 已成功批量插入 '農產品交易行情' 的總計 3634 條記錄到表格 '1040012' 。
2026-01-06 22:40:07,622 - SUCCESS - 已成功批量插入 '農產品交易行情' 的總計 3634 條記錄到表格 '1040012' 。
2026-01-06 22:40:07,860 - SUCCESS - '農產品交易行情' 的自動更新完成。
2026-01-06 22:40:07,860 - SUCCESS - '農產品交易行情' 的自動更新完成。
2026-01-06 22:40:12,555 - SUCCESS - 成功提取 '農產品產地價格(月平均價格)' 的網頁 Metadata。
2026-01-06 22:40:12,555 - SUCCESS - 成功提取 '農產品產地價格(月平均價格)' 的網頁 Metadata。
2026-01-06 22:40:14,289 - SUCCESS - 成功提取 '農產品產地價格資料' 的網頁 Metadata。
2026-01-06 22:40:14,289 - SUCCESS - 成功提取 '農產品產地價格資料' 的網頁 Metadata。
2026-01-06 22:40:14,329 - SUCCESS - '農產品產地價格資料' 的 Metadata 已更新到 metadata.json。
2026-01-06 22:40:14,329 - SUCCESS - '農產品產地價格資料' 的 Metadata 已更新到 metadata.json。
2026-01-06 22:40:15,603 - SUCCESS - <農產品產地價格資料>的資料已下載完成，共 9999 筆資料。
2026-01-06 22:40:15,603 - SUCCESS - <農產品產地價格資料>的資料已下載完成，共 9999 筆資料。
2026-01-06 22:41:01,801 - SUCCESS - 已下載、去重並合併資料完成現有資料 348230 條，新資料 31 條。
2026-01-06 22:41:01,801 - SUCCESS - 已下載、去重並合併資料完成現有資料 348230 條，新資料 31 條。
2026-01-06 22:41:03,740 - SUCCESS - 已下載 '農產品產地價格資料' 的原始 JSON 資料路徑: 'C:\Python\data_moa_gov_tw\raw_data\農產品產地價格資料\農產品產地價格資料.json'
2026-01-06 22:41:03,740 - SUCCESS - 已下載 '農產品產地價格資料' 的原始 JSON 資料路徑: 'C:\Python\data_moa_gov_tw\raw_data\農產品產地價格資料\農產品產地價格資料.json'
2026-01-06 22:41:03,746 - SUCCESS - 插入或更新 '農產品產地價格資料' 的 Metadata 成功。
2026-01-06 22:41:03,746 - SUCCESS - 插入或更新 '農產品產地價格資料' 的 Metadata 成功。
2026-01-06 22:41:03,769 - SUCCESS - 已成功批量插入 '農產品產地價格資料' 的總計 31 條記錄到表格 '1040014' 。
2026-01-06 22:41:03,769 - SUCCESS - 已成功批量插入 '農產品產地價格資料' 的總計 31 條記錄到表格 '1040014' 。
2026-01-06 22:41:03,851 - SUCCESS - '農產品產地價格資料' 的自動更新完成。
2026-01-06 22:41:03,851 - SUCCESS - '農產品產地價格資料' 的自動更新完成。
2026-01-06 22:41:05,317 - SUCCESS - 成功提取 '雜糧生產概況' 的網頁 Metadata。
2026-01-06 22:41:05,317 - SUCCESS - 成功提取 '雜糧生產概況' 的網頁 Metadata。
2026-01-06 22:41:06,321 - SUCCESS - 已成功儲存次要資訊。
2026-01-06 22:41:06,321 - SUCCESS - 已成功儲存次要資訊。
2026-01-06 22:41:06,321 - SUCCESS - 更新結果儲存成功:{'全國單日平均糧價': '已更新', '各觀測站近兩年降雨量': '未更新', '產銷履歷與有機蔬果行情': '已更新', '糧價查詢': '已更新', '臺灣地區果品生產概況': '未更新', '臺灣地區特用作物生產概況': '未更新', '臺灣地區稻作種植、收穫面積及產量': '未更新', '臺灣地區稻米生產價值': '未更新', '臺灣地區蔬菜生產概況': '未更新', '臺灣地區農產品生產量值': '未更新', '農情調查': '已更新', '農產品交易行情': '已更新', '農產品產地價格(月平均價格)': '未更新', '農產品產地價格資料': '已更新', '雜糧生產概況': '未更新'}
2026-01-06 22:41:06,321 - SUCCESS - 更新結果儲存成功:{'全國單日平均糧價': '已更新', '各觀測站近兩年降雨量': '未更新', '產銷履歷與有機蔬果行情': '已更新', '糧價查詢': '已更新', '臺灣地區果品生產概況': '未更新', '臺灣地區特用作物生產概況': '未更新', '臺灣地區稻作種植、收穫面積及產量': '未更新', '臺灣地區稻米生產價值': '未更新', '臺灣地區蔬菜生產概況': '未更新', '臺灣地區農產品生產量值': '未更新', '農情調查': '已更新', '農產品交易行情': '已更新', '農產品產地價格(月平均價格)': '未更新', '農產品產地價格資料': '已更新', '雜糧生產概況': '未更新'}
