2026-03-03 01:26:40,394 - download_data - LOGS - <產銷履歷與有機蔬果行情>的資料已下載完成，共 4008 筆資料。
2026-03-03 01:26:44,635 - _handle_data_download - LOGS - 已成功批量插入 '產銷履歷與有機蔬果行情' 的總計 1759 條記錄到表格 '1040003' 。
2026-03-03 01:27:20,212 - download_data - LOGS - <農產品交易行情>的資料已下載完成，共 9897 筆資料。
2026-03-03 01:27:27,920 - _handle_data_download - LOGS - 已成功批量插入 '農產品交易行情' 的總計 3204 條記錄到表格 '1040012' 。
2026-03-03 01:27:34,657 - download_data - LOGS - <農產品產地價格資料>的資料已下載完成，共 9999 筆資料。
2026-03-03 01:27:37,356 - _handle_data_download - LOGS - 已成功批量插入 '農產品產地價格資料' 的總計 22 條記錄到表格 '1040014' 。
2026-03-03 01:27:41,940 - download_data - LOGS - <農情調查>的資料已下載完成，共 9999 筆資料。
2026-03-03 01:27:49,888 - download_data - LOGS - <全國單日平均糧價>的資料已下載完成，共 9212 筆資料。
2026-03-03 01:27:50,194 - _handle_data_download - LOGS - 已成功批量插入 '全國單日平均糧價' 的總計 2 條記錄到表格 '1040001' 。
2026-03-03 01:27:56,149 - download_data - LOGS - <糧價查詢>的資料已下載完成，共 9999 筆資料。
2026-03-03 01:27:57,248 - _handle_data_download - LOGS - 已成功批量插入 '糧價查詢' 的總計 40 條記錄到表格 '1040004' 。
2026-03-03 23:23:23,571 - download_data - LOGS - <農情調查>的資料已下載完成，共 9999 筆資料。
2026-03-03 23:23:29,393 - download_data - LOGS - <全國單日平均糧價>的資料已下載完成，共 9213 筆資料。
2026-03-03 23:23:29,772 - _handle_data_download - LOGS - 已成功批量插入 '全國單日平均糧價' 的總計 1 條記錄到表格 '1040001' 。
2026-03-03 23:23:34,607 - download_data - LOGS - <糧價查詢>的資料已下載完成，共 9999 筆資料。
2026-03-03 23:23:35,875 - _handle_data_download - LOGS - 已成功批量插入 '糧價查詢' 的總計 20 條記錄到表格 '1040004' 。
2026-03-03 23:23:41,854 - download_data - LOGS - <產銷履歷與有機蔬果行情>的資料已下載完成，共 4030 筆資料。
2026-03-03 23:23:46,115 - _handle_data_download - LOGS - 已成功批量插入 '產銷履歷與有機蔬果行情' 的總計 2271 條記錄到表格 '1040003' 。
2026-03-03 23:24:26,084 - download_data - LOGS - <農產品交易行情>的資料已下載完成，共 12533 筆資料。
2026-03-03 23:24:33,766 - _handle_data_download - LOGS - 已成功批量插入 '農產品交易行情' 的總計 2636 條記錄到表格 '1040012' 。
