2026-01-28 23:28:13,792 - SUCCESS - 成功提取 '全國單日平均糧價' 的網頁 Metadata。
2026-01-28 23:28:13,792 - SUCCESS - 成功提取 '全國單日平均糧價' 的網頁 Metadata。
2026-01-28 23:28:13,845 - SUCCESS - '全國單日平均糧價' 的 Metadata 已更新到 metadata.json。
2026-01-28 23:28:13,845 - SUCCESS - '全國單日平均糧價' 的 Metadata 已更新到 metadata.json。
2026-01-28 23:28:15,441 - SUCCESS - <全國單日平均糧價>的資料已下載完成，共 9179 筆資料。
2026-01-28 23:28:15,441 - SUCCESS - <全國單日平均糧價>的資料已下載完成，共 9179 筆資料。
2026-01-28 23:28:15,679 - SUCCESS - 已下載、去重並合併資料完成現有資料 59 條，新資料 1 條。
2026-01-28 23:28:15,679 - SUCCESS - 已下載、去重並合併資料完成現有資料 59 條，新資料 1 條。
2026-01-28 23:28:15,828 - SUCCESS - 已下載 '全國單日平均糧價' 的原始 JSON 資料路徑: 'C:\Python\data_moa_gov_tw\raw_data\全國單日平均糧價\全國單日平均糧價.json'
2026-01-28 23:28:15,828 - SUCCESS - 已下載 '全國單日平均糧價' 的原始 JSON 資料路徑: 'C:\Python\data_moa_gov_tw\raw_data\全國單日平均糧價\全國單日平均糧價.json'
2026-01-28 23:28:15,849 - SUCCESS - 插入或更新 '全國單日平均糧價' 的 Metadata 成功。
2026-01-28 23:28:15,849 - SUCCESS - 插入或更新 '全國單日平均糧價' 的 Metadata 成功。
2026-01-28 23:28:15,859 - SUCCESS - 已成功批量插入 '全國單日平均糧價' 的總計 1 條記錄到表格 '1040001' 。
2026-01-28 23:28:15,859 - SUCCESS - 已成功批量插入 '全國單日平均糧價' 的總計 1 條記錄到表格 '1040001' 。
2026-01-28 23:28:15,860 - SUCCESS - '全國單日平均糧價' 的自動更新完成。
2026-01-28 23:28:15,860 - SUCCESS - '全國單日平均糧價' 的自動更新完成。
2026-01-28 23:28:17,552 - SUCCESS - 成功提取 '各觀測站近兩年降雨量' 的網頁 Metadata。
2026-01-28 23:28:17,552 - SUCCESS - 成功提取 '各觀測站近兩年降雨量' 的網頁 Metadata。
2026-01-28 23:28:19,249 - SUCCESS - 成功提取 '產銷履歷與有機蔬果行情' 的網頁 Metadata。
2026-01-28 23:28:19,249 - SUCCESS - 成功提取 '產銷履歷與有機蔬果行情' 的網頁 Metadata。
2026-01-28 23:28:19,294 - SUCCESS - '產銷履歷與有機蔬果行情' 的 Metadata 已更新到 metadata.json。
2026-01-28 23:28:19,294 - SUCCESS - '產銷履歷與有機蔬果行情' 的 Metadata 已更新到 metadata.json。
2026-01-28 23:28:26,921 - SUCCESS - <產銷履歷與有機蔬果行情>的資料已下載完成，共 4754 筆資料。
2026-01-28 23:28:26,921 - SUCCESS - <產銷履歷與有機蔬果行情>的資料已下載完成，共 4754 筆資料。
2026-01-28 23:28:35,934 - SUCCESS - 已下載、去重並合併資料完成現有資料 110816 條，新資料 2324 條。
2026-01-28 23:28:35,934 - SUCCESS - 已下載、去重並合併資料完成現有資料 110816 條，新資料 2324 條。
2026-01-28 23:28:38,639 - SUCCESS - 已下載 '產銷履歷與有機蔬果行情' 的原始 JSON 資料路徑: 'C:\Python\data_moa_gov_tw\raw_data\產銷履歷與有機蔬果行情\產銷履歷與有機蔬果行情.json'
2026-01-28 23:28:38,639 - SUCCESS - 已下載 '產銷履歷與有機蔬果行情' 的原始 JSON 資料路徑: 'C:\Python\data_moa_gov_tw\raw_data\產銷履歷與有機蔬果行情\產銷履歷與有機蔬果行情.json'
2026-01-28 23:28:38,647 - SUCCESS - 插入或更新 '產銷履歷與有機蔬果行情' 的 Metadata 成功。
2026-01-28 23:28:38,647 - SUCCESS - 插入或更新 '產銷履歷與有機蔬果行情' 的 Metadata 成功。
2026-01-28 23:28:39,554 - SUCCESS - 已成功批量插入 '產銷履歷與有機蔬果行情' 的總計 2324 條記錄到表格 '1040003' 。
2026-01-28 23:28:39,554 - SUCCESS - 已成功批量插入 '產銷履歷與有機蔬果行情' 的總計 2324 條記錄到表格 '1040003' 。
2026-01-28 23:28:39,589 - SUCCESS - '產銷履歷與有機蔬果行情' 的自動更新完成。
2026-01-28 23:28:39,589 - SUCCESS - '產銷履歷與有機蔬果行情' 的自動更新完成。
2026-01-28 23:28:41,616 - SUCCESS - 成功提取 '糧價查詢' 的網頁 Metadata。
2026-01-28 23:28:41,616 - SUCCESS - 成功提取 '糧價查詢' 的網頁 Metadata。
2026-01-28 23:28:41,657 - SUCCESS - '糧價查詢' 的 Metadata 已更新到 metadata.json。
2026-01-28 23:28:41,657 - SUCCESS - '糧價查詢' 的 Metadata 已更新到 metadata.json。
2026-01-28 23:28:52,432 - SUCCESS - <糧價查詢>的資料已下載完成，共 9999 筆資料。
2026-01-28 23:28:52,432 - SUCCESS - <糧價查詢>的資料已下載完成，共 9999 筆資料。
2026-01-28 23:28:52,609 - SUCCESS - 已下載、去重並合併資料完成現有資料 1538 條，新資料 20 條。
2026-01-28 23:28:52,609 - SUCCESS - 已下載、去重並合併資料完成現有資料 1538 條，新資料 20 條。
2026-01-28 23:28:53,440 - SUCCESS - 已下載 '糧價查詢' 的原始 JSON 資料路徑: 'C:\Python\data_moa_gov_tw\raw_data\糧價查詢\糧價查詢.json'
2026-01-28 23:28:53,440 - SUCCESS - 已下載 '糧價查詢' 的原始 JSON 資料路徑: 'C:\Python\data_moa_gov_tw\raw_data\糧價查詢\糧價查詢.json'
2026-01-28 23:28:53,448 - SUCCESS - 插入或更新 '糧價查詢' 的 Metadata 成功。
2026-01-28 23:28:53,448 - SUCCESS - 插入或更新 '糧價查詢' 的 Metadata 成功。
2026-01-28 23:28:53,456 - SUCCESS - 已成功批量插入 '糧價查詢' 的總計 20 條記錄到表格 '1040004' 。
2026-01-28 23:28:53,456 - SUCCESS - 已成功批量插入 '糧價查詢' 的總計 20 條記錄到表格 '1040004' 。
2026-01-28 23:28:53,466 - SUCCESS - '糧價查詢' 的自動更新完成。
2026-01-28 23:28:53,466 - SUCCESS - '糧價查詢' 的自動更新完成。
2026-01-28 23:28:55,806 - SUCCESS - 成功提取 '臺灣地區果品生產概況' 的網頁 Metadata。
2026-01-28 23:28:55,806 - SUCCESS - 成功提取 '臺灣地區果品生產概況' 的網頁 Metadata。
2026-01-28 23:28:58,107 - SUCCESS - 成功提取 '臺灣地區特用作物生產概況' 的網頁 Metadata。
2026-01-28 23:28:58,107 - SUCCESS - 成功提取 '臺灣地區特用作物生產概況' 的網頁 Metadata。
2026-01-28 23:28:59,655 - SUCCESS - 成功提取 '臺灣地區稻作種植、收穫面積及產量' 的網頁 Metadata。
2026-01-28 23:28:59,655 - SUCCESS - 成功提取 '臺灣地區稻作種植、收穫面積及產量' 的網頁 Metadata。
2026-01-28 23:29:01,174 - SUCCESS - 成功提取 '臺灣地區稻米生產價值' 的網頁 Metadata。
2026-01-28 23:29:01,174 - SUCCESS - 成功提取 '臺灣地區稻米生產價值' 的網頁 Metadata。
2026-01-28 23:29:03,039 - SUCCESS - 成功提取 '臺灣地區蔬菜生產概況' 的網頁 Metadata。
2026-01-28 23:29:03,039 - SUCCESS - 成功提取 '臺灣地區蔬菜生產概況' 的網頁 Metadata。
2026-01-28 23:29:04,846 - SUCCESS - 成功提取 '臺灣地區農產品生產量值' 的網頁 Metadata。
2026-01-28 23:29:04,846 - SUCCESS - 成功提取 '臺灣地區農產品生產量值' 的網頁 Metadata。
2026-01-28 23:29:06,271 - SUCCESS - 成功提取 '農情調查' 的網頁 Metadata。
2026-01-28 23:29:06,271 - SUCCESS - 成功提取 '農情調查' 的網頁 Metadata。
2026-01-28 23:29:06,316 - SUCCESS - '農情調查' 的 Metadata 已更新到 metadata.json。
2026-01-28 23:29:06,316 - SUCCESS - '農情調查' 的 Metadata 已更新到 metadata.json。
2026-01-28 23:29:10,567 - SUCCESS - <農情調查>的資料已下載完成，共 9999 筆資料。
2026-01-28 23:29:10,567 - SUCCESS - <農情調查>的資料已下載完成，共 9999 筆資料。
2026-01-28 23:29:10,589 - SUCCESS - 已下載、去重並合併資料完成現有資料 0 條，新資料 0 條。
2026-01-28 23:29:10,589 - SUCCESS - 已下載、去重並合併資料完成現有資料 0 條，新資料 0 條。
2026-01-28 23:29:12,432 - SUCCESS - 成功提取 '農產品交易行情' 的網頁 Metadata。
2026-01-28 23:29:12,432 - SUCCESS - 成功提取 '農產品交易行情' 的網頁 Metadata。
2026-01-28 23:29:12,473 - SUCCESS - '農產品交易行情' 的 Metadata 已更新到 metadata.json。
2026-01-28 23:29:12,473 - SUCCESS - '農產品交易行情' 的 Metadata 已更新到 metadata.json。
2026-01-28 23:29:31,582 - SUCCESS - <農產品交易行情>的資料已下載完成，共 11316 筆資料。
2026-01-28 23:29:31,582 - SUCCESS - <農產品交易行情>的資料已下載完成，共 11316 筆資料。
2026-01-28 23:29:41,774 - SUCCESS - 已下載、去重並合併資料完成現有資料 172737 條，新資料 3672 條。
2026-01-28 23:29:41,774 - SUCCESS - 已下載、去重並合併資料完成現有資料 172737 條，新資料 3672 條。
2026-01-28 23:29:46,148 - SUCCESS - 已下載 '農產品交易行情' 的原始 JSON 資料路徑: 'C:\Python\data_moa_gov_tw\raw_data\農產品交易行情\農產品交易行情.json'
2026-01-28 23:29:46,148 - SUCCESS - 已下載 '農產品交易行情' 的原始 JSON 資料路徑: 'C:\Python\data_moa_gov_tw\raw_data\農產品交易行情\農產品交易行情.json'
2026-01-28 23:29:46,156 - SUCCESS - 插入或更新 '農產品交易行情' 的 Metadata 成功。
2026-01-28 23:29:46,156 - SUCCESS - 插入或更新 '農產品交易行情' 的 Metadata 成功。
2026-01-28 23:29:47,685 - SUCCESS - 已成功批量插入 '農產品交易行情' 的總計 3672 條記錄到表格 '1040012' 。
2026-01-28 23:29:47,685 - SUCCESS - 已成功批量插入 '農產品交易行情' 的總計 3672 條記錄到表格 '1040012' 。
2026-01-28 23:29:47,751 - SUCCESS - '農產品交易行情' 的自動更新完成。
2026-01-28 23:29:47,751 - SUCCESS - '農產品交易行情' 的自動更新完成。
2026-01-28 23:29:49,534 - SUCCESS - 成功提取 '農產品產地價格(月平均價格)' 的網頁 Metadata。
2026-01-28 23:29:49,534 - SUCCESS - 成功提取 '農產品產地價格(月平均價格)' 的網頁 Metadata。
2026-01-28 23:29:51,012 - SUCCESS - 成功提取 '農產品產地價格資料' 的網頁 Metadata。
2026-01-28 23:29:51,012 - SUCCESS - 成功提取 '農產品產地價格資料' 的網頁 Metadata。
2026-01-28 23:29:51,063 - SUCCESS - '農產品產地價格資料' 的 Metadata 已更新到 metadata.json。
2026-01-28 23:29:51,063 - SUCCESS - '農產品產地價格資料' 的 Metadata 已更新到 metadata.json。
2026-01-28 23:29:51,711 - SUCCESS - <農產品產地價格資料>的資料已下載完成，共 9999 筆資料。
2026-01-28 23:29:51,711 - SUCCESS - <農產品產地價格資料>的資料已下載完成，共 9999 筆資料。
2026-01-28 23:29:51,783 - SUCCESS - 已下載、去重並合併資料完成現有資料 278 條，新資料 11 條。
2026-01-28 23:29:51,783 - SUCCESS - 已下載、去重並合併資料完成現有資料 278 條，新資料 11 條。
2026-01-28 23:29:53,022 - SUCCESS - 已下載 '農產品產地價格資料' 的原始 JSON 資料路徑: 'C:\Python\data_moa_gov_tw\raw_data\農產品產地價格資料\農產品產地價格資料.json'
2026-01-28 23:29:53,022 - SUCCESS - 已下載 '農產品產地價格資料' 的原始 JSON 資料路徑: 'C:\Python\data_moa_gov_tw\raw_data\農產品產地價格資料\農產品產地價格資料.json'
2026-01-28 23:29:53,029 - SUCCESS - 插入或更新 '農產品產地價格資料' 的 Metadata 成功。
2026-01-28 23:29:53,029 - SUCCESS - 插入或更新 '農產品產地價格資料' 的 Metadata 成功。
2026-01-28 23:29:53,042 - SUCCESS - 已成功批量插入 '農產品產地價格資料' 的總計 11 條記錄到表格 '1040014' 。
2026-01-28 23:29:53,042 - SUCCESS - 已成功批量插入 '農產品產地價格資料' 的總計 11 條記錄到表格 '1040014' 。
2026-01-28 23:29:53,042 - SUCCESS - '農產品產地價格資料' 的自動更新完成。
2026-01-28 23:29:53,042 - SUCCESS - '農產品產地價格資料' 的自動更新完成。
2026-01-28 23:29:54,494 - SUCCESS - 成功提取 '雜糧生產概況' 的網頁 Metadata。
2026-01-28 23:29:54,494 - SUCCESS - 成功提取 '雜糧生產概況' 的網頁 Metadata。
2026-01-28 23:29:55,504 - SUCCESS - 已成功儲存次要資訊。
2026-01-28 23:29:55,504 - SUCCESS - 已成功儲存次要資訊。
2026-01-28 23:29:55,504 - SUCCESS - 更新結果儲存成功:{'全國單日平均糧價': '已更新', '各觀測站近兩年降雨量': '未更新', '產銷履歷與有機蔬果行情': '已更新', '糧價查詢': '已更新', '臺灣地區果品生產概況': '未更新', '臺灣地區特用作物生產概況': '未更新', '臺灣地區稻作種植、收穫面積及產量': '未更新', '臺灣地區稻米生產價值': '未更新', '臺灣地區蔬菜生產概況': '未更新', '臺灣地區農產品生產量值': '未更新', '農情調查': '未更新', '農產品交易行情': '已更新', '農產品產地價格(月平均價格)': '未更新', '農產品產地價格資料': '已更新', '雜糧生產概況': '未更新'}
2026-01-28 23:29:55,504 - SUCCESS - 更新結果儲存成功:{'全國單日平均糧價': '已更新', '各觀測站近兩年降雨量': '未更新', '產銷履歷與有機蔬果行情': '已更新', '糧價查詢': '已更新', '臺灣地區果品生產概況': '未更新', '臺灣地區特用作物生產概況': '未更新', '臺灣地區稻作種植、收穫面積及產量': '未更新', '臺灣地區稻米生產價值': '未更新', '臺灣地區蔬菜生產概況': '未更新', '臺灣地區農產品生產量值': '未更新', '農情調查': '未更新', '農產品交易行情': '已更新', '農產品產地價格(月平均價格)': '未更新', '農產品產地價格資料': '已更新', '雜糧生產概況': '未更新'}
