2025-12-09 00:31:46,467 - SUCCESS - 成功提取 '全國單日平均糧價' 的網頁 Metadata。
2025-12-09 00:31:46,467 - SUCCESS - 成功提取 '全國單日平均糧價' 的網頁 Metadata。
2025-12-09 00:31:46,543 - SUCCESS - '全國單日平均糧價' 的 Metadata 已更新到 metadata.json。
2025-12-09 00:31:46,543 - SUCCESS - '全國單日平均糧價' 的 Metadata 已更新到 metadata.json。
2025-12-09 00:31:48,779 - SUCCESS - <全國單日平均糧價>的資料已下載完成，共 9128 筆資料。
2025-12-09 00:31:48,779 - SUCCESS - <全國單日平均糧價>的資料已下載完成，共 9128 筆資料。
2025-12-09 00:31:50,012 - SUCCESS - 已下載、去重並合併資料完成現有資料 9128 條，新資料 2 條。
2025-12-09 00:31:50,012 - SUCCESS - 已下載、去重並合併資料完成現有資料 9128 條，新資料 2 條。
2025-12-09 00:31:50,072 - SUCCESS - 已下載 '全國單日平均糧價' 的原始 JSON 資料路徑: 'C:\Python\data_moa_gov_tw\raw_data\全國單日平均糧價\全國單日平均糧價.json'
2025-12-09 00:31:50,072 - SUCCESS - 已下載 '全國單日平均糧價' 的原始 JSON 資料路徑: 'C:\Python\data_moa_gov_tw\raw_data\全國單日平均糧價\全國單日平均糧價.json'
2025-12-09 00:31:50,104 - SUCCESS - 插入或更新 '全國單日平均糧價' 的 Metadata 成功。
2025-12-09 00:31:50,104 - SUCCESS - 插入或更新 '全國單日平均糧價' 的 Metadata 成功。
2025-12-09 00:31:50,118 - SUCCESS - 已成功批量插入 '全國單日平均糧價' 的總計 2 條記錄到表格 '1040001' 。
2025-12-09 00:31:50,118 - SUCCESS - 已成功批量插入 '全國單日平均糧價' 的總計 2 條記錄到表格 '1040001' 。
2025-12-09 00:31:50,124 - SUCCESS - '全國單日平均糧價' 的自動更新完成。
2025-12-09 00:31:50,124 - SUCCESS - '全國單日平均糧價' 的自動更新完成。
2025-12-09 00:31:51,412 - SUCCESS - 成功提取 '各觀測站近兩年降雨量' 的網頁 Metadata。
2025-12-09 00:31:51,412 - SUCCESS - 成功提取 '各觀測站近兩年降雨量' 的網頁 Metadata。
2025-12-09 00:31:52,754 - SUCCESS - 成功提取 '產銷履歷與有機蔬果行情' 的網頁 Metadata。
2025-12-09 00:31:52,754 - SUCCESS - 成功提取 '產銷履歷與有機蔬果行情' 的網頁 Metadata。
2025-12-09 00:31:52,824 - SUCCESS - '產銷履歷與有機蔬果行情' 的 Metadata 已更新到 metadata.json。
2025-12-09 00:31:52,824 - SUCCESS - '產銷履歷與有機蔬果行情' 的 Metadata 已更新到 metadata.json。
2025-12-09 00:32:04,460 - SUCCESS - <產銷履歷與有機蔬果行情>的資料已下載完成，共 2225 筆資料。
2025-12-09 00:32:04,460 - SUCCESS - <產銷履歷與有機蔬果行情>的資料已下載完成，共 2225 筆資料。
2025-12-09 00:32:22,984 - SUCCESS - 已下載、去重並合併資料完成現有資料 263591 條，新資料 82 條。
2025-12-09 00:32:22,984 - SUCCESS - 已下載、去重並合併資料完成現有資料 263591 條，新資料 82 條。
2025-12-09 00:32:24,269 - SUCCESS - 已下載 '產銷履歷與有機蔬果行情' 的原始 JSON 資料路徑: 'C:\Python\data_moa_gov_tw\raw_data\產銷履歷與有機蔬果行情\產銷履歷與有機蔬果行情.json'
2025-12-09 00:32:24,269 - SUCCESS - 已下載 '產銷履歷與有機蔬果行情' 的原始 JSON 資料路徑: 'C:\Python\data_moa_gov_tw\raw_data\產銷履歷與有機蔬果行情\產銷履歷與有機蔬果行情.json'
2025-12-09 00:32:24,274 - SUCCESS - 插入或更新 '產銷履歷與有機蔬果行情' 的 Metadata 成功。
2025-12-09 00:32:24,274 - SUCCESS - 插入或更新 '產銷履歷與有機蔬果行情' 的 Metadata 成功。
2025-12-09 00:32:24,315 - SUCCESS - 已成功批量插入 '產銷履歷與有機蔬果行情' 的總計 82 條記錄到表格 '1040003' 。
2025-12-09 00:32:24,315 - SUCCESS - 已成功批量插入 '產銷履歷與有機蔬果行情' 的總計 82 條記錄到表格 '1040003' 。
2025-12-09 00:32:24,392 - SUCCESS - '產銷履歷與有機蔬果行情' 的自動更新完成。
2025-12-09 00:32:24,392 - SUCCESS - '產銷履歷與有機蔬果行情' 的自動更新完成。
2025-12-09 00:32:27,004 - SUCCESS - 成功提取 '糧價查詢' 的網頁 Metadata。
2025-12-09 00:32:27,004 - SUCCESS - 成功提取 '糧價查詢' 的網頁 Metadata。
2025-12-09 00:32:27,026 - SUCCESS - '糧價查詢' 的 Metadata 已更新到 metadata.json。
2025-12-09 00:32:27,026 - SUCCESS - '糧價查詢' 的 Metadata 已更新到 metadata.json。
2025-12-09 00:32:28,369 - SUCCESS - <糧價查詢>的資料已下載完成，共 9999 筆資料。
2025-12-09 00:32:28,369 - SUCCESS - <糧價查詢>的資料已下載完成，共 9999 筆資料。
2025-12-09 00:32:29,087 - SUCCESS - 已下載、去重並合併資料完成現有資料 10039 條，新資料 40 條。
2025-12-09 00:32:29,087 - SUCCESS - 已下載、去重並合併資料完成現有資料 10039 條，新資料 40 條。
2025-12-09 00:32:29,812 - SUCCESS - 已下載 '糧價查詢' 的原始 JSON 資料路徑: 'C:\Python\data_moa_gov_tw\raw_data\糧價查詢\糧價查詢.json'
2025-12-09 00:32:29,812 - SUCCESS - 已下載 '糧價查詢' 的原始 JSON 資料路徑: 'C:\Python\data_moa_gov_tw\raw_data\糧價查詢\糧價查詢.json'
2025-12-09 00:32:29,812 - SUCCESS - 插入或更新 '糧價查詢' 的 Metadata 成功。
2025-12-09 00:32:29,812 - SUCCESS - 插入或更新 '糧價查詢' 的 Metadata 成功。
2025-12-09 00:32:29,849 - SUCCESS - 已成功批量插入 '糧價查詢' 的總計 40 條記錄到表格 '1040004' 。
2025-12-09 00:32:29,849 - SUCCESS - 已成功批量插入 '糧價查詢' 的總計 40 條記錄到表格 '1040004' 。
2025-12-09 00:32:29,850 - SUCCESS - '糧價查詢' 的自動更新完成。
2025-12-09 00:32:29,850 - SUCCESS - '糧價查詢' 的自動更新完成。
2025-12-09 00:32:32,188 - SUCCESS - 成功提取 '臺灣地區果品生產概況' 的網頁 Metadata。
2025-12-09 00:32:32,188 - SUCCESS - 成功提取 '臺灣地區果品生產概況' 的網頁 Metadata。
2025-12-09 00:32:34,530 - SUCCESS - 成功提取 '臺灣地區特用作物生產概況' 的網頁 Metadata。
2025-12-09 00:32:34,530 - SUCCESS - 成功提取 '臺灣地區特用作物生產概況' 的網頁 Metadata。
2025-12-09 00:32:35,987 - SUCCESS - 成功提取 '臺灣地區稻作種植、收穫面積及產量' 的網頁 Metadata。
2025-12-09 00:32:35,987 - SUCCESS - 成功提取 '臺灣地區稻作種植、收穫面積及產量' 的網頁 Metadata。
2025-12-09 00:32:37,378 - SUCCESS - 成功提取 '臺灣地區稻米生產價值' 的網頁 Metadata。
2025-12-09 00:32:37,378 - SUCCESS - 成功提取 '臺灣地區稻米生產價值' 的網頁 Metadata。
2025-12-09 00:32:39,848 - SUCCESS - 成功提取 '臺灣地區蔬菜生產概況' 的網頁 Metadata。
2025-12-09 00:32:39,848 - SUCCESS - 成功提取 '臺灣地區蔬菜生產概況' 的網頁 Metadata。
2025-12-09 00:32:41,162 - SUCCESS - 成功提取 '臺灣地區農產品生產量值' 的網頁 Metadata。
2025-12-09 00:32:41,162 - SUCCESS - 成功提取 '臺灣地區農產品生產量值' 的網頁 Metadata。
2025-12-09 00:32:42,452 - SUCCESS - 成功提取 '農情調查' 的網頁 Metadata。
2025-12-09 00:32:42,452 - SUCCESS - 成功提取 '農情調查' 的網頁 Metadata。
2025-12-09 00:32:42,490 - SUCCESS - '農情調查' 的 Metadata 已更新到 metadata.json。
2025-12-09 00:32:42,490 - SUCCESS - '農情調查' 的 Metadata 已更新到 metadata.json。
2025-12-09 00:32:44,361 - SUCCESS - <農情調查>的資料已下載完成，共 9999 筆資料。
2025-12-09 00:32:44,361 - SUCCESS - <農情調查>的資料已下載完成，共 9999 筆資料。
2025-12-09 00:32:45,373 - SUCCESS - 已下載、去重並合併資料完成現有資料 45259 條，新資料 0 條。
2025-12-09 00:32:45,373 - SUCCESS - 已下載、去重並合併資料完成現有資料 45259 條，新資料 0 條。
2025-12-09 00:32:45,668 - SUCCESS - 插入或更新 '農情調查' 的 Metadata 成功。
2025-12-09 00:32:45,668 - SUCCESS - 插入或更新 '農情調查' 的 Metadata 成功。
2025-12-09 00:32:45,683 - SUCCESS - '農情調查' 的自動更新完成。
2025-12-09 00:32:45,683 - SUCCESS - '農情調查' 的自動更新完成。
2025-12-09 00:32:47,973 - SUCCESS - 成功提取 '農產品交易行情' 的網頁 Metadata。
2025-12-09 00:32:47,973 - SUCCESS - 成功提取 '農產品交易行情' 的網頁 Metadata。
2025-12-09 00:32:48,011 - SUCCESS - '農產品交易行情' 的 Metadata 已更新到 metadata.json。
2025-12-09 00:32:48,011 - SUCCESS - '農產品交易行情' 的 Metadata 已更新到 metadata.json。
2025-12-09 00:33:01,025 - SUCCESS - <農產品交易行情>的資料已下載完成，共 6104 筆資料。
2025-12-09 00:33:01,025 - SUCCESS - <農產品交易行情>的資料已下載完成，共 6104 筆資料。
2025-12-09 00:33:24,596 - SUCCESS - 已下載、去重並合併資料完成現有資料 501851 條，新資料 1661 條。
2025-12-09 00:33:24,596 - SUCCESS - 已下載、去重並合併資料完成現有資料 501851 條，新資料 1661 條。
2025-12-09 00:33:27,086 - SUCCESS - 已下載 '農產品交易行情' 的原始 JSON 資料路徑: 'C:\Python\data_moa_gov_tw\raw_data\農產品交易行情\農產品交易行情.json'
2025-12-09 00:33:27,086 - SUCCESS - 已下載 '農產品交易行情' 的原始 JSON 資料路徑: 'C:\Python\data_moa_gov_tw\raw_data\農產品交易行情\農產品交易行情.json'
2025-12-09 00:33:27,102 - SUCCESS - 插入或更新 '農產品交易行情' 的 Metadata 成功。
2025-12-09 00:33:27,102 - SUCCESS - 插入或更新 '農產品交易行情' 的 Metadata 成功。
2025-12-09 00:33:27,776 - SUCCESS - 已成功批量插入 '農產品交易行情' 的總計 1661 條記錄到表格 '1040012' 。
2025-12-09 00:33:27,776 - SUCCESS - 已成功批量插入 '農產品交易行情' 的總計 1661 條記錄到表格 '1040012' 。
2025-12-09 00:33:27,963 - SUCCESS - '農產品交易行情' 的自動更新完成。
2025-12-09 00:33:27,963 - SUCCESS - '農產品交易行情' 的自動更新完成。
2025-12-09 00:33:29,788 - SUCCESS - 成功提取 '農產品產地價格(月平均價格)' 的網頁 Metadata。
2025-12-09 00:33:29,788 - SUCCESS - 成功提取 '農產品產地價格(月平均價格)' 的網頁 Metadata。
2025-12-09 00:33:31,662 - SUCCESS - 成功提取 '農產品產地價格資料' 的網頁 Metadata。
2025-12-09 00:33:31,662 - SUCCESS - 成功提取 '農產品產地價格資料' 的網頁 Metadata。
2025-12-09 00:33:33,043 - SUCCESS - 成功提取 '雜糧生產概況' 的網頁 Metadata。
2025-12-09 00:33:33,043 - SUCCESS - 成功提取 '雜糧生產概況' 的網頁 Metadata。
2025-12-09 00:33:34,053 - SUCCESS - 已成功儲存次要資訊。
2025-12-09 00:33:34,053 - SUCCESS - 已成功儲存次要資訊。
2025-12-09 00:33:34,053 - SUCCESS - 更新結果儲存成功:{'全國單日平均糧價': '已更新', '各觀測站近兩年降雨量': '未更新', '產銷履歷與有機蔬果行情': '已更新', '糧價查詢': '已更新', '臺灣地區果品生產概況': '未更新', '臺灣地區特用作物生產概況': '未更新', '臺灣地區稻作種植、收穫面積及產量': '未更新', '臺灣地區稻米生產價值': '未更新', '臺灣地區蔬菜生產概況': '未更新', '臺灣地區農產品生產量值': '未更新', '農情調查': '已更新', '農產品交易行情': '已更新', '農產品產地價格(月平均價格)': '未更新', '農產品產地價格資料': '未更新', '雜糧生產概況': '未更新'}
2025-12-09 00:33:34,053 - SUCCESS - 更新結果儲存成功:{'全國單日平均糧價': '已更新', '各觀測站近兩年降雨量': '未更新', '產銷履歷與有機蔬果行情': '已更新', '糧價查詢': '已更新', '臺灣地區果品生產概況': '未更新', '臺灣地區特用作物生產概況': '未更新', '臺灣地區稻作種植、收穫面積及產量': '未更新', '臺灣地區稻米生產價值': '未更新', '臺灣地區蔬菜生產概況': '未更新', '臺灣地區農產品生產量值': '未更新', '農情調查': '已更新', '農產品交易行情': '已更新', '農產品產地價格(月平均價格)': '未更新', '農產品產地價格資料': '未更新', '雜糧生產概況': '未更新'}
2025-12-09 21:51:45,766 - SUCCESS - 成功提取 '全國單日平均糧價' 的網頁 Metadata。
2025-12-09 21:51:45,766 - SUCCESS - 成功提取 '全國單日平均糧價' 的網頁 Metadata。
2025-12-09 21:51:45,875 - SUCCESS - '全國單日平均糧價' 的 Metadata 已更新到 metadata.json。
2025-12-09 21:51:45,875 - SUCCESS - '全國單日平均糧價' 的 Metadata 已更新到 metadata.json。
2025-12-09 21:51:57,728 - SUCCESS - <全國單日平均糧價>的資料已下載完成，共 9129 筆資料。
2025-12-09 21:51:57,728 - SUCCESS - <全國單日平均糧價>的資料已下載完成，共 9129 筆資料。
2025-12-09 21:51:58,509 - SUCCESS - 已下載、去重並合併資料完成現有資料 9129 條，新資料 1 條。
2025-12-09 21:51:58,509 - SUCCESS - 已下載、去重並合併資料完成現有資料 9129 條，新資料 1 條。
2025-12-09 21:51:58,554 - SUCCESS - 已下載 '全國單日平均糧價' 的原始 JSON 資料路徑: 'C:\Python\data_moa_gov_tw\raw_data\全國單日平均糧價\全國單日平均糧價.json'
2025-12-09 21:51:58,554 - SUCCESS - 已下載 '全國單日平均糧價' 的原始 JSON 資料路徑: 'C:\Python\data_moa_gov_tw\raw_data\全國單日平均糧價\全國單日平均糧價.json'
2025-12-09 21:51:58,585 - SUCCESS - 插入或更新 '全國單日平均糧價' 的 Metadata 成功。
2025-12-09 21:51:58,585 - SUCCESS - 插入或更新 '全國單日平均糧價' 的 Metadata 成功。
2025-12-09 21:51:58,591 - SUCCESS - 已成功批量插入 '全國單日平均糧價' 的總計 1 條記錄到表格 '1040001' 。
2025-12-09 21:51:58,591 - SUCCESS - 已成功批量插入 '全國單日平均糧價' 的總計 1 條記錄到表格 '1040001' 。
2025-12-09 21:51:58,595 - SUCCESS - '全國單日平均糧價' 的自動更新完成。
2025-12-09 21:51:58,595 - SUCCESS - '全國單日平均糧價' 的自動更新完成。
2025-12-09 21:51:59,933 - SUCCESS - 成功提取 '各觀測站近兩年降雨量' 的網頁 Metadata。
2025-12-09 21:51:59,933 - SUCCESS - 成功提取 '各觀測站近兩年降雨量' 的網頁 Metadata。
2025-12-09 21:52:01,269 - SUCCESS - 成功提取 '產銷履歷與有機蔬果行情' 的網頁 Metadata。
2025-12-09 21:52:01,269 - SUCCESS - 成功提取 '產銷履歷與有機蔬果行情' 的網頁 Metadata。
2025-12-09 21:52:01,319 - SUCCESS - '產銷履歷與有機蔬果行情' 的 Metadata 已更新到 metadata.json。
2025-12-09 21:52:01,319 - SUCCESS - '產銷履歷與有機蔬果行情' 的 Metadata 已更新到 metadata.json。
2025-12-09 21:52:02,720 - SUCCESS - <產銷履歷與有機蔬果行情>的資料已下載完成，共 2479 筆資料。
2025-12-09 21:52:02,720 - SUCCESS - <產銷履歷與有機蔬果行情>的資料已下載完成，共 2479 筆資料。
2025-12-09 21:52:22,197 - SUCCESS - 已下載、去重並合併資料完成現有資料 265988 條，新資料 2397 條。
2025-12-09 21:52:22,197 - SUCCESS - 已下載、去重並合併資料完成現有資料 265988 條，新資料 2397 條。
2025-12-09 21:52:24,108 - SUCCESS - 已下載 '產銷履歷與有機蔬果行情' 的原始 JSON 資料路徑: 'C:\Python\data_moa_gov_tw\raw_data\產銷履歷與有機蔬果行情\產銷履歷與有機蔬果行情.json'
2025-12-09 21:52:24,108 - SUCCESS - 已下載 '產銷履歷與有機蔬果行情' 的原始 JSON 資料路徑: 'C:\Python\data_moa_gov_tw\raw_data\產銷履歷與有機蔬果行情\產銷履歷與有機蔬果行情.json'
2025-12-09 21:52:24,114 - SUCCESS - 插入或更新 '產銷履歷與有機蔬果行情' 的 Metadata 成功。
2025-12-09 21:52:24,114 - SUCCESS - 插入或更新 '產銷履歷與有機蔬果行情' 的 Metadata 成功。
2025-12-09 21:52:25,299 - SUCCESS - 已成功批量插入 '產銷履歷與有機蔬果行情' 的總計 2397 條記錄到表格 '1040003' 。
2025-12-09 21:52:25,299 - SUCCESS - 已成功批量插入 '產銷履歷與有機蔬果行情' 的總計 2397 條記錄到表格 '1040003' 。
2025-12-09 21:52:25,383 - SUCCESS - '產銷履歷與有機蔬果行情' 的自動更新完成。
2025-12-09 21:52:25,383 - SUCCESS - '產銷履歷與有機蔬果行情' 的自動更新完成。
2025-12-09 21:52:28,108 - SUCCESS - 成功提取 '糧價查詢' 的網頁 Metadata。
2025-12-09 21:52:28,108 - SUCCESS - 成功提取 '糧價查詢' 的網頁 Metadata。
2025-12-09 21:52:28,134 - SUCCESS - '糧價查詢' 的 Metadata 已更新到 metadata.json。
2025-12-09 21:52:28,134 - SUCCESS - '糧價查詢' 的 Metadata 已更新到 metadata.json。
2025-12-09 21:52:29,532 - SUCCESS - <糧價查詢>的資料已下載完成，共 9999 筆資料。
2025-12-09 21:52:29,532 - SUCCESS - <糧價查詢>的資料已下載完成，共 9999 筆資料。
2025-12-09 21:52:30,346 - SUCCESS - 已下載、去重並合併資料完成現有資料 10059 條，新資料 20 條。
2025-12-09 21:52:30,346 - SUCCESS - 已下載、去重並合併資料完成現有資料 10059 條，新資料 20 條。
2025-12-09 21:52:31,222 - SUCCESS - 已下載 '糧價查詢' 的原始 JSON 資料路徑: 'C:\Python\data_moa_gov_tw\raw_data\糧價查詢\糧價查詢.json'
2025-12-09 21:52:31,222 - SUCCESS - 已下載 '糧價查詢' 的原始 JSON 資料路徑: 'C:\Python\data_moa_gov_tw\raw_data\糧價查詢\糧價查詢.json'
2025-12-09 21:52:31,227 - SUCCESS - 插入或更新 '糧價查詢' 的 Metadata 成功。
2025-12-09 21:52:31,227 - SUCCESS - 插入或更新 '糧價查詢' 的 Metadata 成功。
2025-12-09 21:52:31,239 - SUCCESS - 已成功批量插入 '糧價查詢' 的總計 20 條記錄到表格 '1040004' 。
2025-12-09 21:52:31,239 - SUCCESS - 已成功批量插入 '糧價查詢' 的總計 20 條記錄到表格 '1040004' 。
2025-12-09 21:52:31,244 - SUCCESS - '糧價查詢' 的自動更新完成。
2025-12-09 21:52:31,244 - SUCCESS - '糧價查詢' 的自動更新完成。
2025-12-09 21:52:34,898 - SUCCESS - 成功提取 '臺灣地區果品生產概況' 的網頁 Metadata。
2025-12-09 21:52:34,898 - SUCCESS - 成功提取 '臺灣地區果品生產概況' 的網頁 Metadata。
2025-12-09 21:52:37,795 - SUCCESS - 成功提取 '臺灣地區特用作物生產概況' 的網頁 Metadata。
2025-12-09 21:52:37,795 - SUCCESS - 成功提取 '臺灣地區特用作物生產概況' 的網頁 Metadata。
2025-12-09 21:52:39,166 - SUCCESS - 成功提取 '臺灣地區稻作種植、收穫面積及產量' 的網頁 Metadata。
2025-12-09 21:52:39,166 - SUCCESS - 成功提取 '臺灣地區稻作種植、收穫面積及產量' 的網頁 Metadata。
2025-12-09 21:52:40,566 - SUCCESS - 成功提取 '臺灣地區稻米生產價值' 的網頁 Metadata。
2025-12-09 21:52:40,566 - SUCCESS - 成功提取 '臺灣地區稻米生產價值' 的網頁 Metadata。
2025-12-09 21:52:43,221 - SUCCESS - 成功提取 '臺灣地區蔬菜生產概況' 的網頁 Metadata。
2025-12-09 21:52:43,221 - SUCCESS - 成功提取 '臺灣地區蔬菜生產概況' 的網頁 Metadata。
2025-12-09 21:52:44,615 - SUCCESS - 成功提取 '臺灣地區農產品生產量值' 的網頁 Metadata。
2025-12-09 21:52:44,615 - SUCCESS - 成功提取 '臺灣地區農產品生產量值' 的網頁 Metadata。
2025-12-09 21:52:45,804 - SUCCESS - 成功提取 '農情調查' 的網頁 Metadata。
2025-12-09 21:52:45,804 - SUCCESS - 成功提取 '農情調查' 的網頁 Metadata。
2025-12-09 21:52:45,842 - SUCCESS - '農情調查' 的 Metadata 已更新到 metadata.json。
2025-12-09 21:52:45,842 - SUCCESS - '農情調查' 的 Metadata 已更新到 metadata.json。
2025-12-09 21:52:48,659 - SUCCESS - <農情調查>的資料已下載完成，共 9999 筆資料。
2025-12-09 21:52:48,659 - SUCCESS - <農情調查>的資料已下載完成，共 9999 筆資料。
2025-12-09 21:52:50,148 - SUCCESS - 已下載、去重並合併資料完成現有資料 45259 條，新資料 0 條。
2025-12-09 21:52:50,148 - SUCCESS - 已下載、去重並合併資料完成現有資料 45259 條，新資料 0 條。
2025-12-09 21:52:50,531 - SUCCESS - 插入或更新 '農情調查' 的 Metadata 成功。
2025-12-09 21:52:50,531 - SUCCESS - 插入或更新 '農情調查' 的 Metadata 成功。
2025-12-09 21:52:50,545 - SUCCESS - '農情調查' 的自動更新完成。
2025-12-09 21:52:50,545 - SUCCESS - '農情調查' 的自動更新完成。
2025-12-09 21:52:51,917 - SUCCESS - 成功提取 '農產品交易行情' 的網頁 Metadata。
2025-12-09 21:52:51,917 - SUCCESS - 成功提取 '農產品交易行情' 的網頁 Metadata。
2025-12-09 21:52:51,967 - SUCCESS - '農產品交易行情' 的 Metadata 已更新到 metadata.json。
2025-12-09 21:52:51,967 - SUCCESS - '農產品交易行情' 的 Metadata 已更新到 metadata.json。
2025-12-09 21:53:04,878 - SUCCESS - <農產品交易行情>的資料已下載完成，共 8596 筆資料。
2025-12-09 21:53:04,878 - SUCCESS - <農產品交易行情>的資料已下載完成，共 8596 筆資料。
2025-12-09 21:53:31,380 - SUCCESS - 已下載、去重並合併資料完成現有資料 504343 條，新資料 2492 條。
2025-12-09 21:53:31,380 - SUCCESS - 已下載、去重並合併資料完成現有資料 504343 條，新資料 2492 條。
2025-12-09 21:53:34,081 - SUCCESS - 已下載 '農產品交易行情' 的原始 JSON 資料路徑: 'C:\Python\data_moa_gov_tw\raw_data\農產品交易行情\農產品交易行情.json'
2025-12-09 21:53:34,081 - SUCCESS - 已下載 '農產品交易行情' 的原始 JSON 資料路徑: 'C:\Python\data_moa_gov_tw\raw_data\農產品交易行情\農產品交易行情.json'
2025-12-09 21:53:34,097 - SUCCESS - 插入或更新 '農產品交易行情' 的 Metadata 成功。
2025-12-09 21:53:34,097 - SUCCESS - 插入或更新 '農產品交易行情' 的 Metadata 成功。
2025-12-09 21:53:35,808 - SUCCESS - 已成功批量插入 '農產品交易行情' 的總計 2492 條記錄到表格 '1040012' 。
2025-12-09 21:53:35,808 - SUCCESS - 已成功批量插入 '農產品交易行情' 的總計 2492 條記錄到表格 '1040012' 。
2025-12-09 21:53:36,069 - SUCCESS - '農產品交易行情' 的自動更新完成。
2025-12-09 21:53:36,069 - SUCCESS - '農產品交易行情' 的自動更新完成。
2025-12-09 21:53:38,824 - SUCCESS - 成功提取 '農產品產地價格(月平均價格)' 的網頁 Metadata。
2025-12-09 21:53:38,824 - SUCCESS - 成功提取 '農產品產地價格(月平均價格)' 的網頁 Metadata。
2025-12-09 21:53:40,393 - SUCCESS - 成功提取 '農產品產地價格資料' 的網頁 Metadata。
2025-12-09 21:53:40,393 - SUCCESS - 成功提取 '農產品產地價格資料' 的網頁 Metadata。
2025-12-09 21:53:40,440 - SUCCESS - '農產品產地價格資料' 的 Metadata 已更新到 metadata.json。
2025-12-09 21:53:40,440 - SUCCESS - '農產品產地價格資料' 的 Metadata 已更新到 metadata.json。
2025-12-09 21:53:41,961 - SUCCESS - <農產品產地價格資料>的資料已下載完成，共 9999 筆資料。
2025-12-09 21:53:41,961 - SUCCESS - <農產品產地價格資料>的資料已下載完成，共 9999 筆資料。
2025-12-09 21:54:30,133 - SUCCESS - 已下載、去重並合併資料完成現有資料 345968 條，新資料 22 條。
2025-12-09 21:54:30,133 - SUCCESS - 已下載、去重並合併資料完成現有資料 345968 條，新資料 22 條。
2025-12-09 21:54:32,197 - SUCCESS - 已下載 '農產品產地價格資料' 的原始 JSON 資料路徑: 'C:\Python\data_moa_gov_tw\raw_data\農產品產地價格資料\農產品產地價格資料.json'
2025-12-09 21:54:32,197 - SUCCESS - 已下載 '農產品產地價格資料' 的原始 JSON 資料路徑: 'C:\Python\data_moa_gov_tw\raw_data\農產品產地價格資料\農產品產地價格資料.json'
2025-12-09 21:54:32,216 - SUCCESS - 插入或更新 '農產品產地價格資料' 的 Metadata 成功。
2025-12-09 21:54:32,216 - SUCCESS - 插入或更新 '農產品產地價格資料' 的 Metadata 成功。
2025-12-09 21:54:32,234 - SUCCESS - 已成功批量插入 '農產品產地價格資料' 的總計 22 條記錄到表格 '1040014' 。
2025-12-09 21:54:32,234 - SUCCESS - 已成功批量插入 '農產品產地價格資料' 的總計 22 條記錄到表格 '1040014' 。
2025-12-09 21:54:32,315 - SUCCESS - '農產品產地價格資料' 的自動更新完成。
2025-12-09 21:54:32,315 - SUCCESS - '農產品產地價格資料' 的自動更新完成。
2025-12-09 21:54:33,585 - SUCCESS - 成功提取 '雜糧生產概況' 的網頁 Metadata。
2025-12-09 21:54:33,585 - SUCCESS - 成功提取 '雜糧生產概況' 的網頁 Metadata。
2025-12-09 21:54:34,602 - SUCCESS - 已成功儲存次要資訊。
2025-12-09 21:54:34,602 - SUCCESS - 已成功儲存次要資訊。
2025-12-09 21:54:34,602 - SUCCESS - 更新結果儲存成功:{'全國單日平均糧價': '已更新', '各觀測站近兩年降雨量': '未更新', '產銷履歷與有機蔬果行情': '已更新', '糧價查詢': '已更新', '臺灣地區果品生產概況': '未更新', '臺灣地區特用作物生產概況': '未更新', '臺灣地區稻作種植、收穫面積及產量': '未更新', '臺灣地區稻米生產價值': '未更新', '臺灣地區蔬菜生產概況': '未更新', '臺灣地區農產品生產量值': '未更新', '農情調查': '已更新', '農產品交易行情': '已更新', '農產品產地價格(月平均價格)': '未更新', '農產品產地價格資料': '已更新', '雜糧生產概況': '未更新'}
2025-12-09 21:54:34,602 - SUCCESS - 更新結果儲存成功:{'全國單日平均糧價': '已更新', '各觀測站近兩年降雨量': '未更新', '產銷履歷與有機蔬果行情': '已更新', '糧價查詢': '已更新', '臺灣地區果品生產概況': '未更新', '臺灣地區特用作物生產概況': '未更新', '臺灣地區稻作種植、收穫面積及產量': '未更新', '臺灣地區稻米生產價值': '未更新', '臺灣地區蔬菜生產概況': '未更新', '臺灣地區農產品生產量值': '未更新', '農情調查': '已更新', '農產品交易行情': '已更新', '農產品產地價格(月平均價格)': '未更新', '農產品產地價格資料': '已更新', '雜糧生產概況': '未更新'}
