2025-10-31 03:15:52,211 - SUCCESS - 成功提取 '全國單日平均糧價' 的網頁 Metadata。
2025-10-31 03:15:52,211 - SUCCESS - 成功提取 '全國單日平均糧價' 的網頁 Metadata。
2025-10-31 03:15:52,293 - SUCCESS - '全國單日平均糧價' 的 Metadata 已更新到 metadata.json。
2025-10-31 03:15:52,293 - SUCCESS - '全國單日平均糧價' 的 Metadata 已更新到 metadata.json。
2025-10-31 03:15:53,525 - SUCCESS - <全國單日平均糧價>的資料已下載完成，共 9089 筆資料。
2025-10-31 03:15:53,525 - SUCCESS - <全國單日平均糧價>的資料已下載完成，共 9089 筆資料。
2025-10-31 03:15:54,685 - SUCCESS - 已下載、去重並合併資料完成現有資料 9089 條，新資料 1 條。
2025-10-31 03:15:54,685 - SUCCESS - 已下載、去重並合併資料完成現有資料 9089 條，新資料 1 條。
2025-10-31 03:15:54,731 - SUCCESS - 已下載 '全國單日平均糧價' 的原始 JSON 資料路徑: 'C:\Python\data_moa_gov_tw\raw_data\全國單日平均糧價\全國單日平均糧價.json'
2025-10-31 03:15:54,731 - SUCCESS - 已下載 '全國單日平均糧價' 的原始 JSON 資料路徑: 'C:\Python\data_moa_gov_tw\raw_data\全國單日平均糧價\全國單日平均糧價.json'
2025-10-31 03:15:54,754 - SUCCESS - 插入或更新 '全國單日平均糧價' 的 Metadata 成功。
2025-10-31 03:15:54,754 - SUCCESS - 插入或更新 '全國單日平均糧價' 的 Metadata 成功。
2025-10-31 03:15:54,764 - SUCCESS - 已成功批量插入 '全國單日平均糧價' 的總計 1 條記錄到表格 '1040001' 。
2025-10-31 03:15:54,764 - SUCCESS - 已成功批量插入 '全國單日平均糧價' 的總計 1 條記錄到表格 '1040001' 。
2025-10-31 03:15:54,770 - SUCCESS - '全國單日平均糧價' 的自動更新完成。
2025-10-31 03:15:54,770 - SUCCESS - '全國單日平均糧價' 的自動更新完成。
2025-10-31 03:15:55,958 - SUCCESS - 成功提取 '各觀測站近兩年降雨量' 的網頁 Metadata。
2025-10-31 03:15:55,958 - SUCCESS - 成功提取 '各觀測站近兩年降雨量' 的網頁 Metadata。
2025-10-31 03:15:57,217 - SUCCESS - 成功提取 '產銷履歷與有機蔬果行情' 的網頁 Metadata。
2025-10-31 03:15:57,217 - SUCCESS - 成功提取 '產銷履歷與有機蔬果行情' 的網頁 Metadata。
2025-10-31 03:15:57,242 - SUCCESS - '產銷履歷與有機蔬果行情' 的 Metadata 已更新到 metadata.json。
2025-10-31 03:15:57,242 - SUCCESS - '產銷履歷與有機蔬果行情' 的 Metadata 已更新到 metadata.json。
2025-10-31 03:15:57,941 - SUCCESS - <產銷履歷與有機蔬果行情>的資料已下載完成，共 2522 筆資料。
2025-10-31 03:15:57,941 - SUCCESS - <產銷履歷與有機蔬果行情>的資料已下載完成，共 2522 筆資料。
2025-10-31 03:16:11,550 - SUCCESS - 已下載、去重並合併資料完成現有資料 190776 條，新資料 331 條。
2025-10-31 03:16:11,550 - SUCCESS - 已下載、去重並合併資料完成現有資料 190776 條，新資料 331 條。
2025-10-31 03:16:12,699 - SUCCESS - 已下載 '產銷履歷與有機蔬果行情' 的原始 JSON 資料路徑: 'C:\Python\data_moa_gov_tw\raw_data\產銷履歷與有機蔬果行情\產銷履歷與有機蔬果行情.json'
2025-10-31 03:16:12,699 - SUCCESS - 已下載 '產銷履歷與有機蔬果行情' 的原始 JSON 資料路徑: 'C:\Python\data_moa_gov_tw\raw_data\產銷履歷與有機蔬果行情\產銷履歷與有機蔬果行情.json'
2025-10-31 03:16:12,706 - SUCCESS - 插入或更新 '產銷履歷與有機蔬果行情' 的 Metadata 成功。
2025-10-31 03:16:12,706 - SUCCESS - 插入或更新 '產銷履歷與有機蔬果行情' 的 Metadata 成功。
2025-10-31 03:16:12,850 - SUCCESS - 已成功批量插入 '產銷履歷與有機蔬果行情' 的總計 331 條記錄到表格 '1040003' 。
2025-10-31 03:16:12,850 - SUCCESS - 已成功批量插入 '產銷履歷與有機蔬果行情' 的總計 331 條記錄到表格 '1040003' 。
2025-10-31 03:16:12,901 - SUCCESS - '產銷履歷與有機蔬果行情' 的自動更新完成。
2025-10-31 03:16:12,901 - SUCCESS - '產銷履歷與有機蔬果行情' 的自動更新完成。
2025-10-31 03:16:14,069 - SUCCESS - 成功提取 '糧價查詢' 的網頁 Metadata。
2025-10-31 03:16:14,069 - SUCCESS - 成功提取 '糧價查詢' 的網頁 Metadata。
2025-10-31 03:16:14,091 - SUCCESS - '糧價查詢' 的 Metadata 已更新到 metadata.json。
2025-10-31 03:16:14,091 - SUCCESS - '糧價查詢' 的 Metadata 已更新到 metadata.json。
2025-10-31 03:16:15,418 - SUCCESS - <糧價查詢>的資料已下載完成，共 9999 筆資料。
2025-10-31 03:16:15,418 - SUCCESS - <糧價查詢>的資料已下載完成，共 9999 筆資料。
2025-10-31 03:16:29,701 - SUCCESS - 已下載、去重並合併資料完成現有資料 240211 條，新資料 20 條。
2025-10-31 03:16:29,701 - SUCCESS - 已下載、去重並合併資料完成現有資料 240211 條，新資料 20 條。
2025-10-31 03:16:30,782 - SUCCESS - 已下載 '糧價查詢' 的原始 JSON 資料路徑: 'C:\Python\data_moa_gov_tw\raw_data\糧價查詢\糧價查詢.json'
2025-10-31 03:16:30,782 - SUCCESS - 已下載 '糧價查詢' 的原始 JSON 資料路徑: 'C:\Python\data_moa_gov_tw\raw_data\糧價查詢\糧價查詢.json'
2025-10-31 03:16:30,786 - SUCCESS - 插入或更新 '糧價查詢' 的 Metadata 成功。
2025-10-31 03:16:30,786 - SUCCESS - 插入或更新 '糧價查詢' 的 Metadata 成功。
2025-10-31 03:16:30,805 - SUCCESS - 已成功批量插入 '糧價查詢' 的總計 20 條記錄到表格 '1040004' 。
2025-10-31 03:16:30,805 - SUCCESS - 已成功批量插入 '糧價查詢' 的總計 20 條記錄到表格 '1040004' 。
2025-10-31 03:16:30,899 - SUCCESS - '糧價查詢' 的自動更新完成。
2025-10-31 03:16:30,899 - SUCCESS - '糧價查詢' 的自動更新完成。
2025-10-31 03:16:32,136 - SUCCESS - 成功提取 '臺灣地區果品生產概況' 的網頁 Metadata。
2025-10-31 03:16:32,136 - SUCCESS - 成功提取 '臺灣地區果品生產概況' 的網頁 Metadata。
2025-10-31 03:16:33,301 - SUCCESS - 成功提取 '臺灣地區特用作物生產概況' 的網頁 Metadata。
2025-10-31 03:16:33,301 - SUCCESS - 成功提取 '臺灣地區特用作物生產概況' 的網頁 Metadata。
2025-10-31 03:16:34,530 - SUCCESS - 成功提取 '臺灣地區稻作種植、收穫面積及產量' 的網頁 Metadata。
2025-10-31 03:16:34,530 - SUCCESS - 成功提取 '臺灣地區稻作種植、收穫面積及產量' 的網頁 Metadata。
2025-10-31 03:16:35,737 - SUCCESS - 成功提取 '臺灣地區稻米生產價值' 的網頁 Metadata。
2025-10-31 03:16:35,737 - SUCCESS - 成功提取 '臺灣地區稻米生產價值' 的網頁 Metadata。
2025-10-31 03:16:37,717 - SUCCESS - 成功提取 '臺灣地區蔬菜生產概況' 的網頁 Metadata。
2025-10-31 03:16:37,717 - SUCCESS - 成功提取 '臺灣地區蔬菜生產概況' 的網頁 Metadata。
2025-10-31 03:16:38,885 - SUCCESS - 成功提取 '臺灣地區農產品生產量值' 的網頁 Metadata。
2025-10-31 03:16:38,885 - SUCCESS - 成功提取 '臺灣地區農產品生產量值' 的網頁 Metadata。
2025-10-31 03:16:40,133 - SUCCESS - 成功提取 '農情調查' 的網頁 Metadata。
2025-10-31 03:16:40,133 - SUCCESS - 成功提取 '農情調查' 的網頁 Metadata。
2025-10-31 03:16:40,165 - SUCCESS - '農情調查' 的 Metadata 已更新到 metadata.json。
2025-10-31 03:16:40,165 - SUCCESS - '農情調查' 的 Metadata 已更新到 metadata.json。
2025-10-31 03:16:41,422 - SUCCESS - <農情調查>的資料已下載完成，共 9999 筆資料。
2025-10-31 03:16:41,422 - SUCCESS - <農情調查>的資料已下載完成，共 9999 筆資料。
2025-10-31 03:16:42,407 - SUCCESS - 已下載、去重並合併資料完成現有資料 45259 條，新資料 0 條。
2025-10-31 03:16:42,407 - SUCCESS - 已下載、去重並合併資料完成現有資料 45259 條，新資料 0 條。
2025-10-31 03:16:42,690 - SUCCESS - 插入或更新 '農情調查' 的 Metadata 成功。
2025-10-31 03:16:42,690 - SUCCESS - 插入或更新 '農情調查' 的 Metadata 成功。
2025-10-31 03:16:42,695 - SUCCESS - '農情調查' 的自動更新完成。
2025-10-31 03:16:42,695 - SUCCESS - '農情調查' 的自動更新完成。
2025-10-31 03:16:43,877 - SUCCESS - 成功提取 '農產品交易行情' 的網頁 Metadata。
2025-10-31 03:16:43,877 - SUCCESS - 成功提取 '農產品交易行情' 的網頁 Metadata。
2025-10-31 03:16:43,909 - SUCCESS - '農產品交易行情' 的 Metadata 已更新到 metadata.json。
2025-10-31 03:16:43,909 - SUCCESS - '農產品交易行情' 的 Metadata 已更新到 metadata.json。
2025-10-31 03:16:48,069 - SUCCESS - <農產品交易行情>的資料已下載完成，共 8873 筆資料。
2025-10-31 03:16:48,069 - SUCCESS - <農產品交易行情>的資料已下載完成，共 8873 筆資料。
2025-10-31 03:17:05,925 - SUCCESS - 已下載、去重並合併資料完成現有資料 388770 條，新資料 2062 條。
2025-10-31 03:17:05,925 - SUCCESS - 已下載、去重並合併資料完成現有資料 388770 條，新資料 2062 條。
2025-10-31 03:17:07,841 - SUCCESS - 已下載 '農產品交易行情' 的原始 JSON 資料路徑: 'C:\Python\data_moa_gov_tw\raw_data\農產品交易行情\農產品交易行情.json'
2025-10-31 03:17:07,841 - SUCCESS - 已下載 '農產品交易行情' 的原始 JSON 資料路徑: 'C:\Python\data_moa_gov_tw\raw_data\農產品交易行情\農產品交易行情.json'
2025-10-31 03:17:07,845 - SUCCESS - 插入或更新 '農產品交易行情' 的 Metadata 成功。
2025-10-31 03:17:07,845 - SUCCESS - 插入或更新 '農產品交易行情' 的 Metadata 成功。
2025-10-31 03:17:08,674 - SUCCESS - 已成功批量插入 '農產品交易行情' 的總計 2062 條記錄到表格 '1040012' 。
2025-10-31 03:17:08,674 - SUCCESS - 已成功批量插入 '農產品交易行情' 的總計 2062 條記錄到表格 '1040012' 。
2025-10-31 03:17:08,837 - SUCCESS - '農產品交易行情' 的自動更新完成。
2025-10-31 03:17:08,837 - SUCCESS - '農產品交易行情' 的自動更新完成。
2025-10-31 03:17:10,053 - SUCCESS - 成功提取 '農產品產地價格(月平均價格)' 的網頁 Metadata。
2025-10-31 03:17:10,053 - SUCCESS - 成功提取 '農產品產地價格(月平均價格)' 的網頁 Metadata。
2025-10-31 03:17:11,237 - SUCCESS - 成功提取 '農產品產地價格資料' 的網頁 Metadata。
2025-10-31 03:17:11,237 - SUCCESS - 成功提取 '農產品產地價格資料' 的網頁 Metadata。
2025-10-31 03:17:11,274 - SUCCESS - '農產品產地價格資料' 的 Metadata 已更新到 metadata.json。
2025-10-31 03:17:11,274 - SUCCESS - '農產品產地價格資料' 的 Metadata 已更新到 metadata.json。
2025-10-31 03:17:11,806 - SUCCESS - <農產品產地價格資料>的資料已下載完成，共 9999 筆資料。
2025-10-31 03:17:11,806 - SUCCESS - <農產品產地價格資料>的資料已下載完成，共 9999 筆資料。
2025-10-31 03:17:56,744 - SUCCESS - 已下載、去重並合併資料完成現有資料 343924 條，新資料 9 條。
2025-10-31 03:17:56,744 - SUCCESS - 已下載、去重並合併資料完成現有資料 343924 條，新資料 9 條。
2025-10-31 03:17:58,705 - SUCCESS - 已下載 '農產品產地價格資料' 的原始 JSON 資料路徑: 'C:\Python\data_moa_gov_tw\raw_data\農產品產地價格資料\農產品產地價格資料.json'
2025-10-31 03:17:58,705 - SUCCESS - 已下載 '農產品產地價格資料' 的原始 JSON 資料路徑: 'C:\Python\data_moa_gov_tw\raw_data\農產品產地價格資料\農產品產地價格資料.json'
2025-10-31 03:17:58,707 - SUCCESS - 插入或更新 '農產品產地價格資料' 的 Metadata 成功。
2025-10-31 03:17:58,707 - SUCCESS - 插入或更新 '農產品產地價格資料' 的 Metadata 成功。
2025-10-31 03:17:58,725 - SUCCESS - 已成功批量插入 '農產品產地價格資料' 的總計 9 條記錄到表格 '1040014' 。
2025-10-31 03:17:58,725 - SUCCESS - 已成功批量插入 '農產品產地價格資料' 的總計 9 條記錄到表格 '1040014' 。
2025-10-31 03:17:58,808 - SUCCESS - '農產品產地價格資料' 的自動更新完成。
2025-10-31 03:17:58,808 - SUCCESS - '農產品產地價格資料' 的自動更新完成。
2025-10-31 03:17:59,983 - SUCCESS - 成功提取 '雜糧生產概況' 的網頁 Metadata。
2025-10-31 03:17:59,983 - SUCCESS - 成功提取 '雜糧生產概況' 的網頁 Metadata。
2025-10-31 03:18:00,999 - SUCCESS - 已成功儲存次要資訊。
2025-10-31 03:18:00,999 - SUCCESS - 已成功儲存次要資訊。
2025-10-31 03:18:00,999 - SUCCESS - 更新結果儲存成功:{'全國單日平均糧價': '已更新', '各觀測站近兩年降雨量': '未更新', '產銷履歷與有機蔬果行情': '已更新', '糧價查詢': '已更新', '臺灣地區果品生產概況': '未更新', '臺灣地區特用作物生產概況': '未更新', '臺灣地區稻作種植、收穫面積及產量': '未更新', '臺灣地區稻米生產價值': '未更新', '臺灣地區蔬菜生產概況': '未更新', '臺灣地區農產品生產量值': '未更新', '農情調查': '已更新', '農產品交易行情': '已更新', '農產品產地價格(月平均價格)': '未更新', '農產品產地價格資料': '已更新', '雜糧生產概況': '未更新'}
2025-10-31 03:18:00,999 - SUCCESS - 更新結果儲存成功:{'全國單日平均糧價': '已更新', '各觀測站近兩年降雨量': '未更新', '產銷履歷與有機蔬果行情': '已更新', '糧價查詢': '已更新', '臺灣地區果品生產概況': '未更新', '臺灣地區特用作物生產概況': '未更新', '臺灣地區稻作種植、收穫面積及產量': '未更新', '臺灣地區稻米生產價值': '未更新', '臺灣地區蔬菜生產概況': '未更新', '臺灣地區農產品生產量值': '未更新', '農情調查': '已更新', '農產品交易行情': '已更新', '農產品產地價格(月平均價格)': '未更新', '農產品產地價格資料': '已更新', '雜糧生產概況': '未更新'}
