2026-02-07 23:52:57,761 - SUCCESS - 成功提取 '全國單日平均糧價' 的網頁 Metadata。
2026-02-07 23:52:57,761 - SUCCESS - 成功提取 '全國單日平均糧價' 的網頁 Metadata。
2026-02-07 23:52:57,850 - SUCCESS - '全國單日平均糧價' 的 Metadata 已更新到 metadata.json。
2026-02-07 23:52:57,850 - SUCCESS - '全國單日平均糧價' 的 Metadata 已更新到 metadata.json。
2026-02-07 23:53:04,276 - SUCCESS - <全國單日平均糧價>的資料已下載完成，共 9188 筆資料。
2026-02-07 23:53:04,276 - SUCCESS - <全國單日平均糧價>的資料已下載完成，共 9188 筆資料。
2026-02-07 23:53:04,556 - SUCCESS - 已下載、去重並合併資料完成現有資料 68 條，新資料 0 條。
2026-02-07 23:53:04,556 - SUCCESS - 已下載、去重並合併資料完成現有資料 68 條，新資料 0 條。
2026-02-07 23:53:04,804 - SUCCESS - 插入或更新 '全國單日平均糧價' 的 Metadata 成功。
2026-02-07 23:53:04,804 - SUCCESS - 插入或更新 '全國單日平均糧價' 的 Metadata 成功。
2026-02-07 23:53:04,804 - SUCCESS - '全國單日平均糧價' 的自動更新完成。
2026-02-07 23:53:04,804 - SUCCESS - '全國單日平均糧價' 的自動更新完成。
2026-02-07 23:53:07,505 - SUCCESS - 成功提取 '各觀測站近兩年降雨量' 的網頁 Metadata。
2026-02-07 23:53:07,505 - SUCCESS - 成功提取 '各觀測站近兩年降雨量' 的網頁 Metadata。
2026-02-07 23:53:09,399 - SUCCESS - 成功提取 '產銷履歷與有機蔬果行情' 的網頁 Metadata。
2026-02-07 23:53:09,399 - SUCCESS - 成功提取 '產銷履歷與有機蔬果行情' 的網頁 Metadata。
2026-02-07 23:53:09,453 - SUCCESS - '產銷履歷與有機蔬果行情' 的 Metadata 已更新到 metadata.json。
2026-02-07 23:53:09,453 - SUCCESS - '產銷履歷與有機蔬果行情' 的 Metadata 已更新到 metadata.json。
2026-02-07 23:53:30,021 - SUCCESS - <產銷履歷與有機蔬果行情>的資料已下載完成，共 4712 筆資料。
2026-02-07 23:53:30,021 - SUCCESS - <產銷履歷與有機蔬果行情>的資料已下載完成，共 4712 筆資料。
2026-02-07 23:53:43,417 - SUCCESS - 已下載、去重並合併資料完成現有資料 131831 條，新資料 2364 條。
2026-02-07 23:53:43,417 - SUCCESS - 已下載、去重並合併資料完成現有資料 131831 條，新資料 2364 條。
2026-02-07 23:53:46,795 - SUCCESS - 已下載 '產銷履歷與有機蔬果行情' 的原始 JSON 資料路徑: 'C:\Python\data_moa_gov_tw\raw_data\產銷履歷與有機蔬果行情\產銷履歷與有機蔬果行情.json'
2026-02-07 23:53:46,795 - SUCCESS - 已下載 '產銷履歷與有機蔬果行情' 的原始 JSON 資料路徑: 'C:\Python\data_moa_gov_tw\raw_data\產銷履歷與有機蔬果行情\產銷履歷與有機蔬果行情.json'
2026-02-07 23:53:46,802 - SUCCESS - 插入或更新 '產銷履歷與有機蔬果行情' 的 Metadata 成功。
2026-02-07 23:53:46,802 - SUCCESS - 插入或更新 '產銷履歷與有機蔬果行情' 的 Metadata 成功。
2026-02-07 23:53:47,862 - SUCCESS - 已成功批量插入 '產銷履歷與有機蔬果行情' 的總計 2364 條記錄到表格 '1040003' 。
2026-02-07 23:53:47,862 - SUCCESS - 已成功批量插入 '產銷履歷與有機蔬果行情' 的總計 2364 條記錄到表格 '1040003' 。
2026-02-07 23:53:47,902 - SUCCESS - '產銷履歷與有機蔬果行情' 的自動更新完成。
2026-02-07 23:53:47,902 - SUCCESS - '產銷履歷與有機蔬果行情' 的自動更新完成。
2026-02-07 23:53:49,589 - SUCCESS - 成功提取 '糧價查詢' 的網頁 Metadata。
2026-02-07 23:53:49,589 - SUCCESS - 成功提取 '糧價查詢' 的網頁 Metadata。
2026-02-07 23:53:49,632 - SUCCESS - '糧價查詢' 的 Metadata 已更新到 metadata.json。
2026-02-07 23:53:49,632 - SUCCESS - '糧價查詢' 的 Metadata 已更新到 metadata.json。
2026-02-07 23:53:52,542 - SUCCESS - <糧價查詢>的資料已下載完成，共 9999 筆資料。
2026-02-07 23:53:52,542 - SUCCESS - <糧價查詢>的資料已下載完成，共 9999 筆資料。
2026-02-07 23:53:52,759 - SUCCESS - 已下載、去重並合併資料完成現有資料 1780 條，新資料 20 條。
2026-02-07 23:53:52,759 - SUCCESS - 已下載、去重並合併資料完成現有資料 1780 條，新資料 20 條。
2026-02-07 23:53:53,883 - SUCCESS - 已下載 '糧價查詢' 的原始 JSON 資料路徑: 'C:\Python\data_moa_gov_tw\raw_data\糧價查詢\糧價查詢.json'
2026-02-07 23:53:53,883 - SUCCESS - 已下載 '糧價查詢' 的原始 JSON 資料路徑: 'C:\Python\data_moa_gov_tw\raw_data\糧價查詢\糧價查詢.json'
2026-02-07 23:53:53,888 - SUCCESS - 插入或更新 '糧價查詢' 的 Metadata 成功。
2026-02-07 23:53:53,888 - SUCCESS - 插入或更新 '糧價查詢' 的 Metadata 成功。
2026-02-07 23:53:53,920 - SUCCESS - 已成功批量插入 '糧價查詢' 的總計 20 條記錄到表格 '1040004' 。
2026-02-07 23:53:53,920 - SUCCESS - 已成功批量插入 '糧價查詢' 的總計 20 條記錄到表格 '1040004' 。
2026-02-07 23:53:53,921 - SUCCESS - '糧價查詢' 的自動更新完成。
2026-02-07 23:53:53,921 - SUCCESS - '糧價查詢' 的自動更新完成。
2026-02-07 23:53:55,824 - SUCCESS - 成功提取 '臺灣地區果品生產概況' 的網頁 Metadata。
2026-02-07 23:53:55,824 - SUCCESS - 成功提取 '臺灣地區果品生產概況' 的網頁 Metadata。
2026-02-07 23:53:57,475 - SUCCESS - 成功提取 '臺灣地區特用作物生產概況' 的網頁 Metadata。
2026-02-07 23:53:57,475 - SUCCESS - 成功提取 '臺灣地區特用作物生產概況' 的網頁 Metadata。
2026-02-07 23:53:59,176 - SUCCESS - 成功提取 '臺灣地區稻作種植、收穫面積及產量' 的網頁 Metadata。
2026-02-07 23:53:59,176 - SUCCESS - 成功提取 '臺灣地區稻作種植、收穫面積及產量' 的網頁 Metadata。
2026-02-07 23:54:00,846 - SUCCESS - 成功提取 '臺灣地區稻米生產價值' 的網頁 Metadata。
2026-02-07 23:54:00,846 - SUCCESS - 成功提取 '臺灣地區稻米生產價值' 的網頁 Metadata。
2026-02-07 23:54:02,759 - SUCCESS - 成功提取 '臺灣地區蔬菜生產概況' 的網頁 Metadata。
2026-02-07 23:54:02,759 - SUCCESS - 成功提取 '臺灣地區蔬菜生產概況' 的網頁 Metadata。
2026-02-07 23:54:05,491 - SUCCESS - 成功提取 '臺灣地區農產品生產量值' 的網頁 Metadata。
2026-02-07 23:54:05,491 - SUCCESS - 成功提取 '臺灣地區農產品生產量值' 的網頁 Metadata。
2026-02-07 23:54:07,453 - SUCCESS - 成功提取 '農情調查' 的網頁 Metadata。
2026-02-07 23:54:07,453 - SUCCESS - 成功提取 '農情調查' 的網頁 Metadata。
2026-02-07 23:54:07,512 - SUCCESS - '農情調查' 的 Metadata 已更新到 metadata.json。
2026-02-07 23:54:07,512 - SUCCESS - '農情調查' 的 Metadata 已更新到 metadata.json。
2026-02-07 23:54:14,304 - SUCCESS - <農情調查>的資料已下載完成，共 9999 筆資料。
2026-02-07 23:54:14,304 - SUCCESS - <農情調查>的資料已下載完成，共 9999 筆資料。
2026-02-07 23:54:14,323 - SUCCESS - 已下載、去重並合併資料完成現有資料 0 條，新資料 0 條。
2026-02-07 23:54:14,323 - SUCCESS - 已下載、去重並合併資料完成現有資料 0 條，新資料 0 條。
2026-02-07 23:54:15,861 - SUCCESS - 成功提取 '農產品交易行情' 的網頁 Metadata。
2026-02-07 23:54:15,861 - SUCCESS - 成功提取 '農產品交易行情' 的網頁 Metadata。
2026-02-07 23:54:15,916 - SUCCESS - '農產品交易行情' 的 Metadata 已更新到 metadata.json。
2026-02-07 23:54:15,916 - SUCCESS - '農產品交易行情' 的 Metadata 已更新到 metadata.json。
2026-02-07 23:54:46,653 - SUCCESS - <農產品交易行情>的資料已下載完成，共 13981 筆資料。
2026-02-07 23:54:46,653 - SUCCESS - <農產品交易行情>的資料已下載完成，共 13981 筆資料。
2026-02-07 23:55:01,051 - SUCCESS - 已下載、去重並合併資料完成現有資料 205420 條，新資料 3251 條。
2026-02-07 23:55:01,051 - SUCCESS - 已下載、去重並合併資料完成現有資料 205420 條，新資料 3251 條。
2026-02-07 23:55:06,187 - SUCCESS - 已下載 '農產品交易行情' 的原始 JSON 資料路徑: 'C:\Python\data_moa_gov_tw\raw_data\農產品交易行情\農產品交易行情.json'
2026-02-07 23:55:06,187 - SUCCESS - 已下載 '農產品交易行情' 的原始 JSON 資料路徑: 'C:\Python\data_moa_gov_tw\raw_data\農產品交易行情\農產品交易行情.json'
2026-02-07 23:55:06,192 - SUCCESS - 插入或更新 '農產品交易行情' 的 Metadata 成功。
2026-02-07 23:55:06,192 - SUCCESS - 插入或更新 '農產品交易行情' 的 Metadata 成功。
2026-02-07 23:55:07,974 - SUCCESS - 已成功批量插入 '農產品交易行情' 的總計 3249 條記錄到表格 '1040012' 。
2026-02-07 23:55:07,974 - SUCCESS - 已成功批量插入 '農產品交易行情' 的總計 3249 條記錄到表格 '1040012' 。
2026-02-07 23:55:08,068 - SUCCESS - '農產品交易行情' 的自動更新完成。
2026-02-07 23:55:08,068 - SUCCESS - '農產品交易行情' 的自動更新完成。
2026-02-07 23:55:09,878 - SUCCESS - 成功提取 '農產品產地價格(月平均價格)' 的網頁 Metadata。
2026-02-07 23:55:09,878 - SUCCESS - 成功提取 '農產品產地價格(月平均價格)' 的網頁 Metadata。
2026-02-07 23:55:12,560 - SUCCESS - 成功提取 '農產品產地價格資料' 的網頁 Metadata。
2026-02-07 23:55:12,560 - SUCCESS - 成功提取 '農產品產地價格資料' 的網頁 Metadata。
2026-02-07 23:55:12,614 - SUCCESS - '農產品產地價格資料' 的 Metadata 已更新到 metadata.json。
2026-02-07 23:55:12,614 - SUCCESS - '農產品產地價格資料' 的 Metadata 已更新到 metadata.json。
2026-02-07 23:55:13,418 - SUCCESS - <農產品產地價格資料>的資料已下載完成，共 9999 筆資料。
2026-02-07 23:55:13,418 - SUCCESS - <農產品產地價格資料>的資料已下載完成，共 9999 筆資料。
2026-02-07 23:55:13,504 - SUCCESS - 已下載、去重並合併資料完成現有資料 366 條，新資料 11 條。
2026-02-07 23:55:13,504 - SUCCESS - 已下載、去重並合併資料完成現有資料 366 條，新資料 11 條。
2026-02-07 23:55:14,993 - SUCCESS - 已下載 '農產品產地價格資料' 的原始 JSON 資料路徑: 'C:\Python\data_moa_gov_tw\raw_data\農產品產地價格資料\農產品產地價格資料.json'
2026-02-07 23:55:14,993 - SUCCESS - 已下載 '農產品產地價格資料' 的原始 JSON 資料路徑: 'C:\Python\data_moa_gov_tw\raw_data\農產品產地價格資料\農產品產地價格資料.json'
2026-02-07 23:55:15,001 - SUCCESS - 插入或更新 '農產品產地價格資料' 的 Metadata 成功。
2026-02-07 23:55:15,001 - SUCCESS - 插入或更新 '農產品產地價格資料' 的 Metadata 成功。
2026-02-07 23:55:15,021 - SUCCESS - 已成功批量插入 '農產品產地價格資料' 的總計 11 條記錄到表格 '1040014' 。
2026-02-07 23:55:15,021 - SUCCESS - 已成功批量插入 '農產品產地價格資料' 的總計 11 條記錄到表格 '1040014' 。
2026-02-07 23:55:15,021 - SUCCESS - '農產品產地價格資料' 的自動更新完成。
2026-02-07 23:55:15,021 - SUCCESS - '農產品產地價格資料' 的自動更新完成。
2026-02-07 23:55:16,853 - SUCCESS - 成功提取 '雜糧生產概況' 的網頁 Metadata。
2026-02-07 23:55:16,853 - SUCCESS - 成功提取 '雜糧生產概況' 的網頁 Metadata。
2026-02-07 23:55:17,860 - SUCCESS - 已成功儲存次要資訊。
2026-02-07 23:55:17,860 - SUCCESS - 已成功儲存次要資訊。
2026-02-07 23:55:17,861 - SUCCESS - 更新結果儲存成功:{'全國單日平均糧價': '已更新', '各觀測站近兩年降雨量': '未更新', '產銷履歷與有機蔬果行情': '已更新', '糧價查詢': '已更新', '臺灣地區果品生產概況': '未更新', '臺灣地區特用作物生產概況': '未更新', '臺灣地區稻作種植、收穫面積及產量': '未更新', '臺灣地區稻米生產價值': '未更新', '臺灣地區蔬菜生產概況': '未更新', '臺灣地區農產品生產量值': '未更新', '農情調查': '未更新', '農產品交易行情': '已更新', '農產品產地價格(月平均價格)': '未更新', '農產品產地價格資料': '已更新', '雜糧生產概況': '未更新'}
2026-02-07 23:55:17,861 - SUCCESS - 更新結果儲存成功:{'全國單日平均糧價': '已更新', '各觀測站近兩年降雨量': '未更新', '產銷履歷與有機蔬果行情': '已更新', '糧價查詢': '已更新', '臺灣地區果品生產概況': '未更新', '臺灣地區特用作物生產概況': '未更新', '臺灣地區稻作種植、收穫面積及產量': '未更新', '臺灣地區稻米生產價值': '未更新', '臺灣地區蔬菜生產概況': '未更新', '臺灣地區農產品生產量值': '未更新', '農情調查': '未更新', '農產品交易行情': '已更新', '農產品產地價格(月平均價格)': '未更新', '農產品產地價格資料': '已更新', '雜糧生產概況': '未更新'}
2026-02-07 23:56:04,475 - SUCCESS - 成功提取 '全國單日平均糧價' 的網頁 Metadata。
2026-02-07 23:56:04,475 - SUCCESS - 成功提取 '全國單日平均糧價' 的網頁 Metadata。
2026-02-07 23:56:06,576 - SUCCESS - 成功提取 '各觀測站近兩年降雨量' 的網頁 Metadata。
2026-02-07 23:56:06,576 - SUCCESS - 成功提取 '各觀測站近兩年降雨量' 的網頁 Metadata。
2026-02-07 23:56:08,329 - SUCCESS - 成功提取 '產銷履歷與有機蔬果行情' 的網頁 Metadata。
2026-02-07 23:56:08,329 - SUCCESS - 成功提取 '產銷履歷與有機蔬果行情' 的網頁 Metadata。
2026-02-07 23:56:09,849 - SUCCESS - 成功提取 '糧價查詢' 的網頁 Metadata。
2026-02-07 23:56:09,849 - SUCCESS - 成功提取 '糧價查詢' 的網頁 Metadata。
2026-02-07 23:56:11,342 - SUCCESS - 成功提取 '臺灣地區果品生產概況' 的網頁 Metadata。
2026-02-07 23:56:11,342 - SUCCESS - 成功提取 '臺灣地區果品生產概況' 的網頁 Metadata。
2026-02-07 23:56:12,810 - SUCCESS - 成功提取 '臺灣地區特用作物生產概況' 的網頁 Metadata。
2026-02-07 23:56:12,810 - SUCCESS - 成功提取 '臺灣地區特用作物生產概況' 的網頁 Metadata。
2026-02-07 23:56:14,236 - SUCCESS - 成功提取 '臺灣地區稻作種植、收穫面積及產量' 的網頁 Metadata。
2026-02-07 23:56:14,236 - SUCCESS - 成功提取 '臺灣地區稻作種植、收穫面積及產量' 的網頁 Metadata。
2026-02-07 23:56:15,694 - SUCCESS - 成功提取 '臺灣地區稻米生產價值' 的網頁 Metadata。
2026-02-07 23:56:15,694 - SUCCESS - 成功提取 '臺灣地區稻米生產價值' 的網頁 Metadata。
2026-02-07 23:56:17,265 - SUCCESS - 成功提取 '臺灣地區蔬菜生產概況' 的網頁 Metadata。
2026-02-07 23:56:17,265 - SUCCESS - 成功提取 '臺灣地區蔬菜生產概況' 的網頁 Metadata。
2026-02-07 23:56:18,777 - SUCCESS - 成功提取 '臺灣地區農產品生產量值' 的網頁 Metadata。
2026-02-07 23:56:18,777 - SUCCESS - 成功提取 '臺灣地區農產品生產量值' 的網頁 Metadata。
2026-02-07 23:56:20,377 - SUCCESS - 成功提取 '農情調查' 的網頁 Metadata。
2026-02-07 23:56:20,377 - SUCCESS - 成功提取 '農情調查' 的網頁 Metadata。
2026-02-07 23:56:20,438 - SUCCESS - '農情調查' 的 Metadata 已更新到 metadata.json。
2026-02-07 23:56:20,438 - SUCCESS - '農情調查' 的 Metadata 已更新到 metadata.json。
2026-02-07 23:56:24,158 - SUCCESS - <農情調查>的資料已下載完成，共 9999 筆資料。
2026-02-07 23:56:24,158 - SUCCESS - <農情調查>的資料已下載完成，共 9999 筆資料。
2026-02-07 23:56:24,181 - SUCCESS - 已下載、去重並合併資料完成現有資料 0 條，新資料 0 條。
2026-02-07 23:56:24,181 - SUCCESS - 已下載、去重並合併資料完成現有資料 0 條，新資料 0 條。
2026-02-07 23:56:25,578 - SUCCESS - 成功提取 '農產品交易行情' 的網頁 Metadata。
2026-02-07 23:56:25,578 - SUCCESS - 成功提取 '農產品交易行情' 的網頁 Metadata。
2026-02-07 23:56:26,982 - SUCCESS - 成功提取 '農產品產地價格(月平均價格)' 的網頁 Metadata。
2026-02-07 23:56:26,982 - SUCCESS - 成功提取 '農產品產地價格(月平均價格)' 的網頁 Metadata。
2026-02-07 23:56:28,585 - SUCCESS - 成功提取 '農產品產地價格資料' 的網頁 Metadata。
2026-02-07 23:56:28,585 - SUCCESS - 成功提取 '農產品產地價格資料' 的網頁 Metadata。
2026-02-07 23:56:30,064 - SUCCESS - 成功提取 '雜糧生產概況' 的網頁 Metadata。
2026-02-07 23:56:30,064 - SUCCESS - 成功提取 '雜糧生產概況' 的網頁 Metadata。
2026-02-07 23:56:31,071 - SUCCESS - 已成功儲存次要資訊。
2026-02-07 23:56:31,071 - SUCCESS - 已成功儲存次要資訊。
2026-02-07 23:56:31,072 - SUCCESS - 更新結果儲存成功:{'全國單日平均糧價': '未更新', '各觀測站近兩年降雨量': '未更新', '產銷履歷與有機蔬果行情': '未更新', '糧價查詢': '未更新', '臺灣地區果品生產概況': '未更新', '臺灣地區特用作物生產概況': '未更新', '臺灣地區稻作種植、收穫面積及產量': '未更新', '臺灣地區稻米生產價值': '未更新', '臺灣地區蔬菜生產概況': '未更新', '臺灣地區農產品生產量值': '未更新', '農情調查': '未更新', '農產品交易行情': '未更新', '農產品產地價格(月平均價格)': '未更新', '農產品產地價格資料': '未更新', '雜糧生產概況': '未更新'}
2026-02-07 23:56:31,072 - SUCCESS - 更新結果儲存成功:{'全國單日平均糧價': '未更新', '各觀測站近兩年降雨量': '未更新', '產銷履歷與有機蔬果行情': '未更新', '糧價查詢': '未更新', '臺灣地區果品生產概況': '未更新', '臺灣地區特用作物生產概況': '未更新', '臺灣地區稻作種植、收穫面積及產量': '未更新', '臺灣地區稻米生產價值': '未更新', '臺灣地區蔬菜生產概況': '未更新', '臺灣地區農產品生產量值': '未更新', '農情調查': '未更新', '農產品交易行情': '未更新', '農產品產地價格(月平均價格)': '未更新', '農產品產地價格資料': '未更新', '雜糧生產概況': '未更新'}
