2026-02-10 02:06:38,473 - SUCCESS - 成功提取 '全國單日平均糧價' 的網頁 Metadata。
2026-02-10 02:06:38,473 - SUCCESS - 成功提取 '全國單日平均糧價' 的網頁 Metadata。
2026-02-10 02:06:38,559 - SUCCESS - '全國單日平均糧價' 的 Metadata 已更新到 metadata.json。
2026-02-10 02:06:38,559 - SUCCESS - '全國單日平均糧價' 的 Metadata 已更新到 metadata.json。
2026-02-10 02:06:46,185 - SUCCESS - <全國單日平均糧價>的資料已下載完成，共 9191 筆資料。
2026-02-10 02:06:46,185 - SUCCESS - <全國單日平均糧價>的資料已下載完成，共 9191 筆資料。
2026-02-10 02:06:46,417 - SUCCESS - 已下載、去重並合併資料完成現有資料 71 條，新資料 2 條。
2026-02-10 02:06:46,417 - SUCCESS - 已下載、去重並合併資料完成現有資料 71 條，新資料 2 條。
2026-02-10 02:06:46,612 - SUCCESS - 已下載 '全國單日平均糧價' 的原始 JSON 資料路徑: 'C:\Python\data_moa_gov_tw\raw_data\全國單日平均糧價\全國單日平均糧價.json'
2026-02-10 02:06:46,612 - SUCCESS - 已下載 '全國單日平均糧價' 的原始 JSON 資料路徑: 'C:\Python\data_moa_gov_tw\raw_data\全國單日平均糧價\全國單日平均糧價.json'
2026-02-10 02:06:46,636 - SUCCESS - 插入或更新 '全國單日平均糧價' 的 Metadata 成功。
2026-02-10 02:06:46,636 - SUCCESS - 插入或更新 '全國單日平均糧價' 的 Metadata 成功。
2026-02-10 02:06:46,654 - SUCCESS - 已成功批量插入 '全國單日平均糧價' 的總計 2 條記錄到表格 '1040001' 。
2026-02-10 02:06:46,654 - SUCCESS - 已成功批量插入 '全國單日平均糧價' 的總計 2 條記錄到表格 '1040001' 。
2026-02-10 02:06:46,654 - SUCCESS - '全國單日平均糧價' 的自動更新完成。
2026-02-10 02:06:46,654 - SUCCESS - '全國單日平均糧價' 的自動更新完成。
2026-02-10 02:06:48,942 - SUCCESS - 成功提取 '各觀測站近兩年降雨量' 的網頁 Metadata。
2026-02-10 02:06:48,942 - SUCCESS - 成功提取 '各觀測站近兩年降雨量' 的網頁 Metadata。
2026-02-10 02:06:50,412 - SUCCESS - 成功提取 '產銷履歷與有機蔬果行情' 的網頁 Metadata。
2026-02-10 02:06:50,412 - SUCCESS - 成功提取 '產銷履歷與有機蔬果行情' 的網頁 Metadata。
2026-02-10 02:06:50,462 - SUCCESS - '產銷履歷與有機蔬果行情' 的 Metadata 已更新到 metadata.json。
2026-02-10 02:06:50,462 - SUCCESS - '產銷履歷與有機蔬果行情' 的 Metadata 已更新到 metadata.json。
2026-02-10 02:06:52,787 - SUCCESS - <產銷履歷與有機蔬果行情>的資料已下載完成，共 2317 筆資料。
2026-02-10 02:06:52,787 - SUCCESS - <產銷履歷與有機蔬果行情>的資料已下載完成，共 2317 筆資料。
2026-02-10 02:07:06,775 - SUCCESS - 已下載、去重並合併資料完成現有資料 134148 條，新資料 81 條。
2026-02-10 02:07:06,775 - SUCCESS - 已下載、去重並合併資料完成現有資料 134148 條，新資料 81 條。
2026-02-10 02:07:10,050 - SUCCESS - 已下載 '產銷履歷與有機蔬果行情' 的原始 JSON 資料路徑: 'C:\Python\data_moa_gov_tw\raw_data\產銷履歷與有機蔬果行情\產銷履歷與有機蔬果行情.json'
2026-02-10 02:07:10,050 - SUCCESS - 已下載 '產銷履歷與有機蔬果行情' 的原始 JSON 資料路徑: 'C:\Python\data_moa_gov_tw\raw_data\產銷履歷與有機蔬果行情\產銷履歷與有機蔬果行情.json'
2026-02-10 02:07:10,054 - SUCCESS - 插入或更新 '產銷履歷與有機蔬果行情' 的 Metadata 成功。
2026-02-10 02:07:10,054 - SUCCESS - 插入或更新 '產銷履歷與有機蔬果行情' 的 Metadata 成功。
2026-02-10 02:07:10,111 - SUCCESS - 已成功批量插入 '產銷履歷與有機蔬果行情' 的總計 81 條記錄到表格 '1040003' 。
2026-02-10 02:07:10,111 - SUCCESS - 已成功批量插入 '產銷履歷與有機蔬果行情' 的總計 81 條記錄到表格 '1040003' 。
2026-02-10 02:07:10,152 - SUCCESS - '產銷履歷與有機蔬果行情' 的自動更新完成。
2026-02-10 02:07:10,152 - SUCCESS - '產銷履歷與有機蔬果行情' 的自動更新完成。
2026-02-10 02:07:11,626 - SUCCESS - 成功提取 '糧價查詢' 的網頁 Metadata。
2026-02-10 02:07:11,626 - SUCCESS - 成功提取 '糧價查詢' 的網頁 Metadata。
2026-02-10 02:07:11,672 - SUCCESS - '糧價查詢' 的 Metadata 已更新到 metadata.json。
2026-02-10 02:07:11,672 - SUCCESS - '糧價查詢' 的 Metadata 已更新到 metadata.json。
2026-02-10 02:07:13,952 - SUCCESS - <糧價查詢>的資料已下載完成，共 9999 筆資料。
2026-02-10 02:07:13,952 - SUCCESS - <糧價查詢>的資料已下載完成，共 9999 筆資料。
2026-02-10 02:07:14,222 - SUCCESS - 已下載、去重並合併資料完成現有資料 1860 條，新資料 40 條。
2026-02-10 02:07:14,222 - SUCCESS - 已下載、去重並合併資料完成現有資料 1860 條，新資料 40 條。
2026-02-10 02:07:15,440 - SUCCESS - 已下載 '糧價查詢' 的原始 JSON 資料路徑: 'C:\Python\data_moa_gov_tw\raw_data\糧價查詢\糧價查詢.json'
2026-02-10 02:07:15,440 - SUCCESS - 已下載 '糧價查詢' 的原始 JSON 資料路徑: 'C:\Python\data_moa_gov_tw\raw_data\糧價查詢\糧價查詢.json'
2026-02-10 02:07:15,446 - SUCCESS - 插入或更新 '糧價查詢' 的 Metadata 成功。
2026-02-10 02:07:15,446 - SUCCESS - 插入或更新 '糧價查詢' 的 Metadata 成功。
2026-02-10 02:07:15,486 - SUCCESS - 已成功批量插入 '糧價查詢' 的總計 40 條記錄到表格 '1040004' 。
2026-02-10 02:07:15,486 - SUCCESS - 已成功批量插入 '糧價查詢' 的總計 40 條記錄到表格 '1040004' 。
2026-02-10 02:07:15,487 - SUCCESS - '糧價查詢' 的自動更新完成。
2026-02-10 02:07:15,487 - SUCCESS - '糧價查詢' 的自動更新完成。
2026-02-10 02:07:17,450 - SUCCESS - 成功提取 '臺灣地區果品生產概況' 的網頁 Metadata。
2026-02-10 02:07:17,450 - SUCCESS - 成功提取 '臺灣地區果品生產概況' 的網頁 Metadata。
2026-02-10 02:07:19,233 - SUCCESS - 成功提取 '臺灣地區特用作物生產概況' 的網頁 Metadata。
2026-02-10 02:07:19,233 - SUCCESS - 成功提取 '臺灣地區特用作物生產概況' 的網頁 Metadata。
2026-02-10 02:07:21,032 - SUCCESS - 成功提取 '臺灣地區稻作種植、收穫面積及產量' 的網頁 Metadata。
2026-02-10 02:07:21,032 - SUCCESS - 成功提取 '臺灣地區稻作種植、收穫面積及產量' 的網頁 Metadata。
2026-02-10 02:07:22,683 - SUCCESS - 成功提取 '臺灣地區稻米生產價值' 的網頁 Metadata。
2026-02-10 02:07:22,683 - SUCCESS - 成功提取 '臺灣地區稻米生產價值' 的網頁 Metadata。
2026-02-10 02:07:24,518 - SUCCESS - 成功提取 '臺灣地區蔬菜生產概況' 的網頁 Metadata。
2026-02-10 02:07:24,518 - SUCCESS - 成功提取 '臺灣地區蔬菜生產概況' 的網頁 Metadata。
2026-02-10 02:07:26,577 - SUCCESS - 成功提取 '臺灣地區農產品生產量值' 的網頁 Metadata。
2026-02-10 02:07:26,577 - SUCCESS - 成功提取 '臺灣地區農產品生產量值' 的網頁 Metadata。
2026-02-10 02:07:28,454 - SUCCESS - 成功提取 '農情調查' 的網頁 Metadata。
2026-02-10 02:07:28,454 - SUCCESS - 成功提取 '農情調查' 的網頁 Metadata。
2026-02-10 02:07:28,502 - SUCCESS - '農情調查' 的 Metadata 已更新到 metadata.json。
2026-02-10 02:07:28,502 - SUCCESS - '農情調查' 的 Metadata 已更新到 metadata.json。
2026-02-10 02:07:31,543 - SUCCESS - <農情調查>的資料已下載完成，共 9999 筆資料。
2026-02-10 02:07:31,543 - SUCCESS - <農情調查>的資料已下載完成，共 9999 筆資料。
2026-02-10 02:07:31,561 - SUCCESS - 已下載、去重並合併資料完成現有資料 0 條，新資料 0 條。
2026-02-10 02:07:31,561 - SUCCESS - 已下載、去重並合併資料完成現有資料 0 條，新資料 0 條。
2026-02-10 02:07:32,889 - SUCCESS - 成功提取 '農產品交易行情' 的網頁 Metadata。
2026-02-10 02:07:32,889 - SUCCESS - 成功提取 '農產品交易行情' 的網頁 Metadata。
2026-02-10 02:07:32,937 - SUCCESS - '農產品交易行情' 的 Metadata 已更新到 metadata.json。
2026-02-10 02:07:32,937 - SUCCESS - '農產品交易行情' 的 Metadata 已更新到 metadata.json。
2026-02-10 02:07:42,975 - SUCCESS - <農產品交易行情>的資料已下載完成，共 7779 筆資料。
2026-02-10 02:07:42,975 - SUCCESS - <農產品交易行情>的資料已下載完成，共 7779 筆資料。
2026-02-10 02:07:56,491 - SUCCESS - 已下載、去重並合併資料完成現有資料 210098 條，新資料 1985 條。
2026-02-10 02:07:56,491 - SUCCESS - 已下載、去重並合併資料完成現有資料 210098 條，新資料 1985 條。
2026-02-10 02:08:02,826 - SUCCESS - 已下載 '農產品交易行情' 的原始 JSON 資料路徑: 'C:\Python\data_moa_gov_tw\raw_data\農產品交易行情\農產品交易行情.json'
2026-02-10 02:08:02,826 - SUCCESS - 已下載 '農產品交易行情' 的原始 JSON 資料路徑: 'C:\Python\data_moa_gov_tw\raw_data\農產品交易行情\農產品交易行情.json'
2026-02-10 02:08:02,834 - SUCCESS - 插入或更新 '農產品交易行情' 的 Metadata 成功。
2026-02-10 02:08:02,834 - SUCCESS - 插入或更新 '農產品交易行情' 的 Metadata 成功。
2026-02-10 02:08:03,794 - SUCCESS - 已成功批量插入 '農產品交易行情' 的總計 1985 條記錄到表格 '1040012' 。
2026-02-10 02:08:03,794 - SUCCESS - 已成功批量插入 '農產品交易行情' 的總計 1985 條記錄到表格 '1040012' 。
2026-02-10 02:08:03,881 - SUCCESS - '農產品交易行情' 的自動更新完成。
2026-02-10 02:08:03,881 - SUCCESS - '農產品交易行情' 的自動更新完成。
2026-02-10 02:08:05,547 - SUCCESS - 成功提取 '農產品產地價格(月平均價格)' 的網頁 Metadata。
2026-02-10 02:08:05,547 - SUCCESS - 成功提取 '農產品產地價格(月平均價格)' 的網頁 Metadata。
2026-02-10 02:08:08,094 - SUCCESS - 成功提取 '農產品產地價格資料' 的網頁 Metadata。
2026-02-10 02:08:08,094 - SUCCESS - 成功提取 '農產品產地價格資料' 的網頁 Metadata。
2026-02-10 02:08:08,157 - SUCCESS - '農產品產地價格資料' 的 Metadata 已更新到 metadata.json。
2026-02-10 02:08:08,157 - SUCCESS - '農產品產地價格資料' 的 Metadata 已更新到 metadata.json。
2026-02-10 02:08:08,843 - SUCCESS - <農產品產地價格資料>的資料已下載完成，共 9999 筆資料。
2026-02-10 02:08:08,843 - SUCCESS - <農產品產地價格資料>的資料已下載完成，共 9999 筆資料。
2026-02-10 02:08:09,277 - SUCCESS - 已下載、去重並合併資料完成現有資料 2447 條，新資料 2081 條。
2026-02-10 02:08:09,277 - SUCCESS - 已下載、去重並合併資料完成現有資料 2447 條，新資料 2081 條。
2026-02-10 02:08:10,754 - SUCCESS - 已下載 '農產品產地價格資料' 的原始 JSON 資料路徑: 'C:\Python\data_moa_gov_tw\raw_data\農產品產地價格資料\農產品產地價格資料.json'
2026-02-10 02:08:10,754 - SUCCESS - 已下載 '農產品產地價格資料' 的原始 JSON 資料路徑: 'C:\Python\data_moa_gov_tw\raw_data\農產品產地價格資料\農產品產地價格資料.json'
2026-02-10 02:08:10,760 - SUCCESS - 插入或更新 '農產品產地價格資料' 的 Metadata 成功。
2026-02-10 02:08:10,760 - SUCCESS - 插入或更新 '農產品產地價格資料' 的 Metadata 成功。
2026-02-10 02:08:11,586 - SUCCESS - 已成功批量插入 '農產品產地價格資料' 的總計 2081 條記錄到表格 '1040014' 。
2026-02-10 02:08:11,586 - SUCCESS - 已成功批量插入 '農產品產地價格資料' 的總計 2081 條記錄到表格 '1040014' 。
2026-02-10 02:08:11,586 - SUCCESS - '農產品產地價格資料' 的自動更新完成。
2026-02-10 02:08:11,586 - SUCCESS - '農產品產地價格資料' 的自動更新完成。
2026-02-10 02:08:12,850 - SUCCESS - 成功提取 '雜糧生產概況' 的網頁 Metadata。
2026-02-10 02:08:12,850 - SUCCESS - 成功提取 '雜糧生產概況' 的網頁 Metadata。
2026-02-10 02:08:13,854 - SUCCESS - 已成功儲存次要資訊。
2026-02-10 02:08:13,854 - SUCCESS - 已成功儲存次要資訊。
2026-02-10 02:08:13,854 - SUCCESS - 更新結果儲存成功:{'全國單日平均糧價': '已更新', '各觀測站近兩年降雨量': '未更新', '產銷履歷與有機蔬果行情': '已更新', '糧價查詢': '已更新', '臺灣地區果品生產概況': '未更新', '臺灣地區特用作物生產概況': '未更新', '臺灣地區稻作種植、收穫面積及產量': '未更新', '臺灣地區稻米生產價值': '未更新', '臺灣地區蔬菜生產概況': '未更新', '臺灣地區農產品生產量值': '未更新', '農情調查': '未更新', '農產品交易行情': '已更新', '農產品產地價格(月平均價格)': '未更新', '農產品產地價格資料': '已更新', '雜糧生產概況': '未更新'}
2026-02-10 02:08:13,854 - SUCCESS - 更新結果儲存成功:{'全國單日平均糧價': '已更新', '各觀測站近兩年降雨量': '未更新', '產銷履歷與有機蔬果行情': '已更新', '糧價查詢': '已更新', '臺灣地區果品生產概況': '未更新', '臺灣地區特用作物生產概況': '未更新', '臺灣地區稻作種植、收穫面積及產量': '未更新', '臺灣地區稻米生產價值': '未更新', '臺灣地區蔬菜生產概況': '未更新', '臺灣地區農產品生產量值': '未更新', '農情調查': '未更新', '農產品交易行情': '已更新', '農產品產地價格(月平均價格)': '未更新', '農產品產地價格資料': '已更新', '雜糧生產概況': '未更新'}
2026-02-10 23:43:52,297 - SUCCESS - 成功提取 '全國單日平均糧價' 的網頁 Metadata。
2026-02-10 23:43:52,297 - SUCCESS - 成功提取 '全國單日平均糧價' 的網頁 Metadata。
2026-02-10 23:43:52,341 - SUCCESS - '全國單日平均糧價' 的 Metadata 已更新到 metadata.json。
2026-02-10 23:43:52,341 - SUCCESS - '全國單日平均糧價' 的 Metadata 已更新到 metadata.json。
2026-02-10 23:43:53,875 - SUCCESS - <全國單日平均糧價>的資料已下載完成，共 9192 筆資料。
2026-02-10 23:43:53,875 - SUCCESS - <全國單日平均糧價>的資料已下載完成，共 9192 筆資料。
2026-02-10 23:43:54,089 - SUCCESS - 已下載、去重並合併資料完成現有資料 72 條，新資料 1 條。
2026-02-10 23:43:54,089 - SUCCESS - 已下載、去重並合併資料完成現有資料 72 條，新資料 1 條。
2026-02-10 23:43:54,277 - SUCCESS - 已下載 '全國單日平均糧價' 的原始 JSON 資料路徑: 'C:\Python\data_moa_gov_tw\raw_data\全國單日平均糧價\全國單日平均糧價.json'
2026-02-10 23:43:54,277 - SUCCESS - 已下載 '全國單日平均糧價' 的原始 JSON 資料路徑: 'C:\Python\data_moa_gov_tw\raw_data\全國單日平均糧價\全國單日平均糧價.json'
2026-02-10 23:43:54,311 - SUCCESS - 插入或更新 '全國單日平均糧價' 的 Metadata 成功。
2026-02-10 23:43:54,311 - SUCCESS - 插入或更新 '全國單日平均糧價' 的 Metadata 成功。
2026-02-10 23:43:54,335 - SUCCESS - 已成功批量插入 '全國單日平均糧價' 的總計 1 條記錄到表格 '1040001' 。
2026-02-10 23:43:54,335 - SUCCESS - 已成功批量插入 '全國單日平均糧價' 的總計 1 條記錄到表格 '1040001' 。
2026-02-10 23:43:54,335 - SUCCESS - '全國單日平均糧價' 的自動更新完成。
2026-02-10 23:43:54,335 - SUCCESS - '全國單日平均糧價' 的自動更新完成。
2026-02-10 23:43:56,697 - SUCCESS - 成功提取 '各觀測站近兩年降雨量' 的網頁 Metadata。
2026-02-10 23:43:56,697 - SUCCESS - 成功提取 '各觀測站近兩年降雨量' 的網頁 Metadata。
2026-02-10 23:43:57,996 - SUCCESS - 成功提取 '產銷履歷與有機蔬果行情' 的網頁 Metadata。
2026-02-10 23:43:57,996 - SUCCESS - 成功提取 '產銷履歷與有機蔬果行情' 的網頁 Metadata。
2026-02-10 23:43:58,055 - SUCCESS - '產銷履歷與有機蔬果行情' 的 Metadata 已更新到 metadata.json。
2026-02-10 23:43:58,055 - SUCCESS - '產銷履歷與有機蔬果行情' 的 Metadata 已更新到 metadata.json。
2026-02-10 23:44:01,511 - SUCCESS - <產銷履歷與有機蔬果行情>的資料已下載完成，共 2490 筆資料。
2026-02-10 23:44:01,511 - SUCCESS - <產銷履歷與有機蔬果行情>的資料已下載完成，共 2490 筆資料。
2026-02-10 23:44:13,414 - SUCCESS - 已下載、去重並合併資料完成現有資料 136557 條，新資料 2409 條。
2026-02-10 23:44:13,414 - SUCCESS - 已下載、去重並合併資料完成現有資料 136557 條，新資料 2409 條。
2026-02-10 23:44:16,743 - SUCCESS - 已下載 '產銷履歷與有機蔬果行情' 的原始 JSON 資料路徑: 'C:\Python\data_moa_gov_tw\raw_data\產銷履歷與有機蔬果行情\產銷履歷與有機蔬果行情.json'
2026-02-10 23:44:16,743 - SUCCESS - 已下載 '產銷履歷與有機蔬果行情' 的原始 JSON 資料路徑: 'C:\Python\data_moa_gov_tw\raw_data\產銷履歷與有機蔬果行情\產銷履歷與有機蔬果行情.json'
2026-02-10 23:44:16,757 - SUCCESS - 插入或更新 '產銷履歷與有機蔬果行情' 的 Metadata 成功。
2026-02-10 23:44:16,757 - SUCCESS - 插入或更新 '產銷履歷與有機蔬果行情' 的 Metadata 成功。
2026-02-10 23:44:17,927 - SUCCESS - 已成功批量插入 '產銷履歷與有機蔬果行情' 的總計 2409 條記錄到表格 '1040003' 。
2026-02-10 23:44:17,927 - SUCCESS - 已成功批量插入 '產銷履歷與有機蔬果行情' 的總計 2409 條記錄到表格 '1040003' 。
2026-02-10 23:44:17,975 - SUCCESS - '產銷履歷與有機蔬果行情' 的自動更新完成。
2026-02-10 23:44:17,975 - SUCCESS - '產銷履歷與有機蔬果行情' 的自動更新完成。
2026-02-10 23:44:21,606 - SUCCESS - 成功提取 '糧價查詢' 的網頁 Metadata。
2026-02-10 23:44:21,606 - SUCCESS - 成功提取 '糧價查詢' 的網頁 Metadata。
2026-02-10 23:44:21,656 - SUCCESS - '糧價查詢' 的 Metadata 已更新到 metadata.json。
2026-02-10 23:44:21,656 - SUCCESS - '糧價查詢' 的 Metadata 已更新到 metadata.json。
2026-02-10 23:44:32,196 - SUCCESS - <糧價查詢>的資料已下載完成，共 9999 筆資料。
2026-02-10 23:44:32,196 - SUCCESS - <糧價查詢>的資料已下載完成，共 9999 筆資料。
2026-02-10 23:44:32,391 - SUCCESS - 已下載、去重並合併資料完成現有資料 1880 條，新資料 20 條。
2026-02-10 23:44:32,391 - SUCCESS - 已下載、去重並合併資料完成現有資料 1880 條，新資料 20 條。
2026-02-10 23:44:33,351 - SUCCESS - 已下載 '糧價查詢' 的原始 JSON 資料路徑: 'C:\Python\data_moa_gov_tw\raw_data\糧價查詢\糧價查詢.json'
2026-02-10 23:44:33,351 - SUCCESS - 已下載 '糧價查詢' 的原始 JSON 資料路徑: 'C:\Python\data_moa_gov_tw\raw_data\糧價查詢\糧價查詢.json'
2026-02-10 23:44:33,355 - SUCCESS - 插入或更新 '糧價查詢' 的 Metadata 成功。
2026-02-10 23:44:33,355 - SUCCESS - 插入或更新 '糧價查詢' 的 Metadata 成功。
2026-02-10 23:44:33,400 - SUCCESS - 已成功批量插入 '糧價查詢' 的總計 20 條記錄到表格 '1040004' 。
2026-02-10 23:44:33,400 - SUCCESS - 已成功批量插入 '糧價查詢' 的總計 20 條記錄到表格 '1040004' 。
2026-02-10 23:44:33,400 - SUCCESS - '糧價查詢' 的自動更新完成。
2026-02-10 23:44:33,400 - SUCCESS - '糧價查詢' 的自動更新完成。
2026-02-10 23:44:35,751 - SUCCESS - 成功提取 '臺灣地區果品生產概況' 的網頁 Metadata。
2026-02-10 23:44:35,751 - SUCCESS - 成功提取 '臺灣地區果品生產概況' 的網頁 Metadata。
2026-02-10 23:44:37,259 - SUCCESS - 成功提取 '臺灣地區特用作物生產概況' 的網頁 Metadata。
2026-02-10 23:44:37,259 - SUCCESS - 成功提取 '臺灣地區特用作物生產概況' 的網頁 Metadata。
2026-02-10 23:44:38,863 - SUCCESS - 成功提取 '臺灣地區稻作種植、收穫面積及產量' 的網頁 Metadata。
2026-02-10 23:44:38,863 - SUCCESS - 成功提取 '臺灣地區稻作種植、收穫面積及產量' 的網頁 Metadata。
2026-02-10 23:44:40,326 - SUCCESS - 成功提取 '臺灣地區稻米生產價值' 的網頁 Metadata。
2026-02-10 23:44:40,326 - SUCCESS - 成功提取 '臺灣地區稻米生產價值' 的網頁 Metadata。
2026-02-10 23:44:41,815 - SUCCESS - 成功提取 '臺灣地區蔬菜生產概況' 的網頁 Metadata。
2026-02-10 23:44:41,815 - SUCCESS - 成功提取 '臺灣地區蔬菜生產概況' 的網頁 Metadata。
2026-02-10 23:44:43,786 - SUCCESS - 成功提取 '臺灣地區農產品生產量值' 的網頁 Metadata。
2026-02-10 23:44:43,786 - SUCCESS - 成功提取 '臺灣地區農產品生產量值' 的網頁 Metadata。
2026-02-10 23:44:45,915 - SUCCESS - 成功提取 '農情調查' 的網頁 Metadata。
2026-02-10 23:44:45,915 - SUCCESS - 成功提取 '農情調查' 的網頁 Metadata。
2026-02-10 23:44:45,971 - SUCCESS - '農情調查' 的 Metadata 已更新到 metadata.json。
2026-02-10 23:44:45,971 - SUCCESS - '農情調查' 的 Metadata 已更新到 metadata.json。
2026-02-10 23:44:49,939 - SUCCESS - <農情調查>的資料已下載完成，共 9999 筆資料。
2026-02-10 23:44:49,939 - SUCCESS - <農情調查>的資料已下載完成，共 9999 筆資料。
2026-02-10 23:44:49,960 - SUCCESS - 已下載、去重並合併資料完成現有資料 0 條，新資料 0 條。
2026-02-10 23:44:49,960 - SUCCESS - 已下載、去重並合併資料完成現有資料 0 條，新資料 0 條。
2026-02-10 23:44:51,427 - SUCCESS - 成功提取 '農產品交易行情' 的網頁 Metadata。
2026-02-10 23:44:51,427 - SUCCESS - 成功提取 '農產品交易行情' 的網頁 Metadata。
2026-02-10 23:44:51,468 - SUCCESS - '農產品交易行情' 的 Metadata 已更新到 metadata.json。
2026-02-10 23:44:51,468 - SUCCESS - '農產品交易行情' 的 Metadata 已更新到 metadata.json。
2026-02-10 23:45:04,760 - SUCCESS - <農產品交易行情>的資料已下載完成，共 11793 筆資料。
2026-02-10 23:45:04,760 - SUCCESS - <農產品交易行情>的資料已下載完成，共 11793 筆資料。
2026-02-10 23:45:17,876 - SUCCESS - 已下載、去重並合併資料完成現有資料 214112 條，新資料 4014 條。
2026-02-10 23:45:17,876 - SUCCESS - 已下載、去重並合併資料完成現有資料 214112 條，新資料 4014 條。
2026-02-10 23:45:22,831 - SUCCESS - 已下載 '農產品交易行情' 的原始 JSON 資料路徑: 'C:\Python\data_moa_gov_tw\raw_data\農產品交易行情\農產品交易行情.json'
2026-02-10 23:45:22,831 - SUCCESS - 已下載 '農產品交易行情' 的原始 JSON 資料路徑: 'C:\Python\data_moa_gov_tw\raw_data\農產品交易行情\農產品交易行情.json'
2026-02-10 23:45:22,835 - SUCCESS - 插入或更新 '農產品交易行情' 的 Metadata 成功。
2026-02-10 23:45:22,835 - SUCCESS - 插入或更新 '農產品交易行情' 的 Metadata 成功。
2026-02-10 23:45:24,550 - SUCCESS - 已成功批量插入 '農產品交易行情' 的總計 4014 條記錄到表格 '1040012' 。
2026-02-10 23:45:24,550 - SUCCESS - 已成功批量插入 '農產品交易行情' 的總計 4014 條記錄到表格 '1040012' 。
2026-02-10 23:45:24,641 - SUCCESS - '農產品交易行情' 的自動更新完成。
2026-02-10 23:45:24,641 - SUCCESS - '農產品交易行情' 的自動更新完成。
2026-02-10 23:45:26,221 - SUCCESS - 成功提取 '農產品產地價格(月平均價格)' 的網頁 Metadata。
2026-02-10 23:45:26,221 - SUCCESS - 成功提取 '農產品產地價格(月平均價格)' 的網頁 Metadata。
2026-02-10 23:45:27,986 - SUCCESS - 成功提取 '農產品產地價格資料' 的網頁 Metadata。
2026-02-10 23:45:27,986 - SUCCESS - 成功提取 '農產品產地價格資料' 的網頁 Metadata。
2026-02-10 23:45:29,455 - SUCCESS - 成功提取 '雜糧生產概況' 的網頁 Metadata。
2026-02-10 23:45:29,455 - SUCCESS - 成功提取 '雜糧生產概況' 的網頁 Metadata。
2026-02-10 23:45:30,467 - SUCCESS - 已成功儲存次要資訊。
2026-02-10 23:45:30,467 - SUCCESS - 已成功儲存次要資訊。
2026-02-10 23:45:30,467 - SUCCESS - 更新結果儲存成功:{'全國單日平均糧價': '已更新', '各觀測站近兩年降雨量': '未更新', '產銷履歷與有機蔬果行情': '已更新', '糧價查詢': '已更新', '臺灣地區果品生產概況': '未更新', '臺灣地區特用作物生產概況': '未更新', '臺灣地區稻作種植、收穫面積及產量': '未更新', '臺灣地區稻米生產價值': '未更新', '臺灣地區蔬菜生產概況': '未更新', '臺灣地區農產品生產量值': '未更新', '農情調查': '未更新', '農產品交易行情': '已更新', '農產品產地價格(月平均價格)': '未更新', '農產品產地價格資料': '未更新', '雜糧生產概況': '未更新'}
2026-02-10 23:45:30,467 - SUCCESS - 更新結果儲存成功:{'全國單日平均糧價': '已更新', '各觀測站近兩年降雨量': '未更新', '產銷履歷與有機蔬果行情': '已更新', '糧價查詢': '已更新', '臺灣地區果品生產概況': '未更新', '臺灣地區特用作物生產概況': '未更新', '臺灣地區稻作種植、收穫面積及產量': '未更新', '臺灣地區稻米生產價值': '未更新', '臺灣地區蔬菜生產概況': '未更新', '臺灣地區農產品生產量值': '未更新', '農情調查': '未更新', '農產品交易行情': '已更新', '農產品產地價格(月平均價格)': '未更新', '農產品產地價格資料': '未更新', '雜糧生產概況': '未更新'}
