2025-11-02 01:36:22,280 - SUCCESS - 成功提取 '全國單日平均糧價' 的網頁 Metadata。
2025-11-02 01:36:22,280 - SUCCESS - 成功提取 '全國單日平均糧價' 的網頁 Metadata。
2025-11-02 01:36:22,339 - SUCCESS - '全國單日平均糧價' 的 Metadata 已更新到 metadata.json。
2025-11-02 01:36:22,339 - SUCCESS - '全國單日平均糧價' 的 Metadata 已更新到 metadata.json。
2025-11-02 01:36:24,692 - SUCCESS - <全國單日平均糧價>的資料已下載完成，共 9090 筆資料。
2025-11-02 01:36:24,692 - SUCCESS - <全國單日平均糧價>的資料已下載完成，共 9090 筆資料。
2025-11-02 01:36:25,664 - SUCCESS - 已下載、去重並合併資料完成現有資料 9090 條，新資料 0 條。
2025-11-02 01:36:25,664 - SUCCESS - 已下載、去重並合併資料完成現有資料 9090 條，新資料 0 條。
2025-11-02 01:36:25,752 - SUCCESS - 插入或更新 '全國單日平均糧價' 的 Metadata 成功。
2025-11-02 01:36:25,752 - SUCCESS - 插入或更新 '全國單日平均糧價' 的 Metadata 成功。
2025-11-02 01:36:25,758 - SUCCESS - '全國單日平均糧價' 的自動更新完成。
2025-11-02 01:36:25,758 - SUCCESS - '全國單日平均糧價' 的自動更新完成。
2025-11-02 01:36:27,046 - SUCCESS - 成功提取 '各觀測站近兩年降雨量' 的網頁 Metadata。
2025-11-02 01:36:27,046 - SUCCESS - 成功提取 '各觀測站近兩年降雨量' 的網頁 Metadata。
2025-11-02 01:36:28,505 - SUCCESS - 成功提取 '產銷履歷與有機蔬果行情' 的網頁 Metadata。
2025-11-02 01:36:28,505 - SUCCESS - 成功提取 '產銷履歷與有機蔬果行情' 的網頁 Metadata。
2025-11-02 01:36:28,544 - SUCCESS - '產銷履歷與有機蔬果行情' 的 Metadata 已更新到 metadata.json。
2025-11-02 01:36:28,544 - SUCCESS - '產銷履歷與有機蔬果行情' 的 Metadata 已更新到 metadata.json。
2025-11-02 01:36:52,740 - SUCCESS - <產銷履歷與有機蔬果行情>的資料已下載完成，共 4535 筆資料。
2025-11-02 01:36:52,740 - SUCCESS - <產銷履歷與有機蔬果行情>的資料已下載完成，共 4535 筆資料。
2025-11-02 01:37:05,861 - SUCCESS - 已下載、去重並合併資料完成現有資料 195311 條，新資料 2249 條。
2025-11-02 01:37:05,861 - SUCCESS - 已下載、去重並合併資料完成現有資料 195311 條，新資料 2249 條。
2025-11-02 01:37:06,898 - SUCCESS - 已下載 '產銷履歷與有機蔬果行情' 的原始 JSON 資料路徑: 'C:\Python\data_moa_gov_tw\raw_data\產銷履歷與有機蔬果行情\產銷履歷與有機蔬果行情.json'
2025-11-02 01:37:06,898 - SUCCESS - 已下載 '產銷履歷與有機蔬果行情' 的原始 JSON 資料路徑: 'C:\Python\data_moa_gov_tw\raw_data\產銷履歷與有機蔬果行情\產銷履歷與有機蔬果行情.json'
2025-11-02 01:37:06,900 - SUCCESS - 插入或更新 '產銷履歷與有機蔬果行情' 的 Metadata 成功。
2025-11-02 01:37:06,900 - SUCCESS - 插入或更新 '產銷履歷與有機蔬果行情' 的 Metadata 成功。
2025-11-02 01:37:07,757 - SUCCESS - 已成功批量插入 '產銷履歷與有機蔬果行情' 的總計 2249 條記錄到表格 '1040003' 。
2025-11-02 01:37:07,757 - SUCCESS - 已成功批量插入 '產銷履歷與有機蔬果行情' 的總計 2249 條記錄到表格 '1040003' 。
2025-11-02 01:37:07,812 - SUCCESS - '產銷履歷與有機蔬果行情' 的自動更新完成。
2025-11-02 01:37:07,812 - SUCCESS - '產銷履歷與有機蔬果行情' 的自動更新完成。
2025-11-02 01:37:09,268 - SUCCESS - 成功提取 '糧價查詢' 的網頁 Metadata。
2025-11-02 01:37:09,268 - SUCCESS - 成功提取 '糧價查詢' 的網頁 Metadata。
2025-11-02 01:37:09,296 - SUCCESS - '糧價查詢' 的 Metadata 已更新到 metadata.json。
2025-11-02 01:37:09,296 - SUCCESS - '糧價查詢' 的 Metadata 已更新到 metadata.json。
2025-11-02 01:37:11,460 - SUCCESS - <糧價查詢>的資料已下載完成，共 9999 筆資料。
2025-11-02 01:37:11,460 - SUCCESS - <糧價查詢>的資料已下載完成，共 9999 筆資料。
2025-11-02 01:37:26,574 - SUCCESS - 已下載、去重並合併資料完成現有資料 240251 條，新資料 20 條。
2025-11-02 01:37:26,574 - SUCCESS - 已下載、去重並合併資料完成現有資料 240251 條，新資料 20 條。
2025-11-02 01:37:27,635 - SUCCESS - 已下載 '糧價查詢' 的原始 JSON 資料路徑: 'C:\Python\data_moa_gov_tw\raw_data\糧價查詢\糧價查詢.json'
2025-11-02 01:37:27,635 - SUCCESS - 已下載 '糧價查詢' 的原始 JSON 資料路徑: 'C:\Python\data_moa_gov_tw\raw_data\糧價查詢\糧價查詢.json'
2025-11-02 01:37:27,641 - SUCCESS - 插入或更新 '糧價查詢' 的 Metadata 成功。
2025-11-02 01:37:27,641 - SUCCESS - 插入或更新 '糧價查詢' 的 Metadata 成功。
2025-11-02 01:37:27,655 - SUCCESS - 已成功批量插入 '糧價查詢' 的總計 20 條記錄到表格 '1040004' 。
2025-11-02 01:37:27,655 - SUCCESS - 已成功批量插入 '糧價查詢' 的總計 20 條記錄到表格 '1040004' 。
2025-11-02 01:37:27,765 - SUCCESS - '糧價查詢' 的自動更新完成。
2025-11-02 01:37:27,765 - SUCCESS - '糧價查詢' 的自動更新完成。
2025-11-02 01:37:29,428 - SUCCESS - 成功提取 '臺灣地區果品生產概況' 的網頁 Metadata。
2025-11-02 01:37:29,428 - SUCCESS - 成功提取 '臺灣地區果品生產概況' 的網頁 Metadata。
2025-11-02 01:37:31,092 - SUCCESS - 成功提取 '臺灣地區特用作物生產概況' 的網頁 Metadata。
2025-11-02 01:37:31,092 - SUCCESS - 成功提取 '臺灣地區特用作物生產概況' 的網頁 Metadata。
2025-11-02 01:37:32,660 - SUCCESS - 成功提取 '臺灣地區稻作種植、收穫面積及產量' 的網頁 Metadata。
2025-11-02 01:37:32,660 - SUCCESS - 成功提取 '臺灣地區稻作種植、收穫面積及產量' 的網頁 Metadata。
2025-11-02 01:37:34,052 - SUCCESS - 成功提取 '臺灣地區稻米生產價值' 的網頁 Metadata。
2025-11-02 01:37:34,052 - SUCCESS - 成功提取 '臺灣地區稻米生產價值' 的網頁 Metadata。
2025-11-02 01:37:35,335 - SUCCESS - 成功提取 '臺灣地區蔬菜生產概況' 的網頁 Metadata。
2025-11-02 01:37:35,335 - SUCCESS - 成功提取 '臺灣地區蔬菜生產概況' 的網頁 Metadata。
2025-11-02 01:37:36,886 - SUCCESS - 成功提取 '臺灣地區農產品生產量值' 的網頁 Metadata。
2025-11-02 01:37:36,886 - SUCCESS - 成功提取 '臺灣地區農產品生產量值' 的網頁 Metadata。
2025-11-02 01:37:38,211 - SUCCESS - 成功提取 '農情調查' 的網頁 Metadata。
2025-11-02 01:37:38,211 - SUCCESS - 成功提取 '農情調查' 的網頁 Metadata。
2025-11-02 01:37:38,236 - SUCCESS - '農情調查' 的 Metadata 已更新到 metadata.json。
2025-11-02 01:37:38,236 - SUCCESS - '農情調查' 的 Metadata 已更新到 metadata.json。
2025-11-02 01:37:40,666 - SUCCESS - <農情調查>的資料已下載完成，共 9999 筆資料。
2025-11-02 01:37:40,666 - SUCCESS - <農情調查>的資料已下載完成，共 9999 筆資料。
2025-11-02 01:37:41,717 - SUCCESS - 已下載、去重並合併資料完成現有資料 45259 條，新資料 0 條。
2025-11-02 01:37:41,717 - SUCCESS - 已下載、去重並合併資料完成現有資料 45259 條，新資料 0 條。
2025-11-02 01:37:41,993 - SUCCESS - 插入或更新 '農情調查' 的 Metadata 成功。
2025-11-02 01:37:41,993 - SUCCESS - 插入或更新 '農情調查' 的 Metadata 成功。
2025-11-02 01:37:42,004 - SUCCESS - '農情調查' 的自動更新完成。
2025-11-02 01:37:42,004 - SUCCESS - '農情調查' 的自動更新完成。
2025-11-02 01:37:43,510 - SUCCESS - 成功提取 '農產品交易行情' 的網頁 Metadata。
2025-11-02 01:37:43,510 - SUCCESS - 成功提取 '農產品交易行情' 的網頁 Metadata。
2025-11-02 01:37:43,540 - SUCCESS - '農產品交易行情' 的 Metadata 已更新到 metadata.json。
2025-11-02 01:37:43,540 - SUCCESS - '農產品交易行情' 的 Metadata 已更新到 metadata.json。
2025-11-02 01:38:51,604 - SUCCESS - <農產品交易行情>的資料已下載完成，共 8838 筆資料。
2025-11-02 01:38:51,604 - SUCCESS - <農產品交易行情>的資料已下載完成，共 8838 筆資料。
2025-11-02 01:39:10,470 - SUCCESS - 已下載、去重並合併資料完成現有資料 395805 條，新資料 3395 條。
2025-11-02 01:39:10,470 - SUCCESS - 已下載、去重並合併資料完成現有資料 395805 條，新資料 3395 條。
2025-11-02 01:39:12,405 - SUCCESS - 已下載 '農產品交易行情' 的原始 JSON 資料路徑: 'C:\Python\data_moa_gov_tw\raw_data\農產品交易行情\農產品交易行情.json'
2025-11-02 01:39:12,405 - SUCCESS - 已下載 '農產品交易行情' 的原始 JSON 資料路徑: 'C:\Python\data_moa_gov_tw\raw_data\農產品交易行情\農產品交易行情.json'
2025-11-02 01:39:12,405 - SUCCESS - 插入或更新 '農產品交易行情' 的 Metadata 成功。
2025-11-02 01:39:12,405 - SUCCESS - 插入或更新 '農產品交易行情' 的 Metadata 成功。
2025-11-02 01:39:13,800 - SUCCESS - 已成功批量插入 '農產品交易行情' 的總計 3395 條記錄到表格 '1040012' 。
2025-11-02 01:39:13,800 - SUCCESS - 已成功批量插入 '農產品交易行情' 的總計 3395 條記錄到表格 '1040012' 。
2025-11-02 01:39:13,949 - SUCCESS - '農產品交易行情' 的自動更新完成。
2025-11-02 01:39:13,949 - SUCCESS - '農產品交易行情' 的自動更新完成。
2025-11-02 01:39:15,669 - SUCCESS - 成功提取 '農產品產地價格(月平均價格)' 的網頁 Metadata。
2025-11-02 01:39:15,669 - SUCCESS - 成功提取 '農產品產地價格(月平均價格)' 的網頁 Metadata。
2025-11-02 01:39:17,058 - SUCCESS - 成功提取 '農產品產地價格資料' 的網頁 Metadata。
2025-11-02 01:39:17,058 - SUCCESS - 成功提取 '農產品產地價格資料' 的網頁 Metadata。
2025-11-02 01:39:17,094 - SUCCESS - '農產品產地價格資料' 的 Metadata 已更新到 metadata.json。
2025-11-02 01:39:17,094 - SUCCESS - '農產品產地價格資料' 的 Metadata 已更新到 metadata.json。
2025-11-02 01:39:17,833 - SUCCESS - <農產品產地價格資料>的資料已下載完成，共 9999 筆資料。
2025-11-02 01:39:17,833 - SUCCESS - <農產品產地價格資料>的資料已下載完成，共 9999 筆資料。
2025-11-02 01:40:02,404 - SUCCESS - 已下載、去重並合併資料完成現有資料 343929 條，新資料 5 條。
2025-11-02 01:40:02,404 - SUCCESS - 已下載、去重並合併資料完成現有資料 343929 條，新資料 5 條。
2025-11-02 01:40:04,343 - SUCCESS - 已下載 '農產品產地價格資料' 的原始 JSON 資料路徑: 'C:\Python\data_moa_gov_tw\raw_data\農產品產地價格資料\農產品產地價格資料.json'
2025-11-02 01:40:04,343 - SUCCESS - 已下載 '農產品產地價格資料' 的原始 JSON 資料路徑: 'C:\Python\data_moa_gov_tw\raw_data\農產品產地價格資料\農產品產地價格資料.json'
2025-11-02 01:40:04,343 - SUCCESS - 插入或更新 '農產品產地價格資料' 的 Metadata 成功。
2025-11-02 01:40:04,343 - SUCCESS - 插入或更新 '農產品產地價格資料' 的 Metadata 成功。
2025-11-02 01:40:04,357 - SUCCESS - 已成功批量插入 '農產品產地價格資料' 的總計 5 條記錄到表格 '1040014' 。
2025-11-02 01:40:04,357 - SUCCESS - 已成功批量插入 '農產品產地價格資料' 的總計 5 條記錄到表格 '1040014' 。
2025-11-02 01:40:04,447 - SUCCESS - '農產品產地價格資料' 的自動更新完成。
2025-11-02 01:40:04,447 - SUCCESS - '農產品產地價格資料' 的自動更新完成。
2025-11-02 01:40:05,904 - SUCCESS - 成功提取 '雜糧生產概況' 的網頁 Metadata。
2025-11-02 01:40:05,904 - SUCCESS - 成功提取 '雜糧生產概況' 的網頁 Metadata。
2025-11-02 01:40:06,909 - SUCCESS - 已成功儲存次要資訊。
2025-11-02 01:40:06,909 - SUCCESS - 已成功儲存次要資訊。
2025-11-02 01:40:06,909 - SUCCESS - 更新結果儲存成功:{'全國單日平均糧價': '已更新', '各觀測站近兩年降雨量': '未更新', '產銷履歷與有機蔬果行情': '已更新', '糧價查詢': '已更新', '臺灣地區果品生產概況': '未更新', '臺灣地區特用作物生產概況': '未更新', '臺灣地區稻作種植、收穫面積及產量': '未更新', '臺灣地區稻米生產價值': '未更新', '臺灣地區蔬菜生產概況': '未更新', '臺灣地區農產品生產量值': '未更新', '農情調查': '已更新', '農產品交易行情': '已更新', '農產品產地價格(月平均價格)': '未更新', '農產品產地價格資料': '已更新', '雜糧生產概況': '未更新'}
2025-11-02 01:40:06,909 - SUCCESS - 更新結果儲存成功:{'全國單日平均糧價': '已更新', '各觀測站近兩年降雨量': '未更新', '產銷履歷與有機蔬果行情': '已更新', '糧價查詢': '已更新', '臺灣地區果品生產概況': '未更新', '臺灣地區特用作物生產概況': '未更新', '臺灣地區稻作種植、收穫面積及產量': '未更新', '臺灣地區稻米生產價值': '未更新', '臺灣地區蔬菜生產概況': '未更新', '臺灣地區農產品生產量值': '未更新', '農情調查': '已更新', '農產品交易行情': '已更新', '農產品產地價格(月平均價格)': '未更新', '農產品產地價格資料': '已更新', '雜糧生產概況': '未更新'}
