2025-12-11 00:48:43,892 - SUCCESS - 成功提取 '全國單日平均糧價' 的網頁 Metadata。
2025-12-11 00:48:43,892 - SUCCESS - 成功提取 '全國單日平均糧價' 的網頁 Metadata。
2025-12-11 00:48:43,942 - SUCCESS - '全國單日平均糧價' 的 Metadata 已更新到 metadata.json。
2025-12-11 00:48:43,942 - SUCCESS - '全國單日平均糧價' 的 Metadata 已更新到 metadata.json。
2025-12-11 00:48:46,206 - SUCCESS - <全國單日平均糧價>的資料已下載完成，共 9130 筆資料。
2025-12-11 00:48:46,206 - SUCCESS - <全國單日平均糧價>的資料已下載完成，共 9130 筆資料。
2025-12-11 00:48:47,789 - SUCCESS - 已下載、去重並合併資料完成現有資料 9130 條，新資料 1 條。
2025-12-11 00:48:47,789 - SUCCESS - 已下載、去重並合併資料完成現有資料 9130 條，新資料 1 條。
2025-12-11 00:48:47,851 - SUCCESS - 已下載 '全國單日平均糧價' 的原始 JSON 資料路徑: 'C:\Python\data_moa_gov_tw\raw_data\全國單日平均糧價\全國單日平均糧價.json'
2025-12-11 00:48:47,851 - SUCCESS - 已下載 '全國單日平均糧價' 的原始 JSON 資料路徑: 'C:\Python\data_moa_gov_tw\raw_data\全國單日平均糧價\全國單日平均糧價.json'
2025-12-11 00:48:47,894 - SUCCESS - 插入或更新 '全國單日平均糧價' 的 Metadata 成功。
2025-12-11 00:48:47,894 - SUCCESS - 插入或更新 '全國單日平均糧價' 的 Metadata 成功。
2025-12-11 00:48:47,932 - SUCCESS - 已成功批量插入 '全國單日平均糧價' 的總計 1 條記錄到表格 '1040001' 。
2025-12-11 00:48:47,932 - SUCCESS - 已成功批量插入 '全國單日平均糧價' 的總計 1 條記錄到表格 '1040001' 。
2025-12-11 00:48:47,940 - SUCCESS - '全國單日平均糧價' 的自動更新完成。
2025-12-11 00:48:47,940 - SUCCESS - '全國單日平均糧價' 的自動更新完成。
2025-12-11 00:48:49,418 - SUCCESS - 成功提取 '各觀測站近兩年降雨量' 的網頁 Metadata。
2025-12-11 00:48:49,418 - SUCCESS - 成功提取 '各觀測站近兩年降雨量' 的網頁 Metadata。
2025-12-11 00:48:51,032 - SUCCESS - 成功提取 '產銷履歷與有機蔬果行情' 的網頁 Metadata。
2025-12-11 00:48:51,032 - SUCCESS - 成功提取 '產銷履歷與有機蔬果行情' 的網頁 Metadata。
2025-12-11 00:48:51,129 - SUCCESS - '產銷履歷與有機蔬果行情' 的 Metadata 已更新到 metadata.json。
2025-12-11 00:48:51,129 - SUCCESS - '產銷履歷與有機蔬果行情' 的 Metadata 已更新到 metadata.json。
2025-12-11 00:48:59,572 - SUCCESS - <產銷履歷與有機蔬果行情>的資料已下載完成，共 4723 筆資料。
2025-12-11 00:48:59,572 - SUCCESS - <產銷履歷與有機蔬果行情>的資料已下載完成，共 4723 筆資料。
2025-12-11 00:49:20,741 - SUCCESS - 已下載、去重並合併資料完成現有資料 268314 條，新資料 2326 條。
2025-12-11 00:49:20,741 - SUCCESS - 已下載、去重並合併資料完成現有資料 268314 條，新資料 2326 條。
2025-12-11 00:49:22,248 - SUCCESS - 已下載 '產銷履歷與有機蔬果行情' 的原始 JSON 資料路徑: 'C:\Python\data_moa_gov_tw\raw_data\產銷履歷與有機蔬果行情\產銷履歷與有機蔬果行情.json'
2025-12-11 00:49:22,248 - SUCCESS - 已下載 '產銷履歷與有機蔬果行情' 的原始 JSON 資料路徑: 'C:\Python\data_moa_gov_tw\raw_data\產銷履歷與有機蔬果行情\產銷履歷與有機蔬果行情.json'
2025-12-11 00:49:22,254 - SUCCESS - 插入或更新 '產銷履歷與有機蔬果行情' 的 Metadata 成功。
2025-12-11 00:49:22,254 - SUCCESS - 插入或更新 '產銷履歷與有機蔬果行情' 的 Metadata 成功。
2025-12-11 00:49:23,205 - SUCCESS - 已成功批量插入 '產銷履歷與有機蔬果行情' 的總計 2326 條記錄到表格 '1040003' 。
2025-12-11 00:49:23,205 - SUCCESS - 已成功批量插入 '產銷履歷與有機蔬果行情' 的總計 2326 條記錄到表格 '1040003' 。
2025-12-11 00:49:23,275 - SUCCESS - '產銷履歷與有機蔬果行情' 的自動更新完成。
2025-12-11 00:49:23,275 - SUCCESS - '產銷履歷與有機蔬果行情' 的自動更新完成。
2025-12-11 00:49:24,717 - SUCCESS - 成功提取 '糧價查詢' 的網頁 Metadata。
2025-12-11 00:49:24,717 - SUCCESS - 成功提取 '糧價查詢' 的網頁 Metadata。
2025-12-11 00:49:24,746 - SUCCESS - '糧價查詢' 的 Metadata 已更新到 metadata.json。
2025-12-11 00:49:24,746 - SUCCESS - '糧價查詢' 的 Metadata 已更新到 metadata.json。
2025-12-11 00:49:26,279 - SUCCESS - <糧價查詢>的資料已下載完成，共 9999 筆資料。
2025-12-11 00:49:26,279 - SUCCESS - <糧價查詢>的資料已下載完成，共 9999 筆資料。
2025-12-11 00:49:27,007 - SUCCESS - 已下載、去重並合併資料完成現有資料 10079 條，新資料 20 條。
2025-12-11 00:49:27,007 - SUCCESS - 已下載、去重並合併資料完成現有資料 10079 條，新資料 20 條。
2025-12-11 00:49:27,790 - SUCCESS - 已下載 '糧價查詢' 的原始 JSON 資料路徑: 'C:\Python\data_moa_gov_tw\raw_data\糧價查詢\糧價查詢.json'
2025-12-11 00:49:27,790 - SUCCESS - 已下載 '糧價查詢' 的原始 JSON 資料路徑: 'C:\Python\data_moa_gov_tw\raw_data\糧價查詢\糧價查詢.json'
2025-12-11 00:49:27,790 - SUCCESS - 插入或更新 '糧價查詢' 的 Metadata 成功。
2025-12-11 00:49:27,790 - SUCCESS - 插入或更新 '糧價查詢' 的 Metadata 成功。
2025-12-11 00:49:27,801 - SUCCESS - 已成功批量插入 '糧價查詢' 的總計 20 條記錄到表格 '1040004' 。
2025-12-11 00:49:27,801 - SUCCESS - 已成功批量插入 '糧價查詢' 的總計 20 條記錄到表格 '1040004' 。
2025-12-11 00:49:27,818 - SUCCESS - '糧價查詢' 的自動更新完成。
2025-12-11 00:49:27,818 - SUCCESS - '糧價查詢' 的自動更新完成。
2025-12-11 00:49:29,414 - SUCCESS - 成功提取 '臺灣地區果品生產概況' 的網頁 Metadata。
2025-12-11 00:49:29,414 - SUCCESS - 成功提取 '臺灣地區果品生產概況' 的網頁 Metadata。
2025-12-11 00:49:30,738 - SUCCESS - 成功提取 '臺灣地區特用作物生產概況' 的網頁 Metadata。
2025-12-11 00:49:30,738 - SUCCESS - 成功提取 '臺灣地區特用作物生產概況' 的網頁 Metadata。
2025-12-11 00:49:32,264 - SUCCESS - 成功提取 '臺灣地區稻作種植、收穫面積及產量' 的網頁 Metadata。
2025-12-11 00:49:32,264 - SUCCESS - 成功提取 '臺灣地區稻作種植、收穫面積及產量' 的網頁 Metadata。
2025-12-11 00:49:33,735 - SUCCESS - 成功提取 '臺灣地區稻米生產價值' 的網頁 Metadata。
2025-12-11 00:49:33,735 - SUCCESS - 成功提取 '臺灣地區稻米生產價值' 的網頁 Metadata。
2025-12-11 00:49:35,202 - SUCCESS - 成功提取 '臺灣地區蔬菜生產概況' 的網頁 Metadata。
2025-12-11 00:49:35,202 - SUCCESS - 成功提取 '臺灣地區蔬菜生產概況' 的網頁 Metadata。
2025-12-11 00:49:36,747 - SUCCESS - 成功提取 '臺灣地區農產品生產量值' 的網頁 Metadata。
2025-12-11 00:49:36,747 - SUCCESS - 成功提取 '臺灣地區農產品生產量值' 的網頁 Metadata。
2025-12-11 00:49:38,083 - SUCCESS - 成功提取 '農情調查' 的網頁 Metadata。
2025-12-11 00:49:38,083 - SUCCESS - 成功提取 '農情調查' 的網頁 Metadata。
2025-12-11 00:49:38,120 - SUCCESS - '農情調查' 的 Metadata 已更新到 metadata.json。
2025-12-11 00:49:38,120 - SUCCESS - '農情調查' 的 Metadata 已更新到 metadata.json。
2025-12-11 00:49:41,363 - SUCCESS - <農情調查>的資料已下載完成，共 9999 筆資料。
2025-12-11 00:49:41,363 - SUCCESS - <農情調查>的資料已下載完成，共 9999 筆資料。
2025-12-11 00:49:42,448 - SUCCESS - 已下載、去重並合併資料完成現有資料 45259 條，新資料 0 條。
2025-12-11 00:49:42,448 - SUCCESS - 已下載、去重並合併資料完成現有資料 45259 條，新資料 0 條。
2025-12-11 00:49:42,750 - SUCCESS - 插入或更新 '農情調查' 的 Metadata 成功。
2025-12-11 00:49:42,750 - SUCCESS - 插入或更新 '農情調查' 的 Metadata 成功。
2025-12-11 00:49:42,762 - SUCCESS - '農情調查' 的自動更新完成。
2025-12-11 00:49:42,762 - SUCCESS - '農情調查' 的自動更新完成。
2025-12-11 00:49:44,170 - SUCCESS - 成功提取 '農產品交易行情' 的網頁 Metadata。
2025-12-11 00:49:44,170 - SUCCESS - 成功提取 '農產品交易行情' 的網頁 Metadata。
2025-12-11 00:49:44,200 - SUCCESS - '農產品交易行情' 的 Metadata 已更新到 metadata.json。
2025-12-11 00:49:44,200 - SUCCESS - '農產品交易行情' 的 Metadata 已更新到 metadata.json。
2025-12-11 00:49:56,111 - SUCCESS - <農產品交易行情>的資料已下載完成，共 8928 筆資料。
2025-12-11 00:49:56,111 - SUCCESS - <農產品交易行情>的資料已下載完成，共 8928 筆資料。
2025-12-11 00:50:21,003 - SUCCESS - 已下載、去重並合併資料完成現有資料 509143 條，新資料 4800 條。
2025-12-11 00:50:21,003 - SUCCESS - 已下載、去重並合併資料完成現有資料 509143 條，新資料 4800 條。
2025-12-11 00:50:23,634 - SUCCESS - 已下載 '農產品交易行情' 的原始 JSON 資料路徑: 'C:\Python\data_moa_gov_tw\raw_data\農產品交易行情\農產品交易行情.json'
2025-12-11 00:50:23,634 - SUCCESS - 已下載 '農產品交易行情' 的原始 JSON 資料路徑: 'C:\Python\data_moa_gov_tw\raw_data\農產品交易行情\農產品交易行情.json'
2025-12-11 00:50:23,634 - SUCCESS - 插入或更新 '農產品交易行情' 的 Metadata 成功。
2025-12-11 00:50:23,634 - SUCCESS - 插入或更新 '農產品交易行情' 的 Metadata 成功。
2025-12-11 00:50:25,629 - SUCCESS - 已成功批量插入 '農產品交易行情' 的總計 4799 條記錄到表格 '1040012' 。
2025-12-11 00:50:25,629 - SUCCESS - 已成功批量插入 '農產品交易行情' 的總計 4799 條記錄到表格 '1040012' 。
2025-12-11 00:50:25,838 - SUCCESS - '農產品交易行情' 的自動更新完成。
2025-12-11 00:50:25,838 - SUCCESS - '農產品交易行情' 的自動更新完成。
2025-12-11 00:50:27,590 - SUCCESS - 成功提取 '農產品產地價格(月平均價格)' 的網頁 Metadata。
2025-12-11 00:50:27,590 - SUCCESS - 成功提取 '農產品產地價格(月平均價格)' 的網頁 Metadata。
2025-12-11 00:50:29,162 - SUCCESS - 成功提取 '農產品產地價格資料' 的網頁 Metadata。
2025-12-11 00:50:29,162 - SUCCESS - 成功提取 '農產品產地價格資料' 的網頁 Metadata。
2025-12-11 00:50:29,200 - SUCCESS - '農產品產地價格資料' 的 Metadata 已更新到 metadata.json。
2025-12-11 00:50:29,200 - SUCCESS - '農產品產地價格資料' 的 Metadata 已更新到 metadata.json。
2025-12-11 00:50:29,893 - SUCCESS - <農產品產地價格資料>的資料已下載完成，共 9999 筆資料。
2025-12-11 00:50:29,893 - SUCCESS - <農產品產地價格資料>的資料已下載完成，共 9999 筆資料。
2025-12-11 00:51:16,452 - SUCCESS - 已下載、去重並合併資料完成現有資料 347981 條，新資料 2013 條。
2025-12-11 00:51:16,452 - SUCCESS - 已下載、去重並合併資料完成現有資料 347981 條，新資料 2013 條。
2025-12-11 00:51:18,465 - SUCCESS - 已下載 '農產品產地價格資料' 的原始 JSON 資料路徑: 'C:\Python\data_moa_gov_tw\raw_data\農產品產地價格資料\農產品產地價格資料.json'
2025-12-11 00:51:18,465 - SUCCESS - 已下載 '農產品產地價格資料' 的原始 JSON 資料路徑: 'C:\Python\data_moa_gov_tw\raw_data\農產品產地價格資料\農產品產地價格資料.json'
2025-12-11 00:51:18,465 - SUCCESS - 插入或更新 '農產品產地價格資料' 的 Metadata 成功。
2025-12-11 00:51:18,465 - SUCCESS - 插入或更新 '農產品產地價格資料' 的 Metadata 成功。
2025-12-11 00:51:19,267 - SUCCESS - 已成功批量插入 '農產品產地價格資料' 的總計 2013 條記錄到表格 '1040014' 。
2025-12-11 00:51:19,267 - SUCCESS - 已成功批量插入 '農產品產地價格資料' 的總計 2013 條記錄到表格 '1040014' 。
2025-12-11 00:51:19,354 - SUCCESS - '農產品產地價格資料' 的自動更新完成。
2025-12-11 00:51:19,354 - SUCCESS - '農產品產地價格資料' 的自動更新完成。
2025-12-11 00:51:20,789 - SUCCESS - 成功提取 '雜糧生產概況' 的網頁 Metadata。
2025-12-11 00:51:20,789 - SUCCESS - 成功提取 '雜糧生產概況' 的網頁 Metadata。
2025-12-11 00:51:21,800 - SUCCESS - 已成功儲存次要資訊。
2025-12-11 00:51:21,800 - SUCCESS - 已成功儲存次要資訊。
2025-12-11 00:51:21,800 - SUCCESS - 更新結果儲存成功:{'全國單日平均糧價': '已更新', '各觀測站近兩年降雨量': '未更新', '產銷履歷與有機蔬果行情': '已更新', '糧價查詢': '已更新', '臺灣地區果品生產概況': '未更新', '臺灣地區特用作物生產概況': '未更新', '臺灣地區稻作種植、收穫面積及產量': '未更新', '臺灣地區稻米生產價值': '未更新', '臺灣地區蔬菜生產概況': '未更新', '臺灣地區農產品生產量值': '未更新', '農情調查': '已更新', '農產品交易行情': '已更新', '農產品產地價格(月平均價格)': '未更新', '農產品產地價格資料': '已更新', '雜糧生產概況': '未更新'}
2025-12-11 00:51:21,800 - SUCCESS - 更新結果儲存成功:{'全國單日平均糧價': '已更新', '各觀測站近兩年降雨量': '未更新', '產銷履歷與有機蔬果行情': '已更新', '糧價查詢': '已更新', '臺灣地區果品生產概況': '未更新', '臺灣地區特用作物生產概況': '未更新', '臺灣地區稻作種植、收穫面積及產量': '未更新', '臺灣地區稻米生產價值': '未更新', '臺灣地區蔬菜生產概況': '未更新', '臺灣地區農產品生產量值': '未更新', '農情調查': '已更新', '農產品交易行情': '已更新', '農產品產地價格(月平均價格)': '未更新', '農產品產地價格資料': '已更新', '雜糧生產概況': '未更新'}
