2025-12-23 03:23:31,666 - SUCCESS - 成功提取 '全國單日平均糧價' 的網頁 Metadata。
2025-12-23 03:23:31,666 - SUCCESS - 成功提取 '全國單日平均糧價' 的網頁 Metadata。
2025-12-23 03:23:31,743 - SUCCESS - '全國單日平均糧價' 的 Metadata 已更新到 metadata.json。
2025-12-23 03:23:31,743 - SUCCESS - '全國單日平均糧價' 的 Metadata 已更新到 metadata.json。
2025-12-23 03:23:33,152 - SUCCESS - <全國單日平均糧價>的資料已下載完成，共 9142 筆資料。
2025-12-23 03:23:33,152 - SUCCESS - <全國單日平均糧價>的資料已下載完成，共 9142 筆資料。
2025-12-23 03:23:34,625 - SUCCESS - 已下載、去重並合併資料完成現有資料 9142 條，新資料 2 條。
2025-12-23 03:23:34,625 - SUCCESS - 已下載、去重並合併資料完成現有資料 9142 條，新資料 2 條。
2025-12-23 03:23:34,686 - SUCCESS - 已下載 '全國單日平均糧價' 的原始 JSON 資料路徑: 'C:\Python\data_moa_gov_tw\raw_data\全國單日平均糧價\全國單日平均糧價.json'
2025-12-23 03:23:34,686 - SUCCESS - 已下載 '全國單日平均糧價' 的原始 JSON 資料路徑: 'C:\Python\data_moa_gov_tw\raw_data\全國單日平均糧價\全國單日平均糧價.json'
2025-12-23 03:23:34,719 - SUCCESS - 插入或更新 '全國單日平均糧價' 的 Metadata 成功。
2025-12-23 03:23:34,719 - SUCCESS - 插入或更新 '全國單日平均糧價' 的 Metadata 成功。
2025-12-23 03:23:34,733 - SUCCESS - 已成功批量插入 '全國單日平均糧價' 的總計 2 條記錄到表格 '1040001' 。
2025-12-23 03:23:34,733 - SUCCESS - 已成功批量插入 '全國單日平均糧價' 的總計 2 條記錄到表格 '1040001' 。
2025-12-23 03:23:34,737 - SUCCESS - '全國單日平均糧價' 的自動更新完成。
2025-12-23 03:23:34,737 - SUCCESS - '全國單日平均糧價' 的自動更新完成。
2025-12-23 03:23:36,026 - SUCCESS - 成功提取 '各觀測站近兩年降雨量' 的網頁 Metadata。
2025-12-23 03:23:36,026 - SUCCESS - 成功提取 '各觀測站近兩年降雨量' 的網頁 Metadata。
2025-12-23 03:23:37,269 - SUCCESS - 成功提取 '產銷履歷與有機蔬果行情' 的網頁 Metadata。
2025-12-23 03:23:37,269 - SUCCESS - 成功提取 '產銷履歷與有機蔬果行情' 的網頁 Metadata。
2025-12-23 03:23:37,331 - SUCCESS - '產銷履歷與有機蔬果行情' 的 Metadata 已更新到 metadata.json。
2025-12-23 03:23:37,331 - SUCCESS - '產銷履歷與有機蔬果行情' 的 Metadata 已更新到 metadata.json。
2025-12-23 03:23:41,595 - SUCCESS - <產銷履歷與有機蔬果行情>的資料已下載完成，共 2258 筆資料。
2025-12-23 03:23:41,595 - SUCCESS - <產銷履歷與有機蔬果行情>的資料已下載完成，共 2258 筆資料。
2025-12-23 03:24:02,013 - SUCCESS - 已下載、去重並合併資料完成現有資料 289701 條，新資料 98 條。
2025-12-23 03:24:02,013 - SUCCESS - 已下載、去重並合併資料完成現有資料 289701 條，新資料 98 條。
2025-12-23 03:24:03,453 - SUCCESS - 已下載 '產銷履歷與有機蔬果行情' 的原始 JSON 資料路徑: 'C:\Python\data_moa_gov_tw\raw_data\產銷履歷與有機蔬果行情\產銷履歷與有機蔬果行情.json'
2025-12-23 03:24:03,453 - SUCCESS - 已下載 '產銷履歷與有機蔬果行情' 的原始 JSON 資料路徑: 'C:\Python\data_moa_gov_tw\raw_data\產銷履歷與有機蔬果行情\產銷履歷與有機蔬果行情.json'
2025-12-23 03:24:03,453 - SUCCESS - 插入或更新 '產銷履歷與有機蔬果行情' 的 Metadata 成功。
2025-12-23 03:24:03,453 - SUCCESS - 插入或更新 '產銷履歷與有機蔬果行情' 的 Metadata 成功。
2025-12-23 03:24:03,508 - SUCCESS - 已成功批量插入 '產銷履歷與有機蔬果行情' 的總計 98 條記錄到表格 '1040003' 。
2025-12-23 03:24:03,508 - SUCCESS - 已成功批量插入 '產銷履歷與有機蔬果行情' 的總計 98 條記錄到表格 '1040003' 。
2025-12-23 03:24:03,591 - SUCCESS - '產銷履歷與有機蔬果行情' 的自動更新完成。
2025-12-23 03:24:03,591 - SUCCESS - '產銷履歷與有機蔬果行情' 的自動更新完成。
2025-12-23 03:24:07,681 - SUCCESS - 成功提取 '糧價查詢' 的網頁 Metadata。
2025-12-23 03:24:07,681 - SUCCESS - 成功提取 '糧價查詢' 的網頁 Metadata。
2025-12-23 03:24:07,709 - SUCCESS - '糧價查詢' 的 Metadata 已更新到 metadata.json。
2025-12-23 03:24:07,709 - SUCCESS - '糧價查詢' 的 Metadata 已更新到 metadata.json。
2025-12-23 03:24:10,274 - SUCCESS - <糧價查詢>的資料已下載完成，共 9999 筆資料。
2025-12-23 03:24:10,274 - SUCCESS - <糧價查詢>的資料已下載完成，共 9999 筆資料。
2025-12-23 03:24:11,009 - SUCCESS - 已下載、去重並合併資料完成現有資料 10414 條，新資料 40 條。
2025-12-23 03:24:11,009 - SUCCESS - 已下載、去重並合併資料完成現有資料 10414 條，新資料 40 條。
2025-12-23 03:24:11,706 - SUCCESS - 已下載 '糧價查詢' 的原始 JSON 資料路徑: 'C:\Python\data_moa_gov_tw\raw_data\糧價查詢\糧價查詢.json'
2025-12-23 03:24:11,706 - SUCCESS - 已下載 '糧價查詢' 的原始 JSON 資料路徑: 'C:\Python\data_moa_gov_tw\raw_data\糧價查詢\糧價查詢.json'
2025-12-23 03:24:11,706 - SUCCESS - 插入或更新 '糧價查詢' 的 Metadata 成功。
2025-12-23 03:24:11,706 - SUCCESS - 插入或更新 '糧價查詢' 的 Metadata 成功。
2025-12-23 03:24:11,744 - SUCCESS - 已成功批量插入 '糧價查詢' 的總計 40 條記錄到表格 '1040004' 。
2025-12-23 03:24:11,744 - SUCCESS - 已成功批量插入 '糧價查詢' 的總計 40 條記錄到表格 '1040004' 。
2025-12-23 03:24:11,744 - SUCCESS - '糧價查詢' 的自動更新完成。
2025-12-23 03:24:11,744 - SUCCESS - '糧價查詢' 的自動更新完成。
2025-12-23 03:24:13,806 - SUCCESS - 成功提取 '臺灣地區果品生產概況' 的網頁 Metadata。
2025-12-23 03:24:13,806 - SUCCESS - 成功提取 '臺灣地區果品生產概況' 的網頁 Metadata。
2025-12-23 03:24:16,441 - SUCCESS - 成功提取 '臺灣地區特用作物生產概況' 的網頁 Metadata。
2025-12-23 03:24:16,441 - SUCCESS - 成功提取 '臺灣地區特用作物生產概況' 的網頁 Metadata。
2025-12-23 03:24:17,818 - SUCCESS - 成功提取 '臺灣地區稻作種植、收穫面積及產量' 的網頁 Metadata。
2025-12-23 03:24:17,818 - SUCCESS - 成功提取 '臺灣地區稻作種植、收穫面積及產量' 的網頁 Metadata。
2025-12-23 03:24:19,147 - SUCCESS - 成功提取 '臺灣地區稻米生產價值' 的網頁 Metadata。
2025-12-23 03:24:19,147 - SUCCESS - 成功提取 '臺灣地區稻米生產價值' 的網頁 Metadata。
2025-12-23 03:24:21,421 - SUCCESS - 成功提取 '臺灣地區蔬菜生產概況' 的網頁 Metadata。
2025-12-23 03:24:21,421 - SUCCESS - 成功提取 '臺灣地區蔬菜生產概況' 的網頁 Metadata。
2025-12-23 03:24:22,746 - SUCCESS - 成功提取 '臺灣地區農產品生產量值' 的網頁 Metadata。
2025-12-23 03:24:22,746 - SUCCESS - 成功提取 '臺灣地區農產品生產量值' 的網頁 Metadata。
2025-12-23 03:24:24,182 - SUCCESS - 成功提取 '農情調查' 的網頁 Metadata。
2025-12-23 03:24:24,182 - SUCCESS - 成功提取 '農情調查' 的網頁 Metadata。
2025-12-23 03:24:24,223 - SUCCESS - '農情調查' 的 Metadata 已更新到 metadata.json。
2025-12-23 03:24:24,223 - SUCCESS - '農情調查' 的 Metadata 已更新到 metadata.json。
2025-12-23 03:24:27,750 - SUCCESS - <農情調查>的資料已下載完成，共 9999 筆資料。
2025-12-23 03:24:27,750 - SUCCESS - <農情調查>的資料已下載完成，共 9999 筆資料。
2025-12-23 03:24:28,743 - SUCCESS - 已下載、去重並合併資料完成現有資料 45259 條，新資料 0 條。
2025-12-23 03:24:28,743 - SUCCESS - 已下載、去重並合併資料完成現有資料 45259 條，新資料 0 條。
2025-12-23 03:24:29,013 - SUCCESS - 插入或更新 '農情調查' 的 Metadata 成功。
2025-12-23 03:24:29,013 - SUCCESS - 插入或更新 '農情調查' 的 Metadata 成功。
2025-12-23 03:24:29,034 - SUCCESS - '農情調查' 的自動更新完成。
2025-12-23 03:24:29,034 - SUCCESS - '農情調查' 的自動更新完成。
2025-12-23 03:24:30,644 - SUCCESS - 成功提取 '農產品交易行情' 的網頁 Metadata。
2025-12-23 03:24:30,644 - SUCCESS - 成功提取 '農產品交易行情' 的網頁 Metadata。
2025-12-23 03:24:30,690 - SUCCESS - '農產品交易行情' 的 Metadata 已更新到 metadata.json。
2025-12-23 03:24:30,690 - SUCCESS - '農產品交易行情' 的 Metadata 已更新到 metadata.json。
2025-12-23 03:25:02,545 - SUCCESS - <農產品交易行情>的資料已下載完成，共 6581 筆資料。
2025-12-23 03:25:02,545 - SUCCESS - <農產品交易行情>的資料已下載完成，共 6581 筆資料。
2025-12-23 03:25:27,694 - SUCCESS - 已下載、去重並合併資料完成現有資料 543570 條，新資料 1382 條。
2025-12-23 03:25:27,694 - SUCCESS - 已下載、去重並合併資料完成現有資料 543570 條，新資料 1382 條。
2025-12-23 03:25:30,272 - SUCCESS - 已下載 '農產品交易行情' 的原始 JSON 資料路徑: 'C:\Python\data_moa_gov_tw\raw_data\農產品交易行情\農產品交易行情.json'
2025-12-23 03:25:30,272 - SUCCESS - 已下載 '農產品交易行情' 的原始 JSON 資料路徑: 'C:\Python\data_moa_gov_tw\raw_data\農產品交易行情\農產品交易行情.json'
2025-12-23 03:25:30,284 - SUCCESS - 插入或更新 '農產品交易行情' 的 Metadata 成功。
2025-12-23 03:25:30,284 - SUCCESS - 插入或更新 '農產品交易行情' 的 Metadata 成功。
2025-12-23 03:25:30,865 - SUCCESS - 已成功批量插入 '農產品交易行情' 的總計 1382 條記錄到表格 '1040012' 。
2025-12-23 03:25:30,865 - SUCCESS - 已成功批量插入 '農產品交易行情' 的總計 1382 條記錄到表格 '1040012' 。
2025-12-23 03:25:31,076 - SUCCESS - '農產品交易行情' 的自動更新完成。
2025-12-23 03:25:31,076 - SUCCESS - '農產品交易行情' 的自動更新完成。
2025-12-23 03:25:32,413 - SUCCESS - 成功提取 '農產品產地價格(月平均價格)' 的網頁 Metadata。
2025-12-23 03:25:32,413 - SUCCESS - 成功提取 '農產品產地價格(月平均價格)' 的網頁 Metadata。
2025-12-23 03:25:33,660 - SUCCESS - 成功提取 '農產品產地價格資料' 的網頁 Metadata。
2025-12-23 03:25:33,660 - SUCCESS - 成功提取 '農產品產地價格資料' 的網頁 Metadata。
2025-12-23 03:25:34,978 - SUCCESS - 成功提取 '雜糧生產概況' 的網頁 Metadata。
2025-12-23 03:25:34,978 - SUCCESS - 成功提取 '雜糧生產概況' 的網頁 Metadata。
2025-12-23 03:25:35,984 - SUCCESS - 已成功儲存次要資訊。
2025-12-23 03:25:35,984 - SUCCESS - 已成功儲存次要資訊。
2025-12-23 03:25:35,984 - SUCCESS - 更新結果儲存成功:{'全國單日平均糧價': '已更新', '各觀測站近兩年降雨量': '未更新', '產銷履歷與有機蔬果行情': '已更新', '糧價查詢': '已更新', '臺灣地區果品生產概況': '未更新', '臺灣地區特用作物生產概況': '未更新', '臺灣地區稻作種植、收穫面積及產量': '未更新', '臺灣地區稻米生產價值': '未更新', '臺灣地區蔬菜生產概況': '未更新', '臺灣地區農產品生產量值': '未更新', '農情調查': '已更新', '農產品交易行情': '已更新', '農產品產地價格(月平均價格)': '未更新', '農產品產地價格資料': '未更新', '雜糧生產概況': '未更新'}
2025-12-23 03:25:35,984 - SUCCESS - 更新結果儲存成功:{'全國單日平均糧價': '已更新', '各觀測站近兩年降雨量': '未更新', '產銷履歷與有機蔬果行情': '已更新', '糧價查詢': '已更新', '臺灣地區果品生產概況': '未更新', '臺灣地區特用作物生產概況': '未更新', '臺灣地區稻作種植、收穫面積及產量': '未更新', '臺灣地區稻米生產價值': '未更新', '臺灣地區蔬菜生產概況': '未更新', '臺灣地區農產品生產量值': '未更新', '農情調查': '已更新', '農產品交易行情': '已更新', '農產品產地價格(月平均價格)': '未更新', '農產品產地價格資料': '未更新', '雜糧生產概況': '未更新'}
2025-12-23 22:22:19,440 - SUCCESS - 成功提取 '全國單日平均糧價' 的網頁 Metadata。
2025-12-23 22:22:19,440 - SUCCESS - 成功提取 '全國單日平均糧價' 的網頁 Metadata。
2025-12-23 22:22:19,481 - SUCCESS - '全國單日平均糧價' 的 Metadata 已更新到 metadata.json。
2025-12-23 22:22:19,481 - SUCCESS - '全國單日平均糧價' 的 Metadata 已更新到 metadata.json。
2025-12-23 22:22:21,313 - SUCCESS - <全國單日平均糧價>的資料已下載完成，共 9143 筆資料。
2025-12-23 22:22:21,313 - SUCCESS - <全國單日平均糧價>的資料已下載完成，共 9143 筆資料。
2025-12-23 22:22:21,978 - SUCCESS - 已下載、去重並合併資料完成現有資料 9143 條，新資料 1 條。
2025-12-23 22:22:21,978 - SUCCESS - 已下載、去重並合併資料完成現有資料 9143 條，新資料 1 條。
2025-12-23 22:22:22,017 - SUCCESS - 已下載 '全國單日平均糧價' 的原始 JSON 資料路徑: 'C:\Python\data_moa_gov_tw\raw_data\全國單日平均糧價\全國單日平均糧價.json'
2025-12-23 22:22:22,017 - SUCCESS - 已下載 '全國單日平均糧價' 的原始 JSON 資料路徑: 'C:\Python\data_moa_gov_tw\raw_data\全國單日平均糧價\全國單日平均糧價.json'
2025-12-23 22:22:22,037 - SUCCESS - 插入或更新 '全國單日平均糧價' 的 Metadata 成功。
2025-12-23 22:22:22,037 - SUCCESS - 插入或更新 '全國單日平均糧價' 的 Metadata 成功。
2025-12-23 22:22:22,047 - SUCCESS - 已成功批量插入 '全國單日平均糧價' 的總計 1 條記錄到表格 '1040001' 。
2025-12-23 22:22:22,047 - SUCCESS - 已成功批量插入 '全國單日平均糧價' 的總計 1 條記錄到表格 '1040001' 。
2025-12-23 22:22:22,051 - SUCCESS - '全國單日平均糧價' 的自動更新完成。
2025-12-23 22:22:22,051 - SUCCESS - '全國單日平均糧價' 的自動更新完成。
2025-12-23 22:22:23,325 - SUCCESS - 成功提取 '各觀測站近兩年降雨量' 的網頁 Metadata。
2025-12-23 22:22:23,325 - SUCCESS - 成功提取 '各觀測站近兩年降雨量' 的網頁 Metadata。
2025-12-23 22:22:24,618 - SUCCESS - 成功提取 '產銷履歷與有機蔬果行情' 的網頁 Metadata。
2025-12-23 22:22:24,618 - SUCCESS - 成功提取 '產銷履歷與有機蔬果行情' 的網頁 Metadata。
2025-12-23 22:22:24,664 - SUCCESS - '產銷履歷與有機蔬果行情' 的 Metadata 已更新到 metadata.json。
2025-12-23 22:22:24,664 - SUCCESS - '產銷履歷與有機蔬果行情' 的 Metadata 已更新到 metadata.json。
2025-12-23 22:22:27,942 - SUCCESS - <產銷履歷與有機蔬果行情>的資料已下載完成，共 2499 筆資料。
2025-12-23 22:22:27,942 - SUCCESS - <產銷履歷與有機蔬果行情>的資料已下載完成，共 2499 筆資料。
2025-12-23 22:22:51,194 - SUCCESS - 已下載、去重並合併資料完成現有資料 292102 條，新資料 2401 條。
2025-12-23 22:22:51,194 - SUCCESS - 已下載、去重並合併資料完成現有資料 292102 條，新資料 2401 條。
2025-12-23 22:22:52,845 - SUCCESS - 已下載 '產銷履歷與有機蔬果行情' 的原始 JSON 資料路徑: 'C:\Python\data_moa_gov_tw\raw_data\產銷履歷與有機蔬果行情\產銷履歷與有機蔬果行情.json'
2025-12-23 22:22:52,845 - SUCCESS - 已下載 '產銷履歷與有機蔬果行情' 的原始 JSON 資料路徑: 'C:\Python\data_moa_gov_tw\raw_data\產銷履歷與有機蔬果行情\產銷履歷與有機蔬果行情.json'
2025-12-23 22:22:52,850 - SUCCESS - 插入或更新 '產銷履歷與有機蔬果行情' 的 Metadata 成功。
2025-12-23 22:22:52,850 - SUCCESS - 插入或更新 '產銷履歷與有機蔬果行情' 的 Metadata 成功。
2025-12-23 22:22:53,935 - SUCCESS - 已成功批量插入 '產銷履歷與有機蔬果行情' 的總計 2401 條記錄到表格 '1040003' 。
2025-12-23 22:22:53,935 - SUCCESS - 已成功批量插入 '產銷履歷與有機蔬果行情' 的總計 2401 條記錄到表格 '1040003' 。
2025-12-23 22:22:54,024 - SUCCESS - '產銷履歷與有機蔬果行情' 的自動更新完成。
2025-12-23 22:22:54,024 - SUCCESS - '產銷履歷與有機蔬果行情' 的自動更新完成。
2025-12-23 22:22:55,800 - SUCCESS - 成功提取 '糧價查詢' 的網頁 Metadata。
2025-12-23 22:22:55,800 - SUCCESS - 成功提取 '糧價查詢' 的網頁 Metadata。
2025-12-23 22:22:55,840 - SUCCESS - '糧價查詢' 的 Metadata 已更新到 metadata.json。
2025-12-23 22:22:55,840 - SUCCESS - '糧價查詢' 的 Metadata 已更新到 metadata.json。
2025-12-23 22:22:59,293 - SUCCESS - <糧價查詢>的資料已下載完成，共 9999 筆資料。
2025-12-23 22:22:59,293 - SUCCESS - <糧價查詢>的資料已下載完成，共 9999 筆資料。
2025-12-23 22:23:00,118 - SUCCESS - 已下載、去重並合併資料完成現有資料 10434 條，新資料 20 條。
2025-12-23 22:23:00,118 - SUCCESS - 已下載、去重並合併資料完成現有資料 10434 條，新資料 20 條。
2025-12-23 22:23:00,985 - SUCCESS - 已下載 '糧價查詢' 的原始 JSON 資料路徑: 'C:\Python\data_moa_gov_tw\raw_data\糧價查詢\糧價查詢.json'
2025-12-23 22:23:00,985 - SUCCESS - 已下載 '糧價查詢' 的原始 JSON 資料路徑: 'C:\Python\data_moa_gov_tw\raw_data\糧價查詢\糧價查詢.json'
2025-12-23 22:23:00,991 - SUCCESS - 插入或更新 '糧價查詢' 的 Metadata 成功。
2025-12-23 22:23:00,991 - SUCCESS - 插入或更新 '糧價查詢' 的 Metadata 成功。
2025-12-23 22:23:01,007 - SUCCESS - 已成功批量插入 '糧價查詢' 的總計 20 條記錄到表格 '1040004' 。
2025-12-23 22:23:01,007 - SUCCESS - 已成功批量插入 '糧價查詢' 的總計 20 條記錄到表格 '1040004' 。
2025-12-23 22:23:01,012 - SUCCESS - '糧價查詢' 的自動更新完成。
2025-12-23 22:23:01,012 - SUCCESS - '糧價查詢' 的自動更新完成。
2025-12-23 22:23:02,262 - SUCCESS - 成功提取 '臺灣地區果品生產概況' 的網頁 Metadata。
2025-12-23 22:23:02,262 - SUCCESS - 成功提取 '臺灣地區果品生產概況' 的網頁 Metadata。
2025-12-23 22:23:04,675 - SUCCESS - 成功提取 '臺灣地區特用作物生產概況' 的網頁 Metadata。
2025-12-23 22:23:04,675 - SUCCESS - 成功提取 '臺灣地區特用作物生產概況' 的網頁 Metadata。
2025-12-23 22:23:06,092 - SUCCESS - 成功提取 '臺灣地區稻作種植、收穫面積及產量' 的網頁 Metadata。
2025-12-23 22:23:06,092 - SUCCESS - 成功提取 '臺灣地區稻作種植、收穫面積及產量' 的網頁 Metadata。
2025-12-23 22:23:07,417 - SUCCESS - 成功提取 '臺灣地區稻米生產價值' 的網頁 Metadata。
2025-12-23 22:23:07,417 - SUCCESS - 成功提取 '臺灣地區稻米生產價值' 的網頁 Metadata。
2025-12-23 22:23:09,877 - SUCCESS - 成功提取 '臺灣地區蔬菜生產概況' 的網頁 Metadata。
2025-12-23 22:23:09,877 - SUCCESS - 成功提取 '臺灣地區蔬菜生產概況' 的網頁 Metadata。
2025-12-23 22:23:11,233 - SUCCESS - 成功提取 '臺灣地區農產品生產量值' 的網頁 Metadata。
2025-12-23 22:23:11,233 - SUCCESS - 成功提取 '臺灣地區農產品生產量值' 的網頁 Metadata。
2025-12-23 22:23:12,581 - SUCCESS - 成功提取 '農情調查' 的網頁 Metadata。
2025-12-23 22:23:12,581 - SUCCESS - 成功提取 '農情調查' 的網頁 Metadata。
2025-12-23 22:23:12,626 - SUCCESS - '農情調查' 的 Metadata 已更新到 metadata.json。
2025-12-23 22:23:12,626 - SUCCESS - '農情調查' 的 Metadata 已更新到 metadata.json。
2025-12-23 22:23:15,732 - SUCCESS - <農情調查>的資料已下載完成，共 9999 筆資料。
2025-12-23 22:23:15,732 - SUCCESS - <農情調查>的資料已下載完成，共 9999 筆資料。
2025-12-23 22:23:16,834 - SUCCESS - 已下載、去重並合併資料完成現有資料 45259 條，新資料 0 條。
2025-12-23 22:23:16,834 - SUCCESS - 已下載、去重並合併資料完成現有資料 45259 條，新資料 0 條。
2025-12-23 22:23:17,131 - SUCCESS - 插入或更新 '農情調查' 的 Metadata 成功。
2025-12-23 22:23:17,131 - SUCCESS - 插入或更新 '農情調查' 的 Metadata 成功。
2025-12-23 22:23:17,144 - SUCCESS - '農情調查' 的自動更新完成。
2025-12-23 22:23:17,144 - SUCCESS - '農情調查' 的自動更新完成。
2025-12-23 22:23:18,516 - SUCCESS - 成功提取 '農產品交易行情' 的網頁 Metadata。
2025-12-23 22:23:18,516 - SUCCESS - 成功提取 '農產品交易行情' 的網頁 Metadata。
2025-12-23 22:23:18,560 - SUCCESS - '農產品交易行情' 的 Metadata 已更新到 metadata.json。
2025-12-23 22:23:18,560 - SUCCESS - '農產品交易行情' 的 Metadata 已更新到 metadata.json。
2025-12-23 22:23:42,433 - SUCCESS - <農產品交易行情>的資料已下載完成，共 10370 筆資料。
2025-12-23 22:23:42,433 - SUCCESS - <農產品交易行情>的資料已下載完成，共 10370 筆資料。
2025-12-23 22:24:12,913 - SUCCESS - 已下載、去重並合併資料完成現有資料 547359 條，新資料 3789 條。
2025-12-23 22:24:12,913 - SUCCESS - 已下載、去重並合併資料完成現有資料 547359 條，新資料 3789 條。
2025-12-23 22:24:16,003 - SUCCESS - 已下載 '農產品交易行情' 的原始 JSON 資料路徑: 'C:\Python\data_moa_gov_tw\raw_data\農產品交易行情\農產品交易行情.json'
2025-12-23 22:24:16,003 - SUCCESS - 已下載 '農產品交易行情' 的原始 JSON 資料路徑: 'C:\Python\data_moa_gov_tw\raw_data\農產品交易行情\農產品交易行情.json'
2025-12-23 22:24:16,010 - SUCCESS - 插入或更新 '農產品交易行情' 的 Metadata 成功。
2025-12-23 22:24:16,010 - SUCCESS - 插入或更新 '農產品交易行情' 的 Metadata 成功。
2025-12-23 22:24:17,748 - SUCCESS - 已成功批量插入 '農產品交易行情' 的總計 3789 條記錄到表格 '1040012' 。
2025-12-23 22:24:17,748 - SUCCESS - 已成功批量插入 '農產品交易行情' 的總計 3789 條記錄到表格 '1040012' 。
2025-12-23 22:24:17,980 - SUCCESS - '農產品交易行情' 的自動更新完成。
2025-12-23 22:24:17,980 - SUCCESS - '農產品交易行情' 的自動更新完成。
2025-12-23 22:24:20,225 - SUCCESS - 成功提取 '農產品產地價格(月平均價格)' 的網頁 Metadata。
2025-12-23 22:24:20,225 - SUCCESS - 成功提取 '農產品產地價格(月平均價格)' 的網頁 Metadata。
2025-12-23 22:24:21,593 - SUCCESS - 成功提取 '農產品產地價格資料' 的網頁 Metadata。
2025-12-23 22:24:21,593 - SUCCESS - 成功提取 '農產品產地價格資料' 的網頁 Metadata。
2025-12-23 22:24:22,883 - SUCCESS - 成功提取 '雜糧生產概況' 的網頁 Metadata。
2025-12-23 22:24:22,883 - SUCCESS - 成功提取 '雜糧生產概況' 的網頁 Metadata。
2025-12-23 22:24:23,890 - SUCCESS - 已成功儲存次要資訊。
2025-12-23 22:24:23,890 - SUCCESS - 已成功儲存次要資訊。
2025-12-23 22:24:23,890 - SUCCESS - 更新結果儲存成功:{'全國單日平均糧價': '已更新', '各觀測站近兩年降雨量': '未更新', '產銷履歷與有機蔬果行情': '已更新', '糧價查詢': '已更新', '臺灣地區果品生產概況': '未更新', '臺灣地區特用作物生產概況': '未更新', '臺灣地區稻作種植、收穫面積及產量': '未更新', '臺灣地區稻米生產價值': '未更新', '臺灣地區蔬菜生產概況': '未更新', '臺灣地區農產品生產量值': '未更新', '農情調查': '已更新', '農產品交易行情': '已更新', '農產品產地價格(月平均價格)': '未更新', '農產品產地價格資料': '未更新', '雜糧生產概況': '未更新'}
2025-12-23 22:24:23,890 - SUCCESS - 更新結果儲存成功:{'全國單日平均糧價': '已更新', '各觀測站近兩年降雨量': '未更新', '產銷履歷與有機蔬果行情': '已更新', '糧價查詢': '已更新', '臺灣地區果品生產概況': '未更新', '臺灣地區特用作物生產概況': '未更新', '臺灣地區稻作種植、收穫面積及產量': '未更新', '臺灣地區稻米生產價值': '未更新', '臺灣地區蔬菜生產概況': '未更新', '臺灣地區農產品生產量值': '未更新', '農情調查': '已更新', '農產品交易行情': '已更新', '農產品產地價格(月平均價格)': '未更新', '農產品產地價格資料': '未更新', '雜糧生產概況': '未更新'}
