2025-12-06 00:14:15,425 - SUCCESS - 成功提取 '全國單日平均糧價' 的網頁 Metadata。
2025-12-06 00:14:15,425 - SUCCESS - 成功提取 '全國單日平均糧價' 的網頁 Metadata。
2025-12-06 00:14:15,517 - SUCCESS - '全國單日平均糧價' 的 Metadata 已更新到 metadata.json。
2025-12-06 00:14:15,517 - SUCCESS - '全國單日平均糧價' 的 Metadata 已更新到 metadata.json。
2025-12-06 00:14:29,244 - SUCCESS - <全國單日平均糧價>的資料已下載完成，共 9125 筆資料。
2025-12-06 00:14:29,244 - SUCCESS - <全國單日平均糧價>的資料已下載完成，共 9125 筆資料。
2025-12-06 00:14:31,186 - SUCCESS - 已下載、去重並合併資料完成現有資料 9125 條，新資料 2 條。
2025-12-06 00:14:31,186 - SUCCESS - 已下載、去重並合併資料完成現有資料 9125 條，新資料 2 條。
2025-12-06 00:14:31,254 - SUCCESS - 已下載 '全國單日平均糧價' 的原始 JSON 資料路徑: 'C:\Python\data_moa_gov_tw\raw_data\全國單日平均糧價\全國單日平均糧價.json'
2025-12-06 00:14:31,254 - SUCCESS - 已下載 '全國單日平均糧價' 的原始 JSON 資料路徑: 'C:\Python\data_moa_gov_tw\raw_data\全國單日平均糧價\全國單日平均糧價.json'
2025-12-06 00:14:31,311 - SUCCESS - 插入或更新 '全國單日平均糧價' 的 Metadata 成功。
2025-12-06 00:14:31,311 - SUCCESS - 插入或更新 '全國單日平均糧價' 的 Metadata 成功。
2025-12-06 00:14:31,331 - SUCCESS - 已成功批量插入 '全國單日平均糧價' 的總計 2 條記錄到表格 '1040001' 。
2025-12-06 00:14:31,331 - SUCCESS - 已成功批量插入 '全國單日平均糧價' 的總計 2 條記錄到表格 '1040001' 。
2025-12-06 00:14:31,340 - SUCCESS - '全國單日平均糧價' 的自動更新完成。
2025-12-06 00:14:31,340 - SUCCESS - '全國單日平均糧價' 的自動更新完成。
2025-12-06 00:14:32,730 - SUCCESS - 成功提取 '各觀測站近兩年降雨量' 的網頁 Metadata。
2025-12-06 00:14:32,730 - SUCCESS - 成功提取 '各觀測站近兩年降雨量' 的網頁 Metadata。
2025-12-06 00:14:34,740 - SUCCESS - 成功提取 '產銷履歷與有機蔬果行情' 的網頁 Metadata。
2025-12-06 00:14:34,740 - SUCCESS - 成功提取 '產銷履歷與有機蔬果行情' 的網頁 Metadata。
2025-12-06 00:14:34,794 - SUCCESS - '產銷履歷與有機蔬果行情' 的 Metadata 已更新到 metadata.json。
2025-12-06 00:14:34,794 - SUCCESS - '產銷履歷與有機蔬果行情' 的 Metadata 已更新到 metadata.json。
2025-12-06 00:14:42,195 - SUCCESS - <產銷履歷與有機蔬果行情>的資料已下載完成，共 4519 筆資料。
2025-12-06 00:14:42,195 - SUCCESS - <產銷履歷與有機蔬果行情>的資料已下載完成，共 4519 筆資料。
2025-12-06 00:15:07,363 - SUCCESS - 已下載、去重並合併資料完成現有資料 259098 條，新資料 4519 條。
2025-12-06 00:15:07,363 - SUCCESS - 已下載、去重並合併資料完成現有資料 259098 條，新資料 4519 條。
2025-12-06 00:15:09,004 - SUCCESS - 已下載 '產銷履歷與有機蔬果行情' 的原始 JSON 資料路徑: 'C:\Python\data_moa_gov_tw\raw_data\產銷履歷與有機蔬果行情\產銷履歷與有機蔬果行情.json'
2025-12-06 00:15:09,004 - SUCCESS - 已下載 '產銷履歷與有機蔬果行情' 的原始 JSON 資料路徑: 'C:\Python\data_moa_gov_tw\raw_data\產銷履歷與有機蔬果行情\產銷履歷與有機蔬果行情.json'
2025-12-06 00:15:09,008 - SUCCESS - 插入或更新 '產銷履歷與有機蔬果行情' 的 Metadata 成功。
2025-12-06 00:15:09,008 - SUCCESS - 插入或更新 '產銷履歷與有機蔬果行情' 的 Metadata 成功。
2025-12-06 00:15:11,165 - SUCCESS - 已成功批量插入 '產銷履歷與有機蔬果行情' 的總計 4519 條記錄到表格 '1040003' 。
2025-12-06 00:15:11,165 - SUCCESS - 已成功批量插入 '產銷履歷與有機蔬果行情' 的總計 4519 條記錄到表格 '1040003' 。
2025-12-06 00:15:11,243 - SUCCESS - '產銷履歷與有機蔬果行情' 的自動更新完成。
2025-12-06 00:15:11,243 - SUCCESS - '產銷履歷與有機蔬果行情' 的自動更新完成。
2025-12-06 00:15:14,997 - SUCCESS - 成功提取 '糧價查詢' 的網頁 Metadata。
2025-12-06 00:15:14,997 - SUCCESS - 成功提取 '糧價查詢' 的網頁 Metadata。
2025-12-06 00:15:15,025 - SUCCESS - '糧價查詢' 的 Metadata 已更新到 metadata.json。
2025-12-06 00:15:15,025 - SUCCESS - '糧價查詢' 的 Metadata 已更新到 metadata.json。
2025-12-06 00:15:16,315 - SUCCESS - <糧價查詢>的資料已下載完成，共 9999 筆資料。
2025-12-06 00:15:16,315 - SUCCESS - <糧價查詢>的資料已下載完成，共 9999 筆資料。
2025-12-06 00:15:32,584 - SUCCESS - 已下載、去重並合併資料完成現有資料 241123 條，新資料 40 條。
2025-12-06 00:15:32,584 - SUCCESS - 已下載、去重並合併資料完成現有資料 241123 條，新資料 40 條。
2025-12-06 00:15:33,737 - SUCCESS - 已下載 '糧價查詢' 的原始 JSON 資料路徑: 'C:\Python\data_moa_gov_tw\raw_data\糧價查詢\糧價查詢.json'
2025-12-06 00:15:33,737 - SUCCESS - 已下載 '糧價查詢' 的原始 JSON 資料路徑: 'C:\Python\data_moa_gov_tw\raw_data\糧價查詢\糧價查詢.json'
2025-12-06 00:15:33,743 - SUCCESS - 插入或更新 '糧價查詢' 的 Metadata 成功。
2025-12-06 00:15:33,743 - SUCCESS - 插入或更新 '糧價查詢' 的 Metadata 成功。
2025-12-06 00:15:33,774 - SUCCESS - 已成功批量插入 '糧價查詢' 的總計 40 條記錄到表格 '1040004' 。
2025-12-06 00:15:33,774 - SUCCESS - 已成功批量插入 '糧價查詢' 的總計 40 條記錄到表格 '1040004' 。
2025-12-06 00:15:33,888 - SUCCESS - '糧價查詢' 的自動更新完成。
2025-12-06 00:15:33,888 - SUCCESS - '糧價查詢' 的自動更新完成。
2025-12-06 00:15:37,058 - SUCCESS - 成功提取 '臺灣地區果品生產概況' 的網頁 Metadata。
2025-12-06 00:15:37,058 - SUCCESS - 成功提取 '臺灣地區果品生產概況' 的網頁 Metadata。
2025-12-06 00:15:40,724 - SUCCESS - 成功提取 '臺灣地區特用作物生產概況' 的網頁 Metadata。
2025-12-06 00:15:40,724 - SUCCESS - 成功提取 '臺灣地區特用作物生產概況' 的網頁 Metadata。
2025-12-06 00:15:42,455 - SUCCESS - 成功提取 '臺灣地區稻作種植、收穫面積及產量' 的網頁 Metadata。
2025-12-06 00:15:42,455 - SUCCESS - 成功提取 '臺灣地區稻作種植、收穫面積及產量' 的網頁 Metadata。
2025-12-06 00:15:43,848 - SUCCESS - 成功提取 '臺灣地區稻米生產價值' 的網頁 Metadata。
2025-12-06 00:15:43,848 - SUCCESS - 成功提取 '臺灣地區稻米生產價值' 的網頁 Metadata。
2025-12-06 00:15:46,863 - SUCCESS - 成功提取 '臺灣地區蔬菜生產概況' 的網頁 Metadata。
2025-12-06 00:15:46,863 - SUCCESS - 成功提取 '臺灣地區蔬菜生產概況' 的網頁 Metadata。
2025-12-06 00:15:48,204 - SUCCESS - 成功提取 '臺灣地區農產品生產量值' 的網頁 Metadata。
2025-12-06 00:15:48,204 - SUCCESS - 成功提取 '臺灣地區農產品生產量值' 的網頁 Metadata。
2025-12-06 00:15:49,549 - SUCCESS - 成功提取 '農情調查' 的網頁 Metadata。
2025-12-06 00:15:49,549 - SUCCESS - 成功提取 '農情調查' 的網頁 Metadata。
2025-12-06 00:15:49,589 - SUCCESS - '農情調查' 的 Metadata 已更新到 metadata.json。
2025-12-06 00:15:49,589 - SUCCESS - '農情調查' 的 Metadata 已更新到 metadata.json。
2025-12-06 00:15:53,111 - SUCCESS - <農情調查>的資料已下載完成，共 9999 筆資料。
2025-12-06 00:15:53,111 - SUCCESS - <農情調查>的資料已下載完成，共 9999 筆資料。
2025-12-06 00:15:54,254 - SUCCESS - 已下載、去重並合併資料完成現有資料 45259 條，新資料 0 條。
2025-12-06 00:15:54,254 - SUCCESS - 已下載、去重並合併資料完成現有資料 45259 條，新資料 0 條。
2025-12-06 00:15:54,544 - SUCCESS - 插入或更新 '農情調查' 的 Metadata 成功。
2025-12-06 00:15:54,544 - SUCCESS - 插入或更新 '農情調查' 的 Metadata 成功。
2025-12-06 00:15:54,562 - SUCCESS - '農情調查' 的自動更新完成。
2025-12-06 00:15:54,562 - SUCCESS - '農情調查' 的自動更新完成。
2025-12-06 00:15:56,017 - SUCCESS - 成功提取 '農產品交易行情' 的網頁 Metadata。
2025-12-06 00:15:56,017 - SUCCESS - 成功提取 '農產品交易行情' 的網頁 Metadata。
2025-12-06 00:15:56,055 - SUCCESS - '農產品交易行情' 的 Metadata 已更新到 metadata.json。
2025-12-06 00:15:56,055 - SUCCESS - '農產品交易行情' 的 Metadata 已更新到 metadata.json。
2025-12-06 00:16:03,130 - SUCCESS - <農產品交易行情>的資料已下載完成，共 10589 筆資料。
2025-12-06 00:16:03,130 - SUCCESS - <農產品交易行情>的資料已下載完成，共 10589 筆資料。
2025-12-06 00:16:29,943 - SUCCESS - 已下載、去重並合併資料完成現有資料 495686 條，新資料 6944 條。
2025-12-06 00:16:29,943 - SUCCESS - 已下載、去重並合併資料完成現有資料 495686 條，新資料 6944 條。
2025-12-06 00:16:32,831 - SUCCESS - 已下載 '農產品交易行情' 的原始 JSON 資料路徑: 'C:\Python\data_moa_gov_tw\raw_data\農產品交易行情\農產品交易行情.json'
2025-12-06 00:16:32,831 - SUCCESS - 已下載 '農產品交易行情' 的原始 JSON 資料路徑: 'C:\Python\data_moa_gov_tw\raw_data\農產品交易行情\農產品交易行情.json'
2025-12-06 00:16:32,835 - SUCCESS - 插入或更新 '農產品交易行情' 的 Metadata 成功。
2025-12-06 00:16:32,835 - SUCCESS - 插入或更新 '農產品交易行情' 的 Metadata 成功。
2025-12-06 00:16:36,245 - SUCCESS - 已成功批量插入 '農產品交易行情' 的總計 6942 條記錄到表格 '1040012' 。
2025-12-06 00:16:36,245 - SUCCESS - 已成功批量插入 '農產品交易行情' 的總計 6942 條記錄到表格 '1040012' 。
2025-12-06 00:16:36,471 - SUCCESS - '農產品交易行情' 的自動更新完成。
2025-12-06 00:16:36,471 - SUCCESS - '農產品交易行情' 的自動更新完成。
2025-12-06 00:16:39,146 - SUCCESS - 成功提取 '農產品產地價格(月平均價格)' 的網頁 Metadata。
2025-12-06 00:16:39,146 - SUCCESS - 成功提取 '農產品產地價格(月平均價格)' 的網頁 Metadata。
2025-12-06 00:16:40,502 - SUCCESS - 成功提取 '農產品產地價格資料' 的網頁 Metadata。
2025-12-06 00:16:40,502 - SUCCESS - 成功提取 '農產品產地價格資料' 的網頁 Metadata。
2025-12-06 00:16:40,542 - SUCCESS - '農產品產地價格資料' 的 Metadata 已更新到 metadata.json。
2025-12-06 00:16:40,542 - SUCCESS - '農產品產地價格資料' 的 Metadata 已更新到 metadata.json。
2025-12-06 00:16:41,727 - SUCCESS - <農產品產地價格資料>的資料已下載完成，共 9999 筆資料。
2025-12-06 00:16:41,727 - SUCCESS - <農產品產地價格資料>的資料已下載完成，共 9999 筆資料。
2025-12-06 00:17:33,462 - SUCCESS - 已下載、去重並合併資料完成現有資料 345938 條，新資料 16 條。
2025-12-06 00:17:33,462 - SUCCESS - 已下載、去重並合併資料完成現有資料 345938 條，新資料 16 條。
2025-12-06 00:17:35,766 - SUCCESS - 已下載 '農產品產地價格資料' 的原始 JSON 資料路徑: 'C:\Python\data_moa_gov_tw\raw_data\農產品產地價格資料\農產品產地價格資料.json'
2025-12-06 00:17:35,766 - SUCCESS - 已下載 '農產品產地價格資料' 的原始 JSON 資料路徑: 'C:\Python\data_moa_gov_tw\raw_data\農產品產地價格資料\農產品產地價格資料.json'
2025-12-06 00:17:35,773 - SUCCESS - 插入或更新 '農產品產地價格資料' 的 Metadata 成功。
2025-12-06 00:17:35,773 - SUCCESS - 插入或更新 '農產品產地價格資料' 的 Metadata 成功。
2025-12-06 00:17:35,794 - SUCCESS - 已成功批量插入 '農產品產地價格資料' 的總計 16 條記錄到表格 '1040014' 。
2025-12-06 00:17:35,794 - SUCCESS - 已成功批量插入 '農產品產地價格資料' 的總計 16 條記錄到表格 '1040014' 。
2025-12-06 00:17:35,892 - SUCCESS - '農產品產地價格資料' 的自動更新完成。
2025-12-06 00:17:35,892 - SUCCESS - '農產品產地價格資料' 的自動更新完成。
2025-12-06 00:17:37,374 - SUCCESS - 成功提取 '雜糧生產概況' 的網頁 Metadata。
2025-12-06 00:17:37,374 - SUCCESS - 成功提取 '雜糧生產概況' 的網頁 Metadata。
2025-12-06 00:17:38,378 - SUCCESS - 已成功儲存次要資訊。
2025-12-06 00:17:38,378 - SUCCESS - 已成功儲存次要資訊。
2025-12-06 00:17:38,378 - SUCCESS - 更新結果儲存成功:{'全國單日平均糧價': '已更新', '各觀測站近兩年降雨量': '未更新', '產銷履歷與有機蔬果行情': '已更新', '糧價查詢': '已更新', '臺灣地區果品生產概況': '未更新', '臺灣地區特用作物生產概況': '未更新', '臺灣地區稻作種植、收穫面積及產量': '未更新', '臺灣地區稻米生產價值': '未更新', '臺灣地區蔬菜生產概況': '未更新', '臺灣地區農產品生產量值': '未更新', '農情調查': '已更新', '農產品交易行情': '已更新', '農產品產地價格(月平均價格)': '未更新', '農產品產地價格資料': '已更新', '雜糧生產概況': '未更新'}
2025-12-06 00:17:38,378 - SUCCESS - 更新結果儲存成功:{'全國單日平均糧價': '已更新', '各觀測站近兩年降雨量': '未更新', '產銷履歷與有機蔬果行情': '已更新', '糧價查詢': '已更新', '臺灣地區果品生產概況': '未更新', '臺灣地區特用作物生產概況': '未更新', '臺灣地區稻作種植、收穫面積及產量': '未更新', '臺灣地區稻米生產價值': '未更新', '臺灣地區蔬菜生產概況': '未更新', '臺灣地區農產品生產量值': '未更新', '農情調查': '已更新', '農產品交易行情': '已更新', '農產品產地價格(月平均價格)': '未更新', '農產品產地價格資料': '已更新', '雜糧生產概況': '未更新'}
2025-12-06 23:53:07,266 - SUCCESS - 成功提取 '全國單日平均糧價' 的網頁 Metadata。
2025-12-06 23:53:07,266 - SUCCESS - 成功提取 '全國單日平均糧價' 的網頁 Metadata。
2025-12-06 23:53:07,337 - SUCCESS - '全國單日平均糧價' 的 Metadata 已更新到 metadata.json。
2025-12-06 23:53:07,337 - SUCCESS - '全國單日平均糧價' 的 Metadata 已更新到 metadata.json。
2025-12-06 23:53:13,027 - SUCCESS - <全國單日平均糧價>的資料已下載完成，共 9125 筆資料。
2025-12-06 23:53:13,027 - SUCCESS - <全國單日平均糧價>的資料已下載完成，共 9125 筆資料。
2025-12-06 23:53:13,527 - SUCCESS - 已下載、去重並合併資料完成現有資料 9125 條，新資料 0 條。
2025-12-06 23:53:13,527 - SUCCESS - 已下載、去重並合併資料完成現有資料 9125 條，新資料 0 條。
2025-12-06 23:53:13,594 - SUCCESS - 插入或更新 '全國單日平均糧價' 的 Metadata 成功。
2025-12-06 23:53:13,594 - SUCCESS - 插入或更新 '全國單日平均糧價' 的 Metadata 成功。
2025-12-06 23:53:13,598 - SUCCESS - '全國單日平均糧價' 的自動更新完成。
2025-12-06 23:53:13,598 - SUCCESS - '全國單日平均糧價' 的自動更新完成。
2025-12-06 23:53:17,592 - SUCCESS - 成功提取 '各觀測站近兩年降雨量' 的網頁 Metadata。
2025-12-06 23:53:17,592 - SUCCESS - 成功提取 '各觀測站近兩年降雨量' 的網頁 Metadata。
2025-12-06 23:53:24,014 - SUCCESS - 成功提取 '產銷履歷與有機蔬果行情' 的網頁 Metadata。
2025-12-06 23:53:24,014 - SUCCESS - 成功提取 '產銷履歷與有機蔬果行情' 的網頁 Metadata。
2025-12-06 23:53:24,045 - SUCCESS - '產銷履歷與有機蔬果行情' 的 Metadata 已更新到 metadata.json。
2025-12-06 23:53:24,045 - SUCCESS - '產銷履歷與有機蔬果行情' 的 Metadata 已更新到 metadata.json。
2025-12-06 23:58:26,968 - SUCCESS - 已下載、去重並合併資料完成現有資料 0 條，新資料 0 條。
2025-12-06 23:58:26,968 - SUCCESS - 已下載、去重並合併資料完成現有資料 0 條，新資料 0 條。
2025-12-06 23:58:35,082 - SUCCESS - 成功提取 '糧價查詢' 的網頁 Metadata。
2025-12-06 23:58:35,082 - SUCCESS - 成功提取 '糧價查詢' 的網頁 Metadata。
2025-12-06 23:58:35,127 - SUCCESS - '糧價查詢' 的 Metadata 已更新到 metadata.json。
2025-12-06 23:58:35,127 - SUCCESS - '糧價查詢' 的 Metadata 已更新到 metadata.json。
2025-12-07 00:02:15,212 - SUCCESS - <糧價查詢>的資料已下載完成，共 4537 筆資料。
2025-12-07 00:02:15,212 - SUCCESS - <糧價查詢>的資料已下載完成，共 4537 筆資料。
2025-12-07 00:02:18,776 - SUCCESS - 已下載、去重並合併資料完成現有資料 4537 條，新資料 4537 條。
2025-12-07 00:02:18,776 - SUCCESS - 已下載、去重並合併資料完成現有資料 4537 條，新資料 4537 條。
2025-12-07 00:02:19,592 - SUCCESS - 已下載 '糧價查詢' 的原始 JSON 資料路徑: 'C:\Python\data_moa_gov_tw\raw_data\糧價查詢\糧價查詢.json'
2025-12-07 00:02:19,592 - SUCCESS - 已下載 '糧價查詢' 的原始 JSON 資料路徑: 'C:\Python\data_moa_gov_tw\raw_data\糧價查詢\糧價查詢.json'
2025-12-07 00:02:19,592 - SUCCESS - 插入或更新 '糧價查詢' 的 Metadata 成功。
2025-12-07 00:02:19,592 - SUCCESS - 插入或更新 '糧價查詢' 的 Metadata 成功。
2025-12-07 00:02:22,915 - SUCCESS - 已成功批量插入 '糧價查詢' 的總計 4537 條記錄到表格 '1040004' 。
2025-12-07 00:02:22,915 - SUCCESS - 已成功批量插入 '糧價查詢' 的總計 4537 條記錄到表格 '1040004' 。
2025-12-07 00:02:22,920 - SUCCESS - '糧價查詢' 的自動更新完成。
2025-12-07 00:02:22,920 - SUCCESS - '糧價查詢' 的自動更新完成。
2025-12-07 00:02:28,072 - SUCCESS - 成功提取 '臺灣地區果品生產概況' 的網頁 Metadata。
2025-12-07 00:02:28,072 - SUCCESS - 成功提取 '臺灣地區果品生產概況' 的網頁 Metadata。
2025-12-07 00:02:37,682 - SUCCESS - 成功提取 '臺灣地區特用作物生產概況' 的網頁 Metadata。
2025-12-07 00:02:37,682 - SUCCESS - 成功提取 '臺灣地區特用作物生產概況' 的網頁 Metadata。
2025-12-07 00:02:42,472 - SUCCESS - 成功提取 '臺灣地區稻作種植、收穫面積及產量' 的網頁 Metadata。
2025-12-07 00:02:42,472 - SUCCESS - 成功提取 '臺灣地區稻作種植、收穫面積及產量' 的網頁 Metadata。
2025-12-07 00:02:44,486 - SUCCESS - 成功提取 '臺灣地區稻米生產價值' 的網頁 Metadata。
2025-12-07 00:02:44,486 - SUCCESS - 成功提取 '臺灣地區稻米生產價值' 的網頁 Metadata。
2025-12-07 00:02:53,224 - SUCCESS - 成功提取 '臺灣地區蔬菜生產概況' 的網頁 Metadata。
2025-12-07 00:02:53,224 - SUCCESS - 成功提取 '臺灣地區蔬菜生產概況' 的網頁 Metadata。
2025-12-07 00:02:55,641 - SUCCESS - 成功提取 '臺灣地區農產品生產量值' 的網頁 Metadata。
2025-12-07 00:02:55,641 - SUCCESS - 成功提取 '臺灣地區農產品生產量值' 的網頁 Metadata。
2025-12-07 00:03:06,106 - SUCCESS - 成功提取 '農情調查' 的網頁 Metadata。
2025-12-07 00:03:06,106 - SUCCESS - 成功提取 '農情調查' 的網頁 Metadata。
2025-12-07 00:03:06,160 - SUCCESS - '農情調查' 的 Metadata 已更新到 metadata.json。
2025-12-07 00:03:06,160 - SUCCESS - '農情調查' 的 Metadata 已更新到 metadata.json。
2025-12-07 00:03:35,085 - SUCCESS - <農情調查>的資料已下載完成，共 9999 筆資料。
2025-12-07 00:03:35,085 - SUCCESS - <農情調查>的資料已下載完成，共 9999 筆資料。
2025-12-07 00:03:36,006 - SUCCESS - 已下載、去重並合併資料完成現有資料 45259 條，新資料 0 條。
2025-12-07 00:03:36,006 - SUCCESS - 已下載、去重並合併資料完成現有資料 45259 條，新資料 0 條。
2025-12-07 00:03:36,303 - SUCCESS - 插入或更新 '農情調查' 的 Metadata 成功。
2025-12-07 00:03:36,303 - SUCCESS - 插入或更新 '農情調查' 的 Metadata 成功。
2025-12-07 00:03:36,325 - SUCCESS - '農情調查' 的自動更新完成。
2025-12-07 00:03:36,325 - SUCCESS - '農情調查' 的自動更新完成。
2025-12-07 00:03:40,252 - SUCCESS - 成功提取 '農產品交易行情' 的網頁 Metadata。
2025-12-07 00:03:40,252 - SUCCESS - 成功提取 '農產品交易行情' 的網頁 Metadata。
2025-12-07 00:03:40,298 - SUCCESS - '農產品交易行情' 的 Metadata 已更新到 metadata.json。
2025-12-07 00:03:40,298 - SUCCESS - '農產品交易行情' 的 Metadata 已更新到 metadata.json。
