2025-10-20 00:17:12,641 - SUCCESS - 成功提取 '全國單日平均糧價' 的網頁 Metadata。
2025-10-20 00:17:12,641 - SUCCESS - 成功提取 '全國單日平均糧價' 的網頁 Metadata。
2025-10-20 00:17:12,695 - SUCCESS - '全國單日平均糧價' 的 Metadata 已更新到 metadata.json。
2025-10-20 00:17:12,695 - SUCCESS - '全國單日平均糧價' 的 Metadata 已更新到 metadata.json。
2025-10-20 00:17:15,957 - SUCCESS - <全國單日平均糧價>的資料已下載完成，共 9077 筆資料。
2025-10-20 00:17:15,957 - SUCCESS - <全國單日平均糧價>的資料已下載完成，共 9077 筆資料。
2025-10-20 00:17:17,530 - SUCCESS - 已下載、去重並合併資料完成現有資料 9077 條，新資料 1 條。
2025-10-20 00:17:17,530 - SUCCESS - 已下載、去重並合併資料完成現有資料 9077 條，新資料 1 條。
2025-10-20 00:17:17,685 - SUCCESS - 已下載 '全國單日平均糧價' 的原始 JSON 資料路徑: 'C:\Python\data_moa_gov_tw\raw_data\全國單日平均糧價\全國單日平均糧價.json'
2025-10-20 00:17:17,685 - SUCCESS - 已下載 '全國單日平均糧價' 的原始 JSON 資料路徑: 'C:\Python\data_moa_gov_tw\raw_data\全國單日平均糧價\全國單日平均糧價.json'
2025-10-20 00:17:17,712 - SUCCESS - 插入或更新 '全國單日平均糧價' 的 Metadata 成功。
2025-10-20 00:17:17,712 - SUCCESS - 插入或更新 '全國單日平均糧價' 的 Metadata 成功。
2025-10-20 00:17:17,718 - SUCCESS - 已成功批量插入 '全國單日平均糧價' 的總計 1 條記錄到表格 '1040001' 。
2025-10-20 00:17:17,718 - SUCCESS - 已成功批量插入 '全國單日平均糧價' 的總計 1 條記錄到表格 '1040001' 。
2025-10-20 00:17:17,729 - SUCCESS - '全國單日平均糧價' 的自動更新完成。
2025-10-20 00:17:17,729 - SUCCESS - '全國單日平均糧價' 的自動更新完成。
2025-10-20 00:17:19,195 - SUCCESS - 成功提取 '各觀測站近兩年降雨量' 的網頁 Metadata。
2025-10-20 00:17:19,195 - SUCCESS - 成功提取 '各觀測站近兩年降雨量' 的網頁 Metadata。
2025-10-20 00:17:21,676 - SUCCESS - 成功提取 '產銷履歷與有機蔬果行情' 的網頁 Metadata。
2025-10-20 00:17:21,676 - SUCCESS - 成功提取 '產銷履歷與有機蔬果行情' 的網頁 Metadata。
2025-10-20 00:17:21,727 - SUCCESS - '產銷履歷與有機蔬果行情' 的 Metadata 已更新到 metadata.json。
2025-10-20 00:17:21,727 - SUCCESS - '產銷履歷與有機蔬果行情' 的 Metadata 已更新到 metadata.json。
2025-10-20 00:17:33,005 - SUCCESS - <產銷履歷與有機蔬果行情>的資料已下載完成，共 4355 筆資料。
2025-10-20 00:17:33,005 - SUCCESS - <產銷履歷與有機蔬果行情>的資料已下載完成，共 4355 筆資料。
2025-10-20 00:17:47,722 - SUCCESS - 已下載、去重並合併資料完成現有資料 172794 條，新資料 2118 條。
2025-10-20 00:17:47,722 - SUCCESS - 已下載、去重並合併資料完成現有資料 172794 條，新資料 2118 條。
2025-10-20 00:17:48,873 - SUCCESS - 已下載 '產銷履歷與有機蔬果行情' 的原始 JSON 資料路徑: 'C:\Python\data_moa_gov_tw\raw_data\產銷履歷與有機蔬果行情\產銷履歷與有機蔬果行情.json'
2025-10-20 00:17:48,873 - SUCCESS - 已下載 '產銷履歷與有機蔬果行情' 的原始 JSON 資料路徑: 'C:\Python\data_moa_gov_tw\raw_data\產銷履歷與有機蔬果行情\產銷履歷與有機蔬果行情.json'
2025-10-20 00:17:48,878 - SUCCESS - 插入或更新 '產銷履歷與有機蔬果行情' 的 Metadata 成功。
2025-10-20 00:17:48,878 - SUCCESS - 插入或更新 '產銷履歷與有機蔬果行情' 的 Metadata 成功。
2025-10-20 00:17:50,287 - SUCCESS - 已成功批量插入 '產銷履歷與有機蔬果行情' 的總計 2118 條記錄到表格 '1040003' 。
2025-10-20 00:17:50,287 - SUCCESS - 已成功批量插入 '產銷履歷與有機蔬果行情' 的總計 2118 條記錄到表格 '1040003' 。
2025-10-20 00:17:50,347 - SUCCESS - '產銷履歷與有機蔬果行情' 的自動更新完成。
2025-10-20 00:17:50,347 - SUCCESS - '產銷履歷與有機蔬果行情' 的自動更新完成。
2025-10-20 00:17:52,062 - SUCCESS - 成功提取 '糧價查詢' 的網頁 Metadata。
2025-10-20 00:17:52,062 - SUCCESS - 成功提取 '糧價查詢' 的網頁 Metadata。
2025-10-20 00:17:52,084 - SUCCESS - '糧價查詢' 的 Metadata 已更新到 metadata.json。
2025-10-20 00:17:52,084 - SUCCESS - '糧價查詢' 的 Metadata 已更新到 metadata.json。
2025-10-20 00:17:54,839 - SUCCESS - <糧價查詢>的資料已下載完成，共 9999 筆資料。
2025-10-20 00:17:54,839 - SUCCESS - <糧價查詢>的資料已下載完成，共 9999 筆資料。
2025-10-20 00:18:15,462 - SUCCESS - 已下載、去重並合併資料完成現有資料 239930 條，新資料 40 條。
2025-10-20 00:18:15,462 - SUCCESS - 已下載、去重並合併資料完成現有資料 239930 條，新資料 40 條。
2025-10-20 00:18:18,665 - SUCCESS - 已下載 '糧價查詢' 的原始 JSON 資料路徑: 'C:\Python\data_moa_gov_tw\raw_data\糧價查詢\糧價查詢.json'
2025-10-20 00:18:18,665 - SUCCESS - 已下載 '糧價查詢' 的原始 JSON 資料路徑: 'C:\Python\data_moa_gov_tw\raw_data\糧價查詢\糧價查詢.json'
2025-10-20 00:18:18,674 - SUCCESS - 插入或更新 '糧價查詢' 的 Metadata 成功。
2025-10-20 00:18:18,674 - SUCCESS - 插入或更新 '糧價查詢' 的 Metadata 成功。
2025-10-20 00:18:18,777 - SUCCESS - 已成功批量插入 '糧價查詢' 的總計 40 條記錄到表格 '1040004' 。
2025-10-20 00:18:18,777 - SUCCESS - 已成功批量插入 '糧價查詢' 的總計 40 條記錄到表格 '1040004' 。
2025-10-20 00:18:19,111 - SUCCESS - '糧價查詢' 的自動更新完成。
2025-10-20 00:18:19,111 - SUCCESS - '糧價查詢' 的自動更新完成。
2025-10-20 00:18:20,460 - SUCCESS - 成功提取 '臺灣地區果品生產概況' 的網頁 Metadata。
2025-10-20 00:18:20,460 - SUCCESS - 成功提取 '臺灣地區果品生產概況' 的網頁 Metadata。
2025-10-20 00:18:21,895 - SUCCESS - 成功提取 '臺灣地區特用作物生產概況' 的網頁 Metadata。
2025-10-20 00:18:21,895 - SUCCESS - 成功提取 '臺灣地區特用作物生產概況' 的網頁 Metadata。
2025-10-20 00:18:23,213 - SUCCESS - 成功提取 '臺灣地區稻作種植、收穫面積及產量' 的網頁 Metadata。
2025-10-20 00:18:23,213 - SUCCESS - 成功提取 '臺灣地區稻作種植、收穫面積及產量' 的網頁 Metadata。
2025-10-20 00:18:24,562 - SUCCESS - 成功提取 '臺灣地區稻米生產價值' 的網頁 Metadata。
2025-10-20 00:18:24,562 - SUCCESS - 成功提取 '臺灣地區稻米生產價值' 的網頁 Metadata。
2025-10-20 00:18:26,231 - SUCCESS - 成功提取 '臺灣地區蔬菜生產概況' 的網頁 Metadata。
2025-10-20 00:18:26,231 - SUCCESS - 成功提取 '臺灣地區蔬菜生產概況' 的網頁 Metadata。
2025-10-20 00:18:27,591 - SUCCESS - 成功提取 '臺灣地區農產品生產量值' 的網頁 Metadata。
2025-10-20 00:18:27,591 - SUCCESS - 成功提取 '臺灣地區農產品生產量值' 的網頁 Metadata。
2025-10-20 00:18:29,100 - SUCCESS - 成功提取 '農情調查' 的網頁 Metadata。
2025-10-20 00:18:29,100 - SUCCESS - 成功提取 '農情調查' 的網頁 Metadata。
2025-10-20 00:18:29,188 - SUCCESS - '農情調查' 的 Metadata 已更新到 metadata.json。
2025-10-20 00:18:29,188 - SUCCESS - '農情調查' 的 Metadata 已更新到 metadata.json。
2025-10-20 00:18:32,115 - SUCCESS - <農情調查>的資料已下載完成，共 9999 筆資料。
2025-10-20 00:18:32,115 - SUCCESS - <農情調查>的資料已下載完成，共 9999 筆資料。
2025-10-20 00:18:34,898 - SUCCESS - 已下載、去重並合併資料完成現有資料 45259 條，新資料 0 條。
2025-10-20 00:18:34,898 - SUCCESS - 已下載、去重並合併資料完成現有資料 45259 條，新資料 0 條。
2025-10-20 00:18:35,790 - SUCCESS - 插入或更新 '農情調查' 的 Metadata 成功。
2025-10-20 00:18:35,790 - SUCCESS - 插入或更新 '農情調查' 的 Metadata 成功。
2025-10-20 00:18:35,840 - SUCCESS - '農情調查' 的自動更新完成。
2025-10-20 00:18:35,840 - SUCCESS - '農情調查' 的自動更新完成。
2025-10-20 00:18:37,258 - SUCCESS - 成功提取 '農產品交易行情' 的網頁 Metadata。
2025-10-20 00:18:37,258 - SUCCESS - 成功提取 '農產品交易行情' 的網頁 Metadata。
2025-10-20 00:18:37,332 - SUCCESS - '農產品交易行情' 的 Metadata 已更新到 metadata.json。
2025-10-20 00:18:37,332 - SUCCESS - '農產品交易行情' 的 Metadata 已更新到 metadata.json。
2025-10-20 00:19:11,143 - SUCCESS - <農產品交易行情>的資料已下載完成，共 9474 筆資料。
2025-10-20 00:19:11,143 - SUCCESS - <農產品交易行情>的資料已下載完成，共 9474 筆資料。
2025-10-20 00:19:54,583 - SUCCESS - 已下載、去重並合併資料完成現有資料 358803 條，新資料 2717 條。
2025-10-20 00:19:54,583 - SUCCESS - 已下載、去重並合併資料完成現有資料 358803 條，新資料 2717 條。
2025-10-20 00:19:58,794 - SUCCESS - 已下載 '農產品交易行情' 的原始 JSON 資料路徑: 'C:\Python\data_moa_gov_tw\raw_data\農產品交易行情\農產品交易行情.json'
2025-10-20 00:19:58,794 - SUCCESS - 已下載 '農產品交易行情' 的原始 JSON 資料路徑: 'C:\Python\data_moa_gov_tw\raw_data\農產品交易行情\農產品交易行情.json'
2025-10-20 00:19:58,811 - SUCCESS - 插入或更新 '農產品交易行情' 的 Metadata 成功。
2025-10-20 00:19:58,811 - SUCCESS - 插入或更新 '農產品交易行情' 的 Metadata 成功。
2025-10-20 00:20:03,696 - SUCCESS - 已成功批量插入 '農產品交易行情' 的總計 2717 條記錄到表格 '1040012' 。
2025-10-20 00:20:03,696 - SUCCESS - 已成功批量插入 '農產品交易行情' 的總計 2717 條記錄到表格 '1040012' 。
2025-10-20 00:20:04,116 - SUCCESS - '農產品交易行情' 的自動更新完成。
2025-10-20 00:20:04,116 - SUCCESS - '農產品交易行情' 的自動更新完成。
2025-10-20 00:20:05,753 - SUCCESS - 成功提取 '農產品產地價格(月平均價格)' 的網頁 Metadata。
2025-10-20 00:20:05,753 - SUCCESS - 成功提取 '農產品產地價格(月平均價格)' 的網頁 Metadata。
2025-10-20 00:20:07,194 - SUCCESS - 成功提取 '農產品產地價格資料' 的網頁 Metadata。
2025-10-20 00:20:07,194 - SUCCESS - 成功提取 '農產品產地價格資料' 的網頁 Metadata。
2025-10-20 00:20:08,563 - SUCCESS - 成功提取 '雜糧生產概況' 的網頁 Metadata。
2025-10-20 00:20:08,563 - SUCCESS - 成功提取 '雜糧生產概況' 的網頁 Metadata。
2025-10-20 00:20:09,580 - SUCCESS - 已成功儲存次要資訊。
2025-10-20 00:20:09,580 - SUCCESS - 已成功儲存次要資訊。
2025-10-20 00:20:09,581 - SUCCESS - 更新結果儲存成功:{'全國單日平均糧價': '已更新', '各觀測站近兩年降雨量': '未更新', '產銷履歷與有機蔬果行情': '已更新', '糧價查詢': '已更新', '臺灣地區果品生產概況': '未更新', '臺灣地區特用作物生產概況': '未更新', '臺灣地區稻作種植、收穫面積及產量': '未更新', '臺灣地區稻米生產價值': '未更新', '臺灣地區蔬菜生產概況': '未更新', '臺灣地區農產品生產量值': '未更新', '農情調查': '已更新', '農產品交易行情': '已更新', '農產品產地價格(月平均價格)': '未更新', '農產品產地價格資料': '未更新', '雜糧生產概況': '未更新'}
2025-10-20 00:20:09,581 - SUCCESS - 更新結果儲存成功:{'全國單日平均糧價': '已更新', '各觀測站近兩年降雨量': '未更新', '產銷履歷與有機蔬果行情': '已更新', '糧價查詢': '已更新', '臺灣地區果品生產概況': '未更新', '臺灣地區特用作物生產概況': '未更新', '臺灣地區稻作種植、收穫面積及產量': '未更新', '臺灣地區稻米生產價值': '未更新', '臺灣地區蔬菜生產概況': '未更新', '臺灣地區農產品生產量值': '未更新', '農情調查': '已更新', '農產品交易行情': '已更新', '農產品產地價格(月平均價格)': '未更新', '農產品產地價格資料': '未更新', '雜糧生產概況': '未更新'}
