2026-01-14 02:02:01,844 - SUCCESS - 成功提取 '全國單日平均糧價' 的網頁 Metadata。
2026-01-14 02:02:01,844 - SUCCESS - 成功提取 '全國單日平均糧價' 的網頁 Metadata。
2026-01-14 02:02:01,929 - SUCCESS - '全國單日平均糧價' 的 Metadata 已更新到 metadata.json。
2026-01-14 02:02:01,929 - SUCCESS - '全國單日平均糧價' 的 Metadata 已更新到 metadata.json。
2026-01-14 02:02:14,447 - SUCCESS - <全國單日平均糧價>的資料已下載完成，共 9164 筆資料。
2026-01-14 02:02:14,447 - SUCCESS - <全國單日平均糧價>的資料已下載完成，共 9164 筆資料。
2026-01-14 02:02:15,160 - SUCCESS - 已下載、去重並合併資料完成現有資料 9164 條，新資料 1 條。
2026-01-14 02:02:15,160 - SUCCESS - 已下載、去重並合併資料完成現有資料 9164 條，新資料 1 條。
2026-01-14 02:02:15,195 - SUCCESS - 已下載 '全國單日平均糧價' 的原始 JSON 資料路徑: 'C:\Python\data_moa_gov_tw\raw_data\全國單日平均糧價\全國單日平均糧價.json'
2026-01-14 02:02:15,195 - SUCCESS - 已下載 '全國單日平均糧價' 的原始 JSON 資料路徑: 'C:\Python\data_moa_gov_tw\raw_data\全國單日平均糧價\全國單日平均糧價.json'
2026-01-14 02:02:15,227 - SUCCESS - 插入或更新 '全國單日平均糧價' 的 Metadata 成功。
2026-01-14 02:02:15,227 - SUCCESS - 插入或更新 '全國單日平均糧價' 的 Metadata 成功。
2026-01-14 02:02:15,235 - SUCCESS - 已成功批量插入 '全國單日平均糧價' 的總計 1 條記錄到表格 '1040001' 。
2026-01-14 02:02:15,235 - SUCCESS - 已成功批量插入 '全國單日平均糧價' 的總計 1 條記錄到表格 '1040001' 。
2026-01-14 02:02:15,240 - SUCCESS - '全國單日平均糧價' 的自動更新完成。
2026-01-14 02:02:15,240 - SUCCESS - '全國單日平均糧價' 的自動更新完成。
2026-01-14 02:02:16,655 - SUCCESS - 成功提取 '各觀測站近兩年降雨量' 的網頁 Metadata。
2026-01-14 02:02:16,655 - SUCCESS - 成功提取 '各觀測站近兩年降雨量' 的網頁 Metadata。
2026-01-14 02:02:18,145 - SUCCESS - 成功提取 '產銷履歷與有機蔬果行情' 的網頁 Metadata。
2026-01-14 02:02:18,145 - SUCCESS - 成功提取 '產銷履歷與有機蔬果行情' 的網頁 Metadata。
2026-01-14 02:02:18,174 - SUCCESS - '產銷履歷與有機蔬果行情' 的 Metadata 已更新到 metadata.json。
2026-01-14 02:02:18,174 - SUCCESS - '產銷履歷與有機蔬果行情' 的 Metadata 已更新到 metadata.json。
2026-01-14 02:02:19,596 - SUCCESS - <產銷履歷與有機蔬果行情>的資料已下載完成，共 2485 筆資料。
2026-01-14 02:02:19,596 - SUCCESS - <產銷履歷與有機蔬果行情>的資料已下載完成，共 2485 筆資料。
2026-01-14 02:02:42,315 - SUCCESS - 已下載、去重並合併資料完成現有資料 332093 條，新資料 2390 條。
2026-01-14 02:02:42,315 - SUCCESS - 已下載、去重並合併資料完成現有資料 332093 條，新資料 2390 條。
2026-01-14 02:02:44,036 - SUCCESS - 已下載 '產銷履歷與有機蔬果行情' 的原始 JSON 資料路徑: 'C:\Python\data_moa_gov_tw\raw_data\產銷履歷與有機蔬果行情\產銷履歷與有機蔬果行情.json'
2026-01-14 02:02:44,036 - SUCCESS - 已下載 '產銷履歷與有機蔬果行情' 的原始 JSON 資料路徑: 'C:\Python\data_moa_gov_tw\raw_data\產銷履歷與有機蔬果行情\產銷履歷與有機蔬果行情.json'
2026-01-14 02:02:44,041 - SUCCESS - 插入或更新 '產銷履歷與有機蔬果行情' 的 Metadata 成功。
2026-01-14 02:02:44,041 - SUCCESS - 插入或更新 '產銷履歷與有機蔬果行情' 的 Metadata 成功。
2026-01-14 02:02:44,981 - SUCCESS - 已成功批量插入 '產銷履歷與有機蔬果行情' 的總計 2390 條記錄到表格 '1040003' 。
2026-01-14 02:02:44,981 - SUCCESS - 已成功批量插入 '產銷履歷與有機蔬果行情' 的總計 2390 條記錄到表格 '1040003' 。
2026-01-14 02:02:45,068 - SUCCESS - '產銷履歷與有機蔬果行情' 的自動更新完成。
2026-01-14 02:02:45,068 - SUCCESS - '產銷履歷與有機蔬果行情' 的自動更新完成。
2026-01-14 02:02:48,966 - SUCCESS - 成功提取 '糧價查詢' 的網頁 Metadata。
2026-01-14 02:02:48,966 - SUCCESS - 成功提取 '糧價查詢' 的網頁 Metadata。
2026-01-14 02:02:49,010 - SUCCESS - '糧價查詢' 的 Metadata 已更新到 metadata.json。
2026-01-14 02:02:49,010 - SUCCESS - '糧價查詢' 的 Metadata 已更新到 metadata.json。
2026-01-14 02:02:52,041 - SUCCESS - <糧價查詢>的資料已下載完成，共 9999 筆資料。
2026-01-14 02:02:52,041 - SUCCESS - <糧價查詢>的資料已下載完成，共 9999 筆資料。
2026-01-14 02:02:52,859 - SUCCESS - 已下載、去重並合併資料完成現有資料 11015 條，新資料 20 條。
2026-01-14 02:02:52,859 - SUCCESS - 已下載、去重並合併資料完成現有資料 11015 條，新資料 20 條。
2026-01-14 02:02:53,608 - SUCCESS - 已下載 '糧價查詢' 的原始 JSON 資料路徑: 'C:\Python\data_moa_gov_tw\raw_data\糧價查詢\糧價查詢.json'
2026-01-14 02:02:53,608 - SUCCESS - 已下載 '糧價查詢' 的原始 JSON 資料路徑: 'C:\Python\data_moa_gov_tw\raw_data\糧價查詢\糧價查詢.json'
2026-01-14 02:02:53,614 - SUCCESS - 插入或更新 '糧價查詢' 的 Metadata 成功。
2026-01-14 02:02:53,614 - SUCCESS - 插入或更新 '糧價查詢' 的 Metadata 成功。
2026-01-14 02:02:53,630 - SUCCESS - 已成功批量插入 '糧價查詢' 的總計 20 條記錄到表格 '1040004' 。
2026-01-14 02:02:53,630 - SUCCESS - 已成功批量插入 '糧價查詢' 的總計 20 條記錄到表格 '1040004' 。
2026-01-14 02:02:53,635 - SUCCESS - '糧價查詢' 的自動更新完成。
2026-01-14 02:02:53,635 - SUCCESS - '糧價查詢' 的自動更新完成。
2026-01-14 02:02:55,644 - SUCCESS - 成功提取 '臺灣地區果品生產概況' 的網頁 Metadata。
2026-01-14 02:02:55,644 - SUCCESS - 成功提取 '臺灣地區果品生產概況' 的網頁 Metadata。
2026-01-14 02:02:57,805 - SUCCESS - 成功提取 '臺灣地區特用作物生產概況' 的網頁 Metadata。
2026-01-14 02:02:57,805 - SUCCESS - 成功提取 '臺灣地區特用作物生產概況' 的網頁 Metadata。
2026-01-14 02:02:59,223 - SUCCESS - 成功提取 '臺灣地區稻作種植、收穫面積及產量' 的網頁 Metadata。
2026-01-14 02:02:59,223 - SUCCESS - 成功提取 '臺灣地區稻作種植、收穫面積及產量' 的網頁 Metadata。
2026-01-14 02:03:00,955 - SUCCESS - 成功提取 '臺灣地區稻米生產價值' 的網頁 Metadata。
2026-01-14 02:03:00,955 - SUCCESS - 成功提取 '臺灣地區稻米生產價值' 的網頁 Metadata。
2026-01-14 02:03:04,290 - SUCCESS - 成功提取 '臺灣地區蔬菜生產概況' 的網頁 Metadata。
2026-01-14 02:03:04,290 - SUCCESS - 成功提取 '臺灣地區蔬菜生產概況' 的網頁 Metadata。
2026-01-14 02:03:05,604 - SUCCESS - 成功提取 '臺灣地區農產品生產量值' 的網頁 Metadata。
2026-01-14 02:03:05,604 - SUCCESS - 成功提取 '臺灣地區農產品生產量值' 的網頁 Metadata。
2026-01-14 02:03:07,091 - SUCCESS - 成功提取 '農情調查' 的網頁 Metadata。
2026-01-14 02:03:07,091 - SUCCESS - 成功提取 '農情調查' 的網頁 Metadata。
2026-01-14 02:03:07,129 - SUCCESS - '農情調查' 的 Metadata 已更新到 metadata.json。
2026-01-14 02:03:07,129 - SUCCESS - '農情調查' 的 Metadata 已更新到 metadata.json。
2026-01-14 02:03:11,087 - SUCCESS - <農情調查>的資料已下載完成，共 9999 筆資料。
2026-01-14 02:03:11,087 - SUCCESS - <農情調查>的資料已下載完成，共 9999 筆資料。
2026-01-14 02:03:12,877 - SUCCESS - 已下載、去重並合併資料完成現有資料 45259 條，新資料 0 條。
2026-01-14 02:03:12,877 - SUCCESS - 已下載、去重並合併資料完成現有資料 45259 條，新資料 0 條。
2026-01-14 02:03:13,405 - SUCCESS - 插入或更新 '農情調查' 的 Metadata 成功。
2026-01-14 02:03:13,405 - SUCCESS - 插入或更新 '農情調查' 的 Metadata 成功。
2026-01-14 02:03:13,429 - SUCCESS - '農情調查' 的自動更新完成。
2026-01-14 02:03:13,429 - SUCCESS - '農情調查' 的自動更新完成。
2026-01-14 02:03:15,008 - SUCCESS - 成功提取 '農產品交易行情' 的網頁 Metadata。
2026-01-14 02:03:15,008 - SUCCESS - 成功提取 '農產品交易行情' 的網頁 Metadata。
2026-01-14 02:03:15,083 - SUCCESS - '農產品交易行情' 的 Metadata 已更新到 metadata.json。
2026-01-14 02:03:15,083 - SUCCESS - '農產品交易行情' 的 Metadata 已更新到 metadata.json。
2026-01-14 02:03:23,390 - SUCCESS - <農產品交易行情>的資料已下載完成，共 7094 筆資料。
2026-01-14 02:03:23,390 - SUCCESS - <農產品交易行情>的資料已下載完成，共 7094 筆資料。
2026-01-14 02:03:55,016 - SUCCESS - 已下載、去重並合併資料完成現有資料 607624 條，新資料 3732 條。
2026-01-14 02:03:55,016 - SUCCESS - 已下載、去重並合併資料完成現有資料 607624 條，新資料 3732 條。
2026-01-14 02:03:58,114 - SUCCESS - 已下載 '農產品交易行情' 的原始 JSON 資料路徑: 'C:\Python\data_moa_gov_tw\raw_data\農產品交易行情\農產品交易行情.json'
2026-01-14 02:03:58,114 - SUCCESS - 已下載 '農產品交易行情' 的原始 JSON 資料路徑: 'C:\Python\data_moa_gov_tw\raw_data\農產品交易行情\農產品交易行情.json'
2026-01-14 02:03:58,120 - SUCCESS - 插入或更新 '農產品交易行情' 的 Metadata 成功。
2026-01-14 02:03:58,120 - SUCCESS - 插入或更新 '農產品交易行情' 的 Metadata 成功。
2026-01-14 02:03:59,698 - SUCCESS - 已成功批量插入 '農產品交易行情' 的總計 3732 條記錄到表格 '1040012' 。
2026-01-14 02:03:59,698 - SUCCESS - 已成功批量插入 '農產品交易行情' 的總計 3732 條記錄到表格 '1040012' 。
2026-01-14 02:03:59,968 - SUCCESS - '農產品交易行情' 的自動更新完成。
2026-01-14 02:03:59,968 - SUCCESS - '農產品交易行情' 的自動更新完成。
2026-01-14 02:04:02,296 - SUCCESS - 成功提取 '農產品產地價格(月平均價格)' 的網頁 Metadata。
2026-01-14 02:04:02,296 - SUCCESS - 成功提取 '農產品產地價格(月平均價格)' 的網頁 Metadata。
2026-01-14 02:04:03,617 - SUCCESS - 成功提取 '農產品產地價格資料' 的網頁 Metadata。
2026-01-14 02:04:03,617 - SUCCESS - 成功提取 '農產品產地價格資料' 的網頁 Metadata。
2026-01-14 02:04:03,660 - SUCCESS - '農產品產地價格資料' 的 Metadata 已更新到 metadata.json。
2026-01-14 02:04:03,660 - SUCCESS - '農產品產地價格資料' 的 Metadata 已更新到 metadata.json。
2026-01-14 02:04:04,542 - SUCCESS - <農產品產地價格資料>的資料已下載完成，共 9999 筆資料。
2026-01-14 02:04:04,542 - SUCCESS - <農產品產地價格資料>的資料已下載完成，共 9999 筆資料。
2026-01-14 02:04:50,352 - SUCCESS - 已下載、去重並合併資料完成現有資料 350299 條，新資料 42 條。
2026-01-14 02:04:50,352 - SUCCESS - 已下載、去重並合併資料完成現有資料 350299 條，新資料 42 條。
2026-01-14 02:04:52,401 - SUCCESS - 已下載 '農產品產地價格資料' 的原始 JSON 資料路徑: 'C:\Python\data_moa_gov_tw\raw_data\農產品產地價格資料\農產品產地價格資料.json'
2026-01-14 02:04:52,401 - SUCCESS - 已下載 '農產品產地價格資料' 的原始 JSON 資料路徑: 'C:\Python\data_moa_gov_tw\raw_data\農產品產地價格資料\農產品產地價格資料.json'
2026-01-14 02:04:52,421 - SUCCESS - 插入或更新 '農產品產地價格資料' 的 Metadata 成功。
2026-01-14 02:04:52,421 - SUCCESS - 插入或更新 '農產品產地價格資料' 的 Metadata 成功。
2026-01-14 02:04:52,448 - SUCCESS - 已成功批量插入 '農產品產地價格資料' 的總計 42 條記錄到表格 '1040014' 。
2026-01-14 02:04:52,448 - SUCCESS - 已成功批量插入 '農產品產地價格資料' 的總計 42 條記錄到表格 '1040014' 。
2026-01-14 02:04:52,524 - SUCCESS - '農產品產地價格資料' 的自動更新完成。
2026-01-14 02:04:52,524 - SUCCESS - '農產品產地價格資料' 的自動更新完成。
2026-01-14 02:04:53,969 - SUCCESS - 成功提取 '雜糧生產概況' 的網頁 Metadata。
2026-01-14 02:04:53,969 - SUCCESS - 成功提取 '雜糧生產概況' 的網頁 Metadata。
2026-01-14 02:04:54,981 - SUCCESS - 已成功儲存次要資訊。
2026-01-14 02:04:54,981 - SUCCESS - 已成功儲存次要資訊。
2026-01-14 02:04:54,981 - SUCCESS - 更新結果儲存成功:{'全國單日平均糧價': '已更新', '各觀測站近兩年降雨量': '未更新', '產銷履歷與有機蔬果行情': '已更新', '糧價查詢': '已更新', '臺灣地區果品生產概況': '未更新', '臺灣地區特用作物生產概況': '未更新', '臺灣地區稻作種植、收穫面積及產量': '未更新', '臺灣地區稻米生產價值': '未更新', '臺灣地區蔬菜生產概況': '未更新', '臺灣地區農產品生產量值': '未更新', '農情調查': '已更新', '農產品交易行情': '已更新', '農產品產地價格(月平均價格)': '未更新', '農產品產地價格資料': '已更新', '雜糧生產概況': '未更新'}
2026-01-14 02:04:54,981 - SUCCESS - 更新結果儲存成功:{'全國單日平均糧價': '已更新', '各觀測站近兩年降雨量': '未更新', '產銷履歷與有機蔬果行情': '已更新', '糧價查詢': '已更新', '臺灣地區果品生產概況': '未更新', '臺灣地區特用作物生產概況': '未更新', '臺灣地區稻作種植、收穫面積及產量': '未更新', '臺灣地區稻米生產價值': '未更新', '臺灣地區蔬菜生產概況': '未更新', '臺灣地區農產品生產量值': '未更新', '農情調查': '已更新', '農產品交易行情': '已更新', '農產品產地價格(月平均價格)': '未更新', '農產品產地價格資料': '已更新', '雜糧生產概況': '未更新'}
