2026-02-18 21:17:42,599 - SUCCESS - ✅ <農作物統一名稱與代碼> 索引已就緒。
2026-02-18 21:17:42,599 - SUCCESS - ✅ <農作物統一名稱與代碼> 索引已就緒。
2026-02-18 21:25:25,847 - SUCCESS - ✅ <農產品產地價格(月平均價格)> 索引已就緒。
2026-02-18 21:25:25,847 - SUCCESS - ✅ <農產品產地價格(月平均價格)> 索引已就緒。
2026-02-18 21:25:51,792 - SUCCESS - ✅ <臺灣地區蔬菜生產概況> 索引已就緒。
2026-02-18 21:25:51,792 - SUCCESS - ✅ <臺灣地區蔬菜生產概況> 索引已就緒。
2026-02-18 21:26:10,353 - SUCCESS - ✅ <全國單日平均糧價> 索引已就緒。
2026-02-18 21:26:10,353 - SUCCESS - ✅ <全國單日平均糧價> 索引已就緒。
2026-02-18 21:28:38,790 - SUCCESS - ✅ <糧價查詢> 索引已就緒。
2026-02-18 21:28:38,790 - SUCCESS - ✅ <糧價查詢> 索引已就緒。
2026-02-18 21:32:31,542 - SUCCESS - ✅ <產銷履歷與有機蔬果行情> 索引已就緒。
2026-02-18 21:32:31,542 - SUCCESS - ✅ <產銷履歷與有機蔬果行情> 索引已就緒。
2026-02-18 21:32:53,087 - SUCCESS - ✅ <各觀測站近兩年降雨量> 索引已就緒。
2026-02-18 21:32:53,087 - SUCCESS - ✅ <各觀測站近兩年降雨量> 索引已就緒。
2026-02-18 21:33:08,919 - SUCCESS - ✅ <臺灣地區果品生產概況> 索引已就緒。
2026-02-18 21:33:08,919 - SUCCESS - ✅ <臺灣地區果品生產概況> 索引已就緒。
2026-02-18 21:33:17,071 - SUCCESS - ✅ <臺灣地區特用作物生產概況> 索引已就緒。
2026-02-18 21:33:17,071 - SUCCESS - ✅ <臺灣地區特用作物生產概況> 索引已就緒。
2026-02-18 21:33:47,251 - SUCCESS - ✅ <農產品交易行情> 索引已就緒。
2026-02-18 21:33:47,251 - SUCCESS - ✅ <農產品交易行情> 索引已就緒。
2026-02-18 21:35:06,158 - SUCCESS - ✅ <臺灣地區稻作種植、收穫面積及產量> 索引已就緒。
2026-02-18 21:35:06,158 - SUCCESS - ✅ <臺灣地區稻作種植、收穫面積及產量> 索引已就緒。
2026-02-18 21:35:27,824 - SUCCESS - ✅ <臺灣地區稻米生產價值> 索引已就緒。
2026-02-18 21:35:27,824 - SUCCESS - ✅ <臺灣地區稻米生產價值> 索引已就緒。
2026-02-18 21:35:48,348 - SUCCESS - ✅ <農情調查> 索引已就緒。
2026-02-18 21:35:48,348 - SUCCESS - ✅ <農情調查> 索引已就緒。
2026-02-18 21:37:57,155 - SUCCESS - ✅ <農產品產地價格資料> 索引已就緒。
2026-02-18 21:37:57,155 - SUCCESS - ✅ <農產品產地價格資料> 索引已就緒。
2026-02-18 21:38:09,671 - SUCCESS - ✅ <臺灣地區農產品生產量值> 索引已就緒。
2026-02-18 21:38:09,671 - SUCCESS - ✅ <臺灣地區農產品生產量值> 索引已就緒。
2026-02-18 21:38:28,654 - SUCCESS - ✅ <雜糧生產概況> 索引已就緒。
2026-02-18 21:38:28,654 - SUCCESS - ✅ <雜糧生產概況> 索引已就緒。
2026-02-18 21:38:45,394 - SUCCESS - ✅ <農作物統一代碼與農業相關系統之農作物代碼對應> 索引已就緒。
2026-02-18 21:38:45,394 - SUCCESS - ✅ <農作物統一代碼與農業相關系統之農作物代碼對應> 索引已就緒。
2026-02-18 21:38:45,435 - SUCCESS - ✅ 配置已持久化儲存。
2026-02-18 21:38:45,435 - SUCCESS - ✅ 配置已持久化儲存。
2026-02-18 21:38:56,227 - SUCCESS - 表格<全國單日平均糧價>重複資料清理完成。
2026-02-18 21:38:56,227 - SUCCESS - 表格<全國單日平均糧價>重複資料清理完成。
2026-02-18 21:39:33,517 - SUCCESS - 表格<各觀測站近兩年降雨量>重複資料清理完成。
2026-02-18 21:39:33,517 - SUCCESS - 表格<各觀測站近兩年降雨量>重複資料清理完成。
2026-02-18 21:39:39,022 - SUCCESS - 表格<產銷履歷與有機蔬果行情>重複資料清理完成。
2026-02-18 21:39:39,022 - SUCCESS - 表格<產銷履歷與有機蔬果行情>重複資料清理完成。
2026-02-18 21:39:46,745 - SUCCESS - 表格<糧價查詢>重複資料清理完成。
2026-02-18 21:39:46,745 - SUCCESS - 表格<糧價查詢>重複資料清理完成。
2026-02-18 21:39:54,371 - SUCCESS - 表格<臺灣地區果品生產概況>重複資料清理完成。
2026-02-18 21:39:54,371 - SUCCESS - 表格<臺灣地區果品生產概況>重複資料清理完成。
2026-02-18 21:39:55,370 - SUCCESS - 表格<臺灣地區特用作物生產概況>重複資料清理完成。
2026-02-18 21:39:55,370 - SUCCESS - 表格<臺灣地區特用作物生產概況>重複資料清理完成。
2026-02-18 21:39:56,017 - SUCCESS - 表格<臺灣地區稻作種植、收穫面積及產量>重複資料清理完成。
2026-02-18 21:39:56,017 - SUCCESS - 表格<臺灣地區稻作種植、收穫面積及產量>重複資料清理完成。
2026-02-18 21:39:56,599 - SUCCESS - 表格<臺灣地區稻米生產價值>重複資料清理完成。
2026-02-18 21:39:56,599 - SUCCESS - 表格<臺灣地區稻米生產價值>重複資料清理完成。
2026-02-18 21:39:57,070 - SUCCESS - 表格<臺灣地區蔬菜生產概況>重複資料清理完成。
2026-02-18 21:39:57,070 - SUCCESS - 表格<臺灣地區蔬菜生產概況>重複資料清理完成。
2026-02-18 21:39:57,492 - SUCCESS - 表格<臺灣地區農產品生產量值>重複資料清理完成。
2026-02-18 21:39:57,492 - SUCCESS - 表格<臺灣地區農產品生產量值>重複資料清理完成。
2026-02-18 21:39:58,020 - SUCCESS - 表格<農情調查>重複資料清理完成。
2026-02-18 21:39:58,020 - SUCCESS - 表格<農情調查>重複資料清理完成。
2026-02-18 21:39:59,742 - SUCCESS - 表格<農產品交易行情>重複資料清理完成。
2026-02-18 21:39:59,742 - SUCCESS - 表格<農產品交易行情>重複資料清理完成。
2026-02-18 21:40:00,615 - SUCCESS - 表格<農產品產地價格(月平均價格)>重複資料清理完成。
2026-02-18 21:40:00,615 - SUCCESS - 表格<農產品產地價格(月平均價格)>重複資料清理完成。
2026-02-18 21:40:02,446 - SUCCESS - 表格<農產品產地價格資料>重複資料清理完成。
2026-02-18 21:40:02,446 - SUCCESS - 表格<農產品產地價格資料>重複資料清理完成。
2026-02-18 21:40:03,093 - SUCCESS - 表格<雜糧生產概況>重複資料清理完成。
2026-02-18 21:40:03,093 - SUCCESS - 表格<雜糧生產概況>重複資料清理完成。
2026-02-18 21:40:03,093 - SUCCESS - 表格<農作物統一代碼與農業相關系統之農作物代碼對應>1040016 不需清理重複資料。
2026-02-18 21:40:03,093 - SUCCESS - 表格<農作物統一代碼與農業相關系統之農作物代碼對應>1040016 不需清理重複資料。
2026-02-18 21:40:03,093 - SUCCESS - 表格<農作物統一名稱與代碼>1040017 不需清理重複資料。
2026-02-18 21:40:03,093 - SUCCESS - 表格<農作物統一名稱與代碼>1040017 不需清理重複資料。
2026-02-18 22:30:38,062 - SUCCESS - 成功提取 '各觀測站近兩年降雨量' 的網頁 Metadata。
2026-02-18 22:30:38,062 - SUCCESS - 成功提取 '各觀測站近兩年降雨量' 的網頁 Metadata。
2026-02-18 22:30:39,490 - SUCCESS - 成功提取 '產銷履歷與有機蔬果行情' 的網頁 Metadata。
2026-02-18 22:30:39,490 - SUCCESS - 成功提取 '產銷履歷與有機蔬果行情' 的網頁 Metadata。
2026-02-18 22:30:39,531 - SUCCESS - '產銷履歷與有機蔬果行情' 的 Metadata 已更新到 metadata.json。
2026-02-18 22:30:39,531 - SUCCESS - '產銷履歷與有機蔬果行情' 的 Metadata 已更新到 metadata.json。
2026-02-18 22:30:41,126 - SUCCESS - <產銷履歷與有機蔬果行情>的資料已下載完成，共 3749 筆資料。
2026-02-18 22:30:41,126 - SUCCESS - <產銷履歷與有機蔬果行情>的資料已下載完成，共 3749 筆資料。
2026-02-18 22:30:41,359 - SUCCESS - 已下載、去重並合併資料完成現有資料 3749 條，新資料 3749 條。
2026-02-18 22:30:41,359 - SUCCESS - 已下載、去重並合併資料完成現有資料 3749 條，新資料 3749 條。
2026-02-18 22:30:44,268 - SUCCESS - 插入或更新 '產銷履歷與有機蔬果行情' 的 Metadata 成功。
2026-02-18 22:30:44,268 - SUCCESS - 插入或更新 '產銷履歷與有機蔬果行情' 的 Metadata 成功。
2026-02-18 22:30:44,270 - SUCCESS - '產銷履歷與有機蔬果行情' 的自動更新完成。
2026-02-18 22:30:44,270 - SUCCESS - '產銷履歷與有機蔬果行情' 的自動更新完成。
2026-02-18 22:30:45,722 - SUCCESS - 成功提取 '臺灣地區果品生產概況' 的網頁 Metadata。
2026-02-18 22:30:45,722 - SUCCESS - 成功提取 '臺灣地區果品生產概況' 的網頁 Metadata。
2026-02-18 22:30:47,443 - SUCCESS - 成功提取 '臺灣地區特用作物生產概況' 的網頁 Metadata。
2026-02-18 22:30:47,443 - SUCCESS - 成功提取 '臺灣地區特用作物生產概況' 的網頁 Metadata。
2026-02-18 22:30:49,350 - SUCCESS - 成功提取 '農產品交易行情' 的網頁 Metadata。
2026-02-18 22:30:49,350 - SUCCESS - 成功提取 '農產品交易行情' 的網頁 Metadata。
2026-02-18 22:30:49,391 - SUCCESS - '農產品交易行情' 的 Metadata 已更新到 metadata.json。
2026-02-18 22:30:49,391 - SUCCESS - '農產品交易行情' 的 Metadata 已更新到 metadata.json。
2026-02-18 22:31:01,507 - SUCCESS - <農產品交易行情>的資料已下載完成，共 5472 筆資料。
2026-02-18 22:31:01,507 - SUCCESS - <農產品交易行情>的資料已下載完成，共 5472 筆資料。
2026-02-18 22:31:01,645 - SUCCESS - 已下載、去重並合併資料完成現有資料 5472 條，新資料 5472 條。
2026-02-18 22:31:01,645 - SUCCESS - 已下載、去重並合併資料完成現有資料 5472 條，新資料 5472 條。
2026-02-18 22:31:07,307 - SUCCESS - 已下載 '農產品交易行情' 的原始 JSON 資料路徑: 'C:\Python\data_moa_gov_tw\raw_data\農產品交易行情.json'
2026-02-18 22:31:07,307 - SUCCESS - 已下載 '農產品交易行情' 的原始 JSON 資料路徑: 'C:\Python\data_moa_gov_tw\raw_data\農產品交易行情.json'
2026-02-18 22:31:07,307 - SUCCESS - 插入或更新 '農產品交易行情' 的 Metadata 成功。
2026-02-18 22:31:07,307 - SUCCESS - 插入或更新 '農產品交易行情' 的 Metadata 成功。
2026-02-18 22:31:07,360 - SUCCESS - 已成功批量插入 '農產品交易行情' 的總計 57 條記錄到表格 '1040012' 。
2026-02-18 22:31:07,360 - SUCCESS - 已成功批量插入 '農產品交易行情' 的總計 57 條記錄到表格 '1040012' 。
2026-02-18 22:31:08,753 - SUCCESS - 成功提取 '臺灣地區稻作種植、收穫面積及產量' 的網頁 Metadata。
2026-02-18 22:31:08,753 - SUCCESS - 成功提取 '臺灣地區稻作種植、收穫面積及產量' 的網頁 Metadata。
2026-02-18 22:31:10,233 - SUCCESS - 成功提取 '臺灣地區稻米生產價值' 的網頁 Metadata。
2026-02-18 22:31:10,233 - SUCCESS - 成功提取 '臺灣地區稻米生產價值' 的網頁 Metadata。
2026-02-18 22:31:11,638 - SUCCESS - 成功提取 '農產品產地價格資料' 的網頁 Metadata。
2026-02-18 22:31:11,638 - SUCCESS - 成功提取 '農產品產地價格資料' 的網頁 Metadata。
2026-02-18 22:31:11,694 - SUCCESS - '農產品產地價格資料' 的 Metadata 已更新到 metadata.json。
2026-02-18 22:31:11,694 - SUCCESS - '農產品產地價格資料' 的 Metadata 已更新到 metadata.json。
2026-02-18 22:31:16,254 - SUCCESS - <農產品產地價格資料>的資料已下載完成，共 9999 筆資料。
2026-02-18 22:31:16,254 - SUCCESS - <農產品產地價格資料>的資料已下載完成，共 9999 筆資料。
2026-02-18 22:31:17,458 - SUCCESS - 已下載、去重並合併資料完成現有資料 9999 條，新資料 9999 條。
2026-02-18 22:31:17,458 - SUCCESS - 已下載、去重並合併資料完成現有資料 9999 條，新資料 9999 條。
2026-02-18 22:31:19,062 - SUCCESS - 插入或更新 '農產品產地價格資料' 的 Metadata 成功。
2026-02-18 22:31:19,062 - SUCCESS - 插入或更新 '農產品產地價格資料' 的 Metadata 成功。
2026-02-18 22:31:19,062 - SUCCESS - '農產品產地價格資料' 的自動更新完成。
2026-02-18 22:31:19,062 - SUCCESS - '農產品產地價格資料' 的自動更新完成。
2026-02-18 22:31:21,051 - SUCCESS - 成功提取 '農情調查' 的網頁 Metadata。
2026-02-18 22:31:21,051 - SUCCESS - 成功提取 '農情調查' 的網頁 Metadata。
2026-02-18 22:31:21,109 - SUCCESS - '農情調查' 的 Metadata 已更新到 metadata.json。
2026-02-18 22:31:21,109 - SUCCESS - '農情調查' 的 Metadata 已更新到 metadata.json。
2026-02-18 22:31:25,877 - SUCCESS - <農情調查>的資料已下載完成，共 9999 筆資料。
2026-02-18 22:31:25,877 - SUCCESS - <農情調查>的資料已下載完成，共 9999 筆資料。
2026-02-18 22:31:25,894 - SUCCESS - 已下載、去重並合併資料完成現有資料 0 條，新資料 0 條。
2026-02-18 22:31:25,894 - SUCCESS - 已下載、去重並合併資料完成現有資料 0 條，新資料 0 條。
2026-02-18 22:31:25,898 - SUCCESS - 插入或更新 '農情調查' 的 Metadata 成功。
2026-02-18 22:31:25,898 - SUCCESS - 插入或更新 '農情調查' 的 Metadata 成功。
2026-02-18 22:31:25,899 - SUCCESS - '農情調查' 的自動更新完成。
2026-02-18 22:31:25,899 - SUCCESS - '農情調查' 的自動更新完成。
2026-02-18 22:31:27,263 - SUCCESS - 成功提取 '臺灣地區農產品生產量值' 的網頁 Metadata。
2026-02-18 22:31:27,263 - SUCCESS - 成功提取 '臺灣地區農產品生產量值' 的網頁 Metadata。
2026-02-18 22:31:28,652 - SUCCESS - 成功提取 '雜糧生產概況' 的網頁 Metadata。
2026-02-18 22:31:28,652 - SUCCESS - 成功提取 '雜糧生產概況' 的網頁 Metadata。
2026-02-18 22:31:30,308 - SUCCESS - 成功提取 '農產品產地價格(月平均價格)' 的網頁 Metadata。
2026-02-18 22:31:30,308 - SUCCESS - 成功提取 '農產品產地價格(月平均價格)' 的網頁 Metadata。
2026-02-18 22:31:32,095 - SUCCESS - 成功提取 '全國單日平均糧價' 的網頁 Metadata。
2026-02-18 22:31:32,095 - SUCCESS - 成功提取 '全國單日平均糧價' 的網頁 Metadata。
2026-02-18 22:31:32,135 - SUCCESS - '全國單日平均糧價' 的 Metadata 已更新到 metadata.json。
2026-02-18 22:31:32,135 - SUCCESS - '全國單日平均糧價' 的 Metadata 已更新到 metadata.json。
2026-02-18 22:31:42,105 - SUCCESS - <全國單日平均糧價>的資料已下載完成，共 9199 筆資料。
2026-02-18 22:31:42,105 - SUCCESS - <全國單日平均糧價>的資料已下載完成，共 9199 筆資料。
2026-02-18 22:31:42,266 - SUCCESS - 已下載、去重並合併資料完成現有資料 413 條，新資料 413 條。
2026-02-18 22:31:42,266 - SUCCESS - 已下載、去重並合併資料完成現有資料 413 條，新資料 413 條。
2026-02-18 22:31:42,478 - SUCCESS - 已下載 '全國單日平均糧價' 的原始 JSON 資料路徑: 'C:\Python\data_moa_gov_tw\raw_data\全國單日平均糧價.json'
2026-02-18 22:31:42,478 - SUCCESS - 已下載 '全國單日平均糧價' 的原始 JSON 資料路徑: 'C:\Python\data_moa_gov_tw\raw_data\全國單日平均糧價.json'
2026-02-18 22:31:42,478 - SUCCESS - 插入或更新 '全國單日平均糧價' 的 Metadata 成功。
2026-02-18 22:31:42,478 - SUCCESS - 插入或更新 '全國單日平均糧價' 的 Metadata 成功。
2026-02-18 22:31:42,494 - SUCCESS - 已成功批量插入 '全國單日平均糧價' 的總計 1 條記錄到表格 '1040001' 。
2026-02-18 22:31:42,494 - SUCCESS - 已成功批量插入 '全國單日平均糧價' 的總計 1 條記錄到表格 '1040001' 。
2026-02-18 22:31:45,099 - SUCCESS - 成功提取 '臺灣地區蔬菜生產概況' 的網頁 Metadata。
2026-02-18 22:31:45,099 - SUCCESS - 成功提取 '臺灣地區蔬菜生產概況' 的網頁 Metadata。
2026-02-18 22:31:47,725 - SUCCESS - 成功提取 '糧價查詢' 的網頁 Metadata。
2026-02-18 22:31:47,725 - SUCCESS - 成功提取 '糧價查詢' 的網頁 Metadata。
2026-02-18 22:31:47,784 - SUCCESS - '糧價查詢' 的 Metadata 已更新到 metadata.json。
2026-02-18 22:31:47,784 - SUCCESS - '糧價查詢' 的 Metadata 已更新到 metadata.json。
2026-02-18 22:32:10,089 - SUCCESS - <糧價查詢>的資料已下載完成，共 9999 筆資料。
2026-02-18 22:32:10,089 - SUCCESS - <糧價查詢>的資料已下載完成，共 9999 筆資料。
2026-02-18 22:32:10,316 - SUCCESS - 已下載、去重並合併資料完成現有資料 8280 條，新資料 8280 條。
2026-02-18 22:32:10,316 - SUCCESS - 已下載、去重並合併資料完成現有資料 8280 條，新資料 8280 條。
2026-02-18 22:32:11,409 - SUCCESS - 已下載 '糧價查詢' 的原始 JSON 資料路徑: 'C:\Python\data_moa_gov_tw\raw_data\糧價查詢.json'
2026-02-18 22:32:11,409 - SUCCESS - 已下載 '糧價查詢' 的原始 JSON 資料路徑: 'C:\Python\data_moa_gov_tw\raw_data\糧價查詢.json'
2026-02-18 22:32:11,415 - SUCCESS - 插入或更新 '糧價查詢' 的 Metadata 成功。
2026-02-18 22:32:11,415 - SUCCESS - 插入或更新 '糧價查詢' 的 Metadata 成功。
2026-02-18 22:32:11,447 - SUCCESS - 已成功批量插入 '糧價查詢' 的總計 20 條記錄到表格 '1040004' 。
2026-02-18 22:32:11,447 - SUCCESS - 已成功批量插入 '糧價查詢' 的總計 20 條記錄到表格 '1040004' 。
2026-02-18 22:32:12,455 - SUCCESS - 已成功儲存次要資訊。
2026-02-18 22:32:12,455 - SUCCESS - 已成功儲存次要資訊。
2026-02-18 22:32:12,455 - SUCCESS - 更新結果儲存成功:{'各觀測站近兩年降雨量': '未更新', '產銷履歷與有機蔬果行情': '已更新', '臺灣地區果品生產概況': '未更新', '臺灣地區特用作物生產概況': '未更新', '農產品交易行情': '更新失敗', '臺灣地區稻作種植、收穫面積及產量': '未更新', '臺灣地區稻米生產價值': '未更新', '農產品產地價格資料': '已更新', '農情調查': '已更新', '臺灣地區農產品生產量值': '未更新', '雜糧生產概況': '未更新', '農產品產地價格(月平均價格)': '未更新', '全國單日平均糧價': '更新失敗', '臺灣地區蔬菜生產概況': '未更新', '糧價查詢': '更新失敗'}
2026-02-18 22:32:12,455 - SUCCESS - 更新結果儲存成功:{'各觀測站近兩年降雨量': '未更新', '產銷履歷與有機蔬果行情': '已更新', '臺灣地區果品生產概況': '未更新', '臺灣地區特用作物生產概況': '未更新', '農產品交易行情': '更新失敗', '臺灣地區稻作種植、收穫面積及產量': '未更新', '臺灣地區稻米生產價值': '未更新', '農產品產地價格資料': '已更新', '農情調查': '已更新', '臺灣地區農產品生產量值': '未更新', '雜糧生產概況': '未更新', '農產品產地價格(月平均價格)': '未更新', '全國單日平均糧價': '更新失敗', '臺灣地區蔬菜生產概況': '未更新', '糧價查詢': '更新失敗'}
2026-02-18 22:32:12,479 - SUCCESS - 已成功儲存次要資訊到資料庫。
2026-02-18 22:32:12,479 - SUCCESS - 已成功儲存次要資訊到資料庫。
