2026-02-25 00:03:16,421 - SUCCESS - 成功提取 '產銷履歷與有機蔬果行情' 的網頁 Metadata。
2026-02-25 00:03:16,421 - SUCCESS - 成功提取 '產銷履歷與有機蔬果行情' 的網頁 Metadata。
2026-02-25 00:03:16,544 - SUCCESS - '產銷履歷與有機蔬果行情' 的 Metadata 已更新到 metadata.json。
2026-02-25 00:03:16,544 - SUCCESS - '產銷履歷與有機蔬果行情' 的 Metadata 已更新到 metadata.json。
2026-02-25 00:03:19,275 - SUCCESS - <產銷履歷與有機蔬果行情>的資料已下載完成，共 4432 筆資料。
2026-02-25 00:03:19,275 - SUCCESS - <產銷履歷與有機蔬果行情>的資料已下載完成，共 4432 筆資料。
2026-02-25 00:03:19,958 - SUCCESS - 已下載、去重並合併資料完成現有資料 4432 條，新資料 4432 條。
2026-02-25 00:03:19,958 - SUCCESS - 已下載、去重並合併資料完成現有資料 4432 條，新資料 4432 條。
2026-02-25 00:03:24,049 - SUCCESS - 已下載 '產銷履歷與有機蔬果行情' 的原始 JSON 資料路徑: 'C:\Python\data_moa_gov_tw\raw_data\產銷履歷與有機蔬果行情.json'
2026-02-25 00:03:24,049 - SUCCESS - 已下載 '產銷履歷與有機蔬果行情' 的原始 JSON 資料路徑: 'C:\Python\data_moa_gov_tw\raw_data\產銷履歷與有機蔬果行情.json'
2026-02-25 00:03:24,080 - SUCCESS - 插入或更新 '產銷履歷與有機蔬果行情' 的 Metadata 成功。
2026-02-25 00:03:24,080 - SUCCESS - 插入或更新 '產銷履歷與有機蔬果行情' 的 Metadata 成功。
2026-02-25 00:03:25,179 - SUCCESS - 已成功批量插入 '產銷履歷與有機蔬果行情' 的總計 2402 條記錄到表格 '1040003' 。
2026-02-25 00:03:25,179 - SUCCESS - 已成功批量插入 '產銷履歷與有機蔬果行情' 的總計 2402 條記錄到表格 '1040003' 。
2026-02-25 00:03:25,181 - SUCCESS - '產銷履歷與有機蔬果行情' 的自動更新完成。
2026-02-25 00:03:25,181 - SUCCESS - '產銷履歷與有機蔬果行情' 的自動更新完成。
2026-02-25 00:03:26,431 - SUCCESS - 成功提取 '各觀測站近兩年降雨量' 的網頁 Metadata。
2026-02-25 00:03:26,431 - SUCCESS - 成功提取 '各觀測站近兩年降雨量' 的網頁 Metadata。
2026-02-25 00:03:27,666 - SUCCESS - 成功提取 '臺灣地區果品生產概況' 的網頁 Metadata。
2026-02-25 00:03:27,666 - SUCCESS - 成功提取 '臺灣地區果品生產概況' 的網頁 Metadata。
2026-02-25 00:03:28,949 - SUCCESS - 成功提取 '臺灣地區特用作物生產概況' 的網頁 Metadata。
2026-02-25 00:03:28,949 - SUCCESS - 成功提取 '臺灣地區特用作物生產概況' 的網頁 Metadata。
2026-02-25 00:03:30,215 - SUCCESS - 成功提取 '農產品交易行情' 的網頁 Metadata。
2026-02-25 00:03:30,215 - SUCCESS - 成功提取 '農產品交易行情' 的網頁 Metadata。
2026-02-25 00:03:30,271 - SUCCESS - '農產品交易行情' 的 Metadata 已更新到 metadata.json。
2026-02-25 00:03:30,271 - SUCCESS - '農產品交易行情' 的 Metadata 已更新到 metadata.json。
2026-02-25 00:03:37,323 - SUCCESS - <農產品交易行情>的資料已下載完成，共 10538 筆資料。
2026-02-25 00:03:37,323 - SUCCESS - <農產品交易行情>的資料已下載完成，共 10538 筆資料。
2026-02-25 00:03:37,605 - SUCCESS - 已下載、去重並合併資料完成現有資料 10538 條，新資料 10538 條。
2026-02-25 00:03:37,605 - SUCCESS - 已下載、去重並合併資料完成現有資料 10538 條，新資料 10538 條。
2026-02-25 00:03:43,651 - SUCCESS - 已下載 '農產品交易行情' 的原始 JSON 資料路徑: 'C:\Python\data_moa_gov_tw\raw_data\農產品交易行情.json'
2026-02-25 00:03:43,651 - SUCCESS - 已下載 '農產品交易行情' 的原始 JSON 資料路徑: 'C:\Python\data_moa_gov_tw\raw_data\農產品交易行情.json'
2026-02-25 00:03:43,658 - SUCCESS - 插入或更新 '農產品交易行情' 的 Metadata 成功。
2026-02-25 00:03:43,658 - SUCCESS - 插入或更新 '農產品交易行情' 的 Metadata 成功。
2026-02-25 00:03:45,738 - SUCCESS - 已成功批量插入 '農產品交易行情' 的總計 4668 條記錄到表格 '1040012' 。
2026-02-25 00:03:45,738 - SUCCESS - 已成功批量插入 '農產品交易行情' 的總計 4668 條記錄到表格 '1040012' 。
2026-02-25 00:03:45,745 - SUCCESS - '農產品交易行情' 的自動更新完成。
2026-02-25 00:03:45,745 - SUCCESS - '農產品交易行情' 的自動更新完成。
2026-02-25 00:03:47,739 - SUCCESS - 成功提取 '臺灣地區稻作種植、收穫面積及產量' 的網頁 Metadata。
2026-02-25 00:03:47,739 - SUCCESS - 成功提取 '臺灣地區稻作種植、收穫面積及產量' 的網頁 Metadata。
2026-02-25 00:03:48,917 - SUCCESS - 成功提取 '臺灣地區稻米生產價值' 的網頁 Metadata。
2026-02-25 00:03:48,917 - SUCCESS - 成功提取 '臺灣地區稻米生產價值' 的網頁 Metadata。
2026-02-25 00:03:50,109 - SUCCESS - 成功提取 '農情調查' 的網頁 Metadata。
2026-02-25 00:03:50,109 - SUCCESS - 成功提取 '農情調查' 的網頁 Metadata。
2026-02-25 00:03:50,152 - SUCCESS - '農情調查' 的 Metadata 已更新到 metadata.json。
2026-02-25 00:03:50,152 - SUCCESS - '農情調查' 的 Metadata 已更新到 metadata.json。
2026-02-25 00:03:51,581 - SUCCESS - <農情調查>的資料已下載完成，共 9999 筆資料。
2026-02-25 00:03:51,581 - SUCCESS - <農情調查>的資料已下載完成，共 9999 筆資料。
2026-02-25 00:03:51,600 - SUCCESS - 已下載、去重並合併資料完成現有資料 0 條，新資料 0 條。
2026-02-25 00:03:51,600 - SUCCESS - 已下載、去重並合併資料完成現有資料 0 條，新資料 0 條。
2026-02-25 00:03:51,606 - SUCCESS - 插入或更新 '農情調查' 的 Metadata 成功。
2026-02-25 00:03:51,606 - SUCCESS - 插入或更新 '農情調查' 的 Metadata 成功。
2026-02-25 00:03:51,606 - SUCCESS - '農情調查' 的自動更新完成。
2026-02-25 00:03:51,606 - SUCCESS - '農情調查' 的自動更新完成。
2026-02-25 00:03:52,762 - SUCCESS - 成功提取 '農產品產地價格資料' 的網頁 Metadata。
2026-02-25 00:03:52,762 - SUCCESS - 成功提取 '農產品產地價格資料' 的網頁 Metadata。
2026-02-25 00:03:52,812 - SUCCESS - '農產品產地價格資料' 的 Metadata 已更新到 metadata.json。
2026-02-25 00:03:52,812 - SUCCESS - '農產品產地價格資料' 的 Metadata 已更新到 metadata.json。
2026-02-25 00:03:53,331 - SUCCESS - <農產品產地價格資料>的資料已下載完成，共 9999 筆資料。
2026-02-25 00:03:53,331 - SUCCESS - <農產品產地價格資料>的資料已下載完成，共 9999 筆資料。
2026-02-25 00:03:54,482 - SUCCESS - 已下載、去重並合併資料完成現有資料 9999 條，新資料 9999 條。
2026-02-25 00:03:54,482 - SUCCESS - 已下載、去重並合併資料完成現有資料 9999 條，新資料 9999 條。
2026-02-25 00:03:55,981 - SUCCESS - 已下載 '農產品產地價格資料' 的原始 JSON 資料路徑: 'C:\Python\data_moa_gov_tw\raw_data\農產品產地價格資料.json'
2026-02-25 00:03:55,981 - SUCCESS - 已下載 '農產品產地價格資料' 的原始 JSON 資料路徑: 'C:\Python\data_moa_gov_tw\raw_data\農產品產地價格資料.json'
2026-02-25 00:03:55,990 - SUCCESS - 插入或更新 '農產品產地價格資料' 的 Metadata 成功。
2026-02-25 00:03:55,990 - SUCCESS - 插入或更新 '農產品產地價格資料' 的 Metadata 成功。
2026-02-25 00:03:56,049 - SUCCESS - 已成功批量插入 '農產品產地價格資料' 的總計 73 條記錄到表格 '1040014' 。
2026-02-25 00:03:56,049 - SUCCESS - 已成功批量插入 '農產品產地價格資料' 的總計 73 條記錄到表格 '1040014' 。
2026-02-25 00:03:56,052 - SUCCESS - '農產品產地價格資料' 的自動更新完成。
2026-02-25 00:03:56,052 - SUCCESS - '農產品產地價格資料' 的自動更新完成。
2026-02-25 00:03:57,310 - SUCCESS - 成功提取 '臺灣地區農產品生產量值' 的網頁 Metadata。
2026-02-25 00:03:57,310 - SUCCESS - 成功提取 '臺灣地區農產品生產量值' 的網頁 Metadata。
2026-02-25 00:03:58,515 - SUCCESS - 成功提取 '雜糧生產概況' 的網頁 Metadata。
2026-02-25 00:03:58,515 - SUCCESS - 成功提取 '雜糧生產概況' 的網頁 Metadata。
2026-02-25 00:03:59,918 - SUCCESS - 成功提取 '農產品產地價格(月平均價格)' 的網頁 Metadata。
2026-02-25 00:03:59,918 - SUCCESS - 成功提取 '農產品產地價格(月平均價格)' 的網頁 Metadata。
2026-02-25 00:04:01,221 - SUCCESS - 成功提取 '全國單日平均糧價' 的網頁 Metadata。
2026-02-25 00:04:01,221 - SUCCESS - 成功提取 '全國單日平均糧價' 的網頁 Metadata。
2026-02-25 00:04:01,270 - SUCCESS - '全國單日平均糧價' 的 Metadata 已更新到 metadata.json。
2026-02-25 00:04:01,270 - SUCCESS - '全國單日平均糧價' 的 Metadata 已更新到 metadata.json。
2026-02-25 00:04:02,839 - SUCCESS - <全國單日平均糧價>的資料已下載完成，共 9205 筆資料。
2026-02-25 00:04:02,839 - SUCCESS - <全國單日平均糧價>的資料已下載完成，共 9205 筆資料。
2026-02-25 00:04:02,992 - SUCCESS - 已下載、去重並合併資料完成現有資料 419 條，新資料 419 條。
2026-02-25 00:04:02,992 - SUCCESS - 已下載、去重並合併資料完成現有資料 419 條，新資料 419 條。
2026-02-25 00:04:03,130 - SUCCESS - 插入或更新 '全國單日平均糧價' 的 Metadata 成功。
2026-02-25 00:04:03,130 - SUCCESS - 插入或更新 '全國單日平均糧價' 的 Metadata 成功。
2026-02-25 00:04:03,131 - SUCCESS - '全國單日平均糧價' 的自動更新完成。
2026-02-25 00:04:03,131 - SUCCESS - '全國單日平均糧價' 的自動更新完成。
2026-02-25 00:04:04,415 - SUCCESS - 成功提取 '臺灣地區蔬菜生產概況' 的網頁 Metadata。
2026-02-25 00:04:04,415 - SUCCESS - 成功提取 '臺灣地區蔬菜生產概況' 的網頁 Metadata。
2026-02-25 00:04:05,605 - SUCCESS - 成功提取 '糧價查詢' 的網頁 Metadata。
2026-02-25 00:04:05,605 - SUCCESS - 成功提取 '糧價查詢' 的網頁 Metadata。
2026-02-25 00:04:05,654 - SUCCESS - '糧價查詢' 的 Metadata 已更新到 metadata.json。
2026-02-25 00:04:05,654 - SUCCESS - '糧價查詢' 的 Metadata 已更新到 metadata.json。
2026-02-25 00:04:07,023 - SUCCESS - <糧價查詢>的資料已下載完成，共 9999 筆資料。
2026-02-25 00:04:07,023 - SUCCESS - <糧價查詢>的資料已下載完成，共 9999 筆資料。
2026-02-25 00:04:07,229 - SUCCESS - 已下載、去重並合併資料完成現有資料 8400 條，新資料 8400 條。
2026-02-25 00:04:07,229 - SUCCESS - 已下載、去重並合併資料完成現有資料 8400 條，新資料 8400 條。
2026-02-25 00:04:08,141 - SUCCESS - 已下載 '糧價查詢' 的原始 JSON 資料路徑: 'C:\Python\data_moa_gov_tw\raw_data\糧價查詢.json'
2026-02-25 00:04:08,141 - SUCCESS - 已下載 '糧價查詢' 的原始 JSON 資料路徑: 'C:\Python\data_moa_gov_tw\raw_data\糧價查詢.json'
2026-02-25 00:04:08,147 - SUCCESS - 插入或更新 '糧價查詢' 的 Metadata 成功。
2026-02-25 00:04:08,147 - SUCCESS - 插入或更新 '糧價查詢' 的 Metadata 成功。
2026-02-25 00:04:08,181 - SUCCESS - 已成功批量插入 '糧價查詢' 的總計 20 條記錄到表格 '1040004' 。
2026-02-25 00:04:08,181 - SUCCESS - 已成功批量插入 '糧價查詢' 的總計 20 條記錄到表格 '1040004' 。
2026-02-25 00:04:08,184 - SUCCESS - '糧價查詢' 的自動更新完成。
2026-02-25 00:04:08,184 - SUCCESS - '糧價查詢' 的自動更新完成。
2026-02-25 00:04:09,209 - SUCCESS - 更新結果:{'產銷履歷與有機蔬果行情': '已更新', '各觀測站近兩年降雨量': '未更新', '臺灣地區果品生產概況': '未更新', '臺灣地區特用作物生產概況': '未更新', '農產品交易行情': '已更新', '臺灣地區稻作種植、收穫面積及產量': '未更新', '臺灣地區稻米生產價值': '未更新', '農情調查': '已更新', '農產品產地價格資料': '已更新', '臺灣地區農產品生產量值': '未更新', '雜糧生產概況': '未更新', '農產品產地價格(月平均價格)': '未更新', '全國單日平均糧價': '已更新', '臺灣地區蔬菜生產概況': '未更新', '糧價查詢': '已更新'}
2026-02-25 00:04:09,209 - SUCCESS - 更新結果:{'產銷履歷與有機蔬果行情': '已更新', '各觀測站近兩年降雨量': '未更新', '臺灣地區果品生產概況': '未更新', '臺灣地區特用作物生產概況': '未更新', '農產品交易行情': '已更新', '臺灣地區稻作種植、收穫面積及產量': '未更新', '臺灣地區稻米生產價值': '未更新', '農情調查': '已更新', '農產品產地價格資料': '已更新', '臺灣地區農產品生產量值': '未更新', '雜糧生產概況': '未更新', '農產品產地價格(月平均價格)': '未更新', '全國單日平均糧價': '已更新', '臺灣地區蔬菜生產概況': '未更新', '糧價查詢': '已更新'}
