2025-12-08 00:32:05,189 - SUCCESS - 成功提取 '全國單日平均糧價' 的網頁 Metadata。
2025-12-08 00:32:05,189 - SUCCESS - 成功提取 '全國單日平均糧價' 的網頁 Metadata。
2025-12-08 00:32:05,258 - SUCCESS - '全國單日平均糧價' 的 Metadata 已更新到 metadata.json。
2025-12-08 00:32:05,258 - SUCCESS - '全國單日平均糧價' 的 Metadata 已更新到 metadata.json。
2025-12-08 00:32:07,278 - SUCCESS - <全國單日平均糧價>的資料已下載完成，共 9126 筆資料。
2025-12-08 00:32:07,278 - SUCCESS - <全國單日平均糧價>的資料已下載完成，共 9126 筆資料。
2025-12-08 00:32:08,717 - SUCCESS - 已下載、去重並合併資料完成現有資料 9126 條，新資料 1 條。
2025-12-08 00:32:08,717 - SUCCESS - 已下載、去重並合併資料完成現有資料 9126 條，新資料 1 條。
2025-12-08 00:32:08,775 - SUCCESS - 已下載 '全國單日平均糧價' 的原始 JSON 資料路徑: 'C:\Python\data_moa_gov_tw\raw_data\全國單日平均糧價\全國單日平均糧價.json'
2025-12-08 00:32:08,775 - SUCCESS - 已下載 '全國單日平均糧價' 的原始 JSON 資料路徑: 'C:\Python\data_moa_gov_tw\raw_data\全國單日平均糧價\全國單日平均糧價.json'
2025-12-08 00:32:08,798 - SUCCESS - 插入或更新 '全國單日平均糧價' 的 Metadata 成功。
2025-12-08 00:32:08,798 - SUCCESS - 插入或更新 '全國單日平均糧價' 的 Metadata 成功。
2025-12-08 00:32:08,798 - SUCCESS - 已成功批量插入 '全國單日平均糧價' 的總計 1 條記錄到表格 '1040001' 。
2025-12-08 00:32:08,798 - SUCCESS - 已成功批量插入 '全國單日平均糧價' 的總計 1 條記錄到表格 '1040001' 。
2025-12-08 00:32:08,813 - SUCCESS - '全國單日平均糧價' 的自動更新完成。
2025-12-08 00:32:08,813 - SUCCESS - '全國單日平均糧價' 的自動更新完成。
2025-12-08 00:32:10,555 - SUCCESS - 成功提取 '各觀測站近兩年降雨量' 的網頁 Metadata。
2025-12-08 00:32:10,555 - SUCCESS - 成功提取 '各觀測站近兩年降雨量' 的網頁 Metadata。
2025-12-08 00:32:12,664 - SUCCESS - 成功提取 '產銷履歷與有機蔬果行情' 的網頁 Metadata。
2025-12-08 00:32:12,664 - SUCCESS - 成功提取 '產銷履歷與有機蔬果行情' 的網頁 Metadata。
2025-12-08 00:32:12,698 - SUCCESS - '產銷履歷與有機蔬果行情' 的 Metadata 已更新到 metadata.json。
2025-12-08 00:32:12,698 - SUCCESS - '產銷履歷與有機蔬果行情' 的 Metadata 已更新到 metadata.json。
2025-12-08 00:32:25,157 - SUCCESS - <產銷履歷與有機蔬果行情>的資料已下載完成，共 4411 筆資料。
2025-12-08 00:32:25,157 - SUCCESS - <產銷履歷與有機蔬果行情>的資料已下載完成，共 4411 筆資料。
2025-12-08 00:32:43,197 - SUCCESS - 已下載、去重並合併資料完成現有資料 263509 條，新資料 2143 條。
2025-12-08 00:32:43,197 - SUCCESS - 已下載、去重並合併資料完成現有資料 263509 條，新資料 2143 條。
2025-12-08 00:32:44,402 - SUCCESS - 已下載 '產銷履歷與有機蔬果行情' 的原始 JSON 資料路徑: 'C:\Python\data_moa_gov_tw\raw_data\產銷履歷與有機蔬果行情\產銷履歷與有機蔬果行情.json'
2025-12-08 00:32:44,402 - SUCCESS - 已下載 '產銷履歷與有機蔬果行情' 的原始 JSON 資料路徑: 'C:\Python\data_moa_gov_tw\raw_data\產銷履歷與有機蔬果行情\產銷履歷與有機蔬果行情.json'
2025-12-08 00:32:44,406 - SUCCESS - 插入或更新 '產銷履歷與有機蔬果行情' 的 Metadata 成功。
2025-12-08 00:32:44,406 - SUCCESS - 插入或更新 '產銷履歷與有機蔬果行情' 的 Metadata 成功。
2025-12-08 00:32:45,237 - SUCCESS - 已成功批量插入 '產銷履歷與有機蔬果行情' 的總計 2143 條記錄到表格 '1040003' 。
2025-12-08 00:32:45,237 - SUCCESS - 已成功批量插入 '產銷履歷與有機蔬果行情' 的總計 2143 條記錄到表格 '1040003' 。
2025-12-08 00:32:45,304 - SUCCESS - '產銷履歷與有機蔬果行情' 的自動更新完成。
2025-12-08 00:32:45,304 - SUCCESS - '產銷履歷與有機蔬果行情' 的自動更新完成。
2025-12-08 00:32:47,092 - SUCCESS - 成功提取 '糧價查詢' 的網頁 Metadata。
2025-12-08 00:32:47,092 - SUCCESS - 成功提取 '糧價查詢' 的網頁 Metadata。
2025-12-08 00:32:47,114 - SUCCESS - '糧價查詢' 的 Metadata 已更新到 metadata.json。
2025-12-08 00:32:47,114 - SUCCESS - '糧價查詢' 的 Metadata 已更新到 metadata.json。
2025-12-08 00:32:49,236 - SUCCESS - <糧價查詢>的資料已下載完成，共 9999 筆資料。
2025-12-08 00:32:49,236 - SUCCESS - <糧價查詢>的資料已下載完成，共 9999 筆資料。
2025-12-08 00:32:49,814 - SUCCESS - 已下載、去重並合併資料完成現有資料 9999 條，新資料 9999 條。
2025-12-08 00:32:49,814 - SUCCESS - 已下載、去重並合併資料完成現有資料 9999 條，新資料 9999 條。
2025-12-08 00:32:50,486 - SUCCESS - 已下載 '糧價查詢' 的原始 JSON 資料路徑: 'C:\Python\data_moa_gov_tw\raw_data\糧價查詢\糧價查詢.json'
2025-12-08 00:32:50,486 - SUCCESS - 已下載 '糧價查詢' 的原始 JSON 資料路徑: 'C:\Python\data_moa_gov_tw\raw_data\糧價查詢\糧價查詢.json'
2025-12-08 00:32:50,486 - SUCCESS - 插入或更新 '糧價查詢' 的 Metadata 成功。
2025-12-08 00:32:50,486 - SUCCESS - 插入或更新 '糧價查詢' 的 Metadata 成功。
2025-12-08 00:32:50,524 - SUCCESS - 已成功批量插入 '糧價查詢' 的總計 40 條記錄到表格 '1040004' 。
2025-12-08 00:32:50,524 - SUCCESS - 已成功批量插入 '糧價查詢' 的總計 40 條記錄到表格 '1040004' 。
2025-12-08 00:32:50,527 - SUCCESS - '糧價查詢' 的自動更新完成。
2025-12-08 00:32:50,527 - SUCCESS - '糧價查詢' 的自動更新完成。
2025-12-08 00:32:52,086 - SUCCESS - 成功提取 '臺灣地區果品生產概況' 的網頁 Metadata。
2025-12-08 00:32:52,086 - SUCCESS - 成功提取 '臺灣地區果品生產概況' 的網頁 Metadata。
2025-12-08 00:32:53,927 - SUCCESS - 成功提取 '臺灣地區特用作物生產概況' 的網頁 Metadata。
2025-12-08 00:32:53,927 - SUCCESS - 成功提取 '臺灣地區特用作物生產概況' 的網頁 Metadata。
2025-12-08 00:32:55,269 - SUCCESS - 成功提取 '臺灣地區稻作種植、收穫面積及產量' 的網頁 Metadata。
2025-12-08 00:32:55,269 - SUCCESS - 成功提取 '臺灣地區稻作種植、收穫面積及產量' 的網頁 Metadata。
2025-12-08 00:32:56,790 - SUCCESS - 成功提取 '臺灣地區稻米生產價值' 的網頁 Metadata。
2025-12-08 00:32:56,790 - SUCCESS - 成功提取 '臺灣地區稻米生產價值' 的網頁 Metadata。
2025-12-08 00:32:58,644 - SUCCESS - 成功提取 '臺灣地區蔬菜生產概況' 的網頁 Metadata。
2025-12-08 00:32:58,644 - SUCCESS - 成功提取 '臺灣地區蔬菜生產概況' 的網頁 Metadata。
2025-12-08 00:32:59,977 - SUCCESS - 成功提取 '臺灣地區農產品生產量值' 的網頁 Metadata。
2025-12-08 00:32:59,977 - SUCCESS - 成功提取 '臺灣地區農產品生產量值' 的網頁 Metadata。
2025-12-08 00:33:01,438 - SUCCESS - 成功提取 '農情調查' 的網頁 Metadata。
2025-12-08 00:33:01,438 - SUCCESS - 成功提取 '農情調查' 的網頁 Metadata。
2025-12-08 00:33:01,475 - SUCCESS - '農情調查' 的 Metadata 已更新到 metadata.json。
2025-12-08 00:33:01,475 - SUCCESS - '農情調查' 的 Metadata 已更新到 metadata.json。
2025-12-08 00:33:05,220 - SUCCESS - <農情調查>的資料已下載完成，共 9999 筆資料。
2025-12-08 00:33:05,220 - SUCCESS - <農情調查>的資料已下載完成，共 9999 筆資料。
2025-12-08 00:33:06,251 - SUCCESS - 已下載、去重並合併資料完成現有資料 45259 條，新資料 0 條。
2025-12-08 00:33:06,251 - SUCCESS - 已下載、去重並合併資料完成現有資料 45259 條，新資料 0 條。
2025-12-08 00:33:06,527 - SUCCESS - 插入或更新 '農情調查' 的 Metadata 成功。
2025-12-08 00:33:06,527 - SUCCESS - 插入或更新 '農情調查' 的 Metadata 成功。
2025-12-08 00:33:06,540 - SUCCESS - '農情調查' 的自動更新完成。
2025-12-08 00:33:06,540 - SUCCESS - '農情調查' 的自動更新完成。
2025-12-08 00:33:08,144 - SUCCESS - 成功提取 '農產品交易行情' 的網頁 Metadata。
2025-12-08 00:33:08,144 - SUCCESS - 成功提取 '農產品交易行情' 的網頁 Metadata。
2025-12-08 00:33:08,185 - SUCCESS - '農產品交易行情' 的 Metadata 已更新到 metadata.json。
2025-12-08 00:33:08,185 - SUCCESS - '農產品交易行情' 的 Metadata 已更新到 metadata.json。
2025-12-08 00:33:25,249 - SUCCESS - <農產品交易行情>的資料已下載完成，共 7789 筆資料。
2025-12-08 00:33:25,249 - SUCCESS - <農產品交易行情>的資料已下載完成，共 7789 筆資料。
2025-12-08 00:33:48,723 - SUCCESS - 已下載、去重並合併資料完成現有資料 500190 條，新資料 2185 條。
2025-12-08 00:33:48,723 - SUCCESS - 已下載、去重並合併資料完成現有資料 500190 條，新資料 2185 條。
2025-12-08 00:33:51,028 - SUCCESS - 已下載 '農產品交易行情' 的原始 JSON 資料路徑: 'C:\Python\data_moa_gov_tw\raw_data\農產品交易行情\農產品交易行情.json'
2025-12-08 00:33:51,028 - SUCCESS - 已下載 '農產品交易行情' 的原始 JSON 資料路徑: 'C:\Python\data_moa_gov_tw\raw_data\農產品交易行情\農產品交易行情.json'
2025-12-08 00:33:51,028 - SUCCESS - 插入或更新 '農產品交易行情' 的 Metadata 成功。
2025-12-08 00:33:51,028 - SUCCESS - 插入或更新 '農產品交易行情' 的 Metadata 成功。
2025-12-08 00:33:51,945 - SUCCESS - 已成功批量插入 '農產品交易行情' 的總計 2184 條記錄到表格 '1040012' 。
2025-12-08 00:33:51,945 - SUCCESS - 已成功批量插入 '農產品交易行情' 的總計 2184 條記錄到表格 '1040012' 。
2025-12-08 00:33:52,142 - SUCCESS - '農產品交易行情' 的自動更新完成。
2025-12-08 00:33:52,142 - SUCCESS - '農產品交易行情' 的自動更新完成。
2025-12-08 00:33:54,983 - SUCCESS - 成功提取 '農產品產地價格(月平均價格)' 的網頁 Metadata。
2025-12-08 00:33:54,983 - SUCCESS - 成功提取 '農產品產地價格(月平均價格)' 的網頁 Metadata。
2025-12-08 00:33:56,465 - SUCCESS - 成功提取 '農產品產地價格資料' 的網頁 Metadata。
2025-12-08 00:33:56,465 - SUCCESS - 成功提取 '農產品產地價格資料' 的網頁 Metadata。
2025-12-08 00:33:57,877 - SUCCESS - 成功提取 '雜糧生產概況' 的網頁 Metadata。
2025-12-08 00:33:57,877 - SUCCESS - 成功提取 '雜糧生產概況' 的網頁 Metadata。
2025-12-08 00:33:58,892 - SUCCESS - 已成功儲存次要資訊。
2025-12-08 00:33:58,892 - SUCCESS - 已成功儲存次要資訊。
2025-12-08 00:33:58,892 - SUCCESS - 更新結果儲存成功:{'全國單日平均糧價': '已更新', '各觀測站近兩年降雨量': '未更新', '產銷履歷與有機蔬果行情': '已更新', '糧價查詢': '已更新', '臺灣地區果品生產概況': '未更新', '臺灣地區特用作物生產概況': '未更新', '臺灣地區稻作種植、收穫面積及產量': '未更新', '臺灣地區稻米生產價值': '未更新', '臺灣地區蔬菜生產概況': '未更新', '臺灣地區農產品生產量值': '未更新', '農情調查': '已更新', '農產品交易行情': '已更新', '農產品產地價格(月平均價格)': '未更新', '農產品產地價格資料': '未更新', '雜糧生產概況': '未更新'}
2025-12-08 00:33:58,892 - SUCCESS - 更新結果儲存成功:{'全國單日平均糧價': '已更新', '各觀測站近兩年降雨量': '未更新', '產銷履歷與有機蔬果行情': '已更新', '糧價查詢': '已更新', '臺灣地區果品生產概況': '未更新', '臺灣地區特用作物生產概況': '未更新', '臺灣地區稻作種植、收穫面積及產量': '未更新', '臺灣地區稻米生產價值': '未更新', '臺灣地區蔬菜生產概況': '未更新', '臺灣地區農產品生產量值': '未更新', '農情調查': '已更新', '農產品交易行情': '已更新', '農產品產地價格(月平均價格)': '未更新', '農產品產地價格資料': '未更新', '雜糧生產概況': '未更新'}
