2026-02-13 02:11:55,960 - SUCCESS - 成功提取 '各觀測站近兩年降雨量' 的網頁 Metadata。
2026-02-13 02:11:55,960 - SUCCESS - 成功提取 '各觀測站近兩年降雨量' 的網頁 Metadata。
2026-02-13 02:11:57,221 - SUCCESS - 成功提取 '臺灣地區果品生產概況' 的網頁 Metadata。
2026-02-13 02:11:57,221 - SUCCESS - 成功提取 '臺灣地區果品生產概況' 的網頁 Metadata。
2026-02-13 02:11:58,434 - SUCCESS - 成功提取 '臺灣地區特用作物生產概況' 的網頁 Metadata。
2026-02-13 02:11:58,434 - SUCCESS - 成功提取 '臺灣地區特用作物生產概況' 的網頁 Metadata。
2026-02-13 02:11:59,623 - SUCCESS - 成功提取 '產銷履歷與有機蔬果行情' 的網頁 Metadata。
2026-02-13 02:11:59,623 - SUCCESS - 成功提取 '產銷履歷與有機蔬果行情' 的網頁 Metadata。
2026-02-13 02:11:59,698 - SUCCESS - '產銷履歷與有機蔬果行情' 的 Metadata 已更新到 metadata.json。
2026-02-13 02:11:59,698 - SUCCESS - '產銷履歷與有機蔬果行情' 的 Metadata 已更新到 metadata.json。
2026-02-13 02:12:01,219 - SUCCESS - <產銷履歷與有機蔬果行情>的資料已下載完成，共 4654 筆資料。
2026-02-13 02:12:01,219 - SUCCESS - <產銷履歷與有機蔬果行情>的資料已下載完成，共 4654 筆資料。
2026-02-13 02:12:01,577 - SUCCESS - 已下載、去重並合併資料完成現有資料 4654 條，新資料 4654 條。
2026-02-13 02:12:01,577 - SUCCESS - 已下載、去重並合併資料完成現有資料 4654 條，新資料 4654 條。
2026-02-13 02:12:03,892 - SUCCESS - 已下載 '產銷履歷與有機蔬果行情' 的原始 JSON 資料路徑: 'C:\Python\data_moa_gov_tw\raw_data\產銷履歷與有機蔬果行情\產銷履歷與有機蔬果行情.json'
2026-02-13 02:12:03,892 - SUCCESS - 已下載 '產銷履歷與有機蔬果行情' 的原始 JSON 資料路徑: 'C:\Python\data_moa_gov_tw\raw_data\產銷履歷與有機蔬果行情\產銷履歷與有機蔬果行情.json'
2026-02-13 02:12:03,919 - SUCCESS - 插入或更新 '產銷履歷與有機蔬果行情' 的 Metadata 成功。
2026-02-13 02:12:03,919 - SUCCESS - 插入或更新 '產銷履歷與有機蔬果行情' 的 Metadata 成功。
2026-02-13 02:12:04,928 - SUCCESS - 已成功批量插入 '產銷履歷與有機蔬果行情' 的總計 2321 條記錄到表格 '1040003' 。
2026-02-13 02:12:04,928 - SUCCESS - 已成功批量插入 '產銷履歷與有機蔬果行情' 的總計 2321 條記錄到表格 '1040003' 。
2026-02-13 02:12:04,930 - SUCCESS - '產銷履歷與有機蔬果行情' 的自動更新完成。
2026-02-13 02:12:04,930 - SUCCESS - '產銷履歷與有機蔬果行情' 的自動更新完成。
2026-02-13 02:12:06,123 - SUCCESS - 成功提取 '農產品產地價格(月平均價格)' 的網頁 Metadata。
2026-02-13 02:12:06,123 - SUCCESS - 成功提取 '農產品產地價格(月平均價格)' 的網頁 Metadata。
2026-02-13 02:12:07,331 - SUCCESS - 成功提取 '農產品交易行情' 的網頁 Metadata。
2026-02-13 02:12:07,331 - SUCCESS - 成功提取 '農產品交易行情' 的網頁 Metadata。
2026-02-13 02:12:07,382 - SUCCESS - '農產品交易行情' 的 Metadata 已更新到 metadata.json。
2026-02-13 02:12:07,382 - SUCCESS - '農產品交易行情' 的 Metadata 已更新到 metadata.json。
2026-02-13 02:12:12,140 - SUCCESS - <農產品交易行情>的資料已下載完成，共 11733 筆資料。
2026-02-13 02:12:12,140 - SUCCESS - <農產品交易行情>的資料已下載完成，共 11733 筆資料。
2026-02-13 02:12:12,396 - SUCCESS - 已下載、去重並合併資料完成現有資料 11733 條，新資料 11733 條。
2026-02-13 02:12:12,396 - SUCCESS - 已下載、去重並合併資料完成現有資料 11733 條，新資料 11733 條。
2026-02-13 02:12:15,884 - SUCCESS - 已下載 '農產品交易行情' 的原始 JSON 資料路徑: 'C:\Python\data_moa_gov_tw\raw_data\農產品交易行情\農產品交易行情.json'
2026-02-13 02:12:15,884 - SUCCESS - 已下載 '農產品交易行情' 的原始 JSON 資料路徑: 'C:\Python\data_moa_gov_tw\raw_data\農產品交易行情\農產品交易行情.json'
2026-02-13 02:12:15,889 - SUCCESS - 插入或更新 '農產品交易行情' 的 Metadata 成功。
2026-02-13 02:12:15,889 - SUCCESS - 插入或更新 '農產品交易行情' 的 Metadata 成功。
2026-02-13 02:12:17,841 - SUCCESS - 已成功批量插入 '農產品交易行情' 的總計 4247 條記錄到表格 '1040012' 。
2026-02-13 02:12:17,841 - SUCCESS - 已成功批量插入 '農產品交易行情' 的總計 4247 條記錄到表格 '1040012' 。
2026-02-13 02:12:17,841 - SUCCESS - '農產品交易行情' 的自動更新完成。
2026-02-13 02:12:17,841 - SUCCESS - '農產品交易行情' 的自動更新完成。
2026-02-13 02:12:18,994 - SUCCESS - 成功提取 '全國單日平均糧價' 的網頁 Metadata。
2026-02-13 02:12:18,994 - SUCCESS - 成功提取 '全國單日平均糧價' 的網頁 Metadata。
2026-02-13 02:12:19,026 - SUCCESS - '全國單日平均糧價' 的 Metadata 已更新到 metadata.json。
2026-02-13 02:12:19,026 - SUCCESS - '全國單日平均糧價' 的 Metadata 已更新到 metadata.json。
2026-02-13 02:12:20,091 - SUCCESS - <全國單日平均糧價>的資料已下載完成，共 9194 筆資料。
2026-02-13 02:12:20,091 - SUCCESS - <全國單日平均糧價>的資料已下載完成，共 9194 筆資料。
2026-02-13 02:12:20,239 - SUCCESS - 已下載、去重並合併資料完成現有資料 74 條，新資料 74 條。
2026-02-13 02:12:20,239 - SUCCESS - 已下載、去重並合併資料完成現有資料 74 條，新資料 74 條。
2026-02-13 02:12:20,381 - SUCCESS - 已下載 '全國單日平均糧價' 的原始 JSON 資料路徑: 'C:\Python\data_moa_gov_tw\raw_data\全國單日平均糧價\全國單日平均糧價.json'
2026-02-13 02:12:20,381 - SUCCESS - 已下載 '全國單日平均糧價' 的原始 JSON 資料路徑: 'C:\Python\data_moa_gov_tw\raw_data\全國單日平均糧價\全國單日平均糧價.json'
2026-02-13 02:12:20,394 - SUCCESS - 插入或更新 '全國單日平均糧價' 的 Metadata 成功。
2026-02-13 02:12:20,394 - SUCCESS - 插入或更新 '全國單日平均糧價' 的 Metadata 成功。
2026-02-13 02:12:20,409 - SUCCESS - 已成功批量插入 '全國單日平均糧價' 的總計 1 條記錄到表格 '1040001' 。
2026-02-13 02:12:20,409 - SUCCESS - 已成功批量插入 '全國單日平均糧價' 的總計 1 條記錄到表格 '1040001' 。
2026-02-13 02:12:20,409 - SUCCESS - '全國單日平均糧價' 的自動更新完成。
2026-02-13 02:12:20,409 - SUCCESS - '全國單日平均糧價' 的自動更新完成。
2026-02-13 02:12:33,072 - SUCCESS - 成功提取 '臺灣地區稻米生產價值' 的網頁 Metadata。
2026-02-13 02:12:33,072 - SUCCESS - 成功提取 '臺灣地區稻米生產價值' 的網頁 Metadata。
2026-02-13 02:12:34,284 - SUCCESS - 成功提取 '臺灣地區蔬菜生產概況' 的網頁 Metadata。
2026-02-13 02:12:34,284 - SUCCESS - 成功提取 '臺灣地區蔬菜生產概況' 的網頁 Metadata。
2026-02-13 02:12:35,436 - SUCCESS - 成功提取 '臺灣地區農產品生產量值' 的網頁 Metadata。
2026-02-13 02:12:35,436 - SUCCESS - 成功提取 '臺灣地區農產品生產量值' 的網頁 Metadata。
2026-02-13 02:12:36,576 - SUCCESS - 成功提取 '農產品產地價格資料' 的網頁 Metadata。
2026-02-13 02:12:36,576 - SUCCESS - 成功提取 '農產品產地價格資料' 的網頁 Metadata。
2026-02-13 02:12:36,624 - SUCCESS - '農產品產地價格資料' 的 Metadata 已更新到 metadata.json。
2026-02-13 02:12:36,624 - SUCCESS - '農產品產地價格資料' 的 Metadata 已更新到 metadata.json。
2026-02-13 02:12:37,175 - SUCCESS - <農產品產地價格資料>的資料已下載完成，共 9999 筆資料。
2026-02-13 02:12:37,175 - SUCCESS - <農產品產地價格資料>的資料已下載完成，共 9999 筆資料。
2026-02-13 02:12:37,491 - SUCCESS - 已下載、去重並合併資料完成現有資料 2480 條，新資料 2480 條。
2026-02-13 02:12:37,491 - SUCCESS - 已下載、去重並合併資料完成現有資料 2480 條，新資料 2480 條。
2026-02-13 02:12:38,699 - SUCCESS - 已下載 '農產品產地價格資料' 的原始 JSON 資料路徑: 'C:\Python\data_moa_gov_tw\raw_data\農產品產地價格資料\農產品產地價格資料.json'
2026-02-13 02:12:38,699 - SUCCESS - 已下載 '農產品產地價格資料' 的原始 JSON 資料路徑: 'C:\Python\data_moa_gov_tw\raw_data\農產品產地價格資料\農產品產地價格資料.json'
2026-02-13 02:12:38,714 - SUCCESS - 插入或更新 '農產品產地價格資料' 的 Metadata 成功。
2026-02-13 02:12:38,714 - SUCCESS - 插入或更新 '農產品產地價格資料' 的 Metadata 成功。
2026-02-13 02:12:38,741 - SUCCESS - 已成功批量插入 '農產品產地價格資料' 的總計 22 條記錄到表格 '1040014' 。
2026-02-13 02:12:38,741 - SUCCESS - 已成功批量插入 '農產品產地價格資料' 的總計 22 條記錄到表格 '1040014' 。
2026-02-13 02:12:38,741 - SUCCESS - '農產品產地價格資料' 的自動更新完成。
2026-02-13 02:12:38,741 - SUCCESS - '農產品產地價格資料' 的自動更新完成。
2026-02-13 02:12:39,928 - SUCCESS - 成功提取 '雜糧生產概況' 的網頁 Metadata。
2026-02-13 02:12:39,928 - SUCCESS - 成功提取 '雜糧生產概況' 的網頁 Metadata。
2026-02-13 02:12:41,129 - SUCCESS - 成功提取 '農情調查' 的網頁 Metadata。
2026-02-13 02:12:41,129 - SUCCESS - 成功提取 '農情調查' 的網頁 Metadata。
2026-02-13 02:12:41,173 - SUCCESS - '農情調查' 的 Metadata 已更新到 metadata.json。
2026-02-13 02:12:41,173 - SUCCESS - '農情調查' 的 Metadata 已更新到 metadata.json。
2026-02-13 02:12:42,822 - SUCCESS - <農情調查>的資料已下載完成，共 9999 筆資料。
2026-02-13 02:12:42,822 - SUCCESS - <農情調查>的資料已下載完成，共 9999 筆資料。
2026-02-13 02:12:42,839 - SUCCESS - 已下載、去重並合併資料完成現有資料 0 條，新資料 0 條。
2026-02-13 02:12:42,839 - SUCCESS - 已下載、去重並合併資料完成現有資料 0 條，新資料 0 條。
2026-02-13 02:12:44,035 - SUCCESS - 成功提取 '糧價查詢' 的網頁 Metadata。
2026-02-13 02:12:44,035 - SUCCESS - 成功提取 '糧價查詢' 的網頁 Metadata。
2026-02-13 02:12:44,089 - SUCCESS - '糧價查詢' 的 Metadata 已更新到 metadata.json。
2026-02-13 02:12:44,089 - SUCCESS - '糧價查詢' 的 Metadata 已更新到 metadata.json。
2026-02-13 02:12:45,488 - SUCCESS - <糧價查詢>的資料已下載完成，共 9999 筆資料。
2026-02-13 02:12:45,488 - SUCCESS - <糧價查詢>的資料已下載完成，共 9999 筆資料。
2026-02-13 02:12:45,559 - SUCCESS - 已下載、去重並合併資料完成現有資料 1480 條，新資料 1480 條。
2026-02-13 02:12:45,559 - SUCCESS - 已下載、去重並合併資料完成現有資料 1480 條，新資料 1480 條。
2026-02-13 02:12:46,391 - SUCCESS - 已下載 '糧價查詢' 的原始 JSON 資料路徑: 'C:\Python\data_moa_gov_tw\raw_data\糧價查詢\糧價查詢.json'
2026-02-13 02:12:46,391 - SUCCESS - 已下載 '糧價查詢' 的原始 JSON 資料路徑: 'C:\Python\data_moa_gov_tw\raw_data\糧價查詢\糧價查詢.json'
2026-02-13 02:12:46,404 - SUCCESS - 插入或更新 '糧價查詢' 的 Metadata 成功。
2026-02-13 02:12:46,404 - SUCCESS - 插入或更新 '糧價查詢' 的 Metadata 成功。
2026-02-13 02:12:46,437 - SUCCESS - 已成功批量插入 '糧價查詢' 的總計 20 條記錄到表格 '1040004' 。
2026-02-13 02:12:46,437 - SUCCESS - 已成功批量插入 '糧價查詢' 的總計 20 條記錄到表格 '1040004' 。
2026-02-13 02:12:46,438 - SUCCESS - '糧價查詢' 的自動更新完成。
2026-02-13 02:12:46,438 - SUCCESS - '糧價查詢' 的自動更新完成。
2026-02-13 02:12:47,450 - SUCCESS - 已成功儲存次要資訊。
2026-02-13 02:12:47,450 - SUCCESS - 已成功儲存次要資訊。
2026-02-13 02:12:47,450 - SUCCESS - 更新結果儲存成功:{'各觀測站近兩年降雨量': '未更新', '臺灣地區果品生產概況': '未更新', '臺灣地區特用作物生產概況': '未更新', '產銷履歷與有機蔬果行情': '已更新', '農產品產地價格(月平均價格)': '未更新', '農產品交易行情': '已更新', '全國單日平均糧價': '已更新', '臺灣地區稻作種植、收穫面積及產量': '未更新', '臺灣地區稻米生產價值': '未更新', '臺灣地區蔬菜生產概況': '未更新', '臺灣地區農產品生產量值': '未更新', '農產品產地價格資料': '已更新', '雜糧生產概況': '未更新', '農情調查': '未更新', '糧價查詢': '已更新'}
2026-02-13 02:12:47,450 - SUCCESS - 更新結果儲存成功:{'各觀測站近兩年降雨量': '未更新', '臺灣地區果品生產概況': '未更新', '臺灣地區特用作物生產概況': '未更新', '產銷履歷與有機蔬果行情': '已更新', '農產品產地價格(月平均價格)': '未更新', '農產品交易行情': '已更新', '全國單日平均糧價': '已更新', '臺灣地區稻作種植、收穫面積及產量': '未更新', '臺灣地區稻米生產價值': '未更新', '臺灣地區蔬菜生產概況': '未更新', '臺灣地區農產品生產量值': '未更新', '農產品產地價格資料': '已更新', '雜糧生產概況': '未更新', '農情調查': '未更新', '糧價查詢': '已更新'}
2026-02-13 02:12:47,473 - SUCCESS - 已成功儲存次要資訊到資料庫。
2026-02-13 02:12:47,473 - SUCCESS - 已成功儲存次要資訊到資料庫。
2026-02-13 02:14:45,539 - SUCCESS - 成功提取 '各觀測站近兩年降雨量' 的網頁 Metadata。
2026-02-13 02:14:45,539 - SUCCESS - 成功提取 '各觀測站近兩年降雨量' 的網頁 Metadata。
2026-02-13 02:14:46,741 - SUCCESS - 成功提取 '臺灣地區果品生產概況' 的網頁 Metadata。
2026-02-13 02:14:46,741 - SUCCESS - 成功提取 '臺灣地區果品生產概況' 的網頁 Metadata。
2026-02-13 02:14:47,929 - SUCCESS - 成功提取 '臺灣地區特用作物生產概況' 的網頁 Metadata。
2026-02-13 02:14:47,929 - SUCCESS - 成功提取 '臺灣地區特用作物生產概況' 的網頁 Metadata。
2026-02-13 02:14:49,133 - SUCCESS - 成功提取 '產銷履歷與有機蔬果行情' 的網頁 Metadata。
2026-02-13 02:14:49,133 - SUCCESS - 成功提取 '產銷履歷與有機蔬果行情' 的網頁 Metadata。
2026-02-13 02:14:50,253 - SUCCESS - 成功提取 '農產品產地價格(月平均價格)' 的網頁 Metadata。
2026-02-13 02:14:50,253 - SUCCESS - 成功提取 '農產品產地價格(月平均價格)' 的網頁 Metadata。
2026-02-13 02:14:51,455 - SUCCESS - 成功提取 '農產品交易行情' 的網頁 Metadata。
2026-02-13 02:14:51,455 - SUCCESS - 成功提取 '農產品交易行情' 的網頁 Metadata。
2026-02-13 02:14:52,627 - SUCCESS - 成功提取 '全國單日平均糧價' 的網頁 Metadata。
2026-02-13 02:14:52,627 - SUCCESS - 成功提取 '全國單日平均糧價' 的網頁 Metadata。
2026-02-13 02:14:53,846 - SUCCESS - 成功提取 '臺灣地區稻作種植、收穫面積及產量' 的網頁 Metadata。
2026-02-13 02:14:53,846 - SUCCESS - 成功提取 '臺灣地區稻作種植、收穫面積及產量' 的網頁 Metadata。
2026-02-13 02:14:54,970 - SUCCESS - 成功提取 '臺灣地區稻米生產價值' 的網頁 Metadata。
2026-02-13 02:14:54,970 - SUCCESS - 成功提取 '臺灣地區稻米生產價值' 的網頁 Metadata。
2026-02-13 02:14:56,103 - SUCCESS - 成功提取 '臺灣地區蔬菜生產概況' 的網頁 Metadata。
2026-02-13 02:14:56,103 - SUCCESS - 成功提取 '臺灣地區蔬菜生產概況' 的網頁 Metadata。
2026-02-13 02:14:57,268 - SUCCESS - 成功提取 '臺灣地區農產品生產量值' 的網頁 Metadata。
2026-02-13 02:14:57,268 - SUCCESS - 成功提取 '臺灣地區農產品生產量值' 的網頁 Metadata。
2026-02-13 02:14:58,438 - SUCCESS - 成功提取 '農產品產地價格資料' 的網頁 Metadata。
2026-02-13 02:14:58,438 - SUCCESS - 成功提取 '農產品產地價格資料' 的網頁 Metadata。
2026-02-13 02:14:59,582 - SUCCESS - 成功提取 '雜糧生產概況' 的網頁 Metadata。
2026-02-13 02:14:59,582 - SUCCESS - 成功提取 '雜糧生產概況' 的網頁 Metadata。
2026-02-13 02:15:00,788 - SUCCESS - 成功提取 '農情調查' 的網頁 Metadata。
2026-02-13 02:15:00,788 - SUCCESS - 成功提取 '農情調查' 的網頁 Metadata。
2026-02-13 02:15:00,842 - SUCCESS - '農情調查' 的 Metadata 已更新到 metadata.json。
2026-02-13 02:15:00,842 - SUCCESS - '農情調查' 的 Metadata 已更新到 metadata.json。
2026-02-13 02:15:02,241 - SUCCESS - <農情調查>的資料已下載完成，共 9999 筆資料。
2026-02-13 02:15:02,241 - SUCCESS - <農情調查>的資料已下載完成，共 9999 筆資料。
2026-02-13 02:15:02,262 - SUCCESS - 已下載、去重並合併資料完成現有資料 0 條，新資料 0 條。
2026-02-13 02:15:02,262 - SUCCESS - 已下載、去重並合併資料完成現有資料 0 條，新資料 0 條。
2026-02-13 02:15:03,441 - SUCCESS - 成功提取 '糧價查詢' 的網頁 Metadata。
2026-02-13 02:15:03,441 - SUCCESS - 成功提取 '糧價查詢' 的網頁 Metadata。
2026-02-13 02:15:04,453 - SUCCESS - 已成功儲存次要資訊。
2026-02-13 02:15:04,453 - SUCCESS - 已成功儲存次要資訊。
2026-02-13 02:15:04,453 - SUCCESS - 更新結果儲存成功:{'各觀測站近兩年降雨量': '未更新', '臺灣地區果品生產概況': '未更新', '臺灣地區特用作物生產概況': '未更新', '產銷履歷與有機蔬果行情': '未更新', '農產品產地價格(月平均價格)': '未更新', '農產品交易行情': '未更新', '全國單日平均糧價': '未更新', '臺灣地區稻作種植、收穫面積及產量': '未更新', '臺灣地區稻米生產價值': '未更新', '臺灣地區蔬菜生產概況': '未更新', '臺灣地區農產品生產量值': '未更新', '農產品產地價格資料': '未更新', '雜糧生產概況': '未更新', '農情調查': '未更新', '糧價查詢': '未更新'}
2026-02-13 02:15:04,453 - SUCCESS - 更新結果儲存成功:{'各觀測站近兩年降雨量': '未更新', '臺灣地區果品生產概況': '未更新', '臺灣地區特用作物生產概況': '未更新', '產銷履歷與有機蔬果行情': '未更新', '農產品產地價格(月平均價格)': '未更新', '農產品交易行情': '未更新', '全國單日平均糧價': '未更新', '臺灣地區稻作種植、收穫面積及產量': '未更新', '臺灣地區稻米生產價值': '未更新', '臺灣地區蔬菜生產概況': '未更新', '臺灣地區農產品生產量值': '未更新', '農產品產地價格資料': '未更新', '雜糧生產概況': '未更新', '農情調查': '未更新', '糧價查詢': '未更新'}
2026-02-13 02:15:04,475 - SUCCESS - 已成功儲存次要資訊到資料庫。
2026-02-13 02:15:04,475 - SUCCESS - 已成功儲存次要資訊到資料庫。
