2025-10-27 02:13:17,931 - SUCCESS - 成功提取 '全國單日平均糧價' 的網頁 Metadata。
2025-10-27 02:13:17,931 - SUCCESS - 成功提取 '全國單日平均糧價' 的網頁 Metadata。
2025-10-27 02:13:17,990 - SUCCESS - '全國單日平均糧價' 的 Metadata 已更新到 metadata.json。
2025-10-27 02:13:17,990 - SUCCESS - '全國單日平均糧價' 的 Metadata 已更新到 metadata.json。
2025-10-27 02:13:19,235 - SUCCESS - <全國單日平均糧價>的資料已下載完成，共 9084 筆資料。
2025-10-27 02:13:19,235 - SUCCESS - <全國單日平均糧價>的資料已下載完成，共 9084 筆資料。
2025-10-27 02:13:20,029 - SUCCESS - 已下載、去重並合併資料完成現有資料 9084 條，新資料 2 條。
2025-10-27 02:13:20,029 - SUCCESS - 已下載、去重並合併資料完成現有資料 9084 條，新資料 2 條。
2025-10-27 02:13:20,078 - SUCCESS - 已下載 '全國單日平均糧價' 的原始 JSON 資料路徑: 'C:\Python\data_moa_gov_tw\raw_data\全國單日平均糧價\全國單日平均糧價.json'
2025-10-27 02:13:20,078 - SUCCESS - 已下載 '全國單日平均糧價' 的原始 JSON 資料路徑: 'C:\Python\data_moa_gov_tw\raw_data\全國單日平均糧價\全國單日平均糧價.json'
2025-10-27 02:13:20,108 - SUCCESS - 插入或更新 '全國單日平均糧價' 的 Metadata 成功。
2025-10-27 02:13:20,108 - SUCCESS - 插入或更新 '全國單日平均糧價' 的 Metadata 成功。
2025-10-27 02:13:20,117 - SUCCESS - 已成功批量插入 '全國單日平均糧價' 的總計 2 條記錄到表格 '1040001' 。
2025-10-27 02:13:20,117 - SUCCESS - 已成功批量插入 '全國單日平均糧價' 的總計 2 條記錄到表格 '1040001' 。
2025-10-27 02:13:20,123 - SUCCESS - '全國單日平均糧價' 的自動更新完成。
2025-10-27 02:13:20,123 - SUCCESS - '全國單日平均糧價' 的自動更新完成。
2025-10-27 02:13:21,462 - SUCCESS - 成功提取 '各觀測站近兩年降雨量' 的網頁 Metadata。
2025-10-27 02:13:21,462 - SUCCESS - 成功提取 '各觀測站近兩年降雨量' 的網頁 Metadata。
2025-10-27 02:13:23,815 - SUCCESS - 成功提取 '產銷履歷與有機蔬果行情' 的網頁 Metadata。
2025-10-27 02:13:23,815 - SUCCESS - 成功提取 '產銷履歷與有機蔬果行情' 的網頁 Metadata。
2025-10-27 02:13:23,850 - SUCCESS - '產銷履歷與有機蔬果行情' 的 Metadata 已更新到 metadata.json。
2025-10-27 02:13:23,850 - SUCCESS - '產銷履歷與有機蔬果行情' 的 Metadata 已更新到 metadata.json。
2025-10-27 02:13:25,874 - SUCCESS - <產銷履歷與有機蔬果行情>的資料已下載完成，共 4275 筆資料。
2025-10-27 02:13:25,874 - SUCCESS - <產銷履歷與有機蔬果行情>的資料已下載完成，共 4275 筆資料。
2025-10-27 02:13:40,017 - SUCCESS - 已下載、去重並合併資料完成現有資料 185858 條，新資料 2079 條。
2025-10-27 02:13:40,017 - SUCCESS - 已下載、去重並合併資料完成現有資料 185858 條，新資料 2079 條。
2025-10-27 02:13:41,030 - SUCCESS - 已下載 '產銷履歷與有機蔬果行情' 的原始 JSON 資料路徑: 'C:\Python\data_moa_gov_tw\raw_data\產銷履歷與有機蔬果行情\產銷履歷與有機蔬果行情.json'
2025-10-27 02:13:41,030 - SUCCESS - 已下載 '產銷履歷與有機蔬果行情' 的原始 JSON 資料路徑: 'C:\Python\data_moa_gov_tw\raw_data\產銷履歷與有機蔬果行情\產銷履歷與有機蔬果行情.json'
2025-10-27 02:13:41,036 - SUCCESS - 插入或更新 '產銷履歷與有機蔬果行情' 的 Metadata 成功。
2025-10-27 02:13:41,036 - SUCCESS - 插入或更新 '產銷履歷與有機蔬果行情' 的 Metadata 成功。
2025-10-27 02:13:41,846 - SUCCESS - 已成功批量插入 '產銷履歷與有機蔬果行情' 的總計 2079 條記錄到表格 '1040003' 。
2025-10-27 02:13:41,846 - SUCCESS - 已成功批量插入 '產銷履歷與有機蔬果行情' 的總計 2079 條記錄到表格 '1040003' 。
2025-10-27 02:13:41,900 - SUCCESS - '產銷履歷與有機蔬果行情' 的自動更新完成。
2025-10-27 02:13:41,900 - SUCCESS - '產銷履歷與有機蔬果行情' 的自動更新完成。
2025-10-27 02:13:43,916 - SUCCESS - 成功提取 '糧價查詢' 的網頁 Metadata。
2025-10-27 02:13:43,916 - SUCCESS - 成功提取 '糧價查詢' 的網頁 Metadata。
2025-10-27 02:13:43,946 - SUCCESS - '糧價查詢' 的 Metadata 已更新到 metadata.json。
2025-10-27 02:13:43,946 - SUCCESS - '糧價查詢' 的 Metadata 已更新到 metadata.json。
2025-10-27 02:13:45,314 - SUCCESS - <糧價查詢>的資料已下載完成，共 9999 筆資料。
2025-10-27 02:13:45,314 - SUCCESS - <糧價查詢>的資料已下載完成，共 9999 筆資料。
2025-10-27 02:14:00,459 - SUCCESS - 已下載、去重並合併資料完成現有資料 240110 條，新資料 60 條。
2025-10-27 02:14:00,459 - SUCCESS - 已下載、去重並合併資料完成現有資料 240110 條，新資料 60 條。
2025-10-27 02:14:01,531 - SUCCESS - 已下載 '糧價查詢' 的原始 JSON 資料路徑: 'C:\Python\data_moa_gov_tw\raw_data\糧價查詢\糧價查詢.json'
2025-10-27 02:14:01,531 - SUCCESS - 已下載 '糧價查詢' 的原始 JSON 資料路徑: 'C:\Python\data_moa_gov_tw\raw_data\糧價查詢\糧價查詢.json'
2025-10-27 02:14:01,531 - SUCCESS - 插入或更新 '糧價查詢' 的 Metadata 成功。
2025-10-27 02:14:01,531 - SUCCESS - 插入或更新 '糧價查詢' 的 Metadata 成功。
2025-10-27 02:14:01,580 - SUCCESS - 已成功批量插入 '糧價查詢' 的總計 60 條記錄到表格 '1040004' 。
2025-10-27 02:14:01,580 - SUCCESS - 已成功批量插入 '糧價查詢' 的總計 60 條記錄到表格 '1040004' 。
2025-10-27 02:14:01,694 - SUCCESS - '糧價查詢' 的自動更新完成。
2025-10-27 02:14:01,694 - SUCCESS - '糧價查詢' 的自動更新完成。
2025-10-27 02:14:02,967 - SUCCESS - 成功提取 '臺灣地區果品生產概況' 的網頁 Metadata。
2025-10-27 02:14:02,967 - SUCCESS - 成功提取 '臺灣地區果品生產概況' 的網頁 Metadata。
2025-10-27 02:14:04,163 - SUCCESS - 成功提取 '臺灣地區特用作物生產概況' 的網頁 Metadata。
2025-10-27 02:14:04,163 - SUCCESS - 成功提取 '臺灣地區特用作物生產概況' 的網頁 Metadata。
2025-10-27 02:14:05,411 - SUCCESS - 成功提取 '臺灣地區稻作種植、收穫面積及產量' 的網頁 Metadata。
2025-10-27 02:14:05,411 - SUCCESS - 成功提取 '臺灣地區稻作種植、收穫面積及產量' 的網頁 Metadata。
2025-10-27 02:14:06,578 - SUCCESS - 成功提取 '臺灣地區稻米生產價值' 的網頁 Metadata。
2025-10-27 02:14:06,578 - SUCCESS - 成功提取 '臺灣地區稻米生產價值' 的網頁 Metadata。
2025-10-27 02:14:07,814 - SUCCESS - 成功提取 '臺灣地區蔬菜生產概況' 的網頁 Metadata。
2025-10-27 02:14:07,814 - SUCCESS - 成功提取 '臺灣地區蔬菜生產概況' 的網頁 Metadata。
2025-10-27 02:14:09,006 - SUCCESS - 成功提取 '臺灣地區農產品生產量值' 的網頁 Metadata。
2025-10-27 02:14:09,006 - SUCCESS - 成功提取 '臺灣地區農產品生產量值' 的網頁 Metadata。
2025-10-27 02:14:10,237 - SUCCESS - 成功提取 '農情調查' 的網頁 Metadata。
2025-10-27 02:14:10,237 - SUCCESS - 成功提取 '農情調查' 的網頁 Metadata。
2025-10-27 02:14:10,283 - SUCCESS - '農情調查' 的 Metadata 已更新到 metadata.json。
2025-10-27 02:14:10,283 - SUCCESS - '農情調查' 的 Metadata 已更新到 metadata.json。
2025-10-27 02:14:12,052 - SUCCESS - <農情調查>的資料已下載完成，共 9999 筆資料。
2025-10-27 02:14:12,052 - SUCCESS - <農情調查>的資料已下載完成，共 9999 筆資料。
2025-10-27 02:14:13,048 - SUCCESS - 已下載、去重並合併資料完成現有資料 45259 條，新資料 0 條。
2025-10-27 02:14:13,048 - SUCCESS - 已下載、去重並合併資料完成現有資料 45259 條，新資料 0 條。
2025-10-27 02:14:13,318 - SUCCESS - 插入或更新 '農情調查' 的 Metadata 成功。
2025-10-27 02:14:13,318 - SUCCESS - 插入或更新 '農情調查' 的 Metadata 成功。
2025-10-27 02:14:13,323 - SUCCESS - '農情調查' 的自動更新完成。
2025-10-27 02:14:13,323 - SUCCESS - '農情調查' 的自動更新完成。
2025-10-27 02:14:14,638 - SUCCESS - 成功提取 '農產品交易行情' 的網頁 Metadata。
2025-10-27 02:14:14,638 - SUCCESS - 成功提取 '農產品交易行情' 的網頁 Metadata。
2025-10-27 02:14:14,667 - SUCCESS - '農產品交易行情' 的 Metadata 已更新到 metadata.json。
2025-10-27 02:14:14,667 - SUCCESS - '農產品交易行情' 的 Metadata 已更新到 metadata.json。
2025-10-27 02:14:19,885 - SUCCESS - <農產品交易行情>的資料已下載完成，共 7689 筆資料。
2025-10-27 02:14:19,885 - SUCCESS - <農產品交易行情>的資料已下載完成，共 7689 筆資料。
2025-10-27 02:14:39,052 - SUCCESS - 已下載、去重並合併資料完成現有資料 377940 條，新資料 2151 條。
2025-10-27 02:14:39,052 - SUCCESS - 已下載、去重並合併資料完成現有資料 377940 條，新資料 2151 條。
2025-10-27 02:14:41,101 - SUCCESS - 已下載 '農產品交易行情' 的原始 JSON 資料路徑: 'C:\Python\data_moa_gov_tw\raw_data\農產品交易行情\農產品交易行情.json'
2025-10-27 02:14:41,101 - SUCCESS - 已下載 '農產品交易行情' 的原始 JSON 資料路徑: 'C:\Python\data_moa_gov_tw\raw_data\農產品交易行情\農產品交易行情.json'
2025-10-27 02:14:41,105 - SUCCESS - 插入或更新 '農產品交易行情' 的 Metadata 成功。
2025-10-27 02:14:41,105 - SUCCESS - 插入或更新 '農產品交易行情' 的 Metadata 成功。
2025-10-27 02:14:42,043 - SUCCESS - 已成功批量插入 '農產品交易行情' 的總計 2151 條記錄到表格 '1040012' 。
2025-10-27 02:14:42,043 - SUCCESS - 已成功批量插入 '農產品交易行情' 的總計 2151 條記錄到表格 '1040012' 。
2025-10-27 02:14:42,187 - SUCCESS - '農產品交易行情' 的自動更新完成。
2025-10-27 02:14:42,187 - SUCCESS - '農產品交易行情' 的自動更新完成。
2025-10-27 02:14:43,403 - SUCCESS - 成功提取 '農產品產地價格(月平均價格)' 的網頁 Metadata。
2025-10-27 02:14:43,403 - SUCCESS - 成功提取 '農產品產地價格(月平均價格)' 的網頁 Metadata。
2025-10-27 02:14:44,652 - SUCCESS - 成功提取 '農產品產地價格資料' 的網頁 Metadata。
2025-10-27 02:14:44,652 - SUCCESS - 成功提取 '農產品產地價格資料' 的網頁 Metadata。
2025-10-27 02:14:44,692 - SUCCESS - '農產品產地價格資料' 的 Metadata 已更新到 metadata.json。
2025-10-27 02:14:44,692 - SUCCESS - '農產品產地價格資料' 的 Metadata 已更新到 metadata.json。
2025-10-27 02:14:45,193 - SUCCESS - <農產品產地價格資料>的資料已下載完成，共 9999 筆資料。
2025-10-27 02:14:45,193 - SUCCESS - <農產品產地價格資料>的資料已下載完成，共 9999 筆資料。
2025-10-27 02:15:26,301 - SUCCESS - 已下載、去重並合併資料完成現有資料 343897 條，新資料 0 條。
2025-10-27 02:15:26,301 - SUCCESS - 已下載、去重並合併資料完成現有資料 343897 條，新資料 0 條。
2025-10-27 02:15:28,078 - SUCCESS - 插入或更新 '農產品產地價格資料' 的 Metadata 成功。
2025-10-27 02:15:28,078 - SUCCESS - 插入或更新 '農產品產地價格資料' 的 Metadata 成功。
2025-10-27 02:15:28,160 - SUCCESS - '農產品產地價格資料' 的自動更新完成。
2025-10-27 02:15:28,160 - SUCCESS - '農產品產地價格資料' 的自動更新完成。
2025-10-27 02:15:29,425 - SUCCESS - 成功提取 '雜糧生產概況' 的網頁 Metadata。
2025-10-27 02:15:29,425 - SUCCESS - 成功提取 '雜糧生產概況' 的網頁 Metadata。
2025-10-27 02:15:30,447 - SUCCESS - 已成功儲存次要資訊。
2025-10-27 02:15:30,447 - SUCCESS - 已成功儲存次要資訊。
2025-10-27 02:15:30,447 - SUCCESS - 更新結果儲存成功:{'全國單日平均糧價': '已更新', '各觀測站近兩年降雨量': '未更新', '產銷履歷與有機蔬果行情': '已更新', '糧價查詢': '已更新', '臺灣地區果品生產概況': '未更新', '臺灣地區特用作物生產概況': '未更新', '臺灣地區稻作種植、收穫面積及產量': '未更新', '臺灣地區稻米生產價值': '未更新', '臺灣地區蔬菜生產概況': '未更新', '臺灣地區農產品生產量值': '未更新', '農情調查': '已更新', '農產品交易行情': '已更新', '農產品產地價格(月平均價格)': '未更新', '農產品產地價格資料': '已更新', '雜糧生產概況': '未更新'}
2025-10-27 02:15:30,447 - SUCCESS - 更新結果儲存成功:{'全國單日平均糧價': '已更新', '各觀測站近兩年降雨量': '未更新', '產銷履歷與有機蔬果行情': '已更新', '糧價查詢': '已更新', '臺灣地區果品生產概況': '未更新', '臺灣地區特用作物生產概況': '未更新', '臺灣地區稻作種植、收穫面積及產量': '未更新', '臺灣地區稻米生產價值': '未更新', '臺灣地區蔬菜生產概況': '未更新', '臺灣地區農產品生產量值': '未更新', '農情調查': '已更新', '農產品交易行情': '已更新', '農產品產地價格(月平均價格)': '未更新', '農產品產地價格資料': '已更新', '雜糧生產概況': '未更新'}
