2025-10-19 01:01:11,932 - SUCCESS - 成功提取 '全國單日平均糧價' 的網頁 Metadata。
2025-10-19 01:01:11,932 - SUCCESS - 成功提取 '全國單日平均糧價' 的網頁 Metadata。
2025-10-19 01:01:12,025 - SUCCESS - '全國單日平均糧價' 的 Metadata 已更新到 metadata.json。
2025-10-19 01:01:12,025 - SUCCESS - '全國單日平均糧價' 的 Metadata 已更新到 metadata.json。
2025-10-19 01:01:16,168 - SUCCESS - <全國單日平均糧價>的資料已下載完成，共 9076 筆資料。
2025-10-19 01:01:16,168 - SUCCESS - <全國單日平均糧價>的資料已下載完成，共 9076 筆資料。
2025-10-19 01:01:17,597 - SUCCESS - 已下載、去重並合併資料完成現有資料 9076 條，新資料 0 條。
2025-10-19 01:01:17,597 - SUCCESS - 已下載、去重並合併資料完成現有資料 9076 條，新資料 0 條。
2025-10-19 01:01:17,738 - SUCCESS - 插入或更新 '全國單日平均糧價' 的 Metadata 成功。
2025-10-19 01:01:17,738 - SUCCESS - 插入或更新 '全國單日平均糧價' 的 Metadata 成功。
2025-10-19 01:01:17,750 - SUCCESS - '全國單日平均糧價' 的自動更新完成。
2025-10-19 01:01:17,750 - SUCCESS - '全國單日平均糧價' 的自動更新完成。
2025-10-19 01:01:19,955 - SUCCESS - 成功提取 '各觀測站近兩年降雨量' 的網頁 Metadata。
2025-10-19 01:01:19,955 - SUCCESS - 成功提取 '各觀測站近兩年降雨量' 的網頁 Metadata。
2025-10-19 01:01:21,494 - SUCCESS - 成功提取 '產銷履歷與有機蔬果行情' 的網頁 Metadata。
2025-10-19 01:01:21,494 - SUCCESS - 成功提取 '產銷履歷與有機蔬果行情' 的網頁 Metadata。
2025-10-19 01:01:21,600 - SUCCESS - '產銷履歷與有機蔬果行情' 的 Metadata 已更新到 metadata.json。
2025-10-19 01:01:21,600 - SUCCESS - '產銷履歷與有機蔬果行情' 的 Metadata 已更新到 metadata.json。
2025-10-19 01:01:27,746 - SUCCESS - <產銷履歷與有機蔬果行情>的資料已下載完成，共 4459 筆資料。
2025-10-19 01:01:27,746 - SUCCESS - <產銷履歷與有機蔬果行情>的資料已下載完成，共 4459 筆資料。
2025-10-19 01:01:55,910 - SUCCESS - 已下載、去重並合併資料完成現有資料 170676 條，新資料 2237 條。
2025-10-19 01:01:55,910 - SUCCESS - 已下載、去重並合併資料完成現有資料 170676 條，新資料 2237 條。
2025-10-19 01:01:57,780 - SUCCESS - 已下載 '產銷履歷與有機蔬果行情' 的原始 JSON 資料路徑: 'C:\Python\data_moa_gov_tw\raw_data\產銷履歷與有機蔬果行情\產銷履歷與有機蔬果行情.json'
2025-10-19 01:01:57,780 - SUCCESS - 已下載 '產銷履歷與有機蔬果行情' 的原始 JSON 資料路徑: 'C:\Python\data_moa_gov_tw\raw_data\產銷履歷與有機蔬果行情\產銷履歷與有機蔬果行情.json'
2025-10-19 01:01:57,789 - SUCCESS - 插入或更新 '產銷履歷與有機蔬果行情' 的 Metadata 成功。
2025-10-19 01:01:57,789 - SUCCESS - 插入或更新 '產銷履歷與有機蔬果行情' 的 Metadata 成功。
2025-10-19 01:02:00,745 - SUCCESS - 已成功批量插入 '產銷履歷與有機蔬果行情' 的總計 2237 條記錄到表格 '1040003' 。
2025-10-19 01:02:00,745 - SUCCESS - 已成功批量插入 '產銷履歷與有機蔬果行情' 的總計 2237 條記錄到表格 '1040003' 。
2025-10-19 01:02:00,877 - SUCCESS - '產銷履歷與有機蔬果行情' 的自動更新完成。
2025-10-19 01:02:00,877 - SUCCESS - '產銷履歷與有機蔬果行情' 的自動更新完成。
2025-10-19 01:02:02,718 - SUCCESS - 成功提取 '糧價查詢' 的網頁 Metadata。
2025-10-19 01:02:02,718 - SUCCESS - 成功提取 '糧價查詢' 的網頁 Metadata。
2025-10-19 01:02:02,762 - SUCCESS - '糧價查詢' 的 Metadata 已更新到 metadata.json。
2025-10-19 01:02:02,762 - SUCCESS - '糧價查詢' 的 Metadata 已更新到 metadata.json。
2025-10-19 01:02:05,499 - SUCCESS - <糧價查詢>的資料已下載完成，共 9999 筆資料。
2025-10-19 01:02:05,499 - SUCCESS - <糧價查詢>的資料已下載完成，共 9999 筆資料。
2025-10-19 01:02:25,695 - SUCCESS - 已下載、去重並合併資料完成現有資料 239890 條，新資料 20 條。
2025-10-19 01:02:25,695 - SUCCESS - 已下載、去重並合併資料完成現有資料 239890 條，新資料 20 條。
2025-10-19 01:02:26,774 - SUCCESS - 已下載 '糧價查詢' 的原始 JSON 資料路徑: 'C:\Python\data_moa_gov_tw\raw_data\糧價查詢\糧價查詢.json'
2025-10-19 01:02:26,774 - SUCCESS - 已下載 '糧價查詢' 的原始 JSON 資料路徑: 'C:\Python\data_moa_gov_tw\raw_data\糧價查詢\糧價查詢.json'
2025-10-19 01:02:26,783 - SUCCESS - 插入或更新 '糧價查詢' 的 Metadata 成功。
2025-10-19 01:02:26,783 - SUCCESS - 插入或更新 '糧價查詢' 的 Metadata 成功。
2025-10-19 01:02:26,802 - SUCCESS - 已成功批量插入 '糧價查詢' 的總計 20 條記錄到表格 '1040004' 。
2025-10-19 01:02:26,802 - SUCCESS - 已成功批量插入 '糧價查詢' 的總計 20 條記錄到表格 '1040004' 。
2025-10-19 01:02:26,912 - SUCCESS - '糧價查詢' 的自動更新完成。
2025-10-19 01:02:26,912 - SUCCESS - '糧價查詢' 的自動更新完成。
2025-10-19 01:02:28,156 - SUCCESS - 成功提取 '臺灣地區果品生產概況' 的網頁 Metadata。
2025-10-19 01:02:28,156 - SUCCESS - 成功提取 '臺灣地區果品生產概況' 的網頁 Metadata。
2025-10-19 01:02:29,522 - SUCCESS - 成功提取 '臺灣地區特用作物生產概況' 的網頁 Metadata。
2025-10-19 01:02:29,522 - SUCCESS - 成功提取 '臺灣地區特用作物生產概況' 的網頁 Metadata。
2025-10-19 01:02:30,976 - SUCCESS - 成功提取 '臺灣地區稻作種植、收穫面積及產量' 的網頁 Metadata。
2025-10-19 01:02:30,976 - SUCCESS - 成功提取 '臺灣地區稻作種植、收穫面積及產量' 的網頁 Metadata。
2025-10-19 01:02:32,268 - SUCCESS - 成功提取 '臺灣地區稻米生產價值' 的網頁 Metadata。
2025-10-19 01:02:32,268 - SUCCESS - 成功提取 '臺灣地區稻米生產價值' 的網頁 Metadata。
2025-10-19 01:02:33,811 - SUCCESS - 成功提取 '臺灣地區蔬菜生產概況' 的網頁 Metadata。
2025-10-19 01:02:33,811 - SUCCESS - 成功提取 '臺灣地區蔬菜生產概況' 的網頁 Metadata。
2025-10-19 01:02:35,311 - SUCCESS - 成功提取 '臺灣地區農產品生產量值' 的網頁 Metadata。
2025-10-19 01:02:35,311 - SUCCESS - 成功提取 '臺灣地區農產品生產量值' 的網頁 Metadata。
2025-10-19 01:02:37,007 - SUCCESS - 成功提取 '農情調查' 的網頁 Metadata。
2025-10-19 01:02:37,007 - SUCCESS - 成功提取 '農情調查' 的網頁 Metadata。
2025-10-19 01:02:37,048 - SUCCESS - '農情調查' 的 Metadata 已更新到 metadata.json。
2025-10-19 01:02:37,048 - SUCCESS - '農情調查' 的 Metadata 已更新到 metadata.json。
2025-10-19 01:02:39,548 - SUCCESS - <農情調查>的資料已下載完成，共 9999 筆資料。
2025-10-19 01:02:39,548 - SUCCESS - <農情調查>的資料已下載完成，共 9999 筆資料。
2025-10-19 01:02:40,599 - SUCCESS - 已下載、去重並合併資料完成現有資料 45259 條，新資料 0 條。
2025-10-19 01:02:40,599 - SUCCESS - 已下載、去重並合併資料完成現有資料 45259 條，新資料 0 條。
2025-10-19 01:02:40,926 - SUCCESS - 插入或更新 '農情調查' 的 Metadata 成功。
2025-10-19 01:02:40,926 - SUCCESS - 插入或更新 '農情調查' 的 Metadata 成功。
2025-10-19 01:02:40,940 - SUCCESS - '農情調查' 的自動更新完成。
2025-10-19 01:02:40,940 - SUCCESS - '農情調查' 的自動更新完成。
2025-10-19 01:02:43,345 - SUCCESS - 成功提取 '農產品交易行情' 的網頁 Metadata。
2025-10-19 01:02:43,345 - SUCCESS - 成功提取 '農產品交易行情' 的網頁 Metadata。
2025-10-19 01:02:43,376 - SUCCESS - '農產品交易行情' 的 Metadata 已更新到 metadata.json。
2025-10-19 01:02:43,376 - SUCCESS - '農產品交易行情' 的 Metadata 已更新到 metadata.json。
2025-10-19 01:03:00,391 - SUCCESS - <農產品交易行情>的資料已下載完成，共 10068 筆資料。
2025-10-19 01:03:00,391 - SUCCESS - <農產品交易行情>的資料已下載完成，共 10068 筆資料。
2025-10-19 01:03:17,376 - SUCCESS - 已下載、去重並合併資料完成現有資料 356086 條，新資料 3397 條。
2025-10-19 01:03:17,376 - SUCCESS - 已下載、去重並合併資料完成現有資料 356086 條，新資料 3397 條。
2025-10-19 01:03:19,113 - SUCCESS - 已下載 '農產品交易行情' 的原始 JSON 資料路徑: 'C:\Python\data_moa_gov_tw\raw_data\農產品交易行情\農產品交易行情.json'
2025-10-19 01:03:19,113 - SUCCESS - 已下載 '農產品交易行情' 的原始 JSON 資料路徑: 'C:\Python\data_moa_gov_tw\raw_data\農產品交易行情\農產品交易行情.json'
2025-10-19 01:03:19,113 - SUCCESS - 插入或更新 '農產品交易行情' 的 Metadata 成功。
2025-10-19 01:03:19,113 - SUCCESS - 插入或更新 '農產品交易行情' 的 Metadata 成功。
2025-10-19 01:03:20,489 - SUCCESS - 已成功批量插入 '農產品交易行情' 的總計 3396 條記錄到表格 '1040012' 。
2025-10-19 01:03:20,489 - SUCCESS - 已成功批量插入 '農產品交易行情' 的總計 3396 條記錄到表格 '1040012' 。
2025-10-19 01:03:20,637 - SUCCESS - '農產品交易行情' 的自動更新完成。
2025-10-19 01:03:20,637 - SUCCESS - '農產品交易行情' 的自動更新完成。
2025-10-19 01:03:22,425 - SUCCESS - 成功提取 '農產品產地價格(月平均價格)' 的網頁 Metadata。
2025-10-19 01:03:22,425 - SUCCESS - 成功提取 '農產品產地價格(月平均價格)' 的網頁 Metadata。
2025-10-19 01:03:23,897 - SUCCESS - 成功提取 '農產品產地價格資料' 的網頁 Metadata。
2025-10-19 01:03:23,897 - SUCCESS - 成功提取 '農產品產地價格資料' 的網頁 Metadata。
2025-10-19 01:03:23,927 - SUCCESS - '農產品產地價格資料' 的 Metadata 已更新到 metadata.json。
2025-10-19 01:03:23,927 - SUCCESS - '農產品產地價格資料' 的 Metadata 已更新到 metadata.json。
2025-10-19 01:03:24,578 - SUCCESS - <農產品產地價格資料>的資料已下載完成，共 9999 筆資料。
2025-10-19 01:03:24,578 - SUCCESS - <農產品產地價格資料>的資料已下載完成，共 9999 筆資料。
2025-10-19 01:04:06,201 - SUCCESS - 已下載、去重並合併資料完成現有資料 343870 條，新資料 0 條。
2025-10-19 01:04:06,201 - SUCCESS - 已下載、去重並合併資料完成現有資料 343870 條，新資料 0 條。
2025-10-19 01:04:08,042 - SUCCESS - 插入或更新 '農產品產地價格資料' 的 Metadata 成功。
2025-10-19 01:04:08,042 - SUCCESS - 插入或更新 '農產品產地價格資料' 的 Metadata 成功。
2025-10-19 01:04:08,133 - SUCCESS - '農產品產地價格資料' 的自動更新完成。
2025-10-19 01:04:08,133 - SUCCESS - '農產品產地價格資料' 的自動更新完成。
2025-10-19 01:04:09,549 - SUCCESS - 成功提取 '雜糧生產概況' 的網頁 Metadata。
2025-10-19 01:04:09,549 - SUCCESS - 成功提取 '雜糧生產概況' 的網頁 Metadata。
2025-10-19 01:04:10,565 - SUCCESS - 已成功儲存次要資訊。
2025-10-19 01:04:10,565 - SUCCESS - 已成功儲存次要資訊。
2025-10-19 01:04:10,565 - SUCCESS - 更新結果儲存成功:{'全國單日平均糧價': '已更新', '各觀測站近兩年降雨量': '未更新', '產銷履歷與有機蔬果行情': '已更新', '糧價查詢': '已更新', '臺灣地區果品生產概況': '未更新', '臺灣地區特用作物生產概況': '未更新', '臺灣地區稻作種植、收穫面積及產量': '未更新', '臺灣地區稻米生產價值': '未更新', '臺灣地區蔬菜生產概況': '未更新', '臺灣地區農產品生產量值': '未更新', '農情調查': '已更新', '農產品交易行情': '已更新', '農產品產地價格(月平均價格)': '未更新', '農產品產地價格資料': '已更新', '雜糧生產概況': '未更新'}
2025-10-19 01:04:10,565 - SUCCESS - 更新結果儲存成功:{'全國單日平均糧價': '已更新', '各觀測站近兩年降雨量': '未更新', '產銷履歷與有機蔬果行情': '已更新', '糧價查詢': '已更新', '臺灣地區果品生產概況': '未更新', '臺灣地區特用作物生產概況': '未更新', '臺灣地區稻作種植、收穫面積及產量': '未更新', '臺灣地區稻米生產價值': '未更新', '臺灣地區蔬菜生產概況': '未更新', '臺灣地區農產品生產量值': '未更新', '農情調查': '已更新', '農產品交易行情': '已更新', '農產品產地價格(月平均價格)': '未更新', '農產品產地價格資料': '已更新', '雜糧生產概況': '未更新'}
