2025-12-27 00:30:00,373 - SUCCESS - 成功提取 '全國單日平均糧價' 的網頁 Metadata。
2025-12-27 00:30:00,373 - SUCCESS - 成功提取 '全國單日平均糧價' 的網頁 Metadata。
2025-12-27 00:30:00,421 - SUCCESS - '全國單日平均糧價' 的 Metadata 已更新到 metadata.json。
2025-12-27 00:30:00,421 - SUCCESS - '全國單日平均糧價' 的 Metadata 已更新到 metadata.json。
2025-12-27 00:30:03,400 - SUCCESS - <全國單日平均糧價>的資料已下載完成，共 9146 筆資料。
2025-12-27 00:30:03,400 - SUCCESS - <全國單日平均糧價>的資料已下載完成，共 9146 筆資料。
2025-12-27 00:30:04,661 - SUCCESS - 已下載、去重並合併資料完成現有資料 9146 條，新資料 2 條。
2025-12-27 00:30:04,661 - SUCCESS - 已下載、去重並合併資料完成現有資料 9146 條，新資料 2 條。
2025-12-27 00:30:04,720 - SUCCESS - 已下載 '全國單日平均糧價' 的原始 JSON 資料路徑: 'C:\Python\data_moa_gov_tw\raw_data\全國單日平均糧價\全國單日平均糧價.json'
2025-12-27 00:30:04,720 - SUCCESS - 已下載 '全國單日平均糧價' 的原始 JSON 資料路徑: 'C:\Python\data_moa_gov_tw\raw_data\全國單日平均糧價\全國單日平均糧價.json'
2025-12-27 00:30:04,746 - SUCCESS - 插入或更新 '全國單日平均糧價' 的 Metadata 成功。
2025-12-27 00:30:04,746 - SUCCESS - 插入或更新 '全國單日平均糧價' 的 Metadata 成功。
2025-12-27 00:30:04,754 - SUCCESS - 已成功批量插入 '全國單日平均糧價' 的總計 2 條記錄到表格 '1040001' 。
2025-12-27 00:30:04,754 - SUCCESS - 已成功批量插入 '全國單日平均糧價' 的總計 2 條記錄到表格 '1040001' 。
2025-12-27 00:30:04,760 - SUCCESS - '全國單日平均糧價' 的自動更新完成。
2025-12-27 00:30:04,760 - SUCCESS - '全國單日平均糧價' 的自動更新完成。
2025-12-27 00:30:06,227 - SUCCESS - 成功提取 '各觀測站近兩年降雨量' 的網頁 Metadata。
2025-12-27 00:30:06,227 - SUCCESS - 成功提取 '各觀測站近兩年降雨量' 的網頁 Metadata。
2025-12-27 00:30:07,870 - SUCCESS - 成功提取 '產銷履歷與有機蔬果行情' 的網頁 Metadata。
2025-12-27 00:30:07,870 - SUCCESS - 成功提取 '產銷履歷與有機蔬果行情' 的網頁 Metadata。
2025-12-27 00:30:07,959 - SUCCESS - '產銷履歷與有機蔬果行情' 的 Metadata 已更新到 metadata.json。
2025-12-27 00:30:07,959 - SUCCESS - '產銷履歷與有機蔬果行情' 的 Metadata 已更新到 metadata.json。
2025-12-27 00:30:52,378 - SUCCESS - <產銷履歷與有機蔬果行情>的資料已下載完成，共 4591 筆資料。
2025-12-27 00:30:52,378 - SUCCESS - <產銷履歷與有機蔬果行情>的資料已下載完成，共 4591 筆資料。
2025-12-27 00:31:15,337 - SUCCESS - 已下載、去重並合併資料完成現有資料 299015 條，新資料 2362 條。
2025-12-27 00:31:15,337 - SUCCESS - 已下載、去重並合併資料完成現有資料 299015 條，新資料 2362 條。
2025-12-27 00:31:17,178 - SUCCESS - 已下載 '產銷履歷與有機蔬果行情' 的原始 JSON 資料路徑: 'C:\Python\data_moa_gov_tw\raw_data\產銷履歷與有機蔬果行情\產銷履歷與有機蔬果行情.json'
2025-12-27 00:31:17,178 - SUCCESS - 已下載 '產銷履歷與有機蔬果行情' 的原始 JSON 資料路徑: 'C:\Python\data_moa_gov_tw\raw_data\產銷履歷與有機蔬果行情\產銷履歷與有機蔬果行情.json'
2025-12-27 00:31:17,181 - SUCCESS - 插入或更新 '產銷履歷與有機蔬果行情' 的 Metadata 成功。
2025-12-27 00:31:17,181 - SUCCESS - 插入或更新 '產銷履歷與有機蔬果行情' 的 Metadata 成功。
2025-12-27 00:31:18,244 - SUCCESS - 已成功批量插入 '產銷履歷與有機蔬果行情' 的總計 2362 條記錄到表格 '1040003' 。
2025-12-27 00:31:18,244 - SUCCESS - 已成功批量插入 '產銷履歷與有機蔬果行情' 的總計 2362 條記錄到表格 '1040003' 。
2025-12-27 00:31:18,338 - SUCCESS - '產銷履歷與有機蔬果行情' 的自動更新完成。
2025-12-27 00:31:18,338 - SUCCESS - '產銷履歷與有機蔬果行情' 的自動更新完成。
2025-12-27 00:31:19,900 - SUCCESS - 成功提取 '糧價查詢' 的網頁 Metadata。
2025-12-27 00:31:19,900 - SUCCESS - 成功提取 '糧價查詢' 的網頁 Metadata。
2025-12-27 00:31:19,942 - SUCCESS - '糧價查詢' 的 Metadata 已更新到 metadata.json。
2025-12-27 00:31:19,942 - SUCCESS - '糧價查詢' 的 Metadata 已更新到 metadata.json。
2025-12-27 00:31:24,419 - SUCCESS - <糧價查詢>的資料已下載完成，共 9999 筆資料。
2025-12-27 00:31:24,419 - SUCCESS - <糧價查詢>的資料已下載完成，共 9999 筆資料。
2025-12-27 00:31:25,244 - SUCCESS - 已下載、去重並合併資料完成現有資料 10515 條，新資料 40 條。
2025-12-27 00:31:25,244 - SUCCESS - 已下載、去重並合併資料完成現有資料 10515 條，新資料 40 條。
2025-12-27 00:31:26,139 - SUCCESS - 已下載 '糧價查詢' 的原始 JSON 資料路徑: 'C:\Python\data_moa_gov_tw\raw_data\糧價查詢\糧價查詢.json'
2025-12-27 00:31:26,139 - SUCCESS - 已下載 '糧價查詢' 的原始 JSON 資料路徑: 'C:\Python\data_moa_gov_tw\raw_data\糧價查詢\糧價查詢.json'
2025-12-27 00:31:26,143 - SUCCESS - 插入或更新 '糧價查詢' 的 Metadata 成功。
2025-12-27 00:31:26,143 - SUCCESS - 插入或更新 '糧價查詢' 的 Metadata 成功。
2025-12-27 00:31:26,168 - SUCCESS - 已成功批量插入 '糧價查詢' 的總計 40 條記錄到表格 '1040004' 。
2025-12-27 00:31:26,168 - SUCCESS - 已成功批量插入 '糧價查詢' 的總計 40 條記錄到表格 '1040004' 。
2025-12-27 00:31:26,174 - SUCCESS - '糧價查詢' 的自動更新完成。
2025-12-27 00:31:26,174 - SUCCESS - '糧價查詢' 的自動更新完成。
2025-12-27 00:31:27,552 - SUCCESS - 成功提取 '臺灣地區果品生產概況' 的網頁 Metadata。
2025-12-27 00:31:27,552 - SUCCESS - 成功提取 '臺灣地區果品生產概況' 的網頁 Metadata。
2025-12-27 00:31:29,025 - SUCCESS - 成功提取 '臺灣地區特用作物生產概況' 的網頁 Metadata。
2025-12-27 00:31:29,025 - SUCCESS - 成功提取 '臺灣地區特用作物生產概況' 的網頁 Metadata。
2025-12-27 00:31:30,438 - SUCCESS - 成功提取 '臺灣地區稻作種植、收穫面積及產量' 的網頁 Metadata。
2025-12-27 00:31:30,438 - SUCCESS - 成功提取 '臺灣地區稻作種植、收穫面積及產量' 的網頁 Metadata。
2025-12-27 00:31:31,705 - SUCCESS - 成功提取 '臺灣地區稻米生產價值' 的網頁 Metadata。
2025-12-27 00:31:31,705 - SUCCESS - 成功提取 '臺灣地區稻米生產價值' 的網頁 Metadata。
2025-12-27 00:31:33,167 - SUCCESS - 成功提取 '臺灣地區蔬菜生產概況' 的網頁 Metadata。
2025-12-27 00:31:33,167 - SUCCESS - 成功提取 '臺灣地區蔬菜生產概況' 的網頁 Metadata。
2025-12-27 00:31:34,711 - SUCCESS - 成功提取 '臺灣地區農產品生產量值' 的網頁 Metadata。
2025-12-27 00:31:34,711 - SUCCESS - 成功提取 '臺灣地區農產品生產量值' 的網頁 Metadata。
2025-12-27 00:31:36,137 - SUCCESS - 成功提取 '農情調查' 的網頁 Metadata。
2025-12-27 00:31:36,137 - SUCCESS - 成功提取 '農情調查' 的網頁 Metadata。
2025-12-27 00:31:36,187 - SUCCESS - '農情調查' 的 Metadata 已更新到 metadata.json。
2025-12-27 00:31:36,187 - SUCCESS - '農情調查' 的 Metadata 已更新到 metadata.json。
2025-12-27 00:31:40,161 - SUCCESS - <農情調查>的資料已下載完成，共 9999 筆資料。
2025-12-27 00:31:40,161 - SUCCESS - <農情調查>的資料已下載完成，共 9999 筆資料。
2025-12-27 00:31:41,294 - SUCCESS - 已下載、去重並合併資料完成現有資料 45259 條，新資料 0 條。
2025-12-27 00:31:41,294 - SUCCESS - 已下載、去重並合併資料完成現有資料 45259 條，新資料 0 條。
2025-12-27 00:31:41,598 - SUCCESS - 插入或更新 '農情調查' 的 Metadata 成功。
2025-12-27 00:31:41,598 - SUCCESS - 插入或更新 '農情調查' 的 Metadata 成功。
2025-12-27 00:31:41,611 - SUCCESS - '農情調查' 的自動更新完成。
2025-12-27 00:31:41,611 - SUCCESS - '農情調查' 的自動更新完成。
2025-12-27 00:31:43,158 - SUCCESS - 成功提取 '農產品交易行情' 的網頁 Metadata。
2025-12-27 00:31:43,158 - SUCCESS - 成功提取 '農產品交易行情' 的網頁 Metadata。
2025-12-27 00:31:43,199 - SUCCESS - '農產品交易行情' 的 Metadata 已更新到 metadata.json。
2025-12-27 00:31:43,199 - SUCCESS - '農產品交易行情' 的 Metadata 已更新到 metadata.json。
2025-12-27 00:32:37,660 - SUCCESS - <農產品交易行情>的資料已下載完成，共 10365 筆資料。
2025-12-27 00:32:37,660 - SUCCESS - <農產品交易行情>的資料已下載完成，共 10365 筆資料。
2025-12-27 00:33:07,862 - SUCCESS - 已下載、去重並合併資料完成現有資料 557882 條，新資料 4391 條。
2025-12-27 00:33:07,862 - SUCCESS - 已下載、去重並合併資料完成現有資料 557882 條，新資料 4391 條。
2025-12-27 00:33:11,435 - SUCCESS - 已下載 '農產品交易行情' 的原始 JSON 資料路徑: 'C:\Python\data_moa_gov_tw\raw_data\農產品交易行情\農產品交易行情.json'
2025-12-27 00:33:11,435 - SUCCESS - 已下載 '農產品交易行情' 的原始 JSON 資料路徑: 'C:\Python\data_moa_gov_tw\raw_data\農產品交易行情\農產品交易行情.json'
2025-12-27 00:33:11,440 - SUCCESS - 插入或更新 '農產品交易行情' 的 Metadata 成功。
2025-12-27 00:33:11,440 - SUCCESS - 插入或更新 '農產品交易行情' 的 Metadata 成功。
2025-12-27 00:33:13,690 - SUCCESS - 已成功批量插入 '農產品交易行情' 的總計 4386 條記錄到表格 '1040012' 。
2025-12-27 00:33:13,690 - SUCCESS - 已成功批量插入 '農產品交易行情' 的總計 4386 條記錄到表格 '1040012' 。
2025-12-27 00:33:13,937 - SUCCESS - '農產品交易行情' 的自動更新完成。
2025-12-27 00:33:13,937 - SUCCESS - '農產品交易行情' 的自動更新完成。
2025-12-27 00:33:15,663 - SUCCESS - 成功提取 '農產品產地價格(月平均價格)' 的網頁 Metadata。
2025-12-27 00:33:15,663 - SUCCESS - 成功提取 '農產品產地價格(月平均價格)' 的網頁 Metadata。
2025-12-27 00:33:17,162 - SUCCESS - 成功提取 '農產品產地價格資料' 的網頁 Metadata。
2025-12-27 00:33:17,162 - SUCCESS - 成功提取 '農產品產地價格資料' 的網頁 Metadata。
2025-12-27 00:33:18,520 - SUCCESS - 成功提取 '雜糧生產概況' 的網頁 Metadata。
2025-12-27 00:33:18,520 - SUCCESS - 成功提取 '雜糧生產概況' 的網頁 Metadata。
2025-12-27 00:33:19,535 - SUCCESS - 已成功儲存次要資訊。
2025-12-27 00:33:19,535 - SUCCESS - 已成功儲存次要資訊。
2025-12-27 00:33:19,535 - SUCCESS - 更新結果儲存成功:{'全國單日平均糧價': '已更新', '各觀測站近兩年降雨量': '未更新', '產銷履歷與有機蔬果行情': '已更新', '糧價查詢': '已更新', '臺灣地區果品生產概況': '未更新', '臺灣地區特用作物生產概況': '未更新', '臺灣地區稻作種植、收穫面積及產量': '未更新', '臺灣地區稻米生產價值': '未更新', '臺灣地區蔬菜生產概況': '未更新', '臺灣地區農產品生產量值': '未更新', '農情調查': '已更新', '農產品交易行情': '已更新', '農產品產地價格(月平均價格)': '未更新', '農產品產地價格資料': '未更新', '雜糧生產概況': '未更新'}
2025-12-27 00:33:19,535 - SUCCESS - 更新結果儲存成功:{'全國單日平均糧價': '已更新', '各觀測站近兩年降雨量': '未更新', '產銷履歷與有機蔬果行情': '已更新', '糧價查詢': '已更新', '臺灣地區果品生產概況': '未更新', '臺灣地區特用作物生產概況': '未更新', '臺灣地區稻作種植、收穫面積及產量': '未更新', '臺灣地區稻米生產價值': '未更新', '臺灣地區蔬菜生產概況': '未更新', '臺灣地區農產品生產量值': '未更新', '農情調查': '已更新', '農產品交易行情': '已更新', '農產品產地價格(月平均價格)': '未更新', '農產品產地價格資料': '未更新', '雜糧生產概況': '未更新'}
2025-12-27 23:37:22,056 - SUCCESS - 成功提取 '全國單日平均糧價' 的網頁 Metadata。
2025-12-27 23:37:22,056 - SUCCESS - 成功提取 '全國單日平均糧價' 的網頁 Metadata。
2025-12-27 23:37:22,129 - SUCCESS - '全國單日平均糧價' 的 Metadata 已更新到 metadata.json。
2025-12-27 23:37:22,129 - SUCCESS - '全國單日平均糧價' 的 Metadata 已更新到 metadata.json。
2025-12-27 23:37:23,618 - SUCCESS - <全國單日平均糧價>的資料已下載完成，共 9146 筆資料。
2025-12-27 23:37:23,618 - SUCCESS - <全國單日平均糧價>的資料已下載完成，共 9146 筆資料。
2025-12-27 23:37:24,944 - SUCCESS - 已下載、去重並合併資料完成現有資料 9146 條，新資料 0 條。
2025-12-27 23:37:24,944 - SUCCESS - 已下載、去重並合併資料完成現有資料 9146 條，新資料 0 條。
2025-12-27 23:37:25,052 - SUCCESS - 插入或更新 '全國單日平均糧價' 的 Metadata 成功。
2025-12-27 23:37:25,052 - SUCCESS - 插入或更新 '全國單日平均糧價' 的 Metadata 成功。
2025-12-27 23:37:25,060 - SUCCESS - '全國單日平均糧價' 的自動更新完成。
2025-12-27 23:37:25,060 - SUCCESS - '全國單日平均糧價' 的自動更新完成。
2025-12-27 23:37:26,620 - SUCCESS - 成功提取 '各觀測站近兩年降雨量' 的網頁 Metadata。
2025-12-27 23:37:26,620 - SUCCESS - 成功提取 '各觀測站近兩年降雨量' 的網頁 Metadata。
2025-12-27 23:37:28,887 - SUCCESS - 成功提取 '產銷履歷與有機蔬果行情' 的網頁 Metadata。
2025-12-27 23:37:28,887 - SUCCESS - 成功提取 '產銷履歷與有機蔬果行情' 的網頁 Metadata。
2025-12-27 23:37:28,941 - SUCCESS - '產銷履歷與有機蔬果行情' 的 Metadata 已更新到 metadata.json。
2025-12-27 23:37:28,941 - SUCCESS - '產銷履歷與有機蔬果行情' 的 Metadata 已更新到 metadata.json。
2025-12-27 23:37:42,100 - SUCCESS - <產銷履歷與有機蔬果行情>的資料已下載完成，共 4722 筆資料。
2025-12-27 23:37:42,100 - SUCCESS - <產銷履歷與有機蔬果行情>的資料已下載完成，共 4722 筆資料。
2025-12-27 23:38:03,014 - SUCCESS - 已下載、去重並合併資料完成現有資料 301375 條，新資料 2360 條。
2025-12-27 23:38:03,014 - SUCCESS - 已下載、去重並合併資料完成現有資料 301375 條，新資料 2360 條。
2025-12-27 23:38:04,527 - SUCCESS - 已下載 '產銷履歷與有機蔬果行情' 的原始 JSON 資料路徑: 'C:\Python\data_moa_gov_tw\raw_data\產銷履歷與有機蔬果行情\產銷履歷與有機蔬果行情.json'
2025-12-27 23:38:04,527 - SUCCESS - 已下載 '產銷履歷與有機蔬果行情' 的原始 JSON 資料路徑: 'C:\Python\data_moa_gov_tw\raw_data\產銷履歷與有機蔬果行情\產銷履歷與有機蔬果行情.json'
2025-12-27 23:38:04,533 - SUCCESS - 插入或更新 '產銷履歷與有機蔬果行情' 的 Metadata 成功。
2025-12-27 23:38:04,533 - SUCCESS - 插入或更新 '產銷履歷與有機蔬果行情' 的 Metadata 成功。
2025-12-27 23:38:05,427 - SUCCESS - 已成功批量插入 '產銷履歷與有機蔬果行情' 的總計 2360 條記錄到表格 '1040003' 。
2025-12-27 23:38:05,427 - SUCCESS - 已成功批量插入 '產銷履歷與有機蔬果行情' 的總計 2360 條記錄到表格 '1040003' 。
2025-12-27 23:38:05,510 - SUCCESS - '產銷履歷與有機蔬果行情' 的自動更新完成。
2025-12-27 23:38:05,510 - SUCCESS - '產銷履歷與有機蔬果行情' 的自動更新完成。
2025-12-27 23:38:07,056 - SUCCESS - 成功提取 '糧價查詢' 的網頁 Metadata。
2025-12-27 23:38:07,056 - SUCCESS - 成功提取 '糧價查詢' 的網頁 Metadata。
2025-12-27 23:38:07,084 - SUCCESS - '糧價查詢' 的 Metadata 已更新到 metadata.json。
2025-12-27 23:38:07,084 - SUCCESS - '糧價查詢' 的 Metadata 已更新到 metadata.json。
2025-12-27 23:38:09,602 - SUCCESS - <糧價查詢>的資料已下載完成，共 9999 筆資料。
2025-12-27 23:38:09,602 - SUCCESS - <糧價查詢>的資料已下載完成，共 9999 筆資料。
2025-12-27 23:38:10,363 - SUCCESS - 已下載、去重並合併資料完成現有資料 10535 條，新資料 20 條。
2025-12-27 23:38:10,363 - SUCCESS - 已下載、去重並合併資料完成現有資料 10535 條，新資料 20 條。
2025-12-27 23:38:11,051 - SUCCESS - 已下載 '糧價查詢' 的原始 JSON 資料路徑: 'C:\Python\data_moa_gov_tw\raw_data\糧價查詢\糧價查詢.json'
2025-12-27 23:38:11,051 - SUCCESS - 已下載 '糧價查詢' 的原始 JSON 資料路徑: 'C:\Python\data_moa_gov_tw\raw_data\糧價查詢\糧價查詢.json'
2025-12-27 23:38:11,056 - SUCCESS - 插入或更新 '糧價查詢' 的 Metadata 成功。
2025-12-27 23:38:11,056 - SUCCESS - 插入或更新 '糧價查詢' 的 Metadata 成功。
2025-12-27 23:38:11,078 - SUCCESS - 已成功批量插入 '糧價查詢' 的總計 20 條記錄到表格 '1040004' 。
2025-12-27 23:38:11,078 - SUCCESS - 已成功批量插入 '糧價查詢' 的總計 20 條記錄到表格 '1040004' 。
2025-12-27 23:38:11,083 - SUCCESS - '糧價查詢' 的自動更新完成。
2025-12-27 23:38:11,083 - SUCCESS - '糧價查詢' 的自動更新完成。
2025-12-27 23:38:12,888 - SUCCESS - 成功提取 '臺灣地區果品生產概況' 的網頁 Metadata。
2025-12-27 23:38:12,888 - SUCCESS - 成功提取 '臺灣地區果品生產概況' 的網頁 Metadata。
2025-12-27 23:38:14,269 - SUCCESS - 成功提取 '臺灣地區特用作物生產概況' 的網頁 Metadata。
2025-12-27 23:38:14,269 - SUCCESS - 成功提取 '臺灣地區特用作物生產概況' 的網頁 Metadata。
2025-12-27 23:38:15,951 - SUCCESS - 成功提取 '臺灣地區稻作種植、收穫面積及產量' 的網頁 Metadata。
2025-12-27 23:38:15,951 - SUCCESS - 成功提取 '臺灣地區稻作種植、收穫面積及產量' 的網頁 Metadata。
2025-12-27 23:38:17,319 - SUCCESS - 成功提取 '臺灣地區稻米生產價值' 的網頁 Metadata。
2025-12-27 23:38:17,319 - SUCCESS - 成功提取 '臺灣地區稻米生產價值' 的網頁 Metadata。
2025-12-27 23:38:19,001 - SUCCESS - 成功提取 '臺灣地區蔬菜生產概況' 的網頁 Metadata。
2025-12-27 23:38:19,001 - SUCCESS - 成功提取 '臺灣地區蔬菜生產概況' 的網頁 Metadata。
2025-12-27 23:38:20,313 - SUCCESS - 成功提取 '臺灣地區農產品生產量值' 的網頁 Metadata。
2025-12-27 23:38:20,313 - SUCCESS - 成功提取 '臺灣地區農產品生產量值' 的網頁 Metadata。
2025-12-27 23:38:21,827 - SUCCESS - 成功提取 '農情調查' 的網頁 Metadata。
2025-12-27 23:38:21,827 - SUCCESS - 成功提取 '農情調查' 的網頁 Metadata。
2025-12-27 23:38:21,866 - SUCCESS - '農情調查' 的 Metadata 已更新到 metadata.json。
2025-12-27 23:38:21,866 - SUCCESS - '農情調查' 的 Metadata 已更新到 metadata.json。
2025-12-27 23:38:24,908 - SUCCESS - <農情調查>的資料已下載完成，共 9999 筆資料。
2025-12-27 23:38:24,908 - SUCCESS - <農情調查>的資料已下載完成，共 9999 筆資料。
2025-12-27 23:38:25,918 - SUCCESS - 已下載、去重並合併資料完成現有資料 45259 條，新資料 0 條。
2025-12-27 23:38:25,918 - SUCCESS - 已下載、去重並合併資料完成現有資料 45259 條，新資料 0 條。
2025-12-27 23:38:26,165 - SUCCESS - 插入或更新 '農情調查' 的 Metadata 成功。
2025-12-27 23:38:26,165 - SUCCESS - 插入或更新 '農情調查' 的 Metadata 成功。
2025-12-27 23:38:26,176 - SUCCESS - '農情調查' 的自動更新完成。
2025-12-27 23:38:26,176 - SUCCESS - '農情調查' 的自動更新完成。
2025-12-27 23:38:27,590 - SUCCESS - 成功提取 '農產品交易行情' 的網頁 Metadata。
2025-12-27 23:38:27,590 - SUCCESS - 成功提取 '農產品交易行情' 的網頁 Metadata。
2025-12-27 23:38:27,626 - SUCCESS - '農產品交易行情' 的 Metadata 已更新到 metadata.json。
2025-12-27 23:38:27,626 - SUCCESS - '農產品交易行情' 的 Metadata 已更新到 metadata.json。
2025-12-27 23:39:12,171 - SUCCESS - <農產品交易行情>的資料已下載完成，共 12728 筆資料。
2025-12-27 23:39:12,171 - SUCCESS - <農產品交易行情>的資料已下載完成，共 12728 筆資料。
2025-12-27 23:39:38,326 - SUCCESS - 已下載、去重並合併資料完成現有資料 560245 條，新資料 2363 條。
2025-12-27 23:39:38,326 - SUCCESS - 已下載、去重並合併資料完成現有資料 560245 條，新資料 2363 條。
2025-12-27 23:39:40,998 - SUCCESS - 已下載 '農產品交易行情' 的原始 JSON 資料路徑: 'C:\Python\data_moa_gov_tw\raw_data\農產品交易行情\農產品交易行情.json'
2025-12-27 23:39:40,998 - SUCCESS - 已下載 '農產品交易行情' 的原始 JSON 資料路徑: 'C:\Python\data_moa_gov_tw\raw_data\農產品交易行情\農產品交易行情.json'
2025-12-27 23:39:41,003 - SUCCESS - 插入或更新 '農產品交易行情' 的 Metadata 成功。
2025-12-27 23:39:41,003 - SUCCESS - 插入或更新 '農產品交易行情' 的 Metadata 成功。
2025-12-27 23:39:41,981 - SUCCESS - 已成功批量插入 '農產品交易行情' 的總計 2363 條記錄到表格 '1040012' 。
2025-12-27 23:39:41,981 - SUCCESS - 已成功批量插入 '農產品交易行情' 的總計 2363 條記錄到表格 '1040012' 。
2025-12-27 23:39:42,199 - SUCCESS - '農產品交易行情' 的自動更新完成。
2025-12-27 23:39:42,199 - SUCCESS - '農產品交易行情' 的自動更新完成。
2025-12-27 23:39:44,675 - SUCCESS - 成功提取 '農產品產地價格(月平均價格)' 的網頁 Metadata。
2025-12-27 23:39:44,675 - SUCCESS - 成功提取 '農產品產地價格(月平均價格)' 的網頁 Metadata。
2025-12-27 23:39:46,090 - SUCCESS - 成功提取 '農產品產地價格資料' 的網頁 Metadata。
2025-12-27 23:39:46,090 - SUCCESS - 成功提取 '農產品產地價格資料' 的網頁 Metadata。
2025-12-27 23:39:47,432 - SUCCESS - 成功提取 '雜糧生產概況' 的網頁 Metadata。
2025-12-27 23:39:47,432 - SUCCESS - 成功提取 '雜糧生產概況' 的網頁 Metadata。
2025-12-27 23:39:48,440 - SUCCESS - 已成功儲存次要資訊。
2025-12-27 23:39:48,440 - SUCCESS - 已成功儲存次要資訊。
2025-12-27 23:39:48,440 - SUCCESS - 更新結果儲存成功:{'全國單日平均糧價': '已更新', '各觀測站近兩年降雨量': '未更新', '產銷履歷與有機蔬果行情': '已更新', '糧價查詢': '已更新', '臺灣地區果品生產概況': '未更新', '臺灣地區特用作物生產概況': '未更新', '臺灣地區稻作種植、收穫面積及產量': '未更新', '臺灣地區稻米生產價值': '未更新', '臺灣地區蔬菜生產概況': '未更新', '臺灣地區農產品生產量值': '未更新', '農情調查': '已更新', '農產品交易行情': '已更新', '農產品產地價格(月平均價格)': '未更新', '農產品產地價格資料': '未更新', '雜糧生產概況': '未更新'}
2025-12-27 23:39:48,440 - SUCCESS - 更新結果儲存成功:{'全國單日平均糧價': '已更新', '各觀測站近兩年降雨量': '未更新', '產銷履歷與有機蔬果行情': '已更新', '糧價查詢': '已更新', '臺灣地區果品生產概況': '未更新', '臺灣地區特用作物生產概況': '未更新', '臺灣地區稻作種植、收穫面積及產量': '未更新', '臺灣地區稻米生產價值': '未更新', '臺灣地區蔬菜生產概況': '未更新', '臺灣地區農產品生產量值': '未更新', '農情調查': '已更新', '農產品交易行情': '已更新', '農產品產地價格(月平均價格)': '未更新', '農產品產地價格資料': '未更新', '雜糧生產概況': '未更新'}
