2026-02-27 00:46:55,518 - _execute_sql - ERROR - 執行 SQL 失敗: UndefinedColumn: column "資料筆數" of relation "refer_skip_value" does not exist
LINE 2: ...ip", "連結", "資料更新日期", "category_table_id", "資料筆數"...
                                                             ^

SQL: 
    INSERT INTO "refer_skip_value" ("標題", "skip", "連結", "資料更新日期", "category_table_id", "資料筆數")
    VALUES (%s, %s, %s, %s, %s, %s)
    ON CONFLICT ("category_table_id") DO UPDATE SET
        "標題" = EXCLUDED."標題", "skip" = EXCLUDED."skip", "連結" = EXCLUDED."連結", "資料更新日期" = EXCLUDED."資料更新日期", "category_table_id" = EXCLUDED."category_table_id", "資料筆數" = EXCLUDED."資料筆數";
    
Params: ('產銷履歷與有機蔬果行情', '0', 'https://data.moa.gov.tw/open_detail.aspx?id=H44', '2026/02/26 20:30:02', '1040003', 415857)
2026-02-27 00:46:55,519 - _insert_or_update_minor_info - ERROR - Upsert 單筆記錄到 refer_skip_value 失敗，ID: 1040003
2026-02-27 00:46:55,520 - _execute_sql - ERROR - 執行 SQL 失敗: UndefinedColumn: column "資料筆數" of relation "refer_skip_value" does not exist
LINE 2: ...ip", "連結", "資料更新日期", "category_table_id", "資料筆數"...
                                                             ^

SQL: 
    INSERT INTO "refer_skip_value" ("標題", "skip", "連結", "資料更新日期", "category_table_id", "資料筆數")
    VALUES (%s, %s, %s, %s, %s, %s)
    ON CONFLICT ("category_table_id") DO UPDATE SET
        "標題" = EXCLUDED."標題", "skip" = EXCLUDED."skip", "連結" = EXCLUDED."連結", "資料更新日期" = EXCLUDED."資料更新日期", "category_table_id" = EXCLUDED."category_table_id", "資料筆數" = EXCLUDED."資料筆數";
    
Params: ('各觀測站近兩年降雨量', '0', 'https://data.moa.gov.tw/open_detail.aspx?id=5n9c3AlEJ2DH', '2025/06/26 12:22:09', '1040002', 5411)
2026-02-27 00:46:55,521 - _insert_or_update_minor_info - ERROR - Upsert 單筆記錄到 refer_skip_value 失敗，ID: 1040002
2026-02-27 00:46:55,522 - _execute_sql - ERROR - 執行 SQL 失敗: UndefinedColumn: column "資料筆數" of relation "refer_skip_value" does not exist
LINE 2: ...ip", "連結", "資料更新日期", "category_table_id", "資料筆數"...
                                                             ^

SQL: 
    INSERT INTO "refer_skip_value" ("標題", "skip", "連結", "資料更新日期", "category_table_id", "資料筆數")
    VALUES (%s, %s, %s, %s, %s, %s)
    ON CONFLICT ("category_table_id") DO UPDATE SET
        "標題" = EXCLUDED."標題", "skip" = EXCLUDED."skip", "連結" = EXCLUDED."連結", "資料更新日期" = EXCLUDED."資料更新日期", "category_table_id" = EXCLUDED."category_table_id", "資料筆數" = EXCLUDED."資料筆數";
    
Params: ('臺灣地區果品生產概況', '0', 'https://data.moa.gov.tw/open_detail.aspx?id=135', '2025/06/17 14:36:28', '1040005', 10780)
2026-02-27 00:46:55,522 - _insert_or_update_minor_info - ERROR - Upsert 單筆記錄到 refer_skip_value 失敗，ID: 1040005
2026-02-27 00:46:55,522 - _execute_sql - ERROR - 執行 SQL 失敗: UndefinedColumn: column "資料筆數" of relation "refer_skip_value" does not exist
LINE 2: ...ip", "連結", "資料更新日期", "category_table_id", "資料筆數"...
                                                             ^

SQL: 
    INSERT INTO "refer_skip_value" ("標題", "skip", "連結", "資料更新日期", "category_table_id", "資料筆數")
    VALUES (%s, %s, %s, %s, %s, %s)
    ON CONFLICT ("category_table_id") DO UPDATE SET
        "標題" = EXCLUDED."標題", "skip" = EXCLUDED."skip", "連結" = EXCLUDED."連結", "資料更新日期" = EXCLUDED."資料更新日期", "category_table_id" = EXCLUDED."category_table_id", "資料筆數" = EXCLUDED."資料筆數";
    
Params: ('臺灣地區特用作物生產概況', '0', 'https://data.moa.gov.tw/open_detail.aspx?id=136', '2025/06/17 14:37:33', '1040006', 2772)
2026-02-27 00:46:55,522 - _insert_or_update_minor_info - ERROR - Upsert 單筆記錄到 refer_skip_value 失敗，ID: 1040006
2026-02-27 00:46:55,523 - _execute_sql - ERROR - 執行 SQL 失敗: UndefinedColumn: column "資料筆數" of relation "refer_skip_value" does not exist
LINE 2: ...ip", "連結", "資料更新日期", "category_table_id", "資料筆數"...
                                                             ^

SQL: 
    INSERT INTO "refer_skip_value" ("標題", "skip", "連結", "資料更新日期", "category_table_id", "資料筆數")
    VALUES (%s, %s, %s, %s, %s, %s)
    ON CONFLICT ("category_table_id") DO UPDATE SET
        "標題" = EXCLUDED."標題", "skip" = EXCLUDED."skip", "連結" = EXCLUDED."連結", "資料更新日期" = EXCLUDED."資料更新日期", "category_table_id" = EXCLUDED."category_table_id", "資料筆數" = EXCLUDED."資料筆數";
    
Params: ('農產品交易行情', '5000', 'https://data.moa.gov.tw/open_detail.aspx?id=037', '2026/02/26 23:40:21', '1040012', 729088)
2026-02-27 00:46:55,524 - _insert_or_update_minor_info - ERROR - Upsert 單筆記錄到 refer_skip_value 失敗，ID: 1040012
2026-02-27 00:46:55,524 - _execute_sql - ERROR - 執行 SQL 失敗: UndefinedColumn: column "資料筆數" of relation "refer_skip_value" does not exist
LINE 2: ...ip", "連結", "資料更新日期", "category_table_id", "資料筆數"...
                                                             ^

SQL: 
    INSERT INTO "refer_skip_value" ("標題", "skip", "連結", "資料更新日期", "category_table_id", "資料筆數")
    VALUES (%s, %s, %s, %s, %s, %s)
    ON CONFLICT ("category_table_id") DO UPDATE SET
        "標題" = EXCLUDED."標題", "skip" = EXCLUDED."skip", "連結" = EXCLUDED."連結", "資料更新日期" = EXCLUDED."資料更新日期", "category_table_id" = EXCLUDED."category_table_id", "資料筆數" = EXCLUDED."資料筆數";
    
Params: ('臺灣地區稻作種植、收穫面積及產量', '0', 'https://data.moa.gov.tw/open_detail.aspx?id=i5AdyGE26hcq', '2025/05/27 17:36:50', '1040007', 2132)
2026-02-27 00:46:55,525 - _insert_or_update_minor_info - ERROR - Upsert 單筆記錄到 refer_skip_value 失敗，ID: 1040007
2026-02-27 00:46:55,525 - _execute_sql - ERROR - 執行 SQL 失敗: UndefinedColumn: column "資料筆數" of relation "refer_skip_value" does not exist
LINE 2: ...ip", "連結", "資料更新日期", "category_table_id", "資料筆數"...
                                                             ^

SQL: 
    INSERT INTO "refer_skip_value" ("標題", "skip", "連結", "資料更新日期", "category_table_id", "資料筆數")
    VALUES (%s, %s, %s, %s, %s, %s)
    ON CONFLICT ("category_table_id") DO UPDATE SET
        "標題" = EXCLUDED."標題", "skip" = EXCLUDED."skip", "連結" = EXCLUDED."連結", "資料更新日期" = EXCLUDED."資料更新日期", "category_table_id" = EXCLUDED."category_table_id", "資料筆數" = EXCLUDED."資料筆數";
    
Params: ('臺灣地區稻米生產價值', '0', 'https://data.moa.gov.tw/open_detail.aspx?id=MMeBMLPHL11N', '2025/01/07 12:03:01', '1040008', 3051)
2026-02-27 00:46:55,526 - _insert_or_update_minor_info - ERROR - Upsert 單筆記錄到 refer_skip_value 失敗，ID: 1040008
2026-02-27 00:46:55,526 - _execute_sql - ERROR - 執行 SQL 失敗: UndefinedColumn: column "資料筆數" of relation "refer_skip_value" does not exist
LINE 2: ...ip", "連結", "資料更新日期", "category_table_id", "資料筆數"...
                                                             ^

SQL: 
    INSERT INTO "refer_skip_value" ("標題", "skip", "連結", "資料更新日期", "category_table_id", "資料筆數")
    VALUES (%s, %s, %s, %s, %s, %s)
    ON CONFLICT ("category_table_id") DO UPDATE SET
        "標題" = EXCLUDED."標題", "skip" = EXCLUDED."skip", "連結" = EXCLUDED."連結", "資料更新日期" = EXCLUDED."資料更新日期", "category_table_id" = EXCLUDED."category_table_id", "資料筆數" = EXCLUDED."資料筆數";
    
Params: ('農產品產地價格資料', '0', 'https://data.moa.gov.tw/open_detail.aspx?id=WVOiWSdDjWxx', '2026/02/26 00:51:23', '1040014', 353701)
2026-02-27 00:46:55,527 - _insert_or_update_minor_info - ERROR - Upsert 單筆記錄到 refer_skip_value 失敗，ID: 1040014
2026-02-27 00:46:55,527 - _execute_sql - ERROR - 執行 SQL 失敗: UndefinedColumn: column "資料筆數" of relation "refer_skip_value" does not exist
LINE 2: ...ip", "連結", "資料更新日期", "category_table_id", "資料筆數"...
                                                             ^

SQL: 
    INSERT INTO "refer_skip_value" ("標題", "skip", "連結", "資料更新日期", "category_table_id", "資料筆數")
    VALUES (%s, %s, %s, %s, %s, %s)
    ON CONFLICT ("category_table_id") DO UPDATE SET
        "標題" = EXCLUDED."標題", "skip" = EXCLUDED."skip", "連結" = EXCLUDED."連結", "資料更新日期" = EXCLUDED."資料更新日期", "category_table_id" = EXCLUDED."category_table_id", "資料筆數" = EXCLUDED."資料筆數";
    
Params: ('農情調查', '0', 'https://data.moa.gov.tw/open_detail.aspx?id=038', '2026/02/26 23:35:05', '1040011', 44539)
2026-02-27 00:46:55,528 - _insert_or_update_minor_info - ERROR - Upsert 單筆記錄到 refer_skip_value 失敗，ID: 1040011
2026-02-27 00:46:55,528 - _execute_sql - ERROR - 執行 SQL 失敗: UndefinedColumn: column "資料筆數" of relation "refer_skip_value" does not exist
LINE 2: ...ip", "連結", "資料更新日期", "category_table_id", "資料筆數"...
                                                             ^

SQL: 
    INSERT INTO "refer_skip_value" ("標題", "skip", "連結", "資料更新日期", "category_table_id", "資料筆數")
    VALUES (%s, %s, %s, %s, %s, %s)
    ON CONFLICT ("category_table_id") DO UPDATE SET
        "標題" = EXCLUDED."標題", "skip" = EXCLUDED."skip", "連結" = EXCLUDED."連結", "資料更新日期" = EXCLUDED."資料更新日期", "category_table_id" = EXCLUDED."category_table_id", "資料筆數" = EXCLUDED."資料筆數";
    
Params: ('臺灣地區農產品生產量值', '0', 'https://data.moa.gov.tw/open_detail.aspx?id=ABTXmIWuosiO', '2025/06/26 11:35:56', '1040010', 2432)
2026-02-27 00:46:55,529 - _insert_or_update_minor_info - ERROR - Upsert 單筆記錄到 refer_skip_value 失敗，ID: 1040010
2026-02-27 00:46:55,529 - _execute_sql - ERROR - 執行 SQL 失敗: UndefinedColumn: column "資料筆數" of relation "refer_skip_value" does not exist
LINE 2: ...ip", "連結", "資料更新日期", "category_table_id", "資料筆數"...
                                                             ^

SQL: 
    INSERT INTO "refer_skip_value" ("標題", "skip", "連結", "資料更新日期", "category_table_id", "資料筆數")
    VALUES (%s, %s, %s, %s, %s, %s)
    ON CONFLICT ("category_table_id") DO UPDATE SET
        "標題" = EXCLUDED."標題", "skip" = EXCLUDED."skip", "連結" = EXCLUDED."連結", "資料更新日期" = EXCLUDED."資料更新日期", "category_table_id" = EXCLUDED."category_table_id", "資料筆數" = EXCLUDED."資料筆數";
    
Params: ('雜糧生產概況', '0', 'https://data.moa.gov.tw/open_detail.aspx?id=8v9pJZ858uOz', '2025/01/09 14:35:02', '1040015', 5246)
2026-02-27 00:46:55,530 - _insert_or_update_minor_info - ERROR - Upsert 單筆記錄到 refer_skip_value 失敗，ID: 1040015
2026-02-27 00:46:55,531 - _execute_sql - ERROR - 執行 SQL 失敗: UndefinedColumn: column "資料筆數" of relation "refer_skip_value" does not exist
LINE 2: ...ip", "連結", "資料更新日期", "category_table_id", "資料筆數"...
                                                             ^

SQL: 
    INSERT INTO "refer_skip_value" ("標題", "skip", "連結", "資料更新日期", "category_table_id", "資料筆數")
    VALUES (%s, %s, %s, %s, %s, %s)
    ON CONFLICT ("category_table_id") DO UPDATE SET
        "標題" = EXCLUDED."標題", "skip" = EXCLUDED."skip", "連結" = EXCLUDED."連結", "資料更新日期" = EXCLUDED."資料更新日期", "category_table_id" = EXCLUDED."category_table_id", "資料筆數" = EXCLUDED."資料筆數";
    
Params: ('全國單日平均糧價', '0', 'https://data.moa.gov.tw/open_detail.aspx?id=E69', '2026/02/26 21:00:27', '1040001', 9208)
2026-02-27 00:46:55,531 - _insert_or_update_minor_info - ERROR - Upsert 單筆記錄到 refer_skip_value 失敗，ID: 1040001
2026-02-27 00:46:55,532 - _execute_sql - ERROR - 執行 SQL 失敗: UndefinedColumn: column "資料筆數" of relation "refer_skip_value" does not exist
LINE 2: ...ip", "連結", "資料更新日期", "category_table_id", "資料筆數"...
                                                             ^

SQL: 
    INSERT INTO "refer_skip_value" ("標題", "skip", "連結", "資料更新日期", "category_table_id", "資料筆數")
    VALUES (%s, %s, %s, %s, %s, %s)
    ON CONFLICT ("category_table_id") DO UPDATE SET
        "標題" = EXCLUDED."標題", "skip" = EXCLUDED."skip", "連結" = EXCLUDED."連結", "資料更新日期" = EXCLUDED."資料更新日期", "category_table_id" = EXCLUDED."category_table_id", "資料筆數" = EXCLUDED."資料筆數";
    
Params: ('農產品產地價格(月平均價格)', '0', 'https://data.moa.gov.tw/open_detail.aspx?id=652', '2026/02/13 15:01:48', '1040013', 4284)
2026-02-27 00:46:55,532 - _insert_or_update_minor_info - ERROR - Upsert 單筆記錄到 refer_skip_value 失敗，ID: 1040013
2026-02-27 00:46:55,534 - _execute_sql - ERROR - 執行 SQL 失敗: UndefinedColumn: column "資料筆數" of relation "refer_skip_value" does not exist
LINE 2: ...ip", "連結", "資料更新日期", "category_table_id", "資料筆數"...
                                                             ^

SQL: 
    INSERT INTO "refer_skip_value" ("標題", "skip", "連結", "資料更新日期", "category_table_id", "資料筆數")
    VALUES (%s, %s, %s, %s, %s, %s)
    ON CONFLICT ("category_table_id") DO UPDATE SET
        "標題" = EXCLUDED."標題", "skip" = EXCLUDED."skip", "連結" = EXCLUDED."連結", "資料更新日期" = EXCLUDED."資料更新日期", "category_table_id" = EXCLUDED."category_table_id", "資料筆數" = EXCLUDED."資料筆數";
    
Params: ('臺灣地區蔬菜生產概況', '0', 'https://data.moa.gov.tw/open_detail.aspx?id=113', '2025/06/17 14:38:43', '1040009', 10812)
2026-02-27 00:46:55,534 - _insert_or_update_minor_info - ERROR - Upsert 單筆記錄到 refer_skip_value 失敗，ID: 1040009
2026-02-27 00:46:55,535 - _execute_sql - ERROR - 執行 SQL 失敗: UndefinedColumn: column "資料筆數" of relation "refer_skip_value" does not exist
LINE 2: ...ip", "連結", "資料更新日期", "category_table_id", "資料筆數"...
                                                             ^

SQL: 
    INSERT INTO "refer_skip_value" ("標題", "skip", "連結", "資料更新日期", "category_table_id", "資料筆數")
    VALUES (%s, %s, %s, %s, %s, %s)
    ON CONFLICT ("category_table_id") DO UPDATE SET
        "標題" = EXCLUDED."標題", "skip" = EXCLUDED."skip", "連結" = EXCLUDED."連結", "資料更新日期" = EXCLUDED."資料更新日期", "category_table_id" = EXCLUDED."category_table_id", "資料筆數" = EXCLUDED."資料筆數";
    
Params: ('糧價查詢', '0', 'https://data.moa.gov.tw/open_detail.aspx?id=266', '2026/02/26 10:10:20', '1040004', 241900)
2026-02-27 00:46:55,535 - _insert_or_update_minor_info - ERROR - Upsert 單筆記錄到 refer_skip_value 失敗，ID: 1040004
