2026-01-05 01:19:12,834 - SUCCESS - 成功提取 '全國單日平均糧價' 的網頁 Metadata。
2026-01-05 01:19:12,834 - SUCCESS - 成功提取 '全國單日平均糧價' 的網頁 Metadata。
2026-01-05 01:19:12,921 - SUCCESS - '全國單日平均糧價' 的 Metadata 已更新到 metadata.json。
2026-01-05 01:19:12,921 - SUCCESS - '全國單日平均糧價' 的 Metadata 已更新到 metadata.json。
2026-01-05 01:19:15,616 - SUCCESS - <全國單日平均糧價>的資料已下載完成，共 9154 筆資料。
2026-01-05 01:19:15,616 - SUCCESS - <全國單日平均糧價>的資料已下載完成，共 9154 筆資料。
2026-01-05 01:19:17,143 - SUCCESS - 已下載、去重並合併資料完成現有資料 9154 條，新資料 1 條。
2026-01-05 01:19:17,143 - SUCCESS - 已下載、去重並合併資料完成現有資料 9154 條，新資料 1 條。
2026-01-05 01:19:17,217 - SUCCESS - 已下載 '全國單日平均糧價' 的原始 JSON 資料路徑: 'C:\Python\data_moa_gov_tw\raw_data\全國單日平均糧價\全國單日平均糧價.json'
2026-01-05 01:19:17,217 - SUCCESS - 已下載 '全國單日平均糧價' 的原始 JSON 資料路徑: 'C:\Python\data_moa_gov_tw\raw_data\全國單日平均糧價\全國單日平均糧價.json'
2026-01-05 01:19:17,253 - SUCCESS - 插入或更新 '全國單日平均糧價' 的 Metadata 成功。
2026-01-05 01:19:17,253 - SUCCESS - 插入或更新 '全國單日平均糧價' 的 Metadata 成功。
2026-01-05 01:19:17,261 - SUCCESS - 已成功批量插入 '全國單日平均糧價' 的總計 1 條記錄到表格 '1040001' 。
2026-01-05 01:19:17,261 - SUCCESS - 已成功批量插入 '全國單日平均糧價' 的總計 1 條記錄到表格 '1040001' 。
2026-01-05 01:19:17,270 - SUCCESS - '全國單日平均糧價' 的自動更新完成。
2026-01-05 01:19:17,270 - SUCCESS - '全國單日平均糧價' 的自動更新完成。
2026-01-05 01:19:19,351 - SUCCESS - 成功提取 '各觀測站近兩年降雨量' 的網頁 Metadata。
2026-01-05 01:19:19,351 - SUCCESS - 成功提取 '各觀測站近兩年降雨量' 的網頁 Metadata。
2026-01-05 01:19:26,894 - SUCCESS - 成功提取 '產銷履歷與有機蔬果行情' 的網頁 Metadata。
2026-01-05 01:19:26,894 - SUCCESS - 成功提取 '產銷履歷與有機蔬果行情' 的網頁 Metadata。
2026-01-05 01:19:26,956 - SUCCESS - '產銷履歷與有機蔬果行情' 的 Metadata 已更新到 metadata.json。
2026-01-05 01:19:26,956 - SUCCESS - '產銷履歷與有機蔬果行情' 的 Metadata 已更新到 metadata.json。
2026-01-05 01:19:32,704 - SUCCESS - <產銷履歷與有機蔬果行情>的資料已下載完成，共 4511 筆資料。
2026-01-05 01:19:32,704 - SUCCESS - <產銷履歷與有機蔬果行情>的資料已下載完成，共 4511 筆資料。
2026-01-05 01:19:57,690 - SUCCESS - 已下載、去重並合併資料完成現有資料 317511 條，新資料 2156 條。
2026-01-05 01:19:57,690 - SUCCESS - 已下載、去重並合併資料完成現有資料 317511 條，新資料 2156 條。
2026-01-05 01:19:59,537 - SUCCESS - 已下載 '產銷履歷與有機蔬果行情' 的原始 JSON 資料路徑: 'C:\Python\data_moa_gov_tw\raw_data\產銷履歷與有機蔬果行情\產銷履歷與有機蔬果行情.json'
2026-01-05 01:19:59,537 - SUCCESS - 已下載 '產銷履歷與有機蔬果行情' 的原始 JSON 資料路徑: 'C:\Python\data_moa_gov_tw\raw_data\產銷履歷與有機蔬果行情\產銷履歷與有機蔬果行情.json'
2026-01-05 01:19:59,543 - SUCCESS - 插入或更新 '產銷履歷與有機蔬果行情' 的 Metadata 成功。
2026-01-05 01:19:59,543 - SUCCESS - 插入或更新 '產銷履歷與有機蔬果行情' 的 Metadata 成功。
2026-01-05 01:20:00,521 - SUCCESS - 已成功批量插入 '產銷履歷與有機蔬果行情' 的總計 2156 條記錄到表格 '1040003' 。
2026-01-05 01:20:00,521 - SUCCESS - 已成功批量插入 '產銷履歷與有機蔬果行情' 的總計 2156 條記錄到表格 '1040003' 。
2026-01-05 01:20:00,622 - SUCCESS - '產銷履歷與有機蔬果行情' 的自動更新完成。
2026-01-05 01:20:00,622 - SUCCESS - '產銷履歷與有機蔬果行情' 的自動更新完成。
2026-01-05 01:20:03,692 - SUCCESS - 成功提取 '糧價查詢' 的網頁 Metadata。
2026-01-05 01:20:03,692 - SUCCESS - 成功提取 '糧價查詢' 的網頁 Metadata。
2026-01-05 01:20:03,723 - SUCCESS - '糧價查詢' 的 Metadata 已更新到 metadata.json。
2026-01-05 01:20:03,723 - SUCCESS - '糧價查詢' 的 Metadata 已更新到 metadata.json。
2026-01-05 01:20:06,583 - SUCCESS - <糧價查詢>的資料已下載完成，共 9999 筆資料。
2026-01-05 01:20:06,583 - SUCCESS - <糧價查詢>的資料已下載完成，共 9999 筆資料。
2026-01-05 01:20:07,343 - SUCCESS - 已下載、去重並合併資料完成現有資料 10775 條，新資料 40 條。
2026-01-05 01:20:07,343 - SUCCESS - 已下載、去重並合併資料完成現有資料 10775 條，新資料 40 條。
2026-01-05 01:20:08,168 - SUCCESS - 已下載 '糧價查詢' 的原始 JSON 資料路徑: 'C:\Python\data_moa_gov_tw\raw_data\糧價查詢\糧價查詢.json'
2026-01-05 01:20:08,168 - SUCCESS - 已下載 '糧價查詢' 的原始 JSON 資料路徑: 'C:\Python\data_moa_gov_tw\raw_data\糧價查詢\糧價查詢.json'
2026-01-05 01:20:08,173 - SUCCESS - 插入或更新 '糧價查詢' 的 Metadata 成功。
2026-01-05 01:20:08,173 - SUCCESS - 插入或更新 '糧價查詢' 的 Metadata 成功。
2026-01-05 01:20:08,213 - SUCCESS - 已成功批量插入 '糧價查詢' 的總計 40 條記錄到表格 '1040004' 。
2026-01-05 01:20:08,213 - SUCCESS - 已成功批量插入 '糧價查詢' 的總計 40 條記錄到表格 '1040004' 。
2026-01-05 01:20:08,218 - SUCCESS - '糧價查詢' 的自動更新完成。
2026-01-05 01:20:08,218 - SUCCESS - '糧價查詢' 的自動更新完成。
2026-01-05 01:20:11,000 - SUCCESS - 成功提取 '臺灣地區果品生產概況' 的網頁 Metadata。
2026-01-05 01:20:11,000 - SUCCESS - 成功提取 '臺灣地區果品生產概況' 的網頁 Metadata。
2026-01-05 01:20:15,786 - SUCCESS - 成功提取 '臺灣地區特用作物生產概況' 的網頁 Metadata。
2026-01-05 01:20:15,786 - SUCCESS - 成功提取 '臺灣地區特用作物生產概況' 的網頁 Metadata。
2026-01-05 01:20:17,609 - SUCCESS - 成功提取 '臺灣地區稻作種植、收穫面積及產量' 的網頁 Metadata。
2026-01-05 01:20:17,609 - SUCCESS - 成功提取 '臺灣地區稻作種植、收穫面積及產量' 的網頁 Metadata。
2026-01-05 01:20:19,165 - SUCCESS - 成功提取 '臺灣地區稻米生產價值' 的網頁 Metadata。
2026-01-05 01:20:19,165 - SUCCESS - 成功提取 '臺灣地區稻米生產價值' 的網頁 Metadata。
2026-01-05 01:20:22,935 - SUCCESS - 成功提取 '臺灣地區蔬菜生產概況' 的網頁 Metadata。
2026-01-05 01:20:22,935 - SUCCESS - 成功提取 '臺灣地區蔬菜生產概況' 的網頁 Metadata。
2026-01-05 01:20:24,423 - SUCCESS - 成功提取 '臺灣地區農產品生產量值' 的網頁 Metadata。
2026-01-05 01:20:24,423 - SUCCESS - 成功提取 '臺灣地區農產品生產量值' 的網頁 Metadata。
2026-01-05 01:20:26,181 - SUCCESS - 成功提取 '農情調查' 的網頁 Metadata。
2026-01-05 01:20:26,181 - SUCCESS - 成功提取 '農情調查' 的網頁 Metadata。
2026-01-05 01:20:26,226 - SUCCESS - '農情調查' 的 Metadata 已更新到 metadata.json。
2026-01-05 01:20:26,226 - SUCCESS - '農情調查' 的 Metadata 已更新到 metadata.json。
2026-01-05 01:20:30,916 - SUCCESS - <農情調查>的資料已下載完成，共 9999 筆資料。
2026-01-05 01:20:30,916 - SUCCESS - <農情調查>的資料已下載完成，共 9999 筆資料。
2026-01-05 01:20:31,990 - SUCCESS - 已下載、去重並合併資料完成現有資料 45259 條，新資料 0 條。
2026-01-05 01:20:31,990 - SUCCESS - 已下載、去重並合併資料完成現有資料 45259 條，新資料 0 條。
2026-01-05 01:20:32,284 - SUCCESS - 插入或更新 '農情調查' 的 Metadata 成功。
2026-01-05 01:20:32,284 - SUCCESS - 插入或更新 '農情調查' 的 Metadata 成功。
2026-01-05 01:20:32,300 - SUCCESS - '農情調查' 的自動更新完成。
2026-01-05 01:20:32,300 - SUCCESS - '農情調查' 的自動更新完成。
2026-01-05 01:20:34,164 - SUCCESS - 成功提取 '農產品交易行情' 的網頁 Metadata。
2026-01-05 01:20:34,164 - SUCCESS - 成功提取 '農產品交易行情' 的網頁 Metadata。
2026-01-05 01:20:34,203 - SUCCESS - '農產品交易行情' 的 Metadata 已更新到 metadata.json。
2026-01-05 01:20:34,203 - SUCCESS - '農產品交易行情' 的 Metadata 已更新到 metadata.json。
2026-01-05 01:20:46,824 - SUCCESS - <農產品交易行情>的資料已下載完成，共 8496 筆資料。
2026-01-05 01:20:46,824 - SUCCESS - <農產品交易行情>的資料已下載完成，共 8496 筆資料。
2026-01-05 01:21:15,525 - SUCCESS - 已下載、去重並合併資料完成現有資料 583789 條，新資料 2201 條。
2026-01-05 01:21:15,525 - SUCCESS - 已下載、去重並合併資料完成現有資料 583789 條，新資料 2201 條。
2026-01-05 01:21:18,462 - SUCCESS - 已下載 '農產品交易行情' 的原始 JSON 資料路徑: 'C:\Python\data_moa_gov_tw\raw_data\農產品交易行情\農產品交易行情.json'
2026-01-05 01:21:18,462 - SUCCESS - 已下載 '農產品交易行情' 的原始 JSON 資料路徑: 'C:\Python\data_moa_gov_tw\raw_data\農產品交易行情\農產品交易行情.json'
2026-01-05 01:21:18,467 - SUCCESS - 插入或更新 '農產品交易行情' 的 Metadata 成功。
2026-01-05 01:21:18,467 - SUCCESS - 插入或更新 '農產品交易行情' 的 Metadata 成功。
2026-01-05 01:21:19,545 - SUCCESS - 已成功批量插入 '農產品交易行情' 的總計 2197 條記錄到表格 '1040012' 。
2026-01-05 01:21:19,545 - SUCCESS - 已成功批量插入 '農產品交易行情' 的總計 2197 條記錄到表格 '1040012' 。
2026-01-05 01:21:19,788 - SUCCESS - '農產品交易行情' 的自動更新完成。
2026-01-05 01:21:19,788 - SUCCESS - '農產品交易行情' 的自動更新完成。
2026-01-05 01:21:23,275 - SUCCESS - 成功提取 '農產品產地價格(月平均價格)' 的網頁 Metadata。
2026-01-05 01:21:23,275 - SUCCESS - 成功提取 '農產品產地價格(月平均價格)' 的網頁 Metadata。
2026-01-05 01:21:25,081 - SUCCESS - 成功提取 '農產品產地價格資料' 的網頁 Metadata。
2026-01-05 01:21:25,081 - SUCCESS - 成功提取 '農產品產地價格資料' 的網頁 Metadata。
2026-01-05 01:21:26,923 - SUCCESS - 成功提取 '雜糧生產概況' 的網頁 Metadata。
2026-01-05 01:21:26,923 - SUCCESS - 成功提取 '雜糧生產概況' 的網頁 Metadata。
2026-01-05 01:21:27,931 - SUCCESS - 已成功儲存次要資訊。
2026-01-05 01:21:27,931 - SUCCESS - 已成功儲存次要資訊。
2026-01-05 01:21:27,932 - SUCCESS - 更新結果儲存成功:{'全國單日平均糧價': '已更新', '各觀測站近兩年降雨量': '未更新', '產銷履歷與有機蔬果行情': '已更新', '糧價查詢': '已更新', '臺灣地區果品生產概況': '未更新', '臺灣地區特用作物生產概況': '未更新', '臺灣地區稻作種植、收穫面積及產量': '未更新', '臺灣地區稻米生產價值': '未更新', '臺灣地區蔬菜生產概況': '未更新', '臺灣地區農產品生產量值': '未更新', '農情調查': '已更新', '農產品交易行情': '已更新', '農產品產地價格(月平均價格)': '未更新', '農產品產地價格資料': '未更新', '雜糧生產概況': '未更新'}
2026-01-05 01:21:27,932 - SUCCESS - 更新結果儲存成功:{'全國單日平均糧價': '已更新', '各觀測站近兩年降雨量': '未更新', '產銷履歷與有機蔬果行情': '已更新', '糧價查詢': '已更新', '臺灣地區果品生產概況': '未更新', '臺灣地區特用作物生產概況': '未更新', '臺灣地區稻作種植、收穫面積及產量': '未更新', '臺灣地區稻米生產價值': '未更新', '臺灣地區蔬菜生產概況': '未更新', '臺灣地區農產品生產量值': '未更新', '農情調查': '已更新', '農產品交易行情': '已更新', '農產品產地價格(月平均價格)': '未更新', '農產品產地價格資料': '未更新', '雜糧生產概況': '未更新'}
2026-01-05 22:53:19,163 - SUCCESS - 成功提取 '全國單日平均糧價' 的網頁 Metadata。
2026-01-05 22:53:19,163 - SUCCESS - 成功提取 '全國單日平均糧價' 的網頁 Metadata。
2026-01-05 22:53:19,199 - SUCCESS - '全國單日平均糧價' 的 Metadata 已更新到 metadata.json。
2026-01-05 22:53:19,199 - SUCCESS - '全國單日平均糧價' 的 Metadata 已更新到 metadata.json。
2026-01-05 22:53:30,379 - SUCCESS - <全國單日平均糧價>的資料已下載完成，共 9156 筆資料。
2026-01-05 22:53:30,379 - SUCCESS - <全國單日平均糧價>的資料已下載完成，共 9156 筆資料。
2026-01-05 22:53:31,036 - SUCCESS - 已下載、去重並合併資料完成現有資料 9156 條，新資料 2 條。
2026-01-05 22:53:31,036 - SUCCESS - 已下載、去重並合併資料完成現有資料 9156 條，新資料 2 條。
2026-01-05 22:53:31,072 - SUCCESS - 已下載 '全國單日平均糧價' 的原始 JSON 資料路徑: 'C:\Python\data_moa_gov_tw\raw_data\全國單日平均糧價\全國單日平均糧價.json'
2026-01-05 22:53:31,072 - SUCCESS - 已下載 '全國單日平均糧價' 的原始 JSON 資料路徑: 'C:\Python\data_moa_gov_tw\raw_data\全國單日平均糧價\全國單日平均糧價.json'
2026-01-05 22:53:31,108 - SUCCESS - 插入或更新 '全國單日平均糧價' 的 Metadata 成功。
2026-01-05 22:53:31,108 - SUCCESS - 插入或更新 '全國單日平均糧價' 的 Metadata 成功。
2026-01-05 22:53:31,118 - SUCCESS - 已成功批量插入 '全國單日平均糧價' 的總計 2 條記錄到表格 '1040001' 。
2026-01-05 22:53:31,118 - SUCCESS - 已成功批量插入 '全國單日平均糧價' 的總計 2 條記錄到表格 '1040001' 。
2026-01-05 22:53:31,122 - SUCCESS - '全國單日平均糧價' 的自動更新完成。
2026-01-05 22:53:31,122 - SUCCESS - '全國單日平均糧價' 的自動更新完成。
2026-01-05 22:53:32,897 - SUCCESS - 成功提取 '各觀測站近兩年降雨量' 的網頁 Metadata。
2026-01-05 22:53:32,897 - SUCCESS - 成功提取 '各觀測站近兩年降雨量' 的網頁 Metadata。
2026-01-05 22:53:35,187 - SUCCESS - 成功提取 '產銷履歷與有機蔬果行情' 的網頁 Metadata。
2026-01-05 22:53:35,187 - SUCCESS - 成功提取 '產銷履歷與有機蔬果行情' 的網頁 Metadata。
2026-01-05 22:53:35,256 - SUCCESS - '產銷履歷與有機蔬果行情' 的 Metadata 已更新到 metadata.json。
2026-01-05 22:53:35,256 - SUCCESS - '產銷履歷與有機蔬果行情' 的 Metadata 已更新到 metadata.json。
2026-01-05 22:53:46,879 - SUCCESS - <產銷履歷與有機蔬果行情>的資料已下載完成，共 2252 筆資料。
2026-01-05 22:53:46,879 - SUCCESS - <產銷履歷與有機蔬果行情>的資料已下載完成，共 2252 筆資料。
2026-01-05 22:54:09,730 - SUCCESS - 已下載、去重並合併資料完成現有資料 317607 條，新資料 96 條。
2026-01-05 22:54:09,730 - SUCCESS - 已下載、去重並合併資料完成現有資料 317607 條，新資料 96 條。
2026-01-05 22:54:11,421 - SUCCESS - 已下載 '產銷履歷與有機蔬果行情' 的原始 JSON 資料路徑: 'C:\Python\data_moa_gov_tw\raw_data\產銷履歷與有機蔬果行情\產銷履歷與有機蔬果行情.json'
2026-01-05 22:54:11,421 - SUCCESS - 已下載 '產銷履歷與有機蔬果行情' 的原始 JSON 資料路徑: 'C:\Python\data_moa_gov_tw\raw_data\產銷履歷與有機蔬果行情\產銷履歷與有機蔬果行情.json'
2026-01-05 22:54:11,427 - SUCCESS - 插入或更新 '產銷履歷與有機蔬果行情' 的 Metadata 成功。
2026-01-05 22:54:11,427 - SUCCESS - 插入或更新 '產銷履歷與有機蔬果行情' 的 Metadata 成功。
2026-01-05 22:54:11,516 - SUCCESS - 已成功批量插入 '產銷履歷與有機蔬果行情' 的總計 96 條記錄到表格 '1040003' 。
2026-01-05 22:54:11,516 - SUCCESS - 已成功批量插入 '產銷履歷與有機蔬果行情' 的總計 96 條記錄到表格 '1040003' 。
2026-01-05 22:54:11,613 - SUCCESS - '產銷履歷與有機蔬果行情' 的自動更新完成。
2026-01-05 22:54:11,613 - SUCCESS - '產銷履歷與有機蔬果行情' 的自動更新完成。
2026-01-05 22:54:13,334 - SUCCESS - 成功提取 '糧價查詢' 的網頁 Metadata。
2026-01-05 22:54:13,334 - SUCCESS - 成功提取 '糧價查詢' 的網頁 Metadata。
2026-01-05 22:54:13,382 - SUCCESS - '糧價查詢' 的 Metadata 已更新到 metadata.json。
2026-01-05 22:54:13,382 - SUCCESS - '糧價查詢' 的 Metadata 已更新到 metadata.json。
2026-01-05 22:54:18,115 - SUCCESS - <糧價查詢>的資料已下載完成，共 9999 筆資料。
2026-01-05 22:54:18,115 - SUCCESS - <糧價查詢>的資料已下載完成，共 9999 筆資料。
2026-01-05 22:54:18,918 - SUCCESS - 已下載、去重並合併資料完成現有資料 10815 條，新資料 40 條。
2026-01-05 22:54:18,918 - SUCCESS - 已下載、去重並合併資料完成現有資料 10815 條，新資料 40 條。
2026-01-05 22:54:19,697 - SUCCESS - 已下載 '糧價查詢' 的原始 JSON 資料路徑: 'C:\Python\data_moa_gov_tw\raw_data\糧價查詢\糧價查詢.json'
2026-01-05 22:54:19,697 - SUCCESS - 已下載 '糧價查詢' 的原始 JSON 資料路徑: 'C:\Python\data_moa_gov_tw\raw_data\糧價查詢\糧價查詢.json'
2026-01-05 22:54:19,702 - SUCCESS - 插入或更新 '糧價查詢' 的 Metadata 成功。
2026-01-05 22:54:19,702 - SUCCESS - 插入或更新 '糧價查詢' 的 Metadata 成功。
2026-01-05 22:54:19,732 - SUCCESS - 已成功批量插入 '糧價查詢' 的總計 40 條記錄到表格 '1040004' 。
2026-01-05 22:54:19,732 - SUCCESS - 已成功批量插入 '糧價查詢' 的總計 40 條記錄到表格 '1040004' 。
2026-01-05 22:54:19,740 - SUCCESS - '糧價查詢' 的自動更新完成。
2026-01-05 22:54:19,740 - SUCCESS - '糧價查詢' 的自動更新完成。
2026-01-05 22:54:21,509 - SUCCESS - 成功提取 '臺灣地區果品生產概況' 的網頁 Metadata。
2026-01-05 22:54:21,509 - SUCCESS - 成功提取 '臺灣地區果品生產概況' 的網頁 Metadata。
2026-01-05 22:54:23,075 - SUCCESS - 成功提取 '臺灣地區特用作物生產概況' 的網頁 Metadata。
2026-01-05 22:54:23,075 - SUCCESS - 成功提取 '臺灣地區特用作物生產概況' 的網頁 Metadata。
2026-01-05 22:54:24,725 - SUCCESS - 成功提取 '臺灣地區稻作種植、收穫面積及產量' 的網頁 Metadata。
2026-01-05 22:54:24,725 - SUCCESS - 成功提取 '臺灣地區稻作種植、收穫面積及產量' 的網頁 Metadata。
2026-01-05 22:54:26,454 - SUCCESS - 成功提取 '臺灣地區稻米生產價值' 的網頁 Metadata。
2026-01-05 22:54:26,454 - SUCCESS - 成功提取 '臺灣地區稻米生產價值' 的網頁 Metadata。
2026-01-05 22:54:28,661 - SUCCESS - 成功提取 '臺灣地區蔬菜生產概況' 的網頁 Metadata。
2026-01-05 22:54:28,661 - SUCCESS - 成功提取 '臺灣地區蔬菜生產概況' 的網頁 Metadata。
2026-01-05 22:54:30,336 - SUCCESS - 成功提取 '臺灣地區農產品生產量值' 的網頁 Metadata。
2026-01-05 22:54:30,336 - SUCCESS - 成功提取 '臺灣地區農產品生產量值' 的網頁 Metadata。
2026-01-05 22:54:32,080 - SUCCESS - 成功提取 '農情調查' 的網頁 Metadata。
2026-01-05 22:54:32,080 - SUCCESS - 成功提取 '農情調查' 的網頁 Metadata。
2026-01-05 22:54:32,125 - SUCCESS - '農情調查' 的 Metadata 已更新到 metadata.json。
2026-01-05 22:54:32,125 - SUCCESS - '農情調查' 的 Metadata 已更新到 metadata.json。
2026-01-05 22:54:37,770 - SUCCESS - <農情調查>的資料已下載完成，共 9999 筆資料。
2026-01-05 22:54:37,770 - SUCCESS - <農情調查>的資料已下載完成，共 9999 筆資料。
2026-01-05 22:54:38,874 - SUCCESS - 已下載、去重並合併資料完成現有資料 45259 條，新資料 0 條。
2026-01-05 22:54:38,874 - SUCCESS - 已下載、去重並合併資料完成現有資料 45259 條，新資料 0 條。
2026-01-05 22:54:39,185 - SUCCESS - 插入或更新 '農情調查' 的 Metadata 成功。
2026-01-05 22:54:39,185 - SUCCESS - 插入或更新 '農情調查' 的 Metadata 成功。
2026-01-05 22:54:39,199 - SUCCESS - '農情調查' 的自動更新完成。
2026-01-05 22:54:39,199 - SUCCESS - '農情調查' 的自動更新完成。
2026-01-05 22:54:40,943 - SUCCESS - 成功提取 '農產品交易行情' 的網頁 Metadata。
2026-01-05 22:54:40,943 - SUCCESS - 成功提取 '農產品交易行情' 的網頁 Metadata。
2026-01-05 22:54:40,987 - SUCCESS - '農產品交易行情' 的 Metadata 已更新到 metadata.json。
2026-01-05 22:54:40,987 - SUCCESS - '農產品交易行情' 的 Metadata 已更新到 metadata.json。
2026-01-05 22:55:24,459 - SUCCESS - <農產品交易行情>的資料已下載完成，共 9772 筆資料。
2026-01-05 22:55:24,459 - SUCCESS - <農產品交易行情>的資料已下載完成，共 9772 筆資料。
2026-01-05 22:55:52,566 - SUCCESS - 已下載、去重並合併資料完成現有資料 585065 條，新資料 1276 條。
2026-01-05 22:55:52,566 - SUCCESS - 已下載、去重並合併資料完成現有資料 585065 條，新資料 1276 條。
2026-01-05 22:55:55,364 - SUCCESS - 已下載 '農產品交易行情' 的原始 JSON 資料路徑: 'C:\Python\data_moa_gov_tw\raw_data\農產品交易行情\農產品交易行情.json'
2026-01-05 22:55:55,364 - SUCCESS - 已下載 '農產品交易行情' 的原始 JSON 資料路徑: 'C:\Python\data_moa_gov_tw\raw_data\農產品交易行情\農產品交易行情.json'
2026-01-05 22:55:55,370 - SUCCESS - 插入或更新 '農產品交易行情' 的 Metadata 成功。
2026-01-05 22:55:55,370 - SUCCESS - 插入或更新 '農產品交易行情' 的 Metadata 成功。
2026-01-05 22:55:55,916 - SUCCESS - 已成功批量插入 '農產品交易行情' 的總計 1276 條記錄到表格 '1040012' 。
2026-01-05 22:55:55,916 - SUCCESS - 已成功批量插入 '農產品交易行情' 的總計 1276 條記錄到表格 '1040012' 。
2026-01-05 22:55:56,143 - SUCCESS - '農產品交易行情' 的自動更新完成。
2026-01-05 22:55:56,143 - SUCCESS - '農產品交易行情' 的自動更新完成。
2026-01-05 22:55:58,423 - SUCCESS - 成功提取 '農產品產地價格(月平均價格)' 的網頁 Metadata。
2026-01-05 22:55:58,423 - SUCCESS - 成功提取 '農產品產地價格(月平均價格)' 的網頁 Metadata。
2026-01-05 22:55:59,857 - SUCCESS - 成功提取 '農產品產地價格資料' 的網頁 Metadata。
2026-01-05 22:55:59,857 - SUCCESS - 成功提取 '農產品產地價格資料' 的網頁 Metadata。
2026-01-05 22:56:01,296 - SUCCESS - 成功提取 '雜糧生產概況' 的網頁 Metadata。
2026-01-05 22:56:01,296 - SUCCESS - 成功提取 '雜糧生產概況' 的網頁 Metadata。
2026-01-05 22:56:02,309 - SUCCESS - 已成功儲存次要資訊。
2026-01-05 22:56:02,309 - SUCCESS - 已成功儲存次要資訊。
2026-01-05 22:56:02,309 - SUCCESS - 更新結果儲存成功:{'全國單日平均糧價': '已更新', '各觀測站近兩年降雨量': '未更新', '產銷履歷與有機蔬果行情': '已更新', '糧價查詢': '已更新', '臺灣地區果品生產概況': '未更新', '臺灣地區特用作物生產概況': '未更新', '臺灣地區稻作種植、收穫面積及產量': '未更新', '臺灣地區稻米生產價值': '未更新', '臺灣地區蔬菜生產概況': '未更新', '臺灣地區農產品生產量值': '未更新', '農情調查': '已更新', '農產品交易行情': '已更新', '農產品產地價格(月平均價格)': '未更新', '農產品產地價格資料': '未更新', '雜糧生產概況': '未更新'}
2026-01-05 22:56:02,309 - SUCCESS - 更新結果儲存成功:{'全國單日平均糧價': '已更新', '各觀測站近兩年降雨量': '未更新', '產銷履歷與有機蔬果行情': '已更新', '糧價查詢': '已更新', '臺灣地區果品生產概況': '未更新', '臺灣地區特用作物生產概況': '未更新', '臺灣地區稻作種植、收穫面積及產量': '未更新', '臺灣地區稻米生產價值': '未更新', '臺灣地區蔬菜生產概況': '未更新', '臺灣地區農產品生產量值': '未更新', '農情調查': '已更新', '農產品交易行情': '已更新', '農產品產地價格(月平均價格)': '未更新', '農產品產地價格資料': '未更新', '雜糧生產概況': '未更新'}
