2025-10-23 22:17:27,365 - SUCCESS - 成功提取 '全國單日平均糧價' 的網頁 Metadata。
2025-10-23 22:17:27,365 - SUCCESS - 成功提取 '全國單日平均糧價' 的網頁 Metadata。
2025-10-23 22:17:27,435 - SUCCESS - '全國單日平均糧價' 的 Metadata 已更新到 metadata.json。
2025-10-23 22:17:27,435 - SUCCESS - '全國單日平均糧價' 的 Metadata 已更新到 metadata.json。
2025-10-23 22:17:29,037 - SUCCESS - <全國單日平均糧價>的資料已下載完成，共 9082 筆資料。
2025-10-23 22:17:29,037 - SUCCESS - <全國單日平均糧價>的資料已下載完成，共 9082 筆資料。
2025-10-23 22:17:30,358 - SUCCESS - 已下載、去重並合併資料完成現有資料 9082 條，新資料 1 條。
2025-10-23 22:17:30,358 - SUCCESS - 已下載、去重並合併資料完成現有資料 9082 條，新資料 1 條。
2025-10-23 22:17:30,431 - SUCCESS - 已下載 '全國單日平均糧價' 的原始 JSON 資料路徑: 'C:\Python\data_moa_gov_tw\raw_data\全國單日平均糧價\全國單日平均糧價.json'
2025-10-23 22:17:30,431 - SUCCESS - 已下載 '全國單日平均糧價' 的原始 JSON 資料路徑: 'C:\Python\data_moa_gov_tw\raw_data\全國單日平均糧價\全國單日平均糧價.json'
2025-10-23 22:17:30,464 - SUCCESS - 插入或更新 '全國單日平均糧價' 的 Metadata 成功。
2025-10-23 22:17:30,464 - SUCCESS - 插入或更新 '全國單日平均糧價' 的 Metadata 成功。
2025-10-23 22:17:30,470 - SUCCESS - 已成功批量插入 '全國單日平均糧價' 的總計 1 條記錄到表格 '1040001' 。
2025-10-23 22:17:30,470 - SUCCESS - 已成功批量插入 '全國單日平均糧價' 的總計 1 條記錄到表格 '1040001' 。
2025-10-23 22:17:30,477 - SUCCESS - '全國單日平均糧價' 的自動更新完成。
2025-10-23 22:17:30,477 - SUCCESS - '全國單日平均糧價' 的自動更新完成。
2025-10-23 22:17:31,999 - SUCCESS - 成功提取 '各觀測站近兩年降雨量' 的網頁 Metadata。
2025-10-23 22:17:31,999 - SUCCESS - 成功提取 '各觀測站近兩年降雨量' 的網頁 Metadata。
2025-10-23 22:17:33,959 - SUCCESS - 成功提取 '產銷履歷與有機蔬果行情' 的網頁 Metadata。
2025-10-23 22:17:33,959 - SUCCESS - 成功提取 '產銷履歷與有機蔬果行情' 的網頁 Metadata。
2025-10-23 22:17:34,021 - SUCCESS - '產銷履歷與有機蔬果行情' 的 Metadata 已更新到 metadata.json。
2025-10-23 22:17:34,021 - SUCCESS - '產銷履歷與有機蔬果行情' 的 Metadata 已更新到 metadata.json。
2025-10-23 22:17:40,556 - SUCCESS - <產銷履歷與有機蔬果行情>的資料已下載完成，共 4300 筆資料。
2025-10-23 22:17:40,556 - SUCCESS - <產銷履歷與有機蔬果行情>的資料已下載完成，共 4300 筆資料。
2025-10-23 22:18:07,954 - SUCCESS - 已下載、去重並合併資料完成現有資料 179452 條，新資料 2125 條。
2025-10-23 22:18:07,954 - SUCCESS - 已下載、去重並合併資料完成現有資料 179452 條，新資料 2125 條。
2025-10-23 22:18:09,701 - SUCCESS - 已下載 '產銷履歷與有機蔬果行情' 的原始 JSON 資料路徑: 'C:\Python\data_moa_gov_tw\raw_data\產銷履歷與有機蔬果行情\產銷履歷與有機蔬果行情.json'
2025-10-23 22:18:09,701 - SUCCESS - 已下載 '產銷履歷與有機蔬果行情' 的原始 JSON 資料路徑: 'C:\Python\data_moa_gov_tw\raw_data\產銷履歷與有機蔬果行情\產銷履歷與有機蔬果行情.json'
2025-10-23 22:18:09,707 - SUCCESS - 插入或更新 '產銷履歷與有機蔬果行情' 的 Metadata 成功。
2025-10-23 22:18:09,707 - SUCCESS - 插入或更新 '產銷履歷與有機蔬果行情' 的 Metadata 成功。
2025-10-23 22:18:11,403 - SUCCESS - 已成功批量插入 '產銷履歷與有機蔬果行情' 的總計 2125 條記錄到表格 '1040003' 。
2025-10-23 22:18:11,403 - SUCCESS - 已成功批量插入 '產銷履歷與有機蔬果行情' 的總計 2125 條記錄到表格 '1040003' 。
2025-10-23 22:18:11,484 - SUCCESS - '產銷履歷與有機蔬果行情' 的自動更新完成。
2025-10-23 22:18:11,484 - SUCCESS - '產銷履歷與有機蔬果行情' 的自動更新完成。
2025-10-23 22:18:12,808 - SUCCESS - 成功提取 '糧價查詢' 的網頁 Metadata。
2025-10-23 22:18:12,808 - SUCCESS - 成功提取 '糧價查詢' 的網頁 Metadata。
2025-10-23 22:18:12,845 - SUCCESS - '糧價查詢' 的 Metadata 已更新到 metadata.json。
2025-10-23 22:18:12,845 - SUCCESS - '糧價查詢' 的 Metadata 已更新到 metadata.json。
2025-10-23 22:18:14,886 - SUCCESS - <糧價查詢>的資料已下載完成，共 9999 筆資料。
2025-10-23 22:18:14,886 - SUCCESS - <糧價查詢>的資料已下載完成，共 9999 筆資料。
2025-10-23 22:18:42,645 - SUCCESS - 已下載、去重並合併資料完成現有資料 240030 條，新資料 20 條。
2025-10-23 22:18:42,645 - SUCCESS - 已下載、去重並合併資料完成現有資料 240030 條，新資料 20 條。
2025-10-23 22:18:45,148 - SUCCESS - 已下載 '糧價查詢' 的原始 JSON 資料路徑: 'C:\Python\data_moa_gov_tw\raw_data\糧價查詢\糧價查詢.json'
2025-10-23 22:18:45,148 - SUCCESS - 已下載 '糧價查詢' 的原始 JSON 資料路徑: 'C:\Python\data_moa_gov_tw\raw_data\糧價查詢\糧價查詢.json'
2025-10-23 22:18:45,169 - SUCCESS - 插入或更新 '糧價查詢' 的 Metadata 成功。
2025-10-23 22:18:45,169 - SUCCESS - 插入或更新 '糧價查詢' 的 Metadata 成功。
2025-10-23 22:18:45,274 - SUCCESS - 已成功批量插入 '糧價查詢' 的總計 20 條記錄到表格 '1040004' 。
2025-10-23 22:18:45,274 - SUCCESS - 已成功批量插入 '糧價查詢' 的總計 20 條記錄到表格 '1040004' 。
2025-10-23 22:18:45,435 - SUCCESS - '糧價查詢' 的自動更新完成。
2025-10-23 22:18:45,435 - SUCCESS - '糧價查詢' 的自動更新完成。
2025-10-23 22:18:46,799 - SUCCESS - 成功提取 '臺灣地區果品生產概況' 的網頁 Metadata。
2025-10-23 22:18:46,799 - SUCCESS - 成功提取 '臺灣地區果品生產概況' 的網頁 Metadata。
2025-10-23 22:18:48,124 - SUCCESS - 成功提取 '臺灣地區特用作物生產概況' 的網頁 Metadata。
2025-10-23 22:18:48,124 - SUCCESS - 成功提取 '臺灣地區特用作物生產概況' 的網頁 Metadata。
2025-10-23 22:18:49,497 - SUCCESS - 成功提取 '臺灣地區稻作種植、收穫面積及產量' 的網頁 Metadata。
2025-10-23 22:18:49,497 - SUCCESS - 成功提取 '臺灣地區稻作種植、收穫面積及產量' 的網頁 Metadata。
2025-10-23 22:18:50,859 - SUCCESS - 成功提取 '臺灣地區稻米生產價值' 的網頁 Metadata。
2025-10-23 22:18:50,859 - SUCCESS - 成功提取 '臺灣地區稻米生產價值' 的網頁 Metadata。
2025-10-23 22:18:52,590 - SUCCESS - 成功提取 '臺灣地區蔬菜生產概況' 的網頁 Metadata。
2025-10-23 22:18:52,590 - SUCCESS - 成功提取 '臺灣地區蔬菜生產概況' 的網頁 Metadata。
2025-10-23 22:18:53,939 - SUCCESS - 成功提取 '臺灣地區農產品生產量值' 的網頁 Metadata。
2025-10-23 22:18:53,939 - SUCCESS - 成功提取 '臺灣地區農產品生產量值' 的網頁 Metadata。
2025-10-23 22:18:55,483 - SUCCESS - 成功提取 '農情調查' 的網頁 Metadata。
2025-10-23 22:18:55,483 - SUCCESS - 成功提取 '農情調查' 的網頁 Metadata。
2025-10-23 22:18:55,542 - SUCCESS - '農情調查' 的 Metadata 已更新到 metadata.json。
2025-10-23 22:18:55,542 - SUCCESS - '農情調查' 的 Metadata 已更新到 metadata.json。
2025-10-23 22:18:58,251 - SUCCESS - <農情調查>的資料已下載完成，共 9999 筆資料。
2025-10-23 22:18:58,251 - SUCCESS - <農情調查>的資料已下載完成，共 9999 筆資料。
2025-10-23 22:18:59,494 - SUCCESS - 已下載、去重並合併資料完成現有資料 45259 條，新資料 0 條。
2025-10-23 22:18:59,494 - SUCCESS - 已下載、去重並合併資料完成現有資料 45259 條，新資料 0 條。
2025-10-23 22:18:59,844 - SUCCESS - 插入或更新 '農情調查' 的 Metadata 成功。
2025-10-23 22:18:59,844 - SUCCESS - 插入或更新 '農情調查' 的 Metadata 成功。
2025-10-23 22:18:59,861 - SUCCESS - '農情調查' 的自動更新完成。
2025-10-23 22:18:59,861 - SUCCESS - '農情調查' 的自動更新完成。
2025-10-23 22:19:01,575 - SUCCESS - 成功提取 '農產品交易行情' 的網頁 Metadata。
2025-10-23 22:19:01,575 - SUCCESS - 成功提取 '農產品交易行情' 的網頁 Metadata。
2025-10-23 22:19:01,612 - SUCCESS - '農產品交易行情' 的 Metadata 已更新到 metadata.json。
2025-10-23 22:19:01,612 - SUCCESS - '農產品交易行情' 的 Metadata 已更新到 metadata.json。
2025-10-23 22:19:12,112 - SUCCESS - <農產品交易行情>的資料已下載完成，共 11206 筆資料。
2025-10-23 22:19:12,112 - SUCCESS - <農產品交易行情>的資料已下載完成，共 11206 筆資料。
2025-10-23 22:19:32,718 - SUCCESS - 已下載、去重並合併資料完成現有資料 370151 條，新資料 3409 條。
2025-10-23 22:19:32,718 - SUCCESS - 已下載、去重並合併資料完成現有資料 370151 條，新資料 3409 條。
2025-10-23 22:19:35,052 - SUCCESS - 已下載 '農產品交易行情' 的原始 JSON 資料路徑: 'C:\Python\data_moa_gov_tw\raw_data\農產品交易行情\農產品交易行情.json'
2025-10-23 22:19:35,052 - SUCCESS - 已下載 '農產品交易行情' 的原始 JSON 資料路徑: 'C:\Python\data_moa_gov_tw\raw_data\農產品交易行情\農產品交易行情.json'
2025-10-23 22:19:35,135 - SUCCESS - 插入或更新 '農產品交易行情' 的 Metadata 成功。
2025-10-23 22:19:35,135 - SUCCESS - 插入或更新 '農產品交易行情' 的 Metadata 成功。
2025-10-23 22:19:44,570 - SUCCESS - 已成功批量插入 '農產品交易行情' 的總計 3409 條記錄到表格 '1040012' 。
2025-10-23 22:19:44,570 - SUCCESS - 已成功批量插入 '農產品交易行情' 的總計 3409 條記錄到表格 '1040012' 。
2025-10-23 22:19:44,790 - SUCCESS - '農產品交易行情' 的自動更新完成。
2025-10-23 22:19:44,790 - SUCCESS - '農產品交易行情' 的自動更新完成。
2025-10-23 22:19:46,144 - SUCCESS - 成功提取 '農產品產地價格(月平均價格)' 的網頁 Metadata。
2025-10-23 22:19:46,144 - SUCCESS - 成功提取 '農產品產地價格(月平均價格)' 的網頁 Metadata。
2025-10-23 22:19:47,542 - SUCCESS - 成功提取 '農產品產地價格資料' 的網頁 Metadata。
2025-10-23 22:19:47,542 - SUCCESS - 成功提取 '農產品產地價格資料' 的網頁 Metadata。
2025-10-23 22:19:47,583 - SUCCESS - '農產品產地價格資料' 的 Metadata 已更新到 metadata.json。
2025-10-23 22:19:47,583 - SUCCESS - '農產品產地價格資料' 的 Metadata 已更新到 metadata.json。
2025-10-23 22:19:48,395 - SUCCESS - <農產品產地價格資料>的資料已下載完成，共 9999 筆資料。
2025-10-23 22:19:48,395 - SUCCESS - <農產品產地價格資料>的資料已下載完成，共 9999 筆資料。
2025-10-23 22:20:39,433 - SUCCESS - 已下載、去重並合併資料完成現有資料 343892 條，新資料 5 條。
2025-10-23 22:20:39,433 - SUCCESS - 已下載、去重並合併資料完成現有資料 343892 條，新資料 5 條。
2025-10-23 22:20:41,738 - SUCCESS - 已下載 '農產品產地價格資料' 的原始 JSON 資料路徑: 'C:\Python\data_moa_gov_tw\raw_data\農產品產地價格資料\農產品產地價格資料.json'
2025-10-23 22:20:41,738 - SUCCESS - 已下載 '農產品產地價格資料' 的原始 JSON 資料路徑: 'C:\Python\data_moa_gov_tw\raw_data\農產品產地價格資料\農產品產地價格資料.json'
2025-10-23 22:20:41,743 - SUCCESS - 插入或更新 '農產品產地價格資料' 的 Metadata 成功。
2025-10-23 22:20:41,743 - SUCCESS - 插入或更新 '農產品產地價格資料' 的 Metadata 成功。
2025-10-23 22:20:41,754 - SUCCESS - 已成功批量插入 '農產品產地價格資料' 的總計 5 條記錄到表格 '1040014' 。
2025-10-23 22:20:41,754 - SUCCESS - 已成功批量插入 '農產品產地價格資料' 的總計 5 條記錄到表格 '1040014' 。
2025-10-23 22:20:41,850 - SUCCESS - '農產品產地價格資料' 的自動更新完成。
2025-10-23 22:20:41,850 - SUCCESS - '農產品產地價格資料' 的自動更新完成。
2025-10-23 22:20:43,343 - SUCCESS - 成功提取 '雜糧生產概況' 的網頁 Metadata。
2025-10-23 22:20:43,343 - SUCCESS - 成功提取 '雜糧生產概況' 的網頁 Metadata。
2025-10-23 22:20:44,345 - SUCCESS - 已成功儲存次要資訊。
2025-10-23 22:20:44,345 - SUCCESS - 已成功儲存次要資訊。
2025-10-23 22:20:44,346 - SUCCESS - 更新結果儲存成功:{'全國單日平均糧價': '已更新', '各觀測站近兩年降雨量': '未更新', '產銷履歷與有機蔬果行情': '已更新', '糧價查詢': '已更新', '臺灣地區果品生產概況': '未更新', '臺灣地區特用作物生產概況': '未更新', '臺灣地區稻作種植、收穫面積及產量': '未更新', '臺灣地區稻米生產價值': '未更新', '臺灣地區蔬菜生產概況': '未更新', '臺灣地區農產品生產量值': '未更新', '農情調查': '已更新', '農產品交易行情': '已更新', '農產品產地價格(月平均價格)': '未更新', '農產品產地價格資料': '已更新', '雜糧生產概況': '未更新'}
2025-10-23 22:20:44,346 - SUCCESS - 更新結果儲存成功:{'全國單日平均糧價': '已更新', '各觀測站近兩年降雨量': '未更新', '產銷履歷與有機蔬果行情': '已更新', '糧價查詢': '已更新', '臺灣地區果品生產概況': '未更新', '臺灣地區特用作物生產概況': '未更新', '臺灣地區稻作種植、收穫面積及產量': '未更新', '臺灣地區稻米生產價值': '未更新', '臺灣地區蔬菜生產概況': '未更新', '臺灣地區農產品生產量值': '未更新', '農情調查': '已更新', '農產品交易行情': '已更新', '農產品產地價格(月平均價格)': '未更新', '農產品產地價格資料': '已更新', '雜糧生產概況': '未更新'}
