2025-11-30 02:04:46,894 - SUCCESS - 成功提取 '全國單日平均糧價' 的網頁 Metadata。
2025-11-30 02:04:46,894 - SUCCESS - 成功提取 '全國單日平均糧價' 的網頁 Metadata。
2025-11-30 02:04:46,978 - SUCCESS - '全國單日平均糧價' 的 Metadata 已更新到 metadata.json。
2025-11-30 02:04:46,978 - SUCCESS - '全國單日平均糧價' 的 Metadata 已更新到 metadata.json。
2025-11-30 02:04:49,285 - SUCCESS - <全國單日平均糧價>的資料已下載完成，共 9118 筆資料。
2025-11-30 02:04:49,285 - SUCCESS - <全國單日平均糧價>的資料已下載完成，共 9118 筆資料。
2025-11-30 02:04:50,155 - SUCCESS - 已下載、去重並合併資料完成現有資料 9118 條，新資料 1 條。
2025-11-30 02:04:50,155 - SUCCESS - 已下載、去重並合併資料完成現有資料 9118 條，新資料 1 條。
2025-11-30 02:04:50,209 - SUCCESS - 已下載 '全國單日平均糧價' 的原始 JSON 資料路徑: 'C:\Python\data_moa_gov_tw\raw_data\全國單日平均糧價\全國單日平均糧價.json'
2025-11-30 02:04:50,209 - SUCCESS - 已下載 '全國單日平均糧價' 的原始 JSON 資料路徑: 'C:\Python\data_moa_gov_tw\raw_data\全國單日平均糧價\全國單日平均糧價.json'
2025-11-30 02:04:50,280 - SUCCESS - 插入或更新 '全國單日平均糧價' 的 Metadata 成功。
2025-11-30 02:04:50,280 - SUCCESS - 插入或更新 '全國單日平均糧價' 的 Metadata 成功。
2025-11-30 02:04:50,302 - SUCCESS - 已成功批量插入 '全國單日平均糧價' 的總計 1 條記錄到表格 '1040001' 。
2025-11-30 02:04:50,302 - SUCCESS - 已成功批量插入 '全國單日平均糧價' 的總計 1 條記錄到表格 '1040001' 。
2025-11-30 02:04:50,310 - SUCCESS - '全國單日平均糧價' 的自動更新完成。
2025-11-30 02:04:50,310 - SUCCESS - '全國單日平均糧價' 的自動更新完成。
2025-11-30 02:04:51,571 - SUCCESS - 成功提取 '各觀測站近兩年降雨量' 的網頁 Metadata。
2025-11-30 02:04:51,571 - SUCCESS - 成功提取 '各觀測站近兩年降雨量' 的網頁 Metadata。
2025-11-30 02:04:52,852 - SUCCESS - 成功提取 '產銷履歷與有機蔬果行情' 的網頁 Metadata。
2025-11-30 02:04:52,852 - SUCCESS - 成功提取 '產銷履歷與有機蔬果行情' 的網頁 Metadata。
2025-11-30 02:04:52,885 - SUCCESS - '產銷履歷與有機蔬果行情' 的 Metadata 已更新到 metadata.json。
2025-11-30 02:04:52,885 - SUCCESS - '產銷履歷與有機蔬果行情' 的 Metadata 已更新到 metadata.json。
2025-11-30 02:04:56,374 - SUCCESS - <產銷履歷與有機蔬果行情>的資料已下載完成，共 4554 筆資料。
2025-11-30 02:04:56,374 - SUCCESS - <產銷履歷與有機蔬果行情>的資料已下載完成，共 4554 筆資料。
2025-11-30 02:05:14,686 - SUCCESS - 已下載、去重並合併資料完成現有資料 247680 條，新資料 4554 條。
2025-11-30 02:05:14,686 - SUCCESS - 已下載、去重並合併資料完成現有資料 247680 條，新資料 4554 條。
2025-11-30 02:05:15,968 - SUCCESS - 已下載 '產銷履歷與有機蔬果行情' 的原始 JSON 資料路徑: 'C:\Python\data_moa_gov_tw\raw_data\產銷履歷與有機蔬果行情\產銷履歷與有機蔬果行情.json'
2025-11-30 02:05:15,968 - SUCCESS - 已下載 '產銷履歷與有機蔬果行情' 的原始 JSON 資料路徑: 'C:\Python\data_moa_gov_tw\raw_data\產銷履歷與有機蔬果行情\產銷履歷與有機蔬果行情.json'
2025-11-30 02:05:15,968 - SUCCESS - 插入或更新 '產銷履歷與有機蔬果行情' 的 Metadata 成功。
2025-11-30 02:05:15,968 - SUCCESS - 插入或更新 '產銷履歷與有機蔬果行情' 的 Metadata 成功。
2025-11-30 02:05:17,650 - SUCCESS - 已成功批量插入 '產銷履歷與有機蔬果行情' 的總計 4554 條記錄到表格 '1040003' 。
2025-11-30 02:05:17,650 - SUCCESS - 已成功批量插入 '產銷履歷與有機蔬果行情' 的總計 4554 條記錄到表格 '1040003' 。
2025-11-30 02:05:17,717 - SUCCESS - '產銷履歷與有機蔬果行情' 的自動更新完成。
2025-11-30 02:05:17,717 - SUCCESS - '產銷履歷與有機蔬果行情' 的自動更新完成。
2025-11-30 02:05:18,896 - SUCCESS - 成功提取 '糧價查詢' 的網頁 Metadata。
2025-11-30 02:05:18,896 - SUCCESS - 成功提取 '糧價查詢' 的網頁 Metadata。
2025-11-30 02:05:18,937 - SUCCESS - '糧價查詢' 的 Metadata 已更新到 metadata.json。
2025-11-30 02:05:18,937 - SUCCESS - '糧價查詢' 的 Metadata 已更新到 metadata.json。
2025-11-30 02:05:20,416 - SUCCESS - <糧價查詢>的資料已下載完成，共 9999 筆資料。
2025-11-30 02:05:20,416 - SUCCESS - <糧價查詢>的資料已下載完成，共 9999 筆資料。
2025-11-30 02:05:34,579 - SUCCESS - 已下載、去重並合併資料完成現有資料 240963 條，新資料 40 條。
2025-11-30 02:05:34,579 - SUCCESS - 已下載、去重並合併資料完成現有資料 240963 條，新資料 40 條。
2025-11-30 02:05:35,635 - SUCCESS - 已下載 '糧價查詢' 的原始 JSON 資料路徑: 'C:\Python\data_moa_gov_tw\raw_data\糧價查詢\糧價查詢.json'
2025-11-30 02:05:35,635 - SUCCESS - 已下載 '糧價查詢' 的原始 JSON 資料路徑: 'C:\Python\data_moa_gov_tw\raw_data\糧價查詢\糧價查詢.json'
2025-11-30 02:05:35,635 - SUCCESS - 插入或更新 '糧價查詢' 的 Metadata 成功。
2025-11-30 02:05:35,635 - SUCCESS - 插入或更新 '糧價查詢' 的 Metadata 成功。
2025-11-30 02:05:35,663 - SUCCESS - 已成功批量插入 '糧價查詢' 的總計 40 條記錄到表格 '1040004' 。
2025-11-30 02:05:35,663 - SUCCESS - 已成功批量插入 '糧價查詢' 的總計 40 條記錄到表格 '1040004' 。
2025-11-30 02:05:35,764 - SUCCESS - '糧價查詢' 的自動更新完成。
2025-11-30 02:05:35,764 - SUCCESS - '糧價查詢' 的自動更新完成。
2025-11-30 02:05:37,041 - SUCCESS - 成功提取 '臺灣地區果品生產概況' 的網頁 Metadata。
2025-11-30 02:05:37,041 - SUCCESS - 成功提取 '臺灣地區果品生產概況' 的網頁 Metadata。
2025-11-30 02:05:38,276 - SUCCESS - 成功提取 '臺灣地區特用作物生產概況' 的網頁 Metadata。
2025-11-30 02:05:38,276 - SUCCESS - 成功提取 '臺灣地區特用作物生產概況' 的網頁 Metadata。
2025-11-30 02:05:39,583 - SUCCESS - 成功提取 '臺灣地區稻作種植、收穫面積及產量' 的網頁 Metadata。
2025-11-30 02:05:39,583 - SUCCESS - 成功提取 '臺灣地區稻作種植、收穫面積及產量' 的網頁 Metadata。
2025-11-30 02:05:40,811 - SUCCESS - 成功提取 '臺灣地區稻米生產價值' 的網頁 Metadata。
2025-11-30 02:05:40,811 - SUCCESS - 成功提取 '臺灣地區稻米生產價值' 的網頁 Metadata。
2025-11-30 02:05:41,983 - SUCCESS - 成功提取 '臺灣地區蔬菜生產概況' 的網頁 Metadata。
2025-11-30 02:05:41,983 - SUCCESS - 成功提取 '臺灣地區蔬菜生產概況' 的網頁 Metadata。
2025-11-30 02:05:43,182 - SUCCESS - 成功提取 '臺灣地區農產品生產量值' 的網頁 Metadata。
2025-11-30 02:05:43,182 - SUCCESS - 成功提取 '臺灣地區農產品生產量值' 的網頁 Metadata。
2025-11-30 02:05:44,386 - SUCCESS - 成功提取 '農情調查' 的網頁 Metadata。
2025-11-30 02:05:44,386 - SUCCESS - 成功提取 '農情調查' 的網頁 Metadata。
2025-11-30 02:05:44,420 - SUCCESS - '農情調查' 的 Metadata 已更新到 metadata.json。
2025-11-30 02:05:44,420 - SUCCESS - '農情調查' 的 Metadata 已更新到 metadata.json。
2025-11-30 02:05:45,858 - SUCCESS - <農情調查>的資料已下載完成，共 9999 筆資料。
2025-11-30 02:05:45,858 - SUCCESS - <農情調查>的資料已下載完成，共 9999 筆資料。
2025-11-30 02:05:47,106 - SUCCESS - 已下載、去重並合併資料完成現有資料 45259 條，新資料 0 條。
2025-11-30 02:05:47,106 - SUCCESS - 已下載、去重並合併資料完成現有資料 45259 條，新資料 0 條。
2025-11-30 02:05:47,492 - SUCCESS - 插入或更新 '農情調查' 的 Metadata 成功。
2025-11-30 02:05:47,492 - SUCCESS - 插入或更新 '農情調查' 的 Metadata 成功。
2025-11-30 02:05:47,502 - SUCCESS - '農情調查' 的自動更新完成。
2025-11-30 02:05:47,502 - SUCCESS - '農情調查' 的自動更新完成。
2025-11-30 02:05:48,702 - SUCCESS - 成功提取 '農產品交易行情' 的網頁 Metadata。
2025-11-30 02:05:48,702 - SUCCESS - 成功提取 '農產品交易行情' 的網頁 Metadata。
2025-11-30 02:05:48,735 - SUCCESS - '農產品交易行情' 的 Metadata 已更新到 metadata.json。
2025-11-30 02:05:48,735 - SUCCESS - '農產品交易行情' 的 Metadata 已更新到 metadata.json。
2025-11-30 02:05:56,262 - SUCCESS - <農產品交易行情>的資料已下載完成，共 9491 筆資料。
2025-11-30 02:05:56,262 - SUCCESS - <農產品交易行情>的資料已下載完成，共 9491 筆資料。
2025-11-30 02:06:18,638 - SUCCESS - 已下載、去重並合併資料完成現有資料 476383 條，新資料 6186 條。
2025-11-30 02:06:18,638 - SUCCESS - 已下載、去重並合併資料完成現有資料 476383 條，新資料 6186 條。
2025-11-30 02:06:21,095 - SUCCESS - 已下載 '農產品交易行情' 的原始 JSON 資料路徑: 'C:\Python\data_moa_gov_tw\raw_data\農產品交易行情\農產品交易行情.json'
2025-11-30 02:06:21,095 - SUCCESS - 已下載 '農產品交易行情' 的原始 JSON 資料路徑: 'C:\Python\data_moa_gov_tw\raw_data\農產品交易行情\農產品交易行情.json'
2025-11-30 02:06:21,102 - SUCCESS - 插入或更新 '農產品交易行情' 的 Metadata 成功。
2025-11-30 02:06:21,102 - SUCCESS - 插入或更新 '農產品交易行情' 的 Metadata 成功。
2025-11-30 02:06:23,486 - SUCCESS - 已成功批量插入 '農產品交易行情' 的總計 6185 條記錄到表格 '1040012' 。
2025-11-30 02:06:23,486 - SUCCESS - 已成功批量插入 '農產品交易行情' 的總計 6185 條記錄到表格 '1040012' 。
2025-11-30 02:06:23,673 - SUCCESS - '農產品交易行情' 的自動更新完成。
2025-11-30 02:06:23,673 - SUCCESS - '農產品交易行情' 的自動更新完成。
2025-11-30 02:06:24,831 - SUCCESS - 成功提取 '農產品產地價格(月平均價格)' 的網頁 Metadata。
2025-11-30 02:06:24,831 - SUCCESS - 成功提取 '農產品產地價格(月平均價格)' 的網頁 Metadata。
2025-11-30 02:06:25,974 - SUCCESS - 成功提取 '農產品產地價格資料' 的網頁 Metadata。
2025-11-30 02:06:25,974 - SUCCESS - 成功提取 '農產品產地價格資料' 的網頁 Metadata。
2025-11-30 02:06:26,009 - SUCCESS - '農產品產地價格資料' 的 Metadata 已更新到 metadata.json。
2025-11-30 02:06:26,009 - SUCCESS - '農產品產地價格資料' 的 Metadata 已更新到 metadata.json。
2025-11-30 02:06:26,531 - SUCCESS - <農產品產地價格資料>的資料已下載完成，共 9999 筆資料。
2025-11-30 02:06:26,531 - SUCCESS - <農產品產地價格資料>的資料已下載完成，共 9999 筆資料。
2025-11-30 02:07:10,536 - SUCCESS - 已下載、去重並合併資料完成現有資料 345899 條，新資料 10 條。
2025-11-30 02:07:10,536 - SUCCESS - 已下載、去重並合併資料完成現有資料 345899 條，新資料 10 條。
2025-11-30 02:07:12,394 - SUCCESS - 已下載 '農產品產地價格資料' 的原始 JSON 資料路徑: 'C:\Python\data_moa_gov_tw\raw_data\農產品產地價格資料\農產品產地價格資料.json'
2025-11-30 02:07:12,394 - SUCCESS - 已下載 '農產品產地價格資料' 的原始 JSON 資料路徑: 'C:\Python\data_moa_gov_tw\raw_data\農產品產地價格資料\農產品產地價格資料.json'
2025-11-30 02:07:12,397 - SUCCESS - 插入或更新 '農產品產地價格資料' 的 Metadata 成功。
2025-11-30 02:07:12,397 - SUCCESS - 插入或更新 '農產品產地價格資料' 的 Metadata 成功。
2025-11-30 02:07:12,407 - SUCCESS - 已成功批量插入 '農產品產地價格資料' 的總計 10 條記錄到表格 '1040014' 。
2025-11-30 02:07:12,407 - SUCCESS - 已成功批量插入 '農產品產地價格資料' 的總計 10 條記錄到表格 '1040014' 。
2025-11-30 02:07:12,487 - SUCCESS - '農產品產地價格資料' 的自動更新完成。
2025-11-30 02:07:12,487 - SUCCESS - '農產品產地價格資料' 的自動更新完成。
2025-11-30 02:07:13,834 - SUCCESS - 成功提取 '雜糧生產概況' 的網頁 Metadata。
2025-11-30 02:07:13,834 - SUCCESS - 成功提取 '雜糧生產概況' 的網頁 Metadata。
2025-11-30 02:07:14,847 - SUCCESS - 已成功儲存次要資訊。
2025-11-30 02:07:14,847 - SUCCESS - 已成功儲存次要資訊。
2025-11-30 02:07:14,847 - SUCCESS - 更新結果儲存成功:{'全國單日平均糧價': '已更新', '各觀測站近兩年降雨量': '未更新', '產銷履歷與有機蔬果行情': '已更新', '糧價查詢': '已更新', '臺灣地區果品生產概況': '未更新', '臺灣地區特用作物生產概況': '未更新', '臺灣地區稻作種植、收穫面積及產量': '未更新', '臺灣地區稻米生產價值': '未更新', '臺灣地區蔬菜生產概況': '未更新', '臺灣地區農產品生產量值': '未更新', '農情調查': '已更新', '農產品交易行情': '已更新', '農產品產地價格(月平均價格)': '未更新', '農產品產地價格資料': '已更新', '雜糧生產概況': '未更新'}
2025-11-30 02:07:14,847 - SUCCESS - 更新結果儲存成功:{'全國單日平均糧價': '已更新', '各觀測站近兩年降雨量': '未更新', '產銷履歷與有機蔬果行情': '已更新', '糧價查詢': '已更新', '臺灣地區果品生產概況': '未更新', '臺灣地區特用作物生產概況': '未更新', '臺灣地區稻作種植、收穫面積及產量': '未更新', '臺灣地區稻米生產價值': '未更新', '臺灣地區蔬菜生產概況': '未更新', '臺灣地區農產品生產量值': '未更新', '農情調查': '已更新', '農產品交易行情': '已更新', '農產品產地價格(月平均價格)': '未更新', '農產品產地價格資料': '已更新', '雜糧生產概況': '未更新'}
