2025-12-22 03:39:36,798 - SUCCESS - 成功提取 '全國單日平均糧價' 的網頁 Metadata。
2025-12-22 03:39:36,798 - SUCCESS - 成功提取 '全國單日平均糧價' 的網頁 Metadata。
2025-12-22 03:39:36,834 - SUCCESS - '全國單日平均糧價' 的 Metadata 已更新到 metadata.json。
2025-12-22 03:39:36,834 - SUCCESS - '全國單日平均糧價' 的 Metadata 已更新到 metadata.json。
2025-12-22 03:39:37,986 - SUCCESS - <全國單日平均糧價>的資料已下載完成，共 9140 筆資料。
2025-12-22 03:39:37,986 - SUCCESS - <全國單日平均糧價>的資料已下載完成，共 9140 筆資料。
2025-12-22 03:39:38,692 - SUCCESS - 已下載、去重並合併資料完成現有資料 9140 條，新資料 1 條。
2025-12-22 03:39:38,692 - SUCCESS - 已下載、去重並合併資料完成現有資料 9140 條，新資料 1 條。
2025-12-22 03:39:38,734 - SUCCESS - 已下載 '全國單日平均糧價' 的原始 JSON 資料路徑: 'C:\Python\data_moa_gov_tw\raw_data\全國單日平均糧價\全國單日平均糧價.json'
2025-12-22 03:39:38,734 - SUCCESS - 已下載 '全國單日平均糧價' 的原始 JSON 資料路徑: 'C:\Python\data_moa_gov_tw\raw_data\全國單日平均糧價\全國單日平均糧價.json'
2025-12-22 03:39:38,767 - SUCCESS - 插入或更新 '全國單日平均糧價' 的 Metadata 成功。
2025-12-22 03:39:38,767 - SUCCESS - 插入或更新 '全國單日平均糧價' 的 Metadata 成功。
2025-12-22 03:39:38,767 - SUCCESS - 已成功批量插入 '全國單日平均糧價' 的總計 1 條記錄到表格 '1040001' 。
2025-12-22 03:39:38,767 - SUCCESS - 已成功批量插入 '全國單日平均糧價' 的總計 1 條記錄到表格 '1040001' 。
2025-12-22 03:39:38,782 - SUCCESS - '全國單日平均糧價' 的自動更新完成。
2025-12-22 03:39:38,782 - SUCCESS - '全國單日平均糧價' 的自動更新完成。
2025-12-22 03:39:40,108 - SUCCESS - 成功提取 '各觀測站近兩年降雨量' 的網頁 Metadata。
2025-12-22 03:39:40,108 - SUCCESS - 成功提取 '各觀測站近兩年降雨量' 的網頁 Metadata。
2025-12-22 03:39:41,491 - SUCCESS - 成功提取 '產銷履歷與有機蔬果行情' 的網頁 Metadata。
2025-12-22 03:39:41,491 - SUCCESS - 成功提取 '產銷履歷與有機蔬果行情' 的網頁 Metadata。
2025-12-22 03:39:41,534 - SUCCESS - '產銷履歷與有機蔬果行情' 的 Metadata 已更新到 metadata.json。
2025-12-22 03:39:41,534 - SUCCESS - '產銷履歷與有機蔬果行情' 的 Metadata 已更新到 metadata.json。
2025-12-22 03:39:48,967 - SUCCESS - <產銷履歷與有機蔬果行情>的資料已下載完成，共 4527 筆資料。
2025-12-22 03:39:48,967 - SUCCESS - <產銷履歷與有機蔬果行情>的資料已下載完成，共 4527 筆資料。
2025-12-22 03:40:08,527 - SUCCESS - 已下載、去重並合併資料完成現有資料 289603 條，新資料 2160 條。
2025-12-22 03:40:08,527 - SUCCESS - 已下載、去重並合併資料完成現有資料 289603 條，新資料 2160 條。
2025-12-22 03:40:09,851 - SUCCESS - 已下載 '產銷履歷與有機蔬果行情' 的原始 JSON 資料路徑: 'C:\Python\data_moa_gov_tw\raw_data\產銷履歷與有機蔬果行情\產銷履歷與有機蔬果行情.json'
2025-12-22 03:40:09,851 - SUCCESS - 已下載 '產銷履歷與有機蔬果行情' 的原始 JSON 資料路徑: 'C:\Python\data_moa_gov_tw\raw_data\產銷履歷與有機蔬果行情\產銷履歷與有機蔬果行情.json'
2025-12-22 03:40:09,851 - SUCCESS - 插入或更新 '產銷履歷與有機蔬果行情' 的 Metadata 成功。
2025-12-22 03:40:09,851 - SUCCESS - 插入或更新 '產銷履歷與有機蔬果行情' 的 Metadata 成功。
2025-12-22 03:40:10,689 - SUCCESS - 已成功批量插入 '產銷履歷與有機蔬果行情' 的總計 2160 條記錄到表格 '1040003' 。
2025-12-22 03:40:10,689 - SUCCESS - 已成功批量插入 '產銷履歷與有機蔬果行情' 的總計 2160 條記錄到表格 '1040003' 。
2025-12-22 03:40:10,765 - SUCCESS - '產銷履歷與有機蔬果行情' 的自動更新完成。
2025-12-22 03:40:10,765 - SUCCESS - '產銷履歷與有機蔬果行情' 的自動更新完成。
2025-12-22 03:40:12,806 - SUCCESS - 成功提取 '糧價查詢' 的網頁 Metadata。
2025-12-22 03:40:12,806 - SUCCESS - 成功提取 '糧價查詢' 的網頁 Metadata。
2025-12-22 03:40:12,845 - SUCCESS - '糧價查詢' 的 Metadata 已更新到 metadata.json。
2025-12-22 03:40:12,845 - SUCCESS - '糧價查詢' 的 Metadata 已更新到 metadata.json。
2025-12-22 03:40:14,243 - SUCCESS - <糧價查詢>的資料已下載完成，共 9999 筆資料。
2025-12-22 03:40:14,243 - SUCCESS - <糧價查詢>的資料已下載完成，共 9999 筆資料。
2025-12-22 03:40:14,975 - SUCCESS - 已下載、去重並合併資料完成現有資料 10374 條，新資料 40 條。
2025-12-22 03:40:14,975 - SUCCESS - 已下載、去重並合併資料完成現有資料 10374 條，新資料 40 條。
2025-12-22 03:40:15,697 - SUCCESS - 已下載 '糧價查詢' 的原始 JSON 資料路徑: 'C:\Python\data_moa_gov_tw\raw_data\糧價查詢\糧價查詢.json'
2025-12-22 03:40:15,697 - SUCCESS - 已下載 '糧價查詢' 的原始 JSON 資料路徑: 'C:\Python\data_moa_gov_tw\raw_data\糧價查詢\糧價查詢.json'
2025-12-22 03:40:15,697 - SUCCESS - 插入或更新 '糧價查詢' 的 Metadata 成功。
2025-12-22 03:40:15,697 - SUCCESS - 插入或更新 '糧價查詢' 的 Metadata 成功。
2025-12-22 03:40:15,728 - SUCCESS - 已成功批量插入 '糧價查詢' 的總計 40 條記錄到表格 '1040004' 。
2025-12-22 03:40:15,728 - SUCCESS - 已成功批量插入 '糧價查詢' 的總計 40 條記錄到表格 '1040004' 。
2025-12-22 03:40:15,742 - SUCCESS - '糧價查詢' 的自動更新完成。
2025-12-22 03:40:15,742 - SUCCESS - '糧價查詢' 的自動更新完成。
2025-12-22 03:40:17,847 - SUCCESS - 成功提取 '臺灣地區果品生產概況' 的網頁 Metadata。
2025-12-22 03:40:17,847 - SUCCESS - 成功提取 '臺灣地區果品生產概況' 的網頁 Metadata。
2025-12-22 03:40:20,106 - SUCCESS - 成功提取 '臺灣地區特用作物生產概況' 的網頁 Metadata。
2025-12-22 03:40:20,106 - SUCCESS - 成功提取 '臺灣地區特用作物生產概況' 的網頁 Metadata。
2025-12-22 03:40:21,404 - SUCCESS - 成功提取 '臺灣地區稻作種植、收穫面積及產量' 的網頁 Metadata。
2025-12-22 03:40:21,404 - SUCCESS - 成功提取 '臺灣地區稻作種植、收穫面積及產量' 的網頁 Metadata。
2025-12-22 03:40:22,826 - SUCCESS - 成功提取 '臺灣地區稻米生產價值' 的網頁 Metadata。
2025-12-22 03:40:22,826 - SUCCESS - 成功提取 '臺灣地區稻米生產價值' 的網頁 Metadata。
2025-12-22 03:40:25,341 - SUCCESS - 成功提取 '臺灣地區蔬菜生產概況' 的網頁 Metadata。
2025-12-22 03:40:25,341 - SUCCESS - 成功提取 '臺灣地區蔬菜生產概況' 的網頁 Metadata。
2025-12-22 03:40:26,687 - SUCCESS - 成功提取 '臺灣地區農產品生產量值' 的網頁 Metadata。
2025-12-22 03:40:26,687 - SUCCESS - 成功提取 '臺灣地區農產品生產量值' 的網頁 Metadata。
2025-12-22 03:40:28,182 - SUCCESS - 成功提取 '農情調查' 的網頁 Metadata。
2025-12-22 03:40:28,182 - SUCCESS - 成功提取 '農情調查' 的網頁 Metadata。
2025-12-22 03:40:28,214 - SUCCESS - '農情調查' 的 Metadata 已更新到 metadata.json。
2025-12-22 03:40:28,214 - SUCCESS - '農情調查' 的 Metadata 已更新到 metadata.json。
2025-12-22 03:40:31,756 - SUCCESS - <農情調查>的資料已下載完成，共 9999 筆資料。
2025-12-22 03:40:31,756 - SUCCESS - <農情調查>的資料已下載完成，共 9999 筆資料。
2025-12-22 03:40:32,758 - SUCCESS - 已下載、去重並合併資料完成現有資料 45259 條，新資料 0 條。
2025-12-22 03:40:32,758 - SUCCESS - 已下載、去重並合併資料完成現有資料 45259 條，新資料 0 條。
2025-12-22 03:40:33,052 - SUCCESS - 插入或更新 '農情調查' 的 Metadata 成功。
2025-12-22 03:40:33,052 - SUCCESS - 插入或更新 '農情調查' 的 Metadata 成功。
2025-12-22 03:40:33,073 - SUCCESS - '農情調查' 的自動更新完成。
2025-12-22 03:40:33,073 - SUCCESS - '農情調查' 的自動更新完成。
2025-12-22 03:40:34,569 - SUCCESS - 成功提取 '農產品交易行情' 的網頁 Metadata。
2025-12-22 03:40:34,569 - SUCCESS - 成功提取 '農產品交易行情' 的網頁 Metadata。
2025-12-22 03:40:34,609 - SUCCESS - '農產品交易行情' 的 Metadata 已更新到 metadata.json。
2025-12-22 03:40:34,609 - SUCCESS - '農產品交易行情' 的 Metadata 已更新到 metadata.json。
2025-12-22 03:40:59,357 - SUCCESS - <農產品交易行情>的資料已下載完成，共 8814 筆資料。
2025-12-22 03:40:59,357 - SUCCESS - <農產品交易行情>的資料已下載完成，共 8814 筆資料。
2025-12-22 03:41:25,210 - SUCCESS - 已下載、去重並合併資料完成現有資料 542188 條，新資料 2078 條。
2025-12-22 03:41:25,210 - SUCCESS - 已下載、去重並合併資料完成現有資料 542188 條，新資料 2078 條。
2025-12-22 03:41:27,902 - SUCCESS - 已下載 '農產品交易行情' 的原始 JSON 資料路徑: 'C:\Python\data_moa_gov_tw\raw_data\農產品交易行情\農產品交易行情.json'
2025-12-22 03:41:27,902 - SUCCESS - 已下載 '農產品交易行情' 的原始 JSON 資料路徑: 'C:\Python\data_moa_gov_tw\raw_data\農產品交易行情\農產品交易行情.json'
2025-12-22 03:41:27,902 - SUCCESS - 插入或更新 '農產品交易行情' 的 Metadata 成功。
2025-12-22 03:41:27,902 - SUCCESS - 插入或更新 '農產品交易行情' 的 Metadata 成功。
2025-12-22 03:41:28,736 - SUCCESS - 已成功批量插入 '農產品交易行情' 的總計 2078 條記錄到表格 '1040012' 。
2025-12-22 03:41:28,736 - SUCCESS - 已成功批量插入 '農產品交易行情' 的總計 2078 條記錄到表格 '1040012' 。
2025-12-22 03:41:28,949 - SUCCESS - '農產品交易行情' 的自動更新完成。
2025-12-22 03:41:28,949 - SUCCESS - '農產品交易行情' 的自動更新完成。
2025-12-22 03:41:31,184 - SUCCESS - 成功提取 '農產品產地價格(月平均價格)' 的網頁 Metadata。
2025-12-22 03:41:31,184 - SUCCESS - 成功提取 '農產品產地價格(月平均價格)' 的網頁 Metadata。
2025-12-22 03:41:32,463 - SUCCESS - 成功提取 '農產品產地價格資料' 的網頁 Metadata。
2025-12-22 03:41:32,463 - SUCCESS - 成功提取 '農產品產地價格資料' 的網頁 Metadata。
2025-12-22 03:41:33,743 - SUCCESS - 成功提取 '雜糧生產概況' 的網頁 Metadata。
2025-12-22 03:41:33,743 - SUCCESS - 成功提取 '雜糧生產概況' 的網頁 Metadata。
2025-12-22 03:41:34,753 - SUCCESS - 已成功儲存次要資訊。
2025-12-22 03:41:34,753 - SUCCESS - 已成功儲存次要資訊。
2025-12-22 03:41:34,753 - SUCCESS - 更新結果儲存成功:{'全國單日平均糧價': '已更新', '各觀測站近兩年降雨量': '未更新', '產銷履歷與有機蔬果行情': '已更新', '糧價查詢': '已更新', '臺灣地區果品生產概況': '未更新', '臺灣地區特用作物生產概況': '未更新', '臺灣地區稻作種植、收穫面積及產量': '未更新', '臺灣地區稻米生產價值': '未更新', '臺灣地區蔬菜生產概況': '未更新', '臺灣地區農產品生產量值': '未更新', '農情調查': '已更新', '農產品交易行情': '已更新', '農產品產地價格(月平均價格)': '未更新', '農產品產地價格資料': '未更新', '雜糧生產概況': '未更新'}
2025-12-22 03:41:34,753 - SUCCESS - 更新結果儲存成功:{'全國單日平均糧價': '已更新', '各觀測站近兩年降雨量': '未更新', '產銷履歷與有機蔬果行情': '已更新', '糧價查詢': '已更新', '臺灣地區果品生產概況': '未更新', '臺灣地區特用作物生產概況': '未更新', '臺灣地區稻作種植、收穫面積及產量': '未更新', '臺灣地區稻米生產價值': '未更新', '臺灣地區蔬菜生產概況': '未更新', '臺灣地區農產品生產量值': '未更新', '農情調查': '已更新', '農產品交易行情': '已更新', '農產品產地價格(月平均價格)': '未更新', '農產品產地價格資料': '未更新', '雜糧生產概況': '未更新'}
