2025-12-14 03:41:46,820 - SUCCESS - 成功提取 '全國單日平均糧價' 的網頁 Metadata。
2025-12-14 03:41:46,820 - SUCCESS - 成功提取 '全國單日平均糧價' 的網頁 Metadata。
2025-12-14 03:41:46,925 - SUCCESS - '全國單日平均糧價' 的 Metadata 已更新到 metadata.json。
2025-12-14 03:41:46,925 - SUCCESS - '全國單日平均糧價' 的 Metadata 已更新到 metadata.json。
2025-12-14 03:42:00,658 - SUCCESS - <全國單日平均糧價>的資料已下載完成，共 9132 筆資料。
2025-12-14 03:42:00,658 - SUCCESS - <全國單日平均糧價>的資料已下載完成，共 9132 筆資料。
2025-12-14 03:42:01,190 - SUCCESS - 已下載、去重並合併資料完成現有資料 9132 條，新資料 0 條。
2025-12-14 03:42:01,190 - SUCCESS - 已下載、去重並合併資料完成現有資料 9132 條，新資料 0 條。
2025-12-14 03:42:01,274 - SUCCESS - 插入或更新 '全國單日平均糧價' 的 Metadata 成功。
2025-12-14 03:42:01,274 - SUCCESS - 插入或更新 '全國單日平均糧價' 的 Metadata 成功。
2025-12-14 03:42:01,279 - SUCCESS - '全國單日平均糧價' 的自動更新完成。
2025-12-14 03:42:01,279 - SUCCESS - '全國單日平均糧價' 的自動更新完成。
2025-12-14 03:42:05,134 - SUCCESS - 成功提取 '各觀測站近兩年降雨量' 的網頁 Metadata。
2025-12-14 03:42:05,134 - SUCCESS - 成功提取 '各觀測站近兩年降雨量' 的網頁 Metadata。
2025-12-14 03:42:06,655 - SUCCESS - 成功提取 '產銷履歷與有機蔬果行情' 的網頁 Metadata。
2025-12-14 03:42:06,655 - SUCCESS - 成功提取 '產銷履歷與有機蔬果行情' 的網頁 Metadata。
2025-12-14 03:42:06,704 - SUCCESS - '產銷履歷與有機蔬果行情' 的 Metadata 已更新到 metadata.json。
2025-12-14 03:42:06,704 - SUCCESS - '產銷履歷與有機蔬果行情' 的 Metadata 已更新到 metadata.json。
2025-12-14 03:42:12,746 - SUCCESS - <產銷履歷與有機蔬果行情>的資料已下載完成，共 4746 筆資料。
2025-12-14 03:42:12,746 - SUCCESS - <產銷履歷與有機蔬果行情>的資料已下載完成，共 4746 筆資料。
2025-12-14 03:42:32,355 - SUCCESS - 已下載、去重並合併資料完成現有資料 273420 條，新資料 2343 條。
2025-12-14 03:42:32,355 - SUCCESS - 已下載、去重並合併資料完成現有資料 273420 條，新資料 2343 條。
2025-12-14 03:42:33,959 - SUCCESS - 已下載 '產銷履歷與有機蔬果行情' 的原始 JSON 資料路徑: 'C:\Python\data_moa_gov_tw\raw_data\產銷履歷與有機蔬果行情\產銷履歷與有機蔬果行情.json'
2025-12-14 03:42:33,959 - SUCCESS - 已下載 '產銷履歷與有機蔬果行情' 的原始 JSON 資料路徑: 'C:\Python\data_moa_gov_tw\raw_data\產銷履歷與有機蔬果行情\產銷履歷與有機蔬果行情.json'
2025-12-14 03:42:33,965 - SUCCESS - 插入或更新 '產銷履歷與有機蔬果行情' 的 Metadata 成功。
2025-12-14 03:42:33,965 - SUCCESS - 插入或更新 '產銷履歷與有機蔬果行情' 的 Metadata 成功。
2025-12-14 03:42:34,962 - SUCCESS - 已成功批量插入 '產銷履歷與有機蔬果行情' 的總計 2343 條記錄到表格 '1040003' 。
2025-12-14 03:42:34,962 - SUCCESS - 已成功批量插入 '產銷履歷與有機蔬果行情' 的總計 2343 條記錄到表格 '1040003' 。
2025-12-14 03:42:35,042 - SUCCESS - '產銷履歷與有機蔬果行情' 的自動更新完成。
2025-12-14 03:42:35,042 - SUCCESS - '產銷履歷與有機蔬果行情' 的自動更新完成。
2025-12-14 03:42:37,247 - SUCCESS - 成功提取 '糧價查詢' 的網頁 Metadata。
2025-12-14 03:42:37,247 - SUCCESS - 成功提取 '糧價查詢' 的網頁 Metadata。
2025-12-14 03:42:37,276 - SUCCESS - '糧價查詢' 的 Metadata 已更新到 metadata.json。
2025-12-14 03:42:37,276 - SUCCESS - '糧價查詢' 的 Metadata 已更新到 metadata.json。
2025-12-14 03:42:40,529 - SUCCESS - <糧價查詢>的資料已下載完成，共 9999 筆資料。
2025-12-14 03:42:40,529 - SUCCESS - <糧價查詢>的資料已下載完成，共 9999 筆資料。
2025-12-14 03:42:41,310 - SUCCESS - 已下載、去重並合併資料完成現有資料 10139 條，新資料 20 條。
2025-12-14 03:42:41,310 - SUCCESS - 已下載、去重並合併資料完成現有資料 10139 條，新資料 20 條。
2025-12-14 03:42:42,312 - SUCCESS - 已下載 '糧價查詢' 的原始 JSON 資料路徑: 'C:\Python\data_moa_gov_tw\raw_data\糧價查詢\糧價查詢.json'
2025-12-14 03:42:42,312 - SUCCESS - 已下載 '糧價查詢' 的原始 JSON 資料路徑: 'C:\Python\data_moa_gov_tw\raw_data\糧價查詢\糧價查詢.json'
2025-12-14 03:42:42,317 - SUCCESS - 插入或更新 '糧價查詢' 的 Metadata 成功。
2025-12-14 03:42:42,317 - SUCCESS - 插入或更新 '糧價查詢' 的 Metadata 成功。
2025-12-14 03:42:42,348 - SUCCESS - 已成功批量插入 '糧價查詢' 的總計 20 條記錄到表格 '1040004' 。
2025-12-14 03:42:42,348 - SUCCESS - 已成功批量插入 '糧價查詢' 的總計 20 條記錄到表格 '1040004' 。
2025-12-14 03:42:42,359 - SUCCESS - '糧價查詢' 的自動更新完成。
2025-12-14 03:42:42,359 - SUCCESS - '糧價查詢' 的自動更新完成。
2025-12-14 03:42:45,551 - SUCCESS - 成功提取 '臺灣地區果品生產概況' 的網頁 Metadata。
2025-12-14 03:42:45,551 - SUCCESS - 成功提取 '臺灣地區果品生產概況' 的網頁 Metadata。
2025-12-14 03:42:49,202 - SUCCESS - 成功提取 '臺灣地區特用作物生產概況' 的網頁 Metadata。
2025-12-14 03:42:49,202 - SUCCESS - 成功提取 '臺灣地區特用作物生產概況' 的網頁 Metadata。
2025-12-14 03:42:52,581 - SUCCESS - 成功提取 '臺灣地區稻作種植、收穫面積及產量' 的網頁 Metadata。
2025-12-14 03:42:52,581 - SUCCESS - 成功提取 '臺灣地區稻作種植、收穫面積及產量' 的網頁 Metadata。
2025-12-14 03:42:54,473 - SUCCESS - 成功提取 '臺灣地區稻米生產價值' 的網頁 Metadata。
2025-12-14 03:42:54,473 - SUCCESS - 成功提取 '臺灣地區稻米生產價值' 的網頁 Metadata。
2025-12-14 03:42:57,253 - SUCCESS - 成功提取 '臺灣地區蔬菜生產概況' 的網頁 Metadata。
2025-12-14 03:42:57,253 - SUCCESS - 成功提取 '臺灣地區蔬菜生產概況' 的網頁 Metadata。
2025-12-14 03:43:00,240 - SUCCESS - 成功提取 '臺灣地區農產品生產量值' 的網頁 Metadata。
2025-12-14 03:43:00,240 - SUCCESS - 成功提取 '臺灣地區農產品生產量值' 的網頁 Metadata。
2025-12-14 03:43:01,843 - SUCCESS - 成功提取 '農情調查' 的網頁 Metadata。
2025-12-14 03:43:01,843 - SUCCESS - 成功提取 '農情調查' 的網頁 Metadata。
2025-12-14 03:43:01,886 - SUCCESS - '農情調查' 的 Metadata 已更新到 metadata.json。
2025-12-14 03:43:01,886 - SUCCESS - '農情調查' 的 Metadata 已更新到 metadata.json。
2025-12-14 03:43:05,152 - SUCCESS - <農情調查>的資料已下載完成，共 9999 筆資料。
2025-12-14 03:43:05,152 - SUCCESS - <農情調查>的資料已下載完成，共 9999 筆資料。
2025-12-14 03:43:06,275 - SUCCESS - 已下載、去重並合併資料完成現有資料 45259 條，新資料 0 條。
2025-12-14 03:43:06,275 - SUCCESS - 已下載、去重並合併資料完成現有資料 45259 條，新資料 0 條。
2025-12-14 03:43:06,621 - SUCCESS - 插入或更新 '農情調查' 的 Metadata 成功。
2025-12-14 03:43:06,621 - SUCCESS - 插入或更新 '農情調查' 的 Metadata 成功。
2025-12-14 03:43:06,634 - SUCCESS - '農情調查' 的自動更新完成。
2025-12-14 03:43:06,634 - SUCCESS - '農情調查' 的自動更新完成。
2025-12-14 03:43:07,942 - SUCCESS - 成功提取 '農產品交易行情' 的網頁 Metadata。
2025-12-14 03:43:07,942 - SUCCESS - 成功提取 '農產品交易行情' 的網頁 Metadata。
2025-12-14 03:43:07,984 - SUCCESS - '農產品交易行情' 的 Metadata 已更新到 metadata.json。
2025-12-14 03:43:07,984 - SUCCESS - '農產品交易行情' 的 Metadata 已更新到 metadata.json。
2025-12-14 03:43:21,437 - SUCCESS - <農產品交易行情>的資料已下載完成，共 8732 筆資料。
2025-12-14 03:43:21,437 - SUCCESS - <農產品交易行情>的資料已下載完成，共 8732 筆資料。
2025-12-14 03:43:59,441 - SUCCESS - 已下載、去重並合併資料完成現有資料 517973 條，新資料 3295 條。
2025-12-14 03:43:59,441 - SUCCESS - 已下載、去重並合併資料完成現有資料 517973 條，新資料 3295 條。
2025-12-14 03:44:03,589 - SUCCESS - 已下載 '農產品交易行情' 的原始 JSON 資料路徑: 'C:\Python\data_moa_gov_tw\raw_data\農產品交易行情\農產品交易行情.json'
2025-12-14 03:44:03,589 - SUCCESS - 已下載 '農產品交易行情' 的原始 JSON 資料路徑: 'C:\Python\data_moa_gov_tw\raw_data\農產品交易行情\農產品交易行情.json'
2025-12-14 03:44:03,597 - SUCCESS - 插入或更新 '農產品交易行情' 的 Metadata 成功。
2025-12-14 03:44:03,597 - SUCCESS - 插入或更新 '農產品交易行情' 的 Metadata 成功。
2025-12-14 03:44:06,464 - SUCCESS - 已成功批量插入 '農產品交易行情' 的總計 3295 條記錄到表格 '1040012' 。
2025-12-14 03:44:06,464 - SUCCESS - 已成功批量插入 '農產品交易行情' 的總計 3295 條記錄到表格 '1040012' 。
2025-12-14 03:44:06,756 - SUCCESS - '農產品交易行情' 的自動更新完成。
2025-12-14 03:44:06,756 - SUCCESS - '農產品交易行情' 的自動更新完成。
2025-12-14 03:44:08,898 - SUCCESS - 成功提取 '農產品產地價格(月平均價格)' 的網頁 Metadata。
2025-12-14 03:44:08,898 - SUCCESS - 成功提取 '農產品產地價格(月平均價格)' 的網頁 Metadata。
2025-12-14 03:44:11,472 - SUCCESS - 成功提取 '農產品產地價格資料' 的網頁 Metadata。
2025-12-14 03:44:11,472 - SUCCESS - 成功提取 '農產品產地價格資料' 的網頁 Metadata。
2025-12-14 03:44:13,726 - SUCCESS - 成功提取 '雜糧生產概況' 的網頁 Metadata。
2025-12-14 03:44:13,726 - SUCCESS - 成功提取 '雜糧生產概況' 的網頁 Metadata。
2025-12-14 03:44:14,741 - SUCCESS - 已成功儲存次要資訊。
2025-12-14 03:44:14,741 - SUCCESS - 已成功儲存次要資訊。
2025-12-14 03:44:14,741 - SUCCESS - 更新結果儲存成功:{'全國單日平均糧價': '已更新', '各觀測站近兩年降雨量': '未更新', '產銷履歷與有機蔬果行情': '已更新', '糧價查詢': '已更新', '臺灣地區果品生產概況': '未更新', '臺灣地區特用作物生產概況': '未更新', '臺灣地區稻作種植、收穫面積及產量': '未更新', '臺灣地區稻米生產價值': '未更新', '臺灣地區蔬菜生產概況': '未更新', '臺灣地區農產品生產量值': '未更新', '農情調查': '已更新', '農產品交易行情': '已更新', '農產品產地價格(月平均價格)': '未更新', '農產品產地價格資料': '未更新', '雜糧生產概況': '未更新'}
2025-12-14 03:44:14,741 - SUCCESS - 更新結果儲存成功:{'全國單日平均糧價': '已更新', '各觀測站近兩年降雨量': '未更新', '產銷履歷與有機蔬果行情': '已更新', '糧價查詢': '已更新', '臺灣地區果品生產概況': '未更新', '臺灣地區特用作物生產概況': '未更新', '臺灣地區稻作種植、收穫面積及產量': '未更新', '臺灣地區稻米生產價值': '未更新', '臺灣地區蔬菜生產概況': '未更新', '臺灣地區農產品生產量值': '未更新', '農情調查': '已更新', '農產品交易行情': '已更新', '農產品產地價格(月平均價格)': '未更新', '農產品產地價格資料': '未更新', '雜糧生產概況': '未更新'}
