2025-11-03 13:13:04,963 - SUCCESS - 成功提取 '全國單日平均糧價' 的網頁 Metadata。
2025-11-03 13:13:04,963 - SUCCESS - 成功提取 '全國單日平均糧價' 的網頁 Metadata。
2025-11-03 13:13:05,029 - SUCCESS - '全國單日平均糧價' 的 Metadata 已更新到 metadata.json。
2025-11-03 13:13:05,029 - SUCCESS - '全國單日平均糧價' 的 Metadata 已更新到 metadata.json。
2025-11-03 13:13:16,497 - SUCCESS - <全國單日平均糧價>的資料已下載完成，共 9091 筆資料。
2025-11-03 13:13:16,497 - SUCCESS - <全國單日平均糧價>的資料已下載完成，共 9091 筆資料。
2025-11-03 13:13:17,433 - SUCCESS - 已下載、去重並合併資料完成現有資料 9091 條，新資料 1 條。
2025-11-03 13:13:17,433 - SUCCESS - 已下載、去重並合併資料完成現有資料 9091 條，新資料 1 條。
2025-11-03 13:13:17,482 - SUCCESS - 已下載 '全國單日平均糧價' 的原始 JSON 資料路徑: 'C:\Python\data_moa_gov_tw\raw_data\全國單日平均糧價\全國單日平均糧價.json'
2025-11-03 13:13:17,482 - SUCCESS - 已下載 '全國單日平均糧價' 的原始 JSON 資料路徑: 'C:\Python\data_moa_gov_tw\raw_data\全國單日平均糧價\全國單日平均糧價.json'
2025-11-03 13:13:17,513 - SUCCESS - 插入或更新 '全國單日平均糧價' 的 Metadata 成功。
2025-11-03 13:13:17,513 - SUCCESS - 插入或更新 '全國單日平均糧價' 的 Metadata 成功。
2025-11-03 13:13:17,523 - SUCCESS - 已成功批量插入 '全國單日平均糧價' 的總計 1 條記錄到表格 '1040001' 。
2025-11-03 13:13:17,523 - SUCCESS - 已成功批量插入 '全國單日平均糧價' 的總計 1 條記錄到表格 '1040001' 。
2025-11-03 13:13:17,528 - SUCCESS - '全國單日平均糧價' 的自動更新完成。
2025-11-03 13:13:17,528 - SUCCESS - '全國單日平均糧價' 的自動更新完成。
2025-11-03 13:13:19,225 - SUCCESS - 成功提取 '各觀測站近兩年降雨量' 的網頁 Metadata。
2025-11-03 13:13:19,225 - SUCCESS - 成功提取 '各觀測站近兩年降雨量' 的網頁 Metadata。
2025-11-03 13:13:22,301 - SUCCESS - 成功提取 '產銷履歷與有機蔬果行情' 的網頁 Metadata。
2025-11-03 13:13:22,301 - SUCCESS - 成功提取 '產銷履歷與有機蔬果行情' 的網頁 Metadata。
2025-11-03 13:13:22,374 - SUCCESS - '產銷履歷與有機蔬果行情' 的 Metadata 已更新到 metadata.json。
2025-11-03 13:13:22,374 - SUCCESS - '產銷履歷與有機蔬果行情' 的 Metadata 已更新到 metadata.json。
2025-11-03 13:13:28,574 - SUCCESS - <產銷履歷與有機蔬果行情>的資料已下載完成，共 4444 筆資料。
2025-11-03 13:13:28,574 - SUCCESS - <產銷履歷與有機蔬果行情>的資料已下載完成，共 4444 筆資料。
2025-11-03 13:13:42,376 - SUCCESS - 已下載、去重並合併資料完成現有資料 197506 條，新資料 2195 條。
2025-11-03 13:13:42,376 - SUCCESS - 已下載、去重並合併資料完成現有資料 197506 條，新資料 2195 條。
2025-11-03 13:13:43,616 - SUCCESS - 已下載 '產銷履歷與有機蔬果行情' 的原始 JSON 資料路徑: 'C:\Python\data_moa_gov_tw\raw_data\產銷履歷與有機蔬果行情\產銷履歷與有機蔬果行情.json'
2025-11-03 13:13:43,616 - SUCCESS - 已下載 '產銷履歷與有機蔬果行情' 的原始 JSON 資料路徑: 'C:\Python\data_moa_gov_tw\raw_data\產銷履歷與有機蔬果行情\產銷履歷與有機蔬果行情.json'
2025-11-03 13:13:43,622 - SUCCESS - 插入或更新 '產銷履歷與有機蔬果行情' 的 Metadata 成功。
2025-11-03 13:13:43,622 - SUCCESS - 插入或更新 '產銷履歷與有機蔬果行情' 的 Metadata 成功。
2025-11-03 13:13:44,539 - SUCCESS - 已成功批量插入 '產銷履歷與有機蔬果行情' 的總計 2195 條記錄到表格 '1040003' 。
2025-11-03 13:13:44,539 - SUCCESS - 已成功批量插入 '產銷履歷與有機蔬果行情' 的總計 2195 條記錄到表格 '1040003' 。
2025-11-03 13:13:44,597 - SUCCESS - '產銷履歷與有機蔬果行情' 的自動更新完成。
2025-11-03 13:13:44,597 - SUCCESS - '產銷履歷與有機蔬果行情' 的自動更新完成。
2025-11-03 13:13:47,945 - SUCCESS - 成功提取 '糧價查詢' 的網頁 Metadata。
2025-11-03 13:13:47,945 - SUCCESS - 成功提取 '糧價查詢' 的網頁 Metadata。
2025-11-03 13:13:47,968 - SUCCESS - '糧價查詢' 的 Metadata 已更新到 metadata.json。
2025-11-03 13:13:47,968 - SUCCESS - '糧價查詢' 的 Metadata 已更新到 metadata.json。
2025-11-03 13:13:50,489 - SUCCESS - <糧價查詢>的資料已下載完成，共 9999 筆資料。
2025-11-03 13:13:50,489 - SUCCESS - <糧價查詢>的資料已下載完成，共 9999 筆資料。
2025-11-03 13:14:07,549 - SUCCESS - 已下載、去重並合併資料完成現有資料 240311 條，新資料 60 條。
2025-11-03 13:14:07,549 - SUCCESS - 已下載、去重並合併資料完成現有資料 240311 條，新資料 60 條。
2025-11-03 13:14:08,752 - SUCCESS - 已下載 '糧價查詢' 的原始 JSON 資料路徑: 'C:\Python\data_moa_gov_tw\raw_data\糧價查詢\糧價查詢.json'
2025-11-03 13:14:08,752 - SUCCESS - 已下載 '糧價查詢' 的原始 JSON 資料路徑: 'C:\Python\data_moa_gov_tw\raw_data\糧價查詢\糧價查詢.json'
2025-11-03 13:14:08,757 - SUCCESS - 插入或更新 '糧價查詢' 的 Metadata 成功。
2025-11-03 13:14:08,757 - SUCCESS - 插入或更新 '糧價查詢' 的 Metadata 成功。
2025-11-03 13:14:08,808 - SUCCESS - 已成功批量插入 '糧價查詢' 的總計 60 條記錄到表格 '1040004' 。
2025-11-03 13:14:08,808 - SUCCESS - 已成功批量插入 '糧價查詢' 的總計 60 條記錄到表格 '1040004' 。
2025-11-03 13:14:08,922 - SUCCESS - '糧價查詢' 的自動更新完成。
2025-11-03 13:14:08,922 - SUCCESS - '糧價查詢' 的自動更新完成。
2025-11-03 13:14:11,565 - SUCCESS - 成功提取 '臺灣地區果品生產概況' 的網頁 Metadata。
2025-11-03 13:14:11,565 - SUCCESS - 成功提取 '臺灣地區果品生產概況' 的網頁 Metadata。
2025-11-03 13:14:12,803 - SUCCESS - 成功提取 '臺灣地區特用作物生產概況' 的網頁 Metadata。
2025-11-03 13:14:12,803 - SUCCESS - 成功提取 '臺灣地區特用作物生產概況' 的網頁 Metadata。
2025-11-03 13:14:14,433 - SUCCESS - 成功提取 '臺灣地區稻作種植、收穫面積及產量' 的網頁 Metadata。
2025-11-03 13:14:14,433 - SUCCESS - 成功提取 '臺灣地區稻作種植、收穫面積及產量' 的網頁 Metadata。
2025-11-03 13:14:15,919 - SUCCESS - 成功提取 '臺灣地區稻米生產價值' 的網頁 Metadata。
2025-11-03 13:14:15,919 - SUCCESS - 成功提取 '臺灣地區稻米生產價值' 的網頁 Metadata。
2025-11-03 13:14:17,280 - SUCCESS - 成功提取 '臺灣地區蔬菜生產概況' 的網頁 Metadata。
2025-11-03 13:14:17,280 - SUCCESS - 成功提取 '臺灣地區蔬菜生產概況' 的網頁 Metadata。
2025-11-03 13:14:19,033 - SUCCESS - 成功提取 '臺灣地區農產品生產量值' 的網頁 Metadata。
2025-11-03 13:14:19,033 - SUCCESS - 成功提取 '臺灣地區農產品生產量值' 的網頁 Metadata。
2025-11-03 13:14:20,501 - SUCCESS - 成功提取 '農情調查' 的網頁 Metadata。
2025-11-03 13:14:20,501 - SUCCESS - 成功提取 '農情調查' 的網頁 Metadata。
2025-11-03 13:14:20,533 - SUCCESS - '農情調查' 的 Metadata 已更新到 metadata.json。
2025-11-03 13:14:20,533 - SUCCESS - '農情調查' 的 Metadata 已更新到 metadata.json。
2025-11-03 13:14:25,137 - SUCCESS - <農情調查>的資料已下載完成，共 9999 筆資料。
2025-11-03 13:14:25,137 - SUCCESS - <農情調查>的資料已下載完成，共 9999 筆資料。
2025-11-03 13:14:26,286 - SUCCESS - 已下載、去重並合併資料完成現有資料 45259 條，新資料 0 條。
2025-11-03 13:14:26,286 - SUCCESS - 已下載、去重並合併資料完成現有資料 45259 條，新資料 0 條。
2025-11-03 13:14:26,595 - SUCCESS - 插入或更新 '農情調查' 的 Metadata 成功。
2025-11-03 13:14:26,595 - SUCCESS - 插入或更新 '農情調查' 的 Metadata 成功。
2025-11-03 13:14:26,609 - SUCCESS - '農情調查' 的自動更新完成。
2025-11-03 13:14:26,609 - SUCCESS - '農情調查' 的自動更新完成。
2025-11-03 13:14:28,195 - SUCCESS - 成功提取 '農產品交易行情' 的網頁 Metadata。
2025-11-03 13:14:28,195 - SUCCESS - 成功提取 '農產品交易行情' 的網頁 Metadata。
2025-11-03 13:14:28,236 - SUCCESS - '農產品交易行情' 的 Metadata 已更新到 metadata.json。
2025-11-03 13:14:28,236 - SUCCESS - '農產品交易行情' 的 Metadata 已更新到 metadata.json。
2025-11-03 13:14:38,435 - SUCCESS - <農產品交易行情>的資料已下載完成，共 10158 筆資料。
2025-11-03 13:14:38,435 - SUCCESS - <農產品交易行情>的資料已下載完成，共 10158 筆資料。
2025-11-03 13:14:58,028 - SUCCESS - 已下載、去重並合併資料完成現有資料 399101 條，新資料 3296 條。
2025-11-03 13:14:58,028 - SUCCESS - 已下載、去重並合併資料完成現有資料 399101 條，新資料 3296 條。
2025-11-03 13:15:00,635 - SUCCESS - 已下載 '農產品交易行情' 的原始 JSON 資料路徑: 'C:\Python\data_moa_gov_tw\raw_data\農產品交易行情\農產品交易行情.json'
2025-11-03 13:15:00,635 - SUCCESS - 已下載 '農產品交易行情' 的原始 JSON 資料路徑: 'C:\Python\data_moa_gov_tw\raw_data\農產品交易行情\農產品交易行情.json'
2025-11-03 13:15:00,641 - SUCCESS - 插入或更新 '農產品交易行情' 的 Metadata 成功。
2025-11-03 13:15:00,641 - SUCCESS - 插入或更新 '農產品交易行情' 的 Metadata 成功。
2025-11-03 13:15:02,523 - SUCCESS - 已成功批量插入 '農產品交易行情' 的總計 3295 條記錄到表格 '1040012' 。
2025-11-03 13:15:02,523 - SUCCESS - 已成功批量插入 '農產品交易行情' 的總計 3295 條記錄到表格 '1040012' 。
2025-11-03 13:15:02,693 - SUCCESS - '農產品交易行情' 的自動更新完成。
2025-11-03 13:15:02,693 - SUCCESS - '農產品交易行情' 的自動更新完成。
2025-11-03 13:15:05,467 - SUCCESS - 成功提取 '農產品產地價格(月平均價格)' 的網頁 Metadata。
2025-11-03 13:15:05,467 - SUCCESS - 成功提取 '農產品產地價格(月平均價格)' 的網頁 Metadata。
2025-11-03 13:15:06,949 - SUCCESS - 成功提取 '農產品產地價格資料' 的網頁 Metadata。
2025-11-03 13:15:06,949 - SUCCESS - 成功提取 '農產品產地價格資料' 的網頁 Metadata。
2025-11-03 13:15:08,487 - SUCCESS - 成功提取 '雜糧生產概況' 的網頁 Metadata。
2025-11-03 13:15:08,487 - SUCCESS - 成功提取 '雜糧生產概況' 的網頁 Metadata。
2025-11-03 13:15:09,505 - SUCCESS - 已成功儲存次要資訊。
2025-11-03 13:15:09,505 - SUCCESS - 已成功儲存次要資訊。
2025-11-03 13:15:09,506 - SUCCESS - 更新結果儲存成功:{'全國單日平均糧價': '已更新', '各觀測站近兩年降雨量': '未更新', '產銷履歷與有機蔬果行情': '已更新', '糧價查詢': '已更新', '臺灣地區果品生產概況': '未更新', '臺灣地區特用作物生產概況': '未更新', '臺灣地區稻作種植、收穫面積及產量': '未更新', '臺灣地區稻米生產價值': '未更新', '臺灣地區蔬菜生產概況': '未更新', '臺灣地區農產品生產量值': '未更新', '農情調查': '已更新', '農產品交易行情': '已更新', '農產品產地價格(月平均價格)': '未更新', '農產品產地價格資料': '未更新', '雜糧生產概況': '未更新'}
2025-11-03 13:15:09,506 - SUCCESS - 更新結果儲存成功:{'全國單日平均糧價': '已更新', '各觀測站近兩年降雨量': '未更新', '產銷履歷與有機蔬果行情': '已更新', '糧價查詢': '已更新', '臺灣地區果品生產概況': '未更新', '臺灣地區特用作物生產概況': '未更新', '臺灣地區稻作種植、收穫面積及產量': '未更新', '臺灣地區稻米生產價值': '未更新', '臺灣地區蔬菜生產概況': '未更新', '臺灣地區農產品生產量值': '未更新', '農情調查': '已更新', '農產品交易行情': '已更新', '農產品產地價格(月平均價格)': '未更新', '農產品產地價格資料': '未更新', '雜糧生產概況': '未更新'}
