2025-11-05 00:12:15,604 - SUCCESS - 成功提取 '全國單日平均糧價' 的網頁 Metadata。
2025-11-05 00:12:15,604 - SUCCESS - 成功提取 '全國單日平均糧價' 的網頁 Metadata。
2025-11-05 00:12:15,679 - SUCCESS - '全國單日平均糧價' 的 Metadata 已更新到 metadata.json。
2025-11-05 00:12:15,679 - SUCCESS - '全國單日平均糧價' 的 Metadata 已更新到 metadata.json。
2025-11-05 00:12:26,835 - SUCCESS - <全國單日平均糧價>的資料已下載完成，共 9094 筆資料。
2025-11-05 00:12:26,835 - SUCCESS - <全國單日平均糧價>的資料已下載完成，共 9094 筆資料。
2025-11-05 00:12:27,482 - SUCCESS - 已下載、去重並合併資料完成現有資料 9094 條，新資料 1 條。
2025-11-05 00:12:27,482 - SUCCESS - 已下載、去重並合併資料完成現有資料 9094 條，新資料 1 條。
2025-11-05 00:12:27,526 - SUCCESS - 已下載 '全國單日平均糧價' 的原始 JSON 資料路徑: 'C:\Python\data_moa_gov_tw\raw_data\全國單日平均糧價\全國單日平均糧價.json'
2025-11-05 00:12:27,526 - SUCCESS - 已下載 '全國單日平均糧價' 的原始 JSON 資料路徑: 'C:\Python\data_moa_gov_tw\raw_data\全國單日平均糧價\全國單日平均糧價.json'
2025-11-05 00:12:27,547 - SUCCESS - 插入或更新 '全國單日平均糧價' 的 Metadata 成功。
2025-11-05 00:12:27,547 - SUCCESS - 插入或更新 '全國單日平均糧價' 的 Metadata 成功。
2025-11-05 00:12:27,558 - SUCCESS - 已成功批量插入 '全國單日平均糧價' 的總計 1 條記錄到表格 '1040001' 。
2025-11-05 00:12:27,558 - SUCCESS - 已成功批量插入 '全國單日平均糧價' 的總計 1 條記錄到表格 '1040001' 。
2025-11-05 00:12:27,562 - SUCCESS - '全國單日平均糧價' 的自動更新完成。
2025-11-05 00:12:27,562 - SUCCESS - '全國單日平均糧價' 的自動更新完成。
2025-11-05 00:12:29,117 - SUCCESS - 成功提取 '各觀測站近兩年降雨量' 的網頁 Metadata。
2025-11-05 00:12:29,117 - SUCCESS - 成功提取 '各觀測站近兩年降雨量' 的網頁 Metadata。
2025-11-05 00:12:35,301 - SUCCESS - 成功提取 '產銷履歷與有機蔬果行情' 的網頁 Metadata。
2025-11-05 00:12:35,301 - SUCCESS - 成功提取 '產銷履歷與有機蔬果行情' 的網頁 Metadata。
2025-11-05 00:12:35,334 - SUCCESS - '產銷履歷與有機蔬果行情' 的 Metadata 已更新到 metadata.json。
2025-11-05 00:12:35,334 - SUCCESS - '產銷履歷與有機蔬果行情' 的 Metadata 已更新到 metadata.json。
2025-11-05 00:14:22,421 - SUCCESS - <產銷履歷與有機蔬果行情>的資料已下載完成，共 2416 筆資料。
2025-11-05 00:14:22,421 - SUCCESS - <產銷履歷與有機蔬果行情>的資料已下載完成，共 2416 筆資料。
2025-11-05 00:14:36,273 - SUCCESS - 已下載、去重並合併資料完成現有資料 199922 條，新資料 2349 條。
2025-11-05 00:14:36,273 - SUCCESS - 已下載、去重並合併資料完成現有資料 199922 條，新資料 2349 條。
2025-11-05 00:14:37,599 - SUCCESS - 已下載 '產銷履歷與有機蔬果行情' 的原始 JSON 資料路徑: 'C:\Python\data_moa_gov_tw\raw_data\產銷履歷與有機蔬果行情\產銷履歷與有機蔬果行情.json'
2025-11-05 00:14:37,599 - SUCCESS - 已下載 '產銷履歷與有機蔬果行情' 的原始 JSON 資料路徑: 'C:\Python\data_moa_gov_tw\raw_data\產銷履歷與有機蔬果行情\產銷履歷與有機蔬果行情.json'
2025-11-05 00:14:37,605 - SUCCESS - 插入或更新 '產銷履歷與有機蔬果行情' 的 Metadata 成功。
2025-11-05 00:14:37,605 - SUCCESS - 插入或更新 '產銷履歷與有機蔬果行情' 的 Metadata 成功。
2025-11-05 00:14:38,635 - SUCCESS - 已成功批量插入 '產銷履歷與有機蔬果行情' 的總計 2349 條記錄到表格 '1040003' 。
2025-11-05 00:14:38,635 - SUCCESS - 已成功批量插入 '產銷履歷與有機蔬果行情' 的總計 2349 條記錄到表格 '1040003' 。
2025-11-05 00:14:38,696 - SUCCESS - '產銷履歷與有機蔬果行情' 的自動更新完成。
2025-11-05 00:14:38,696 - SUCCESS - '產銷履歷與有機蔬果行情' 的自動更新完成。
2025-11-05 00:14:41,762 - SUCCESS - 成功提取 '糧價查詢' 的網頁 Metadata。
2025-11-05 00:14:41,762 - SUCCESS - 成功提取 '糧價查詢' 的網頁 Metadata。
2025-11-05 00:14:41,797 - SUCCESS - '糧價查詢' 的 Metadata 已更新到 metadata.json。
2025-11-05 00:14:41,797 - SUCCESS - '糧價查詢' 的 Metadata 已更新到 metadata.json。
2025-11-05 00:14:45,224 - SUCCESS - <糧價查詢>的資料已下載完成，共 9999 筆資料。
2025-11-05 00:14:45,224 - SUCCESS - <糧價查詢>的資料已下載完成，共 9999 筆資料。
2025-11-05 00:15:00,309 - SUCCESS - 已下載、去重並合併資料完成現有資料 240331 條，新資料 20 條。
2025-11-05 00:15:00,309 - SUCCESS - 已下載、去重並合併資料完成現有資料 240331 條，新資料 20 條。
2025-11-05 00:15:01,488 - SUCCESS - 已下載 '糧價查詢' 的原始 JSON 資料路徑: 'C:\Python\data_moa_gov_tw\raw_data\糧價查詢\糧價查詢.json'
2025-11-05 00:15:01,488 - SUCCESS - 已下載 '糧價查詢' 的原始 JSON 資料路徑: 'C:\Python\data_moa_gov_tw\raw_data\糧價查詢\糧價查詢.json'
2025-11-05 00:15:01,492 - SUCCESS - 插入或更新 '糧價查詢' 的 Metadata 成功。
2025-11-05 00:15:01,492 - SUCCESS - 插入或更新 '糧價查詢' 的 Metadata 成功。
2025-11-05 00:15:01,514 - SUCCESS - 已成功批量插入 '糧價查詢' 的總計 20 條記錄到表格 '1040004' 。
2025-11-05 00:15:01,514 - SUCCESS - 已成功批量插入 '糧價查詢' 的總計 20 條記錄到表格 '1040004' 。
2025-11-05 00:15:01,626 - SUCCESS - '糧價查詢' 的自動更新完成。
2025-11-05 00:15:01,626 - SUCCESS - '糧價查詢' 的自動更新完成。
2025-11-05 00:15:05,811 - SUCCESS - 成功提取 '臺灣地區果品生產概況' 的網頁 Metadata。
2025-11-05 00:15:05,811 - SUCCESS - 成功提取 '臺灣地區果品生產概況' 的網頁 Metadata。
2025-11-05 00:15:09,684 - SUCCESS - 成功提取 '臺灣地區特用作物生產概況' 的網頁 Metadata。
2025-11-05 00:15:09,684 - SUCCESS - 成功提取 '臺灣地區特用作物生產概況' 的網頁 Metadata。
2025-11-05 00:15:11,366 - SUCCESS - 成功提取 '臺灣地區稻作種植、收穫面積及產量' 的網頁 Metadata。
2025-11-05 00:15:11,366 - SUCCESS - 成功提取 '臺灣地區稻作種植、收穫面積及產量' 的網頁 Metadata。
2025-11-05 00:15:13,047 - SUCCESS - 成功提取 '臺灣地區稻米生產價值' 的網頁 Metadata。
2025-11-05 00:15:13,047 - SUCCESS - 成功提取 '臺灣地區稻米生產價值' 的網頁 Metadata。
2025-11-05 00:15:17,172 - SUCCESS - 成功提取 '臺灣地區蔬菜生產概況' 的網頁 Metadata。
2025-11-05 00:15:17,172 - SUCCESS - 成功提取 '臺灣地區蔬菜生產概況' 的網頁 Metadata。
2025-11-05 00:15:18,987 - SUCCESS - 成功提取 '臺灣地區農產品生產量值' 的網頁 Metadata。
2025-11-05 00:15:18,987 - SUCCESS - 成功提取 '臺灣地區農產品生產量值' 的網頁 Metadata。
2025-11-05 00:15:20,554 - SUCCESS - 成功提取 '農情調查' 的網頁 Metadata。
2025-11-05 00:15:20,554 - SUCCESS - 成功提取 '農情調查' 的網頁 Metadata。
2025-11-05 00:15:20,589 - SUCCESS - '農情調查' 的 Metadata 已更新到 metadata.json。
2025-11-05 00:15:20,589 - SUCCESS - '農情調查' 的 Metadata 已更新到 metadata.json。
2025-11-05 00:15:23,077 - SUCCESS - <農情調查>的資料已下載完成，共 9999 筆資料。
2025-11-05 00:15:23,077 - SUCCESS - <農情調查>的資料已下載完成，共 9999 筆資料。
2025-11-05 00:15:24,127 - SUCCESS - 已下載、去重並合併資料完成現有資料 45259 條，新資料 0 條。
2025-11-05 00:15:24,127 - SUCCESS - 已下載、去重並合併資料完成現有資料 45259 條，新資料 0 條。
2025-11-05 00:15:24,434 - SUCCESS - 插入或更新 '農情調查' 的 Metadata 成功。
2025-11-05 00:15:24,434 - SUCCESS - 插入或更新 '農情調查' 的 Metadata 成功。
2025-11-05 00:15:24,448 - SUCCESS - '農情調查' 的自動更新完成。
2025-11-05 00:15:24,448 - SUCCESS - '農情調查' 的自動更新完成。
2025-11-05 00:15:25,906 - SUCCESS - 成功提取 '農產品交易行情' 的網頁 Metadata。
2025-11-05 00:15:25,906 - SUCCESS - 成功提取 '農產品交易行情' 的網頁 Metadata。
2025-11-05 00:15:25,938 - SUCCESS - '農產品交易行情' 的 Metadata 已更新到 metadata.json。
2025-11-05 00:15:25,938 - SUCCESS - '農產品交易行情' 的 Metadata 已更新到 metadata.json。
2025-11-05 00:15:31,644 - SUCCESS - <農產品交易行情>的資料已下載完成，共 6846 筆資料。
2025-11-05 00:15:31,644 - SUCCESS - <農產品交易行情>的資料已下載完成，共 6846 筆資料。
2025-11-05 00:15:51,211 - SUCCESS - 已下載、去重並合併資料完成現有資料 402694 條，新資料 2718 條。
2025-11-05 00:15:51,211 - SUCCESS - 已下載、去重並合併資料完成現有資料 402694 條，新資料 2718 條。
2025-11-05 00:15:53,366 - SUCCESS - 已下載 '農產品交易行情' 的原始 JSON 資料路徑: 'C:\Python\data_moa_gov_tw\raw_data\農產品交易行情\農產品交易行情.json'
2025-11-05 00:15:53,366 - SUCCESS - 已下載 '農產品交易行情' 的原始 JSON 資料路徑: 'C:\Python\data_moa_gov_tw\raw_data\農產品交易行情\農產品交易行情.json'
2025-11-05 00:15:53,371 - SUCCESS - 插入或更新 '農產品交易行情' 的 Metadata 成功。
2025-11-05 00:15:53,371 - SUCCESS - 插入或更新 '農產品交易行情' 的 Metadata 成功。
2025-11-05 00:15:54,593 - SUCCESS - 已成功批量插入 '農產品交易行情' 的總計 2718 條記錄到表格 '1040012' 。
2025-11-05 00:15:54,593 - SUCCESS - 已成功批量插入 '農產品交易行情' 的總計 2718 條記錄到表格 '1040012' 。
2025-11-05 00:15:54,762 - SUCCESS - '農產品交易行情' 的自動更新完成。
2025-11-05 00:15:54,762 - SUCCESS - '農產品交易行情' 的自動更新完成。
2025-11-05 00:15:59,332 - SUCCESS - 成功提取 '農產品產地價格(月平均價格)' 的網頁 Metadata。
2025-11-05 00:15:59,332 - SUCCESS - 成功提取 '農產品產地價格(月平均價格)' 的網頁 Metadata。
2025-11-05 00:16:00,720 - SUCCESS - 成功提取 '農產品產地價格資料' 的網頁 Metadata。
2025-11-05 00:16:00,720 - SUCCESS - 成功提取 '農產品產地價格資料' 的網頁 Metadata。
2025-11-05 00:16:02,169 - SUCCESS - 成功提取 '雜糧生產概況' 的網頁 Metadata。
2025-11-05 00:16:02,169 - SUCCESS - 成功提取 '雜糧生產概況' 的網頁 Metadata。
2025-11-05 00:16:03,180 - SUCCESS - 已成功儲存次要資訊。
2025-11-05 00:16:03,180 - SUCCESS - 已成功儲存次要資訊。
2025-11-05 00:16:03,180 - SUCCESS - 更新結果儲存成功:{'全國單日平均糧價': '已更新', '各觀測站近兩年降雨量': '未更新', '產銷履歷與有機蔬果行情': '已更新', '糧價查詢': '已更新', '臺灣地區果品生產概況': '未更新', '臺灣地區特用作物生產概況': '未更新', '臺灣地區稻作種植、收穫面積及產量': '未更新', '臺灣地區稻米生產價值': '未更新', '臺灣地區蔬菜生產概況': '未更新', '臺灣地區農產品生產量值': '未更新', '農情調查': '已更新', '農產品交易行情': '已更新', '農產品產地價格(月平均價格)': '未更新', '農產品產地價格資料': '未更新', '雜糧生產概況': '未更新'}
2025-11-05 00:16:03,180 - SUCCESS - 更新結果儲存成功:{'全國單日平均糧價': '已更新', '各觀測站近兩年降雨量': '未更新', '產銷履歷與有機蔬果行情': '已更新', '糧價查詢': '已更新', '臺灣地區果品生產概況': '未更新', '臺灣地區特用作物生產概況': '未更新', '臺灣地區稻作種植、收穫面積及產量': '未更新', '臺灣地區稻米生產價值': '未更新', '臺灣地區蔬菜生產概況': '未更新', '臺灣地區農產品生產量值': '未更新', '農情調查': '已更新', '農產品交易行情': '已更新', '農產品產地價格(月平均價格)': '未更新', '農產品產地價格資料': '未更新', '雜糧生產概況': '未更新'}
