2025-10-28 01:22:05,140 - SUCCESS - 成功提取 '全國單日平均糧價' 的網頁 Metadata。
2025-10-28 01:22:05,140 - SUCCESS - 成功提取 '全國單日平均糧價' 的網頁 Metadata。
2025-10-28 01:22:05,190 - SUCCESS - '全國單日平均糧價' 的 Metadata 已更新到 metadata.json。
2025-10-28 01:22:05,190 - SUCCESS - '全國單日平均糧價' 的 Metadata 已更新到 metadata.json。
2025-10-28 01:22:06,707 - SUCCESS - <全國單日平均糧價>的資料已下載完成，共 9086 筆資料。
2025-10-28 01:22:06,707 - SUCCESS - <全國單日平均糧價>的資料已下載完成，共 9086 筆資料。
2025-10-28 01:22:07,822 - SUCCESS - 已下載、去重並合併資料完成現有資料 9086 條，新資料 2 條。
2025-10-28 01:22:07,822 - SUCCESS - 已下載、去重並合併資料完成現有資料 9086 條，新資料 2 條。
2025-10-28 01:22:07,879 - SUCCESS - 已下載 '全國單日平均糧價' 的原始 JSON 資料路徑: 'C:\Python\data_moa_gov_tw\raw_data\全國單日平均糧價\全國單日平均糧價.json'
2025-10-28 01:22:07,879 - SUCCESS - 已下載 '全國單日平均糧價' 的原始 JSON 資料路徑: 'C:\Python\data_moa_gov_tw\raw_data\全國單日平均糧價\全國單日平均糧價.json'
2025-10-28 01:22:07,912 - SUCCESS - 插入或更新 '全國單日平均糧價' 的 Metadata 成功。
2025-10-28 01:22:07,912 - SUCCESS - 插入或更新 '全國單日平均糧價' 的 Metadata 成功。
2025-10-28 01:22:07,924 - SUCCESS - 已成功批量插入 '全國單日平均糧價' 的總計 2 條記錄到表格 '1040001' 。
2025-10-28 01:22:07,924 - SUCCESS - 已成功批量插入 '全國單日平均糧價' 的總計 2 條記錄到表格 '1040001' 。
2025-10-28 01:22:07,929 - SUCCESS - '全國單日平均糧價' 的自動更新完成。
2025-10-28 01:22:07,929 - SUCCESS - '全國單日平均糧價' 的自動更新完成。
2025-10-28 01:22:09,585 - SUCCESS - 成功提取 '各觀測站近兩年降雨量' 的網頁 Metadata。
2025-10-28 01:22:09,585 - SUCCESS - 成功提取 '各觀測站近兩年降雨量' 的網頁 Metadata。
2025-10-28 01:22:11,830 - SUCCESS - 成功提取 '產銷履歷與有機蔬果行情' 的網頁 Metadata。
2025-10-28 01:22:11,830 - SUCCESS - 成功提取 '產銷履歷與有機蔬果行情' 的網頁 Metadata。
2025-10-28 01:22:11,862 - SUCCESS - '產銷履歷與有機蔬果行情' 的 Metadata 已更新到 metadata.json。
2025-10-28 01:22:11,862 - SUCCESS - '產銷履歷與有機蔬果行情' 的 Metadata 已更新到 metadata.json。
2025-10-28 01:22:15,386 - SUCCESS - <產銷履歷與有機蔬果行情>的資料已下載完成，共 2158 筆資料。
2025-10-28 01:22:15,386 - SUCCESS - <產銷履歷與有機蔬果行情>的資料已下載完成，共 2158 筆資料。
2025-10-28 01:22:29,316 - SUCCESS - 已下載、去重並合併資料完成現有資料 185937 條，新資料 79 條。
2025-10-28 01:22:29,316 - SUCCESS - 已下載、去重並合併資料完成現有資料 185937 條，新資料 79 條。
2025-10-28 01:22:30,294 - SUCCESS - 已下載 '產銷履歷與有機蔬果行情' 的原始 JSON 資料路徑: 'C:\Python\data_moa_gov_tw\raw_data\產銷履歷與有機蔬果行情\產銷履歷與有機蔬果行情.json'
2025-10-28 01:22:30,294 - SUCCESS - 已下載 '產銷履歷與有機蔬果行情' 的原始 JSON 資料路徑: 'C:\Python\data_moa_gov_tw\raw_data\產銷履歷與有機蔬果行情\產銷履歷與有機蔬果行情.json'
2025-10-28 01:22:30,296 - SUCCESS - 插入或更新 '產銷履歷與有機蔬果行情' 的 Metadata 成功。
2025-10-28 01:22:30,296 - SUCCESS - 插入或更新 '產銷履歷與有機蔬果行情' 的 Metadata 成功。
2025-10-28 01:22:30,345 - SUCCESS - 已成功批量插入 '產銷履歷與有機蔬果行情' 的總計 79 條記錄到表格 '1040003' 。
2025-10-28 01:22:30,345 - SUCCESS - 已成功批量插入 '產銷履歷與有機蔬果行情' 的總計 79 條記錄到表格 '1040003' 。
2025-10-28 01:22:30,395 - SUCCESS - '產銷履歷與有機蔬果行情' 的自動更新完成。
2025-10-28 01:22:30,395 - SUCCESS - '產銷履歷與有機蔬果行情' 的自動更新完成。
2025-10-28 01:22:31,841 - SUCCESS - 成功提取 '糧價查詢' 的網頁 Metadata。
2025-10-28 01:22:31,841 - SUCCESS - 成功提取 '糧價查詢' 的網頁 Metadata。
2025-10-28 01:22:31,861 - SUCCESS - '糧價查詢' 的 Metadata 已更新到 metadata.json。
2025-10-28 01:22:31,861 - SUCCESS - '糧價查詢' 的 Metadata 已更新到 metadata.json。
2025-10-28 01:22:33,814 - SUCCESS - <糧價查詢>的資料已下載完成，共 9999 筆資料。
2025-10-28 01:22:33,814 - SUCCESS - <糧價查詢>的資料已下載完成，共 9999 筆資料。
2025-10-28 01:22:48,582 - SUCCESS - 已下載、去重並合併資料完成現有資料 240150 條，新資料 40 條。
2025-10-28 01:22:48,582 - SUCCESS - 已下載、去重並合併資料完成現有資料 240150 條，新資料 40 條。
2025-10-28 01:22:49,640 - SUCCESS - 已下載 '糧價查詢' 的原始 JSON 資料路徑: 'C:\Python\data_moa_gov_tw\raw_data\糧價查詢\糧價查詢.json'
2025-10-28 01:22:49,640 - SUCCESS - 已下載 '糧價查詢' 的原始 JSON 資料路徑: 'C:\Python\data_moa_gov_tw\raw_data\糧價查詢\糧價查詢.json'
2025-10-28 01:22:49,640 - SUCCESS - 插入或更新 '糧價查詢' 的 Metadata 成功。
2025-10-28 01:22:49,640 - SUCCESS - 插入或更新 '糧價查詢' 的 Metadata 成功。
2025-10-28 01:22:49,680 - SUCCESS - 已成功批量插入 '糧價查詢' 的總計 40 條記錄到表格 '1040004' 。
2025-10-28 01:22:49,680 - SUCCESS - 已成功批量插入 '糧價查詢' 的總計 40 條記錄到表格 '1040004' 。
2025-10-28 01:22:49,787 - SUCCESS - '糧價查詢' 的自動更新完成。
2025-10-28 01:22:49,787 - SUCCESS - '糧價查詢' 的自動更新完成。
2025-10-28 01:22:51,510 - SUCCESS - 成功提取 '臺灣地區果品生產概況' 的網頁 Metadata。
2025-10-28 01:22:51,510 - SUCCESS - 成功提取 '臺灣地區果品生產概況' 的網頁 Metadata。
2025-10-28 01:22:53,302 - SUCCESS - 成功提取 '臺灣地區特用作物生產概況' 的網頁 Metadata。
2025-10-28 01:22:53,302 - SUCCESS - 成功提取 '臺灣地區特用作物生產概況' 的網頁 Metadata。
2025-10-28 01:22:54,697 - SUCCESS - 成功提取 '臺灣地區稻作種植、收穫面積及產量' 的網頁 Metadata。
2025-10-28 01:22:54,697 - SUCCESS - 成功提取 '臺灣地區稻作種植、收穫面積及產量' 的網頁 Metadata。
2025-10-28 01:22:56,102 - SUCCESS - 成功提取 '臺灣地區稻米生產價值' 的網頁 Metadata。
2025-10-28 01:22:56,102 - SUCCESS - 成功提取 '臺灣地區稻米生產價值' 的網頁 Metadata。
2025-10-28 01:22:57,434 - SUCCESS - 成功提取 '臺灣地區蔬菜生產概況' 的網頁 Metadata。
2025-10-28 01:22:57,434 - SUCCESS - 成功提取 '臺灣地區蔬菜生產概況' 的網頁 Metadata。
2025-10-28 01:22:58,772 - SUCCESS - 成功提取 '臺灣地區農產品生產量值' 的網頁 Metadata。
2025-10-28 01:22:58,772 - SUCCESS - 成功提取 '臺灣地區農產品生產量值' 的網頁 Metadata。
2025-10-28 01:23:00,415 - SUCCESS - 成功提取 '農情調查' 的網頁 Metadata。
2025-10-28 01:23:00,415 - SUCCESS - 成功提取 '農情調查' 的網頁 Metadata。
2025-10-28 01:23:00,445 - SUCCESS - '農情調查' 的 Metadata 已更新到 metadata.json。
2025-10-28 01:23:00,445 - SUCCESS - '農情調查' 的 Metadata 已更新到 metadata.json。
2025-10-28 01:23:03,039 - SUCCESS - <農情調查>的資料已下載完成，共 9999 筆資料。
2025-10-28 01:23:03,039 - SUCCESS - <農情調查>的資料已下載完成，共 9999 筆資料。
2025-10-28 01:23:04,075 - SUCCESS - 已下載、去重並合併資料完成現有資料 45259 條，新資料 0 條。
2025-10-28 01:23:04,075 - SUCCESS - 已下載、去重並合併資料完成現有資料 45259 條，新資料 0 條。
2025-10-28 01:23:04,326 - SUCCESS - 插入或更新 '農情調查' 的 Metadata 成功。
2025-10-28 01:23:04,326 - SUCCESS - 插入或更新 '農情調查' 的 Metadata 成功。
2025-10-28 01:23:04,342 - SUCCESS - '農情調查' 的自動更新完成。
2025-10-28 01:23:04,342 - SUCCESS - '農情調查' 的自動更新完成。
2025-10-28 01:23:06,009 - SUCCESS - 成功提取 '農產品交易行情' 的網頁 Metadata。
2025-10-28 01:23:06,009 - SUCCESS - 成功提取 '農產品交易行情' 的網頁 Metadata。
2025-10-28 01:23:06,038 - SUCCESS - '農產品交易行情' 的 Metadata 已更新到 metadata.json。
2025-10-28 01:23:06,038 - SUCCESS - '農產品交易行情' 的 Metadata 已更新到 metadata.json。
2025-10-28 01:23:15,564 - SUCCESS - <農產品交易行情>的資料已下載完成，共 6193 筆資料。
2025-10-28 01:23:15,564 - SUCCESS - <農產品交易行情>的資料已下載完成，共 6193 筆資料。
2025-10-28 01:23:33,263 - SUCCESS - 已下載、去重並合併資料完成現有資料 379788 條，新資料 1848 條。
2025-10-28 01:23:33,263 - SUCCESS - 已下載、去重並合併資料完成現有資料 379788 條，新資料 1848 條。
2025-10-28 01:23:35,052 - SUCCESS - 已下載 '農產品交易行情' 的原始 JSON 資料路徑: 'C:\Python\data_moa_gov_tw\raw_data\農產品交易行情\農產品交易行情.json'
2025-10-28 01:23:35,052 - SUCCESS - 已下載 '農產品交易行情' 的原始 JSON 資料路徑: 'C:\Python\data_moa_gov_tw\raw_data\農產品交易行情\農產品交易行情.json'
2025-10-28 01:23:35,062 - SUCCESS - 插入或更新 '農產品交易行情' 的 Metadata 成功。
2025-10-28 01:23:35,062 - SUCCESS - 插入或更新 '農產品交易行情' 的 Metadata 成功。
2025-10-28 01:23:35,870 - SUCCESS - 已成功批量插入 '農產品交易行情' 的總計 1848 條記錄到表格 '1040012' 。
2025-10-28 01:23:35,870 - SUCCESS - 已成功批量插入 '農產品交易行情' 的總計 1848 條記錄到表格 '1040012' 。
2025-10-28 01:23:36,018 - SUCCESS - '農產品交易行情' 的自動更新完成。
2025-10-28 01:23:36,018 - SUCCESS - '農產品交易行情' 的自動更新完成。
2025-10-28 01:23:37,666 - SUCCESS - 成功提取 '農產品產地價格(月平均價格)' 的網頁 Metadata。
2025-10-28 01:23:37,666 - SUCCESS - 成功提取 '農產品產地價格(月平均價格)' 的網頁 Metadata。
2025-10-28 01:23:39,101 - SUCCESS - 成功提取 '農產品產地價格資料' 的網頁 Metadata。
2025-10-28 01:23:39,101 - SUCCESS - 成功提取 '農產品產地價格資料' 的網頁 Metadata。
2025-10-28 01:23:39,130 - SUCCESS - '農產品產地價格資料' 的 Metadata 已更新到 metadata.json。
2025-10-28 01:23:39,130 - SUCCESS - '農產品產地價格資料' 的 Metadata 已更新到 metadata.json。
2025-10-28 01:23:39,718 - SUCCESS - <農產品產地價格資料>的資料已下載完成，共 9999 筆資料。
2025-10-28 01:23:39,718 - SUCCESS - <農產品產地價格資料>的資料已下載完成，共 9999 筆資料。
2025-10-28 01:24:23,970 - SUCCESS - 已下載、去重並合併資料完成現有資料 343910 條，新資料 13 條。
2025-10-28 01:24:23,970 - SUCCESS - 已下載、去重並合併資料完成現有資料 343910 條，新資料 13 條。
2025-10-28 01:24:25,902 - SUCCESS - 已下載 '農產品產地價格資料' 的原始 JSON 資料路徑: 'C:\Python\data_moa_gov_tw\raw_data\農產品產地價格資料\農產品產地價格資料.json'
2025-10-28 01:24:25,902 - SUCCESS - 已下載 '農產品產地價格資料' 的原始 JSON 資料路徑: 'C:\Python\data_moa_gov_tw\raw_data\農產品產地價格資料\農產品產地價格資料.json'
2025-10-28 01:24:25,902 - SUCCESS - 插入或更新 '農產品產地價格資料' 的 Metadata 成功。
2025-10-28 01:24:25,902 - SUCCESS - 插入或更新 '農產品產地價格資料' 的 Metadata 成功。
2025-10-28 01:24:25,921 - SUCCESS - 已成功批量插入 '農產品產地價格資料' 的總計 13 條記錄到表格 '1040014' 。
2025-10-28 01:24:25,921 - SUCCESS - 已成功批量插入 '農產品產地價格資料' 的總計 13 條記錄到表格 '1040014' 。
2025-10-28 01:24:26,005 - SUCCESS - '農產品產地價格資料' 的自動更新完成。
2025-10-28 01:24:26,005 - SUCCESS - '農產品產地價格資料' 的自動更新完成。
2025-10-28 01:24:27,278 - SUCCESS - 成功提取 '雜糧生產概況' 的網頁 Metadata。
2025-10-28 01:24:27,278 - SUCCESS - 成功提取 '雜糧生產概況' 的網頁 Metadata。
2025-10-28 01:24:28,290 - SUCCESS - 已成功儲存次要資訊。
2025-10-28 01:24:28,290 - SUCCESS - 已成功儲存次要資訊。
2025-10-28 01:24:28,290 - SUCCESS - 更新結果儲存成功:{'全國單日平均糧價': '已更新', '各觀測站近兩年降雨量': '未更新', '產銷履歷與有機蔬果行情': '已更新', '糧價查詢': '已更新', '臺灣地區果品生產概況': '未更新', '臺灣地區特用作物生產概況': '未更新', '臺灣地區稻作種植、收穫面積及產量': '未更新', '臺灣地區稻米生產價值': '未更新', '臺灣地區蔬菜生產概況': '未更新', '臺灣地區農產品生產量值': '未更新', '農情調查': '已更新', '農產品交易行情': '已更新', '農產品產地價格(月平均價格)': '未更新', '農產品產地價格資料': '已更新', '雜糧生產概況': '未更新'}
2025-10-28 01:24:28,290 - SUCCESS - 更新結果儲存成功:{'全國單日平均糧價': '已更新', '各觀測站近兩年降雨量': '未更新', '產銷履歷與有機蔬果行情': '已更新', '糧價查詢': '已更新', '臺灣地區果品生產概況': '未更新', '臺灣地區特用作物生產概況': '未更新', '臺灣地區稻作種植、收穫面積及產量': '未更新', '臺灣地區稻米生產價值': '未更新', '臺灣地區蔬菜生產概況': '未更新', '臺灣地區農產品生產量值': '未更新', '農情調查': '已更新', '農產品交易行情': '已更新', '農產品產地價格(月平均價格)': '未更新', '農產品產地價格資料': '已更新', '雜糧生產概況': '未更新'}
