2025-11-09 01:04:11,727 - SUCCESS - 成功提取 '全國單日平均糧價' 的網頁 Metadata。
2025-11-09 01:04:11,727 - SUCCESS - 成功提取 '全國單日平均糧價' 的網頁 Metadata。
2025-11-09 01:04:11,758 - SUCCESS - '全國單日平均糧價' 的 Metadata 已更新到 metadata.json。
2025-11-09 01:04:11,758 - SUCCESS - '全國單日平均糧價' 的 Metadata 已更新到 metadata.json。
2025-11-09 01:04:15,580 - SUCCESS - <全國單日平均糧價>的資料已下載完成，共 9097 筆資料。
2025-11-09 01:04:15,580 - SUCCESS - <全國單日平均糧價>的資料已下載完成，共 9097 筆資料。
2025-11-09 01:04:16,553 - SUCCESS - 已下載、去重並合併資料完成現有資料 9097 條，新資料 0 條。
2025-11-09 01:04:16,553 - SUCCESS - 已下載、去重並合併資料完成現有資料 9097 條，新資料 0 條。
2025-11-09 01:04:16,689 - SUCCESS - 插入或更新 '全國單日平均糧價' 的 Metadata 成功。
2025-11-09 01:04:16,689 - SUCCESS - 插入或更新 '全國單日平均糧價' 的 Metadata 成功。
2025-11-09 01:04:16,704 - SUCCESS - '全國單日平均糧價' 的自動更新完成。
2025-11-09 01:04:16,704 - SUCCESS - '全國單日平均糧價' 的自動更新完成。
2025-11-09 01:04:18,367 - SUCCESS - 成功提取 '各觀測站近兩年降雨量' 的網頁 Metadata。
2025-11-09 01:04:18,367 - SUCCESS - 成功提取 '各觀測站近兩年降雨量' 的網頁 Metadata。
2025-11-09 01:04:20,033 - SUCCESS - 成功提取 '產銷履歷與有機蔬果行情' 的網頁 Metadata。
2025-11-09 01:04:20,033 - SUCCESS - 成功提取 '產銷履歷與有機蔬果行情' 的網頁 Metadata。
2025-11-09 01:04:20,122 - SUCCESS - '產銷履歷與有機蔬果行情' 的 Metadata 已更新到 metadata.json。
2025-11-09 01:04:20,122 - SUCCESS - '產銷履歷與有機蔬果行情' 的 Metadata 已更新到 metadata.json。
2025-11-09 01:04:26,630 - SUCCESS - <產銷履歷與有機蔬果行情>的資料已下載完成，共 4526 筆資料。
2025-11-09 01:04:26,630 - SUCCESS - <產銷履歷與有機蔬果行情>的資料已下載完成，共 4526 筆資料。
2025-11-09 01:04:42,954 - SUCCESS - 已下載、去重並合併資料完成現有資料 208816 條，新資料 2278 條。
2025-11-09 01:04:42,954 - SUCCESS - 已下載、去重並合併資料完成現有資料 208816 條，新資料 2278 條。
2025-11-09 01:04:44,402 - SUCCESS - 已下載 '產銷履歷與有機蔬果行情' 的原始 JSON 資料路徑: 'C:\Python\data_moa_gov_tw\raw_data\產銷履歷與有機蔬果行情\產銷履歷與有機蔬果行情.json'
2025-11-09 01:04:44,402 - SUCCESS - 已下載 '產銷履歷與有機蔬果行情' 的原始 JSON 資料路徑: 'C:\Python\data_moa_gov_tw\raw_data\產銷履歷與有機蔬果行情\產銷履歷與有機蔬果行情.json'
2025-11-09 01:04:44,407 - SUCCESS - 插入或更新 '產銷履歷與有機蔬果行情' 的 Metadata 成功。
2025-11-09 01:04:44,407 - SUCCESS - 插入或更新 '產銷履歷與有機蔬果行情' 的 Metadata 成功。
2025-11-09 01:04:45,644 - SUCCESS - 已成功批量插入 '產銷履歷與有機蔬果行情' 的總計 2278 條記錄到表格 '1040003' 。
2025-11-09 01:04:45,644 - SUCCESS - 已成功批量插入 '產銷履歷與有機蔬果行情' 的總計 2278 條記錄到表格 '1040003' 。
2025-11-09 01:04:45,715 - SUCCESS - '產銷履歷與有機蔬果行情' 的自動更新完成。
2025-11-09 01:04:45,715 - SUCCESS - '產銷履歷與有機蔬果行情' 的自動更新完成。
2025-11-09 01:04:47,373 - SUCCESS - 成功提取 '糧價查詢' 的網頁 Metadata。
2025-11-09 01:04:47,373 - SUCCESS - 成功提取 '糧價查詢' 的網頁 Metadata。
2025-11-09 01:04:47,396 - SUCCESS - '糧價查詢' 的 Metadata 已更新到 metadata.json。
2025-11-09 01:04:47,396 - SUCCESS - '糧價查詢' 的 Metadata 已更新到 metadata.json。
2025-11-09 01:04:49,045 - SUCCESS - <糧價查詢>的資料已下載完成，共 9999 筆資料。
2025-11-09 01:04:49,045 - SUCCESS - <糧價查詢>的資料已下載完成，共 9999 筆資料。
2025-11-09 01:05:12,661 - SUCCESS - 已下載、去重並合併資料完成現有資料 240411 條，新資料 20 條。
2025-11-09 01:05:12,661 - SUCCESS - 已下載、去重並合併資料完成現有資料 240411 條，新資料 20 條。
2025-11-09 01:05:14,038 - SUCCESS - 已下載 '糧價查詢' 的原始 JSON 資料路徑: 'C:\Python\data_moa_gov_tw\raw_data\糧價查詢\糧價查詢.json'
2025-11-09 01:05:14,038 - SUCCESS - 已下載 '糧價查詢' 的原始 JSON 資料路徑: 'C:\Python\data_moa_gov_tw\raw_data\糧價查詢\糧價查詢.json'
2025-11-09 01:05:14,046 - SUCCESS - 插入或更新 '糧價查詢' 的 Metadata 成功。
2025-11-09 01:05:14,046 - SUCCESS - 插入或更新 '糧價查詢' 的 Metadata 成功。
2025-11-09 01:05:14,080 - SUCCESS - 已成功批量插入 '糧價查詢' 的總計 20 條記錄到表格 '1040004' 。
2025-11-09 01:05:14,080 - SUCCESS - 已成功批量插入 '糧價查詢' 的總計 20 條記錄到表格 '1040004' 。
2025-11-09 01:05:14,213 - SUCCESS - '糧價查詢' 的自動更新完成。
2025-11-09 01:05:14,213 - SUCCESS - '糧價查詢' 的自動更新完成。
2025-11-09 01:05:15,680 - SUCCESS - 成功提取 '臺灣地區果品生產概況' 的網頁 Metadata。
2025-11-09 01:05:15,680 - SUCCESS - 成功提取 '臺灣地區果品生產概況' 的網頁 Metadata。
2025-11-09 01:05:17,323 - SUCCESS - 成功提取 '臺灣地區特用作物生產概況' 的網頁 Metadata。
2025-11-09 01:05:17,323 - SUCCESS - 成功提取 '臺灣地區特用作物生產概況' 的網頁 Metadata。
2025-11-09 01:05:18,691 - SUCCESS - 成功提取 '臺灣地區稻作種植、收穫面積及產量' 的網頁 Metadata。
2025-11-09 01:05:18,691 - SUCCESS - 成功提取 '臺灣地區稻作種植、收穫面積及產量' 的網頁 Metadata。
2025-11-09 01:05:20,140 - SUCCESS - 成功提取 '臺灣地區稻米生產價值' 的網頁 Metadata。
2025-11-09 01:05:20,140 - SUCCESS - 成功提取 '臺灣地區稻米生產價值' 的網頁 Metadata。
2025-11-09 01:05:22,515 - SUCCESS - 成功提取 '臺灣地區蔬菜生產概況' 的網頁 Metadata。
2025-11-09 01:05:22,515 - SUCCESS - 成功提取 '臺灣地區蔬菜生產概況' 的網頁 Metadata。
2025-11-09 01:05:23,893 - SUCCESS - 成功提取 '臺灣地區農產品生產量值' 的網頁 Metadata。
2025-11-09 01:05:23,893 - SUCCESS - 成功提取 '臺灣地區農產品生產量值' 的網頁 Metadata。
2025-11-09 01:05:25,482 - SUCCESS - 成功提取 '農情調查' 的網頁 Metadata。
2025-11-09 01:05:25,482 - SUCCESS - 成功提取 '農情調查' 的網頁 Metadata。
2025-11-09 01:05:25,516 - SUCCESS - '農情調查' 的 Metadata 已更新到 metadata.json。
2025-11-09 01:05:25,516 - SUCCESS - '農情調查' 的 Metadata 已更新到 metadata.json。
2025-11-09 01:05:27,963 - SUCCESS - <農情調查>的資料已下載完成，共 9999 筆資料。
2025-11-09 01:05:27,963 - SUCCESS - <農情調查>的資料已下載完成，共 9999 筆資料。
2025-11-09 01:05:29,113 - SUCCESS - 已下載、去重並合併資料完成現有資料 45259 條，新資料 0 條。
2025-11-09 01:05:29,113 - SUCCESS - 已下載、去重並合併資料完成現有資料 45259 條，新資料 0 條。
2025-11-09 01:05:29,464 - SUCCESS - 插入或更新 '農情調查' 的 Metadata 成功。
2025-11-09 01:05:29,464 - SUCCESS - 插入或更新 '農情調查' 的 Metadata 成功。
2025-11-09 01:05:29,482 - SUCCESS - '農情調查' 的自動更新完成。
2025-11-09 01:05:29,482 - SUCCESS - '農情調查' 的自動更新完成。
2025-11-09 01:05:30,789 - SUCCESS - 成功提取 '農產品交易行情' 的網頁 Metadata。
2025-11-09 01:05:30,789 - SUCCESS - 成功提取 '農產品交易行情' 的網頁 Metadata。
2025-11-09 01:05:30,826 - SUCCESS - '農產品交易行情' 的 Metadata 已更新到 metadata.json。
2025-11-09 01:05:30,826 - SUCCESS - '農產品交易行情' 的 Metadata 已更新到 metadata.json。
2025-11-09 01:05:45,828 - SUCCESS - <農產品交易行情>的資料已下載完成，共 9488 筆資料。
2025-11-09 01:05:45,828 - SUCCESS - <農產品交易行情>的資料已下載完成，共 9488 筆資料。
2025-11-09 01:06:07,574 - SUCCESS - 已下載、去重並合併資料完成現有資料 416052 條，新資料 2378 條。
2025-11-09 01:06:07,574 - SUCCESS - 已下載、去重並合併資料完成現有資料 416052 條，新資料 2378 條。
2025-11-09 01:06:09,892 - SUCCESS - 已下載 '農產品交易行情' 的原始 JSON 資料路徑: 'C:\Python\data_moa_gov_tw\raw_data\農產品交易行情\農產品交易行情.json'
2025-11-09 01:06:09,892 - SUCCESS - 已下載 '農產品交易行情' 的原始 JSON 資料路徑: 'C:\Python\data_moa_gov_tw\raw_data\農產品交易行情\農產品交易行情.json'
2025-11-09 01:06:09,898 - SUCCESS - 插入或更新 '農產品交易行情' 的 Metadata 成功。
2025-11-09 01:06:09,898 - SUCCESS - 插入或更新 '農產品交易行情' 的 Metadata 成功。
2025-11-09 01:06:11,155 - SUCCESS - 已成功批量插入 '農產品交易行情' 的總計 2377 條記錄到表格 '1040012' 。
2025-11-09 01:06:11,155 - SUCCESS - 已成功批量插入 '農產品交易行情' 的總計 2377 條記錄到表格 '1040012' 。
2025-11-09 01:06:11,352 - SUCCESS - '農產品交易行情' 的自動更新完成。
2025-11-09 01:06:11,352 - SUCCESS - '農產品交易行情' 的自動更新完成。
2025-11-09 01:06:12,703 - SUCCESS - 成功提取 '農產品產地價格(月平均價格)' 的網頁 Metadata。
2025-11-09 01:06:12,703 - SUCCESS - 成功提取 '農產品產地價格(月平均價格)' 的網頁 Metadata。
2025-11-09 01:06:14,126 - SUCCESS - 成功提取 '農產品產地價格資料' 的網頁 Metadata。
2025-11-09 01:06:14,126 - SUCCESS - 成功提取 '農產品產地價格資料' 的網頁 Metadata。
2025-11-09 01:06:14,171 - SUCCESS - '農產品產地價格資料' 的 Metadata 已更新到 metadata.json。
2025-11-09 01:06:14,171 - SUCCESS - '農產品產地價格資料' 的 Metadata 已更新到 metadata.json。
2025-11-09 01:06:15,050 - SUCCESS - <農產品產地價格資料>的資料已下載完成，共 9999 筆資料。
2025-11-09 01:06:15,050 - SUCCESS - <農產品產地價格資料>的資料已下載完成，共 9999 筆資料。
2025-11-09 01:07:05,309 - SUCCESS - 已下載、去重並合併資料完成現有資料 343972 條，新資料 3 條。
2025-11-09 01:07:05,309 - SUCCESS - 已下載、去重並合併資料完成現有資料 343972 條，新資料 3 條。
2025-11-09 01:07:07,608 - SUCCESS - 已下載 '農產品產地價格資料' 的原始 JSON 資料路徑: 'C:\Python\data_moa_gov_tw\raw_data\農產品產地價格資料\農產品產地價格資料.json'
2025-11-09 01:07:07,608 - SUCCESS - 已下載 '農產品產地價格資料' 的原始 JSON 資料路徑: 'C:\Python\data_moa_gov_tw\raw_data\農產品產地價格資料\農產品產地價格資料.json'
2025-11-09 01:07:07,614 - SUCCESS - 插入或更新 '農產品產地價格資料' 的 Metadata 成功。
2025-11-09 01:07:07,614 - SUCCESS - 插入或更新 '農產品產地價格資料' 的 Metadata 成功。
2025-11-09 01:07:07,624 - SUCCESS - 已成功批量插入 '農產品產地價格資料' 的總計 3 條記錄到表格 '1040014' 。
2025-11-09 01:07:07,624 - SUCCESS - 已成功批量插入 '農產品產地價格資料' 的總計 3 條記錄到表格 '1040014' 。
2025-11-09 01:07:07,722 - SUCCESS - '農產品產地價格資料' 的自動更新完成。
2025-11-09 01:07:07,722 - SUCCESS - '農產品產地價格資料' 的自動更新完成。
2025-11-09 01:07:09,329 - SUCCESS - 成功提取 '雜糧生產概況' 的網頁 Metadata。
2025-11-09 01:07:09,329 - SUCCESS - 成功提取 '雜糧生產概況' 的網頁 Metadata。
2025-11-09 01:07:10,344 - SUCCESS - 已成功儲存次要資訊。
2025-11-09 01:07:10,344 - SUCCESS - 已成功儲存次要資訊。
2025-11-09 01:07:10,344 - SUCCESS - 更新結果儲存成功:{'全國單日平均糧價': '已更新', '各觀測站近兩年降雨量': '未更新', '產銷履歷與有機蔬果行情': '已更新', '糧價查詢': '已更新', '臺灣地區果品生產概況': '未更新', '臺灣地區特用作物生產概況': '未更新', '臺灣地區稻作種植、收穫面積及產量': '未更新', '臺灣地區稻米生產價值': '未更新', '臺灣地區蔬菜生產概況': '未更新', '臺灣地區農產品生產量值': '未更新', '農情調查': '已更新', '農產品交易行情': '已更新', '農產品產地價格(月平均價格)': '未更新', '農產品產地價格資料': '已更新', '雜糧生產概況': '未更新'}
2025-11-09 01:07:10,344 - SUCCESS - 更新結果儲存成功:{'全國單日平均糧價': '已更新', '各觀測站近兩年降雨量': '未更新', '產銷履歷與有機蔬果行情': '已更新', '糧價查詢': '已更新', '臺灣地區果品生產概況': '未更新', '臺灣地區特用作物生產概況': '未更新', '臺灣地區稻作種植、收穫面積及產量': '未更新', '臺灣地區稻米生產價值': '未更新', '臺灣地區蔬菜生產概況': '未更新', '臺灣地區農產品生產量值': '未更新', '農情調查': '已更新', '農產品交易行情': '已更新', '農產品產地價格(月平均價格)': '未更新', '農產品產地價格資料': '已更新', '雜糧生產概況': '未更新'}
2025-11-09 23:57:34,803 - SUCCESS - 成功提取 '全國單日平均糧價' 的網頁 Metadata。
2025-11-09 23:57:34,803 - SUCCESS - 成功提取 '全國單日平均糧價' 的網頁 Metadata。
2025-11-09 23:57:34,829 - SUCCESS - '全國單日平均糧價' 的 Metadata 已更新到 metadata.json。
2025-11-09 23:57:34,829 - SUCCESS - '全國單日平均糧價' 的 Metadata 已更新到 metadata.json。
2025-11-09 23:57:38,939 - SUCCESS - <全國單日平均糧價>的資料已下載完成，共 9098 筆資料。
2025-11-09 23:57:38,939 - SUCCESS - <全國單日平均糧價>的資料已下載完成，共 9098 筆資料。
2025-11-09 23:57:39,560 - SUCCESS - 已下載、去重並合併資料完成現有資料 9098 條，新資料 1 條。
2025-11-09 23:57:39,560 - SUCCESS - 已下載、去重並合併資料完成現有資料 9098 條，新資料 1 條。
2025-11-09 23:57:39,602 - SUCCESS - 已下載 '全國單日平均糧價' 的原始 JSON 資料路徑: 'C:\Python\data_moa_gov_tw\raw_data\全國單日平均糧價\全國單日平均糧價.json'
2025-11-09 23:57:39,602 - SUCCESS - 已下載 '全國單日平均糧價' 的原始 JSON 資料路徑: 'C:\Python\data_moa_gov_tw\raw_data\全國單日平均糧價\全國單日平均糧價.json'
2025-11-09 23:57:39,625 - SUCCESS - 插入或更新 '全國單日平均糧價' 的 Metadata 成功。
2025-11-09 23:57:39,625 - SUCCESS - 插入或更新 '全國單日平均糧價' 的 Metadata 成功。
2025-11-09 23:57:39,640 - SUCCESS - 已成功批量插入 '全國單日平均糧價' 的總計 1 條記錄到表格 '1040001' 。
2025-11-09 23:57:39,640 - SUCCESS - 已成功批量插入 '全國單日平均糧價' 的總計 1 條記錄到表格 '1040001' 。
2025-11-09 23:57:39,648 - SUCCESS - '全國單日平均糧價' 的自動更新完成。
2025-11-09 23:57:39,648 - SUCCESS - '全國單日平均糧價' 的自動更新完成。
2025-11-09 23:57:41,099 - SUCCESS - 成功提取 '各觀測站近兩年降雨量' 的網頁 Metadata。
2025-11-09 23:57:41,099 - SUCCESS - 成功提取 '各觀測站近兩年降雨量' 的網頁 Metadata。
2025-11-09 23:57:43,002 - SUCCESS - 成功提取 '產銷履歷與有機蔬果行情' 的網頁 Metadata。
2025-11-09 23:57:43,002 - SUCCESS - 成功提取 '產銷履歷與有機蔬果行情' 的網頁 Metadata。
2025-11-09 23:57:43,032 - SUCCESS - '產銷履歷與有機蔬果行情' 的 Metadata 已更新到 metadata.json。
2025-11-09 23:57:43,032 - SUCCESS - '產銷履歷與有機蔬果行情' 的 Metadata 已更新到 metadata.json。
2025-11-09 23:57:53,544 - SUCCESS - <產銷履歷與有機蔬果行情>的資料已下載完成，共 4450 筆資料。
2025-11-09 23:57:53,544 - SUCCESS - <產銷履歷與有機蔬果行情>的資料已下載完成，共 4450 筆資料。
2025-11-09 23:58:07,602 - SUCCESS - 已下載、去重並合併資料完成現有資料 210988 條，新資料 2172 條。
2025-11-09 23:58:07,602 - SUCCESS - 已下載、去重並合併資料完成現有資料 210988 條，新資料 2172 條。
2025-11-09 23:58:08,632 - SUCCESS - 已下載 '產銷履歷與有機蔬果行情' 的原始 JSON 資料路徑: 'C:\Python\data_moa_gov_tw\raw_data\產銷履歷與有機蔬果行情\產銷履歷與有機蔬果行情.json'
2025-11-09 23:58:08,632 - SUCCESS - 已下載 '產銷履歷與有機蔬果行情' 的原始 JSON 資料路徑: 'C:\Python\data_moa_gov_tw\raw_data\產銷履歷與有機蔬果行情\產銷履歷與有機蔬果行情.json'
2025-11-09 23:58:08,643 - SUCCESS - 插入或更新 '產銷履歷與有機蔬果行情' 的 Metadata 成功。
2025-11-09 23:58:08,643 - SUCCESS - 插入或更新 '產銷履歷與有機蔬果行情' 的 Metadata 成功。
2025-11-09 23:58:09,505 - SUCCESS - 已成功批量插入 '產銷履歷與有機蔬果行情' 的總計 2172 條記錄到表格 '1040003' 。
2025-11-09 23:58:09,505 - SUCCESS - 已成功批量插入 '產銷履歷與有機蔬果行情' 的總計 2172 條記錄到表格 '1040003' 。
2025-11-09 23:58:09,566 - SUCCESS - '產銷履歷與有機蔬果行情' 的自動更新完成。
2025-11-09 23:58:09,566 - SUCCESS - '產銷履歷與有機蔬果行情' 的自動更新完成。
2025-11-09 23:58:11,049 - SUCCESS - 成功提取 '糧價查詢' 的網頁 Metadata。
2025-11-09 23:58:11,049 - SUCCESS - 成功提取 '糧價查詢' 的網頁 Metadata。
2025-11-09 23:58:11,079 - SUCCESS - '糧價查詢' 的 Metadata 已更新到 metadata.json。
2025-11-09 23:58:11,079 - SUCCESS - '糧價查詢' 的 Metadata 已更新到 metadata.json。
2025-11-09 23:58:13,254 - SUCCESS - <糧價查詢>的資料已下載完成，共 9999 筆資料。
2025-11-09 23:58:13,254 - SUCCESS - <糧價查詢>的資料已下載完成，共 9999 筆資料。
2025-11-09 23:58:28,769 - SUCCESS - 已下載、去重並合併資料完成現有資料 240451 條，新資料 40 條。
2025-11-09 23:58:28,769 - SUCCESS - 已下載、去重並合併資料完成現有資料 240451 條，新資料 40 條。
2025-11-09 23:58:30,588 - SUCCESS - 已下載 '糧價查詢' 的原始 JSON 資料路徑: 'C:\Python\data_moa_gov_tw\raw_data\糧價查詢\糧價查詢.json'
2025-11-09 23:58:30,588 - SUCCESS - 已下載 '糧價查詢' 的原始 JSON 資料路徑: 'C:\Python\data_moa_gov_tw\raw_data\糧價查詢\糧價查詢.json'
2025-11-09 23:58:30,593 - SUCCESS - 插入或更新 '糧價查詢' 的 Metadata 成功。
2025-11-09 23:58:30,593 - SUCCESS - 插入或更新 '糧價查詢' 的 Metadata 成功。
2025-11-09 23:58:30,624 - SUCCESS - 已成功批量插入 '糧價查詢' 的總計 40 條記錄到表格 '1040004' 。
2025-11-09 23:58:30,624 - SUCCESS - 已成功批量插入 '糧價查詢' 的總計 40 條記錄到表格 '1040004' 。
2025-11-09 23:58:30,763 - SUCCESS - '糧價查詢' 的自動更新完成。
2025-11-09 23:58:30,763 - SUCCESS - '糧價查詢' 的自動更新完成。
2025-11-09 23:58:32,495 - SUCCESS - 成功提取 '臺灣地區果品生產概況' 的網頁 Metadata。
2025-11-09 23:58:32,495 - SUCCESS - 成功提取 '臺灣地區果品生產概況' 的網頁 Metadata。
2025-11-09 23:58:33,942 - SUCCESS - 成功提取 '臺灣地區特用作物生產概況' 的網頁 Metadata。
2025-11-09 23:58:33,942 - SUCCESS - 成功提取 '臺灣地區特用作物生產概況' 的網頁 Metadata。
2025-11-09 23:58:35,274 - SUCCESS - 成功提取 '臺灣地區稻作種植、收穫面積及產量' 的網頁 Metadata。
2025-11-09 23:58:35,274 - SUCCESS - 成功提取 '臺灣地區稻作種植、收穫面積及產量' 的網頁 Metadata。
2025-11-09 23:58:36,749 - SUCCESS - 成功提取 '臺灣地區稻米生產價值' 的網頁 Metadata。
2025-11-09 23:58:36,749 - SUCCESS - 成功提取 '臺灣地區稻米生產價值' 的網頁 Metadata。
2025-11-09 23:58:38,308 - SUCCESS - 成功提取 '臺灣地區蔬菜生產概況' 的網頁 Metadata。
2025-11-09 23:58:38,308 - SUCCESS - 成功提取 '臺灣地區蔬菜生產概況' 的網頁 Metadata。
2025-11-09 23:58:40,198 - SUCCESS - 成功提取 '臺灣地區農產品生產量值' 的網頁 Metadata。
2025-11-09 23:58:40,198 - SUCCESS - 成功提取 '臺灣地區農產品生產量值' 的網頁 Metadata。
2025-11-09 23:58:41,985 - SUCCESS - 成功提取 '農情調查' 的網頁 Metadata。
2025-11-09 23:58:41,985 - SUCCESS - 成功提取 '農情調查' 的網頁 Metadata。
2025-11-09 23:58:42,019 - SUCCESS - '農情調查' 的 Metadata 已更新到 metadata.json。
2025-11-09 23:58:42,019 - SUCCESS - '農情調查' 的 Metadata 已更新到 metadata.json。
2025-11-09 23:58:45,617 - SUCCESS - <農情調查>的資料已下載完成，共 9999 筆資料。
2025-11-09 23:58:45,617 - SUCCESS - <農情調查>的資料已下載完成，共 9999 筆資料。
2025-11-09 23:58:46,731 - SUCCESS - 已下載、去重並合併資料完成現有資料 45259 條，新資料 0 條。
2025-11-09 23:58:46,731 - SUCCESS - 已下載、去重並合併資料完成現有資料 45259 條，新資料 0 條。
2025-11-09 23:58:47,059 - SUCCESS - 插入或更新 '農情調查' 的 Metadata 成功。
2025-11-09 23:58:47,059 - SUCCESS - 插入或更新 '農情調查' 的 Metadata 成功。
2025-11-09 23:58:47,075 - SUCCESS - '農情調查' 的自動更新完成。
2025-11-09 23:58:47,075 - SUCCESS - '農情調查' 的自動更新完成。
2025-11-09 23:58:48,829 - SUCCESS - 成功提取 '農產品交易行情' 的網頁 Metadata。
2025-11-09 23:58:48,829 - SUCCESS - 成功提取 '農產品交易行情' 的網頁 Metadata。
2025-11-09 23:58:48,865 - SUCCESS - '農產品交易行情' 的 Metadata 已更新到 metadata.json。
2025-11-09 23:58:48,865 - SUCCESS - '農產品交易行情' 的 Metadata 已更新到 metadata.json。
2025-11-09 23:59:17,596 - SUCCESS - <農產品交易行情>的資料已下載完成，共 11631 筆資料。
2025-11-09 23:59:17,596 - SUCCESS - <農產品交易行情>的資料已下載完成，共 11631 筆資料。
2025-11-09 23:59:38,491 - SUCCESS - 已下載、去重並合併資料完成現有資料 418196 條，新資料 2144 條。
2025-11-09 23:59:38,491 - SUCCESS - 已下載、去重並合併資料完成現有資料 418196 條，新資料 2144 條。
2025-11-09 23:59:40,653 - SUCCESS - 已下載 '農產品交易行情' 的原始 JSON 資料路徑: 'C:\Python\data_moa_gov_tw\raw_data\農產品交易行情\農產品交易行情.json'
2025-11-09 23:59:40,653 - SUCCESS - 已下載 '農產品交易行情' 的原始 JSON 資料路徑: 'C:\Python\data_moa_gov_tw\raw_data\農產品交易行情\農產品交易行情.json'
2025-11-09 23:59:40,660 - SUCCESS - 插入或更新 '農產品交易行情' 的 Metadata 成功。
2025-11-09 23:59:40,660 - SUCCESS - 插入或更新 '農產品交易行情' 的 Metadata 成功。
2025-11-09 23:59:41,709 - SUCCESS - 已成功批量插入 '農產品交易行情' 的總計 2143 條記錄到表格 '1040012' 。
2025-11-09 23:59:41,709 - SUCCESS - 已成功批量插入 '農產品交易行情' 的總計 2143 條記錄到表格 '1040012' 。
2025-11-09 23:59:41,889 - SUCCESS - '農產品交易行情' 的自動更新完成。
2025-11-09 23:59:41,889 - SUCCESS - '農產品交易行情' 的自動更新完成。
2025-11-09 23:59:43,651 - SUCCESS - 成功提取 '農產品產地價格(月平均價格)' 的網頁 Metadata。
2025-11-09 23:59:43,651 - SUCCESS - 成功提取 '農產品產地價格(月平均價格)' 的網頁 Metadata。
2025-11-09 23:59:45,524 - SUCCESS - 成功提取 '農產品產地價格資料' 的網頁 Metadata。
2025-11-09 23:59:45,524 - SUCCESS - 成功提取 '農產品產地價格資料' 的網頁 Metadata。
2025-11-09 23:59:46,787 - SUCCESS - 成功提取 '雜糧生產概況' 的網頁 Metadata。
2025-11-09 23:59:46,787 - SUCCESS - 成功提取 '雜糧生產概況' 的網頁 Metadata。
2025-11-09 23:59:47,795 - SUCCESS - 已成功儲存次要資訊。
2025-11-09 23:59:47,795 - SUCCESS - 已成功儲存次要資訊。
2025-11-09 23:59:47,795 - SUCCESS - 更新結果儲存成功:{'全國單日平均糧價': '已更新', '各觀測站近兩年降雨量': '未更新', '產銷履歷與有機蔬果行情': '已更新', '糧價查詢': '已更新', '臺灣地區果品生產概況': '未更新', '臺灣地區特用作物生產概況': '未更新', '臺灣地區稻作種植、收穫面積及產量': '未更新', '臺灣地區稻米生產價值': '未更新', '臺灣地區蔬菜生產概況': '未更新', '臺灣地區農產品生產量值': '未更新', '農情調查': '已更新', '農產品交易行情': '已更新', '農產品產地價格(月平均價格)': '未更新', '農產品產地價格資料': '未更新', '雜糧生產概況': '未更新'}
2025-11-09 23:59:47,795 - SUCCESS - 更新結果儲存成功:{'全國單日平均糧價': '已更新', '各觀測站近兩年降雨量': '未更新', '產銷履歷與有機蔬果行情': '已更新', '糧價查詢': '已更新', '臺灣地區果品生產概況': '未更新', '臺灣地區特用作物生產概況': '未更新', '臺灣地區稻作種植、收穫面積及產量': '未更新', '臺灣地區稻米生產價值': '未更新', '臺灣地區蔬菜生產概況': '未更新', '臺灣地區農產品生產量值': '未更新', '農情調查': '已更新', '農產品交易行情': '已更新', '農產品產地價格(月平均價格)': '未更新', '農產品產地價格資料': '未更新', '雜糧生產概況': '未更新'}
