2025-10-22 23:29:23,616 - SUCCESS - 成功提取 '全國單日平均糧價' 的網頁 Metadata。
2025-10-22 23:29:23,616 - SUCCESS - 成功提取 '全國單日平均糧價' 的網頁 Metadata。
2025-10-22 23:29:23,678 - SUCCESS - '全國單日平均糧價' 的 Metadata 已更新到 metadata.json。
2025-10-22 23:29:23,678 - SUCCESS - '全國單日平均糧價' 的 Metadata 已更新到 metadata.json。
2025-10-22 23:29:25,911 - SUCCESS - <全國單日平均糧價>的資料已下載完成，共 9081 筆資料。
2025-10-22 23:29:25,911 - SUCCESS - <全國單日平均糧價>的資料已下載完成，共 9081 筆資料。
2025-10-22 23:29:27,044 - SUCCESS - 已下載、去重並合併資料完成現有資料 9081 條，新資料 2 條。
2025-10-22 23:29:27,044 - SUCCESS - 已下載、去重並合併資料完成現有資料 9081 條，新資料 2 條。
2025-10-22 23:29:27,142 - SUCCESS - 已下載 '全國單日平均糧價' 的原始 JSON 資料路徑: 'C:\Python\data_moa_gov_tw\raw_data\全國單日平均糧價\全國單日平均糧價.json'
2025-10-22 23:29:27,142 - SUCCESS - 已下載 '全國單日平均糧價' 的原始 JSON 資料路徑: 'C:\Python\data_moa_gov_tw\raw_data\全國單日平均糧價\全國單日平均糧價.json'
2025-10-22 23:29:27,165 - SUCCESS - 插入或更新 '全國單日平均糧價' 的 Metadata 成功。
2025-10-22 23:29:27,165 - SUCCESS - 插入或更新 '全國單日平均糧價' 的 Metadata 成功。
2025-10-22 23:29:27,174 - SUCCESS - 已成功批量插入 '全國單日平均糧價' 的總計 2 條記錄到表格 '1040001' 。
2025-10-22 23:29:27,174 - SUCCESS - 已成功批量插入 '全國單日平均糧價' 的總計 2 條記錄到表格 '1040001' 。
2025-10-22 23:29:27,180 - SUCCESS - '全國單日平均糧價' 的自動更新完成。
2025-10-22 23:29:27,180 - SUCCESS - '全國單日平均糧價' 的自動更新完成。
2025-10-22 23:29:29,076 - SUCCESS - 成功提取 '各觀測站近兩年降雨量' 的網頁 Metadata。
2025-10-22 23:29:29,076 - SUCCESS - 成功提取 '各觀測站近兩年降雨量' 的網頁 Metadata。
2025-10-22 23:29:31,114 - SUCCESS - 成功提取 '產銷履歷與有機蔬果行情' 的網頁 Metadata。
2025-10-22 23:29:31,114 - SUCCESS - 成功提取 '產銷履歷與有機蔬果行情' 的網頁 Metadata。
2025-10-22 23:29:31,149 - SUCCESS - '產銷履歷與有機蔬果行情' 的 Metadata 已更新到 metadata.json。
2025-10-22 23:29:31,149 - SUCCESS - '產銷履歷與有機蔬果行情' 的 Metadata 已更新到 metadata.json。
2025-10-22 23:30:25,084 - SUCCESS - <產銷履歷與有機蔬果行情>的資料已下載完成，共 4460 筆資料。
2025-10-22 23:30:25,084 - SUCCESS - <產銷履歷與有機蔬果行情>的資料已下載完成，共 4460 筆資料。
2025-10-22 23:30:37,303 - SUCCESS - 已下載、去重並合併資料完成現有資料 177327 條，新資料 4460 條。
2025-10-22 23:30:37,303 - SUCCESS - 已下載、去重並合併資料完成現有資料 177327 條，新資料 4460 條。
2025-10-22 23:30:38,297 - SUCCESS - 已下載 '產銷履歷與有機蔬果行情' 的原始 JSON 資料路徑: 'C:\Python\data_moa_gov_tw\raw_data\產銷履歷與有機蔬果行情\產銷履歷與有機蔬果行情.json'
2025-10-22 23:30:38,297 - SUCCESS - 已下載 '產銷履歷與有機蔬果行情' 的原始 JSON 資料路徑: 'C:\Python\data_moa_gov_tw\raw_data\產銷履歷與有機蔬果行情\產銷履歷與有機蔬果行情.json'
2025-10-22 23:30:38,297 - SUCCESS - 插入或更新 '產銷履歷與有機蔬果行情' 的 Metadata 成功。
2025-10-22 23:30:38,297 - SUCCESS - 插入或更新 '產銷履歷與有機蔬果行情' 的 Metadata 成功。
2025-10-22 23:30:40,046 - SUCCESS - 已成功批量插入 '產銷履歷與有機蔬果行情' 的總計 4460 條記錄到表格 '1040003' 。
2025-10-22 23:30:40,046 - SUCCESS - 已成功批量插入 '產銷履歷與有機蔬果行情' 的總計 4460 條記錄到表格 '1040003' 。
2025-10-22 23:30:40,087 - SUCCESS - '產銷履歷與有機蔬果行情' 的自動更新完成。
2025-10-22 23:30:40,087 - SUCCESS - '產銷履歷與有機蔬果行情' 的自動更新完成。
2025-10-22 23:30:41,927 - SUCCESS - 成功提取 '糧價查詢' 的網頁 Metadata。
2025-10-22 23:30:41,927 - SUCCESS - 成功提取 '糧價查詢' 的網頁 Metadata。
2025-10-22 23:30:41,952 - SUCCESS - '糧價查詢' 的 Metadata 已更新到 metadata.json。
2025-10-22 23:30:41,952 - SUCCESS - '糧價查詢' 的 Metadata 已更新到 metadata.json。
2025-10-22 23:30:49,265 - SUCCESS - <糧價查詢>的資料已下載完成，共 9999 筆資料。
2025-10-22 23:30:49,265 - SUCCESS - <糧價查詢>的資料已下載完成，共 9999 筆資料。
2025-10-22 23:31:04,371 - SUCCESS - 已下載、去重並合併資料完成現有資料 240010 條，新資料 40 條。
2025-10-22 23:31:04,371 - SUCCESS - 已下載、去重並合併資料完成現有資料 240010 條，新資料 40 條。
2025-10-22 23:31:05,471 - SUCCESS - 已下載 '糧價查詢' 的原始 JSON 資料路徑: 'C:\Python\data_moa_gov_tw\raw_data\糧價查詢\糧價查詢.json'
2025-10-22 23:31:05,471 - SUCCESS - 已下載 '糧價查詢' 的原始 JSON 資料路徑: 'C:\Python\data_moa_gov_tw\raw_data\糧價查詢\糧價查詢.json'
2025-10-22 23:31:05,471 - SUCCESS - 插入或更新 '糧價查詢' 的 Metadata 成功。
2025-10-22 23:31:05,471 - SUCCESS - 插入或更新 '糧價查詢' 的 Metadata 成功。
2025-10-22 23:31:05,502 - SUCCESS - 已成功批量插入 '糧價查詢' 的總計 40 條記錄到表格 '1040004' 。
2025-10-22 23:31:05,502 - SUCCESS - 已成功批量插入 '糧價查詢' 的總計 40 條記錄到表格 '1040004' 。
2025-10-22 23:31:05,613 - SUCCESS - '糧價查詢' 的自動更新完成。
2025-10-22 23:31:05,613 - SUCCESS - '糧價查詢' 的自動更新完成。
2025-10-22 23:31:07,646 - SUCCESS - 成功提取 '臺灣地區果品生產概況' 的網頁 Metadata。
2025-10-22 23:31:07,646 - SUCCESS - 成功提取 '臺灣地區果品生產概況' 的網頁 Metadata。
2025-10-22 23:31:09,768 - SUCCESS - 成功提取 '臺灣地區特用作物生產概況' 的網頁 Metadata。
2025-10-22 23:31:09,768 - SUCCESS - 成功提取 '臺灣地區特用作物生產概況' 的網頁 Metadata。
2025-10-22 23:31:11,838 - SUCCESS - 成功提取 '臺灣地區稻作種植、收穫面積及產量' 的網頁 Metadata。
2025-10-22 23:31:11,838 - SUCCESS - 成功提取 '臺灣地區稻作種植、收穫面積及產量' 的網頁 Metadata。
2025-10-22 23:31:13,565 - SUCCESS - 成功提取 '臺灣地區稻米生產價值' 的網頁 Metadata。
2025-10-22 23:31:13,565 - SUCCESS - 成功提取 '臺灣地區稻米生產價值' 的網頁 Metadata。
2025-10-22 23:31:15,537 - SUCCESS - 成功提取 '臺灣地區蔬菜生產概況' 的網頁 Metadata。
2025-10-22 23:31:15,537 - SUCCESS - 成功提取 '臺灣地區蔬菜生產概況' 的網頁 Metadata。
2025-10-22 23:31:17,183 - SUCCESS - 成功提取 '臺灣地區農產品生產量值' 的網頁 Metadata。
2025-10-22 23:31:17,183 - SUCCESS - 成功提取 '臺灣地區農產品生產量值' 的網頁 Metadata。
2025-10-22 23:31:18,831 - SUCCESS - 成功提取 '農情調查' 的網頁 Metadata。
2025-10-22 23:31:18,831 - SUCCESS - 成功提取 '農情調查' 的網頁 Metadata。
2025-10-22 23:31:18,862 - SUCCESS - '農情調查' 的 Metadata 已更新到 metadata.json。
2025-10-22 23:31:18,862 - SUCCESS - '農情調查' 的 Metadata 已更新到 metadata.json。
2025-10-22 23:31:26,126 - SUCCESS - <農情調查>的資料已下載完成，共 9999 筆資料。
2025-10-22 23:31:26,126 - SUCCESS - <農情調查>的資料已下載完成，共 9999 筆資料。
2025-10-22 23:31:27,213 - SUCCESS - 已下載、去重並合併資料完成現有資料 45259 條，新資料 0 條。
2025-10-22 23:31:27,213 - SUCCESS - 已下載、去重並合併資料完成現有資料 45259 條，新資料 0 條。
2025-10-22 23:31:27,501 - SUCCESS - 插入或更新 '農情調查' 的 Metadata 成功。
2025-10-22 23:31:27,501 - SUCCESS - 插入或更新 '農情調查' 的 Metadata 成功。
2025-10-22 23:31:27,527 - SUCCESS - '農情調查' 的自動更新完成。
2025-10-22 23:31:27,527 - SUCCESS - '農情調查' 的自動更新完成。
2025-10-22 23:31:29,566 - SUCCESS - 成功提取 '農產品交易行情' 的網頁 Metadata。
2025-10-22 23:31:29,566 - SUCCESS - 成功提取 '農產品交易行情' 的網頁 Metadata。
2025-10-22 23:31:29,599 - SUCCESS - '農產品交易行情' 的 Metadata 已更新到 metadata.json。
2025-10-22 23:31:29,599 - SUCCESS - '農產品交易行情' 的 Metadata 已更新到 metadata.json。
2025-10-22 23:35:52,350 - SUCCESS - 已下載、去重並合併資料完成現有資料 0 條，新資料 0 條。
2025-10-22 23:35:52,350 - SUCCESS - 已下載、去重並合併資料完成現有資料 0 條，新資料 0 條。
2025-10-22 23:35:54,445 - SUCCESS - 成功提取 '農產品產地價格(月平均價格)' 的網頁 Metadata。
2025-10-22 23:35:54,445 - SUCCESS - 成功提取 '農產品產地價格(月平均價格)' 的網頁 Metadata。
2025-10-22 23:35:56,267 - SUCCESS - 成功提取 '農產品產地價格資料' 的網頁 Metadata。
2025-10-22 23:35:56,267 - SUCCESS - 成功提取 '農產品產地價格資料' 的網頁 Metadata。
2025-10-22 23:35:56,302 - SUCCESS - '農產品產地價格資料' 的 Metadata 已更新到 metadata.json。
2025-10-22 23:35:56,302 - SUCCESS - '農產品產地價格資料' 的 Metadata 已更新到 metadata.json。
2025-10-22 23:38:45,038 - SUCCESS - 成功提取 '全國單日平均糧價' 的網頁 Metadata。
2025-10-22 23:38:45,038 - SUCCESS - 成功提取 '全國單日平均糧價' 的網頁 Metadata。
2025-10-22 23:38:46,861 - SUCCESS - 成功提取 '各觀測站近兩年降雨量' 的網頁 Metadata。
2025-10-22 23:38:46,861 - SUCCESS - 成功提取 '各觀測站近兩年降雨量' 的網頁 Metadata。
2025-10-22 23:38:49,121 - SUCCESS - 成功提取 '產銷履歷與有機蔬果行情' 的網頁 Metadata。
2025-10-22 23:38:49,121 - SUCCESS - 成功提取 '產銷履歷與有機蔬果行情' 的網頁 Metadata。
2025-10-22 23:38:50,752 - SUCCESS - 成功提取 '糧價查詢' 的網頁 Metadata。
2025-10-22 23:38:50,752 - SUCCESS - 成功提取 '糧價查詢' 的網頁 Metadata。
2025-10-22 23:38:52,461 - SUCCESS - 成功提取 '臺灣地區果品生產概況' 的網頁 Metadata。
2025-10-22 23:38:52,461 - SUCCESS - 成功提取 '臺灣地區果品生產概況' 的網頁 Metadata。
2025-10-22 23:38:54,157 - SUCCESS - 成功提取 '臺灣地區特用作物生產概況' 的網頁 Metadata。
2025-10-22 23:38:54,157 - SUCCESS - 成功提取 '臺灣地區特用作物生產概況' 的網頁 Metadata。
2025-10-22 23:38:55,717 - SUCCESS - 成功提取 '臺灣地區稻作種植、收穫面積及產量' 的網頁 Metadata。
2025-10-22 23:38:55,717 - SUCCESS - 成功提取 '臺灣地區稻作種植、收穫面積及產量' 的網頁 Metadata。
2025-10-22 23:38:57,203 - SUCCESS - 成功提取 '臺灣地區稻米生產價值' 的網頁 Metadata。
2025-10-22 23:38:57,203 - SUCCESS - 成功提取 '臺灣地區稻米生產價值' 的網頁 Metadata。
2025-10-22 23:38:58,785 - SUCCESS - 成功提取 '臺灣地區蔬菜生產概況' 的網頁 Metadata。
2025-10-22 23:38:58,785 - SUCCESS - 成功提取 '臺灣地區蔬菜生產概況' 的網頁 Metadata。
2025-10-22 23:39:00,143 - SUCCESS - 成功提取 '臺灣地區農產品生產量值' 的網頁 Metadata。
2025-10-22 23:39:00,143 - SUCCESS - 成功提取 '臺灣地區農產品生產量值' 的網頁 Metadata。
2025-10-22 23:39:01,416 - SUCCESS - 成功提取 '農情調查' 的網頁 Metadata。
2025-10-22 23:39:01,416 - SUCCESS - 成功提取 '農情調查' 的網頁 Metadata。
2025-10-22 23:39:02,703 - SUCCESS - 成功提取 '農產品交易行情' 的網頁 Metadata。
2025-10-22 23:39:02,703 - SUCCESS - 成功提取 '農產品交易行情' 的網頁 Metadata。
2025-10-22 23:39:02,722 - SUCCESS - '農產品交易行情' 的 Metadata 已更新到 metadata.json。
2025-10-22 23:39:02,722 - SUCCESS - '農產品交易行情' 的 Metadata 已更新到 metadata.json。
2025-10-22 23:42:14,877 - SUCCESS - <農產品交易行情>的資料已下載完成，共 10615 筆資料。
2025-10-22 23:42:14,877 - SUCCESS - <農產品交易行情>的資料已下載完成，共 10615 筆資料。
2025-10-22 23:42:32,214 - SUCCESS - 已下載、去重並合併資料完成現有資料 366742 條，新資料 6597 條。
2025-10-22 23:42:32,214 - SUCCESS - 已下載、去重並合併資料完成現有資料 366742 條，新資料 6597 條。
2025-10-22 23:42:34,115 - SUCCESS - 已下載 '農產品交易行情' 的原始 JSON 資料路徑: 'C:\Python\data_moa_gov_tw\raw_data\農產品交易行情\農產品交易行情.json'
2025-10-22 23:42:34,115 - SUCCESS - 已下載 '農產品交易行情' 的原始 JSON 資料路徑: 'C:\Python\data_moa_gov_tw\raw_data\農產品交易行情\農產品交易行情.json'
2025-10-22 23:42:34,132 - SUCCESS - 插入或更新 '農產品交易行情' 的 Metadata 成功。
2025-10-22 23:42:34,132 - SUCCESS - 插入或更新 '農產品交易行情' 的 Metadata 成功。
2025-10-22 23:42:36,956 - SUCCESS - 已成功批量插入 '農產品交易行情' 的總計 6597 條記錄到表格 '1040012' 。
2025-10-22 23:42:36,956 - SUCCESS - 已成功批量插入 '農產品交易行情' 的總計 6597 條記錄到表格 '1040012' 。
2025-10-22 23:42:37,105 - SUCCESS - '農產品交易行情' 的自動更新完成。
2025-10-22 23:42:37,105 - SUCCESS - '農產品交易行情' 的自動更新完成。
2025-10-22 23:42:38,639 - SUCCESS - 成功提取 '農產品產地價格(月平均價格)' 的網頁 Metadata。
2025-10-22 23:42:38,639 - SUCCESS - 成功提取 '農產品產地價格(月平均價格)' 的網頁 Metadata。
2025-10-22 23:42:40,236 - SUCCESS - 成功提取 '農產品產地價格資料' 的網頁 Metadata。
2025-10-22 23:42:40,236 - SUCCESS - 成功提取 '農產品產地價格資料' 的網頁 Metadata。
2025-10-22 23:42:40,271 - SUCCESS - '農產品產地價格資料' 的 Metadata 已更新到 metadata.json。
2025-10-22 23:42:40,271 - SUCCESS - '農產品產地價格資料' 的 Metadata 已更新到 metadata.json。
2025-10-22 23:42:41,162 - SUCCESS - <農產品產地價格資料>的資料已下載完成，共 9999 筆資料。
2025-10-22 23:42:41,162 - SUCCESS - <農產品產地價格資料>的資料已下載完成，共 9999 筆資料。
2025-10-22 23:43:25,183 - SUCCESS - 已下載、去重並合併資料完成現有資料 343887 條，新資料 5 條。
2025-10-22 23:43:25,183 - SUCCESS - 已下載、去重並合併資料完成現有資料 343887 條，新資料 5 條。
2025-10-22 23:43:27,149 - SUCCESS - 已下載 '農產品產地價格資料' 的原始 JSON 資料路徑: 'C:\Python\data_moa_gov_tw\raw_data\農產品產地價格資料\農產品產地價格資料.json'
2025-10-22 23:43:27,149 - SUCCESS - 已下載 '農產品產地價格資料' 的原始 JSON 資料路徑: 'C:\Python\data_moa_gov_tw\raw_data\農產品產地價格資料\農產品產地價格資料.json'
2025-10-22 23:43:27,151 - SUCCESS - 插入或更新 '農產品產地價格資料' 的 Metadata 成功。
2025-10-22 23:43:27,151 - SUCCESS - 插入或更新 '農產品產地價格資料' 的 Metadata 成功。
2025-10-22 23:43:27,165 - SUCCESS - 已成功批量插入 '農產品產地價格資料' 的總計 5 條記錄到表格 '1040014' 。
2025-10-22 23:43:27,165 - SUCCESS - 已成功批量插入 '農產品產地價格資料' 的總計 5 條記錄到表格 '1040014' 。
2025-10-22 23:43:27,247 - SUCCESS - '農產品產地價格資料' 的自動更新完成。
2025-10-22 23:43:27,247 - SUCCESS - '農產品產地價格資料' 的自動更新完成。
2025-10-22 23:43:28,816 - SUCCESS - 成功提取 '雜糧生產概況' 的網頁 Metadata。
2025-10-22 23:43:28,816 - SUCCESS - 成功提取 '雜糧生產概況' 的網頁 Metadata。
2025-10-22 23:43:29,831 - SUCCESS - 已成功儲存次要資訊。
2025-10-22 23:43:29,831 - SUCCESS - 已成功儲存次要資訊。
2025-10-22 23:43:29,831 - SUCCESS - 更新結果儲存成功:{'全國單日平均糧價': '未更新', '各觀測站近兩年降雨量': '未更新', '產銷履歷與有機蔬果行情': '未更新', '糧價查詢': '未更新', '臺灣地區果品生產概況': '未更新', '臺灣地區特用作物生產概況': '未更新', '臺灣地區稻作種植、收穫面積及產量': '未更新', '臺灣地區稻米生產價值': '未更新', '臺灣地區蔬菜生產概況': '未更新', '臺灣地區農產品生產量值': '未更新', '農情調查': '未更新', '農產品交易行情': '已更新', '農產品產地價格(月平均價格)': '未更新', '農產品產地價格資料': '已更新', '雜糧生產概況': '未更新'}
2025-10-22 23:43:29,831 - SUCCESS - 更新結果儲存成功:{'全國單日平均糧價': '未更新', '各觀測站近兩年降雨量': '未更新', '產銷履歷與有機蔬果行情': '未更新', '糧價查詢': '未更新', '臺灣地區果品生產概況': '未更新', '臺灣地區特用作物生產概況': '未更新', '臺灣地區稻作種植、收穫面積及產量': '未更新', '臺灣地區稻米生產價值': '未更新', '臺灣地區蔬菜生產概況': '未更新', '臺灣地區農產品生產量值': '未更新', '農情調查': '未更新', '農產品交易行情': '已更新', '農產品產地價格(月平均價格)': '未更新', '農產品產地價格資料': '已更新', '雜糧生產概況': '未更新'}
