2026-01-17 21:54:21,143 - SUCCESS - 成功提取 '全國單日平均糧價' 的網頁 Metadata。
2026-01-17 21:54:21,143 - SUCCESS - 成功提取 '全國單日平均糧價' 的網頁 Metadata。
2026-01-17 21:54:21,267 - SUCCESS - '全國單日平均糧價' 的 Metadata 已更新到 metadata.json。
2026-01-17 21:54:21,267 - SUCCESS - '全國單日平均糧價' 的 Metadata 已更新到 metadata.json。
2026-01-17 21:54:32,778 - SUCCESS - <全國單日平均糧價>的資料已下載完成，共 9167 筆資料。
2026-01-17 21:54:32,778 - SUCCESS - <全國單日平均糧價>的資料已下載完成，共 9167 筆資料。
2026-01-17 21:54:33,220 - SUCCESS - 已下載、去重並合併資料完成現有資料 9167 條，新資料 0 條。
2026-01-17 21:54:33,220 - SUCCESS - 已下載、去重並合併資料完成現有資料 9167 條，新資料 0 條。
2026-01-17 21:54:33,285 - SUCCESS - 插入或更新 '全國單日平均糧價' 的 Metadata 成功。
2026-01-17 21:54:33,285 - SUCCESS - 插入或更新 '全國單日平均糧價' 的 Metadata 成功。
2026-01-17 21:54:33,291 - SUCCESS - '全國單日平均糧價' 的自動更新完成。
2026-01-17 21:54:33,291 - SUCCESS - '全國單日平均糧價' 的自動更新完成。
2026-01-17 21:54:35,024 - SUCCESS - 成功提取 '各觀測站近兩年降雨量' 的網頁 Metadata。
2026-01-17 21:54:35,024 - SUCCESS - 成功提取 '各觀測站近兩年降雨量' 的網頁 Metadata。
2026-01-17 21:54:36,995 - SUCCESS - 成功提取 '產銷履歷與有機蔬果行情' 的網頁 Metadata。
2026-01-17 21:54:36,995 - SUCCESS - 成功提取 '產銷履歷與有機蔬果行情' 的網頁 Metadata。
2026-01-17 21:54:37,047 - SUCCESS - '產銷履歷與有機蔬果行情' 的 Metadata 已更新到 metadata.json。
2026-01-17 21:54:37,047 - SUCCESS - '產銷履歷與有機蔬果行情' 的 Metadata 已更新到 metadata.json。
2026-01-17 21:54:41,655 - SUCCESS - <產銷履歷與有機蔬果行情>的資料已下載完成，共 4729 筆資料。
2026-01-17 21:54:41,655 - SUCCESS - <產銷履歷與有機蔬果行情>的資料已下載完成，共 4729 筆資料。
2026-01-17 21:55:06,336 - SUCCESS - 已下載、去重並合併資料完成現有資料 341376 條，新資料 2400 條。
2026-01-17 21:55:06,336 - SUCCESS - 已下載、去重並合併資料完成現有資料 341376 條，新資料 2400 條。
2026-01-17 21:55:08,285 - SUCCESS - 已下載 '產銷履歷與有機蔬果行情' 的原始 JSON 資料路徑: 'C:\Python\data_moa_gov_tw\raw_data\產銷履歷與有機蔬果行情\產銷履歷與有機蔬果行情.json'
2026-01-17 21:55:08,285 - SUCCESS - 已下載 '產銷履歷與有機蔬果行情' 的原始 JSON 資料路徑: 'C:\Python\data_moa_gov_tw\raw_data\產銷履歷與有機蔬果行情\產銷履歷與有機蔬果行情.json'
2026-01-17 21:55:08,290 - SUCCESS - 插入或更新 '產銷履歷與有機蔬果行情' 的 Metadata 成功。
2026-01-17 21:55:08,290 - SUCCESS - 插入或更新 '產銷履歷與有機蔬果行情' 的 Metadata 成功。
2026-01-17 21:55:09,387 - SUCCESS - 已成功批量插入 '產銷履歷與有機蔬果行情' 的總計 2400 條記錄到表格 '1040003' 。
2026-01-17 21:55:09,387 - SUCCESS - 已成功批量插入 '產銷履歷與有機蔬果行情' 的總計 2400 條記錄到表格 '1040003' 。
2026-01-17 21:55:09,489 - SUCCESS - '產銷履歷與有機蔬果行情' 的自動更新完成。
2026-01-17 21:55:09,489 - SUCCESS - '產銷履歷與有機蔬果行情' 的自動更新完成。
2026-01-17 21:55:11,089 - SUCCESS - 成功提取 '糧價查詢' 的網頁 Metadata。
2026-01-17 21:55:11,089 - SUCCESS - 成功提取 '糧價查詢' 的網頁 Metadata。
2026-01-17 21:55:11,138 - SUCCESS - '糧價查詢' 的 Metadata 已更新到 metadata.json。
2026-01-17 21:55:11,138 - SUCCESS - '糧價查詢' 的 Metadata 已更新到 metadata.json。
2026-01-17 21:55:13,311 - SUCCESS - <糧價查詢>的資料已下載完成，共 9999 筆資料。
2026-01-17 21:55:13,311 - SUCCESS - <糧價查詢>的資料已下載完成，共 9999 筆資料。
2026-01-17 21:55:14,269 - SUCCESS - 已下載、去重並合併資料完成現有資料 11095 條，新資料 20 條。
2026-01-17 21:55:14,269 - SUCCESS - 已下載、去重並合併資料完成現有資料 11095 條，新資料 20 條。
2026-01-17 21:55:15,117 - SUCCESS - 已下載 '糧價查詢' 的原始 JSON 資料路徑: 'C:\Python\data_moa_gov_tw\raw_data\糧價查詢\糧價查詢.json'
2026-01-17 21:55:15,117 - SUCCESS - 已下載 '糧價查詢' 的原始 JSON 資料路徑: 'C:\Python\data_moa_gov_tw\raw_data\糧價查詢\糧價查詢.json'
2026-01-17 21:55:15,123 - SUCCESS - 插入或更新 '糧價查詢' 的 Metadata 成功。
2026-01-17 21:55:15,123 - SUCCESS - 插入或更新 '糧價查詢' 的 Metadata 成功。
2026-01-17 21:55:15,144 - SUCCESS - 已成功批量插入 '糧價查詢' 的總計 20 條記錄到表格 '1040004' 。
2026-01-17 21:55:15,144 - SUCCESS - 已成功批量插入 '糧價查詢' 的總計 20 條記錄到表格 '1040004' 。
2026-01-17 21:55:15,149 - SUCCESS - '糧價查詢' 的自動更新完成。
2026-01-17 21:55:15,149 - SUCCESS - '糧價查詢' 的自動更新完成。
2026-01-17 21:55:18,116 - SUCCESS - 成功提取 '臺灣地區果品生產概況' 的網頁 Metadata。
2026-01-17 21:55:18,116 - SUCCESS - 成功提取 '臺灣地區果品生產概況' 的網頁 Metadata。
2026-01-17 21:55:20,896 - SUCCESS - 成功提取 '臺灣地區特用作物生產概況' 的網頁 Metadata。
2026-01-17 21:55:20,896 - SUCCESS - 成功提取 '臺灣地區特用作物生產概況' 的網頁 Metadata。
2026-01-17 21:55:22,361 - SUCCESS - 成功提取 '臺灣地區稻作種植、收穫面積及產量' 的網頁 Metadata。
2026-01-17 21:55:22,361 - SUCCESS - 成功提取 '臺灣地區稻作種植、收穫面積及產量' 的網頁 Metadata。
2026-01-17 21:55:23,735 - SUCCESS - 成功提取 '臺灣地區稻米生產價值' 的網頁 Metadata。
2026-01-17 21:55:23,735 - SUCCESS - 成功提取 '臺灣地區稻米生產價值' 的網頁 Metadata。
2026-01-17 21:55:28,013 - SUCCESS - 成功提取 '臺灣地區蔬菜生產概況' 的網頁 Metadata。
2026-01-17 21:55:28,013 - SUCCESS - 成功提取 '臺灣地區蔬菜生產概況' 的網頁 Metadata。
2026-01-17 21:55:29,716 - SUCCESS - 成功提取 '臺灣地區農產品生產量值' 的網頁 Metadata。
2026-01-17 21:55:29,716 - SUCCESS - 成功提取 '臺灣地區農產品生產量值' 的網頁 Metadata。
2026-01-17 21:55:31,705 - SUCCESS - 成功提取 '農情調查' 的網頁 Metadata。
2026-01-17 21:55:31,705 - SUCCESS - 成功提取 '農情調查' 的網頁 Metadata。
2026-01-17 21:55:31,751 - SUCCESS - '農情調查' 的 Metadata 已更新到 metadata.json。
2026-01-17 21:55:31,751 - SUCCESS - '農情調查' 的 Metadata 已更新到 metadata.json。
2026-01-17 21:55:38,116 - SUCCESS - <農情調查>的資料已下載完成，共 9999 筆資料。
2026-01-17 21:55:38,116 - SUCCESS - <農情調查>的資料已下載完成，共 9999 筆資料。
2026-01-17 21:55:39,232 - SUCCESS - 已下載、去重並合併資料完成現有資料 45259 條，新資料 0 條。
2026-01-17 21:55:39,232 - SUCCESS - 已下載、去重並合併資料完成現有資料 45259 條，新資料 0 條。
2026-01-17 21:55:39,541 - SUCCESS - 插入或更新 '農情調查' 的 Metadata 成功。
2026-01-17 21:55:39,541 - SUCCESS - 插入或更新 '農情調查' 的 Metadata 成功。
2026-01-17 21:55:39,559 - SUCCESS - '農情調查' 的自動更新完成。
2026-01-17 21:55:39,559 - SUCCESS - '農情調查' 的自動更新完成。
2026-01-17 21:55:41,142 - SUCCESS - 成功提取 '農產品交易行情' 的網頁 Metadata。
2026-01-17 21:55:41,142 - SUCCESS - 成功提取 '農產品交易行情' 的網頁 Metadata。
2026-01-17 21:55:41,190 - SUCCESS - '農產品交易行情' 的 Metadata 已更新到 metadata.json。
2026-01-17 21:55:41,190 - SUCCESS - '農產品交易行情' 的 Metadata 已更新到 metadata.json。
2026-01-17 21:55:54,419 - SUCCESS - <農產品交易行情>的資料已下載完成，共 13591 筆資料。
2026-01-17 21:55:54,419 - SUCCESS - <農產品交易行情>的資料已下載完成，共 13591 筆資料。
2026-01-17 21:56:26,533 - SUCCESS - 已下載、去重並合併資料完成現有資料 621293 條，新資料 2658 條。
2026-01-17 21:56:26,533 - SUCCESS - 已下載、去重並合併資料完成現有資料 621293 條，新資料 2658 條。
2026-01-17 21:56:29,771 - SUCCESS - 已下載 '農產品交易行情' 的原始 JSON 資料路徑: 'C:\Python\data_moa_gov_tw\raw_data\農產品交易行情\農產品交易行情.json'
2026-01-17 21:56:29,771 - SUCCESS - 已下載 '農產品交易行情' 的原始 JSON 資料路徑: 'C:\Python\data_moa_gov_tw\raw_data\農產品交易行情\農產品交易行情.json'
2026-01-17 21:56:29,778 - SUCCESS - 插入或更新 '農產品交易行情' 的 Metadata 成功。
2026-01-17 21:56:29,778 - SUCCESS - 插入或更新 '農產品交易行情' 的 Metadata 成功。
2026-01-17 21:56:31,088 - SUCCESS - 已成功批量插入 '農產品交易行情' 的總計 2656 條記錄到表格 '1040012' 。
2026-01-17 21:56:31,088 - SUCCESS - 已成功批量插入 '農產品交易行情' 的總計 2656 條記錄到表格 '1040012' 。
2026-01-17 21:56:31,370 - SUCCESS - '農產品交易行情' 的自動更新完成。
2026-01-17 21:56:31,370 - SUCCESS - '農產品交易行情' 的自動更新完成。
2026-01-17 21:56:33,985 - SUCCESS - 成功提取 '農產品產地價格(月平均價格)' 的網頁 Metadata。
2026-01-17 21:56:33,985 - SUCCESS - 成功提取 '農產品產地價格(月平均價格)' 的網頁 Metadata。
2026-01-17 21:56:35,401 - SUCCESS - 成功提取 '農產品產地價格資料' 的網頁 Metadata。
2026-01-17 21:56:35,401 - SUCCESS - 成功提取 '農產品產地價格資料' 的網頁 Metadata。
2026-01-17 21:56:35,451 - SUCCESS - '農產品產地價格資料' 的 Metadata 已更新到 metadata.json。
2026-01-17 21:56:35,451 - SUCCESS - '農產品產地價格資料' 的 Metadata 已更新到 metadata.json。
2026-01-17 21:56:36,934 - SUCCESS - <農產品產地價格資料>的資料已下載完成，共 9999 筆資料。
2026-01-17 21:56:36,934 - SUCCESS - <農產品產地價格資料>的資料已下載完成，共 9999 筆資料。
2026-01-17 21:57:26,580 - SUCCESS - 已下載、去重並合併資料完成現有資料 350332 條，新資料 11 條。
2026-01-17 21:57:26,580 - SUCCESS - 已下載、去重並合併資料完成現有資料 350332 條，新資料 11 條。
2026-01-17 21:57:29,539 - SUCCESS - 已下載 '農產品產地價格資料' 的原始 JSON 資料路徑: 'C:\Python\data_moa_gov_tw\raw_data\農產品產地價格資料\農產品產地價格資料.json'
2026-01-17 21:57:29,539 - SUCCESS - 已下載 '農產品產地價格資料' 的原始 JSON 資料路徑: 'C:\Python\data_moa_gov_tw\raw_data\農產品產地價格資料\農產品產地價格資料.json'
2026-01-17 21:57:29,544 - SUCCESS - 插入或更新 '農產品產地價格資料' 的 Metadata 成功。
2026-01-17 21:57:29,544 - SUCCESS - 插入或更新 '農產品產地價格資料' 的 Metadata 成功。
2026-01-17 21:57:29,562 - SUCCESS - 已成功批量插入 '農產品產地價格資料' 的總計 11 條記錄到表格 '1040014' 。
2026-01-17 21:57:29,562 - SUCCESS - 已成功批量插入 '農產品產地價格資料' 的總計 11 條記錄到表格 '1040014' 。
2026-01-17 21:57:29,663 - SUCCESS - '農產品產地價格資料' 的自動更新完成。
2026-01-17 21:57:29,663 - SUCCESS - '農產品產地價格資料' 的自動更新完成。
2026-01-17 21:57:31,339 - SUCCESS - 成功提取 '雜糧生產概況' 的網頁 Metadata。
2026-01-17 21:57:31,339 - SUCCESS - 成功提取 '雜糧生產概況' 的網頁 Metadata。
2026-01-17 21:57:32,356 - SUCCESS - 已成功儲存次要資訊。
2026-01-17 21:57:32,356 - SUCCESS - 已成功儲存次要資訊。
2026-01-17 21:57:32,356 - SUCCESS - 更新結果儲存成功:{'全國單日平均糧價': '已更新', '各觀測站近兩年降雨量': '未更新', '產銷履歷與有機蔬果行情': '已更新', '糧價查詢': '已更新', '臺灣地區果品生產概況': '未更新', '臺灣地區特用作物生產概況': '未更新', '臺灣地區稻作種植、收穫面積及產量': '未更新', '臺灣地區稻米生產價值': '未更新', '臺灣地區蔬菜生產概況': '未更新', '臺灣地區農產品生產量值': '未更新', '農情調查': '已更新', '農產品交易行情': '已更新', '農產品產地價格(月平均價格)': '未更新', '農產品產地價格資料': '已更新', '雜糧生產概況': '未更新'}
2026-01-17 21:57:32,356 - SUCCESS - 更新結果儲存成功:{'全國單日平均糧價': '已更新', '各觀測站近兩年降雨量': '未更新', '產銷履歷與有機蔬果行情': '已更新', '糧價查詢': '已更新', '臺灣地區果品生產概況': '未更新', '臺灣地區特用作物生產概況': '未更新', '臺灣地區稻作種植、收穫面積及產量': '未更新', '臺灣地區稻米生產價值': '未更新', '臺灣地區蔬菜生產概況': '未更新', '臺灣地區農產品生產量值': '未更新', '農情調查': '已更新', '農產品交易行情': '已更新', '農產品產地價格(月平均價格)': '未更新', '農產品產地價格資料': '已更新', '雜糧生產概況': '未更新'}
