2025-10-11 02:28:28,420 - SUCCESS - 成功提取 '全國單日平均糧價' 的網頁 Metadata。
2025-10-11 02:28:28,420 - SUCCESS - 成功提取 '全國單日平均糧價' 的網頁 Metadata。
2025-10-11 02:28:28,477 - SUCCESS - '全國單日平均糧價' 的 Metadata 已更新到 metadata.json。
2025-10-11 02:28:28,477 - SUCCESS - '全國單日平均糧價' 的 Metadata 已更新到 metadata.json。
2025-10-11 02:28:30,249 - SUCCESS - <全國單日平均糧價>的資料已下載完成，共 9068 筆資料。
2025-10-11 02:28:30,249 - SUCCESS - <全國單日平均糧價>的資料已下載完成，共 9068 筆資料。
2025-10-11 02:28:30,937 - SUCCESS - 已下載、去重並合併資料完成現有資料 9068 條，新資料 0 條。
2025-10-11 02:28:30,937 - SUCCESS - 已下載、去重並合併資料完成現有資料 9068 條，新資料 0 條。
2025-10-11 02:28:31,166 - SUCCESS - 插入或更新 '全國單日平均糧價' 的 Metadata 成功。
2025-10-11 02:28:31,166 - SUCCESS - 插入或更新 '全國單日平均糧價' 的 Metadata 成功。
2025-10-11 02:28:31,171 - SUCCESS - '全國單日平均糧價' 的自動更新完成。
2025-10-11 02:28:31,171 - SUCCESS - '全國單日平均糧價' 的自動更新完成。
2025-10-11 02:28:32,327 - SUCCESS - 成功提取 '各觀測站近兩年降雨量' 的網頁 Metadata。
2025-10-11 02:28:32,327 - SUCCESS - 成功提取 '各觀測站近兩年降雨量' 的網頁 Metadata。
2025-10-11 02:28:33,606 - SUCCESS - 成功提取 '產銷履歷與有機蔬果行情' 的網頁 Metadata。
2025-10-11 02:28:33,606 - SUCCESS - 成功提取 '產銷履歷與有機蔬果行情' 的網頁 Metadata。
2025-10-11 02:28:33,649 - SUCCESS - '產銷履歷與有機蔬果行情' 的 Metadata 已更新到 metadata.json。
2025-10-11 02:28:33,649 - SUCCESS - '產銷履歷與有機蔬果行情' 的 Metadata 已更新到 metadata.json。
2025-10-11 02:28:34,473 - SUCCESS - <產銷履歷與有機蔬果行情>的資料已下載完成，共 4525 筆資料。
2025-10-11 02:28:34,473 - SUCCESS - <產銷履歷與有機蔬果行情>的資料已下載完成，共 4525 筆資料。
2025-10-11 02:28:46,088 - SUCCESS - 已下載、去重並合併資料完成現有資料 155406 條，新資料 2226 條。
2025-10-11 02:28:46,088 - SUCCESS - 已下載、去重並合併資料完成現有資料 155406 條，新資料 2226 條。
2025-10-11 02:28:46,853 - SUCCESS - 已下載 '產銷履歷與有機蔬果行情' 的原始 JSON 資料路徑: 'c:\Python\data_moa_gov_tw\raw_data\產銷履歷與有機蔬果行情\產銷履歷與有機蔬果行情.json'
2025-10-11 02:28:46,853 - SUCCESS - 已下載 '產銷履歷與有機蔬果行情' 的原始 JSON 資料路徑: 'c:\Python\data_moa_gov_tw\raw_data\產銷履歷與有機蔬果行情\產銷履歷與有機蔬果行情.json'
2025-10-11 02:28:46,860 - SUCCESS - 插入或更新 '產銷履歷與有機蔬果行情' 的 Metadata 成功。
2025-10-11 02:28:46,860 - SUCCESS - 插入或更新 '產銷履歷與有機蔬果行情' 的 Metadata 成功。
2025-10-11 02:28:47,773 - SUCCESS - 已成功批量插入 '產銷履歷與有機蔬果行情' 的總計 2226 條記錄到表格 '1040003' 。
2025-10-11 02:28:47,773 - SUCCESS - 已成功批量插入 '產銷履歷與有機蔬果行情' 的總計 2226 條記錄到表格 '1040003' 。
2025-10-11 02:28:47,802 - SUCCESS - '產銷履歷與有機蔬果行情' 的自動更新完成。
2025-10-11 02:28:47,802 - SUCCESS - '產銷履歷與有機蔬果行情' 的自動更新完成。
2025-10-11 02:28:48,952 - SUCCESS - 成功提取 '糧價查詢' 的網頁 Metadata。
2025-10-11 02:28:48,952 - SUCCESS - 成功提取 '糧價查詢' 的網頁 Metadata。
2025-10-11 02:28:50,194 - SUCCESS - 成功提取 '臺灣地區果品生產概況' 的網頁 Metadata。
2025-10-11 02:28:50,194 - SUCCESS - 成功提取 '臺灣地區果品生產概況' 的網頁 Metadata。
2025-10-11 02:28:51,318 - SUCCESS - 成功提取 '臺灣地區特用作物生產概況' 的網頁 Metadata。
2025-10-11 02:28:51,318 - SUCCESS - 成功提取 '臺灣地區特用作物生產概況' 的網頁 Metadata。
2025-10-11 02:28:52,478 - SUCCESS - 成功提取 '臺灣地區稻作種植、收穫面積及產量' 的網頁 Metadata。
2025-10-11 02:28:52,478 - SUCCESS - 成功提取 '臺灣地區稻作種植、收穫面積及產量' 的網頁 Metadata。
2025-10-11 02:28:54,423 - SUCCESS - 成功提取 '臺灣地區稻米生產價值' 的網頁 Metadata。
2025-10-11 02:28:54,423 - SUCCESS - 成功提取 '臺灣地區稻米生產價值' 的網頁 Metadata。
2025-10-11 02:28:55,562 - SUCCESS - 成功提取 '臺灣地區蔬菜生產概況' 的網頁 Metadata。
2025-10-11 02:28:55,562 - SUCCESS - 成功提取 '臺灣地區蔬菜生產概況' 的網頁 Metadata。
2025-10-11 02:28:56,716 - SUCCESS - 成功提取 '臺灣地區農產品生產量值' 的網頁 Metadata。
2025-10-11 02:28:56,716 - SUCCESS - 成功提取 '臺灣地區農產品生產量值' 的網頁 Metadata。
2025-10-11 02:28:57,854 - SUCCESS - 成功提取 '農情調查' 的網頁 Metadata。
2025-10-11 02:28:57,854 - SUCCESS - 成功提取 '農情調查' 的網頁 Metadata。
2025-10-11 02:28:57,871 - SUCCESS - '農情調查' 的 Metadata 已更新到 metadata.json。
2025-10-11 02:28:57,871 - SUCCESS - '農情調查' 的 Metadata 已更新到 metadata.json。
2025-10-11 02:28:59,987 - SUCCESS - <農情調查>的資料已下載完成，共 9999 筆資料。
2025-10-11 02:28:59,987 - SUCCESS - <農情調查>的資料已下載完成，共 9999 筆資料。
2025-10-11 02:29:00,945 - SUCCESS - 已下載、去重並合併資料完成現有資料 45259 條，新資料 0 條。
2025-10-11 02:29:00,945 - SUCCESS - 已下載、去重並合併資料完成現有資料 45259 條，新資料 0 條。
2025-10-11 02:29:01,181 - SUCCESS - 插入或更新 '農情調查' 的 Metadata 成功。
2025-10-11 02:29:01,181 - SUCCESS - 插入或更新 '農情調查' 的 Metadata 成功。
2025-10-11 02:29:01,193 - SUCCESS - '農情調查' 的自動更新完成。
2025-10-11 02:29:01,193 - SUCCESS - '農情調查' 的自動更新完成。
2025-10-11 02:29:02,392 - SUCCESS - 成功提取 '農產品交易行情' 的網頁 Metadata。
2025-10-11 02:29:02,392 - SUCCESS - 成功提取 '農產品交易行情' 的網頁 Metadata。
2025-10-11 02:29:02,418 - SUCCESS - '農產品交易行情' 的 Metadata 已更新到 metadata.json。
2025-10-11 02:29:02,418 - SUCCESS - '農產品交易行情' 的 Metadata 已更新到 metadata.json。
2025-10-11 02:29:06,681 - SUCCESS - <農產品交易行情>的資料已下載完成，共 8772 筆資料。
2025-10-11 02:29:06,681 - SUCCESS - <農產品交易行情>的資料已下載完成，共 8772 筆資料。
2025-10-11 02:29:20,471 - SUCCESS - 已下載、去重並合併資料完成現有資料 332899 條，新資料 1077 條。
2025-10-11 02:29:20,471 - SUCCESS - 已下載、去重並合併資料完成現有資料 332899 條，新資料 1077 條。
2025-10-11 02:29:21,793 - SUCCESS - 已下載 '農產品交易行情' 的原始 JSON 資料路徑: 'c:\Python\data_moa_gov_tw\raw_data\農產品交易行情\農產品交易行情.json'
2025-10-11 02:29:21,793 - SUCCESS - 已下載 '農產品交易行情' 的原始 JSON 資料路徑: 'c:\Python\data_moa_gov_tw\raw_data\農產品交易行情\農產品交易行情.json'
2025-10-11 02:29:21,799 - SUCCESS - 插入或更新 '農產品交易行情' 的 Metadata 成功。
2025-10-11 02:29:21,799 - SUCCESS - 插入或更新 '農產品交易行情' 的 Metadata 成功。
2025-10-11 02:29:22,238 - SUCCESS - 已成功批量插入 '農產品交易行情' 的總計 1077 條記錄到表格 '1040012' 。
2025-10-11 02:29:22,238 - SUCCESS - 已成功批量插入 '農產品交易行情' 的總計 1077 條記錄到表格 '1040012' 。
2025-10-11 02:29:22,329 - SUCCESS - '農產品交易行情' 的自動更新完成。
2025-10-11 02:29:22,329 - SUCCESS - '農產品交易行情' 的自動更新完成。
2025-10-11 02:29:23,544 - SUCCESS - 成功提取 '農產品產地價格(月平均價格)' 的網頁 Metadata。
2025-10-11 02:29:23,544 - SUCCESS - 成功提取 '農產品產地價格(月平均價格)' 的網頁 Metadata。
2025-10-11 02:29:24,726 - SUCCESS - 成功提取 '農產品產地價格資料' 的網頁 Metadata。
2025-10-11 02:29:24,726 - SUCCESS - 成功提取 '農產品產地價格資料' 的網頁 Metadata。
2025-10-11 02:29:24,753 - SUCCESS - '農產品產地價格資料' 的 Metadata 已更新到 metadata.json。
2025-10-11 02:29:24,753 - SUCCESS - '農產品產地價格資料' 的 Metadata 已更新到 metadata.json。
2025-10-11 02:29:25,249 - SUCCESS - <農產品產地價格資料>的資料已下載完成，共 9999 筆資料。
2025-10-11 02:29:25,249 - SUCCESS - <農產品產地價格資料>的資料已下載完成，共 9999 筆資料。
2025-10-11 02:30:02,012 - SUCCESS - 已下載、去重並合併資料完成現有資料 343833 條，新資料 0 條。
2025-10-11 02:30:02,012 - SUCCESS - 已下載、去重並合併資料完成現有資料 343833 條，新資料 0 條。
2025-10-11 02:30:03,606 - SUCCESS - 已下載 '農產品產地價格資料' 的原始 JSON 資料路徑: 'c:\Python\data_moa_gov_tw\raw_data\農產品產地價格資料\農產品產地價格資料.json'
2025-10-11 02:30:03,606 - SUCCESS - 已下載 '農產品產地價格資料' 的原始 JSON 資料路徑: 'c:\Python\data_moa_gov_tw\raw_data\農產品產地價格資料\農產品產地價格資料.json'
2025-10-11 02:30:03,612 - SUCCESS - 插入或更新 '農產品產地價格資料' 的 Metadata 成功。
2025-10-11 02:30:03,612 - SUCCESS - 插入或更新 '農產品產地價格資料' 的 Metadata 成功。
2025-10-11 02:30:04,149 - SUCCESS - 已成功批量插入 '農產品產地價格資料' 的總計 1371 條記錄到表格 '1040014' 。
2025-10-11 02:30:04,149 - SUCCESS - 已成功批量插入 '農產品產地價格資料' 的總計 1371 條記錄到表格 '1040014' 。
2025-10-11 02:30:04,226 - SUCCESS - '農產品產地價格資料' 的自動更新完成。
2025-10-11 02:30:04,226 - SUCCESS - '農產品產地價格資料' 的自動更新完成。
2025-10-11 02:30:05,374 - SUCCESS - 成功提取 '雜糧生產概況' 的網頁 Metadata。
2025-10-11 02:30:05,374 - SUCCESS - 成功提取 '雜糧生產概況' 的網頁 Metadata。
2025-10-11 02:30:06,377 - SUCCESS - 已成功儲存次要資訊。
2025-10-11 02:30:06,377 - SUCCESS - 已成功儲存次要資訊。
2025-10-11 02:30:06,377 - SUCCESS - 更新結果儲存成功:{'全國單日平均糧價': '已更新', '各觀測站近兩年降雨量': '未更新', '產銷履歷與有機蔬果行情': '已更新', '糧價查詢': '未更新', '臺灣地區果品生產概況': '未更新', '臺灣地區特用作物生產概況': '未更新', '臺灣地區稻作種植、收穫面積及產量': '未更新', '臺灣地區稻米生產價值': '未更新', '臺灣地區蔬菜生產概況': '未更新', '臺灣地區農產品生產量值': '未更新', '農情調查': '已更新', '農產品交易行情': '已更新', '農產品產地價格(月平均價格)': '未更新', '農產品產地價格資料': '已更新', '雜糧生產概況': '未更新'}
2025-10-11 02:30:06,377 - SUCCESS - 更新結果儲存成功:{'全國單日平均糧價': '已更新', '各觀測站近兩年降雨量': '未更新', '產銷履歷與有機蔬果行情': '已更新', '糧價查詢': '未更新', '臺灣地區果品生產概況': '未更新', '臺灣地區特用作物生產概況': '未更新', '臺灣地區稻作種植、收穫面積及產量': '未更新', '臺灣地區稻米生產價值': '未更新', '臺灣地區蔬菜生產概況': '未更新', '臺灣地區農產品生產量值': '未更新', '農情調查': '已更新', '農產品交易行情': '已更新', '農產品產地價格(月平均價格)': '未更新', '農產品產地價格資料': '已更新', '雜糧生產概況': '未更新'}
