2026-03-01 04:14:16,015 - LOGS - 成功提取 '產銷履歷與有機蔬果行情' 的網頁 Metadata。
2026-03-01 04:14:16,015 - LOGS - 成功提取 '產銷履歷與有機蔬果行情' 的網頁 Metadata。
2026-03-01 04:14:16,071 - LOGS - '產銷履歷與有機蔬果行情' 的 Metadata 已更新到 metadata.json。
2026-03-01 04:14:16,071 - LOGS - '產銷履歷與有機蔬果行情' 的 Metadata 已更新到 metadata.json。
2026-03-01 04:14:22,787 - LOGS - <產銷履歷與有機蔬果行情>的資料已下載完成，共 4795 筆資料。
2026-03-01 04:14:22,787 - LOGS - <產銷履歷與有機蔬果行情>的資料已下載完成，共 4795 筆資料。
2026-03-01 04:14:23,116 - LOGS - 已下載、去重並合併資料完成現有資料 4795 條，新資料 4795 條。
2026-03-01 04:14:23,116 - LOGS - 已下載、去重並合併資料完成現有資料 4795 條，新資料 4795 條。
2026-03-01 04:14:26,044 - LOGS - 已下載 '產銷履歷與有機蔬果行情' 的原始 JSON 資料路徑: 'C:\Python\data_moa_gov_tw\raw_data\產銷履歷與有機蔬果行情.json'
2026-03-01 04:14:26,044 - LOGS - 已下載 '產銷履歷與有機蔬果行情' 的原始 JSON 資料路徑: 'C:\Python\data_moa_gov_tw\raw_data\產銷履歷與有機蔬果行情.json'
2026-03-01 04:14:26,112 - LOGS - 插入或更新 '產銷履歷與有機蔬果行情' 的 Metadata 成功。
2026-03-01 04:14:26,112 - LOGS - 插入或更新 '產銷履歷與有機蔬果行情' 的 Metadata 成功。
2026-03-01 04:14:27,022 - LOGS - 已成功批量插入 '產銷履歷與有機蔬果行情' 的總計 2349 條記錄到表格 '1040003' 。
2026-03-01 04:14:27,022 - LOGS - 已成功批量插入 '產銷履歷與有機蔬果行情' 的總計 2349 條記錄到表格 '1040003' 。
2026-03-01 04:14:27,176 - LOGS - '產銷履歷與有機蔬果行情' 的自動更新完成。
2026-03-01 04:14:27,176 - LOGS - '產銷履歷與有機蔬果行情' 的自動更新完成。
2026-03-01 04:14:28,543 - LOGS - 成功提取 '各觀測站近兩年降雨量' 的網頁 Metadata。
2026-03-01 04:14:28,543 - LOGS - 成功提取 '各觀測站近兩年降雨量' 的網頁 Metadata。
2026-03-01 04:14:29,949 - LOGS - 成功提取 '臺灣地區果品生產概況' 的網頁 Metadata。
2026-03-01 04:14:29,949 - LOGS - 成功提取 '臺灣地區果品生產概況' 的網頁 Metadata。
2026-03-01 04:14:31,243 - LOGS - 成功提取 '臺灣地區特用作物生產概況' 的網頁 Metadata。
2026-03-01 04:14:31,243 - LOGS - 成功提取 '臺灣地區特用作物生產概況' 的網頁 Metadata。
2026-03-01 04:14:32,639 - LOGS - 成功提取 '農產品交易行情' 的網頁 Metadata。
2026-03-01 04:14:32,639 - LOGS - 成功提取 '農產品交易行情' 的網頁 Metadata。
2026-03-01 04:14:32,642 - LOGS - '農產品交易行情' 的 Metadata 已更新到 metadata.json。
2026-03-01 04:14:32,642 - LOGS - '農產品交易行情' 的 Metadata 已更新到 metadata.json。
2026-03-01 04:15:04,483 - LOGS - <農產品交易行情>的資料已下載完成，共 9806 筆資料。
2026-03-01 04:15:04,483 - LOGS - <農產品交易行情>的資料已下載完成，共 9806 筆資料。
2026-03-01 04:15:04,704 - LOGS - 已下載、去重並合併資料完成現有資料 9806 條，新資料 9806 條。
2026-03-01 04:15:04,704 - LOGS - 已下載、去重並合併資料完成現有資料 9806 條，新資料 9806 條。
2026-03-01 04:15:10,841 - LOGS - 已下載 '農產品交易行情' 的原始 JSON 資料路徑: 'C:\Python\data_moa_gov_tw\raw_data\農產品交易行情.json'
2026-03-01 04:15:10,841 - LOGS - 已下載 '農產品交易行情' 的原始 JSON 資料路徑: 'C:\Python\data_moa_gov_tw\raw_data\農產品交易行情.json'
2026-03-01 04:15:10,849 - LOGS - 插入或更新 '農產品交易行情' 的 Metadata 成功。
2026-03-01 04:15:10,849 - LOGS - 插入或更新 '農產品交易行情' 的 Metadata 成功。
2026-03-01 04:15:12,440 - LOGS - 已成功批量插入 '農產品交易行情' 的總計 3774 條記錄到表格 '1040012' 。
2026-03-01 04:15:12,440 - LOGS - 已成功批量插入 '農產品交易行情' 的總計 3774 條記錄到表格 '1040012' 。
2026-03-01 04:15:12,607 - LOGS - '農產品交易行情' 的自動更新完成。
2026-03-01 04:15:12,607 - LOGS - '農產品交易行情' 的自動更新完成。
2026-03-01 04:15:13,840 - LOGS - 成功提取 '臺灣地區稻作種植、收穫面積及產量' 的網頁 Metadata。
2026-03-01 04:15:13,840 - LOGS - 成功提取 '臺灣地區稻作種植、收穫面積及產量' 的網頁 Metadata。
2026-03-01 04:15:15,026 - LOGS - 成功提取 '臺灣地區稻米生產價值' 的網頁 Metadata。
2026-03-01 04:15:15,026 - LOGS - 成功提取 '臺灣地區稻米生產價值' 的網頁 Metadata。
2026-03-01 04:15:16,247 - LOGS - 成功提取 '農產品產地價格資料' 的網頁 Metadata。
2026-03-01 04:15:16,247 - LOGS - 成功提取 '農產品產地價格資料' 的網頁 Metadata。
2026-03-01 04:15:17,486 - LOGS - 成功提取 '農情調查' 的網頁 Metadata。
2026-03-01 04:15:17,486 - LOGS - 成功提取 '農情調查' 的網頁 Metadata。
2026-03-01 04:15:17,489 - LOGS - '農情調查' 的 Metadata 已更新到 metadata.json。
2026-03-01 04:15:17,489 - LOGS - '農情調查' 的 Metadata 已更新到 metadata.json。
2026-03-01 04:15:19,539 - LOGS - <農情調查>的資料已下載完成，共 9999 筆資料。
2026-03-01 04:15:19,539 - LOGS - <農情調查>的資料已下載完成，共 9999 筆資料。
2026-03-01 04:15:19,559 - LOGS - 已下載、去重並合併資料完成現有資料 0 條，新資料 0 條。
2026-03-01 04:15:19,559 - LOGS - 已下載、去重並合併資料完成現有資料 0 條，新資料 0 條。
2026-03-01 04:15:19,568 - LOGS - 插入或更新 '農情調查' 的 Metadata 成功。
2026-03-01 04:15:19,568 - LOGS - 插入或更新 '農情調查' 的 Metadata 成功。
2026-03-01 04:15:19,569 - LOGS - '農情調查' 的自動更新完成。
2026-03-01 04:15:19,569 - LOGS - '農情調查' 的自動更新完成。
2026-03-01 04:15:20,765 - LOGS - 成功提取 '臺灣地區農產品生產量值' 的網頁 Metadata。
2026-03-01 04:15:20,765 - LOGS - 成功提取 '臺灣地區農產品生產量值' 的網頁 Metadata。
2026-03-01 04:15:21,975 - LOGS - 成功提取 '雜糧生產概況' 的網頁 Metadata。
2026-03-01 04:15:21,975 - LOGS - 成功提取 '雜糧生產概況' 的網頁 Metadata。
2026-03-01 04:15:23,167 - LOGS - 成功提取 '農產品產地價格(月平均價格)' 的網頁 Metadata。
2026-03-01 04:15:23,167 - LOGS - 成功提取 '農產品產地價格(月平均價格)' 的網頁 Metadata。
2026-03-01 04:15:24,312 - LOGS - 成功提取 '全國單日平均糧價' 的網頁 Metadata。
2026-03-01 04:15:24,312 - LOGS - 成功提取 '全國單日平均糧價' 的網頁 Metadata。
2026-03-01 04:15:24,314 - LOGS - '全國單日平均糧價' 的 Metadata 已更新到 metadata.json。
2026-03-01 04:15:24,314 - LOGS - '全國單日平均糧價' 的 Metadata 已更新到 metadata.json。
2026-03-01 04:15:25,536 - LOGS - <全國單日平均糧價>的資料已下載完成，共 9209 筆資料。
2026-03-01 04:15:25,536 - LOGS - <全國單日平均糧價>的資料已下載完成，共 9209 筆資料。
2026-03-01 04:15:25,696 - LOGS - 已下載、去重並合併資料完成現有資料 423 條，新資料 423 條。
2026-03-01 04:15:25,696 - LOGS - 已下載、去重並合併資料完成現有資料 423 條，新資料 423 條。
2026-03-01 04:15:25,905 - LOGS - 已下載 '全國單日平均糧價' 的原始 JSON 資料路徑: 'C:\Python\data_moa_gov_tw\raw_data\全國單日平均糧價.json'
2026-03-01 04:15:25,905 - LOGS - 已下載 '全國單日平均糧價' 的原始 JSON 資料路徑: 'C:\Python\data_moa_gov_tw\raw_data\全國單日平均糧價.json'
2026-03-01 04:15:25,910 - LOGS - 插入或更新 '全國單日平均糧價' 的 Metadata 成功。
2026-03-01 04:15:25,910 - LOGS - 插入或更新 '全國單日平均糧價' 的 Metadata 成功。
2026-03-01 04:15:25,925 - LOGS - 已成功批量插入 '全國單日平均糧價' 的總計 1 條記錄到表格 '1040001' 。
2026-03-01 04:15:25,925 - LOGS - 已成功批量插入 '全國單日平均糧價' 的總計 1 條記錄到表格 '1040001' 。
2026-03-01 04:15:25,927 - LOGS - '全國單日平均糧價' 的自動更新完成。
2026-03-01 04:15:25,927 - LOGS - '全國單日平均糧價' 的自動更新完成。
2026-03-01 04:15:27,154 - LOGS - 成功提取 '臺灣地區蔬菜生產概況' 的網頁 Metadata。
2026-03-01 04:15:27,154 - LOGS - 成功提取 '臺灣地區蔬菜生產概況' 的網頁 Metadata。
2026-03-01 04:15:28,322 - LOGS - 成功提取 '糧價查詢' 的網頁 Metadata。
2026-03-01 04:15:28,322 - LOGS - 成功提取 '糧價查詢' 的網頁 Metadata。
2026-03-01 04:15:28,326 - LOGS - '糧價查詢' 的 Metadata 已更新到 metadata.json。
2026-03-01 04:15:28,326 - LOGS - '糧價查詢' 的 Metadata 已更新到 metadata.json。
2026-03-01 04:15:29,593 - LOGS - <糧價查詢>的資料已下載完成，共 9999 筆資料。
2026-03-01 04:15:29,593 - LOGS - <糧價查詢>的資料已下載完成，共 9999 筆資料。
2026-03-01 04:15:29,812 - LOGS - 已下載、去重並合併資料完成現有資料 8480 條，新資料 8480 條。
2026-03-01 04:15:29,812 - LOGS - 已下載、去重並合併資料完成現有資料 8480 條，新資料 8480 條。
2026-03-01 04:15:30,950 - LOGS - 已下載 '糧價查詢' 的原始 JSON 資料路徑: 'C:\Python\data_moa_gov_tw\raw_data\糧價查詢.json'
2026-03-01 04:15:30,950 - LOGS - 已下載 '糧價查詢' 的原始 JSON 資料路徑: 'C:\Python\data_moa_gov_tw\raw_data\糧價查詢.json'
2026-03-01 04:15:30,956 - LOGS - 插入或更新 '糧價查詢' 的 Metadata 成功。
2026-03-01 04:15:30,956 - LOGS - 插入或更新 '糧價查詢' 的 Metadata 成功。
2026-03-01 04:15:30,985 - LOGS - 已成功批量插入 '糧價查詢' 的總計 20 條記錄到表格 '1040004' 。
2026-03-01 04:15:30,985 - LOGS - 已成功批量插入 '糧價查詢' 的總計 20 條記錄到表格 '1040004' 。
2026-03-01 04:15:31,151 - LOGS - '糧價查詢' 的自動更新完成。
2026-03-01 04:15:31,151 - LOGS - '糧價查詢' 的自動更新完成。
2026-03-01 04:15:32,188 - LOGS - 更新結果:{'產銷履歷與有機蔬果行情': '已更新', '各觀測站近兩年降雨量': '未更新', '臺灣地區果品生產概況': '未更新', '臺灣地區特用作物生產概況': '未更新', '農產品交易行情': '已更新', '臺灣地區稻作種植、收穫面積及產量': '未更新', '臺灣地區稻米生產價值': '未更新', '農產品產地價格資料': '未更新', '農情調查': '已更新', '臺灣地區農產品生產量值': '未更新', '雜糧生產概況': '未更新', '農產品產地價格(月平均價格)': '未更新', '全國單日平均糧價': '已更新', '臺灣地區蔬菜生產概況': '未更新', '糧價查詢': '已更新'}
2026-03-01 04:15:32,188 - LOGS - 更新結果:{'產銷履歷與有機蔬果行情': '已更新', '各觀測站近兩年降雨量': '未更新', '臺灣地區果品生產概況': '未更新', '臺灣地區特用作物生產概況': '未更新', '農產品交易行情': '已更新', '臺灣地區稻作種植、收穫面積及產量': '未更新', '臺灣地區稻米生產價值': '未更新', '農產品產地價格資料': '未更新', '農情調查': '已更新', '臺灣地區農產品生產量值': '未更新', '雜糧生產概況': '未更新', '農產品產地價格(月平均價格)': '未更新', '全國單日平均糧價': '已更新', '臺灣地區蔬菜生產概況': '未更新', '糧價查詢': '已更新'}
