2026-02-20 00:02:32,325 - SUCCESS - 成功提取 '各觀測站近兩年降雨量' 的網頁 Metadata。
2026-02-20 00:02:32,325 - SUCCESS - 成功提取 '各觀測站近兩年降雨量' 的網頁 Metadata。
2026-02-20 00:02:33,584 - SUCCESS - 成功提取 '臺灣地區果品生產概況' 的網頁 Metadata。
2026-02-20 00:02:33,584 - SUCCESS - 成功提取 '臺灣地區果品生產概況' 的網頁 Metadata。
2026-02-20 00:02:34,784 - SUCCESS - 成功提取 '臺灣地區特用作物生產概況' 的網頁 Metadata。
2026-02-20 00:02:34,784 - SUCCESS - 成功提取 '臺灣地區特用作物生產概況' 的網頁 Metadata。
2026-02-20 00:02:36,109 - SUCCESS - 成功提取 '產銷履歷與有機蔬果行情' 的網頁 Metadata。
2026-02-20 00:02:36,109 - SUCCESS - 成功提取 '產銷履歷與有機蔬果行情' 的網頁 Metadata。
2026-02-20 00:02:37,314 - SUCCESS - 成功提取 '農產品交易行情' 的網頁 Metadata。
2026-02-20 00:02:37,314 - SUCCESS - 成功提取 '農產品交易行情' 的網頁 Metadata。
2026-02-20 00:02:37,356 - SUCCESS - '農產品交易行情' 的 Metadata 已更新到 metadata.json。
2026-02-20 00:02:37,356 - SUCCESS - '農產品交易行情' 的 Metadata 已更新到 metadata.json。
2026-02-20 00:28:51,700 - SUCCESS - 成功提取 '各觀測站近兩年降雨量' 的網頁 Metadata。
2026-02-20 00:28:51,700 - SUCCESS - 成功提取 '各觀測站近兩年降雨量' 的網頁 Metadata。
2026-02-20 15:18:57,459 - SUCCESS - 成功提取 '農產品交易行情' 的網頁 Metadata。
2026-02-20 15:18:57,459 - SUCCESS - 成功提取 '農產品交易行情' 的網頁 Metadata。
2026-02-20 15:19:04,360 - SUCCESS - ✅ 探針任務完成！建議 skip 起點：1
2026-02-20 15:19:04,360 - SUCCESS - ✅ 探針任務完成！建議 skip 起點：1
2026-02-20 15:38:31,146 - SUCCESS - 成功提取 '農產品交易行情' 的網頁 Metadata。
2026-02-20 15:38:31,146 - SUCCESS - 成功提取 '農產品交易行情' 的網頁 Metadata。
2026-02-20 15:39:29,519 - SUCCESS - 成功提取 '農產品交易行情' 的網頁 Metadata。
2026-02-20 15:39:29,519 - SUCCESS - 成功提取 '農產品交易行情' 的網頁 Metadata。
2026-02-20 15:40:18,448 - SUCCESS - ✅ 探針完成！建議從最後有效頁面開始：0
2026-02-20 15:40:18,448 - SUCCESS - ✅ 探針完成！建議從最後有效頁面開始：0
2026-02-20 15:40:19,660 - SUCCESS - 成功提取 '臺灣地區稻作種植、收穫面積及產量' 的網頁 Metadata。
2026-02-20 15:40:19,660 - SUCCESS - 成功提取 '臺灣地區稻作種植、收穫面積及產量' 的網頁 Metadata。
2026-02-20 15:41:23,152 - SUCCESS - ✅ 探針完成！建議從最後有效頁面開始：0
2026-02-20 15:41:23,152 - SUCCESS - ✅ 探針完成！建議從最後有效頁面開始：0
2026-02-20 15:41:24,318 - SUCCESS - 成功提取 '臺灣地區稻米生產價值' 的網頁 Metadata。
2026-02-20 15:41:24,318 - SUCCESS - 成功提取 '臺灣地區稻米生產價值' 的網頁 Metadata。
2026-02-20 15:41:32,475 - SUCCESS - ✅ 探針完成！建議從最後有效頁面開始：0
2026-02-20 15:41:32,475 - SUCCESS - ✅ 探針完成！建議從最後有效頁面開始：0
2026-02-20 15:41:33,694 - SUCCESS - 成功提取 '農產品產地價格資料' 的網頁 Metadata。
2026-02-20 15:41:33,694 - SUCCESS - 成功提取 '農產品產地價格資料' 的網頁 Metadata。
2026-02-20 15:42:32,854 - SUCCESS - ✅ 探針完成！建議從最後有效頁面開始：349965
2026-02-20 15:42:32,854 - SUCCESS - ✅ 探針完成！建議從最後有效頁面開始：349965
2026-02-20 15:44:30,849 - SUCCESS - 成功提取 '農產品交易行情' 的網頁 Metadata。
2026-02-20 15:44:30,849 - SUCCESS - 成功提取 '農產品交易行情' 的網頁 Metadata。
2026-02-20 15:44:59,648 - SUCCESS - 成功提取 '農產品交易行情' 的網頁 Metadata。
2026-02-20 15:44:59,648 - SUCCESS - 成功提取 '農產品交易行情' 的網頁 Metadata。
2026-02-20 15:45:04,621 - SUCCESS - ✅ 探針完成！建議從最後有效頁面開始：0
2026-02-20 15:45:04,621 - SUCCESS - ✅ 探針完成！建議從最後有效頁面開始：0
2026-02-20 15:45:06,553 - SUCCESS - 成功提取 '臺灣地區稻作種植、收穫面積及產量' 的網頁 Metadata。
2026-02-20 15:45:06,553 - SUCCESS - 成功提取 '臺灣地區稻作種植、收穫面積及產量' 的網頁 Metadata。
2026-02-20 15:45:09,122 - SUCCESS - 成功提取 '臺灣地區稻米生產價值' 的網頁 Metadata。
2026-02-20 15:45:09,122 - SUCCESS - 成功提取 '臺灣地區稻米生產價值' 的網頁 Metadata。
2026-02-20 15:45:10,847 - SUCCESS - 成功提取 '農產品產地價格資料' 的網頁 Metadata。
2026-02-20 15:45:10,847 - SUCCESS - 成功提取 '農產品產地價格資料' 的網頁 Metadata。
2026-02-20 15:47:22,462 - SUCCESS - 成功提取 '農產品交易行情' 的網頁 Metadata。
2026-02-20 15:47:22,462 - SUCCESS - 成功提取 '農產品交易行情' 的網頁 Metadata。
2026-02-20 15:47:26,476 - SUCCESS - ✅ 探針完成！建議從最後有效頁面開始：0
2026-02-20 15:47:26,476 - SUCCESS - ✅ 探針完成！建議從最後有效頁面開始：0
2026-02-20 15:47:27,650 - SUCCESS - 成功提取 '臺灣地區稻作種植、收穫面積及產量' 的網頁 Metadata。
2026-02-20 15:47:27,650 - SUCCESS - 成功提取 '臺灣地區稻作種植、收穫面積及產量' 的網頁 Metadata。
2026-02-20 15:47:28,807 - SUCCESS - 成功提取 '臺灣地區稻米生產價值' 的網頁 Metadata。
2026-02-20 15:47:28,807 - SUCCESS - 成功提取 '臺灣地區稻米生產價值' 的網頁 Metadata。
2026-02-20 15:47:29,938 - SUCCESS - 成功提取 '農產品產地價格資料' 的網頁 Metadata。
2026-02-20 15:47:29,938 - SUCCESS - 成功提取 '農產品產地價格資料' 的網頁 Metadata。
2026-02-20 15:49:24,687 - SUCCESS - 成功提取 '農產品交易行情' 的網頁 Metadata。
2026-02-20 15:49:24,687 - SUCCESS - 成功提取 '農產品交易行情' 的網頁 Metadata。
2026-02-20 15:49:49,364 - SUCCESS - 成功提取 '農產品交易行情' 的網頁 Metadata。
2026-02-20 15:49:49,364 - SUCCESS - 成功提取 '農產品交易行情' 的網頁 Metadata。
2026-02-20 15:49:52,255 - SUCCESS - ✅ 探針完成！建議從最後有效頁面開始：0
2026-02-20 15:49:52,255 - SUCCESS - ✅ 探針完成！建議從最後有效頁面開始：0
2026-02-20 15:49:53,443 - SUCCESS - 成功提取 '臺灣地區稻作種植、收穫面積及產量' 的網頁 Metadata。
2026-02-20 15:49:53,443 - SUCCESS - 成功提取 '臺灣地區稻作種植、收穫面積及產量' 的網頁 Metadata。
2026-02-20 15:50:58,300 - SUCCESS - 成功提取 '農產品交易行情' 的網頁 Metadata。
2026-02-20 15:50:58,300 - SUCCESS - 成功提取 '農產品交易行情' 的網頁 Metadata。
2026-02-20 15:51:00,254 - SUCCESS - ✅ 探針完成！建議從最後有效頁面開始：0
2026-02-20 15:51:00,254 - SUCCESS - ✅ 探針完成！建議從最後有效頁面開始：0
2026-02-20 15:51:08,541 - SUCCESS - 成功提取 '臺灣地區稻作種植、收穫面積及產量' 的網頁 Metadata。
2026-02-20 15:51:08,541 - SUCCESS - 成功提取 '臺灣地區稻作種植、收穫面積及產量' 的網頁 Metadata。
2026-02-20 15:52:39,407 - SUCCESS - 成功提取 '農產品交易行情' 的網頁 Metadata。
2026-02-20 15:52:39,407 - SUCCESS - 成功提取 '農產品交易行情' 的網頁 Metadata。
2026-02-20 15:52:41,875 - SUCCESS - ✅ 探針完成！建議從最後有效頁面開始：0
2026-02-20 15:52:41,875 - SUCCESS - ✅ 探針完成！建議從最後有效頁面開始：0
2026-02-20 15:52:56,522 - SUCCESS - 成功提取 '農產品交易行情' 的網頁 Metadata。
2026-02-20 15:52:56,522 - SUCCESS - 成功提取 '農產品交易行情' 的網頁 Metadata。
2026-02-20 15:52:59,249 - SUCCESS - ✅ 探針完成！建議從最後有效頁面開始：0
2026-02-20 15:52:59,249 - SUCCESS - ✅ 探針完成！建議從最後有效頁面開始：0
2026-02-20 15:53:00,579 - SUCCESS - '農產品交易行情' 的 Metadata 已更新到 metadata.json。
2026-02-20 15:53:00,579 - SUCCESS - '農產品交易行情' 的 Metadata 已更新到 metadata.json。
2026-02-20 15:55:46,075 - SUCCESS - 成功提取 '農產品交易行情' 的網頁 Metadata。
2026-02-20 15:55:46,075 - SUCCESS - 成功提取 '農產品交易行情' 的網頁 Metadata。
2026-02-20 15:56:20,400 - SUCCESS - 成功提取 '農產品交易行情' 的網頁 Metadata。
2026-02-20 15:56:20,400 - SUCCESS - 成功提取 '農產品交易行情' 的網頁 Metadata。
2026-02-20 15:56:21,651 - SUCCESS - ✅ 探針完成！建議從最後有效頁面開始：0
2026-02-20 15:56:21,651 - SUCCESS - ✅ 探針完成！建議從最後有效頁面開始：0
2026-02-20 15:56:23,822 - SUCCESS - '農產品交易行情' 的 Metadata 已更新到 metadata.json。
2026-02-20 15:56:23,822 - SUCCESS - '農產品交易行情' 的 Metadata 已更新到 metadata.json。
2026-02-20 15:56:38,388 - SUCCESS - <農產品交易行情>的資料已下載完成，共 207 筆資料。
2026-02-20 15:56:38,388 - SUCCESS - <農產品交易行情>的資料已下載完成，共 207 筆資料。
2026-02-20 15:56:38,488 - SUCCESS - 已下載、去重並合併資料完成現有資料 207 條，新資料 207 條。
2026-02-20 15:56:38,488 - SUCCESS - 已下載、去重並合併資料完成現有資料 207 條，新資料 207 條。
2026-02-20 15:56:44,442 - SUCCESS - 已下載 '農產品交易行情' 的原始 JSON 資料路徑: 'C:\Python\data_moa_gov_tw\raw_data\農產品交易行情.json'
2026-02-20 15:56:44,442 - SUCCESS - 已下載 '農產品交易行情' 的原始 JSON 資料路徑: 'C:\Python\data_moa_gov_tw\raw_data\農產品交易行情.json'
2026-02-20 15:56:44,472 - SUCCESS - 插入或更新 '農產品交易行情' 的 Metadata 成功。
2026-02-20 15:56:44,472 - SUCCESS - 插入或更新 '農產品交易行情' 的 Metadata 成功。
2026-02-20 15:56:44,530 - SUCCESS - 已成功批量插入 '農產品交易行情' 的總計 57 條記錄到表格 '1040012' 。
2026-02-20 15:56:44,530 - SUCCESS - 已成功批量插入 '農產品交易行情' 的總計 57 條記錄到表格 '1040012' 。
2026-02-20 15:56:44,530 - SUCCESS - '農產品交易行情' 的自動更新完成。
2026-02-20 15:56:44,530 - SUCCESS - '農產品交易行情' 的自動更新完成。
2026-02-20 15:56:46,180 - SUCCESS - 成功提取 '臺灣地區稻作種植、收穫面積及產量' 的網頁 Metadata。
2026-02-20 15:56:46,180 - SUCCESS - 成功提取 '臺灣地區稻作種植、收穫面積及產量' 的網頁 Metadata。
2026-02-20 15:56:47,358 - SUCCESS - 成功提取 '臺灣地區稻米生產價值' 的網頁 Metadata。
2026-02-20 15:56:47,358 - SUCCESS - 成功提取 '臺灣地區稻米生產價值' 的網頁 Metadata。
2026-02-20 15:56:48,596 - SUCCESS - 成功提取 '農產品產地價格資料' 的網頁 Metadata。
2026-02-20 15:56:48,596 - SUCCESS - 成功提取 '農產品產地價格資料' 的網頁 Metadata。
2026-02-20 15:57:00,227 - SUCCESS - ✅ 探針完成！建議從最後有效頁面開始：349965
2026-02-20 15:57:00,227 - SUCCESS - ✅ 探針完成！建議從最後有效頁面開始：349965
2026-02-20 15:57:07,749 - SUCCESS - '農產品產地價格資料' 的 Metadata 已更新到 metadata.json。
2026-02-20 15:57:07,749 - SUCCESS - '農產品產地價格資料' 的 Metadata 已更新到 metadata.json。
2026-02-20 16:09:13,585 - SUCCESS - 成功提取 '農產品交易行情' 的網頁 Metadata。
2026-02-20 16:09:13,585 - SUCCESS - 成功提取 '農產品交易行情' 的網頁 Metadata。
2026-02-20 16:09:14,807 - SUCCESS - 成功提取 '臺灣地區稻作種植、收穫面積及產量' 的網頁 Metadata。
2026-02-20 16:09:14,807 - SUCCESS - 成功提取 '臺灣地區稻作種植、收穫面積及產量' 的網頁 Metadata。
2026-02-20 16:09:16,028 - SUCCESS - 成功提取 '臺灣地區稻米生產價值' 的網頁 Metadata。
2026-02-20 16:09:16,028 - SUCCESS - 成功提取 '臺灣地區稻米生產價值' 的網頁 Metadata。
2026-02-20 16:09:17,185 - SUCCESS - 成功提取 '農產品產地價格資料' 的網頁 Metadata。
2026-02-20 16:09:17,185 - SUCCESS - 成功提取 '農產品產地價格資料' 的網頁 Metadata。
2026-02-20 16:09:17,218 - SUCCESS - '農產品產地價格資料' 的 Metadata 已更新到 metadata.json。
2026-02-20 16:09:17,218 - SUCCESS - '農產品產地價格資料' 的 Metadata 已更新到 metadata.json。
2026-02-20 16:09:35,938 - SUCCESS - <農產品產地價格資料>的資料已下載完成，共 9999 筆資料。
2026-02-20 16:09:35,938 - SUCCESS - <農產品產地價格資料>的資料已下載完成，共 9999 筆資料。
2026-02-20 16:09:37,155 - SUCCESS - 已下載、去重並合併資料完成現有資料 9999 條，新資料 9999 條。
2026-02-20 16:09:37,155 - SUCCESS - 已下載、去重並合併資料完成現有資料 9999 條，新資料 9999 條。
2026-02-20 16:10:51,438 - SUCCESS - 成功提取 '農產品交易行情' 的網頁 Metadata。
2026-02-20 16:10:51,438 - SUCCESS - 成功提取 '農產品交易行情' 的網頁 Metadata。
2026-02-20 16:10:52,958 - SUCCESS - 成功提取 '臺灣地區稻作種植、收穫面積及產量' 的網頁 Metadata。
2026-02-20 16:10:52,958 - SUCCESS - 成功提取 '臺灣地區稻作種植、收穫面積及產量' 的網頁 Metadata。
2026-02-20 16:10:54,232 - SUCCESS - 成功提取 '臺灣地區稻米生產價值' 的網頁 Metadata。
2026-02-20 16:10:54,232 - SUCCESS - 成功提取 '臺灣地區稻米生產價值' 的網頁 Metadata。
2026-02-20 16:10:55,680 - SUCCESS - 成功提取 '農產品產地價格資料' 的網頁 Metadata。
2026-02-20 16:10:55,680 - SUCCESS - 成功提取 '農產品產地價格資料' 的網頁 Metadata。
2026-02-20 16:10:55,742 - SUCCESS - '農產品產地價格資料' 的 Metadata 已更新到 metadata.json。
2026-02-20 16:10:55,742 - SUCCESS - '農產品產地價格資料' 的 Metadata 已更新到 metadata.json。
2026-02-20 16:10:58,977 - SUCCESS - <農產品產地價格資料>的資料已下載完成，共 9999 筆資料。
2026-02-20 16:10:58,977 - SUCCESS - <農產品產地價格資料>的資料已下載完成，共 9999 筆資料。
2026-02-20 16:11:00,206 - SUCCESS - 已下載、去重並合併資料完成現有資料 9999 條，新資料 9999 條。
2026-02-20 16:11:00,206 - SUCCESS - 已下載、去重並合併資料完成現有資料 9999 條，新資料 9999 條。
2026-02-20 16:11:01,598 - SUCCESS - 插入或更新 '農產品產地價格資料' 的 Metadata 成功。
2026-02-20 16:11:01,598 - SUCCESS - 插入或更新 '農產品產地價格資料' 的 Metadata 成功。
2026-02-20 16:11:01,600 - SUCCESS - '農產品產地價格資料' 的自動更新完成。
2026-02-20 16:11:01,600 - SUCCESS - '農產品產地價格資料' 的自動更新完成。
2026-02-20 16:11:03,048 - SUCCESS - 成功提取 '農情調查' 的網頁 Metadata。
2026-02-20 16:11:03,048 - SUCCESS - 成功提取 '農情調查' 的網頁 Metadata。
2026-02-20 16:11:03,108 - SUCCESS - '農情調查' 的 Metadata 已更新到 metadata.json。
2026-02-20 16:11:03,108 - SUCCESS - '農情調查' 的 Metadata 已更新到 metadata.json。
2026-02-20 16:11:07,134 - SUCCESS - <農情調查>的資料已下載完成，共 9999 筆資料。
2026-02-20 16:11:07,134 - SUCCESS - <農情調查>的資料已下載完成，共 9999 筆資料。
2026-02-20 16:11:07,157 - SUCCESS - 已下載、去重並合併資料完成現有資料 0 條，新資料 0 條。
2026-02-20 16:11:07,157 - SUCCESS - 已下載、去重並合併資料完成現有資料 0 條，新資料 0 條。
2026-02-20 16:11:07,159 - SUCCESS - 插入或更新 '農情調查' 的 Metadata 成功。
2026-02-20 16:11:07,159 - SUCCESS - 插入或更新 '農情調查' 的 Metadata 成功。
2026-02-20 16:11:07,159 - SUCCESS - '農情調查' 的自動更新完成。
2026-02-20 16:11:07,159 - SUCCESS - '農情調查' 的自動更新完成。
2026-02-20 16:11:08,348 - SUCCESS - 成功提取 '臺灣地區農產品生產量值' 的網頁 Metadata。
2026-02-20 16:11:08,348 - SUCCESS - 成功提取 '臺灣地區農產品生產量值' 的網頁 Metadata。
2026-02-20 16:11:09,515 - SUCCESS - 成功提取 '雜糧生產概況' 的網頁 Metadata。
2026-02-20 16:11:09,515 - SUCCESS - 成功提取 '雜糧生產概況' 的網頁 Metadata。
2026-02-20 16:11:10,638 - SUCCESS - 成功提取 '農產品產地價格(月平均價格)' 的網頁 Metadata。
2026-02-20 16:11:10,638 - SUCCESS - 成功提取 '農產品產地價格(月平均價格)' 的網頁 Metadata。
2026-02-20 16:11:11,815 - SUCCESS - 成功提取 '全國單日平均糧價' 的網頁 Metadata。
2026-02-20 16:11:11,815 - SUCCESS - 成功提取 '全國單日平均糧價' 的網頁 Metadata。
2026-02-20 16:11:12,955 - SUCCESS - 成功提取 '臺灣地區蔬菜生產概況' 的網頁 Metadata。
2026-02-20 16:11:12,955 - SUCCESS - 成功提取 '臺灣地區蔬菜生產概況' 的網頁 Metadata。
2026-02-20 16:11:14,078 - SUCCESS - 成功提取 '糧價查詢' 的網頁 Metadata。
2026-02-20 16:11:14,078 - SUCCESS - 成功提取 '糧價查詢' 的網頁 Metadata。
2026-02-20 16:11:14,136 - SUCCESS - '糧價查詢' 的 Metadata 已更新到 metadata.json。
2026-02-20 16:11:14,136 - SUCCESS - '糧價查詢' 的 Metadata 已更新到 metadata.json。
2026-02-20 16:11:28,337 - SUCCESS - <糧價查詢>的資料已下載完成，共 9999 筆資料。
2026-02-20 16:11:28,337 - SUCCESS - <糧價查詢>的資料已下載完成，共 9999 筆資料。
2026-02-20 16:11:28,537 - SUCCESS - 已下載、去重並合併資料完成現有資料 8320 條，新資料 8320 條。
2026-02-20 16:11:28,537 - SUCCESS - 已下載、去重並合併資料完成現有資料 8320 條，新資料 8320 條。
2026-02-20 16:11:29,390 - SUCCESS - 已下載 '糧價查詢' 的原始 JSON 資料路徑: 'C:\Python\data_moa_gov_tw\raw_data\糧價查詢.json'
2026-02-20 16:11:29,390 - SUCCESS - 已下載 '糧價查詢' 的原始 JSON 資料路徑: 'C:\Python\data_moa_gov_tw\raw_data\糧價查詢.json'
2026-02-20 16:11:29,399 - SUCCESS - 插入或更新 '糧價查詢' 的 Metadata 成功。
2026-02-20 16:11:29,399 - SUCCESS - 插入或更新 '糧價查詢' 的 Metadata 成功。
2026-02-20 16:11:29,452 - SUCCESS - 已成功批量插入 '糧價查詢' 的總計 20 條記錄到表格 '1040004' 。
2026-02-20 16:11:29,452 - SUCCESS - 已成功批量插入 '糧價查詢' 的總計 20 條記錄到表格 '1040004' 。
2026-02-20 16:11:29,457 - SUCCESS - '糧價查詢' 的自動更新完成。
2026-02-20 16:11:29,457 - SUCCESS - '糧價查詢' 的自動更新完成。
2026-02-20 16:11:30,645 - SUCCESS - 成功提取 '各觀測站近兩年降雨量' 的網頁 Metadata。
2026-02-20 16:11:30,645 - SUCCESS - 成功提取 '各觀測站近兩年降雨量' 的網頁 Metadata。
2026-02-20 16:11:31,852 - SUCCESS - 成功提取 '產銷履歷與有機蔬果行情' 的網頁 Metadata。
2026-02-20 16:11:31,852 - SUCCESS - 成功提取 '產銷履歷與有機蔬果行情' 的網頁 Metadata。
2026-02-20 16:11:33,062 - SUCCESS - 成功提取 '臺灣地區果品生產概況' 的網頁 Metadata。
2026-02-20 16:11:33,062 - SUCCESS - 成功提取 '臺灣地區果品生產概況' 的網頁 Metadata。
2026-02-20 16:11:34,254 - SUCCESS - 成功提取 '臺灣地區特用作物生產概況' 的網頁 Metadata。
2026-02-20 16:11:34,254 - SUCCESS - 成功提取 '臺灣地區特用作物生產概況' 的網頁 Metadata。
2026-02-20 16:11:35,288 - SUCCESS - 已成功儲存次要資訊到資料庫。
2026-02-20 16:11:35,288 - SUCCESS - 已成功儲存次要資訊到資料庫。
2026-02-20 16:11:35,288 - SUCCESS - 更新結果:{'農產品交易行情': '未更新', '臺灣地區稻作種植、收穫面積及產量': '未更新', '臺灣地區稻米生產價值': '未更新', '農產品產地價格資料': '已更新', '農情調查': '已更新', '臺灣地區農產品生產量值': '未更新', '雜糧生產概況': '未更新', '農產品產地價格(月平均價格)': '未更新', '全國單日平均糧價': '未更新', '臺灣地區蔬菜生產概況': '未更新', '糧價查詢': '已更新', '各觀測站近兩年降雨量': '未更新', '產銷履歷與有機蔬果行情': '未更新', '臺灣地區果品生產概況': '未更新', '臺灣地區特用作物生產概況': '未更新'}
2026-02-20 16:11:35,288 - SUCCESS - 更新結果:{'農產品交易行情': '未更新', '臺灣地區稻作種植、收穫面積及產量': '未更新', '臺灣地區稻米生產價值': '未更新', '農產品產地價格資料': '已更新', '農情調查': '已更新', '臺灣地區農產品生產量值': '未更新', '雜糧生產概況': '未更新', '農產品產地價格(月平均價格)': '未更新', '全國單日平均糧價': '未更新', '臺灣地區蔬菜生產概況': '未更新', '糧價查詢': '已更新', '各觀測站近兩年降雨量': '未更新', '產銷履歷與有機蔬果行情': '未更新', '臺灣地區果品生產概況': '未更新', '臺灣地區特用作物生產概況': '未更新'}
2026-02-20 22:06:42,002 - SUCCESS - 成功提取 '農產品交易行情' 的網頁 Metadata。
2026-02-20 22:06:42,002 - SUCCESS - 成功提取 '農產品交易行情' 的網頁 Metadata。
2026-02-20 22:06:42,055 - SUCCESS - '農產品交易行情' 的 Metadata 已更新到 metadata.json。
2026-02-20 22:06:42,055 - SUCCESS - '農產品交易行情' 的 Metadata 已更新到 metadata.json。
2026-02-20 22:06:48,274 - SUCCESS - <農產品交易行情>的資料已下載完成，共 269 筆資料。
2026-02-20 22:06:48,274 - SUCCESS - <農產品交易行情>的資料已下載完成，共 269 筆資料。
2026-02-20 22:06:48,389 - SUCCESS - 已下載、去重並合併資料完成現有資料 269 條，新資料 269 條。
2026-02-20 22:06:48,389 - SUCCESS - 已下載、去重並合併資料完成現有資料 269 條，新資料 269 條。
2026-02-20 22:06:54,181 - SUCCESS - 已下載 '農產品交易行情' 的原始 JSON 資料路徑: 'C:\Python\data_moa_gov_tw\raw_data\農產品交易行情.json'
2026-02-20 22:06:54,181 - SUCCESS - 已下載 '農產品交易行情' 的原始 JSON 資料路徑: 'C:\Python\data_moa_gov_tw\raw_data\農產品交易行情.json'
2026-02-20 22:06:54,211 - SUCCESS - 插入或更新 '農產品交易行情' 的 Metadata 成功。
2026-02-20 22:06:54,211 - SUCCESS - 插入或更新 '農產品交易行情' 的 Metadata 成功。
2026-02-20 22:06:54,271 - SUCCESS - 已成功批量插入 '農產品交易行情' 的總計 62 條記錄到表格 '1040012' 。
2026-02-20 22:06:54,271 - SUCCESS - 已成功批量插入 '農產品交易行情' 的總計 62 條記錄到表格 '1040012' 。
2026-02-20 22:06:54,271 - SUCCESS - '農產品交易行情' 的自動更新完成。
2026-02-20 22:06:54,271 - SUCCESS - '農產品交易行情' 的自動更新完成。
2026-02-20 22:06:55,468 - SUCCESS - 成功提取 '臺灣地區稻作種植、收穫面積及產量' 的網頁 Metadata。
2026-02-20 22:06:55,468 - SUCCESS - 成功提取 '臺灣地區稻作種植、收穫面積及產量' 的網頁 Metadata。
2026-02-20 22:06:56,803 - SUCCESS - 成功提取 '臺灣地區稻米生產價值' 的網頁 Metadata。
2026-02-20 22:06:56,803 - SUCCESS - 成功提取 '臺灣地區稻米生產價值' 的網頁 Metadata。
2026-02-20 22:06:58,035 - SUCCESS - 成功提取 '臺灣地區農產品生產量值' 的網頁 Metadata。
2026-02-20 22:06:58,035 - SUCCESS - 成功提取 '臺灣地區農產品生產量值' 的網頁 Metadata。
2026-02-20 22:06:59,229 - SUCCESS - 成功提取 '雜糧生產概況' 的網頁 Metadata。
2026-02-20 22:06:59,229 - SUCCESS - 成功提取 '雜糧生產概況' 的網頁 Metadata。
2026-02-20 22:07:00,494 - SUCCESS - 成功提取 '農產品產地價格(月平均價格)' 的網頁 Metadata。
2026-02-20 22:07:00,494 - SUCCESS - 成功提取 '農產品產地價格(月平均價格)' 的網頁 Metadata。
2026-02-20 22:07:02,291 - SUCCESS - 成功提取 '全國單日平均糧價' 的網頁 Metadata。
2026-02-20 22:07:02,291 - SUCCESS - 成功提取 '全國單日平均糧價' 的網頁 Metadata。
2026-02-20 22:07:02,339 - SUCCESS - '全國單日平均糧價' 的 Metadata 已更新到 metadata.json。
2026-02-20 22:07:02,339 - SUCCESS - '全國單日平均糧價' 的 Metadata 已更新到 metadata.json。
2026-02-20 22:07:06,708 - SUCCESS - <全國單日平均糧價>的資料已下載完成，共 9201 筆資料。
2026-02-20 22:07:06,708 - SUCCESS - <全國單日平均糧價>的資料已下載完成，共 9201 筆資料。
2026-02-20 22:07:06,864 - SUCCESS - 已下載、去重並合併資料完成現有資料 415 條，新資料 415 條。
2026-02-20 22:07:06,864 - SUCCESS - 已下載、去重並合併資料完成現有資料 415 條，新資料 415 條。
2026-02-20 22:07:07,019 - SUCCESS - 已下載 '全國單日平均糧價' 的原始 JSON 資料路徑: 'C:\Python\data_moa_gov_tw\raw_data\全國單日平均糧價.json'
2026-02-20 22:07:07,019 - SUCCESS - 已下載 '全國單日平均糧價' 的原始 JSON 資料路徑: 'C:\Python\data_moa_gov_tw\raw_data\全國單日平均糧價.json'
2026-02-20 22:07:07,031 - SUCCESS - 插入或更新 '全國單日平均糧價' 的 Metadata 成功。
2026-02-20 22:07:07,031 - SUCCESS - 插入或更新 '全國單日平均糧價' 的 Metadata 成功。
2026-02-20 22:07:07,047 - SUCCESS - 已成功批量插入 '全國單日平均糧價' 的總計 1 條記錄到表格 '1040001' 。
2026-02-20 22:07:07,047 - SUCCESS - 已成功批量插入 '全國單日平均糧價' 的總計 1 條記錄到表格 '1040001' 。
2026-02-20 22:07:07,048 - SUCCESS - '全國單日平均糧價' 的自動更新完成。
2026-02-20 22:07:07,048 - SUCCESS - '全國單日平均糧價' 的自動更新完成。
2026-02-20 22:07:08,249 - SUCCESS - 成功提取 '臺灣地區蔬菜生產概況' 的網頁 Metadata。
2026-02-20 22:07:08,249 - SUCCESS - 成功提取 '臺灣地區蔬菜生產概況' 的網頁 Metadata。
2026-02-20 22:07:09,457 - SUCCESS - 成功提取 '各觀測站近兩年降雨量' 的網頁 Metadata。
2026-02-20 22:07:09,457 - SUCCESS - 成功提取 '各觀測站近兩年降雨量' 的網頁 Metadata。
2026-02-20 22:07:10,728 - SUCCESS - 成功提取 '產銷履歷與有機蔬果行情' 的網頁 Metadata。
2026-02-20 22:07:10,728 - SUCCESS - 成功提取 '產銷履歷與有機蔬果行情' 的網頁 Metadata。
2026-02-20 22:07:10,779 - SUCCESS - '產銷履歷與有機蔬果行情' 的 Metadata 已更新到 metadata.json。
2026-02-20 22:07:10,779 - SUCCESS - '產銷履歷與有機蔬果行情' 的 Metadata 已更新到 metadata.json。
2026-02-20 22:07:12,403 - SUCCESS - <產銷履歷與有機蔬果行情>的資料已下載完成，共 101 筆資料。
2026-02-20 22:07:12,403 - SUCCESS - <產銷履歷與有機蔬果行情>的資料已下載完成，共 101 筆資料。
2026-02-20 22:07:12,421 - SUCCESS - 已下載、去重並合併資料完成現有資料 101 條，新資料 101 條。
2026-02-20 22:07:12,421 - SUCCESS - 已下載、去重並合併資料完成現有資料 101 條，新資料 101 條。
2026-02-20 22:07:15,244 - SUCCESS - 已下載 '產銷履歷與有機蔬果行情' 的原始 JSON 資料路徑: 'C:\Python\data_moa_gov_tw\raw_data\產銷履歷與有機蔬果行情.json'
2026-02-20 22:07:15,244 - SUCCESS - 已下載 '產銷履歷與有機蔬果行情' 的原始 JSON 資料路徑: 'C:\Python\data_moa_gov_tw\raw_data\產銷履歷與有機蔬果行情.json'
2026-02-20 22:07:15,252 - SUCCESS - 插入或更新 '產銷履歷與有機蔬果行情' 的 Metadata 成功。
2026-02-20 22:07:15,252 - SUCCESS - 插入或更新 '產銷履歷與有機蔬果行情' 的 Metadata 成功。
2026-02-20 22:07:15,319 - SUCCESS - 已成功批量插入 '產銷履歷與有機蔬果行情' 的總計 101 條記錄到表格 '1040003' 。
2026-02-20 22:07:15,319 - SUCCESS - 已成功批量插入 '產銷履歷與有機蔬果行情' 的總計 101 條記錄到表格 '1040003' 。
2026-02-20 22:07:15,319 - SUCCESS - '產銷履歷與有機蔬果行情' 的自動更新完成。
2026-02-20 22:07:15,319 - SUCCESS - '產銷履歷與有機蔬果行情' 的自動更新完成。
2026-02-20 22:07:16,605 - SUCCESS - 成功提取 '臺灣地區果品生產概況' 的網頁 Metadata。
2026-02-20 22:07:16,605 - SUCCESS - 成功提取 '臺灣地區果品生產概況' 的網頁 Metadata。
2026-02-20 22:07:17,795 - SUCCESS - 成功提取 '臺灣地區特用作物生產概況' 的網頁 Metadata。
2026-02-20 22:07:17,795 - SUCCESS - 成功提取 '臺灣地區特用作物生產概況' 的網頁 Metadata。
2026-02-20 22:07:18,969 - SUCCESS - 成功提取 '農產品產地價格資料' 的網頁 Metadata。
2026-02-20 22:07:18,969 - SUCCESS - 成功提取 '農產品產地價格資料' 的網頁 Metadata。
2026-02-20 22:07:20,163 - SUCCESS - 成功提取 '農情調查' 的網頁 Metadata。
2026-02-20 22:07:20,163 - SUCCESS - 成功提取 '農情調查' 的網頁 Metadata。
2026-02-20 22:07:20,234 - SUCCESS - '農情調查' 的 Metadata 已更新到 metadata.json。
2026-02-20 22:07:20,234 - SUCCESS - '農情調查' 的 Metadata 已更新到 metadata.json。
2026-02-20 22:07:50,340 - SUCCESS - <農情調查>的資料已下載完成，共 9999 筆資料。
2026-02-20 22:07:50,340 - SUCCESS - <農情調查>的資料已下載完成，共 9999 筆資料。
2026-02-20 22:07:50,359 - SUCCESS - 已下載、去重並合併資料完成現有資料 0 條，新資料 0 條。
2026-02-20 22:07:50,359 - SUCCESS - 已下載、去重並合併資料完成現有資料 0 條，新資料 0 條。
2026-02-20 22:07:50,366 - SUCCESS - 插入或更新 '農情調查' 的 Metadata 成功。
2026-02-20 22:07:50,366 - SUCCESS - 插入或更新 '農情調查' 的 Metadata 成功。
2026-02-20 22:07:50,366 - SUCCESS - '農情調查' 的自動更新完成。
2026-02-20 22:07:50,366 - SUCCESS - '農情調查' 的自動更新完成。
2026-02-20 22:07:51,498 - SUCCESS - 成功提取 '糧價查詢' 的網頁 Metadata。
2026-02-20 22:07:51,498 - SUCCESS - 成功提取 '糧價查詢' 的網頁 Metadata。
2026-02-20 22:07:52,539 - SUCCESS - 已成功儲存次要資訊到資料庫。
2026-02-20 22:07:52,539 - SUCCESS - 已成功儲存次要資訊到資料庫。
2026-02-20 22:07:52,539 - SUCCESS - 更新結果:{'農產品交易行情': '已更新', '臺灣地區稻作種植、收穫面積及產量': '未更新', '臺灣地區稻米生產價值': '未更新', '臺灣地區農產品生產量值': '未更新', '雜糧生產概況': '未更新', '農產品產地價格(月平均價格)': '未更新', '全國單日平均糧價': '已更新', '臺灣地區蔬菜生產概況': '未更新', '各觀測站近兩年降雨量': '未更新', '產銷履歷與有機蔬果行情': '已更新', '臺灣地區果品生產概況': '未更新', '臺灣地區特用作物生產概況': '未更新', '農產品產地價格資料': '未更新', '農情調查': '已更新', '糧價查詢': '未更新'}
2026-02-20 22:07:52,539 - SUCCESS - 更新結果:{'農產品交易行情': '已更新', '臺灣地區稻作種植、收穫面積及產量': '未更新', '臺灣地區稻米生產價值': '未更新', '臺灣地區農產品生產量值': '未更新', '雜糧生產概況': '未更新', '農產品產地價格(月平均價格)': '未更新', '全國單日平均糧價': '已更新', '臺灣地區蔬菜生產概況': '未更新', '各觀測站近兩年降雨量': '未更新', '產銷履歷與有機蔬果行情': '已更新', '臺灣地區果品生產概況': '未更新', '臺灣地區特用作物生產概況': '未更新', '農產品產地價格資料': '未更新', '農情調查': '已更新', '糧價查詢': '未更新'}
