2025-11-07 23:42:54,576 - SUCCESS - 成功提取 '全國單日平均糧價' 的網頁 Metadata。
2025-11-07 23:42:54,576 - SUCCESS - 成功提取 '全國單日平均糧價' 的網頁 Metadata。
2025-11-07 23:42:54,725 - SUCCESS - '全國單日平均糧價' 的 Metadata 已更新到 metadata.json。
2025-11-07 23:42:54,725 - SUCCESS - '全國單日平均糧價' 的 Metadata 已更新到 metadata.json。
2025-11-07 23:42:56,413 - SUCCESS - <全國單日平均糧價>的資料已下載完成，共 9097 筆資料。
2025-11-07 23:42:56,413 - SUCCESS - <全國單日平均糧價>的資料已下載完成，共 9097 筆資料。
2025-11-07 23:42:58,006 - SUCCESS - 已下載、去重並合併資料完成現有資料 9097 條，新資料 1 條。
2025-11-07 23:42:58,006 - SUCCESS - 已下載、去重並合併資料完成現有資料 9097 條，新資料 1 條。
2025-11-07 23:42:58,175 - SUCCESS - 已下載 '全國單日平均糧價' 的原始 JSON 資料路徑: 'C:\Python\data_moa_gov_tw\raw_data\全國單日平均糧價\全國單日平均糧價.json'
2025-11-07 23:42:58,175 - SUCCESS - 已下載 '全國單日平均糧價' 的原始 JSON 資料路徑: 'C:\Python\data_moa_gov_tw\raw_data\全國單日平均糧價\全國單日平均糧價.json'
2025-11-07 23:42:58,329 - SUCCESS - 插入或更新 '全國單日平均糧價' 的 Metadata 成功。
2025-11-07 23:42:58,329 - SUCCESS - 插入或更新 '全國單日平均糧價' 的 Metadata 成功。
2025-11-07 23:42:58,340 - SUCCESS - 已成功批量插入 '全國單日平均糧價' 的總計 1 條記錄到表格 '1040001' 。
2025-11-07 23:42:58,340 - SUCCESS - 已成功批量插入 '全國單日平均糧價' 的總計 1 條記錄到表格 '1040001' 。
2025-11-07 23:42:58,347 - SUCCESS - '全國單日平均糧價' 的自動更新完成。
2025-11-07 23:42:58,347 - SUCCESS - '全國單日平均糧價' 的自動更新完成。
2025-11-07 23:42:59,765 - SUCCESS - 成功提取 '各觀測站近兩年降雨量' 的網頁 Metadata。
2025-11-07 23:42:59,765 - SUCCESS - 成功提取 '各觀測站近兩年降雨量' 的網頁 Metadata。
2025-11-07 23:43:01,413 - SUCCESS - 成功提取 '產銷履歷與有機蔬果行情' 的網頁 Metadata。
2025-11-07 23:43:01,413 - SUCCESS - 成功提取 '產銷履歷與有機蔬果行情' 的網頁 Metadata。
2025-11-07 23:43:01,479 - SUCCESS - '產銷履歷與有機蔬果行情' 的 Metadata 已更新到 metadata.json。
2025-11-07 23:43:01,479 - SUCCESS - '產銷履歷與有機蔬果行情' 的 Metadata 已更新到 metadata.json。
2025-11-07 23:43:10,285 - SUCCESS - <產銷履歷與有機蔬果行情>的資料已下載完成，共 4404 筆資料。
2025-11-07 23:43:10,285 - SUCCESS - <產銷履歷與有機蔬果行情>的資料已下載完成，共 4404 筆資料。
2025-11-07 23:43:29,761 - SUCCESS - 已下載、去重並合併資料完成現有資料 206538 條，新資料 2248 條。
2025-11-07 23:43:29,761 - SUCCESS - 已下載、去重並合併資料完成現有資料 206538 條，新資料 2248 條。
2025-11-07 23:43:31,156 - SUCCESS - 已下載 '產銷履歷與有機蔬果行情' 的原始 JSON 資料路徑: 'C:\Python\data_moa_gov_tw\raw_data\產銷履歷與有機蔬果行情\產銷履歷與有機蔬果行情.json'
2025-11-07 23:43:31,156 - SUCCESS - 已下載 '產銷履歷與有機蔬果行情' 的原始 JSON 資料路徑: 'C:\Python\data_moa_gov_tw\raw_data\產銷履歷與有機蔬果行情\產銷履歷與有機蔬果行情.json'
2025-11-07 23:43:31,257 - SUCCESS - 插入或更新 '產銷履歷與有機蔬果行情' 的 Metadata 成功。
2025-11-07 23:43:31,257 - SUCCESS - 插入或更新 '產銷履歷與有機蔬果行情' 的 Metadata 成功。
2025-11-07 23:43:37,950 - SUCCESS - 已成功批量插入 '產銷履歷與有機蔬果行情' 的總計 2248 條記錄到表格 '1040003' 。
2025-11-07 23:43:37,950 - SUCCESS - 已成功批量插入 '產銷履歷與有機蔬果行情' 的總計 2248 條記錄到表格 '1040003' 。
2025-11-07 23:43:38,019 - SUCCESS - '產銷履歷與有機蔬果行情' 的自動更新完成。
2025-11-07 23:43:38,019 - SUCCESS - '產銷履歷與有機蔬果行情' 的自動更新完成。
2025-11-07 23:43:39,486 - SUCCESS - 成功提取 '糧價查詢' 的網頁 Metadata。
2025-11-07 23:43:39,486 - SUCCESS - 成功提取 '糧價查詢' 的網頁 Metadata。
2025-11-07 23:43:39,516 - SUCCESS - '糧價查詢' 的 Metadata 已更新到 metadata.json。
2025-11-07 23:43:39,516 - SUCCESS - '糧價查詢' 的 Metadata 已更新到 metadata.json。
2025-11-07 23:43:41,376 - SUCCESS - <糧價查詢>的資料已下載完成，共 9999 筆資料。
2025-11-07 23:43:41,376 - SUCCESS - <糧價查詢>的資料已下載完成，共 9999 筆資料。
2025-11-07 23:43:58,739 - SUCCESS - 已下載、去重並合併資料完成現有資料 240391 條，新資料 20 條。
2025-11-07 23:43:58,739 - SUCCESS - 已下載、去重並合併資料完成現有資料 240391 條，新資料 20 條。
2025-11-07 23:44:00,203 - SUCCESS - 已下載 '糧價查詢' 的原始 JSON 資料路徑: 'C:\Python\data_moa_gov_tw\raw_data\糧價查詢\糧價查詢.json'
2025-11-07 23:44:00,203 - SUCCESS - 已下載 '糧價查詢' 的原始 JSON 資料路徑: 'C:\Python\data_moa_gov_tw\raw_data\糧價查詢\糧價查詢.json'
2025-11-07 23:44:00,214 - SUCCESS - 插入或更新 '糧價查詢' 的 Metadata 成功。
2025-11-07 23:44:00,214 - SUCCESS - 插入或更新 '糧價查詢' 的 Metadata 成功。
2025-11-07 23:44:00,323 - SUCCESS - 已成功批量插入 '糧價查詢' 的總計 20 條記錄到表格 '1040004' 。
2025-11-07 23:44:00,323 - SUCCESS - 已成功批量插入 '糧價查詢' 的總計 20 條記錄到表格 '1040004' 。
2025-11-07 23:44:00,457 - SUCCESS - '糧價查詢' 的自動更新完成。
2025-11-07 23:44:00,457 - SUCCESS - '糧價查詢' 的自動更新完成。
2025-11-07 23:44:02,162 - SUCCESS - 成功提取 '臺灣地區果品生產概況' 的網頁 Metadata。
2025-11-07 23:44:02,162 - SUCCESS - 成功提取 '臺灣地區果品生產概況' 的網頁 Metadata。
2025-11-07 23:44:04,080 - SUCCESS - 成功提取 '臺灣地區特用作物生產概況' 的網頁 Metadata。
2025-11-07 23:44:04,080 - SUCCESS - 成功提取 '臺灣地區特用作物生產概況' 的網頁 Metadata。
2025-11-07 23:44:05,443 - SUCCESS - 成功提取 '臺灣地區稻作種植、收穫面積及產量' 的網頁 Metadata。
2025-11-07 23:44:05,443 - SUCCESS - 成功提取 '臺灣地區稻作種植、收穫面積及產量' 的網頁 Metadata。
2025-11-07 23:44:06,729 - SUCCESS - 成功提取 '臺灣地區稻米生產價值' 的網頁 Metadata。
2025-11-07 23:44:06,729 - SUCCESS - 成功提取 '臺灣地區稻米生產價值' 的網頁 Metadata。
2025-11-07 23:44:07,934 - SUCCESS - 成功提取 '臺灣地區蔬菜生產概況' 的網頁 Metadata。
2025-11-07 23:44:07,934 - SUCCESS - 成功提取 '臺灣地區蔬菜生產概況' 的網頁 Metadata。
2025-11-07 23:44:09,304 - SUCCESS - 成功提取 '臺灣地區農產品生產量值' 的網頁 Metadata。
2025-11-07 23:44:09,304 - SUCCESS - 成功提取 '臺灣地區農產品生產量值' 的網頁 Metadata。
2025-11-07 23:44:10,638 - SUCCESS - 成功提取 '農情調查' 的網頁 Metadata。
2025-11-07 23:44:10,638 - SUCCESS - 成功提取 '農情調查' 的網頁 Metadata。
2025-11-07 23:44:10,687 - SUCCESS - '農情調查' 的 Metadata 已更新到 metadata.json。
2025-11-07 23:44:10,687 - SUCCESS - '農情調查' 的 Metadata 已更新到 metadata.json。
2025-11-07 23:44:15,210 - SUCCESS - <農情調查>的資料已下載完成，共 9999 筆資料。
2025-11-07 23:44:15,210 - SUCCESS - <農情調查>的資料已下載完成，共 9999 筆資料。
2025-11-07 23:44:16,401 - SUCCESS - 已下載、去重並合併資料完成現有資料 45259 條，新資料 0 條。
2025-11-07 23:44:16,401 - SUCCESS - 已下載、去重並合併資料完成現有資料 45259 條，新資料 0 條。
2025-11-07 23:44:16,777 - SUCCESS - 插入或更新 '農情調查' 的 Metadata 成功。
2025-11-07 23:44:16,777 - SUCCESS - 插入或更新 '農情調查' 的 Metadata 成功。
2025-11-07 23:44:16,794 - SUCCESS - '農情調查' 的自動更新完成。
2025-11-07 23:44:16,794 - SUCCESS - '農情調查' 的自動更新完成。
2025-11-07 23:44:18,259 - SUCCESS - 成功提取 '農產品交易行情' 的網頁 Metadata。
2025-11-07 23:44:18,259 - SUCCESS - 成功提取 '農產品交易行情' 的網頁 Metadata。
2025-11-07 23:44:18,295 - SUCCESS - '農產品交易行情' 的 Metadata 已更新到 metadata.json。
2025-11-07 23:44:18,295 - SUCCESS - '農產品交易行情' 的 Metadata 已更新到 metadata.json。
2025-11-07 23:44:44,010 - SUCCESS - <農產品交易行情>的資料已下載完成，共 13582 筆資料。
2025-11-07 23:44:44,010 - SUCCESS - <農產品交易行情>的資料已下載完成，共 13582 筆資料。
2025-11-07 23:45:06,425 - SUCCESS - 已下載、去重並合併資料完成現有資料 413674 條，新資料 3531 條。
2025-11-07 23:45:06,425 - SUCCESS - 已下載、去重並合併資料完成現有資料 413674 條，新資料 3531 條。
2025-11-07 23:45:08,743 - SUCCESS - 已下載 '農產品交易行情' 的原始 JSON 資料路徑: 'C:\Python\data_moa_gov_tw\raw_data\農產品交易行情\農產品交易行情.json'
2025-11-07 23:45:08,743 - SUCCESS - 已下載 '農產品交易行情' 的原始 JSON 資料路徑: 'C:\Python\data_moa_gov_tw\raw_data\農產品交易行情\農產品交易行情.json'
2025-11-07 23:45:08,749 - SUCCESS - 插入或更新 '農產品交易行情' 的 Metadata 成功。
2025-11-07 23:45:08,749 - SUCCESS - 插入或更新 '農產品交易行情' 的 Metadata 成功。
2025-11-07 23:45:10,624 - SUCCESS - 已成功批量插入 '農產品交易行情' 的總計 3531 條記錄到表格 '1040012' 。
2025-11-07 23:45:10,624 - SUCCESS - 已成功批量插入 '農產品交易行情' 的總計 3531 條記錄到表格 '1040012' 。
2025-11-07 23:45:10,822 - SUCCESS - '農產品交易行情' 的自動更新完成。
2025-11-07 23:45:10,822 - SUCCESS - '農產品交易行情' 的自動更新完成。
2025-11-07 23:45:12,311 - SUCCESS - 成功提取 '農產品產地價格(月平均價格)' 的網頁 Metadata。
2025-11-07 23:45:12,311 - SUCCESS - 成功提取 '農產品產地價格(月平均價格)' 的網頁 Metadata。
2025-11-07 23:45:13,624 - SUCCESS - 成功提取 '農產品產地價格資料' 的網頁 Metadata。
2025-11-07 23:45:13,624 - SUCCESS - 成功提取 '農產品產地價格資料' 的網頁 Metadata。
2025-11-07 23:45:13,667 - SUCCESS - '農產品產地價格資料' 的 Metadata 已更新到 metadata.json。
2025-11-07 23:45:13,667 - SUCCESS - '農產品產地價格資料' 的 Metadata 已更新到 metadata.json。
2025-11-07 23:45:14,378 - SUCCESS - <農產品產地價格資料>的資料已下載完成，共 9999 筆資料。
2025-11-07 23:45:14,378 - SUCCESS - <農產品產地價格資料>的資料已下載完成，共 9999 筆資料。
2025-11-07 23:46:04,736 - SUCCESS - 已下載、去重並合併資料完成現有資料 343969 條，新資料 8 條。
2025-11-07 23:46:04,736 - SUCCESS - 已下載、去重並合併資料完成現有資料 343969 條，新資料 8 條。
2025-11-07 23:46:07,010 - SUCCESS - 已下載 '農產品產地價格資料' 的原始 JSON 資料路徑: 'C:\Python\data_moa_gov_tw\raw_data\農產品產地價格資料\農產品產地價格資料.json'
2025-11-07 23:46:07,010 - SUCCESS - 已下載 '農產品產地價格資料' 的原始 JSON 資料路徑: 'C:\Python\data_moa_gov_tw\raw_data\農產品產地價格資料\農產品產地價格資料.json'
2025-11-07 23:46:07,016 - SUCCESS - 插入或更新 '農產品產地價格資料' 的 Metadata 成功。
2025-11-07 23:46:07,016 - SUCCESS - 插入或更新 '農產品產地價格資料' 的 Metadata 成功。
2025-11-07 23:46:07,028 - SUCCESS - 已成功批量插入 '農產品產地價格資料' 的總計 8 條記錄到表格 '1040014' 。
2025-11-07 23:46:07,028 - SUCCESS - 已成功批量插入 '農產品產地價格資料' 的總計 8 條記錄到表格 '1040014' 。
2025-11-07 23:46:07,131 - SUCCESS - '農產品產地價格資料' 的自動更新完成。
2025-11-07 23:46:07,131 - SUCCESS - '農產品產地價格資料' 的自動更新完成。
2025-11-07 23:46:08,476 - SUCCESS - 成功提取 '雜糧生產概況' 的網頁 Metadata。
2025-11-07 23:46:08,476 - SUCCESS - 成功提取 '雜糧生產概況' 的網頁 Metadata。
2025-11-07 23:46:09,479 - SUCCESS - 已成功儲存次要資訊。
2025-11-07 23:46:09,479 - SUCCESS - 已成功儲存次要資訊。
2025-11-07 23:46:09,480 - SUCCESS - 更新結果儲存成功:{'全國單日平均糧價': '已更新', '各觀測站近兩年降雨量': '未更新', '產銷履歷與有機蔬果行情': '已更新', '糧價查詢': '已更新', '臺灣地區果品生產概況': '未更新', '臺灣地區特用作物生產概況': '未更新', '臺灣地區稻作種植、收穫面積及產量': '未更新', '臺灣地區稻米生產價值': '未更新', '臺灣地區蔬菜生產概況': '未更新', '臺灣地區農產品生產量值': '未更新', '農情調查': '已更新', '農產品交易行情': '已更新', '農產品產地價格(月平均價格)': '未更新', '農產品產地價格資料': '已更新', '雜糧生產概況': '未更新'}
2025-11-07 23:46:09,480 - SUCCESS - 更新結果儲存成功:{'全國單日平均糧價': '已更新', '各觀測站近兩年降雨量': '未更新', '產銷履歷與有機蔬果行情': '已更新', '糧價查詢': '已更新', '臺灣地區果品生產概況': '未更新', '臺灣地區特用作物生產概況': '未更新', '臺灣地區稻作種植、收穫面積及產量': '未更新', '臺灣地區稻米生產價值': '未更新', '臺灣地區蔬菜生產概況': '未更新', '臺灣地區農產品生產量值': '未更新', '農情調查': '已更新', '農產品交易行情': '已更新', '農產品產地價格(月平均價格)': '未更新', '農產品產地價格資料': '已更新', '雜糧生產概況': '未更新'}
