2026-02-01 00:59:40,216 - SUCCESS - 成功提取 '全國單日平均糧價' 的網頁 Metadata。
2026-02-01 00:59:40,216 - SUCCESS - 成功提取 '全國單日平均糧價' 的網頁 Metadata。
2026-02-01 00:59:40,369 - SUCCESS - '全國單日平均糧價' 的 Metadata 已更新到 metadata.json。
2026-02-01 00:59:40,369 - SUCCESS - '全國單日平均糧價' 的 Metadata 已更新到 metadata.json。
2026-02-01 00:59:44,735 - SUCCESS - <全國單日平均糧價>的資料已下載完成，共 9181 筆資料。
2026-02-01 00:59:44,735 - SUCCESS - <全國單日平均糧價>的資料已下載完成，共 9181 筆資料。
2026-02-01 00:59:44,979 - SUCCESS - 已下載、去重並合併資料完成現有資料 61 條，新資料 0 條。
2026-02-01 00:59:44,979 - SUCCESS - 已下載、去重並合併資料完成現有資料 61 條，新資料 0 條。
2026-02-01 00:59:45,193 - SUCCESS - 插入或更新 '全國單日平均糧價' 的 Metadata 成功。
2026-02-01 00:59:45,193 - SUCCESS - 插入或更新 '全國單日平均糧價' 的 Metadata 成功。
2026-02-01 00:59:45,193 - SUCCESS - '全國單日平均糧價' 的自動更新完成。
2026-02-01 00:59:45,193 - SUCCESS - '全國單日平均糧價' 的自動更新完成。
2026-02-01 00:59:47,434 - SUCCESS - 成功提取 '各觀測站近兩年降雨量' 的網頁 Metadata。
2026-02-01 00:59:47,434 - SUCCESS - 成功提取 '各觀測站近兩年降雨量' 的網頁 Metadata。
2026-02-01 00:59:48,829 - SUCCESS - 成功提取 '產銷履歷與有機蔬果行情' 的網頁 Metadata。
2026-02-01 00:59:48,829 - SUCCESS - 成功提取 '產銷履歷與有機蔬果行情' 的網頁 Metadata。
2026-02-01 00:59:48,893 - SUCCESS - '產銷履歷與有機蔬果行情' 的 Metadata 已更新到 metadata.json。
2026-02-01 00:59:48,893 - SUCCESS - '產銷履歷與有機蔬果行情' 的 Metadata 已更新到 metadata.json。
2026-02-01 01:00:01,209 - SUCCESS - <產銷履歷與有機蔬果行情>的資料已下載完成，共 4715 筆資料。
2026-02-01 01:00:01,209 - SUCCESS - <產銷履歷與有機蔬果行情>的資料已下載完成，共 4715 筆資料。
2026-02-01 01:00:11,689 - SUCCESS - 已下載、去重並合併資料完成現有資料 117814 條，新資料 2377 條。
2026-02-01 01:00:11,689 - SUCCESS - 已下載、去重並合併資料完成現有資料 117814 條，新資料 2377 條。
2026-02-01 01:00:15,192 - SUCCESS - 已下載 '產銷履歷與有機蔬果行情' 的原始 JSON 資料路徑: 'C:\Python\data_moa_gov_tw\raw_data\產銷履歷與有機蔬果行情\產銷履歷與有機蔬果行情.json'
2026-02-01 01:00:15,192 - SUCCESS - 已下載 '產銷履歷與有機蔬果行情' 的原始 JSON 資料路徑: 'C:\Python\data_moa_gov_tw\raw_data\產銷履歷與有機蔬果行情\產銷履歷與有機蔬果行情.json'
2026-02-01 01:00:15,202 - SUCCESS - 插入或更新 '產銷履歷與有機蔬果行情' 的 Metadata 成功。
2026-02-01 01:00:15,202 - SUCCESS - 插入或更新 '產銷履歷與有機蔬果行情' 的 Metadata 成功。
2026-02-01 01:00:16,197 - SUCCESS - 已成功批量插入 '產銷履歷與有機蔬果行情' 的總計 2377 條記錄到表格 '1040003' 。
2026-02-01 01:00:16,197 - SUCCESS - 已成功批量插入 '產銷履歷與有機蔬果行情' 的總計 2377 條記錄到表格 '1040003' 。
2026-02-01 01:00:16,237 - SUCCESS - '產銷履歷與有機蔬果行情' 的自動更新完成。
2026-02-01 01:00:16,237 - SUCCESS - '產銷履歷與有機蔬果行情' 的自動更新完成。
2026-02-01 01:00:17,699 - SUCCESS - 成功提取 '糧價查詢' 的網頁 Metadata。
2026-02-01 01:00:17,699 - SUCCESS - 成功提取 '糧價查詢' 的網頁 Metadata。
2026-02-01 01:00:17,743 - SUCCESS - '糧價查詢' 的 Metadata 已更新到 metadata.json。
2026-02-01 01:00:17,743 - SUCCESS - '糧價查詢' 的 Metadata 已更新到 metadata.json。
2026-02-01 01:00:20,969 - SUCCESS - <糧價查詢>的資料已下載完成，共 9999 筆資料。
2026-02-01 01:00:20,969 - SUCCESS - <糧價查詢>的資料已下載完成，共 9999 筆資料。
2026-02-01 01:00:21,169 - SUCCESS - 已下載、去重並合併資料完成現有資料 1598 條，新資料 20 條。
2026-02-01 01:00:21,169 - SUCCESS - 已下載、去重並合併資料完成現有資料 1598 條，新資料 20 條。
2026-02-01 01:00:22,048 - SUCCESS - 已下載 '糧價查詢' 的原始 JSON 資料路徑: 'C:\Python\data_moa_gov_tw\raw_data\糧價查詢\糧價查詢.json'
2026-02-01 01:00:22,048 - SUCCESS - 已下載 '糧價查詢' 的原始 JSON 資料路徑: 'C:\Python\data_moa_gov_tw\raw_data\糧價查詢\糧價查詢.json'
2026-02-01 01:00:22,052 - SUCCESS - 插入或更新 '糧價查詢' 的 Metadata 成功。
2026-02-01 01:00:22,052 - SUCCESS - 插入或更新 '糧價查詢' 的 Metadata 成功。
2026-02-01 01:00:22,077 - SUCCESS - 已成功批量插入 '糧價查詢' 的總計 20 條記錄到表格 '1040004' 。
2026-02-01 01:00:22,077 - SUCCESS - 已成功批量插入 '糧價查詢' 的總計 20 條記錄到表格 '1040004' 。
2026-02-01 01:00:22,078 - SUCCESS - '糧價查詢' 的自動更新完成。
2026-02-01 01:00:22,078 - SUCCESS - '糧價查詢' 的自動更新完成。
2026-02-01 01:00:23,393 - SUCCESS - 成功提取 '臺灣地區果品生產概況' 的網頁 Metadata。
2026-02-01 01:00:23,393 - SUCCESS - 成功提取 '臺灣地區果品生產概況' 的網頁 Metadata。
2026-02-01 01:00:24,715 - SUCCESS - 成功提取 '臺灣地區特用作物生產概況' 的網頁 Metadata。
2026-02-01 01:00:24,715 - SUCCESS - 成功提取 '臺灣地區特用作物生產概況' 的網頁 Metadata。
2026-02-01 01:00:25,969 - SUCCESS - 成功提取 '臺灣地區稻作種植、收穫面積及產量' 的網頁 Metadata。
2026-02-01 01:00:25,969 - SUCCESS - 成功提取 '臺灣地區稻作種植、收穫面積及產量' 的網頁 Metadata。
2026-02-01 01:00:27,305 - SUCCESS - 成功提取 '臺灣地區稻米生產價值' 的網頁 Metadata。
2026-02-01 01:00:27,305 - SUCCESS - 成功提取 '臺灣地區稻米生產價值' 的網頁 Metadata。
2026-02-01 01:00:28,629 - SUCCESS - 成功提取 '臺灣地區蔬菜生產概況' 的網頁 Metadata。
2026-02-01 01:00:28,629 - SUCCESS - 成功提取 '臺灣地區蔬菜生產概況' 的網頁 Metadata。
2026-02-01 01:00:29,884 - SUCCESS - 成功提取 '臺灣地區農產品生產量值' 的網頁 Metadata。
2026-02-01 01:00:29,884 - SUCCESS - 成功提取 '臺灣地區農產品生產量值' 的網頁 Metadata。
2026-02-01 01:00:31,157 - SUCCESS - 成功提取 '農情調查' 的網頁 Metadata。
2026-02-01 01:00:31,157 - SUCCESS - 成功提取 '農情調查' 的網頁 Metadata。
2026-02-01 01:00:31,209 - SUCCESS - '農情調查' 的 Metadata 已更新到 metadata.json。
2026-02-01 01:00:31,209 - SUCCESS - '農情調查' 的 Metadata 已更新到 metadata.json。
2026-02-01 01:00:35,399 - SUCCESS - <農情調查>的資料已下載完成，共 9999 筆資料。
2026-02-01 01:00:35,399 - SUCCESS - <農情調查>的資料已下載完成，共 9999 筆資料。
2026-02-01 01:00:35,420 - SUCCESS - 已下載、去重並合併資料完成現有資料 0 條，新資料 0 條。
2026-02-01 01:00:35,420 - SUCCESS - 已下載、去重並合併資料完成現有資料 0 條，新資料 0 條。
2026-02-01 01:00:36,853 - SUCCESS - 成功提取 '農產品交易行情' 的網頁 Metadata。
2026-02-01 01:00:36,853 - SUCCESS - 成功提取 '農產品交易行情' 的網頁 Metadata。
2026-02-01 01:00:36,906 - SUCCESS - '農產品交易行情' 的 Metadata 已更新到 metadata.json。
2026-02-01 01:00:36,906 - SUCCESS - '農產品交易行情' 的 Metadata 已更新到 metadata.json。
2026-02-01 01:02:40,812 - SUCCESS - <農產品交易行情>的資料已下載完成，共 10995 筆資料。
2026-02-01 01:02:40,812 - SUCCESS - <農產品交易行情>的資料已下載完成，共 10995 筆資料。
2026-02-01 01:02:52,428 - SUCCESS - 已下載、去重並合併資料完成現有資料 183853 條，新資料 3585 條。
2026-02-01 01:02:52,428 - SUCCESS - 已下載、去重並合併資料完成現有資料 183853 條，新資料 3585 條。
2026-02-01 01:02:57,192 - SUCCESS - 已下載 '農產品交易行情' 的原始 JSON 資料路徑: 'C:\Python\data_moa_gov_tw\raw_data\農產品交易行情\農產品交易行情.json'
2026-02-01 01:02:57,192 - SUCCESS - 已下載 '農產品交易行情' 的原始 JSON 資料路徑: 'C:\Python\data_moa_gov_tw\raw_data\農產品交易行情\農產品交易行情.json'
2026-02-01 01:02:57,201 - SUCCESS - 插入或更新 '農產品交易行情' 的 Metadata 成功。
2026-02-01 01:02:57,201 - SUCCESS - 插入或更新 '農產品交易行情' 的 Metadata 成功。
2026-02-01 01:02:58,885 - SUCCESS - 已成功批量插入 '農產品交易行情' 的總計 3585 條記錄到表格 '1040012' 。
2026-02-01 01:02:58,885 - SUCCESS - 已成功批量插入 '農產品交易行情' 的總計 3585 條記錄到表格 '1040012' 。
2026-02-01 01:02:58,962 - SUCCESS - '農產品交易行情' 的自動更新完成。
2026-02-01 01:02:58,962 - SUCCESS - '農產品交易行情' 的自動更新完成。
2026-02-01 01:03:00,601 - SUCCESS - 成功提取 '農產品產地價格(月平均價格)' 的網頁 Metadata。
2026-02-01 01:03:00,601 - SUCCESS - 成功提取 '農產品產地價格(月平均價格)' 的網頁 Metadata。
2026-02-01 01:03:01,952 - SUCCESS - 成功提取 '農產品產地價格資料' 的網頁 Metadata。
2026-02-01 01:03:01,952 - SUCCESS - 成功提取 '農產品產地價格資料' 的網頁 Metadata。
2026-02-01 01:03:02,002 - SUCCESS - '農產品產地價格資料' 的 Metadata 已更新到 metadata.json。
2026-02-01 01:03:02,002 - SUCCESS - '農產品產地價格資料' 的 Metadata 已更新到 metadata.json。
2026-02-01 01:03:03,037 - SUCCESS - <農產品產地價格資料>的資料已下載完成，共 9999 筆資料。
2026-02-01 01:03:03,037 - SUCCESS - <農產品產地價格資料>的資料已下載完成，共 9999 筆資料。
2026-02-01 01:03:03,105 - SUCCESS - 已下載、去重並合併資料完成現有資料 311 條，新資料 0 條。
2026-02-01 01:03:03,105 - SUCCESS - 已下載、去重並合併資料完成現有資料 311 條，新資料 0 條。
2026-02-01 01:03:04,540 - SUCCESS - 插入或更新 '農產品產地價格資料' 的 Metadata 成功。
2026-02-01 01:03:04,540 - SUCCESS - 插入或更新 '農產品產地價格資料' 的 Metadata 成功。
2026-02-01 01:03:04,540 - SUCCESS - '農產品產地價格資料' 的自動更新完成。
2026-02-01 01:03:04,540 - SUCCESS - '農產品產地價格資料' 的自動更新完成。
2026-02-01 01:03:05,997 - SUCCESS - 成功提取 '雜糧生產概況' 的網頁 Metadata。
2026-02-01 01:03:05,997 - SUCCESS - 成功提取 '雜糧生產概況' 的網頁 Metadata。
2026-02-01 01:03:07,013 - SUCCESS - 已成功儲存次要資訊。
2026-02-01 01:03:07,013 - SUCCESS - 已成功儲存次要資訊。
2026-02-01 01:03:07,013 - SUCCESS - 更新結果儲存成功:{'全國單日平均糧價': '已更新', '各觀測站近兩年降雨量': '未更新', '產銷履歷與有機蔬果行情': '已更新', '糧價查詢': '已更新', '臺灣地區果品生產概況': '未更新', '臺灣地區特用作物生產概況': '未更新', '臺灣地區稻作種植、收穫面積及產量': '未更新', '臺灣地區稻米生產價值': '未更新', '臺灣地區蔬菜生產概況': '未更新', '臺灣地區農產品生產量值': '未更新', '農情調查': '未更新', '農產品交易行情': '已更新', '農產品產地價格(月平均價格)': '未更新', '農產品產地價格資料': '已更新', '雜糧生產概況': '未更新'}
2026-02-01 01:03:07,013 - SUCCESS - 更新結果儲存成功:{'全國單日平均糧價': '已更新', '各觀測站近兩年降雨量': '未更新', '產銷履歷與有機蔬果行情': '已更新', '糧價查詢': '已更新', '臺灣地區果品生產概況': '未更新', '臺灣地區特用作物生產概況': '未更新', '臺灣地區稻作種植、收穫面積及產量': '未更新', '臺灣地區稻米生產價值': '未更新', '臺灣地區蔬菜生產概況': '未更新', '臺灣地區農產品生產量值': '未更新', '農情調查': '未更新', '農產品交易行情': '已更新', '農產品產地價格(月平均價格)': '未更新', '農產品產地價格資料': '已更新', '雜糧生產概況': '未更新'}
2026-02-01 23:56:01,023 - SUCCESS - 成功提取 '全國單日平均糧價' 的網頁 Metadata。
2026-02-01 23:56:01,023 - SUCCESS - 成功提取 '全國單日平均糧價' 的網頁 Metadata。
2026-02-01 23:56:01,079 - SUCCESS - '全國單日平均糧價' 的 Metadata 已更新到 metadata.json。
2026-02-01 23:56:01,079 - SUCCESS - '全國單日平均糧價' 的 Metadata 已更新到 metadata.json。
2026-02-01 23:56:02,319 - SUCCESS - <全國單日平均糧價>的資料已下載完成，共 9182 筆資料。
2026-02-01 23:56:02,319 - SUCCESS - <全國單日平均糧價>的資料已下載完成，共 9182 筆資料。
2026-02-01 23:56:02,546 - SUCCESS - 已下載、去重並合併資料完成現有資料 62 條，新資料 1 條。
2026-02-01 23:56:02,546 - SUCCESS - 已下載、去重並合併資料完成現有資料 62 條，新資料 1 條。
2026-02-01 23:56:02,715 - SUCCESS - 已下載 '全國單日平均糧價' 的原始 JSON 資料路徑: 'C:\Python\data_moa_gov_tw\raw_data\全國單日平均糧價\全國單日平均糧價.json'
2026-02-01 23:56:02,715 - SUCCESS - 已下載 '全國單日平均糧價' 的原始 JSON 資料路徑: 'C:\Python\data_moa_gov_tw\raw_data\全國單日平均糧價\全國單日平均糧價.json'
2026-02-01 23:56:02,742 - SUCCESS - 插入或更新 '全國單日平均糧價' 的 Metadata 成功。
2026-02-01 23:56:02,742 - SUCCESS - 插入或更新 '全國單日平均糧價' 的 Metadata 成功。
2026-02-01 23:56:02,751 - SUCCESS - 已成功批量插入 '全國單日平均糧價' 的總計 1 條記錄到表格 '1040001' 。
2026-02-01 23:56:02,751 - SUCCESS - 已成功批量插入 '全國單日平均糧價' 的總計 1 條記錄到表格 '1040001' 。
2026-02-01 23:56:02,752 - SUCCESS - '全國單日平均糧價' 的自動更新完成。
2026-02-01 23:56:02,752 - SUCCESS - '全國單日平均糧價' 的自動更新完成。
2026-02-01 23:56:04,203 - SUCCESS - 成功提取 '各觀測站近兩年降雨量' 的網頁 Metadata。
2026-02-01 23:56:04,203 - SUCCESS - 成功提取 '各觀測站近兩年降雨量' 的網頁 Metadata。
2026-02-01 23:56:05,852 - SUCCESS - 成功提取 '產銷履歷與有機蔬果行情' 的網頁 Metadata。
2026-02-01 23:56:05,852 - SUCCESS - 成功提取 '產銷履歷與有機蔬果行情' 的網頁 Metadata。
2026-02-01 23:56:05,897 - SUCCESS - '產銷履歷與有機蔬果行情' 的 Metadata 已更新到 metadata.json。
2026-02-01 23:56:05,897 - SUCCESS - '產銷履歷與有機蔬果行情' 的 Metadata 已更新到 metadata.json。
2026-02-01 23:56:21,502 - SUCCESS - <產銷履歷與有機蔬果行情>的資料已下載完成，共 4597 筆資料。
2026-02-01 23:56:21,502 - SUCCESS - <產銷履歷與有機蔬果行情>的資料已下載完成，共 4597 筆資料。
2026-02-01 23:56:31,036 - SUCCESS - 已下載、去重並合併資料完成現有資料 120034 條，新資料 2220 條。
2026-02-01 23:56:31,036 - SUCCESS - 已下載、去重並合併資料完成現有資料 120034 條，新資料 2220 條。
2026-02-01 23:56:33,917 - SUCCESS - 已下載 '產銷履歷與有機蔬果行情' 的原始 JSON 資料路徑: 'C:\Python\data_moa_gov_tw\raw_data\產銷履歷與有機蔬果行情\產銷履歷與有機蔬果行情.json'
2026-02-01 23:56:33,917 - SUCCESS - 已下載 '產銷履歷與有機蔬果行情' 的原始 JSON 資料路徑: 'C:\Python\data_moa_gov_tw\raw_data\產銷履歷與有機蔬果行情\產銷履歷與有機蔬果行情.json'
2026-02-01 23:56:33,924 - SUCCESS - 插入或更新 '產銷履歷與有機蔬果行情' 的 Metadata 成功。
2026-02-01 23:56:33,924 - SUCCESS - 插入或更新 '產銷履歷與有機蔬果行情' 的 Metadata 成功。
2026-02-01 23:56:34,812 - SUCCESS - 已成功批量插入 '產銷履歷與有機蔬果行情' 的總計 2220 條記錄到表格 '1040003' 。
2026-02-01 23:56:34,812 - SUCCESS - 已成功批量插入 '產銷履歷與有機蔬果行情' 的總計 2220 條記錄到表格 '1040003' 。
2026-02-01 23:56:34,843 - SUCCESS - '產銷履歷與有機蔬果行情' 的自動更新完成。
2026-02-01 23:56:34,843 - SUCCESS - '產銷履歷與有機蔬果行情' 的自動更新完成。
2026-02-01 23:56:36,318 - SUCCESS - 成功提取 '糧價查詢' 的網頁 Metadata。
2026-02-01 23:56:36,318 - SUCCESS - 成功提取 '糧價查詢' 的網頁 Metadata。
2026-02-01 23:56:36,355 - SUCCESS - '糧價查詢' 的 Metadata 已更新到 metadata.json。
2026-02-01 23:56:36,355 - SUCCESS - '糧價查詢' 的 Metadata 已更新到 metadata.json。
2026-02-01 23:56:39,048 - SUCCESS - <糧價查詢>的資料已下載完成，共 9999 筆資料。
2026-02-01 23:56:39,048 - SUCCESS - <糧價查詢>的資料已下載完成，共 9999 筆資料。
2026-02-01 23:56:39,242 - SUCCESS - 已下載、去重並合併資料完成現有資料 1638 條，新資料 40 條。
2026-02-01 23:56:39,242 - SUCCESS - 已下載、去重並合併資料完成現有資料 1638 條，新資料 40 條。
2026-02-01 23:56:40,140 - SUCCESS - 已下載 '糧價查詢' 的原始 JSON 資料路徑: 'C:\Python\data_moa_gov_tw\raw_data\糧價查詢\糧價查詢.json'
2026-02-01 23:56:40,140 - SUCCESS - 已下載 '糧價查詢' 的原始 JSON 資料路徑: 'C:\Python\data_moa_gov_tw\raw_data\糧價查詢\糧價查詢.json'
2026-02-01 23:56:40,148 - SUCCESS - 插入或更新 '糧價查詢' 的 Metadata 成功。
2026-02-01 23:56:40,148 - SUCCESS - 插入或更新 '糧價查詢' 的 Metadata 成功。
2026-02-01 23:56:40,173 - SUCCESS - 已成功批量插入 '糧價查詢' 的總計 40 條記錄到表格 '1040004' 。
2026-02-01 23:56:40,173 - SUCCESS - 已成功批量插入 '糧價查詢' 的總計 40 條記錄到表格 '1040004' 。
2026-02-01 23:56:40,173 - SUCCESS - '糧價查詢' 的自動更新完成。
2026-02-01 23:56:40,173 - SUCCESS - '糧價查詢' 的自動更新完成。
2026-02-01 23:56:41,698 - SUCCESS - 成功提取 '臺灣地區果品生產概況' 的網頁 Metadata。
2026-02-01 23:56:41,698 - SUCCESS - 成功提取 '臺灣地區果品生產概況' 的網頁 Metadata。
2026-02-01 23:56:43,244 - SUCCESS - 成功提取 '臺灣地區特用作物生產概況' 的網頁 Metadata。
2026-02-01 23:56:43,244 - SUCCESS - 成功提取 '臺灣地區特用作物生產概況' 的網頁 Metadata。
2026-02-01 23:56:44,669 - SUCCESS - 成功提取 '臺灣地區稻作種植、收穫面積及產量' 的網頁 Metadata。
2026-02-01 23:56:44,669 - SUCCESS - 成功提取 '臺灣地區稻作種植、收穫面積及產量' 的網頁 Metadata。
2026-02-01 23:56:46,054 - SUCCESS - 成功提取 '臺灣地區稻米生產價值' 的網頁 Metadata。
2026-02-01 23:56:46,054 - SUCCESS - 成功提取 '臺灣地區稻米生產價值' 的網頁 Metadata。
2026-02-01 23:56:47,468 - SUCCESS - 成功提取 '臺灣地區蔬菜生產概況' 的網頁 Metadata。
2026-02-01 23:56:47,468 - SUCCESS - 成功提取 '臺灣地區蔬菜生產概況' 的網頁 Metadata。
2026-02-01 23:56:48,806 - SUCCESS - 成功提取 '臺灣地區農產品生產量值' 的網頁 Metadata。
2026-02-01 23:56:48,806 - SUCCESS - 成功提取 '臺灣地區農產品生產量值' 的網頁 Metadata。
2026-02-01 23:56:50,196 - SUCCESS - 成功提取 '農情調查' 的網頁 Metadata。
2026-02-01 23:56:50,196 - SUCCESS - 成功提取 '農情調查' 的網頁 Metadata。
2026-02-01 23:56:50,244 - SUCCESS - '農情調查' 的 Metadata 已更新到 metadata.json。
2026-02-01 23:56:50,244 - SUCCESS - '農情調查' 的 Metadata 已更新到 metadata.json。
2026-02-01 23:56:53,647 - SUCCESS - <農情調查>的資料已下載完成，共 9999 筆資料。
2026-02-01 23:56:53,647 - SUCCESS - <農情調查>的資料已下載完成，共 9999 筆資料。
2026-02-01 23:56:53,665 - SUCCESS - 已下載、去重並合併資料完成現有資料 0 條，新資料 0 條。
2026-02-01 23:56:53,665 - SUCCESS - 已下載、去重並合併資料完成現有資料 0 條，新資料 0 條。
2026-02-01 23:56:56,132 - SUCCESS - 成功提取 '農產品交易行情' 的網頁 Metadata。
2026-02-01 23:56:56,132 - SUCCESS - 成功提取 '農產品交易行情' 的網頁 Metadata。
2026-02-01 23:56:56,179 - SUCCESS - '農產品交易行情' 的 Metadata 已更新到 metadata.json。
2026-02-01 23:56:56,179 - SUCCESS - '農產品交易行情' 的 Metadata 已更新到 metadata.json。
2026-02-01 23:57:23,279 - SUCCESS - <農產品交易行情>的資料已下載完成，共 13481 筆資料。
2026-02-01 23:57:23,279 - SUCCESS - <農產品交易行情>的資料已下載完成，共 13481 筆資料。
2026-02-01 23:57:34,305 - SUCCESS - 已下載、去重並合併資料完成現有資料 186339 條，新資料 2486 條。
2026-02-01 23:57:34,305 - SUCCESS - 已下載、去重並合併資料完成現有資料 186339 條，新資料 2486 條。
2026-02-01 23:57:38,614 - SUCCESS - 已下載 '農產品交易行情' 的原始 JSON 資料路徑: 'C:\Python\data_moa_gov_tw\raw_data\農產品交易行情\農產品交易行情.json'
2026-02-01 23:57:38,614 - SUCCESS - 已下載 '農產品交易行情' 的原始 JSON 資料路徑: 'C:\Python\data_moa_gov_tw\raw_data\農產品交易行情\農產品交易行情.json'
2026-02-01 23:57:38,620 - SUCCESS - 插入或更新 '農產品交易行情' 的 Metadata 成功。
2026-02-01 23:57:38,620 - SUCCESS - 插入或更新 '農產品交易行情' 的 Metadata 成功。
2026-02-01 23:57:39,692 - SUCCESS - 已成功批量插入 '農產品交易行情' 的總計 2486 條記錄到表格 '1040012' 。
2026-02-01 23:57:39,692 - SUCCESS - 已成功批量插入 '農產品交易行情' 的總計 2486 條記錄到表格 '1040012' 。
2026-02-01 23:57:39,799 - SUCCESS - '農產品交易行情' 的自動更新完成。
2026-02-01 23:57:39,799 - SUCCESS - '農產品交易行情' 的自動更新完成。
2026-02-01 23:57:41,440 - SUCCESS - 成功提取 '農產品產地價格(月平均價格)' 的網頁 Metadata。
2026-02-01 23:57:41,440 - SUCCESS - 成功提取 '農產品產地價格(月平均價格)' 的網頁 Metadata。
2026-02-01 23:57:42,798 - SUCCESS - 成功提取 '農產品產地價格資料' 的網頁 Metadata。
2026-02-01 23:57:42,798 - SUCCESS - 成功提取 '農產品產地價格資料' 的網頁 Metadata。
2026-02-01 23:57:44,611 - SUCCESS - 成功提取 '雜糧生產概況' 的網頁 Metadata。
2026-02-01 23:57:44,611 - SUCCESS - 成功提取 '雜糧生產概況' 的網頁 Metadata。
2026-02-01 23:57:45,623 - SUCCESS - 已成功儲存次要資訊。
2026-02-01 23:57:45,623 - SUCCESS - 已成功儲存次要資訊。
2026-02-01 23:57:45,623 - SUCCESS - 更新結果儲存成功:{'全國單日平均糧價': '已更新', '各觀測站近兩年降雨量': '未更新', '產銷履歷與有機蔬果行情': '已更新', '糧價查詢': '已更新', '臺灣地區果品生產概況': '未更新', '臺灣地區特用作物生產概況': '未更新', '臺灣地區稻作種植、收穫面積及產量': '未更新', '臺灣地區稻米生產價值': '未更新', '臺灣地區蔬菜生產概況': '未更新', '臺灣地區農產品生產量值': '未更新', '農情調查': '未更新', '農產品交易行情': '已更新', '農產品產地價格(月平均價格)': '未更新', '農產品產地價格資料': '未更新', '雜糧生產概況': '未更新'}
2026-02-01 23:57:45,623 - SUCCESS - 更新結果儲存成功:{'全國單日平均糧價': '已更新', '各觀測站近兩年降雨量': '未更新', '產銷履歷與有機蔬果行情': '已更新', '糧價查詢': '已更新', '臺灣地區果品生產概況': '未更新', '臺灣地區特用作物生產概況': '未更新', '臺灣地區稻作種植、收穫面積及產量': '未更新', '臺灣地區稻米生產價值': '未更新', '臺灣地區蔬菜生產概況': '未更新', '臺灣地區農產品生產量值': '未更新', '農情調查': '未更新', '農產品交易行情': '已更新', '農產品產地價格(月平均價格)': '未更新', '農產品產地價格資料': '未更新', '雜糧生產概況': '未更新'}
