2025-10-15 02:23:31,410 - SUCCESS - 成功提取 '全國單日平均糧價' 的網頁 Metadata。
2025-10-15 02:23:31,410 - SUCCESS - 成功提取 '全國單日平均糧價' 的網頁 Metadata。
2025-10-15 02:23:31,466 - SUCCESS - '全國單日平均糧價' 的 Metadata 已更新到 metadata.json。
2025-10-15 02:23:31,466 - SUCCESS - '全國單日平均糧價' 的 Metadata 已更新到 metadata.json。
2025-10-15 02:23:32,783 - SUCCESS - <全國單日平均糧價>的資料已下載完成，共 9073 筆資料。
2025-10-15 02:23:32,783 - SUCCESS - <全國單日平均糧價>的資料已下載完成，共 9073 筆資料。
2025-10-15 02:23:33,645 - SUCCESS - 已下載、去重並合併資料完成現有資料 9073 條，新資料 3 條。
2025-10-15 02:23:33,645 - SUCCESS - 已下載、去重並合併資料完成現有資料 9073 條，新資料 3 條。
2025-10-15 02:23:33,692 - SUCCESS - 已下載 '全國單日平均糧價' 的原始 JSON 資料路徑: 'c:\Python\data_moa_gov_tw\raw_data\全國單日平均糧價\全國單日平均糧價.json'
2025-10-15 02:23:33,692 - SUCCESS - 已下載 '全國單日平均糧價' 的原始 JSON 資料路徑: 'c:\Python\data_moa_gov_tw\raw_data\全國單日平均糧價\全國單日平均糧價.json'
2025-10-15 02:23:33,724 - SUCCESS - 插入或更新 '全國單日平均糧價' 的 Metadata 成功。
2025-10-15 02:23:33,724 - SUCCESS - 插入或更新 '全國單日平均糧價' 的 Metadata 成功。
2025-10-15 02:23:33,737 - SUCCESS - 已成功批量插入 '全國單日平均糧價' 的總計 3 條記錄到表格 '1040001' 。
2025-10-15 02:23:33,737 - SUCCESS - 已成功批量插入 '全國單日平均糧價' 的總計 3 條記錄到表格 '1040001' 。
2025-10-15 02:23:33,741 - SUCCESS - '全國單日平均糧價' 的自動更新完成。
2025-10-15 02:23:33,741 - SUCCESS - '全國單日平均糧價' 的自動更新完成。
2025-10-15 02:23:34,968 - SUCCESS - 成功提取 '各觀測站近兩年降雨量' 的網頁 Metadata。
2025-10-15 02:23:34,968 - SUCCESS - 成功提取 '各觀測站近兩年降雨量' 的網頁 Metadata。
2025-10-15 02:23:36,182 - SUCCESS - 成功提取 '產銷履歷與有機蔬果行情' 的網頁 Metadata。
2025-10-15 02:23:36,182 - SUCCESS - 成功提取 '產銷履歷與有機蔬果行情' 的網頁 Metadata。
2025-10-15 02:23:36,223 - SUCCESS - '產銷履歷與有機蔬果行情' 的 Metadata 已更新到 metadata.json。
2025-10-15 02:23:36,223 - SUCCESS - '產銷履歷與有機蔬果行情' 的 Metadata 已更新到 metadata.json。
2025-10-15 02:23:36,840 - SUCCESS - <產銷履歷與有機蔬果行情>的資料已下載完成，共 2316 筆資料。
2025-10-15 02:23:36,840 - SUCCESS - <產銷履歷與有機蔬果行情>的資料已下載完成，共 2316 筆資料。
2025-10-15 02:23:47,339 - SUCCESS - 已下載、去重並合併資料完成現有資料 161916 條，新資料 2239 條。
2025-10-15 02:23:47,339 - SUCCESS - 已下載、去重並合併資料完成現有資料 161916 條，新資料 2239 條。
2025-10-15 02:23:48,043 - SUCCESS - 已下載 '產銷履歷與有機蔬果行情' 的原始 JSON 資料路徑: 'c:\Python\data_moa_gov_tw\raw_data\產銷履歷與有機蔬果行情\產銷履歷與有機蔬果行情.json'
2025-10-15 02:23:48,043 - SUCCESS - 已下載 '產銷履歷與有機蔬果行情' 的原始 JSON 資料路徑: 'c:\Python\data_moa_gov_tw\raw_data\產銷履歷與有機蔬果行情\產銷履歷與有機蔬果行情.json'
2025-10-15 02:23:48,050 - SUCCESS - 插入或更新 '產銷履歷與有機蔬果行情' 的 Metadata 成功。
2025-10-15 02:23:48,050 - SUCCESS - 插入或更新 '產銷履歷與有機蔬果行情' 的 Metadata 成功。
2025-10-15 02:23:48,888 - SUCCESS - 已成功批量插入 '產銷履歷與有機蔬果行情' 的總計 2239 條記錄到表格 '1040003' 。
2025-10-15 02:23:48,888 - SUCCESS - 已成功批量插入 '產銷履歷與有機蔬果行情' 的總計 2239 條記錄到表格 '1040003' 。
2025-10-15 02:23:48,917 - SUCCESS - '產銷履歷與有機蔬果行情' 的自動更新完成。
2025-10-15 02:23:48,917 - SUCCESS - '產銷履歷與有機蔬果行情' 的自動更新完成。
2025-10-15 02:23:50,088 - SUCCESS - 成功提取 '糧價查詢' 的網頁 Metadata。
2025-10-15 02:23:50,088 - SUCCESS - 成功提取 '糧價查詢' 的網頁 Metadata。
2025-10-15 02:23:50,106 - SUCCESS - '糧價查詢' 的 Metadata 已更新到 metadata.json。
2025-10-15 02:23:50,106 - SUCCESS - '糧價查詢' 的 Metadata 已更新到 metadata.json。
2025-10-15 02:23:51,450 - SUCCESS - <糧價查詢>的資料已下載完成，共 9999 筆資料。
2025-10-15 02:23:51,450 - SUCCESS - <糧價查詢>的資料已下載完成，共 9999 筆資料。
2025-10-15 02:24:04,405 - SUCCESS - 已下載、去重並合併資料完成現有資料 239810 條，新資料 20 條。
2025-10-15 02:24:04,405 - SUCCESS - 已下載、去重並合併資料完成現有資料 239810 條，新資料 20 條。
2025-10-15 02:24:05,331 - SUCCESS - 已下載 '糧價查詢' 的原始 JSON 資料路徑: 'c:\Python\data_moa_gov_tw\raw_data\糧價查詢\糧價查詢.json'
2025-10-15 02:24:05,331 - SUCCESS - 已下載 '糧價查詢' 的原始 JSON 資料路徑: 'c:\Python\data_moa_gov_tw\raw_data\糧價查詢\糧價查詢.json'
2025-10-15 02:24:05,337 - SUCCESS - 插入或更新 '糧價查詢' 的 Metadata 成功。
2025-10-15 02:24:05,337 - SUCCESS - 插入或更新 '糧價查詢' 的 Metadata 成功。
2025-10-15 02:24:05,354 - SUCCESS - 已成功批量插入 '糧價查詢' 的總計 20 條記錄到表格 '1040004' 。
2025-10-15 02:24:05,354 - SUCCESS - 已成功批量插入 '糧價查詢' 的總計 20 條記錄到表格 '1040004' 。
2025-10-15 02:24:05,441 - SUCCESS - '糧價查詢' 的自動更新完成。
2025-10-15 02:24:05,441 - SUCCESS - '糧價查詢' 的自動更新完成。
2025-10-15 02:24:06,690 - SUCCESS - 成功提取 '臺灣地區果品生產概況' 的網頁 Metadata。
2025-10-15 02:24:06,690 - SUCCESS - 成功提取 '臺灣地區果品生產概況' 的網頁 Metadata。
2025-10-15 02:24:07,890 - SUCCESS - 成功提取 '臺灣地區特用作物生產概況' 的網頁 Metadata。
2025-10-15 02:24:07,890 - SUCCESS - 成功提取 '臺灣地區特用作物生產概況' 的網頁 Metadata。
2025-10-15 02:24:09,090 - SUCCESS - 成功提取 '臺灣地區稻作種植、收穫面積及產量' 的網頁 Metadata。
2025-10-15 02:24:09,090 - SUCCESS - 成功提取 '臺灣地區稻作種植、收穫面積及產量' 的網頁 Metadata。
2025-10-15 02:24:10,276 - SUCCESS - 成功提取 '臺灣地區稻米生產價值' 的網頁 Metadata。
2025-10-15 02:24:10,276 - SUCCESS - 成功提取 '臺灣地區稻米生產價值' 的網頁 Metadata。
2025-10-15 02:24:11,466 - SUCCESS - 成功提取 '臺灣地區蔬菜生產概況' 的網頁 Metadata。
2025-10-15 02:24:11,466 - SUCCESS - 成功提取 '臺灣地區蔬菜生產概況' 的網頁 Metadata。
2025-10-15 02:24:12,682 - SUCCESS - 成功提取 '臺灣地區農產品生產量值' 的網頁 Metadata。
2025-10-15 02:24:12,682 - SUCCESS - 成功提取 '臺灣地區農產品生產量值' 的網頁 Metadata。
2025-10-15 02:24:13,878 - SUCCESS - 成功提取 '農情調查' 的網頁 Metadata。
2025-10-15 02:24:13,878 - SUCCESS - 成功提取 '農情調查' 的網頁 Metadata。
2025-10-15 02:24:13,907 - SUCCESS - '農情調查' 的 Metadata 已更新到 metadata.json。
2025-10-15 02:24:13,907 - SUCCESS - '農情調查' 的 Metadata 已更新到 metadata.json。
2025-10-15 02:24:15,275 - SUCCESS - <農情調查>的資料已下載完成，共 9999 筆資料。
2025-10-15 02:24:15,275 - SUCCESS - <農情調查>的資料已下載完成，共 9999 筆資料。
2025-10-15 02:24:16,204 - SUCCESS - 已下載、去重並合併資料完成現有資料 45259 條，新資料 0 條。
2025-10-15 02:24:16,204 - SUCCESS - 已下載、去重並合併資料完成現有資料 45259 條，新資料 0 條。
2025-10-15 02:24:16,403 - SUCCESS - 插入或更新 '農情調查' 的 Metadata 成功。
2025-10-15 02:24:16,403 - SUCCESS - 插入或更新 '農情調查' 的 Metadata 成功。
2025-10-15 02:24:16,411 - SUCCESS - '農情調查' 的自動更新完成。
2025-10-15 02:24:16,411 - SUCCESS - '農情調查' 的自動更新完成。
2025-10-15 02:24:17,675 - SUCCESS - 成功提取 '農產品交易行情' 的網頁 Metadata。
2025-10-15 02:24:17,675 - SUCCESS - 成功提取 '農產品交易行情' 的網頁 Metadata。
2025-10-15 02:24:17,703 - SUCCESS - '農產品交易行情' 的 Metadata 已更新到 metadata.json。
2025-10-15 02:24:17,703 - SUCCESS - '農產品交易行情' 的 Metadata 已更新到 metadata.json。
2025-10-15 02:24:21,911 - SUCCESS - <農產品交易行情>的資料已下載完成，共 6836 筆資料。
2025-10-15 02:24:21,911 - SUCCESS - <農產品交易行情>的資料已下載完成，共 6836 筆資料。
2025-10-15 02:24:36,300 - SUCCESS - 已下載、去重並合併資料完成現有資料 342338 條，新資料 3610 條。
2025-10-15 02:24:36,300 - SUCCESS - 已下載、去重並合併資料完成現有資料 342338 條，新資料 3610 條。
2025-10-15 02:24:37,562 - SUCCESS - 已下載 '農產品交易行情' 的原始 JSON 資料路徑: 'c:\Python\data_moa_gov_tw\raw_data\農產品交易行情\農產品交易行情.json'
2025-10-15 02:24:37,562 - SUCCESS - 已下載 '農產品交易行情' 的原始 JSON 資料路徑: 'c:\Python\data_moa_gov_tw\raw_data\農產品交易行情\農產品交易行情.json'
2025-10-15 02:24:37,567 - SUCCESS - 插入或更新 '農產品交易行情' 的 Metadata 成功。
2025-10-15 02:24:37,567 - SUCCESS - 插入或更新 '農產品交易行情' 的 Metadata 成功。
2025-10-15 02:24:39,021 - SUCCESS - 已成功批量插入 '農產品交易行情' 的總計 3609 條記錄到表格 '1040012' 。
2025-10-15 02:24:39,021 - SUCCESS - 已成功批量插入 '農產品交易行情' 的總計 3609 條記錄到表格 '1040012' 。
2025-10-15 02:24:39,113 - SUCCESS - '農產品交易行情' 的自動更新完成。
2025-10-15 02:24:39,113 - SUCCESS - '農產品交易行情' 的自動更新完成。
2025-10-15 02:24:40,301 - SUCCESS - 成功提取 '農產品產地價格(月平均價格)' 的網頁 Metadata。
2025-10-15 02:24:40,301 - SUCCESS - 成功提取 '農產品產地價格(月平均價格)' 的網頁 Metadata。
2025-10-15 02:24:41,489 - SUCCESS - 成功提取 '農產品產地價格資料' 的網頁 Metadata。
2025-10-15 02:24:41,489 - SUCCESS - 成功提取 '農產品產地價格資料' 的網頁 Metadata。
2025-10-15 02:24:41,515 - SUCCESS - '農產品產地價格資料' 的 Metadata 已更新到 metadata.json。
2025-10-15 02:24:41,515 - SUCCESS - '農產品產地價格資料' 的 Metadata 已更新到 metadata.json。
2025-10-15 02:24:41,983 - SUCCESS - <農產品產地價格資料>的資料已下載完成，共 9999 筆資料。
2025-10-15 02:24:41,983 - SUCCESS - <農產品產地價格資料>的資料已下載完成，共 9999 筆資料。
2025-10-15 02:25:20,298 - SUCCESS - 已下載、去重並合併資料完成現有資料 343855 條，新資料 22 條。
2025-10-15 02:25:20,298 - SUCCESS - 已下載、去重並合併資料完成現有資料 343855 條，新資料 22 條。
2025-10-15 02:25:21,710 - SUCCESS - 已下載 '農產品產地價格資料' 的原始 JSON 資料路徑: 'c:\Python\data_moa_gov_tw\raw_data\農產品產地價格資料\農產品產地價格資料.json'
2025-10-15 02:25:21,710 - SUCCESS - 已下載 '農產品產地價格資料' 的原始 JSON 資料路徑: 'c:\Python\data_moa_gov_tw\raw_data\農產品產地價格資料\農產品產地價格資料.json'
2025-10-15 02:25:21,716 - SUCCESS - 插入或更新 '農產品產地價格資料' 的 Metadata 成功。
2025-10-15 02:25:21,716 - SUCCESS - 插入或更新 '農產品產地價格資料' 的 Metadata 成功。
2025-10-15 02:25:21,732 - SUCCESS - 已成功批量插入 '農產品產地價格資料' 的總計 22 條記錄到表格 '1040014' 。
2025-10-15 02:25:21,732 - SUCCESS - 已成功批量插入 '農產品產地價格資料' 的總計 22 條記錄到表格 '1040014' 。
2025-10-15 02:25:21,782 - SUCCESS - '農產品產地價格資料' 的自動更新完成。
2025-10-15 02:25:21,782 - SUCCESS - '農產品產地價格資料' 的自動更新完成。
2025-10-15 02:25:23,056 - SUCCESS - 成功提取 '雜糧生產概況' 的網頁 Metadata。
2025-10-15 02:25:23,056 - SUCCESS - 成功提取 '雜糧生產概況' 的網頁 Metadata。
2025-10-15 02:25:24,060 - SUCCESS - 已成功儲存次要資訊。
2025-10-15 02:25:24,060 - SUCCESS - 已成功儲存次要資訊。
2025-10-15 02:25:24,060 - SUCCESS - 更新結果儲存成功:{'全國單日平均糧價': '已更新', '各觀測站近兩年降雨量': '未更新', '產銷履歷與有機蔬果行情': '已更新', '糧價查詢': '已更新', '臺灣地區果品生產概況': '未更新', '臺灣地區特用作物生產概況': '未更新', '臺灣地區稻作種植、收穫面積及產量': '未更新', '臺灣地區稻米生產價值': '未更新', '臺灣地區蔬菜生產概況': '未更新', '臺灣地區農產品生產量值': '未更新', '農情調查': '已更新', '農產品交易行情': '已更新', '農產品產地價格(月平均價格)': '未更新', '農產品產地價格資料': '已更新', '雜糧生產概況': '未更新'}
2025-10-15 02:25:24,060 - SUCCESS - 更新結果儲存成功:{'全國單日平均糧價': '已更新', '各觀測站近兩年降雨量': '未更新', '產銷履歷與有機蔬果行情': '已更新', '糧價查詢': '已更新', '臺灣地區果品生產概況': '未更新', '臺灣地區特用作物生產概況': '未更新', '臺灣地區稻作種植、收穫面積及產量': '未更新', '臺灣地區稻米生產價值': '未更新', '臺灣地區蔬菜生產概況': '未更新', '臺灣地區農產品生產量值': '未更新', '農情調查': '已更新', '農產品交易行情': '已更新', '農產品產地價格(月平均價格)': '未更新', '農產品產地價格資料': '已更新', '雜糧生產概況': '未更新'}
