2026-02-11 22:32:17,126 - _handle_data_download - ERROR - 未成功下載 JSON 資料。
2026-02-11 22:33:07,049 - save_minor_info_to_sql - ERROR - 儲存 'minor_info' 失敗: local variable '_save_info' referenced before assignment
2026-02-11 22:33:07,049 - update_by_metadata - ERROR - 未能成功儲存次要資訊到資料庫。
2026-02-11 22:37:42,123 - _handle_data_download - ERROR - 未成功下載 JSON 資料。
2026-02-11 22:37:49,843 - save_minor_info_to_sql - ERROR - 儲存 'minor_info' 失敗: _insert_or_update_minor_info() takes 2 positional arguments but 3 were given
2026-02-11 22:37:49,844 - update_by_metadata - ERROR - 未能成功儲存次要資訊到資料庫。
2026-02-11 22:38:25,661 - _handle_data_download - ERROR - 未成功下載 JSON 資料。
2026-02-11 22:38:32,543 - _execute_sql - ERROR - 執行 SQL 失敗: UndefinedColumn: column "category_table_id" does not exist
LINE 4:     ON CONFLICT ("category_table_id") DO UPDATE SET
                        ^

SQL: 
    INSERT INTO "refer_skip_value" ("標題", "skip", "連結", "資料更新日期")
    VALUES (%s, %s, %s, %s)
    ON CONFLICT ("category_table_id") DO UPDATE SET
        "標題" = EXCLUDED."標題", "skip" = EXCLUDED."skip", "連結" = EXCLUDED."連結", "資料更新日期" = EXCLUDED."資料更新日期";
    
Params: ('全國單日平均糧價', '0', 'https://data.moa.gov.tw/open_detail.aspx?id=E69', '2026/02/11 21:00:13')
2026-02-11 22:38:32,543 - _insert_or_update_minor_info - ERROR - Upsert 單筆記錄到 refer_skip_value 失敗，ID: None
2026-02-11 22:38:32,543 - _execute_sql - ERROR - 執行 SQL 失敗: UndefinedColumn: column "category_table_id" does not exist
LINE 4:     ON CONFLICT ("category_table_id") DO UPDATE SET
                        ^

SQL: 
    INSERT INTO "refer_skip_value" ("標題", "skip", "連結", "資料更新日期")
    VALUES (%s, %s, %s, %s)
    ON CONFLICT ("category_table_id") DO UPDATE SET
        "標題" = EXCLUDED."標題", "skip" = EXCLUDED."skip", "連結" = EXCLUDED."連結", "資料更新日期" = EXCLUDED."資料更新日期";
    
Params: ('各觀測站近兩年降雨量', '0', 'https://data.moa.gov.tw/open_detail.aspx?id=5n9c3AlEJ2DH', '2025/06/26 12:22:09')
2026-02-11 22:38:32,543 - _insert_or_update_minor_info - ERROR - Upsert 單筆記錄到 refer_skip_value 失敗，ID: None
2026-02-11 22:38:32,555 - _execute_sql - ERROR - 執行 SQL 失敗: UndefinedColumn: column "category_table_id" does not exist
LINE 4:     ON CONFLICT ("category_table_id") DO UPDATE SET
                        ^

SQL: 
    INSERT INTO "refer_skip_value" ("標題", "skip", "連結", "資料更新日期")
    VALUES (%s, %s, %s, %s)
    ON CONFLICT ("category_table_id") DO UPDATE SET
        "標題" = EXCLUDED."標題", "skip" = EXCLUDED."skip", "連結" = EXCLUDED."連結", "資料更新日期" = EXCLUDED."資料更新日期";
    
Params: ('產銷履歷與有機蔬果行情', '0', 'https://data.moa.gov.tw/open_detail.aspx?id=H44', '2026/02/11 20:30:04')
2026-02-11 22:38:32,555 - _insert_or_update_minor_info - ERROR - Upsert 單筆記錄到 refer_skip_value 失敗，ID: None
2026-02-11 22:38:32,556 - _execute_sql - ERROR - 執行 SQL 失敗: UndefinedColumn: column "category_table_id" does not exist
LINE 4:     ON CONFLICT ("category_table_id") DO UPDATE SET
                        ^

SQL: 
    INSERT INTO "refer_skip_value" ("標題", "skip", "連結", "資料更新日期")
    VALUES (%s, %s, %s, %s)
    ON CONFLICT ("category_table_id") DO UPDATE SET
        "標題" = EXCLUDED."標題", "skip" = EXCLUDED."skip", "連結" = EXCLUDED."連結", "資料更新日期" = EXCLUDED."資料更新日期";
    
Params: ('糧價查詢', '0', 'https://data.moa.gov.tw/open_detail.aspx?id=266', '2026/02/11 10:10:24')
2026-02-11 22:38:32,556 - _insert_or_update_minor_info - ERROR - Upsert 單筆記錄到 refer_skip_value 失敗，ID: None
2026-02-11 22:38:32,557 - _execute_sql - ERROR - 執行 SQL 失敗: UndefinedColumn: column "category_table_id" does not exist
LINE 4:     ON CONFLICT ("category_table_id") DO UPDATE SET
                        ^

SQL: 
    INSERT INTO "refer_skip_value" ("標題", "skip", "連結", "資料更新日期")
    VALUES (%s, %s, %s, %s)
    ON CONFLICT ("category_table_id") DO UPDATE SET
        "標題" = EXCLUDED."標題", "skip" = EXCLUDED."skip", "連結" = EXCLUDED."連結", "資料更新日期" = EXCLUDED."資料更新日期";
    
Params: ('臺灣地區果品生產概況', '0', 'https://data.moa.gov.tw/open_detail.aspx?id=135', '2025/06/17 14:36:28')
2026-02-11 22:38:32,557 - _insert_or_update_minor_info - ERROR - Upsert 單筆記錄到 refer_skip_value 失敗，ID: None
2026-02-11 22:38:32,558 - _execute_sql - ERROR - 執行 SQL 失敗: UndefinedColumn: column "category_table_id" does not exist
LINE 4:     ON CONFLICT ("category_table_id") DO UPDATE SET
                        ^

SQL: 
    INSERT INTO "refer_skip_value" ("標題", "skip", "連結", "資料更新日期")
    VALUES (%s, %s, %s, %s)
    ON CONFLICT ("category_table_id") DO UPDATE SET
        "標題" = EXCLUDED."標題", "skip" = EXCLUDED."skip", "連結" = EXCLUDED."連結", "資料更新日期" = EXCLUDED."資料更新日期";
    
Params: ('臺灣地區特用作物生產概況', '0', 'https://data.moa.gov.tw/open_detail.aspx?id=136', '2025/06/17 14:37:33')
2026-02-11 22:38:32,558 - _insert_or_update_minor_info - ERROR - Upsert 單筆記錄到 refer_skip_value 失敗，ID: None
2026-02-11 22:38:32,560 - _execute_sql - ERROR - 執行 SQL 失敗: UndefinedColumn: column "category_table_id" does not exist
LINE 4:     ON CONFLICT ("category_table_id") DO UPDATE SET
                        ^

SQL: 
    INSERT INTO "refer_skip_value" ("標題", "skip", "連結", "資料更新日期")
    VALUES (%s, %s, %s, %s)
    ON CONFLICT ("category_table_id") DO UPDATE SET
        "標題" = EXCLUDED."標題", "skip" = EXCLUDED."skip", "連結" = EXCLUDED."連結", "資料更新日期" = EXCLUDED."資料更新日期";
    
Params: ('臺灣地區稻作種植、收穫面積及產量', '0', 'https://data.moa.gov.tw/open_detail.aspx?id=i5AdyGE26hcq', '2025/05/27 17:36:50')
2026-02-11 22:38:32,560 - _insert_or_update_minor_info - ERROR - Upsert 單筆記錄到 refer_skip_value 失敗，ID: None
2026-02-11 22:38:32,561 - _execute_sql - ERROR - 執行 SQL 失敗: UndefinedColumn: column "category_table_id" does not exist
LINE 4:     ON CONFLICT ("category_table_id") DO UPDATE SET
                        ^

SQL: 
    INSERT INTO "refer_skip_value" ("標題", "skip", "連結", "資料更新日期")
    VALUES (%s, %s, %s, %s)
    ON CONFLICT ("category_table_id") DO UPDATE SET
        "標題" = EXCLUDED."標題", "skip" = EXCLUDED."skip", "連結" = EXCLUDED."連結", "資料更新日期" = EXCLUDED."資料更新日期";
    
Params: ('臺灣地區稻米生產價值', '0', 'https://data.moa.gov.tw/open_detail.aspx?id=MMeBMLPHL11N', '2025/01/07 12:03:01')
2026-02-11 22:38:32,562 - _insert_or_update_minor_info - ERROR - Upsert 單筆記錄到 refer_skip_value 失敗，ID: None
2026-02-11 22:38:32,562 - _execute_sql - ERROR - 執行 SQL 失敗: UndefinedColumn: column "category_table_id" does not exist
LINE 4:     ON CONFLICT ("category_table_id") DO UPDATE SET
                        ^

SQL: 
    INSERT INTO "refer_skip_value" ("標題", "skip", "連結", "資料更新日期")
    VALUES (%s, %s, %s, %s)
    ON CONFLICT ("category_table_id") DO UPDATE SET
        "標題" = EXCLUDED."標題", "skip" = EXCLUDED."skip", "連結" = EXCLUDED."連結", "資料更新日期" = EXCLUDED."資料更新日期";
    
Params: ('臺灣地區蔬菜生產概況', '0', 'https://data.moa.gov.tw/open_detail.aspx?id=113', '2025/06/17 14:38:43')
2026-02-11 22:38:32,563 - _insert_or_update_minor_info - ERROR - Upsert 單筆記錄到 refer_skip_value 失敗，ID: None
2026-02-11 22:38:32,563 - _execute_sql - ERROR - 執行 SQL 失敗: UndefinedColumn: column "category_table_id" does not exist
LINE 4:     ON CONFLICT ("category_table_id") DO UPDATE SET
                        ^

SQL: 
    INSERT INTO "refer_skip_value" ("標題", "skip", "連結", "資料更新日期")
    VALUES (%s, %s, %s, %s)
    ON CONFLICT ("category_table_id") DO UPDATE SET
        "標題" = EXCLUDED."標題", "skip" = EXCLUDED."skip", "連結" = EXCLUDED."連結", "資料更新日期" = EXCLUDED."資料更新日期";
    
Params: ('臺灣地區農產品生產量值', '0', 'https://data.moa.gov.tw/open_detail.aspx?id=ABTXmIWuosiO', '2025/06/26 11:35:56')
2026-02-11 22:38:32,564 - _insert_or_update_minor_info - ERROR - Upsert 單筆記錄到 refer_skip_value 失敗，ID: None
2026-02-11 22:38:32,564 - _execute_sql - ERROR - 執行 SQL 失敗: UndefinedColumn: column "category_table_id" does not exist
LINE 4:     ON CONFLICT ("category_table_id") DO UPDATE SET
                        ^

SQL: 
    INSERT INTO "refer_skip_value" ("標題", "skip", "連結", "資料更新日期")
    VALUES (%s, %s, %s, %s)
    ON CONFLICT ("category_table_id") DO UPDATE SET
        "標題" = EXCLUDED."標題", "skip" = EXCLUDED."skip", "連結" = EXCLUDED."連結", "資料更新日期" = EXCLUDED."資料更新日期";
    
Params: ('農情調查', '0', 'https://data.moa.gov.tw/open_detail.aspx?id=038', '2026/01/23 23:35:00')
2026-02-11 22:38:32,564 - _insert_or_update_minor_info - ERROR - Upsert 單筆記錄到 refer_skip_value 失敗，ID: None
2026-02-11 22:38:32,564 - _execute_sql - ERROR - 執行 SQL 失敗: UndefinedColumn: column "category_table_id" does not exist
LINE 4:     ON CONFLICT ("category_table_id") DO UPDATE SET
                        ^

SQL: 
    INSERT INTO "refer_skip_value" ("標題", "skip", "連結", "資料更新日期")
    VALUES (%s, %s, %s, %s)
    ON CONFLICT ("category_table_id") DO UPDATE SET
        "標題" = EXCLUDED."標題", "skip" = EXCLUDED."skip", "連結" = EXCLUDED."連結", "資料更新日期" = EXCLUDED."資料更新日期";
    
Params: ('農產品交易行情', '5000', 'https://data.moa.gov.tw/open_detail.aspx?id=037', '2026/02/11 21:58:03')
2026-02-11 22:38:32,564 - _insert_or_update_minor_info - ERROR - Upsert 單筆記錄到 refer_skip_value 失敗，ID: None
2026-02-11 22:38:32,564 - _execute_sql - ERROR - 執行 SQL 失敗: UndefinedColumn: column "category_table_id" does not exist
LINE 4:     ON CONFLICT ("category_table_id") DO UPDATE SET
                        ^

SQL: 
    INSERT INTO "refer_skip_value" ("標題", "skip", "連結", "資料更新日期")
    VALUES (%s, %s, %s, %s)
    ON CONFLICT ("category_table_id") DO UPDATE SET
        "標題" = EXCLUDED."標題", "skip" = EXCLUDED."skip", "連結" = EXCLUDED."連結", "資料更新日期" = EXCLUDED."資料更新日期";
    
Params: ('農產品產地價格(月平均價格)', '0', 'https://data.moa.gov.tw/open_detail.aspx?id=652', '2026/01/12 09:58:07')
2026-02-11 22:38:32,567 - _insert_or_update_minor_info - ERROR - Upsert 單筆記錄到 refer_skip_value 失敗，ID: None
2026-02-11 22:38:32,567 - _execute_sql - ERROR - 執行 SQL 失敗: UndefinedColumn: column "category_table_id" does not exist
LINE 4:     ON CONFLICT ("category_table_id") DO UPDATE SET
                        ^

SQL: 
    INSERT INTO "refer_skip_value" ("標題", "skip", "連結", "資料更新日期")
    VALUES (%s, %s, %s, %s)
    ON CONFLICT ("category_table_id") DO UPDATE SET
        "標題" = EXCLUDED."標題", "skip" = EXCLUDED."skip", "連結" = EXCLUDED."連結", "資料更新日期" = EXCLUDED."資料更新日期";
    
Params: ('農產品產地價格資料', '0', 'https://data.moa.gov.tw/open_detail.aspx?id=WVOiWSdDjWxx', '2026/02/11 00:50:13')
2026-02-11 22:38:32,568 - _insert_or_update_minor_info - ERROR - Upsert 單筆記錄到 refer_skip_value 失敗，ID: None
2026-02-11 22:38:32,568 - _execute_sql - ERROR - 執行 SQL 失敗: UndefinedColumn: column "category_table_id" does not exist
LINE 4:     ON CONFLICT ("category_table_id") DO UPDATE SET
                        ^

SQL: 
    INSERT INTO "refer_skip_value" ("標題", "skip", "連結", "資料更新日期")
    VALUES (%s, %s, %s, %s)
    ON CONFLICT ("category_table_id") DO UPDATE SET
        "標題" = EXCLUDED."標題", "skip" = EXCLUDED."skip", "連結" = EXCLUDED."連結", "資料更新日期" = EXCLUDED."資料更新日期";
    
Params: ('雜糧生產概況', '0', 'https://data.moa.gov.tw/open_detail.aspx?id=8v9pJZ858uOz', '2025/01/09 14:35:02')
2026-02-11 22:38:32,568 - _insert_or_update_minor_info - ERROR - Upsert 單筆記錄到 refer_skip_value 失敗，ID: None
2026-02-11 22:38:32,587 - _execute_sql - ERROR - 執行 SQL 失敗: UndefinedColumn: column "category_table_id" does not exist
LINE 4:     ON CONFLICT ("category_table_id") DO UPDATE SET
                        ^

SQL: 
    INSERT INTO "all_sort_configs" ("file_name", "sort_keys")
    VALUES (%s, %s)
    ON CONFLICT ("category_table_id") DO UPDATE SET
        "file_name" = EXCLUDED."file_name", "sort_keys" = EXCLUDED."sort_keys";
    
Params: ('糧價查詢', '[["pt_date_day", "date_asc"], ["name", "text_asc"], ["pt_1japt", "text_asc"]]')
2026-02-11 22:38:32,587 - _insert_or_update_minor_info - ERROR - Upsert 單筆記錄到 all_sort_configs 失敗，ID: None
2026-02-11 22:38:32,587 - _execute_sql - ERROR - 執行 SQL 失敗: UndefinedColumn: column "category_table_id" does not exist
LINE 4:     ON CONFLICT ("category_table_id") DO UPDATE SET
                        ^

SQL: 
    INSERT INTO "all_sort_configs" ("file_name", "sort_keys")
    VALUES (%s, %s)
    ON CONFLICT ("category_table_id") DO UPDATE SET
        "file_name" = EXCLUDED."file_name", "sort_keys" = EXCLUDED."sort_keys";
    
Params: ('臺灣地區農產品生產量值', '[["year", "date_asc"], ["crop_name", "text_asc"]]')
2026-02-11 22:38:32,587 - _insert_or_update_minor_info - ERROR - Upsert 單筆記錄到 all_sort_configs 失敗，ID: None
2026-02-11 22:38:32,593 - _execute_sql - ERROR - 執行 SQL 失敗: UndefinedColumn: column "category_table_id" does not exist
LINE 4:     ON CONFLICT ("category_table_id") DO UPDATE SET
                        ^

SQL: 
    INSERT INTO "all_sort_configs" ("file_name", "sort_keys")
    VALUES (%s, %s)
    ON CONFLICT ("category_table_id") DO UPDATE SET
        "file_name" = EXCLUDED."file_name", "sort_keys" = EXCLUDED."sort_keys";
    
Params: ('農產品產地價格資料', '[["YEAR", "date_asc"], ["MONTH", "text_asc"], ["PERIOD", "text_asc"], ["PRODUCTNAME", "text_asc"], ["ORGNAME", "text_asc"]]')
2026-02-11 22:38:32,593 - _insert_or_update_minor_info - ERROR - Upsert 單筆記錄到 all_sort_configs 失敗，ID: None
2026-02-11 22:38:32,594 - _execute_sql - ERROR - 執行 SQL 失敗: UndefinedColumn: column "category_table_id" does not exist
LINE 4:     ON CONFLICT ("category_table_id") DO UPDATE SET
                        ^

SQL: 
    INSERT INTO "all_sort_configs" ("file_name", "sort_keys")
    VALUES (%s, %s)
    ON CONFLICT ("category_table_id") DO UPDATE SET
        "file_name" = EXCLUDED."file_name", "sort_keys" = EXCLUDED."sort_keys";
    
Params: ('臺灣地區果品生產概況', '[["年度", "date_asc"], ["果品類別", "text_asc"], ["地區別", "text_asc"]]')
2026-02-11 22:38:32,595 - _insert_or_update_minor_info - ERROR - Upsert 單筆記錄到 all_sort_configs 失敗，ID: None
2026-02-11 22:38:32,596 - _execute_sql - ERROR - 執行 SQL 失敗: UndefinedColumn: column "category_table_id" does not exist
LINE 4:     ON CONFLICT ("category_table_id") DO UPDATE SET
                        ^

SQL: 
    INSERT INTO "all_sort_configs" ("file_name", "sort_keys")
    VALUES (%s, %s)
    ON CONFLICT ("category_table_id") DO UPDATE SET
        "file_name" = EXCLUDED."file_name", "sort_keys" = EXCLUDED."sort_keys";
    
Params: ('臺灣地區特用作物生產概況', '[["年度", "date_asc"], ["特用作物類別", "text_asc"], ["地區別", "text_asc"]]')
2026-02-11 22:38:32,596 - _insert_or_update_minor_info - ERROR - Upsert 單筆記錄到 all_sort_configs 失敗，ID: None
2026-02-11 22:38:32,597 - _execute_sql - ERROR - 執行 SQL 失敗: UndefinedColumn: column "category_table_id" does not exist
LINE 4:     ON CONFLICT ("category_table_id") DO UPDATE SET
                        ^

SQL: 
    INSERT INTO "all_sort_configs" ("file_name", "sort_keys")
    VALUES (%s, %s)
    ON CONFLICT ("category_table_id") DO UPDATE SET
        "file_name" = EXCLUDED."file_name", "sort_keys" = EXCLUDED."sort_keys";
    
Params: ('臺灣地區稻作種植、收穫面積及產量', '[["year", "date_asc"], ["crop_type", "text_asc"], ["crop_item", "text_asc"], ["local", "text_asc"]]')
2026-02-11 22:38:32,598 - _insert_or_update_minor_info - ERROR - Upsert 單筆記錄到 all_sort_configs 失敗，ID: None
2026-02-11 22:38:32,599 - _execute_sql - ERROR - 執行 SQL 失敗: UndefinedColumn: column "category_table_id" does not exist
LINE 4:     ON CONFLICT ("category_table_id") DO UPDATE SET
                        ^

SQL: 
    INSERT INTO "all_sort_configs" ("file_name", "sort_keys")
    VALUES (%s, %s)
    ON CONFLICT ("category_table_id") DO UPDATE SET
        "file_name" = EXCLUDED."file_name", "sort_keys" = EXCLUDED."sort_keys";
    
Params: ('臺灣地區稻米生產價值', '[["year", "date_asc"], ["plant_time", "number_asc"], ["type", "text_asc"], ["city_area", "text_asc"]]')
2026-02-11 22:38:32,600 - _insert_or_update_minor_info - ERROR - Upsert 單筆記錄到 all_sort_configs 失敗，ID: None
2026-02-11 22:38:32,600 - _execute_sql - ERROR - 執行 SQL 失敗: UndefinedColumn: column "category_table_id" does not exist
LINE 4:     ON CONFLICT ("category_table_id") DO UPDATE SET
                        ^

SQL: 
    INSERT INTO "all_sort_configs" ("file_name", "sort_keys")
    VALUES (%s, %s)
    ON CONFLICT ("category_table_id") DO UPDATE SET
        "file_name" = EXCLUDED."file_name", "sort_keys" = EXCLUDED."sort_keys";
    
Params: ('臺灣地區蔬菜生產概況', '[["年度", "date_asc"], ["蔬菜類別", "text_asc"], ["地區別", "text_asc"]]')
2026-02-11 22:38:32,601 - _insert_or_update_minor_info - ERROR - Upsert 單筆記錄到 all_sort_configs 失敗，ID: None
2026-02-11 22:38:32,601 - _execute_sql - ERROR - 執行 SQL 失敗: UndefinedColumn: column "category_table_id" does not exist
LINE 4:     ON CONFLICT ("category_table_id") DO UPDATE SET
                        ^

SQL: 
    INSERT INTO "all_sort_configs" ("file_name", "sort_keys")
    VALUES (%s, %s)
    ON CONFLICT ("category_table_id") DO UPDATE SET
        "file_name" = EXCLUDED."file_name", "sort_keys" = EXCLUDED."sort_keys";
    
Params: ('產銷履歷與有機蔬果行情', '[["交易日期", "date_asc"], ["作物代號", "text_asc"], ["市場代號", "text_asc"], ["交易金額_元", "text_asc"]]')
2026-02-11 22:38:32,602 - _insert_or_update_minor_info - ERROR - Upsert 單筆記錄到 all_sort_configs 失敗，ID: None
2026-02-11 22:38:32,602 - _execute_sql - ERROR - 執行 SQL 失敗: UndefinedColumn: column "category_table_id" does not exist
LINE 4:     ON CONFLICT ("category_table_id") DO UPDATE SET
                        ^

SQL: 
    INSERT INTO "all_sort_configs" ("file_name", "sort_keys")
    VALUES (%s, %s)
    ON CONFLICT ("category_table_id") DO UPDATE SET
        "file_name" = EXCLUDED."file_name", "sort_keys" = EXCLUDED."sort_keys";
    
Params: ('農情調查', '[["年度", "date_asc"], ["期作", "text_asc"], ["作物代碼", "text_asc"], ["作物", "text_asc"], ["縣市", "text_asc"], ["鄉鎮", "text_asc"]]')
2026-02-11 22:38:32,603 - _insert_or_update_minor_info - ERROR - Upsert 單筆記錄到 all_sort_configs 失敗，ID: None
2026-02-11 22:38:32,603 - _execute_sql - ERROR - 執行 SQL 失敗: UndefinedColumn: column "category_table_id" does not exist
LINE 4:     ON CONFLICT ("category_table_id") DO UPDATE SET
                        ^

SQL: 
    INSERT INTO "all_sort_configs" ("file_name", "sort_keys")
    VALUES (%s, %s)
    ON CONFLICT ("category_table_id") DO UPDATE SET
        "file_name" = EXCLUDED."file_name", "sort_keys" = EXCLUDED."sort_keys";
    
Params: ('農產品產地價格(月平均價格)', '[["年份", "text_asc"], ["作物", "text_asc"]]')
2026-02-11 22:38:32,604 - _insert_or_update_minor_info - ERROR - Upsert 單筆記錄到 all_sort_configs 失敗，ID: None
2026-02-11 22:38:32,604 - _execute_sql - ERROR - 執行 SQL 失敗: UndefinedColumn: column "category_table_id" does not exist
LINE 4:     ON CONFLICT ("category_table_id") DO UPDATE SET
                        ^

SQL: 
    INSERT INTO "all_sort_configs" ("file_name", "sort_keys")
    VALUES (%s, %s)
    ON CONFLICT ("category_table_id") DO UPDATE SET
        "file_name" = EXCLUDED."file_name", "sort_keys" = EXCLUDED."sort_keys";
    
Params: ('雜糧生產概況', '[["year", "date_asc"], ["type", "text_asc"], ["city_area", "text_asc"]]')
2026-02-11 22:38:32,605 - _insert_or_update_minor_info - ERROR - Upsert 單筆記錄到 all_sort_configs 失敗，ID: None
2026-02-11 22:38:32,605 - _execute_sql - ERROR - 執行 SQL 失敗: UndefinedColumn: column "category_table_id" does not exist
LINE 4:     ON CONFLICT ("category_table_id") DO UPDATE SET
                        ^

SQL: 
    INSERT INTO "all_sort_configs" ("file_name", "sort_keys")
    VALUES (%s, %s)
    ON CONFLICT ("category_table_id") DO UPDATE SET
        "file_name" = EXCLUDED."file_name", "sort_keys" = EXCLUDED."sort_keys";
    
Params: ('各觀測站近兩年降雨量', '[["observeDate", "date_asc"], ["observatory", "text_asc"]]')
2026-02-11 22:38:32,605 - _insert_or_update_minor_info - ERROR - Upsert 單筆記錄到 all_sort_configs 失敗，ID: None
2026-02-11 22:38:32,607 - _execute_sql - ERROR - 執行 SQL 失敗: UndefinedColumn: column "category_table_id" does not exist
LINE 4:     ON CONFLICT ("category_table_id") DO UPDATE SET
                        ^

SQL: 
    INSERT INTO "all_sort_configs" ("file_name", "sort_keys")
    VALUES (%s, %s)
    ON CONFLICT ("category_table_id") DO UPDATE SET
        "file_name" = EXCLUDED."file_name", "sort_keys" = EXCLUDED."sort_keys";
    
Params: ('農產品交易行情', '[["交易日期", "date_asc"], ["種類代碼", "text_asc"], ["作物代號", "text_asc"], ["市場代號", "number_asc"]]')
2026-02-11 22:38:32,607 - _insert_or_update_minor_info - ERROR - Upsert 單筆記錄到 all_sort_configs 失敗，ID: None
2026-02-11 22:38:32,607 - _execute_sql - ERROR - 執行 SQL 失敗: UndefinedColumn: column "category_table_id" does not exist
LINE 4:     ON CONFLICT ("category_table_id") DO UPDATE SET
                        ^

SQL: 
    INSERT INTO "all_sort_configs" ("file_name", "sort_keys")
    VALUES (%s, %s)
    ON CONFLICT ("category_table_id") DO UPDATE SET
        "file_name" = EXCLUDED."file_name", "sort_keys" = EXCLUDED."sort_keys";
    
Params: ('全國單日平均糧價', '[["pt_date", "date_asc"]]')
2026-02-11 22:38:32,607 - _insert_or_update_minor_info - ERROR - Upsert 單筆記錄到 all_sort_configs 失敗，ID: None
2026-02-11 22:38:32,608 - _execute_sql - ERROR - 執行 SQL 失敗: UndefinedColumn: column "category_table_id" does not exist
LINE 4:     ON CONFLICT ("category_table_id") DO UPDATE SET
                        ^

SQL: 
    INSERT INTO "all_sort_configs" ("file_name", "sort_keys")
    VALUES (%s, %s)
    ON CONFLICT ("category_table_id") DO UPDATE SET
        "file_name" = EXCLUDED."file_name", "sort_keys" = EXCLUDED."sort_keys";
    
Params: ('農作物統一代碼與農業相關系統之農作物代碼對應', '[["CROP_UID", "number_asc"]]')
2026-02-11 22:38:32,608 - _insert_or_update_minor_info - ERROR - Upsert 單筆記錄到 all_sort_configs 失敗，ID: None
2026-02-11 22:38:32,609 - _execute_sql - ERROR - 執行 SQL 失敗: UndefinedColumn: column "category_table_id" does not exist
LINE 4:     ON CONFLICT ("category_table_id") DO UPDATE SET
                        ^

SQL: 
    INSERT INTO "all_sort_configs" ("file_name", "sort_keys")
    VALUES (%s, %s)
    ON CONFLICT ("category_table_id") DO UPDATE SET
        "file_name" = EXCLUDED."file_name", "sort_keys" = EXCLUDED."sort_keys";
    
Params: ('農作物統一名稱與代碼', '[["CROP_UID", "number_asc"]]')
2026-02-11 22:38:32,609 - _insert_or_update_minor_info - ERROR - Upsert 單筆記錄到 all_sort_configs 失敗，ID: None
2026-02-11 22:49:19,701 - _handle_data_download - ERROR - 未成功下載 JSON 資料。
2026-02-11 22:49:25,977 - _execute_sql - ERROR - 執行 SQL 失敗: UndefinedColumn: column "category_table_id" does not exist
LINE 4:     ON CONFLICT ("category_table_id") DO UPDATE SET
                        ^

SQL: 
    INSERT INTO "refer_skip_value" ("標題", "skip", "連結", "資料更新日期")
    VALUES (%s, %s, %s, %s)
    ON CONFLICT ("category_table_id") DO UPDATE SET
        "標題" = EXCLUDED."標題", "skip" = EXCLUDED."skip", "連結" = EXCLUDED."連結", "資料更新日期" = EXCLUDED."資料更新日期";
    
Params: ('全國單日平均糧價', '0', 'https://data.moa.gov.tw/open_detail.aspx?id=E69', '2026/02/11 21:00:13')
2026-02-11 22:49:25,977 - _insert_or_update_minor_info - ERROR - Upsert 單筆記錄到 refer_skip_value 失敗，ID: None
2026-02-11 22:49:25,978 - _execute_sql - ERROR - 執行 SQL 失敗: UndefinedColumn: column "category_table_id" does not exist
LINE 4:     ON CONFLICT ("category_table_id") DO UPDATE SET
                        ^

SQL: 
    INSERT INTO "refer_skip_value" ("標題", "skip", "連結", "資料更新日期")
    VALUES (%s, %s, %s, %s)
    ON CONFLICT ("category_table_id") DO UPDATE SET
        "標題" = EXCLUDED."標題", "skip" = EXCLUDED."skip", "連結" = EXCLUDED."連結", "資料更新日期" = EXCLUDED."資料更新日期";
    
Params: ('各觀測站近兩年降雨量', '0', 'https://data.moa.gov.tw/open_detail.aspx?id=5n9c3AlEJ2DH', '2025/06/26 12:22:09')
2026-02-11 22:49:25,978 - _insert_or_update_minor_info - ERROR - Upsert 單筆記錄到 refer_skip_value 失敗，ID: None
2026-02-11 22:49:25,979 - _execute_sql - ERROR - 執行 SQL 失敗: UndefinedColumn: column "category_table_id" does not exist
LINE 4:     ON CONFLICT ("category_table_id") DO UPDATE SET
                        ^

SQL: 
    INSERT INTO "refer_skip_value" ("標題", "skip", "連結", "資料更新日期")
    VALUES (%s, %s, %s, %s)
    ON CONFLICT ("category_table_id") DO UPDATE SET
        "標題" = EXCLUDED."標題", "skip" = EXCLUDED."skip", "連結" = EXCLUDED."連結", "資料更新日期" = EXCLUDED."資料更新日期";
    
Params: ('產銷履歷與有機蔬果行情', '0', 'https://data.moa.gov.tw/open_detail.aspx?id=H44', '2026/02/11 20:30:04')
2026-02-11 22:49:25,979 - _insert_or_update_minor_info - ERROR - Upsert 單筆記錄到 refer_skip_value 失敗，ID: None
2026-02-11 22:49:25,980 - _execute_sql - ERROR - 執行 SQL 失敗: UndefinedColumn: column "category_table_id" does not exist
LINE 4:     ON CONFLICT ("category_table_id") DO UPDATE SET
                        ^

SQL: 
    INSERT INTO "refer_skip_value" ("標題", "skip", "連結", "資料更新日期")
    VALUES (%s, %s, %s, %s)
    ON CONFLICT ("category_table_id") DO UPDATE SET
        "標題" = EXCLUDED."標題", "skip" = EXCLUDED."skip", "連結" = EXCLUDED."連結", "資料更新日期" = EXCLUDED."資料更新日期";
    
Params: ('糧價查詢', '0', 'https://data.moa.gov.tw/open_detail.aspx?id=266', '2026/02/11 10:10:24')
2026-02-11 22:49:25,980 - _insert_or_update_minor_info - ERROR - Upsert 單筆記錄到 refer_skip_value 失敗，ID: None
2026-02-11 22:49:25,981 - _execute_sql - ERROR - 執行 SQL 失敗: UndefinedColumn: column "category_table_id" does not exist
LINE 4:     ON CONFLICT ("category_table_id") DO UPDATE SET
                        ^

SQL: 
    INSERT INTO "refer_skip_value" ("標題", "skip", "連結", "資料更新日期")
    VALUES (%s, %s, %s, %s)
    ON CONFLICT ("category_table_id") DO UPDATE SET
        "標題" = EXCLUDED."標題", "skip" = EXCLUDED."skip", "連結" = EXCLUDED."連結", "資料更新日期" = EXCLUDED."資料更新日期";
    
Params: ('臺灣地區果品生產概況', '0', 'https://data.moa.gov.tw/open_detail.aspx?id=135', '2025/06/17 14:36:28')
2026-02-11 22:49:25,981 - _insert_or_update_minor_info - ERROR - Upsert 單筆記錄到 refer_skip_value 失敗，ID: None
2026-02-11 22:49:25,982 - _execute_sql - ERROR - 執行 SQL 失敗: UndefinedColumn: column "category_table_id" does not exist
LINE 4:     ON CONFLICT ("category_table_id") DO UPDATE SET
                        ^

SQL: 
    INSERT INTO "refer_skip_value" ("標題", "skip", "連結", "資料更新日期")
    VALUES (%s, %s, %s, %s)
    ON CONFLICT ("category_table_id") DO UPDATE SET
        "標題" = EXCLUDED."標題", "skip" = EXCLUDED."skip", "連結" = EXCLUDED."連結", "資料更新日期" = EXCLUDED."資料更新日期";
    
Params: ('臺灣地區特用作物生產概況', '0', 'https://data.moa.gov.tw/open_detail.aspx?id=136', '2025/06/17 14:37:33')
2026-02-11 22:49:25,982 - _insert_or_update_minor_info - ERROR - Upsert 單筆記錄到 refer_skip_value 失敗，ID: None
2026-02-11 22:49:25,982 - _execute_sql - ERROR - 執行 SQL 失敗: UndefinedColumn: column "category_table_id" does not exist
LINE 4:     ON CONFLICT ("category_table_id") DO UPDATE SET
                        ^

SQL: 
    INSERT INTO "refer_skip_value" ("標題", "skip", "連結", "資料更新日期")
    VALUES (%s, %s, %s, %s)
    ON CONFLICT ("category_table_id") DO UPDATE SET
        "標題" = EXCLUDED."標題", "skip" = EXCLUDED."skip", "連結" = EXCLUDED."連結", "資料更新日期" = EXCLUDED."資料更新日期";
    
Params: ('臺灣地區稻作種植、收穫面積及產量', '0', 'https://data.moa.gov.tw/open_detail.aspx?id=i5AdyGE26hcq', '2025/05/27 17:36:50')
2026-02-11 22:49:25,984 - _insert_or_update_minor_info - ERROR - Upsert 單筆記錄到 refer_skip_value 失敗，ID: None
2026-02-11 22:49:25,984 - _execute_sql - ERROR - 執行 SQL 失敗: UndefinedColumn: column "category_table_id" does not exist
LINE 4:     ON CONFLICT ("category_table_id") DO UPDATE SET
                        ^

SQL: 
    INSERT INTO "refer_skip_value" ("標題", "skip", "連結", "資料更新日期")
    VALUES (%s, %s, %s, %s)
    ON CONFLICT ("category_table_id") DO UPDATE SET
        "標題" = EXCLUDED."標題", "skip" = EXCLUDED."skip", "連結" = EXCLUDED."連結", "資料更新日期" = EXCLUDED."資料更新日期";
    
Params: ('臺灣地區稻米生產價值', '0', 'https://data.moa.gov.tw/open_detail.aspx?id=MMeBMLPHL11N', '2025/01/07 12:03:01')
2026-02-11 22:49:25,984 - _insert_or_update_minor_info - ERROR - Upsert 單筆記錄到 refer_skip_value 失敗，ID: None
2026-02-11 22:49:25,985 - _execute_sql - ERROR - 執行 SQL 失敗: UndefinedColumn: column "category_table_id" does not exist
LINE 4:     ON CONFLICT ("category_table_id") DO UPDATE SET
                        ^

SQL: 
    INSERT INTO "refer_skip_value" ("標題", "skip", "連結", "資料更新日期")
    VALUES (%s, %s, %s, %s)
    ON CONFLICT ("category_table_id") DO UPDATE SET
        "標題" = EXCLUDED."標題", "skip" = EXCLUDED."skip", "連結" = EXCLUDED."連結", "資料更新日期" = EXCLUDED."資料更新日期";
    
Params: ('臺灣地區蔬菜生產概況', '0', 'https://data.moa.gov.tw/open_detail.aspx?id=113', '2025/06/17 14:38:43')
2026-02-11 22:49:25,985 - _insert_or_update_minor_info - ERROR - Upsert 單筆記錄到 refer_skip_value 失敗，ID: None
2026-02-11 22:49:25,985 - _execute_sql - ERROR - 執行 SQL 失敗: UndefinedColumn: column "category_table_id" does not exist
LINE 4:     ON CONFLICT ("category_table_id") DO UPDATE SET
                        ^

SQL: 
    INSERT INTO "refer_skip_value" ("標題", "skip", "連結", "資料更新日期")
    VALUES (%s, %s, %s, %s)
    ON CONFLICT ("category_table_id") DO UPDATE SET
        "標題" = EXCLUDED."標題", "skip" = EXCLUDED."skip", "連結" = EXCLUDED."連結", "資料更新日期" = EXCLUDED."資料更新日期";
    
Params: ('臺灣地區農產品生產量值', '0', 'https://data.moa.gov.tw/open_detail.aspx?id=ABTXmIWuosiO', '2025/06/26 11:35:56')
2026-02-11 22:49:25,986 - _insert_or_update_minor_info - ERROR - Upsert 單筆記錄到 refer_skip_value 失敗，ID: None
2026-02-11 22:49:25,986 - _execute_sql - ERROR - 執行 SQL 失敗: UndefinedColumn: column "category_table_id" does not exist
LINE 4:     ON CONFLICT ("category_table_id") DO UPDATE SET
                        ^

SQL: 
    INSERT INTO "refer_skip_value" ("標題", "skip", "連結", "資料更新日期")
    VALUES (%s, %s, %s, %s)
    ON CONFLICT ("category_table_id") DO UPDATE SET
        "標題" = EXCLUDED."標題", "skip" = EXCLUDED."skip", "連結" = EXCLUDED."連結", "資料更新日期" = EXCLUDED."資料更新日期";
    
Params: ('農情調查', '0', 'https://data.moa.gov.tw/open_detail.aspx?id=038', '2026/01/23 23:35:00')
2026-02-11 22:49:25,986 - _insert_or_update_minor_info - ERROR - Upsert 單筆記錄到 refer_skip_value 失敗，ID: None
2026-02-11 22:49:25,987 - _execute_sql - ERROR - 執行 SQL 失敗: UndefinedColumn: column "category_table_id" does not exist
LINE 4:     ON CONFLICT ("category_table_id") DO UPDATE SET
                        ^

SQL: 
    INSERT INTO "refer_skip_value" ("標題", "skip", "連結", "資料更新日期")
    VALUES (%s, %s, %s, %s)
    ON CONFLICT ("category_table_id") DO UPDATE SET
        "標題" = EXCLUDED."標題", "skip" = EXCLUDED."skip", "連結" = EXCLUDED."連結", "資料更新日期" = EXCLUDED."資料更新日期";
    
Params: ('農產品交易行情', '5000', 'https://data.moa.gov.tw/open_detail.aspx?id=037', '2026/02/11 21:58:03')
2026-02-11 22:49:25,987 - _insert_or_update_minor_info - ERROR - Upsert 單筆記錄到 refer_skip_value 失敗，ID: None
2026-02-11 22:49:25,987 - _execute_sql - ERROR - 執行 SQL 失敗: UndefinedColumn: column "category_table_id" does not exist
LINE 4:     ON CONFLICT ("category_table_id") DO UPDATE SET
                        ^

SQL: 
    INSERT INTO "refer_skip_value" ("標題", "skip", "連結", "資料更新日期")
    VALUES (%s, %s, %s, %s)
    ON CONFLICT ("category_table_id") DO UPDATE SET
        "標題" = EXCLUDED."標題", "skip" = EXCLUDED."skip", "連結" = EXCLUDED."連結", "資料更新日期" = EXCLUDED."資料更新日期";
    
Params: ('農產品產地價格(月平均價格)', '0', 'https://data.moa.gov.tw/open_detail.aspx?id=652', '2026/01/12 09:58:07')
2026-02-11 22:49:25,987 - _insert_or_update_minor_info - ERROR - Upsert 單筆記錄到 refer_skip_value 失敗，ID: None
2026-02-11 22:49:25,987 - _execute_sql - ERROR - 執行 SQL 失敗: UndefinedColumn: column "category_table_id" does not exist
LINE 4:     ON CONFLICT ("category_table_id") DO UPDATE SET
                        ^

SQL: 
    INSERT INTO "refer_skip_value" ("標題", "skip", "連結", "資料更新日期")
    VALUES (%s, %s, %s, %s)
    ON CONFLICT ("category_table_id") DO UPDATE SET
        "標題" = EXCLUDED."標題", "skip" = EXCLUDED."skip", "連結" = EXCLUDED."連結", "資料更新日期" = EXCLUDED."資料更新日期";
    
Params: ('農產品產地價格資料', '0', 'https://data.moa.gov.tw/open_detail.aspx?id=WVOiWSdDjWxx', '2026/02/11 00:50:13')
2026-02-11 22:49:25,987 - _insert_or_update_minor_info - ERROR - Upsert 單筆記錄到 refer_skip_value 失敗，ID: None
2026-02-11 22:49:25,987 - _execute_sql - ERROR - 執行 SQL 失敗: UndefinedColumn: column "category_table_id" does not exist
LINE 4:     ON CONFLICT ("category_table_id") DO UPDATE SET
                        ^

SQL: 
    INSERT INTO "refer_skip_value" ("標題", "skip", "連結", "資料更新日期")
    VALUES (%s, %s, %s, %s)
    ON CONFLICT ("category_table_id") DO UPDATE SET
        "標題" = EXCLUDED."標題", "skip" = EXCLUDED."skip", "連結" = EXCLUDED."連結", "資料更新日期" = EXCLUDED."資料更新日期";
    
Params: ('雜糧生產概況', '0', 'https://data.moa.gov.tw/open_detail.aspx?id=8v9pJZ858uOz', '2025/01/09 14:35:02')
2026-02-11 22:49:25,987 - _insert_or_update_minor_info - ERROR - Upsert 單筆記錄到 refer_skip_value 失敗，ID: None
2026-02-11 22:49:25,994 - _execute_sql - ERROR - 執行 SQL 失敗: UndefinedColumn: column "category_table_id" does not exist
LINE 4:     ON CONFLICT ("category_table_id") DO UPDATE SET
                        ^

SQL: 
    INSERT INTO "all_sort_configs" ("file_name", "sort_keys")
    VALUES (%s, %s)
    ON CONFLICT ("category_table_id") DO UPDATE SET
        "file_name" = EXCLUDED."file_name", "sort_keys" = EXCLUDED."sort_keys";
    
Params: ('糧價查詢', '[["pt_date_day", "date_asc"], ["name", "text_asc"], ["pt_1japt", "text_asc"]]')
2026-02-11 22:49:25,995 - _insert_or_update_minor_info - ERROR - Upsert 單筆記錄到 all_sort_configs 失敗，ID: None
2026-02-11 22:49:25,996 - _execute_sql - ERROR - 執行 SQL 失敗: UndefinedColumn: column "category_table_id" does not exist
LINE 4:     ON CONFLICT ("category_table_id") DO UPDATE SET
                        ^

SQL: 
    INSERT INTO "all_sort_configs" ("file_name", "sort_keys")
    VALUES (%s, %s)
    ON CONFLICT ("category_table_id") DO UPDATE SET
        "file_name" = EXCLUDED."file_name", "sort_keys" = EXCLUDED."sort_keys";
    
Params: ('臺灣地區農產品生產量值', '[["year", "date_asc"], ["crop_name", "text_asc"]]')
2026-02-11 22:49:25,997 - _insert_or_update_minor_info - ERROR - Upsert 單筆記錄到 all_sort_configs 失敗，ID: None
2026-02-11 22:49:25,997 - _execute_sql - ERROR - 執行 SQL 失敗: UndefinedColumn: column "category_table_id" does not exist
LINE 4:     ON CONFLICT ("category_table_id") DO UPDATE SET
                        ^

SQL: 
    INSERT INTO "all_sort_configs" ("file_name", "sort_keys")
    VALUES (%s, %s)
    ON CONFLICT ("category_table_id") DO UPDATE SET
        "file_name" = EXCLUDED."file_name", "sort_keys" = EXCLUDED."sort_keys";
    
Params: ('農產品產地價格資料', '[["YEAR", "date_asc"], ["MONTH", "text_asc"], ["PERIOD", "text_asc"], ["PRODUCTNAME", "text_asc"], ["ORGNAME", "text_asc"]]')
2026-02-11 22:49:25,997 - _insert_or_update_minor_info - ERROR - Upsert 單筆記錄到 all_sort_configs 失敗，ID: None
2026-02-11 22:49:25,997 - _execute_sql - ERROR - 執行 SQL 失敗: UndefinedColumn: column "category_table_id" does not exist
LINE 4:     ON CONFLICT ("category_table_id") DO UPDATE SET
                        ^

SQL: 
    INSERT INTO "all_sort_configs" ("file_name", "sort_keys")
    VALUES (%s, %s)
    ON CONFLICT ("category_table_id") DO UPDATE SET
        "file_name" = EXCLUDED."file_name", "sort_keys" = EXCLUDED."sort_keys";
    
Params: ('臺灣地區果品生產概況', '[["年度", "date_asc"], ["果品類別", "text_asc"], ["地區別", "text_asc"]]')
2026-02-11 22:49:25,997 - _insert_or_update_minor_info - ERROR - Upsert 單筆記錄到 all_sort_configs 失敗，ID: None
2026-02-11 22:49:26,000 - _execute_sql - ERROR - 執行 SQL 失敗: UndefinedColumn: column "category_table_id" does not exist
LINE 4:     ON CONFLICT ("category_table_id") DO UPDATE SET
                        ^

SQL: 
    INSERT INTO "all_sort_configs" ("file_name", "sort_keys")
    VALUES (%s, %s)
    ON CONFLICT ("category_table_id") DO UPDATE SET
        "file_name" = EXCLUDED."file_name", "sort_keys" = EXCLUDED."sort_keys";
    
Params: ('臺灣地區特用作物生產概況', '[["年度", "date_asc"], ["特用作物類別", "text_asc"], ["地區別", "text_asc"]]')
2026-02-11 22:49:26,000 - _insert_or_update_minor_info - ERROR - Upsert 單筆記錄到 all_sort_configs 失敗，ID: None
2026-02-11 22:49:26,001 - _execute_sql - ERROR - 執行 SQL 失敗: UndefinedColumn: column "category_table_id" does not exist
LINE 4:     ON CONFLICT ("category_table_id") DO UPDATE SET
                        ^

SQL: 
    INSERT INTO "all_sort_configs" ("file_name", "sort_keys")
    VALUES (%s, %s)
    ON CONFLICT ("category_table_id") DO UPDATE SET
        "file_name" = EXCLUDED."file_name", "sort_keys" = EXCLUDED."sort_keys";
    
Params: ('臺灣地區稻作種植、收穫面積及產量', '[["year", "date_asc"], ["crop_type", "text_asc"], ["crop_item", "text_asc"], ["local", "text_asc"]]')
2026-02-11 22:49:26,001 - _insert_or_update_minor_info - ERROR - Upsert 單筆記錄到 all_sort_configs 失敗，ID: None
2026-02-11 22:49:26,001 - _execute_sql - ERROR - 執行 SQL 失敗: UndefinedColumn: column "category_table_id" does not exist
LINE 4:     ON CONFLICT ("category_table_id") DO UPDATE SET
                        ^

SQL: 
    INSERT INTO "all_sort_configs" ("file_name", "sort_keys")
    VALUES (%s, %s)
    ON CONFLICT ("category_table_id") DO UPDATE SET
        "file_name" = EXCLUDED."file_name", "sort_keys" = EXCLUDED."sort_keys";
    
Params: ('臺灣地區稻米生產價值', '[["year", "date_asc"], ["plant_time", "number_asc"], ["type", "text_asc"], ["city_area", "text_asc"]]')
2026-02-11 22:49:26,001 - _insert_or_update_minor_info - ERROR - Upsert 單筆記錄到 all_sort_configs 失敗，ID: None
2026-02-11 22:49:26,001 - _execute_sql - ERROR - 執行 SQL 失敗: UndefinedColumn: column "category_table_id" does not exist
LINE 4:     ON CONFLICT ("category_table_id") DO UPDATE SET
                        ^

SQL: 
    INSERT INTO "all_sort_configs" ("file_name", "sort_keys")
    VALUES (%s, %s)
    ON CONFLICT ("category_table_id") DO UPDATE SET
        "file_name" = EXCLUDED."file_name", "sort_keys" = EXCLUDED."sort_keys";
    
Params: ('臺灣地區蔬菜生產概況', '[["年度", "date_asc"], ["蔬菜類別", "text_asc"], ["地區別", "text_asc"]]')
2026-02-11 22:49:26,001 - _insert_or_update_minor_info - ERROR - Upsert 單筆記錄到 all_sort_configs 失敗，ID: None
2026-02-11 22:49:26,003 - _execute_sql - ERROR - 執行 SQL 失敗: UndefinedColumn: column "category_table_id" does not exist
LINE 4:     ON CONFLICT ("category_table_id") DO UPDATE SET
                        ^

SQL: 
    INSERT INTO "all_sort_configs" ("file_name", "sort_keys")
    VALUES (%s, %s)
    ON CONFLICT ("category_table_id") DO UPDATE SET
        "file_name" = EXCLUDED."file_name", "sort_keys" = EXCLUDED."sort_keys";
    
Params: ('產銷履歷與有機蔬果行情', '[["交易日期", "date_asc"], ["作物代號", "text_asc"], ["市場代號", "text_asc"], ["交易金額_元", "text_asc"]]')
2026-02-11 22:49:26,003 - _insert_or_update_minor_info - ERROR - Upsert 單筆記錄到 all_sort_configs 失敗，ID: None
2026-02-11 22:49:26,003 - _execute_sql - ERROR - 執行 SQL 失敗: UndefinedColumn: column "category_table_id" does not exist
LINE 4:     ON CONFLICT ("category_table_id") DO UPDATE SET
                        ^

SQL: 
    INSERT INTO "all_sort_configs" ("file_name", "sort_keys")
    VALUES (%s, %s)
    ON CONFLICT ("category_table_id") DO UPDATE SET
        "file_name" = EXCLUDED."file_name", "sort_keys" = EXCLUDED."sort_keys";
    
Params: ('農情調查', '[["年度", "date_asc"], ["期作", "text_asc"], ["作物代碼", "text_asc"], ["作物", "text_asc"], ["縣市", "text_asc"], ["鄉鎮", "text_asc"]]')
2026-02-11 22:49:26,004 - _insert_or_update_minor_info - ERROR - Upsert 單筆記錄到 all_sort_configs 失敗，ID: None
2026-02-11 22:49:26,004 - _execute_sql - ERROR - 執行 SQL 失敗: UndefinedColumn: column "category_table_id" does not exist
LINE 4:     ON CONFLICT ("category_table_id") DO UPDATE SET
                        ^

SQL: 
    INSERT INTO "all_sort_configs" ("file_name", "sort_keys")
    VALUES (%s, %s)
    ON CONFLICT ("category_table_id") DO UPDATE SET
        "file_name" = EXCLUDED."file_name", "sort_keys" = EXCLUDED."sort_keys";
    
Params: ('農產品產地價格(月平均價格)', '[["年份", "text_asc"], ["作物", "text_asc"]]')
2026-02-11 22:49:26,004 - _insert_or_update_minor_info - ERROR - Upsert 單筆記錄到 all_sort_configs 失敗，ID: None
2026-02-11 22:49:26,005 - _execute_sql - ERROR - 執行 SQL 失敗: UndefinedColumn: column "category_table_id" does not exist
LINE 4:     ON CONFLICT ("category_table_id") DO UPDATE SET
                        ^

SQL: 
    INSERT INTO "all_sort_configs" ("file_name", "sort_keys")
    VALUES (%s, %s)
    ON CONFLICT ("category_table_id") DO UPDATE SET
        "file_name" = EXCLUDED."file_name", "sort_keys" = EXCLUDED."sort_keys";
    
Params: ('雜糧生產概況', '[["year", "date_asc"], ["type", "text_asc"], ["city_area", "text_asc"]]')
2026-02-11 22:49:26,005 - _insert_or_update_minor_info - ERROR - Upsert 單筆記錄到 all_sort_configs 失敗，ID: None
2026-02-11 22:49:26,005 - _execute_sql - ERROR - 執行 SQL 失敗: UndefinedColumn: column "category_table_id" does not exist
LINE 4:     ON CONFLICT ("category_table_id") DO UPDATE SET
                        ^

SQL: 
    INSERT INTO "all_sort_configs" ("file_name", "sort_keys")
    VALUES (%s, %s)
    ON CONFLICT ("category_table_id") DO UPDATE SET
        "file_name" = EXCLUDED."file_name", "sort_keys" = EXCLUDED."sort_keys";
    
Params: ('各觀測站近兩年降雨量', '[["observeDate", "date_asc"], ["observatory", "text_asc"]]')
2026-02-11 22:49:26,005 - _insert_or_update_minor_info - ERROR - Upsert 單筆記錄到 all_sort_configs 失敗，ID: None
2026-02-11 22:49:26,005 - _execute_sql - ERROR - 執行 SQL 失敗: UndefinedColumn: column "category_table_id" does not exist
LINE 4:     ON CONFLICT ("category_table_id") DO UPDATE SET
                        ^

SQL: 
    INSERT INTO "all_sort_configs" ("file_name", "sort_keys")
    VALUES (%s, %s)
    ON CONFLICT ("category_table_id") DO UPDATE SET
        "file_name" = EXCLUDED."file_name", "sort_keys" = EXCLUDED."sort_keys";
    
Params: ('農產品交易行情', '[["交易日期", "date_asc"], ["種類代碼", "text_asc"], ["作物代號", "text_asc"], ["市場代號", "number_asc"]]')
2026-02-11 22:49:26,005 - _insert_or_update_minor_info - ERROR - Upsert 單筆記錄到 all_sort_configs 失敗，ID: None
2026-02-11 22:49:26,005 - _execute_sql - ERROR - 執行 SQL 失敗: UndefinedColumn: column "category_table_id" does not exist
LINE 4:     ON CONFLICT ("category_table_id") DO UPDATE SET
                        ^

SQL: 
    INSERT INTO "all_sort_configs" ("file_name", "sort_keys")
    VALUES (%s, %s)
    ON CONFLICT ("category_table_id") DO UPDATE SET
        "file_name" = EXCLUDED."file_name", "sort_keys" = EXCLUDED."sort_keys";
    
Params: ('全國單日平均糧價', '[["pt_date", "date_asc"]]')
2026-02-11 22:49:26,005 - _insert_or_update_minor_info - ERROR - Upsert 單筆記錄到 all_sort_configs 失敗，ID: None
2026-02-11 22:49:26,005 - _execute_sql - ERROR - 執行 SQL 失敗: UndefinedColumn: column "category_table_id" does not exist
LINE 4:     ON CONFLICT ("category_table_id") DO UPDATE SET
                        ^

SQL: 
    INSERT INTO "all_sort_configs" ("file_name", "sort_keys")
    VALUES (%s, %s)
    ON CONFLICT ("category_table_id") DO UPDATE SET
        "file_name" = EXCLUDED."file_name", "sort_keys" = EXCLUDED."sort_keys";
    
Params: ('農作物統一代碼與農業相關系統之農作物代碼對應', '[["CROP_UID", "number_asc"]]')
2026-02-11 22:49:26,005 - _insert_or_update_minor_info - ERROR - Upsert 單筆記錄到 all_sort_configs 失敗，ID: None
2026-02-11 22:49:26,009 - _execute_sql - ERROR - 執行 SQL 失敗: UndefinedColumn: column "category_table_id" does not exist
LINE 4:     ON CONFLICT ("category_table_id") DO UPDATE SET
                        ^

SQL: 
    INSERT INTO "all_sort_configs" ("file_name", "sort_keys")
    VALUES (%s, %s)
    ON CONFLICT ("category_table_id") DO UPDATE SET
        "file_name" = EXCLUDED."file_name", "sort_keys" = EXCLUDED."sort_keys";
    
Params: ('農作物統一名稱與代碼', '[["CROP_UID", "number_asc"]]')
2026-02-11 22:49:26,009 - _insert_or_update_minor_info - ERROR - Upsert 單筆記錄到 all_sort_configs 失敗，ID: None
2026-02-11 22:51:43,478 - _handle_data_download - ERROR - 未成功下載 JSON 資料。
2026-02-11 22:51:50,890 - _execute_sql - ERROR - 執行 SQL 失敗: UndefinedColumn: column "category_table_id" does not exist
LINE 4:     ON CONFLICT ("category_table_id") DO UPDATE SET
                        ^

SQL: 
    INSERT INTO "refer_skip_value" ("標題", "skip", "連結", "資料更新日期")
    VALUES (%s, %s, %s, %s)
    ON CONFLICT ("category_table_id") DO UPDATE SET
        "標題" = EXCLUDED."標題", "skip" = EXCLUDED."skip", "連結" = EXCLUDED."連結", "資料更新日期" = EXCLUDED."資料更新日期";
    
Params: ('全國單日平均糧價', '0', 'https://data.moa.gov.tw/open_detail.aspx?id=E69', '2026/02/11 21:00:13')
2026-02-11 22:51:50,890 - _insert_or_update_minor_info - ERROR - Upsert 單筆記錄到 refer_skip_value 失敗，ID: None
2026-02-11 22:51:50,890 - _execute_sql - ERROR - 執行 SQL 失敗: UndefinedColumn: column "category_table_id" does not exist
LINE 4:     ON CONFLICT ("category_table_id") DO UPDATE SET
                        ^

SQL: 
    INSERT INTO "refer_skip_value" ("標題", "skip", "連結", "資料更新日期")
    VALUES (%s, %s, %s, %s)
    ON CONFLICT ("category_table_id") DO UPDATE SET
        "標題" = EXCLUDED."標題", "skip" = EXCLUDED."skip", "連結" = EXCLUDED."連結", "資料更新日期" = EXCLUDED."資料更新日期";
    
Params: ('各觀測站近兩年降雨量', '0', 'https://data.moa.gov.tw/open_detail.aspx?id=5n9c3AlEJ2DH', '2025/06/26 12:22:09')
2026-02-11 22:51:50,890 - _insert_or_update_minor_info - ERROR - Upsert 單筆記錄到 refer_skip_value 失敗，ID: None
2026-02-11 22:51:50,890 - _execute_sql - ERROR - 執行 SQL 失敗: UndefinedColumn: column "category_table_id" does not exist
LINE 4:     ON CONFLICT ("category_table_id") DO UPDATE SET
                        ^

SQL: 
    INSERT INTO "refer_skip_value" ("標題", "skip", "連結", "資料更新日期")
    VALUES (%s, %s, %s, %s)
    ON CONFLICT ("category_table_id") DO UPDATE SET
        "標題" = EXCLUDED."標題", "skip" = EXCLUDED."skip", "連結" = EXCLUDED."連結", "資料更新日期" = EXCLUDED."資料更新日期";
    
Params: ('產銷履歷與有機蔬果行情', '0', 'https://data.moa.gov.tw/open_detail.aspx?id=H44', '2026/02/11 20:30:04')
2026-02-11 22:51:50,898 - _insert_or_update_minor_info - ERROR - Upsert 單筆記錄到 refer_skip_value 失敗，ID: None
2026-02-11 22:51:50,899 - _execute_sql - ERROR - 執行 SQL 失敗: UndefinedColumn: column "category_table_id" does not exist
LINE 4:     ON CONFLICT ("category_table_id") DO UPDATE SET
                        ^

SQL: 
    INSERT INTO "refer_skip_value" ("標題", "skip", "連結", "資料更新日期")
    VALUES (%s, %s, %s, %s)
    ON CONFLICT ("category_table_id") DO UPDATE SET
        "標題" = EXCLUDED."標題", "skip" = EXCLUDED."skip", "連結" = EXCLUDED."連結", "資料更新日期" = EXCLUDED."資料更新日期";
    
Params: ('糧價查詢', '0', 'https://data.moa.gov.tw/open_detail.aspx?id=266', '2026/02/11 10:10:24')
2026-02-11 22:51:50,899 - _insert_or_update_minor_info - ERROR - Upsert 單筆記錄到 refer_skip_value 失敗，ID: None
2026-02-11 22:51:50,900 - _execute_sql - ERROR - 執行 SQL 失敗: UndefinedColumn: column "category_table_id" does not exist
LINE 4:     ON CONFLICT ("category_table_id") DO UPDATE SET
                        ^

SQL: 
    INSERT INTO "refer_skip_value" ("標題", "skip", "連結", "資料更新日期")
    VALUES (%s, %s, %s, %s)
    ON CONFLICT ("category_table_id") DO UPDATE SET
        "標題" = EXCLUDED."標題", "skip" = EXCLUDED."skip", "連結" = EXCLUDED."連結", "資料更新日期" = EXCLUDED."資料更新日期";
    
Params: ('臺灣地區果品生產概況', '0', 'https://data.moa.gov.tw/open_detail.aspx?id=135', '2025/06/17 14:36:28')
2026-02-11 22:51:50,901 - _insert_or_update_minor_info - ERROR - Upsert 單筆記錄到 refer_skip_value 失敗，ID: None
2026-02-11 22:51:50,902 - _execute_sql - ERROR - 執行 SQL 失敗: UndefinedColumn: column "category_table_id" does not exist
LINE 4:     ON CONFLICT ("category_table_id") DO UPDATE SET
                        ^

SQL: 
    INSERT INTO "refer_skip_value" ("標題", "skip", "連結", "資料更新日期")
    VALUES (%s, %s, %s, %s)
    ON CONFLICT ("category_table_id") DO UPDATE SET
        "標題" = EXCLUDED."標題", "skip" = EXCLUDED."skip", "連結" = EXCLUDED."連結", "資料更新日期" = EXCLUDED."資料更新日期";
    
Params: ('臺灣地區特用作物生產概況', '0', 'https://data.moa.gov.tw/open_detail.aspx?id=136', '2025/06/17 14:37:33')
2026-02-11 22:51:50,902 - _insert_or_update_minor_info - ERROR - Upsert 單筆記錄到 refer_skip_value 失敗，ID: None
2026-02-11 22:51:50,903 - _execute_sql - ERROR - 執行 SQL 失敗: UndefinedColumn: column "category_table_id" does not exist
LINE 4:     ON CONFLICT ("category_table_id") DO UPDATE SET
                        ^

SQL: 
    INSERT INTO "refer_skip_value" ("標題", "skip", "連結", "資料更新日期")
    VALUES (%s, %s, %s, %s)
    ON CONFLICT ("category_table_id") DO UPDATE SET
        "標題" = EXCLUDED."標題", "skip" = EXCLUDED."skip", "連結" = EXCLUDED."連結", "資料更新日期" = EXCLUDED."資料更新日期";
    
Params: ('臺灣地區稻作種植、收穫面積及產量', '0', 'https://data.moa.gov.tw/open_detail.aspx?id=i5AdyGE26hcq', '2025/05/27 17:36:50')
2026-02-11 22:51:50,903 - _insert_or_update_minor_info - ERROR - Upsert 單筆記錄到 refer_skip_value 失敗，ID: None
2026-02-11 22:51:50,905 - _execute_sql - ERROR - 執行 SQL 失敗: UndefinedColumn: column "category_table_id" does not exist
LINE 4:     ON CONFLICT ("category_table_id") DO UPDATE SET
                        ^

SQL: 
    INSERT INTO "refer_skip_value" ("標題", "skip", "連結", "資料更新日期")
    VALUES (%s, %s, %s, %s)
    ON CONFLICT ("category_table_id") DO UPDATE SET
        "標題" = EXCLUDED."標題", "skip" = EXCLUDED."skip", "連結" = EXCLUDED."連結", "資料更新日期" = EXCLUDED."資料更新日期";
    
Params: ('臺灣地區稻米生產價值', '0', 'https://data.moa.gov.tw/open_detail.aspx?id=MMeBMLPHL11N', '2025/01/07 12:03:01')
2026-02-11 22:51:50,905 - _insert_or_update_minor_info - ERROR - Upsert 單筆記錄到 refer_skip_value 失敗，ID: None
2026-02-11 22:51:50,906 - _execute_sql - ERROR - 執行 SQL 失敗: UndefinedColumn: column "category_table_id" does not exist
LINE 4:     ON CONFLICT ("category_table_id") DO UPDATE SET
                        ^

SQL: 
    INSERT INTO "refer_skip_value" ("標題", "skip", "連結", "資料更新日期")
    VALUES (%s, %s, %s, %s)
    ON CONFLICT ("category_table_id") DO UPDATE SET
        "標題" = EXCLUDED."標題", "skip" = EXCLUDED."skip", "連結" = EXCLUDED."連結", "資料更新日期" = EXCLUDED."資料更新日期";
    
Params: ('臺灣地區蔬菜生產概況', '0', 'https://data.moa.gov.tw/open_detail.aspx?id=113', '2025/06/17 14:38:43')
2026-02-11 22:51:50,906 - _insert_or_update_minor_info - ERROR - Upsert 單筆記錄到 refer_skip_value 失敗，ID: None
2026-02-11 22:51:50,907 - _execute_sql - ERROR - 執行 SQL 失敗: UndefinedColumn: column "category_table_id" does not exist
LINE 4:     ON CONFLICT ("category_table_id") DO UPDATE SET
                        ^

SQL: 
    INSERT INTO "refer_skip_value" ("標題", "skip", "連結", "資料更新日期")
    VALUES (%s, %s, %s, %s)
    ON CONFLICT ("category_table_id") DO UPDATE SET
        "標題" = EXCLUDED."標題", "skip" = EXCLUDED."skip", "連結" = EXCLUDED."連結", "資料更新日期" = EXCLUDED."資料更新日期";
    
Params: ('臺灣地區農產品生產量值', '0', 'https://data.moa.gov.tw/open_detail.aspx?id=ABTXmIWuosiO', '2025/06/26 11:35:56')
2026-02-11 22:51:50,907 - _insert_or_update_minor_info - ERROR - Upsert 單筆記錄到 refer_skip_value 失敗，ID: None
2026-02-11 22:51:50,907 - _execute_sql - ERROR - 執行 SQL 失敗: UndefinedColumn: column "category_table_id" does not exist
LINE 4:     ON CONFLICT ("category_table_id") DO UPDATE SET
                        ^

SQL: 
    INSERT INTO "refer_skip_value" ("標題", "skip", "連結", "資料更新日期")
    VALUES (%s, %s, %s, %s)
    ON CONFLICT ("category_table_id") DO UPDATE SET
        "標題" = EXCLUDED."標題", "skip" = EXCLUDED."skip", "連結" = EXCLUDED."連結", "資料更新日期" = EXCLUDED."資料更新日期";
    
Params: ('農情調查', '0', 'https://data.moa.gov.tw/open_detail.aspx?id=038', '2026/01/23 23:35:00')
2026-02-11 22:51:50,908 - _insert_or_update_minor_info - ERROR - Upsert 單筆記錄到 refer_skip_value 失敗，ID: None
2026-02-11 22:51:50,909 - _execute_sql - ERROR - 執行 SQL 失敗: UndefinedColumn: column "category_table_id" does not exist
LINE 4:     ON CONFLICT ("category_table_id") DO UPDATE SET
                        ^

SQL: 
    INSERT INTO "refer_skip_value" ("標題", "skip", "連結", "資料更新日期")
    VALUES (%s, %s, %s, %s)
    ON CONFLICT ("category_table_id") DO UPDATE SET
        "標題" = EXCLUDED."標題", "skip" = EXCLUDED."skip", "連結" = EXCLUDED."連結", "資料更新日期" = EXCLUDED."資料更新日期";
    
Params: ('農產品交易行情', '5000', 'https://data.moa.gov.tw/open_detail.aspx?id=037', '2026/02/11 21:58:03')
2026-02-11 22:51:50,909 - _insert_or_update_minor_info - ERROR - Upsert 單筆記錄到 refer_skip_value 失敗，ID: None
2026-02-11 22:51:50,909 - _execute_sql - ERROR - 執行 SQL 失敗: UndefinedColumn: column "category_table_id" does not exist
LINE 4:     ON CONFLICT ("category_table_id") DO UPDATE SET
                        ^

SQL: 
    INSERT INTO "refer_skip_value" ("標題", "skip", "連結", "資料更新日期")
    VALUES (%s, %s, %s, %s)
    ON CONFLICT ("category_table_id") DO UPDATE SET
        "標題" = EXCLUDED."標題", "skip" = EXCLUDED."skip", "連結" = EXCLUDED."連結", "資料更新日期" = EXCLUDED."資料更新日期";
    
Params: ('農產品產地價格(月平均價格)', '0', 'https://data.moa.gov.tw/open_detail.aspx?id=652', '2026/01/12 09:58:07')
2026-02-11 22:51:50,910 - _insert_or_update_minor_info - ERROR - Upsert 單筆記錄到 refer_skip_value 失敗，ID: None
2026-02-11 22:51:50,910 - _execute_sql - ERROR - 執行 SQL 失敗: UndefinedColumn: column "category_table_id" does not exist
LINE 4:     ON CONFLICT ("category_table_id") DO UPDATE SET
                        ^

SQL: 
    INSERT INTO "refer_skip_value" ("標題", "skip", "連結", "資料更新日期")
    VALUES (%s, %s, %s, %s)
    ON CONFLICT ("category_table_id") DO UPDATE SET
        "標題" = EXCLUDED."標題", "skip" = EXCLUDED."skip", "連結" = EXCLUDED."連結", "資料更新日期" = EXCLUDED."資料更新日期";
    
Params: ('農產品產地價格資料', '0', 'https://data.moa.gov.tw/open_detail.aspx?id=WVOiWSdDjWxx', '2026/02/11 00:50:13')
2026-02-11 22:51:50,910 - _insert_or_update_minor_info - ERROR - Upsert 單筆記錄到 refer_skip_value 失敗，ID: None
2026-02-11 22:51:50,911 - _execute_sql - ERROR - 執行 SQL 失敗: UndefinedColumn: column "category_table_id" does not exist
LINE 4:     ON CONFLICT ("category_table_id") DO UPDATE SET
                        ^

SQL: 
    INSERT INTO "refer_skip_value" ("標題", "skip", "連結", "資料更新日期")
    VALUES (%s, %s, %s, %s)
    ON CONFLICT ("category_table_id") DO UPDATE SET
        "標題" = EXCLUDED."標題", "skip" = EXCLUDED."skip", "連結" = EXCLUDED."連結", "資料更新日期" = EXCLUDED."資料更新日期";
    
Params: ('雜糧生產概況', '0', 'https://data.moa.gov.tw/open_detail.aspx?id=8v9pJZ858uOz', '2025/01/09 14:35:02')
2026-02-11 22:51:50,911 - _insert_or_update_minor_info - ERROR - Upsert 單筆記錄到 refer_skip_value 失敗，ID: None
2026-02-11 22:51:50,915 - _execute_sql - ERROR - 執行 SQL 失敗: UndefinedColumn: column "category_table_id" does not exist
LINE 4:     ON CONFLICT ("category_table_id") DO UPDATE SET
                        ^

SQL: 
    INSERT INTO "all_sort_configs" ("file_name", "sort_keys")
    VALUES (%s, %s)
    ON CONFLICT ("category_table_id") DO UPDATE SET
        "file_name" = EXCLUDED."file_name", "sort_keys" = EXCLUDED."sort_keys";
    
Params: ('糧價查詢', '[["pt_date_day", "date_asc"], ["name", "text_asc"], ["pt_1japt", "text_asc"]]')
2026-02-11 22:51:50,915 - _insert_or_update_minor_info - ERROR - Upsert 單筆記錄到 all_sort_configs 失敗，ID: None
2026-02-11 22:51:50,916 - _execute_sql - ERROR - 執行 SQL 失敗: UndefinedColumn: column "category_table_id" does not exist
LINE 4:     ON CONFLICT ("category_table_id") DO UPDATE SET
                        ^

SQL: 
    INSERT INTO "all_sort_configs" ("file_name", "sort_keys")
    VALUES (%s, %s)
    ON CONFLICT ("category_table_id") DO UPDATE SET
        "file_name" = EXCLUDED."file_name", "sort_keys" = EXCLUDED."sort_keys";
    
Params: ('臺灣地區農產品生產量值', '[["year", "date_asc"], ["crop_name", "text_asc"]]')
2026-02-11 22:51:50,916 - _insert_or_update_minor_info - ERROR - Upsert 單筆記錄到 all_sort_configs 失敗，ID: None
2026-02-11 22:51:50,916 - _execute_sql - ERROR - 執行 SQL 失敗: UndefinedColumn: column "category_table_id" does not exist
LINE 4:     ON CONFLICT ("category_table_id") DO UPDATE SET
                        ^

SQL: 
    INSERT INTO "all_sort_configs" ("file_name", "sort_keys")
    VALUES (%s, %s)
    ON CONFLICT ("category_table_id") DO UPDATE SET
        "file_name" = EXCLUDED."file_name", "sort_keys" = EXCLUDED."sort_keys";
    
Params: ('農產品產地價格資料', '[["YEAR", "date_asc"], ["MONTH", "text_asc"], ["PERIOD", "text_asc"], ["PRODUCTNAME", "text_asc"], ["ORGNAME", "text_asc"]]')
2026-02-11 22:51:50,916 - _insert_or_update_minor_info - ERROR - Upsert 單筆記錄到 all_sort_configs 失敗，ID: None
2026-02-11 22:51:50,917 - _execute_sql - ERROR - 執行 SQL 失敗: UndefinedColumn: column "category_table_id" does not exist
LINE 4:     ON CONFLICT ("category_table_id") DO UPDATE SET
                        ^

SQL: 
    INSERT INTO "all_sort_configs" ("file_name", "sort_keys")
    VALUES (%s, %s)
    ON CONFLICT ("category_table_id") DO UPDATE SET
        "file_name" = EXCLUDED."file_name", "sort_keys" = EXCLUDED."sort_keys";
    
Params: ('臺灣地區果品生產概況', '[["年度", "date_asc"], ["果品類別", "text_asc"], ["地區別", "text_asc"]]')
2026-02-11 22:51:50,917 - _insert_or_update_minor_info - ERROR - Upsert 單筆記錄到 all_sort_configs 失敗，ID: None
2026-02-11 22:51:50,918 - _execute_sql - ERROR - 執行 SQL 失敗: UndefinedColumn: column "category_table_id" does not exist
LINE 4:     ON CONFLICT ("category_table_id") DO UPDATE SET
                        ^

SQL: 
    INSERT INTO "all_sort_configs" ("file_name", "sort_keys")
    VALUES (%s, %s)
    ON CONFLICT ("category_table_id") DO UPDATE SET
        "file_name" = EXCLUDED."file_name", "sort_keys" = EXCLUDED."sort_keys";
    
Params: ('臺灣地區特用作物生產概況', '[["年度", "date_asc"], ["特用作物類別", "text_asc"], ["地區別", "text_asc"]]')
2026-02-11 22:51:50,918 - _insert_or_update_minor_info - ERROR - Upsert 單筆記錄到 all_sort_configs 失敗，ID: None
2026-02-11 22:51:50,918 - _execute_sql - ERROR - 執行 SQL 失敗: UndefinedColumn: column "category_table_id" does not exist
LINE 4:     ON CONFLICT ("category_table_id") DO UPDATE SET
                        ^

SQL: 
    INSERT INTO "all_sort_configs" ("file_name", "sort_keys")
    VALUES (%s, %s)
    ON CONFLICT ("category_table_id") DO UPDATE SET
        "file_name" = EXCLUDED."file_name", "sort_keys" = EXCLUDED."sort_keys";
    
Params: ('臺灣地區稻作種植、收穫面積及產量', '[["year", "date_asc"], ["crop_type", "text_asc"], ["crop_item", "text_asc"], ["local", "text_asc"]]')
2026-02-11 22:51:50,919 - _insert_or_update_minor_info - ERROR - Upsert 單筆記錄到 all_sort_configs 失敗，ID: None
2026-02-11 22:51:50,919 - _execute_sql - ERROR - 執行 SQL 失敗: UndefinedColumn: column "category_table_id" does not exist
LINE 4:     ON CONFLICT ("category_table_id") DO UPDATE SET
                        ^

SQL: 
    INSERT INTO "all_sort_configs" ("file_name", "sort_keys")
    VALUES (%s, %s)
    ON CONFLICT ("category_table_id") DO UPDATE SET
        "file_name" = EXCLUDED."file_name", "sort_keys" = EXCLUDED."sort_keys";
    
Params: ('臺灣地區稻米生產價值', '[["year", "date_asc"], ["plant_time", "number_asc"], ["type", "text_asc"], ["city_area", "text_asc"]]')
2026-02-11 22:51:50,919 - _insert_or_update_minor_info - ERROR - Upsert 單筆記錄到 all_sort_configs 失敗，ID: None
2026-02-11 22:51:50,919 - _execute_sql - ERROR - 執行 SQL 失敗: UndefinedColumn: column "category_table_id" does not exist
LINE 4:     ON CONFLICT ("category_table_id") DO UPDATE SET
                        ^

SQL: 
    INSERT INTO "all_sort_configs" ("file_name", "sort_keys")
    VALUES (%s, %s)
    ON CONFLICT ("category_table_id") DO UPDATE SET
        "file_name" = EXCLUDED."file_name", "sort_keys" = EXCLUDED."sort_keys";
    
Params: ('臺灣地區蔬菜生產概況', '[["年度", "date_asc"], ["蔬菜類別", "text_asc"], ["地區別", "text_asc"]]')
2026-02-11 22:51:50,919 - _insert_or_update_minor_info - ERROR - Upsert 單筆記錄到 all_sort_configs 失敗，ID: None
2026-02-11 22:51:50,919 - _execute_sql - ERROR - 執行 SQL 失敗: UndefinedColumn: column "category_table_id" does not exist
LINE 4:     ON CONFLICT ("category_table_id") DO UPDATE SET
                        ^

SQL: 
    INSERT INTO "all_sort_configs" ("file_name", "sort_keys")
    VALUES (%s, %s)
    ON CONFLICT ("category_table_id") DO UPDATE SET
        "file_name" = EXCLUDED."file_name", "sort_keys" = EXCLUDED."sort_keys";
    
Params: ('產銷履歷與有機蔬果行情', '[["交易日期", "date_asc"], ["作物代號", "text_asc"], ["市場代號", "text_asc"], ["交易金額_元", "text_asc"]]')
2026-02-11 22:51:50,919 - _insert_or_update_minor_info - ERROR - Upsert 單筆記錄到 all_sort_configs 失敗，ID: None
2026-02-11 22:51:50,919 - _execute_sql - ERROR - 執行 SQL 失敗: UndefinedColumn: column "category_table_id" does not exist
LINE 4:     ON CONFLICT ("category_table_id") DO UPDATE SET
                        ^

SQL: 
    INSERT INTO "all_sort_configs" ("file_name", "sort_keys")
    VALUES (%s, %s)
    ON CONFLICT ("category_table_id") DO UPDATE SET
        "file_name" = EXCLUDED."file_name", "sort_keys" = EXCLUDED."sort_keys";
    
Params: ('農情調查', '[["年度", "date_asc"], ["期作", "text_asc"], ["作物代碼", "text_asc"], ["作物", "text_asc"], ["縣市", "text_asc"], ["鄉鎮", "text_asc"]]')
2026-02-11 22:51:50,919 - _insert_or_update_minor_info - ERROR - Upsert 單筆記錄到 all_sort_configs 失敗，ID: None
2026-02-11 22:51:50,919 - _execute_sql - ERROR - 執行 SQL 失敗: UndefinedColumn: column "category_table_id" does not exist
LINE 4:     ON CONFLICT ("category_table_id") DO UPDATE SET
                        ^

SQL: 
    INSERT INTO "all_sort_configs" ("file_name", "sort_keys")
    VALUES (%s, %s)
    ON CONFLICT ("category_table_id") DO UPDATE SET
        "file_name" = EXCLUDED."file_name", "sort_keys" = EXCLUDED."sort_keys";
    
Params: ('農產品產地價格(月平均價格)', '[["年份", "text_asc"], ["作物", "text_asc"]]')
2026-02-11 22:51:50,919 - _insert_or_update_minor_info - ERROR - Upsert 單筆記錄到 all_sort_configs 失敗，ID: None
2026-02-11 22:51:50,919 - _execute_sql - ERROR - 執行 SQL 失敗: UndefinedColumn: column "category_table_id" does not exist
LINE 4:     ON CONFLICT ("category_table_id") DO UPDATE SET
                        ^

SQL: 
    INSERT INTO "all_sort_configs" ("file_name", "sort_keys")
    VALUES (%s, %s)
    ON CONFLICT ("category_table_id") DO UPDATE SET
        "file_name" = EXCLUDED."file_name", "sort_keys" = EXCLUDED."sort_keys";
    
Params: ('雜糧生產概況', '[["year", "date_asc"], ["type", "text_asc"], ["city_area", "text_asc"]]')
2026-02-11 22:51:50,919 - _insert_or_update_minor_info - ERROR - Upsert 單筆記錄到 all_sort_configs 失敗，ID: None
2026-02-11 22:51:50,919 - _execute_sql - ERROR - 執行 SQL 失敗: UndefinedColumn: column "category_table_id" does not exist
LINE 4:     ON CONFLICT ("category_table_id") DO UPDATE SET
                        ^

SQL: 
    INSERT INTO "all_sort_configs" ("file_name", "sort_keys")
    VALUES (%s, %s)
    ON CONFLICT ("category_table_id") DO UPDATE SET
        "file_name" = EXCLUDED."file_name", "sort_keys" = EXCLUDED."sort_keys";
    
Params: ('各觀測站近兩年降雨量', '[["observeDate", "date_asc"], ["observatory", "text_asc"]]')
2026-02-11 22:51:50,919 - _insert_or_update_minor_info - ERROR - Upsert 單筆記錄到 all_sort_configs 失敗，ID: None
2026-02-11 22:51:50,924 - _execute_sql - ERROR - 執行 SQL 失敗: UndefinedColumn: column "category_table_id" does not exist
LINE 4:     ON CONFLICT ("category_table_id") DO UPDATE SET
                        ^

SQL: 
    INSERT INTO "all_sort_configs" ("file_name", "sort_keys")
    VALUES (%s, %s)
    ON CONFLICT ("category_table_id") DO UPDATE SET
        "file_name" = EXCLUDED."file_name", "sort_keys" = EXCLUDED."sort_keys";
    
Params: ('農產品交易行情', '[["交易日期", "date_asc"], ["種類代碼", "text_asc"], ["作物代號", "text_asc"], ["市場代號", "number_asc"]]')
2026-02-11 22:51:50,924 - _insert_or_update_minor_info - ERROR - Upsert 單筆記錄到 all_sort_configs 失敗，ID: None
2026-02-11 22:51:50,924 - _execute_sql - ERROR - 執行 SQL 失敗: UndefinedColumn: column "category_table_id" does not exist
LINE 4:     ON CONFLICT ("category_table_id") DO UPDATE SET
                        ^

SQL: 
    INSERT INTO "all_sort_configs" ("file_name", "sort_keys")
    VALUES (%s, %s)
    ON CONFLICT ("category_table_id") DO UPDATE SET
        "file_name" = EXCLUDED."file_name", "sort_keys" = EXCLUDED."sort_keys";
    
Params: ('全國單日平均糧價', '[["pt_date", "date_asc"]]')
2026-02-11 22:51:50,925 - _insert_or_update_minor_info - ERROR - Upsert 單筆記錄到 all_sort_configs 失敗，ID: None
2026-02-11 22:51:50,925 - _execute_sql - ERROR - 執行 SQL 失敗: UndefinedColumn: column "category_table_id" does not exist
LINE 4:     ON CONFLICT ("category_table_id") DO UPDATE SET
                        ^

SQL: 
    INSERT INTO "all_sort_configs" ("file_name", "sort_keys")
    VALUES (%s, %s)
    ON CONFLICT ("category_table_id") DO UPDATE SET
        "file_name" = EXCLUDED."file_name", "sort_keys" = EXCLUDED."sort_keys";
    
Params: ('農作物統一代碼與農業相關系統之農作物代碼對應', '[["CROP_UID", "number_asc"]]')
2026-02-11 22:51:50,925 - _insert_or_update_minor_info - ERROR - Upsert 單筆記錄到 all_sort_configs 失敗，ID: None
2026-02-11 22:51:50,926 - _execute_sql - ERROR - 執行 SQL 失敗: UndefinedColumn: column "category_table_id" does not exist
LINE 4:     ON CONFLICT ("category_table_id") DO UPDATE SET
                        ^

SQL: 
    INSERT INTO "all_sort_configs" ("file_name", "sort_keys")
    VALUES (%s, %s)
    ON CONFLICT ("category_table_id") DO UPDATE SET
        "file_name" = EXCLUDED."file_name", "sort_keys" = EXCLUDED."sort_keys";
    
Params: ('農作物統一名稱與代碼', '[["CROP_UID", "number_asc"]]')
2026-02-11 22:51:50,926 - _insert_or_update_minor_info - ERROR - Upsert 單筆記錄到 all_sort_configs 失敗，ID: None
2026-02-11 22:55:00,918 - _handle_data_download - ERROR - 未成功下載 JSON 資料。
2026-02-11 22:55:08,534 - _execute_sql - ERROR - 執行 SQL 失敗: NotNullViolation: null value in column "category_table_id" of relation "refer_skip_value" violates not-null constraint
DETAIL:  Failing row contains (全國單日平均糧價, 0, https://data.moa.gov.tw/open_detail.aspx?id=E69, 2026/02/11 21:00:13, null).

SQL: 
    INSERT INTO "refer_skip_value" ("標題", "skip", "連結", "資料更新日期")
    VALUES (%s, %s, %s, %s)
    ON CONFLICT ("category_table_id") DO UPDATE SET
        "標題" = EXCLUDED."標題", "skip" = EXCLUDED."skip", "連結" = EXCLUDED."連結", "資料更新日期" = EXCLUDED."資料更新日期";
    
Params: ('全國單日平均糧價', '0', 'https://data.moa.gov.tw/open_detail.aspx?id=E69', '2026/02/11 21:00:13')
2026-02-11 22:55:08,534 - _insert_or_update_minor_info - ERROR - Upsert 單筆記錄到 refer_skip_value 失敗，ID: None
2026-02-11 22:55:08,534 - _execute_sql - ERROR - 執行 SQL 失敗: NotNullViolation: null value in column "category_table_id" of relation "refer_skip_value" violates not-null constraint
DETAIL:  Failing row contains (各觀測站近兩年降雨量, 0, https://data.moa.gov.tw/open_detail.aspx?id=5n9c3AlEJ2DH, 2025/06/26 12:22:09, null).

SQL: 
    INSERT INTO "refer_skip_value" ("標題", "skip", "連結", "資料更新日期")
    VALUES (%s, %s, %s, %s)
    ON CONFLICT ("category_table_id") DO UPDATE SET
        "標題" = EXCLUDED."標題", "skip" = EXCLUDED."skip", "連結" = EXCLUDED."連結", "資料更新日期" = EXCLUDED."資料更新日期";
    
Params: ('各觀測站近兩年降雨量', '0', 'https://data.moa.gov.tw/open_detail.aspx?id=5n9c3AlEJ2DH', '2025/06/26 12:22:09')
2026-02-11 22:55:08,534 - _insert_or_update_minor_info - ERROR - Upsert 單筆記錄到 refer_skip_value 失敗，ID: None
2026-02-11 22:55:08,534 - _execute_sql - ERROR - 執行 SQL 失敗: NotNullViolation: null value in column "category_table_id" of relation "refer_skip_value" violates not-null constraint
DETAIL:  Failing row contains (產銷履歷與有機蔬果行情, 0, https://data.moa.gov.tw/open_detail.aspx?id=H44, 2026/02/11 20:30:04, null).

SQL: 
    INSERT INTO "refer_skip_value" ("標題", "skip", "連結", "資料更新日期")
    VALUES (%s, %s, %s, %s)
    ON CONFLICT ("category_table_id") DO UPDATE SET
        "標題" = EXCLUDED."標題", "skip" = EXCLUDED."skip", "連結" = EXCLUDED."連結", "資料更新日期" = EXCLUDED."資料更新日期";
    
Params: ('產銷履歷與有機蔬果行情', '0', 'https://data.moa.gov.tw/open_detail.aspx?id=H44', '2026/02/11 20:30:04')
2026-02-11 22:55:08,534 - _insert_or_update_minor_info - ERROR - Upsert 單筆記錄到 refer_skip_value 失敗，ID: None
2026-02-11 22:55:08,551 - _execute_sql - ERROR - 執行 SQL 失敗: NotNullViolation: null value in column "category_table_id" of relation "refer_skip_value" violates not-null constraint
DETAIL:  Failing row contains (糧價查詢, 0, https://data.moa.gov.tw/open_detail.aspx?id=266, 2026/02/11 10:10:24, null).

SQL: 
    INSERT INTO "refer_skip_value" ("標題", "skip", "連結", "資料更新日期")
    VALUES (%s, %s, %s, %s)
    ON CONFLICT ("category_table_id") DO UPDATE SET
        "標題" = EXCLUDED."標題", "skip" = EXCLUDED."skip", "連結" = EXCLUDED."連結", "資料更新日期" = EXCLUDED."資料更新日期";
    
Params: ('糧價查詢', '0', 'https://data.moa.gov.tw/open_detail.aspx?id=266', '2026/02/11 10:10:24')
2026-02-11 22:55:08,551 - _insert_or_update_minor_info - ERROR - Upsert 單筆記錄到 refer_skip_value 失敗，ID: None
2026-02-11 22:55:08,551 - _execute_sql - ERROR - 執行 SQL 失敗: NotNullViolation: null value in column "category_table_id" of relation "refer_skip_value" violates not-null constraint
DETAIL:  Failing row contains (臺灣地區果品生產概況, 0, https://data.moa.gov.tw/open_detail.aspx?id=135, 2025/06/17 14:36:28, null).

SQL: 
    INSERT INTO "refer_skip_value" ("標題", "skip", "連結", "資料更新日期")
    VALUES (%s, %s, %s, %s)
    ON CONFLICT ("category_table_id") DO UPDATE SET
        "標題" = EXCLUDED."標題", "skip" = EXCLUDED."skip", "連結" = EXCLUDED."連結", "資料更新日期" = EXCLUDED."資料更新日期";
    
Params: ('臺灣地區果品生產概況', '0', 'https://data.moa.gov.tw/open_detail.aspx?id=135', '2025/06/17 14:36:28')
2026-02-11 22:55:08,551 - _insert_or_update_minor_info - ERROR - Upsert 單筆記錄到 refer_skip_value 失敗，ID: None
2026-02-11 22:55:08,551 - _execute_sql - ERROR - 執行 SQL 失敗: NotNullViolation: null value in column "category_table_id" of relation "refer_skip_value" violates not-null constraint
DETAIL:  Failing row contains (臺灣地區特用作物生產概況, 0, https://data.moa.gov.tw/open_detail.aspx?id=136, 2025/06/17 14:37:33, null).

SQL: 
    INSERT INTO "refer_skip_value" ("標題", "skip", "連結", "資料更新日期")
    VALUES (%s, %s, %s, %s)
    ON CONFLICT ("category_table_id") DO UPDATE SET
        "標題" = EXCLUDED."標題", "skip" = EXCLUDED."skip", "連結" = EXCLUDED."連結", "資料更新日期" = EXCLUDED."資料更新日期";
    
Params: ('臺灣地區特用作物生產概況', '0', 'https://data.moa.gov.tw/open_detail.aspx?id=136', '2025/06/17 14:37:33')
2026-02-11 22:55:08,551 - _insert_or_update_minor_info - ERROR - Upsert 單筆記錄到 refer_skip_value 失敗，ID: None
2026-02-11 22:55:08,551 - _execute_sql - ERROR - 執行 SQL 失敗: NotNullViolation: null value in column "category_table_id" of relation "refer_skip_value" violates not-null constraint
DETAIL:  Failing row contains (臺灣地區稻作種植、收穫面積及產量, 0, https://data.moa.gov.tw/open_detail.aspx?id=i5AdyGE26hcq, 2025/05/27 17:36:50, null).

SQL: 
    INSERT INTO "refer_skip_value" ("標題", "skip", "連結", "資料更新日期")
    VALUES (%s, %s, %s, %s)
    ON CONFLICT ("category_table_id") DO UPDATE SET
        "標題" = EXCLUDED."標題", "skip" = EXCLUDED."skip", "連結" = EXCLUDED."連結", "資料更新日期" = EXCLUDED."資料更新日期";
    
Params: ('臺灣地區稻作種植、收穫面積及產量', '0', 'https://data.moa.gov.tw/open_detail.aspx?id=i5AdyGE26hcq', '2025/05/27 17:36:50')
2026-02-11 22:55:08,551 - _insert_or_update_minor_info - ERROR - Upsert 單筆記錄到 refer_skip_value 失敗，ID: None
2026-02-11 22:55:08,551 - _execute_sql - ERROR - 執行 SQL 失敗: NotNullViolation: null value in column "category_table_id" of relation "refer_skip_value" violates not-null constraint
DETAIL:  Failing row contains (臺灣地區稻米生產價值, 0, https://data.moa.gov.tw/open_detail.aspx?id=MMeBMLPHL11N, 2025/01/07 12:03:01, null).

SQL: 
    INSERT INTO "refer_skip_value" ("標題", "skip", "連結", "資料更新日期")
    VALUES (%s, %s, %s, %s)
    ON CONFLICT ("category_table_id") DO UPDATE SET
        "標題" = EXCLUDED."標題", "skip" = EXCLUDED."skip", "連結" = EXCLUDED."連結", "資料更新日期" = EXCLUDED."資料更新日期";
    
Params: ('臺灣地區稻米生產價值', '0', 'https://data.moa.gov.tw/open_detail.aspx?id=MMeBMLPHL11N', '2025/01/07 12:03:01')
2026-02-11 22:55:08,551 - _insert_or_update_minor_info - ERROR - Upsert 單筆記錄到 refer_skip_value 失敗，ID: None
2026-02-11 22:55:08,551 - _execute_sql - ERROR - 執行 SQL 失敗: NotNullViolation: null value in column "category_table_id" of relation "refer_skip_value" violates not-null constraint
DETAIL:  Failing row contains (臺灣地區蔬菜生產概況, 0, https://data.moa.gov.tw/open_detail.aspx?id=113, 2025/06/17 14:38:43, null).

SQL: 
    INSERT INTO "refer_skip_value" ("標題", "skip", "連結", "資料更新日期")
    VALUES (%s, %s, %s, %s)
    ON CONFLICT ("category_table_id") DO UPDATE SET
        "標題" = EXCLUDED."標題", "skip" = EXCLUDED."skip", "連結" = EXCLUDED."連結", "資料更新日期" = EXCLUDED."資料更新日期";
    
Params: ('臺灣地區蔬菜生產概況', '0', 'https://data.moa.gov.tw/open_detail.aspx?id=113', '2025/06/17 14:38:43')
2026-02-11 22:55:08,551 - _insert_or_update_minor_info - ERROR - Upsert 單筆記錄到 refer_skip_value 失敗，ID: None
2026-02-11 22:55:08,551 - _execute_sql - ERROR - 執行 SQL 失敗: NotNullViolation: null value in column "category_table_id" of relation "refer_skip_value" violates not-null constraint
DETAIL:  Failing row contains (臺灣地區農產品生產量值, 0, https://data.moa.gov.tw/open_detail.aspx?id=ABTXmIWuosiO, 2025/06/26 11:35:56, null).

SQL: 
    INSERT INTO "refer_skip_value" ("標題", "skip", "連結", "資料更新日期")
    VALUES (%s, %s, %s, %s)
    ON CONFLICT ("category_table_id") DO UPDATE SET
        "標題" = EXCLUDED."標題", "skip" = EXCLUDED."skip", "連結" = EXCLUDED."連結", "資料更新日期" = EXCLUDED."資料更新日期";
    
Params: ('臺灣地區農產品生產量值', '0', 'https://data.moa.gov.tw/open_detail.aspx?id=ABTXmIWuosiO', '2025/06/26 11:35:56')
2026-02-11 22:55:08,551 - _insert_or_update_minor_info - ERROR - Upsert 單筆記錄到 refer_skip_value 失敗，ID: None
2026-02-11 22:55:08,551 - _execute_sql - ERROR - 執行 SQL 失敗: NotNullViolation: null value in column "category_table_id" of relation "refer_skip_value" violates not-null constraint
DETAIL:  Failing row contains (農情調查, 0, https://data.moa.gov.tw/open_detail.aspx?id=038, 2026/01/23 23:35:00, null).

SQL: 
    INSERT INTO "refer_skip_value" ("標題", "skip", "連結", "資料更新日期")
    VALUES (%s, %s, %s, %s)
    ON CONFLICT ("category_table_id") DO UPDATE SET
        "標題" = EXCLUDED."標題", "skip" = EXCLUDED."skip", "連結" = EXCLUDED."連結", "資料更新日期" = EXCLUDED."資料更新日期";
    
Params: ('農情調查', '0', 'https://data.moa.gov.tw/open_detail.aspx?id=038', '2026/01/23 23:35:00')
2026-02-11 22:55:08,551 - _insert_or_update_minor_info - ERROR - Upsert 單筆記錄到 refer_skip_value 失敗，ID: None
2026-02-11 22:55:08,551 - _execute_sql - ERROR - 執行 SQL 失敗: NotNullViolation: null value in column "category_table_id" of relation "refer_skip_value" violates not-null constraint
DETAIL:  Failing row contains (農產品交易行情, 5000, https://data.moa.gov.tw/open_detail.aspx?id=037, 2026/02/11 21:58:03, null).

SQL: 
    INSERT INTO "refer_skip_value" ("標題", "skip", "連結", "資料更新日期")
    VALUES (%s, %s, %s, %s)
    ON CONFLICT ("category_table_id") DO UPDATE SET
        "標題" = EXCLUDED."標題", "skip" = EXCLUDED."skip", "連結" = EXCLUDED."連結", "資料更新日期" = EXCLUDED."資料更新日期";
    
Params: ('農產品交易行情', '5000', 'https://data.moa.gov.tw/open_detail.aspx?id=037', '2026/02/11 21:58:03')
2026-02-11 22:55:08,551 - _insert_or_update_minor_info - ERROR - Upsert 單筆記錄到 refer_skip_value 失敗，ID: None
2026-02-11 22:55:08,551 - _execute_sql - ERROR - 執行 SQL 失敗: NotNullViolation: null value in column "category_table_id" of relation "refer_skip_value" violates not-null constraint
DETAIL:  Failing row contains (農產品產地價格(月平均價格), 0, https://data.moa.gov.tw/open_detail.aspx?id=652, 2026/01/12 09:58:07, null).

SQL: 
    INSERT INTO "refer_skip_value" ("標題", "skip", "連結", "資料更新日期")
    VALUES (%s, %s, %s, %s)
    ON CONFLICT ("category_table_id") DO UPDATE SET
        "標題" = EXCLUDED."標題", "skip" = EXCLUDED."skip", "連結" = EXCLUDED."連結", "資料更新日期" = EXCLUDED."資料更新日期";
    
Params: ('農產品產地價格(月平均價格)', '0', 'https://data.moa.gov.tw/open_detail.aspx?id=652', '2026/01/12 09:58:07')
2026-02-11 22:55:08,551 - _insert_or_update_minor_info - ERROR - Upsert 單筆記錄到 refer_skip_value 失敗，ID: None
2026-02-11 22:55:08,551 - _execute_sql - ERROR - 執行 SQL 失敗: NotNullViolation: null value in column "category_table_id" of relation "refer_skip_value" violates not-null constraint
DETAIL:  Failing row contains (農產品產地價格資料, 0, https://data.moa.gov.tw/open_detail.aspx?id=WVOiWSdDjWxx, 2026/02/11 00:50:13, null).

SQL: 
    INSERT INTO "refer_skip_value" ("標題", "skip", "連結", "資料更新日期")
    VALUES (%s, %s, %s, %s)
    ON CONFLICT ("category_table_id") DO UPDATE SET
        "標題" = EXCLUDED."標題", "skip" = EXCLUDED."skip", "連結" = EXCLUDED."連結", "資料更新日期" = EXCLUDED."資料更新日期";
    
Params: ('農產品產地價格資料', '0', 'https://data.moa.gov.tw/open_detail.aspx?id=WVOiWSdDjWxx', '2026/02/11 00:50:13')
2026-02-11 22:55:08,551 - _insert_or_update_minor_info - ERROR - Upsert 單筆記錄到 refer_skip_value 失敗，ID: None
2026-02-11 22:55:08,551 - _execute_sql - ERROR - 執行 SQL 失敗: NotNullViolation: null value in column "category_table_id" of relation "refer_skip_value" violates not-null constraint
DETAIL:  Failing row contains (雜糧生產概況, 0, https://data.moa.gov.tw/open_detail.aspx?id=8v9pJZ858uOz, 2025/01/09 14:35:02, null).

SQL: 
    INSERT INTO "refer_skip_value" ("標題", "skip", "連結", "資料更新日期")
    VALUES (%s, %s, %s, %s)
    ON CONFLICT ("category_table_id") DO UPDATE SET
        "標題" = EXCLUDED."標題", "skip" = EXCLUDED."skip", "連結" = EXCLUDED."連結", "資料更新日期" = EXCLUDED."資料更新日期";
    
Params: ('雜糧生產概況', '0', 'https://data.moa.gov.tw/open_detail.aspx?id=8v9pJZ858uOz', '2025/01/09 14:35:02')
2026-02-11 22:55:08,551 - _insert_or_update_minor_info - ERROR - Upsert 單筆記錄到 refer_skip_value 失敗，ID: None
2026-02-11 22:55:08,567 - _execute_sql - ERROR - 執行 SQL 失敗: NotNullViolation: null value in column "category_table_id" of relation "all_sort_configs" violates not-null constraint
DETAIL:  Failing row contains (糧價查詢, [["pt_date_day", "date_asc"], ["name", "text_asc"], ["pt_1japt",..., null).

SQL: 
    INSERT INTO "all_sort_configs" ("file_name", "sort_keys")
    VALUES (%s, %s)
    ON CONFLICT ("category_table_id") DO UPDATE SET
        "file_name" = EXCLUDED."file_name", "sort_keys" = EXCLUDED."sort_keys";
    
Params: ('糧價查詢', '[["pt_date_day", "date_asc"], ["name", "text_asc"], ["pt_1japt", "text_asc"]]')
2026-02-11 22:55:08,567 - _insert_or_update_minor_info - ERROR - Upsert 單筆記錄到 all_sort_configs 失敗，ID: None
2026-02-11 22:55:08,567 - _execute_sql - ERROR - 執行 SQL 失敗: NotNullViolation: null value in column "category_table_id" of relation "all_sort_configs" violates not-null constraint
DETAIL:  Failing row contains (臺灣地區農產品生產量值, [["year", "date_asc"], ["crop_name", "text_asc"]], null).

SQL: 
    INSERT INTO "all_sort_configs" ("file_name", "sort_keys")
    VALUES (%s, %s)
    ON CONFLICT ("category_table_id") DO UPDATE SET
        "file_name" = EXCLUDED."file_name", "sort_keys" = EXCLUDED."sort_keys";
    
Params: ('臺灣地區農產品生產量值', '[["year", "date_asc"], ["crop_name", "text_asc"]]')
2026-02-11 22:55:08,567 - _insert_or_update_minor_info - ERROR - Upsert 單筆記錄到 all_sort_configs 失敗，ID: None
2026-02-11 22:55:08,583 - _execute_sql - ERROR - 執行 SQL 失敗: NotNullViolation: null value in column "category_table_id" of relation "all_sort_configs" violates not-null constraint
DETAIL:  Failing row contains (農產品產地價格資料, [["YEAR", "date_asc"], ["MONTH", "text_asc"], ["PERIOD", "text_a..., null).

SQL: 
    INSERT INTO "all_sort_configs" ("file_name", "sort_keys")
    VALUES (%s, %s)
    ON CONFLICT ("category_table_id") DO UPDATE SET
        "file_name" = EXCLUDED."file_name", "sort_keys" = EXCLUDED."sort_keys";
    
Params: ('農產品產地價格資料', '[["YEAR", "date_asc"], ["MONTH", "text_asc"], ["PERIOD", "text_asc"], ["PRODUCTNAME", "text_asc"], ["ORGNAME", "text_asc"]]')
2026-02-11 22:55:08,584 - _insert_or_update_minor_info - ERROR - Upsert 單筆記錄到 all_sort_configs 失敗，ID: None
2026-02-11 22:55:08,584 - _execute_sql - ERROR - 執行 SQL 失敗: NotNullViolation: null value in column "category_table_id" of relation "all_sort_configs" violates not-null constraint
DETAIL:  Failing row contains (臺灣地區果品生產概況, [["年度", "date_asc"], ["果品類別", "text_asc"], ["地區..., null).

SQL: 
    INSERT INTO "all_sort_configs" ("file_name", "sort_keys")
    VALUES (%s, %s)
    ON CONFLICT ("category_table_id") DO UPDATE SET
        "file_name" = EXCLUDED."file_name", "sort_keys" = EXCLUDED."sort_keys";
    
Params: ('臺灣地區果品生產概況', '[["年度", "date_asc"], ["果品類別", "text_asc"], ["地區別", "text_asc"]]')
2026-02-11 22:55:08,584 - _insert_or_update_minor_info - ERROR - Upsert 單筆記錄到 all_sort_configs 失敗，ID: None
2026-02-11 22:55:08,584 - _execute_sql - ERROR - 執行 SQL 失敗: NotNullViolation: null value in column "category_table_id" of relation "all_sort_configs" violates not-null constraint
DETAIL:  Failing row contains (臺灣地區特用作物生產概況, [["年度", "date_asc"], ["特用作物類別", "text_asc"], ["..., null).

SQL: 
    INSERT INTO "all_sort_configs" ("file_name", "sort_keys")
    VALUES (%s, %s)
    ON CONFLICT ("category_table_id") DO UPDATE SET
        "file_name" = EXCLUDED."file_name", "sort_keys" = EXCLUDED."sort_keys";
    
Params: ('臺灣地區特用作物生產概況', '[["年度", "date_asc"], ["特用作物類別", "text_asc"], ["地區別", "text_asc"]]')
2026-02-11 22:55:08,584 - _insert_or_update_minor_info - ERROR - Upsert 單筆記錄到 all_sort_configs 失敗，ID: None
2026-02-11 22:55:08,584 - _execute_sql - ERROR - 執行 SQL 失敗: NotNullViolation: null value in column "category_table_id" of relation "all_sort_configs" violates not-null constraint
DETAIL:  Failing row contains (臺灣地區稻作種植、收穫面積及產量, [["year", "date_asc"], ["crop_type", "text_asc"], ["crop_item", ..., null).

SQL: 
    INSERT INTO "all_sort_configs" ("file_name", "sort_keys")
    VALUES (%s, %s)
    ON CONFLICT ("category_table_id") DO UPDATE SET
        "file_name" = EXCLUDED."file_name", "sort_keys" = EXCLUDED."sort_keys";
    
Params: ('臺灣地區稻作種植、收穫面積及產量', '[["year", "date_asc"], ["crop_type", "text_asc"], ["crop_item", "text_asc"], ["local", "text_asc"]]')
2026-02-11 22:55:08,584 - _insert_or_update_minor_info - ERROR - Upsert 單筆記錄到 all_sort_configs 失敗，ID: None
2026-02-11 22:55:08,584 - _execute_sql - ERROR - 執行 SQL 失敗: NotNullViolation: null value in column "category_table_id" of relation "all_sort_configs" violates not-null constraint
DETAIL:  Failing row contains (臺灣地區稻米生產價值, [["year", "date_asc"], ["plant_time", "number_asc"], ["type", "t..., null).

SQL: 
    INSERT INTO "all_sort_configs" ("file_name", "sort_keys")
    VALUES (%s, %s)
    ON CONFLICT ("category_table_id") DO UPDATE SET
        "file_name" = EXCLUDED."file_name", "sort_keys" = EXCLUDED."sort_keys";
    
Params: ('臺灣地區稻米生產價值', '[["year", "date_asc"], ["plant_time", "number_asc"], ["type", "text_asc"], ["city_area", "text_asc"]]')
2026-02-11 22:55:08,584 - _insert_or_update_minor_info - ERROR - Upsert 單筆記錄到 all_sort_configs 失敗，ID: None
2026-02-11 22:55:08,584 - _execute_sql - ERROR - 執行 SQL 失敗: NotNullViolation: null value in column "category_table_id" of relation "all_sort_configs" violates not-null constraint
DETAIL:  Failing row contains (臺灣地區蔬菜生產概況, [["年度", "date_asc"], ["蔬菜類別", "text_asc"], ["地區..., null).

SQL: 
    INSERT INTO "all_sort_configs" ("file_name", "sort_keys")
    VALUES (%s, %s)
    ON CONFLICT ("category_table_id") DO UPDATE SET
        "file_name" = EXCLUDED."file_name", "sort_keys" = EXCLUDED."sort_keys";
    
Params: ('臺灣地區蔬菜生產概況', '[["年度", "date_asc"], ["蔬菜類別", "text_asc"], ["地區別", "text_asc"]]')
2026-02-11 22:55:08,584 - _insert_or_update_minor_info - ERROR - Upsert 單筆記錄到 all_sort_configs 失敗，ID: None
2026-02-11 22:55:08,584 - _execute_sql - ERROR - 執行 SQL 失敗: NotNullViolation: null value in column "category_table_id" of relation "all_sort_configs" violates not-null constraint
DETAIL:  Failing row contains (產銷履歷與有機蔬果行情, [["交易日期", "date_asc"], ["作物代號", "text_asc"], ["..., null).

SQL: 
    INSERT INTO "all_sort_configs" ("file_name", "sort_keys")
    VALUES (%s, %s)
    ON CONFLICT ("category_table_id") DO UPDATE SET
        "file_name" = EXCLUDED."file_name", "sort_keys" = EXCLUDED."sort_keys";
    
Params: ('產銷履歷與有機蔬果行情', '[["交易日期", "date_asc"], ["作物代號", "text_asc"], ["市場代號", "text_asc"], ["交易金額_元", "text_asc"]]')
2026-02-11 22:55:08,584 - _insert_or_update_minor_info - ERROR - Upsert 單筆記錄到 all_sort_configs 失敗，ID: None
2026-02-11 22:55:08,584 - _execute_sql - ERROR - 執行 SQL 失敗: NotNullViolation: null value in column "category_table_id" of relation "all_sort_configs" violates not-null constraint
DETAIL:  Failing row contains (農情調查, [["年度", "date_asc"], ["期作", "text_asc"], ["作物代碼"..., null).

SQL: 
    INSERT INTO "all_sort_configs" ("file_name", "sort_keys")
    VALUES (%s, %s)
    ON CONFLICT ("category_table_id") DO UPDATE SET
        "file_name" = EXCLUDED."file_name", "sort_keys" = EXCLUDED."sort_keys";
    
Params: ('農情調查', '[["年度", "date_asc"], ["期作", "text_asc"], ["作物代碼", "text_asc"], ["作物", "text_asc"], ["縣市", "text_asc"], ["鄉鎮", "text_asc"]]')
2026-02-11 22:55:08,584 - _insert_or_update_minor_info - ERROR - Upsert 單筆記錄到 all_sort_configs 失敗，ID: None
2026-02-11 22:55:08,584 - _execute_sql - ERROR - 執行 SQL 失敗: NotNullViolation: null value in column "category_table_id" of relation "all_sort_configs" violates not-null constraint
DETAIL:  Failing row contains (農產品產地價格(月平均價格), [["年份", "text_asc"], ["作物", "text_asc"]], null).

SQL: 
    INSERT INTO "all_sort_configs" ("file_name", "sort_keys")
    VALUES (%s, %s)
    ON CONFLICT ("category_table_id") DO UPDATE SET
        "file_name" = EXCLUDED."file_name", "sort_keys" = EXCLUDED."sort_keys";
    
Params: ('農產品產地價格(月平均價格)', '[["年份", "text_asc"], ["作物", "text_asc"]]')
2026-02-11 22:55:08,584 - _insert_or_update_minor_info - ERROR - Upsert 單筆記錄到 all_sort_configs 失敗，ID: None
2026-02-11 22:55:08,584 - _execute_sql - ERROR - 執行 SQL 失敗: NotNullViolation: null value in column "category_table_id" of relation "all_sort_configs" violates not-null constraint
DETAIL:  Failing row contains (雜糧生產概況, [["year", "date_asc"], ["type", "text_asc"], ["city_area", "text..., null).

SQL: 
    INSERT INTO "all_sort_configs" ("file_name", "sort_keys")
    VALUES (%s, %s)
    ON CONFLICT ("category_table_id") DO UPDATE SET
        "file_name" = EXCLUDED."file_name", "sort_keys" = EXCLUDED."sort_keys";
    
Params: ('雜糧生產概況', '[["year", "date_asc"], ["type", "text_asc"], ["city_area", "text_asc"]]')
2026-02-11 22:55:08,584 - _insert_or_update_minor_info - ERROR - Upsert 單筆記錄到 all_sort_configs 失敗，ID: None
2026-02-11 22:55:08,584 - _execute_sql - ERROR - 執行 SQL 失敗: NotNullViolation: null value in column "category_table_id" of relation "all_sort_configs" violates not-null constraint
DETAIL:  Failing row contains (各觀測站近兩年降雨量, [["observeDate", "date_asc"], ["observatory", "text_asc"]], null).

SQL: 
    INSERT INTO "all_sort_configs" ("file_name", "sort_keys")
    VALUES (%s, %s)
    ON CONFLICT ("category_table_id") DO UPDATE SET
        "file_name" = EXCLUDED."file_name", "sort_keys" = EXCLUDED."sort_keys";
    
Params: ('各觀測站近兩年降雨量', '[["observeDate", "date_asc"], ["observatory", "text_asc"]]')
2026-02-11 22:55:08,584 - _insert_or_update_minor_info - ERROR - Upsert 單筆記錄到 all_sort_configs 失敗，ID: None
2026-02-11 22:55:08,584 - _execute_sql - ERROR - 執行 SQL 失敗: NotNullViolation: null value in column "category_table_id" of relation "all_sort_configs" violates not-null constraint
DETAIL:  Failing row contains (農產品交易行情, [["交易日期", "date_asc"], ["種類代碼", "text_asc"], ["..., null).

SQL: 
    INSERT INTO "all_sort_configs" ("file_name", "sort_keys")
    VALUES (%s, %s)
    ON CONFLICT ("category_table_id") DO UPDATE SET
        "file_name" = EXCLUDED."file_name", "sort_keys" = EXCLUDED."sort_keys";
    
Params: ('農產品交易行情', '[["交易日期", "date_asc"], ["種類代碼", "text_asc"], ["作物代號", "text_asc"], ["市場代號", "number_asc"]]')
2026-02-11 22:55:08,584 - _insert_or_update_minor_info - ERROR - Upsert 單筆記錄到 all_sort_configs 失敗，ID: None
2026-02-11 22:55:08,584 - _execute_sql - ERROR - 執行 SQL 失敗: NotNullViolation: null value in column "category_table_id" of relation "all_sort_configs" violates not-null constraint
DETAIL:  Failing row contains (全國單日平均糧價, [["pt_date", "date_asc"]], null).

SQL: 
    INSERT INTO "all_sort_configs" ("file_name", "sort_keys")
    VALUES (%s, %s)
    ON CONFLICT ("category_table_id") DO UPDATE SET
        "file_name" = EXCLUDED."file_name", "sort_keys" = EXCLUDED."sort_keys";
    
Params: ('全國單日平均糧價', '[["pt_date", "date_asc"]]')
2026-02-11 22:55:08,584 - _insert_or_update_minor_info - ERROR - Upsert 單筆記錄到 all_sort_configs 失敗，ID: None
2026-02-11 22:55:08,584 - _execute_sql - ERROR - 執行 SQL 失敗: NotNullViolation: null value in column "category_table_id" of relation "all_sort_configs" violates not-null constraint
DETAIL:  Failing row contains (農作物統一代碼與農業相關系統之農作物代碼對..., [["CROP_UID", "number_asc"]], null).

SQL: 
    INSERT INTO "all_sort_configs" ("file_name", "sort_keys")
    VALUES (%s, %s)
    ON CONFLICT ("category_table_id") DO UPDATE SET
        "file_name" = EXCLUDED."file_name", "sort_keys" = EXCLUDED."sort_keys";
    
Params: ('農作物統一代碼與農業相關系統之農作物代碼對應', '[["CROP_UID", "number_asc"]]')
2026-02-11 22:55:08,584 - _insert_or_update_minor_info - ERROR - Upsert 單筆記錄到 all_sort_configs 失敗，ID: None
2026-02-11 22:55:08,584 - _execute_sql - ERROR - 執行 SQL 失敗: NotNullViolation: null value in column "category_table_id" of relation "all_sort_configs" violates not-null constraint
DETAIL:  Failing row contains (農作物統一名稱與代碼, [["CROP_UID", "number_asc"]], null).

SQL: 
    INSERT INTO "all_sort_configs" ("file_name", "sort_keys")
    VALUES (%s, %s)
    ON CONFLICT ("category_table_id") DO UPDATE SET
        "file_name" = EXCLUDED."file_name", "sort_keys" = EXCLUDED."sort_keys";
    
Params: ('農作物統一名稱與代碼', '[["CROP_UID", "number_asc"]]')
2026-02-11 22:55:08,584 - _insert_or_update_minor_info - ERROR - Upsert 單筆記錄到 all_sort_configs 失敗，ID: None
2026-02-11 23:03:48,188 - _handle_data_download - ERROR - 未成功下載 JSON 資料。
2026-02-11 23:07:29,259 - _handle_data_download - ERROR - 未成功下載 JSON 資料。
2026-02-11 23:08:54,767 - _handle_data_download - ERROR - 未成功下載 JSON 資料。
2026-02-11 23:11:28,765 - _handle_data_download - ERROR - 未成功下載 JSON 資料。
