2026-02-14 02:00:11,083 - sort_list_of_dictionaries - ERROR - 排序時發生錯誤: not enough values to unpack (expected 2, got 1)
2026-02-14 02:00:11,086 - _handle_data_download - ERROR - 未成功下載 JSON 資料。
2026-02-14 02:00:17,799 - _handle_data_download - ERROR - 未成功下載 JSON 資料。
2026-02-14 02:01:21,623 - sort_list_of_dictionaries - ERROR - 排序時發生錯誤: not enough values to unpack (expected 2, got 1)
2026-02-14 02:01:21,624 - _handle_data_download - ERROR - 未成功下載 JSON 資料。
2026-02-14 02:01:23,918 - sort_list_of_dictionaries - ERROR - 排序時發生錯誤: not enough values to unpack (expected 2, got 1)
2026-02-14 02:01:23,920 - _handle_data_download - ERROR - 未成功下載 JSON 資料。
2026-02-14 02:01:34,017 - sort_list_of_dictionaries - ERROR - 排序時發生錯誤: not enough values to unpack (expected 2, got 1)
2026-02-14 02:01:34,018 - _handle_data_download - ERROR - 未成功下載 JSON 資料。
2026-02-14 02:01:37,360 - _handle_data_download - ERROR - 未成功下載 JSON 資料。
2026-02-14 02:01:40,102 - sort_list_of_dictionaries - ERROR - 排序時發生錯誤: not enough values to unpack (expected 2, got 1)
2026-02-14 02:01:40,103 - _handle_data_download - ERROR - 未成功下載 JSON 資料。
2026-02-14 02:20:30,738 - sort_list_of_dictionaries - ERROR - 排序時發生錯誤: not enough values to unpack (expected 2, got 1)
2026-02-14 02:20:30,739 - _handle_data_download - ERROR - 未成功下載 JSON 資料。
2026-02-14 02:20:32,635 - _handle_data_download - ERROR - 未成功下載 JSON 資料。
2026-02-14 02:49:58,865 - sort_list_of_dictionaries - ERROR - 排序時發生錯誤: not enough values to unpack (expected 2, got 1)
2026-02-14 02:49:58,881 - _handle_data_download - ERROR - 未成功下載 JSON 資料。
2026-02-14 03:12:30,312 - _handle_data_download - ERROR - 未成功下載 JSON 資料。
2026-02-14 03:16:20,981 - _handle_data_download - ERROR - 未成功下載 JSON 資料。
2026-02-14 03:35:24,183 - _execute_sql - ERROR - 執行 SQL 失敗: SyntaxError: syntax error at or near "", ""
LINE 1: SELECT "[", "[", """, "年", "份", """, ",", " ", """, "t", "...
                                 ^

SQL: SELECT "[", "[", """, "年", "份", """, ",", " ", """, "t", "e", "x", "t", "_", "a", "s", "c", """, "]", ",", " ", "[", """, "作", "物", """, ",", " ", """, "t", "e", "x", "t", "_", "a", "s", "c", """, "]", "]", category_table_data_id FROM "1040013";
Params: None
2026-02-14 03:35:36,767 - _handle_data_download - ERROR - 未成功下載 JSON 資料。
2026-02-14 03:37:12,211 - preserve_old_data_by_date - ERROR - 日期不正確，請重新輸入。
2026-02-14 03:37:12,352 - preserve_old_data_by_date - ERROR - 日期不正確，請重新輸入。
2026-02-14 03:37:12,448 - _execute_sql - ERROR - 執行 SQL 失敗: SyntaxError: syntax error at or near "", ""
LINE 1: SELECT "[", "[", """, "年", "度", """, ",", " ", """, "d", "...
                                 ^

SQL: SELECT "[", "[", """, "年", "度", """, ",", " ", """, "d", "a", "t", "e", "_", "a", "s", "c", """, "]", ",", " ", "[", """, "期", "作", """, ",", " ", """, "t", "e", "x", "t", "_", "a", "s", "c", """, "]", ",", " ", "[", """, "作", "物", "代", "碼", """, ",", " ", """, "t", "e", "x", "t", "_", "a", "s", "c", """, "]", ",", " ", "[", """, "作", "物", """, ",", " ", """, "t", "e", "x", "t", "_", "a", "s", "c", """, "]", ",", " ", "[", """, "縣", "市", """, ",", " ", """, "t", "e", "x", "t", "_", "a", "s", "c", """, "]", ",", " ", "[", """, "鄉", "鎮", """, ",", " ", """, "t", "e", "x", "t", "_", "a", "s", "c", """, "]", "]", category_table_data_id FROM "1040011";
Params: None
2026-02-14 03:40:38,986 - _execute_sql - ERROR - 執行 SQL 失敗: SyntaxError: syntax error at or near "p"
LINE 5: ..., ROW_NUMBER() OVER (PARTITION BY "[", "[", """, "p", "t", "...
                                                             ^

SQL: 
            DELETE FROM "1040001"
            WHERE ctid IN (
                SELECT ctid FROM (
                    SELECT ctid, ROW_NUMBER() OVER (PARTITION BY "[", "[", """, "p", "t", "_", "d", "a", "t", "e", """, ",", " ", """, "d", "a", "t", "e", "_", "a", "s", "c", """, "]", "]" ORDER BY category_table_data_id ASC) as row_num
                    FROM "1040001"
                ) t WHERE t.row_num > 1
            );
            
Params: None
2026-02-14 03:40:48,356 - _execute_sql - ERROR - 執行 SQL 失敗: SyntaxError: syntax error at or near "o"
LINE 5: ..., ROW_NUMBER() OVER (PARTITION BY "[", "[", """, "o", "b", "...
                                                             ^

SQL: 
            DELETE FROM "1040002"
            WHERE ctid IN (
                SELECT ctid FROM (
                    SELECT ctid, ROW_NUMBER() OVER (PARTITION BY "[", "[", """, "o", "b", "s", "e", "r", "v", "e", "D", "a", "t", "e", """, ",", " ", """, "d", "a", "t", "e", "_", "a", "s", "c", """, "]", ",", " ", "[", """, "o", "b", "s", "e", "r", "v", "a", "t", "o", "r", "y", """, ",", " ", """, "t", "e", "x", "t", "_", "a", "s", "c", """, "]", "]" ORDER BY category_table_data_id ASC) as row_num
                    FROM "1040002"
                ) t WHERE t.row_num > 1
            );
            
Params: None
2026-02-14 03:40:50,704 - _execute_sql - ERROR - 執行 SQL 失敗: SyntaxError: syntax error at or near "交"
LINE 5: ..., ROW_NUMBER() OVER (PARTITION BY "[", "[", """, "交", "易",...
                                                             ^

SQL: 
            DELETE FROM "1040003"
            WHERE ctid IN (
                SELECT ctid FROM (
                    SELECT ctid, ROW_NUMBER() OVER (PARTITION BY "[", "[", """, "交", "易", "日", "期", """, ",", " ", """, "d", "a", "t", "e", "_", "a", "s", "c", """, "]", ",", " ", "[", """, "作", "物", "代", "號", """, ",", " ", """, "t", "e", "x", "t", "_", "a", "s", "c", """, "]", ",", " ", "[", """, "市", "場", "代", "號", """, ",", " ", """, "t", "e", "x", "t", "_", "a", "s", "c", """, "]", ",", " ", "[", """, "交", "易", "金", "額", "_", "元", """, ",", " ", """, "t", "e", "x", "t", "_", "a", "s", "c", """, "]", "]" ORDER BY category_table_data_id ASC) as row_num
                    FROM "1040003"
                ) t WHERE t.row_num > 1
            );
            
Params: None
2026-02-14 03:40:51,661 - _execute_sql - ERROR - 執行 SQL 失敗: SyntaxError: syntax error at or near "p"
LINE 5: ..., ROW_NUMBER() OVER (PARTITION BY "[", "[", """, "p", "t", "...
                                                             ^

SQL: 
            DELETE FROM "1040004"
            WHERE ctid IN (
                SELECT ctid FROM (
                    SELECT ctid, ROW_NUMBER() OVER (PARTITION BY "[", "[", """, "p", "t", "_", "d", "a", "t", "e", "_", "d", "a", "y", """, ",", " ", """, "d", "a", "t", "e", "_", "a", "s", "c", """, "]", ",", " ", "[", """, "n", "a", "m", "e", """, ",", " ", """, "t", "e", "x", "t", "_", "a", "s", "c", """, "]", ",", " ", "[", """, "p", "t", "_", "1", "j", "a", "p", "t", """, ",", " ", """, "t", "e", "x", "t", "_", "a", "s", "c", """, "]", "]" ORDER BY category_table_data_id ASC) as row_num
                    FROM "1040004"
                ) t WHERE t.row_num > 1
            );
            
Params: None
2026-02-14 03:40:56,376 - _execute_sql - ERROR - 執行 SQL 失敗: SyntaxError: syntax error at or near "年"
LINE 5: ..., ROW_NUMBER() OVER (PARTITION BY "[", "[", """, "年", "度",...
                                                             ^

SQL: 
            DELETE FROM "1040005"
            WHERE ctid IN (
                SELECT ctid FROM (
                    SELECT ctid, ROW_NUMBER() OVER (PARTITION BY "[", "[", """, "年", "度", """, ",", " ", """, "d", "a", "t", "e", "_", "a", "s", "c", """, "]", ",", " ", "[", """, "果", "品", "類", "別", """, ",", " ", """, "t", "e", "x", "t", "_", "a", "s", "c", """, "]", ",", " ", "[", """, "地", "區", "別", """, ",", " ", """, "t", "e", "x", "t", "_", "a", "s", "c", """, "]", "]" ORDER BY category_table_data_id ASC) as row_num
                    FROM "1040005"
                ) t WHERE t.row_num > 1
            );
            
Params: None
2026-02-14 03:40:57,356 - _execute_sql - ERROR - 執行 SQL 失敗: SyntaxError: syntax error at or near "年"
LINE 5: ..., ROW_NUMBER() OVER (PARTITION BY "[", "[", """, "年", "度",...
                                                             ^

SQL: 
            DELETE FROM "1040006"
            WHERE ctid IN (
                SELECT ctid FROM (
                    SELECT ctid, ROW_NUMBER() OVER (PARTITION BY "[", "[", """, "年", "度", """, ",", " ", """, "d", "a", "t", "e", "_", "a", "s", "c", """, "]", ",", " ", "[", """, "特", "用", "作", "物", "類", "別", """, ",", " ", """, "t", "e", "x", "t", "_", "a", "s", "c", """, "]", ",", " ", "[", """, "地", "區", "別", """, ",", " ", """, "t", "e", "x", "t", "_", "a", "s", "c", """, "]", "]" ORDER BY category_table_data_id ASC) as row_num
                    FROM "1040006"
                ) t WHERE t.row_num > 1
            );
            
Params: None
2026-02-14 03:40:59,512 - _execute_sql - ERROR - 執行 SQL 失敗: SyntaxError: syntax error at or near "y"
LINE 5: ..., ROW_NUMBER() OVER (PARTITION BY "[", "[", """, "y", "e", "...
                                                             ^

SQL: 
            DELETE FROM "1040007"
            WHERE ctid IN (
                SELECT ctid FROM (
                    SELECT ctid, ROW_NUMBER() OVER (PARTITION BY "[", "[", """, "y", "e", "a", "r", """, ",", " ", """, "d", "a", "t", "e", "_", "a", "s", "c", """, "]", ",", " ", "[", """, "c", "r", "o", "p", "_", "t", "y", "p", "e", """, ",", " ", """, "t", "e", "x", "t", "_", "a", "s", "c", """, "]", ",", " ", "[", """, "c", "r", "o", "p", "_", "i", "t", "e", "m", """, ",", " ", """, "t", "e", "x", "t", "_", "a", "s", "c", """, "]", ",", " ", "[", """, "l", "o", "c", "a", "l", """, ",", " ", """, "t", "e", "x", "t", "_", "a", "s", "c", """, "]", "]" ORDER BY category_table_data_id ASC) as row_num
                    FROM "1040007"
                ) t WHERE t.row_num > 1
            );
            
Params: None
2026-02-14 03:40:59,786 - _execute_sql - ERROR - 執行 SQL 失敗: SyntaxError: syntax error at or near "y"
LINE 5: ..., ROW_NUMBER() OVER (PARTITION BY "[", "[", """, "y", "e", "...
                                                             ^

SQL: 
            DELETE FROM "1040008"
            WHERE ctid IN (
                SELECT ctid FROM (
                    SELECT ctid, ROW_NUMBER() OVER (PARTITION BY "[", "[", """, "y", "e", "a", "r", """, ",", " ", """, "d", "a", "t", "e", "_", "a", "s", "c", """, "]", ",", " ", "[", """, "p", "l", "a", "n", "t", "_", "t", "i", "m", "e", """, ",", " ", """, "n", "u", "m", "b", "e", "r", "_", "a", "s", "c", """, "]", ",", " ", "[", """, "t", "y", "p", "e", """, ",", " ", """, "t", "e", "x", "t", "_", "a", "s", "c", """, "]", ",", " ", "[", """, "c", "i", "t", "y", "_", "a", "r", "e", "a", """, ",", " ", """, "t", "e", "x", "t", "_", "a", "s", "c", """, "]", "]" ORDER BY category_table_data_id ASC) as row_num
                    FROM "1040008"
                ) t WHERE t.row_num > 1
            );
            
Params: None
2026-02-14 03:41:00,575 - _execute_sql - ERROR - 執行 SQL 失敗: SyntaxError: syntax error at or near "年"
LINE 5: ..., ROW_NUMBER() OVER (PARTITION BY "[", "[", """, "年", "度",...
                                                             ^

SQL: 
            DELETE FROM "1040009"
            WHERE ctid IN (
                SELECT ctid FROM (
                    SELECT ctid, ROW_NUMBER() OVER (PARTITION BY "[", "[", """, "年", "度", """, ",", " ", """, "d", "a", "t", "e", "_", "a", "s", "c", """, "]", ",", " ", "[", """, "蔬", "菜", "類", "別", """, ",", " ", """, "t", "e", "x", "t", "_", "a", "s", "c", """, "]", ",", " ", "[", """, "地", "區", "別", """, ",", " ", """, "t", "e", "x", "t", "_", "a", "s", "c", """, "]", "]" ORDER BY category_table_data_id ASC) as row_num
                    FROM "1040009"
                ) t WHERE t.row_num > 1
            );
            
Params: None
2026-02-14 03:41:00,997 - _execute_sql - ERROR - 執行 SQL 失敗: SyntaxError: syntax error at or near "y"
LINE 5: ..., ROW_NUMBER() OVER (PARTITION BY "[", "[", """, "y", "e", "...
                                                             ^

SQL: 
            DELETE FROM "1040010"
            WHERE ctid IN (
                SELECT ctid FROM (
                    SELECT ctid, ROW_NUMBER() OVER (PARTITION BY "[", "[", """, "y", "e", "a", "r", """, ",", " ", """, "d", "a", "t", "e", "_", "a", "s", "c", """, "]", ",", " ", "[", """, "c", "r", "o", "p", "_", "n", "a", "m", "e", """, ",", " ", """, "t", "e", "x", "t", "_", "a", "s", "c", """, "]", "]" ORDER BY category_table_data_id ASC) as row_num
                    FROM "1040010"
                ) t WHERE t.row_num > 1
            );
            
Params: None
2026-02-14 03:41:02,452 - _execute_sql - ERROR - 執行 SQL 失敗: SyntaxError: syntax error at or near "年"
LINE 5: ..., ROW_NUMBER() OVER (PARTITION BY "[", "[", """, "年", "度",...
                                                             ^

SQL: 
            DELETE FROM "1040011"
            WHERE ctid IN (
                SELECT ctid FROM (
                    SELECT ctid, ROW_NUMBER() OVER (PARTITION BY "[", "[", """, "年", "度", """, ",", " ", """, "d", "a", "t", "e", "_", "a", "s", "c", """, "]", ",", " ", "[", """, "期", "作", """, ",", " ", """, "t", "e", "x", "t", "_", "a", "s", "c", """, "]", ",", " ", "[", """, "作", "物", "代", "碼", """, ",", " ", """, "t", "e", "x", "t", "_", "a", "s", "c", """, "]", ",", " ", "[", """, "作", "物", """, ",", " ", """, "t", "e", "x", "t", "_", "a", "s", "c", """, "]", ",", " ", "[", """, "縣", "市", """, ",", " ", """, "t", "e", "x", "t", "_", "a", "s", "c", """, "]", ",", " ", "[", """, "鄉", "鎮", """, ",", " ", """, "t", "e", "x", "t", "_", "a", "s", "c", """, "]", "]" ORDER BY category_table_data_id ASC) as row_num
                    FROM "1040011"
                ) t WHERE t.row_num > 1
            );
            
Params: None
2026-02-14 03:41:38,084 - _execute_sql - ERROR - 執行 SQL 失敗: SyntaxError: syntax error at or near "交"
LINE 5: ..., ROW_NUMBER() OVER (PARTITION BY "[", "[", """, "交", "易",...
                                                             ^

SQL: 
            DELETE FROM "1040012"
            WHERE ctid IN (
                SELECT ctid FROM (
                    SELECT ctid, ROW_NUMBER() OVER (PARTITION BY "[", "[", """, "交", "易", "日", "期", """, ",", " ", """, "d", "a", "t", "e", "_", "a", "s", "c", """, "]", ",", " ", "[", """, "種", "類", "代", "碼", """, ",", " ", """, "t", "e", "x", "t", "_", "a", "s", "c", """, "]", ",", " ", "[", """, "作", "物", "代", "號", """, ",", " ", """, "t", "e", "x", "t", "_", "a", "s", "c", """, "]", ",", " ", "[", """, "市", "場", "代", "號", """, ",", " ", """, "n", "u", "m", "b", "e", "r", "_", "a", "s", "c", """, "]", "]" ORDER BY category_table_data_id ASC) as row_num
                    FROM "1040012"
                ) t WHERE t.row_num > 1
            );
            
Params: None
2026-02-14 03:41:40,935 - _execute_sql - ERROR - 執行 SQL 失敗: SyntaxError: syntax error at or near "年"
LINE 5: ..., ROW_NUMBER() OVER (PARTITION BY "[", "[", """, "年", "份",...
                                                             ^

SQL: 
            DELETE FROM "1040013"
            WHERE ctid IN (
                SELECT ctid FROM (
                    SELECT ctid, ROW_NUMBER() OVER (PARTITION BY "[", "[", """, "年", "份", """, ",", " ", """, "t", "e", "x", "t", "_", "a", "s", "c", """, "]", ",", " ", "[", """, "作", "物", """, ",", " ", """, "t", "e", "x", "t", "_", "a", "s", "c", """, "]", "]" ORDER BY category_table_data_id ASC) as row_num
                    FROM "1040013"
                ) t WHERE t.row_num > 1
            );
            
Params: None
2026-02-14 03:41:42,180 - _execute_sql - ERROR - 執行 SQL 失敗: SyntaxError: syntax error at or near "Y"
LINE 5: ..., ROW_NUMBER() OVER (PARTITION BY "[", "[", """, "Y", "E", "...
                                                             ^

SQL: 
            DELETE FROM "1040014"
            WHERE ctid IN (
                SELECT ctid FROM (
                    SELECT ctid, ROW_NUMBER() OVER (PARTITION BY "[", "[", """, "Y", "E", "A", "R", """, ",", " ", """, "d", "a", "t", "e", "_", "a", "s", "c", """, "]", ",", " ", "[", """, "M", "O", "N", "T", "H", """, ",", " ", """, "t", "e", "x", "t", "_", "a", "s", "c", """, "]", ",", " ", "[", """, "P", "E", "R", "I", "O", "D", """, ",", " ", """, "t", "e", "x", "t", "_", "a", "s", "c", """, "]", ",", " ", "[", """, "P", "R", "O", "D", "U", "C", "T", "N", "A", "M", "E", """, ",", " ", """, "t", "e", "x", "t", "_", "a", "s", "c", """, "]", ",", " ", "[", """, "O", "R", "G", "N", "A", "M", "E", """, ",", " ", """, "t", "e", "x", "t", "_", "a", "s", "c", """, "]", "]" ORDER BY category_table_data_id ASC) as row_num
                    FROM "1040014"
                ) t WHERE t.row_num > 1
            );
            
Params: None
2026-02-14 03:41:43,021 - _execute_sql - ERROR - 執行 SQL 失敗: SyntaxError: syntax error at or near "y"
LINE 5: ..., ROW_NUMBER() OVER (PARTITION BY "[", "[", """, "y", "e", "...
                                                             ^

SQL: 
            DELETE FROM "1040015"
            WHERE ctid IN (
                SELECT ctid FROM (
                    SELECT ctid, ROW_NUMBER() OVER (PARTITION BY "[", "[", """, "y", "e", "a", "r", """, ",", " ", """, "d", "a", "t", "e", "_", "a", "s", "c", """, "]", ",", " ", "[", """, "t", "y", "p", "e", """, ",", " ", """, "t", "e", "x", "t", "_", "a", "s", "c", """, "]", ",", " ", "[", """, "c", "i", "t", "y", "_", "a", "r", "e", "a", """, ",", " ", """, "t", "e", "x", "t", "_", "a", "s", "c", """, "]", "]" ORDER BY category_table_data_id ASC) as row_num
                    FROM "1040015"
                ) t WHERE t.row_num > 1
            );
            
Params: None
2026-02-14 03:51:28,402 - update_by_metadata - ERROR - 更新時發生錯誤: cannot unpack non-iterable NoneType object
2026-02-14 03:55:28,377 - _execute_sql - ERROR - 執行 SQL 失敗: SyntaxError: syntax error at or near "", ""
LINE 1: SELECT "[", "[", """, "o", "b", "s", "e", "r", "v", "e", "D"...
                                ^

SQL: SELECT "[", "[", """, "o", "b", "s", "e", "r", "v", "e", "D", "a", "t", "e", """, ",", " ", """, "d", "a", "t", "e", "_", "a", "s", "c", """, "]", ",", " ", "[", """, "o", "b", "s", "e", "r", "v", "a", "t", "o", "r", "y", """, ",", " ", """, "t", "e", "x", "t", "_", "a", "s", "c", """, "]", "]", category_table_data_id FROM "1040002";
Params: None
2026-02-14 03:58:43,469 - _execute_sql - ERROR - 執行 SQL 失敗: SyntaxError: syntax error at or near "", ""
LINE 1: SELECT "[", "[", """, "o", "b", "s", "e", "r", "v", "e", "D"...
                                ^

SQL: SELECT "[", "[", """, "o", "b", "s", "e", "r", "v", "e", "D", "a", "t", "e", """, ",", " ", """, "d", "a", "t", "e", "_", "a", "s", "c", """, "]", ",", " ", "[", """, "o", "b", "s", "e", "r", "v", "a", "t", "o", "r", "y", """, ",", " ", """, "t", "e", "x", "t", "_", "a", "s", "c", """, "]", "]", category_table_data_id FROM "1040002";
Params: None
2026-02-14 04:02:45,021 - _execute_sql - ERROR - 執行 SQL 失敗: SyntaxError: syntax error at or near "", ""
LINE 1: SELECT "[", "[", """, "o", "b", "s", "e", "r", "v", "e", "D"...
                                ^

SQL: SELECT "[", "[", """, "o", "b", "s", "e", "r", "v", "e", "D", "a", "t", "e", """, ",", " ", """, "d", "a", "t", "e", "_", "a", "s", "c", """, "]", ",", " ", "[", """, "o", "b", "s", "e", "r", "v", "a", "t", "o", "r", "y", """, ",", " ", """, "t", "e", "x", "t", "_", "a", "s", "c", """, "]", "]", category_table_data_id FROM "1040002";
Params: None
2026-02-14 04:05:59,165 - _execute_sql - ERROR - 執行 SQL 失敗: SyntaxError: syntax error at or near "", ""
LINE 1: SELECT "[", "[", """, "o", "b", "s", "e", "r", "v", "e", "D"...
                                ^

SQL: SELECT "[", "[", """, "o", "b", "s", "e", "r", "v", "e", "D", "a", "t", "e", """, ",", " ", """, "d", "a", "t", "e", "_", "a", "s", "c", """, "]", ",", " ", "[", """, "o", "b", "s", "e", "r", "v", "a", "t", "o", "r", "y", """, ",", " ", """, "t", "e", "x", "t", "_", "a", "s", "c", """, "]", "]", category_table_data_id FROM "1040002";
Params: None
2026-02-14 23:51:51,676 - _handle_data_download - ERROR - 未成功下載 JSON 資料。
2026-02-14 23:52:04,842 - _handle_data_download - ERROR - 未成功下載 JSON 資料。
2026-02-14 23:52:10,263 - _handle_data_download - ERROR - 未成功下載 JSON 資料。
2026-02-14 23:52:17,694 - _handle_data_download - ERROR - 未成功下載 JSON 資料。
2026-02-14 23:52:47,991 - _handle_data_download - ERROR - 未成功下載 JSON 資料。
