2026-02-19 22:05:39,728 - SUCCESS - 成功提取 '農產品交易行情' 的網頁 Metadata。
2026-02-19 22:05:39,728 - SUCCESS - 成功提取 '農產品交易行情' 的網頁 Metadata。
2026-02-19 22:05:39,874 - SUCCESS - '農產品交易行情' 的 Metadata 已更新到 metadata.json。
2026-02-19 22:05:39,874 - SUCCESS - '農產品交易行情' 的 Metadata 已更新到 metadata.json。
2026-02-19 22:05:43,352 - SUCCESS - <農產品交易行情>的資料已下載完成，共 2091 筆資料。
2026-02-19 22:05:43,352 - SUCCESS - <農產品交易行情>的資料已下載完成，共 2091 筆資料。
2026-02-19 22:05:43,588 - SUCCESS - 已下載、去重並合併資料完成現有資料 2091 條，新資料 2091 條。
2026-02-19 22:05:43,588 - SUCCESS - 已下載、去重並合併資料完成現有資料 2091 條，新資料 2091 條。
2026-02-19 22:05:52,272 - SUCCESS - 已下載 '農產品交易行情' 的原始 JSON 資料路徑: 'C:\Python\data_moa_gov_tw\raw_data\農產品交易行情.json'
2026-02-19 22:05:52,272 - SUCCESS - 已下載 '農產品交易行情' 的原始 JSON 資料路徑: 'C:\Python\data_moa_gov_tw\raw_data\農產品交易行情.json'
2026-02-19 22:05:52,510 - SUCCESS - 插入或更新 '農產品交易行情' 的 Metadata 成功。
2026-02-19 22:05:52,510 - SUCCESS - 插入或更新 '農產品交易行情' 的 Metadata 成功。
2026-02-19 22:05:52,595 - SUCCESS - 已成功批量插入 '農產品交易行情' 的總計 58 條記錄到表格 '1040012' 。
2026-02-19 22:05:52,595 - SUCCESS - 已成功批量插入 '農產品交易行情' 的總計 58 條記錄到表格 '1040012' 。
2026-02-19 22:05:52,597 - SUCCESS - '農產品交易行情' 的自動更新完成。
2026-02-19 22:05:52,597 - SUCCESS - '農產品交易行情' 的自動更新完成。
2026-02-19 22:05:53,815 - SUCCESS - 成功提取 '臺灣地區稻作種植、收穫面積及產量' 的網頁 Metadata。
2026-02-19 22:05:53,815 - SUCCESS - 成功提取 '臺灣地區稻作種植、收穫面積及產量' 的網頁 Metadata。
2026-02-19 22:09:29,080 - SUCCESS - 成功提取 '農產品交易行情' 的網頁 Metadata。
2026-02-19 22:09:29,080 - SUCCESS - 成功提取 '農產品交易行情' 的網頁 Metadata。
2026-02-19 22:09:30,221 - SUCCESS - 成功提取 '臺灣地區稻作種植、收穫面積及產量' 的網頁 Metadata。
2026-02-19 22:09:30,221 - SUCCESS - 成功提取 '臺灣地區稻作種植、收穫面積及產量' 的網頁 Metadata。
2026-02-19 22:09:31,427 - SUCCESS - 成功提取 '臺灣地區稻米生產價值' 的網頁 Metadata。
2026-02-19 22:09:31,427 - SUCCESS - 成功提取 '臺灣地區稻米生產價值' 的網頁 Metadata。
2026-02-19 22:09:32,620 - SUCCESS - 成功提取 '農產品產地價格資料' 的網頁 Metadata。
2026-02-19 22:09:32,620 - SUCCESS - 成功提取 '農產品產地價格資料' 的網頁 Metadata。
2026-02-19 22:09:32,653 - SUCCESS - '農產品產地價格資料' 的 Metadata 已更新到 metadata.json。
2026-02-19 22:09:32,653 - SUCCESS - '農產品產地價格資料' 的 Metadata 已更新到 metadata.json。
2026-02-19 22:09:33,781 - SUCCESS - <農產品產地價格資料>的資料已下載完成，共 9999 筆資料。
2026-02-19 22:09:33,781 - SUCCESS - <農產品產地價格資料>的資料已下載完成，共 9999 筆資料。
2026-02-19 22:09:35,013 - SUCCESS - 已下載、去重並合併資料完成現有資料 9999 條，新資料 9999 條。
2026-02-19 22:09:35,013 - SUCCESS - 已下載、去重並合併資料完成現有資料 9999 條，新資料 9999 條。
2026-02-19 22:09:36,647 - SUCCESS - 插入或更新 '農產品產地價格資料' 的 Metadata 成功。
2026-02-19 22:09:36,647 - SUCCESS - 插入或更新 '農產品產地價格資料' 的 Metadata 成功。
2026-02-19 22:11:43,903 - SUCCESS - 成功提取 '農產品交易行情' 的網頁 Metadata。
2026-02-19 22:11:43,903 - SUCCESS - 成功提取 '農產品交易行情' 的網頁 Metadata。
2026-02-19 22:11:45,078 - SUCCESS - 成功提取 '臺灣地區稻作種植、收穫面積及產量' 的網頁 Metadata。
2026-02-19 22:11:45,078 - SUCCESS - 成功提取 '臺灣地區稻作種植、收穫面積及產量' 的網頁 Metadata。
2026-02-19 22:11:46,178 - SUCCESS - 成功提取 '臺灣地區稻米生產價值' 的網頁 Metadata。
2026-02-19 22:11:46,178 - SUCCESS - 成功提取 '臺灣地區稻米生產價值' 的網頁 Metadata。
2026-02-19 22:11:47,364 - SUCCESS - 成功提取 '農產品產地價格資料' 的網頁 Metadata。
2026-02-19 22:11:47,364 - SUCCESS - 成功提取 '農產品產地價格資料' 的網頁 Metadata。
2026-02-19 22:11:48,554 - SUCCESS - 成功提取 '農情調查' 的網頁 Metadata。
2026-02-19 22:11:48,554 - SUCCESS - 成功提取 '農情調查' 的網頁 Metadata。
2026-02-19 22:11:48,598 - SUCCESS - '農情調查' 的 Metadata 已更新到 metadata.json。
2026-02-19 22:11:48,598 - SUCCESS - '農情調查' 的 Metadata 已更新到 metadata.json。
2026-02-19 22:11:50,899 - SUCCESS - <農情調查>的資料已下載完成，共 9999 筆資料。
2026-02-19 22:11:50,899 - SUCCESS - <農情調查>的資料已下載完成，共 9999 筆資料。
2026-02-19 22:11:50,917 - SUCCESS - 已下載、去重並合併資料完成現有資料 0 條，新資料 0 條。
2026-02-19 22:11:50,917 - SUCCESS - 已下載、去重並合併資料完成現有資料 0 條，新資料 0 條。
2026-02-19 22:11:50,926 - SUCCESS - 插入或更新 '農情調查' 的 Metadata 成功。
2026-02-19 22:11:50,926 - SUCCESS - 插入或更新 '農情調查' 的 Metadata 成功。
2026-02-19 22:11:50,926 - SUCCESS - '農情調查' 的自動更新完成。
2026-02-19 22:11:50,926 - SUCCESS - '農情調查' 的自動更新完成。
2026-02-19 22:11:52,078 - SUCCESS - 成功提取 '臺灣地區農產品生產量值' 的網頁 Metadata。
2026-02-19 22:11:52,078 - SUCCESS - 成功提取 '臺灣地區農產品生產量值' 的網頁 Metadata。
2026-02-19 22:11:53,288 - SUCCESS - 成功提取 '雜糧生產概況' 的網頁 Metadata。
2026-02-19 22:11:53,288 - SUCCESS - 成功提取 '雜糧生產概況' 的網頁 Metadata。
2026-02-19 22:11:54,460 - SUCCESS - 成功提取 '農產品產地價格(月平均價格)' 的網頁 Metadata。
2026-02-19 22:11:54,460 - SUCCESS - 成功提取 '農產品產地價格(月平均價格)' 的網頁 Metadata。
2026-02-19 22:11:55,658 - SUCCESS - 成功提取 '全國單日平均糧價' 的網頁 Metadata。
2026-02-19 22:11:55,658 - SUCCESS - 成功提取 '全國單日平均糧價' 的網頁 Metadata。
2026-02-19 22:11:55,702 - SUCCESS - '全國單日平均糧價' 的 Metadata 已更新到 metadata.json。
2026-02-19 22:11:55,702 - SUCCESS - '全國單日平均糧價' 的 Metadata 已更新到 metadata.json。
2026-02-19 22:11:57,463 - SUCCESS - <全國單日平均糧價>的資料已下載完成，共 9200 筆資料。
2026-02-19 22:11:57,463 - SUCCESS - <全國單日平均糧價>的資料已下載完成，共 9200 筆資料。
2026-02-19 22:11:57,613 - SUCCESS - 已下載、去重並合併資料完成現有資料 414 條，新資料 414 條。
2026-02-19 22:11:57,613 - SUCCESS - 已下載、去重並合併資料完成現有資料 414 條，新資料 414 條。
2026-02-19 22:11:57,769 - SUCCESS - 已下載 '全國單日平均糧價' 的原始 JSON 資料路徑: 'C:\Python\data_moa_gov_tw\raw_data\全國單日平均糧價.json'
2026-02-19 22:11:57,769 - SUCCESS - 已下載 '全國單日平均糧價' 的原始 JSON 資料路徑: 'C:\Python\data_moa_gov_tw\raw_data\全國單日平均糧價.json'
2026-02-19 22:11:57,774 - SUCCESS - 插入或更新 '全國單日平均糧價' 的 Metadata 成功。
2026-02-19 22:11:57,774 - SUCCESS - 插入或更新 '全國單日平均糧價' 的 Metadata 成功。
2026-02-19 22:11:57,782 - SUCCESS - 已成功批量插入 '全國單日平均糧價' 的總計 1 條記錄到表格 '1040001' 。
2026-02-19 22:11:57,782 - SUCCESS - 已成功批量插入 '全國單日平均糧價' 的總計 1 條記錄到表格 '1040001' 。
2026-02-19 22:11:57,782 - SUCCESS - '全國單日平均糧價' 的自動更新完成。
2026-02-19 22:11:57,782 - SUCCESS - '全國單日平均糧價' 的自動更新完成。
2026-02-19 22:11:58,979 - SUCCESS - 成功提取 '臺灣地區蔬菜生產概況' 的網頁 Metadata。
2026-02-19 22:11:58,979 - SUCCESS - 成功提取 '臺灣地區蔬菜生產概況' 的網頁 Metadata。
2026-02-19 22:12:00,166 - SUCCESS - 成功提取 '糧價查詢' 的網頁 Metadata。
2026-02-19 22:12:00,166 - SUCCESS - 成功提取 '糧價查詢' 的網頁 Metadata。
2026-02-19 22:12:00,211 - SUCCESS - '糧價查詢' 的 Metadata 已更新到 metadata.json。
2026-02-19 22:12:00,211 - SUCCESS - '糧價查詢' 的 Metadata 已更新到 metadata.json。
2026-02-19 22:12:02,778 - SUCCESS - <糧價查詢>的資料已下載完成，共 9999 筆資料。
2026-02-19 22:12:02,778 - SUCCESS - <糧價查詢>的資料已下載完成，共 9999 筆資料。
2026-02-19 22:12:02,978 - SUCCESS - 已下載、去重並合併資料完成現有資料 8300 條，新資料 8300 條。
2026-02-19 22:12:02,978 - SUCCESS - 已下載、去重並合併資料完成現有資料 8300 條，新資料 8300 條。
2026-02-19 22:12:03,894 - SUCCESS - 已下載 '糧價查詢' 的原始 JSON 資料路徑: 'C:\Python\data_moa_gov_tw\raw_data\糧價查詢.json'
2026-02-19 22:12:03,894 - SUCCESS - 已下載 '糧價查詢' 的原始 JSON 資料路徑: 'C:\Python\data_moa_gov_tw\raw_data\糧價查詢.json'
2026-02-19 22:12:03,911 - SUCCESS - 插入或更新 '糧價查詢' 的 Metadata 成功。
2026-02-19 22:12:03,911 - SUCCESS - 插入或更新 '糧價查詢' 的 Metadata 成功。
2026-02-19 22:12:03,944 - SUCCESS - 已成功批量插入 '糧價查詢' 的總計 20 條記錄到表格 '1040004' 。
2026-02-19 22:12:03,944 - SUCCESS - 已成功批量插入 '糧價查詢' 的總計 20 條記錄到表格 '1040004' 。
2026-02-19 22:12:03,949 - SUCCESS - '糧價查詢' 的自動更新完成。
2026-02-19 22:12:03,949 - SUCCESS - '糧價查詢' 的自動更新完成。
2026-02-19 22:12:05,131 - SUCCESS - 成功提取 '各觀測站近兩年降雨量' 的網頁 Metadata。
2026-02-19 22:12:05,131 - SUCCESS - 成功提取 '各觀測站近兩年降雨量' 的網頁 Metadata。
2026-02-19 22:12:06,328 - SUCCESS - 成功提取 '產銷履歷與有機蔬果行情' 的網頁 Metadata。
2026-02-19 22:12:06,328 - SUCCESS - 成功提取 '產銷履歷與有機蔬果行情' 的網頁 Metadata。
2026-02-19 22:12:06,383 - SUCCESS - '產銷履歷與有機蔬果行情' 的 Metadata 已更新到 metadata.json。
2026-02-19 22:12:06,383 - SUCCESS - '產銷履歷與有機蔬果行情' 的 Metadata 已更新到 metadata.json。
2026-02-19 22:12:07,620 - SUCCESS - <產銷履歷與有機蔬果行情>的資料已下載完成，共 3749 筆資料。
2026-02-19 22:12:07,620 - SUCCESS - <產銷履歷與有機蔬果行情>的資料已下載完成，共 3749 筆資料。
2026-02-19 22:12:07,827 - SUCCESS - 已下載、去重並合併資料完成現有資料 3749 條，新資料 3749 條。
2026-02-19 22:12:07,827 - SUCCESS - 已下載、去重並合併資料完成現有資料 3749 條，新資料 3749 條。
2026-02-19 22:12:10,628 - SUCCESS - 插入或更新 '產銷履歷與有機蔬果行情' 的 Metadata 成功。
2026-02-19 22:12:10,628 - SUCCESS - 插入或更新 '產銷履歷與有機蔬果行情' 的 Metadata 成功。
2026-02-19 22:12:10,644 - SUCCESS - '產銷履歷與有機蔬果行情' 的自動更新完成。
2026-02-19 22:12:10,644 - SUCCESS - '產銷履歷與有機蔬果行情' 的自動更新完成。
2026-02-19 22:12:12,682 - SUCCESS - 成功提取 '臺灣地區果品生產概況' 的網頁 Metadata。
2026-02-19 22:12:12,682 - SUCCESS - 成功提取 '臺灣地區果品生產概況' 的網頁 Metadata。
2026-02-19 22:12:13,857 - SUCCESS - 成功提取 '臺灣地區特用作物生產概況' 的網頁 Metadata。
2026-02-19 22:12:13,857 - SUCCESS - 成功提取 '臺灣地區特用作物生產概況' 的網頁 Metadata。
2026-02-19 22:12:14,858 - SUCCESS - 已成功儲存次要資訊。
2026-02-19 22:12:14,858 - SUCCESS - 已成功儲存次要資訊。
2026-02-19 22:12:14,858 - SUCCESS - 更新結果儲存成功:{'農產品交易行情': '未更新', '臺灣地區稻作種植、收穫面積及產量': '未更新', '臺灣地區稻米生產價值': '未更新', '農產品產地價格資料': '未更新', '農情調查': '已更新', '臺灣地區農產品生產量值': '未更新', '雜糧生產概況': '未更新', '農產品產地價格(月平均價格)': '未更新', '全國單日平均糧價': '已更新', '臺灣地區蔬菜生產概況': '未更新', '糧價查詢': '已更新', '各觀測站近兩年降雨量': '未更新', '產銷履歷與有機蔬果行情': '已更新', '臺灣地區果品生產概況': '未更新', '臺灣地區特用作物生產概況': '未更新'}
2026-02-19 22:12:14,858 - SUCCESS - 更新結果儲存成功:{'農產品交易行情': '未更新', '臺灣地區稻作種植、收穫面積及產量': '未更新', '臺灣地區稻米生產價值': '未更新', '農產品產地價格資料': '未更新', '農情調查': '已更新', '臺灣地區農產品生產量值': '未更新', '雜糧生產概況': '未更新', '農產品產地價格(月平均價格)': '未更新', '全國單日平均糧價': '已更新', '臺灣地區蔬菜生產概況': '未更新', '糧價查詢': '已更新', '各觀測站近兩年降雨量': '未更新', '產銷履歷與有機蔬果行情': '已更新', '臺灣地區果品生產概況': '未更新', '臺灣地區特用作物生產概況': '未更新'}
2026-02-19 22:12:14,882 - SUCCESS - 已成功儲存次要資訊到資料庫。
2026-02-19 22:12:14,882 - SUCCESS - 已成功儲存次要資訊到資料庫。
