2025-12-03 00:27:48,452 - SUCCESS - 成功提取 '全國單日平均糧價' 的網頁 Metadata。
2025-12-03 00:27:48,452 - SUCCESS - 成功提取 '全國單日平均糧價' 的網頁 Metadata。
2025-12-03 00:27:48,551 - SUCCESS - '全國單日平均糧價' 的 Metadata 已更新到 metadata.json。
2025-12-03 00:27:48,551 - SUCCESS - '全國單日平均糧價' 的 Metadata 已更新到 metadata.json。
2025-12-03 00:27:51,105 - SUCCESS - <全國單日平均糧價>的資料已下載完成，共 9122 筆資料。
2025-12-03 00:27:51,105 - SUCCESS - <全國單日平均糧價>的資料已下載完成，共 9122 筆資料。
2025-12-03 00:27:53,367 - SUCCESS - 已下載、去重並合併資料完成現有資料 9122 條，新資料 1 條。
2025-12-03 00:27:53,367 - SUCCESS - 已下載、去重並合併資料完成現有資料 9122 條，新資料 1 條。
2025-12-03 00:27:53,452 - SUCCESS - 已下載 '全國單日平均糧價' 的原始 JSON 資料路徑: 'C:\Python\data_moa_gov_tw\raw_data\全國單日平均糧價\全國單日平均糧價.json'
2025-12-03 00:27:53,452 - SUCCESS - 已下載 '全國單日平均糧價' 的原始 JSON 資料路徑: 'C:\Python\data_moa_gov_tw\raw_data\全國單日平均糧價\全國單日平均糧價.json'
2025-12-03 00:27:53,490 - SUCCESS - 插入或更新 '全國單日平均糧價' 的 Metadata 成功。
2025-12-03 00:27:53,490 - SUCCESS - 插入或更新 '全國單日平均糧價' 的 Metadata 成功。
2025-12-03 00:27:53,510 - SUCCESS - 已成功批量插入 '全國單日平均糧價' 的總計 1 條記錄到表格 '1040001' 。
2025-12-03 00:27:53,510 - SUCCESS - 已成功批量插入 '全國單日平均糧價' 的總計 1 條記錄到表格 '1040001' 。
2025-12-03 00:27:53,537 - SUCCESS - '全國單日平均糧價' 的自動更新完成。
2025-12-03 00:27:53,537 - SUCCESS - '全國單日平均糧價' 的自動更新完成。
2025-12-03 00:27:55,096 - SUCCESS - 成功提取 '各觀測站近兩年降雨量' 的網頁 Metadata。
2025-12-03 00:27:55,096 - SUCCESS - 成功提取 '各觀測站近兩年降雨量' 的網頁 Metadata。
2025-12-03 00:27:56,543 - SUCCESS - 成功提取 '產銷履歷與有機蔬果行情' 的網頁 Metadata。
2025-12-03 00:27:56,543 - SUCCESS - 成功提取 '產銷履歷與有機蔬果行情' 的網頁 Metadata。
2025-12-03 00:27:56,644 - SUCCESS - '產銷履歷與有機蔬果行情' 的 Metadata 已更新到 metadata.json。
2025-12-03 00:27:56,644 - SUCCESS - '產銷履歷與有機蔬果行情' 的 Metadata 已更新到 metadata.json。
2025-12-03 00:27:58,201 - SUCCESS - <產銷履歷與有機蔬果行情>的資料已下載完成，共 2451 筆資料。
2025-12-03 00:27:58,201 - SUCCESS - <產銷履歷與有機蔬果行情>的資料已下載完成，共 2451 筆資料。
2025-12-03 00:28:22,124 - SUCCESS - 已下載、去重並合併資料完成現有資料 252291 條，新資料 2370 條。
2025-12-03 00:28:22,124 - SUCCESS - 已下載、去重並合併資料完成現有資料 252291 條，新資料 2370 條。
2025-12-03 00:28:23,670 - SUCCESS - 已下載 '產銷履歷與有機蔬果行情' 的原始 JSON 資料路徑: 'C:\Python\data_moa_gov_tw\raw_data\產銷履歷與有機蔬果行情\產銷履歷與有機蔬果行情.json'
2025-12-03 00:28:23,670 - SUCCESS - 已下載 '產銷履歷與有機蔬果行情' 的原始 JSON 資料路徑: 'C:\Python\data_moa_gov_tw\raw_data\產銷履歷與有機蔬果行情\產銷履歷與有機蔬果行情.json'
2025-12-03 00:28:23,679 - SUCCESS - 插入或更新 '產銷履歷與有機蔬果行情' 的 Metadata 成功。
2025-12-03 00:28:23,679 - SUCCESS - 插入或更新 '產銷履歷與有機蔬果行情' 的 Metadata 成功。
2025-12-03 00:28:24,776 - SUCCESS - 已成功批量插入 '產銷履歷與有機蔬果行情' 的總計 2370 條記錄到表格 '1040003' 。
2025-12-03 00:28:24,776 - SUCCESS - 已成功批量插入 '產銷履歷與有機蔬果行情' 的總計 2370 條記錄到表格 '1040003' 。
2025-12-03 00:28:24,860 - SUCCESS - '產銷履歷與有機蔬果行情' 的自動更新完成。
2025-12-03 00:28:24,860 - SUCCESS - '產銷履歷與有機蔬果行情' 的自動更新完成。
2025-12-03 00:28:27,615 - SUCCESS - 成功提取 '糧價查詢' 的網頁 Metadata。
2025-12-03 00:28:27,615 - SUCCESS - 成功提取 '糧價查詢' 的網頁 Metadata。
2025-12-03 00:28:27,645 - SUCCESS - '糧價查詢' 的 Metadata 已更新到 metadata.json。
2025-12-03 00:28:27,645 - SUCCESS - '糧價查詢' 的 Metadata 已更新到 metadata.json。
2025-12-03 00:28:32,450 - SUCCESS - <糧價查詢>的資料已下載完成，共 9999 筆資料。
2025-12-03 00:28:32,450 - SUCCESS - <糧價查詢>的資料已下載完成，共 9999 筆資料。
2025-12-03 00:28:48,402 - SUCCESS - 已下載、去重並合併資料完成現有資料 241063 條，新資料 20 條。
2025-12-03 00:28:48,402 - SUCCESS - 已下載、去重並合併資料完成現有資料 241063 條，新資料 20 條。
2025-12-03 00:28:49,639 - SUCCESS - 已下載 '糧價查詢' 的原始 JSON 資料路徑: 'C:\Python\data_moa_gov_tw\raw_data\糧價查詢\糧價查詢.json'
2025-12-03 00:28:49,639 - SUCCESS - 已下載 '糧價查詢' 的原始 JSON 資料路徑: 'C:\Python\data_moa_gov_tw\raw_data\糧價查詢\糧價查詢.json'
2025-12-03 00:28:49,645 - SUCCESS - 插入或更新 '糧價查詢' 的 Metadata 成功。
2025-12-03 00:28:49,645 - SUCCESS - 插入或更新 '糧價查詢' 的 Metadata 成功。
2025-12-03 00:28:49,667 - SUCCESS - 已成功批量插入 '糧價查詢' 的總計 20 條記錄到表格 '1040004' 。
2025-12-03 00:28:49,667 - SUCCESS - 已成功批量插入 '糧價查詢' 的總計 20 條記錄到表格 '1040004' 。
2025-12-03 00:28:49,779 - SUCCESS - '糧價查詢' 的自動更新完成。
2025-12-03 00:28:49,779 - SUCCESS - '糧價查詢' 的自動更新完成。
2025-12-03 00:28:52,911 - SUCCESS - 成功提取 '臺灣地區果品生產概況' 的網頁 Metadata。
2025-12-03 00:28:52,911 - SUCCESS - 成功提取 '臺灣地區果品生產概況' 的網頁 Metadata。
2025-12-03 00:28:55,505 - SUCCESS - 成功提取 '臺灣地區特用作物生產概況' 的網頁 Metadata。
2025-12-03 00:28:55,505 - SUCCESS - 成功提取 '臺灣地區特用作物生產概況' 的網頁 Metadata。
2025-12-03 00:28:57,170 - SUCCESS - 成功提取 '臺灣地區稻作種植、收穫面積及產量' 的網頁 Metadata。
2025-12-03 00:28:57,170 - SUCCESS - 成功提取 '臺灣地區稻作種植、收穫面積及產量' 的網頁 Metadata。
2025-12-03 00:28:58,787 - SUCCESS - 成功提取 '臺灣地區稻米生產價值' 的網頁 Metadata。
2025-12-03 00:28:58,787 - SUCCESS - 成功提取 '臺灣地區稻米生產價值' 的網頁 Metadata。
2025-12-03 00:29:01,406 - SUCCESS - 成功提取 '臺灣地區蔬菜生產概況' 的網頁 Metadata。
2025-12-03 00:29:01,406 - SUCCESS - 成功提取 '臺灣地區蔬菜生產概況' 的網頁 Metadata。
2025-12-03 00:29:03,677 - SUCCESS - 成功提取 '臺灣地區農產品生產量值' 的網頁 Metadata。
2025-12-03 00:29:03,677 - SUCCESS - 成功提取 '臺灣地區農產品生產量值' 的網頁 Metadata。
2025-12-03 00:29:05,144 - SUCCESS - 成功提取 '農情調查' 的網頁 Metadata。
2025-12-03 00:29:05,144 - SUCCESS - 成功提取 '農情調查' 的網頁 Metadata。
2025-12-03 00:29:05,184 - SUCCESS - '農情調查' 的 Metadata 已更新到 metadata.json。
2025-12-03 00:29:05,184 - SUCCESS - '農情調查' 的 Metadata 已更新到 metadata.json。
2025-12-03 00:29:08,475 - SUCCESS - <農情調查>的資料已下載完成，共 9999 筆資料。
2025-12-03 00:29:08,475 - SUCCESS - <農情調查>的資料已下載完成，共 9999 筆資料。
2025-12-03 00:29:09,554 - SUCCESS - 已下載、去重並合併資料完成現有資料 45259 條，新資料 0 條。
2025-12-03 00:29:09,554 - SUCCESS - 已下載、去重並合併資料完成現有資料 45259 條，新資料 0 條。
2025-12-03 00:29:09,889 - SUCCESS - 插入或更新 '農情調查' 的 Metadata 成功。
2025-12-03 00:29:09,889 - SUCCESS - 插入或更新 '農情調查' 的 Metadata 成功。
2025-12-03 00:29:09,905 - SUCCESS - '農情調查' 的自動更新完成。
2025-12-03 00:29:09,905 - SUCCESS - '農情調查' 的自動更新完成。
2025-12-03 00:29:11,278 - SUCCESS - 成功提取 '農產品交易行情' 的網頁 Metadata。
2025-12-03 00:29:11,278 - SUCCESS - 成功提取 '農產品交易行情' 的網頁 Metadata。
2025-12-03 00:29:11,318 - SUCCESS - '農產品交易行情' 的 Metadata 已更新到 metadata.json。
2025-12-03 00:29:11,318 - SUCCESS - '農產品交易行情' 的 Metadata 已更新到 metadata.json。
2025-12-03 00:29:25,754 - SUCCESS - <農產品交易行情>的資料已下載完成，共 8716 筆資料。
2025-12-03 00:29:25,754 - SUCCESS - <農產品交易行情>的資料已下載完成，共 8716 筆資料。
2025-12-03 00:29:50,402 - SUCCESS - 已下載、去重並合併資料完成現有資料 485094 條，新資料 4042 條。
2025-12-03 00:29:50,402 - SUCCESS - 已下載、去重並合併資料完成現有資料 485094 條，新資料 4042 條。
2025-12-03 00:29:53,160 - SUCCESS - 已下載 '農產品交易行情' 的原始 JSON 資料路徑: 'C:\Python\data_moa_gov_tw\raw_data\農產品交易行情\農產品交易行情.json'
2025-12-03 00:29:53,160 - SUCCESS - 已下載 '農產品交易行情' 的原始 JSON 資料路徑: 'C:\Python\data_moa_gov_tw\raw_data\農產品交易行情\農產品交易行情.json'
2025-12-03 00:29:53,165 - SUCCESS - 插入或更新 '農產品交易行情' 的 Metadata 成功。
2025-12-03 00:29:53,165 - SUCCESS - 插入或更新 '農產品交易行情' 的 Metadata 成功。
2025-12-03 00:29:55,143 - SUCCESS - 已成功批量插入 '農產品交易行情' 的總計 4042 條記錄到表格 '1040012' 。
2025-12-03 00:29:55,143 - SUCCESS - 已成功批量插入 '農產品交易行情' 的總計 4042 條記錄到表格 '1040012' 。
2025-12-03 00:29:55,367 - SUCCESS - '農產品交易行情' 的自動更新完成。
2025-12-03 00:29:55,367 - SUCCESS - '農產品交易行情' 的自動更新完成。
2025-12-03 00:29:57,957 - SUCCESS - 成功提取 '農產品產地價格(月平均價格)' 的網頁 Metadata。
2025-12-03 00:29:57,957 - SUCCESS - 成功提取 '農產品產地價格(月平均價格)' 的網頁 Metadata。
2025-12-03 00:29:59,315 - SUCCESS - 成功提取 '農產品產地價格資料' 的網頁 Metadata。
2025-12-03 00:29:59,315 - SUCCESS - 成功提取 '農產品產地價格資料' 的網頁 Metadata。
2025-12-03 00:29:59,353 - SUCCESS - '農產品產地價格資料' 的 Metadata 已更新到 metadata.json。
2025-12-03 00:29:59,353 - SUCCESS - '農產品產地價格資料' 的 Metadata 已更新到 metadata.json。
2025-12-03 00:30:00,550 - SUCCESS - <農產品產地價格資料>的資料已下載完成，共 9999 筆資料。
2025-12-03 00:30:00,550 - SUCCESS - <農產品產地價格資料>的資料已下載完成，共 9999 筆資料。
2025-12-03 00:30:49,401 - SUCCESS - 已下載、去重並合併資料完成現有資料 345915 條，新資料 16 條。
2025-12-03 00:30:49,401 - SUCCESS - 已下載、去重並合併資料完成現有資料 345915 條，新資料 16 條。
2025-12-03 00:30:51,530 - SUCCESS - 已下載 '農產品產地價格資料' 的原始 JSON 資料路徑: 'C:\Python\data_moa_gov_tw\raw_data\農產品產地價格資料\農產品產地價格資料.json'
2025-12-03 00:30:51,530 - SUCCESS - 已下載 '農產品產地價格資料' 的原始 JSON 資料路徑: 'C:\Python\data_moa_gov_tw\raw_data\農產品產地價格資料\農產品產地價格資料.json'
2025-12-03 00:30:51,536 - SUCCESS - 插入或更新 '農產品產地價格資料' 的 Metadata 成功。
2025-12-03 00:30:51,536 - SUCCESS - 插入或更新 '農產品產地價格資料' 的 Metadata 成功。
2025-12-03 00:30:51,554 - SUCCESS - 已成功批量插入 '農產品產地價格資料' 的總計 16 條記錄到表格 '1040014' 。
2025-12-03 00:30:51,554 - SUCCESS - 已成功批量插入 '農產品產地價格資料' 的總計 16 條記錄到表格 '1040014' 。
2025-12-03 00:30:51,640 - SUCCESS - '農產品產地價格資料' 的自動更新完成。
2025-12-03 00:30:51,640 - SUCCESS - '農產品產地價格資料' 的自動更新完成。
2025-12-03 00:30:53,018 - SUCCESS - 成功提取 '雜糧生產概況' 的網頁 Metadata。
2025-12-03 00:30:53,018 - SUCCESS - 成功提取 '雜糧生產概況' 的網頁 Metadata。
2025-12-03 00:30:54,028 - SUCCESS - 已成功儲存次要資訊。
2025-12-03 00:30:54,028 - SUCCESS - 已成功儲存次要資訊。
2025-12-03 00:30:54,029 - SUCCESS - 更新結果儲存成功:{'全國單日平均糧價': '已更新', '各觀測站近兩年降雨量': '未更新', '產銷履歷與有機蔬果行情': '已更新', '糧價查詢': '已更新', '臺灣地區果品生產概況': '未更新', '臺灣地區特用作物生產概況': '未更新', '臺灣地區稻作種植、收穫面積及產量': '未更新', '臺灣地區稻米生產價值': '未更新', '臺灣地區蔬菜生產概況': '未更新', '臺灣地區農產品生產量值': '未更新', '農情調查': '已更新', '農產品交易行情': '已更新', '農產品產地價格(月平均價格)': '未更新', '農產品產地價格資料': '已更新', '雜糧生產概況': '未更新'}
2025-12-03 00:30:54,029 - SUCCESS - 更新結果儲存成功:{'全國單日平均糧價': '已更新', '各觀測站近兩年降雨量': '未更新', '產銷履歷與有機蔬果行情': '已更新', '糧價查詢': '已更新', '臺灣地區果品生產概況': '未更新', '臺灣地區特用作物生產概況': '未更新', '臺灣地區稻作種植、收穫面積及產量': '未更新', '臺灣地區稻米生產價值': '未更新', '臺灣地區蔬菜生產概況': '未更新', '臺灣地區農產品生產量值': '未更新', '農情調查': '已更新', '農產品交易行情': '已更新', '農產品產地價格(月平均價格)': '未更新', '農產品產地價格資料': '已更新', '雜糧生產概況': '未更新'}
2025-12-03 22:03:00,411 - SUCCESS - 成功提取 '全國單日平均糧價' 的網頁 Metadata。
2025-12-03 22:03:00,411 - SUCCESS - 成功提取 '全國單日平均糧價' 的網頁 Metadata。
2025-12-03 22:03:00,443 - SUCCESS - '全國單日平均糧價' 的 Metadata 已更新到 metadata.json。
2025-12-03 22:03:00,443 - SUCCESS - '全國單日平均糧價' 的 Metadata 已更新到 metadata.json。
2025-12-03 22:03:17,475 - SUCCESS - <全國單日平均糧價>的資料已下載完成，共 9123 筆資料。
2025-12-03 22:03:17,475 - SUCCESS - <全國單日平均糧價>的資料已下載完成，共 9123 筆資料。
2025-12-03 22:03:18,128 - SUCCESS - 已下載、去重並合併資料完成現有資料 9123 條，新資料 1 條。
2025-12-03 22:03:18,128 - SUCCESS - 已下載、去重並合併資料完成現有資料 9123 條，新資料 1 條。
2025-12-03 22:03:18,170 - SUCCESS - 已下載 '全國單日平均糧價' 的原始 JSON 資料路徑: 'C:\Python\data_moa_gov_tw\raw_data\全國單日平均糧價\全國單日平均糧價.json'
2025-12-03 22:03:18,170 - SUCCESS - 已下載 '全國單日平均糧價' 的原始 JSON 資料路徑: 'C:\Python\data_moa_gov_tw\raw_data\全國單日平均糧價\全國單日平均糧價.json'
2025-12-03 22:03:18,201 - SUCCESS - 插入或更新 '全國單日平均糧價' 的 Metadata 成功。
2025-12-03 22:03:18,201 - SUCCESS - 插入或更新 '全國單日平均糧價' 的 Metadata 成功。
2025-12-03 22:03:18,206 - SUCCESS - 已成功批量插入 '全國單日平均糧價' 的總計 1 條記錄到表格 '1040001' 。
2025-12-03 22:03:18,206 - SUCCESS - 已成功批量插入 '全國單日平均糧價' 的總計 1 條記錄到表格 '1040001' 。
2025-12-03 22:03:18,210 - SUCCESS - '全國單日平均糧價' 的自動更新完成。
2025-12-03 22:03:18,210 - SUCCESS - '全國單日平均糧價' 的自動更新完成。
2025-12-03 22:03:23,335 - SUCCESS - 成功提取 '各觀測站近兩年降雨量' 的網頁 Metadata。
2025-12-03 22:03:23,335 - SUCCESS - 成功提取 '各觀測站近兩年降雨量' 的網頁 Metadata。
2025-12-03 22:03:27,707 - SUCCESS - 成功提取 '產銷履歷與有機蔬果行情' 的網頁 Metadata。
2025-12-03 22:03:27,707 - SUCCESS - 成功提取 '產銷履歷與有機蔬果行情' 的網頁 Metadata。
2025-12-03 22:03:27,746 - SUCCESS - '產銷履歷與有機蔬果行情' 的 Metadata 已更新到 metadata.json。
2025-12-03 22:03:27,746 - SUCCESS - '產銷履歷與有機蔬果行情' 的 Metadata 已更新到 metadata.json。
2025-12-03 22:03:34,276 - SUCCESS - <產銷履歷與有機蔬果行情>的資料已下載完成，共 4658 筆資料。
2025-12-03 22:03:34,276 - SUCCESS - <產銷履歷與有機蔬果行情>的資料已下載完成，共 4658 筆資料。
2025-12-03 22:03:53,121 - SUCCESS - 已下載、去重並合併資料完成現有資料 254579 條，新資料 2288 條。
2025-12-03 22:03:53,121 - SUCCESS - 已下載、去重並合併資料完成現有資料 254579 條，新資料 2288 條。
2025-12-03 22:03:54,648 - SUCCESS - 已下載 '產銷履歷與有機蔬果行情' 的原始 JSON 資料路徑: 'C:\Python\data_moa_gov_tw\raw_data\產銷履歷與有機蔬果行情\產銷履歷與有機蔬果行情.json'
2025-12-03 22:03:54,648 - SUCCESS - 已下載 '產銷履歷與有機蔬果行情' 的原始 JSON 資料路徑: 'C:\Python\data_moa_gov_tw\raw_data\產銷履歷與有機蔬果行情\產銷履歷與有機蔬果行情.json'
2025-12-03 22:03:54,654 - SUCCESS - 插入或更新 '產銷履歷與有機蔬果行情' 的 Metadata 成功。
2025-12-03 22:03:54,654 - SUCCESS - 插入或更新 '產銷履歷與有機蔬果行情' 的 Metadata 成功。
2025-12-03 22:03:55,739 - SUCCESS - 已成功批量插入 '產銷履歷與有機蔬果行情' 的總計 2288 條記錄到表格 '1040003' 。
2025-12-03 22:03:55,739 - SUCCESS - 已成功批量插入 '產銷履歷與有機蔬果行情' 的總計 2288 條記錄到表格 '1040003' 。
2025-12-03 22:03:55,822 - SUCCESS - '產銷履歷與有機蔬果行情' 的自動更新完成。
2025-12-03 22:03:55,822 - SUCCESS - '產銷履歷與有機蔬果行情' 的自動更新完成。
2025-12-03 22:03:59,432 - SUCCESS - 成功提取 '糧價查詢' 的網頁 Metadata。
2025-12-03 22:03:59,432 - SUCCESS - 成功提取 '糧價查詢' 的網頁 Metadata。
2025-12-03 22:03:59,473 - SUCCESS - '糧價查詢' 的 Metadata 已更新到 metadata.json。
2025-12-03 22:03:59,473 - SUCCESS - '糧價查詢' 的 Metadata 已更新到 metadata.json。
2025-12-03 22:04:06,333 - SUCCESS - <糧價查詢>的資料已下載完成，共 9999 筆資料。
2025-12-03 22:04:06,333 - SUCCESS - <糧價查詢>的資料已下載完成，共 9999 筆資料。
2025-12-03 22:04:21,872 - SUCCESS - 已下載、去重並合併資料完成現有資料 241083 條，新資料 20 條。
2025-12-03 22:04:21,872 - SUCCESS - 已下載、去重並合併資料完成現有資料 241083 條，新資料 20 條。
2025-12-03 22:04:23,220 - SUCCESS - 已下載 '糧價查詢' 的原始 JSON 資料路徑: 'C:\Python\data_moa_gov_tw\raw_data\糧價查詢\糧價查詢.json'
2025-12-03 22:04:23,220 - SUCCESS - 已下載 '糧價查詢' 的原始 JSON 資料路徑: 'C:\Python\data_moa_gov_tw\raw_data\糧價查詢\糧價查詢.json'
2025-12-03 22:04:23,226 - SUCCESS - 插入或更新 '糧價查詢' 的 Metadata 成功。
2025-12-03 22:04:23,226 - SUCCESS - 插入或更新 '糧價查詢' 的 Metadata 成功。
2025-12-03 22:04:23,250 - SUCCESS - 已成功批量插入 '糧價查詢' 的總計 20 條記錄到表格 '1040004' 。
2025-12-03 22:04:23,250 - SUCCESS - 已成功批量插入 '糧價查詢' 的總計 20 條記錄到表格 '1040004' 。
2025-12-03 22:04:23,381 - SUCCESS - '糧價查詢' 的自動更新完成。
2025-12-03 22:04:23,381 - SUCCESS - '糧價查詢' 的自動更新完成。
2025-12-03 22:04:28,963 - SUCCESS - 成功提取 '臺灣地區果品生產概況' 的網頁 Metadata。
2025-12-03 22:04:28,963 - SUCCESS - 成功提取 '臺灣地區果品生產概況' 的網頁 Metadata。
2025-12-03 22:04:32,382 - SUCCESS - 成功提取 '臺灣地區特用作物生產概況' 的網頁 Metadata。
2025-12-03 22:04:32,382 - SUCCESS - 成功提取 '臺灣地區特用作物生產概況' 的網頁 Metadata。
2025-12-03 22:04:34,175 - SUCCESS - 成功提取 '臺灣地區稻作種植、收穫面積及產量' 的網頁 Metadata。
2025-12-03 22:04:34,175 - SUCCESS - 成功提取 '臺灣地區稻作種植、收穫面積及產量' 的網頁 Metadata。
2025-12-03 22:04:37,135 - SUCCESS - 成功提取 '臺灣地區稻米生產價值' 的網頁 Metadata。
2025-12-03 22:04:37,135 - SUCCESS - 成功提取 '臺灣地區稻米生產價值' 的網頁 Metadata。
2025-12-03 22:04:40,517 - SUCCESS - 成功提取 '臺灣地區蔬菜生產概況' 的網頁 Metadata。
2025-12-03 22:04:40,517 - SUCCESS - 成功提取 '臺灣地區蔬菜生產概況' 的網頁 Metadata。
2025-12-03 22:04:44,740 - SUCCESS - 成功提取 '臺灣地區農產品生產量值' 的網頁 Metadata。
2025-12-03 22:04:44,740 - SUCCESS - 成功提取 '臺灣地區農產品生產量值' 的網頁 Metadata。
2025-12-03 22:04:49,158 - SUCCESS - 成功提取 '農情調查' 的網頁 Metadata。
2025-12-03 22:04:49,158 - SUCCESS - 成功提取 '農情調查' 的網頁 Metadata。
2025-12-03 22:04:49,198 - SUCCESS - '農情調查' 的 Metadata 已更新到 metadata.json。
2025-12-03 22:04:49,198 - SUCCESS - '農情調查' 的 Metadata 已更新到 metadata.json。
2025-12-03 22:04:54,284 - SUCCESS - <農情調查>的資料已下載完成，共 9999 筆資料。
2025-12-03 22:04:54,284 - SUCCESS - <農情調查>的資料已下載完成，共 9999 筆資料。
2025-12-03 22:04:55,477 - SUCCESS - 已下載、去重並合併資料完成現有資料 45259 條，新資料 0 條。
2025-12-03 22:04:55,477 - SUCCESS - 已下載、去重並合併資料完成現有資料 45259 條，新資料 0 條。
2025-12-03 22:04:55,817 - SUCCESS - 插入或更新 '農情調查' 的 Metadata 成功。
2025-12-03 22:04:55,817 - SUCCESS - 插入或更新 '農情調查' 的 Metadata 成功。
2025-12-03 22:04:55,831 - SUCCESS - '農情調查' 的自動更新完成。
2025-12-03 22:04:55,831 - SUCCESS - '農情調查' 的自動更新完成。
2025-12-03 22:04:57,582 - SUCCESS - 成功提取 '農產品交易行情' 的網頁 Metadata。
2025-12-03 22:04:57,582 - SUCCESS - 成功提取 '農產品交易行情' 的網頁 Metadata。
2025-12-03 22:04:57,626 - SUCCESS - '農產品交易行情' 的 Metadata 已更新到 metadata.json。
2025-12-03 22:04:57,626 - SUCCESS - '農產品交易行情' 的 Metadata 已更新到 metadata.json。
2025-12-03 22:05:22,027 - SUCCESS - <農產品交易行情>的資料已下載完成，共 12364 筆資料。
2025-12-03 22:05:22,027 - SUCCESS - <農產品交易行情>的資料已下載完成，共 12364 筆資料。
2025-12-03 22:05:46,693 - SUCCESS - 已下載、去重並合併資料完成現有資料 488742 條，新資料 3648 條。
2025-12-03 22:05:46,693 - SUCCESS - 已下載、去重並合併資料完成現有資料 488742 條，新資料 3648 條。
2025-12-03 22:05:49,256 - SUCCESS - 已下載 '農產品交易行情' 的原始 JSON 資料路徑: 'C:\Python\data_moa_gov_tw\raw_data\農產品交易行情\農產品交易行情.json'
2025-12-03 22:05:49,256 - SUCCESS - 已下載 '農產品交易行情' 的原始 JSON 資料路徑: 'C:\Python\data_moa_gov_tw\raw_data\農產品交易行情\農產品交易行情.json'
2025-12-03 22:05:49,261 - SUCCESS - 插入或更新 '農產品交易行情' 的 Metadata 成功。
2025-12-03 22:05:49,261 - SUCCESS - 插入或更新 '農產品交易行情' 的 Metadata 成功。
2025-12-03 22:05:50,981 - SUCCESS - 已成功批量插入 '農產品交易行情' 的總計 3648 條記錄到表格 '1040012' 。
2025-12-03 22:05:50,981 - SUCCESS - 已成功批量插入 '農產品交易行情' 的總計 3648 條記錄到表格 '1040012' 。
2025-12-03 22:05:51,197 - SUCCESS - '農產品交易行情' 的自動更新完成。
2025-12-03 22:05:51,197 - SUCCESS - '農產品交易行情' 的自動更新完成。
2025-12-03 22:05:54,696 - SUCCESS - 成功提取 '農產品產地價格(月平均價格)' 的網頁 Metadata。
2025-12-03 22:05:54,696 - SUCCESS - 成功提取 '農產品產地價格(月平均價格)' 的網頁 Metadata。
2025-12-03 22:05:59,407 - SUCCESS - 成功提取 '農產品產地價格資料' 的網頁 Metadata。
2025-12-03 22:05:59,407 - SUCCESS - 成功提取 '農產品產地價格資料' 的網頁 Metadata。
2025-12-03 22:05:59,451 - SUCCESS - '農產品產地價格資料' 的 Metadata 已更新到 metadata.json。
2025-12-03 22:05:59,451 - SUCCESS - '農產品產地價格資料' 的 Metadata 已更新到 metadata.json。
2025-12-03 22:06:01,341 - SUCCESS - <農產品產地價格資料>的資料已下載完成，共 9999 筆資料。
2025-12-03 22:06:01,341 - SUCCESS - <農產品產地價格資料>的資料已下載完成，共 9999 筆資料。
2025-12-03 22:06:49,699 - SUCCESS - 已下載、去重並合併資料完成現有資料 345922 條，新資料 7 條。
2025-12-03 22:06:49,699 - SUCCESS - 已下載、去重並合併資料完成現有資料 345922 條，新資料 7 條。
2025-12-03 22:06:51,763 - SUCCESS - 已下載 '農產品產地價格資料' 的原始 JSON 資料路徑: 'C:\Python\data_moa_gov_tw\raw_data\農產品產地價格資料\農產品產地價格資料.json'
2025-12-03 22:06:51,763 - SUCCESS - 已下載 '農產品產地價格資料' 的原始 JSON 資料路徑: 'C:\Python\data_moa_gov_tw\raw_data\農產品產地價格資料\農產品產地價格資料.json'
2025-12-03 22:06:51,769 - SUCCESS - 插入或更新 '農產品產地價格資料' 的 Metadata 成功。
2025-12-03 22:06:51,769 - SUCCESS - 插入或更新 '農產品產地價格資料' 的 Metadata 成功。
2025-12-03 22:06:51,779 - SUCCESS - 已成功批量插入 '農產品產地價格資料' 的總計 7 條記錄到表格 '1040014' 。
2025-12-03 22:06:51,779 - SUCCESS - 已成功批量插入 '農產品產地價格資料' 的總計 7 條記錄到表格 '1040014' 。
2025-12-03 22:06:51,870 - SUCCESS - '農產品產地價格資料' 的自動更新完成。
2025-12-03 22:06:51,870 - SUCCESS - '農產品產地價格資料' 的自動更新完成。
2025-12-03 22:06:53,611 - SUCCESS - 成功提取 '雜糧生產概況' 的網頁 Metadata。
2025-12-03 22:06:53,611 - SUCCESS - 成功提取 '雜糧生產概況' 的網頁 Metadata。
2025-12-03 22:06:54,622 - SUCCESS - 已成功儲存次要資訊。
2025-12-03 22:06:54,622 - SUCCESS - 已成功儲存次要資訊。
2025-12-03 22:06:54,623 - SUCCESS - 更新結果儲存成功:{'全國單日平均糧價': '已更新', '各觀測站近兩年降雨量': '未更新', '產銷履歷與有機蔬果行情': '已更新', '糧價查詢': '已更新', '臺灣地區果品生產概況': '未更新', '臺灣地區特用作物生產概況': '未更新', '臺灣地區稻作種植、收穫面積及產量': '未更新', '臺灣地區稻米生產價值': '未更新', '臺灣地區蔬菜生產概況': '未更新', '臺灣地區農產品生產量值': '未更新', '農情調查': '已更新', '農產品交易行情': '已更新', '農產品產地價格(月平均價格)': '未更新', '農產品產地價格資料': '已更新', '雜糧生產概況': '未更新'}
2025-12-03 22:06:54,623 - SUCCESS - 更新結果儲存成功:{'全國單日平均糧價': '已更新', '各觀測站近兩年降雨量': '未更新', '產銷履歷與有機蔬果行情': '已更新', '糧價查詢': '已更新', '臺灣地區果品生產概況': '未更新', '臺灣地區特用作物生產概況': '未更新', '臺灣地區稻作種植、收穫面積及產量': '未更新', '臺灣地區稻米生產價值': '未更新', '臺灣地區蔬菜生產概況': '未更新', '臺灣地區農產品生產量值': '未更新', '農情調查': '已更新', '農產品交易行情': '已更新', '農產品產地價格(月平均價格)': '未更新', '農產品產地價格資料': '已更新', '雜糧生產概況': '未更新'}
