2026-02-14 01:59:53,073 - SUCCESS - 成功提取 '各觀測站近兩年降雨量' 的網頁 Metadata。
2026-02-14 01:59:53,073 - SUCCESS - 成功提取 '各觀測站近兩年降雨量' 的網頁 Metadata。
2026-02-14 01:59:54,451 - SUCCESS - 成功提取 '臺灣地區果品生產概況' 的網頁 Metadata。
2026-02-14 01:59:54,451 - SUCCESS - 成功提取 '臺灣地區果品生產概況' 的網頁 Metadata。
2026-02-14 01:59:55,987 - SUCCESS - 成功提取 '臺灣地區特用作物生產概況' 的網頁 Metadata。
2026-02-14 01:59:55,987 - SUCCESS - 成功提取 '臺灣地區特用作物生產概況' 的網頁 Metadata。
2026-02-14 01:59:57,496 - SUCCESS - 成功提取 '產銷履歷與有機蔬果行情' 的網頁 Metadata。
2026-02-14 01:59:57,496 - SUCCESS - 成功提取 '產銷履歷與有機蔬果行情' 的網頁 Metadata。
2026-02-14 01:59:57,626 - SUCCESS - '產銷履歷與有機蔬果行情' 的 Metadata 已更新到 metadata.json。
2026-02-14 01:59:57,626 - SUCCESS - '產銷履歷與有機蔬果行情' 的 Metadata 已更新到 metadata.json。
2026-02-14 02:00:10,853 - SUCCESS - <產銷履歷與有機蔬果行情>的資料已下載完成，共 4675 筆資料。
2026-02-14 02:00:10,853 - SUCCESS - <產銷履歷與有機蔬果行情>的資料已下載完成，共 4675 筆資料。
2026-02-14 02:00:11,085 - SUCCESS - 已下載、去重並合併資料完成現有資料 0 條，新資料 4675 條。
2026-02-14 02:00:11,085 - SUCCESS - 已下載、去重並合併資料完成現有資料 0 條，新資料 4675 條。
2026-02-14 02:00:15,469 - SUCCESS - 成功提取 '農產品產地價格(月平均價格)' 的網頁 Metadata。
2026-02-14 02:00:15,469 - SUCCESS - 成功提取 '農產品產地價格(月平均價格)' 的網頁 Metadata。
2026-02-14 02:00:15,559 - SUCCESS - '農產品產地價格(月平均價格)' 的 Metadata 已更新到 metadata.json。
2026-02-14 02:00:15,559 - SUCCESS - '農產品產地價格(月平均價格)' 的 Metadata 已更新到 metadata.json。
2026-02-14 02:00:17,703 - SUCCESS - <農產品產地價格(月平均價格)>的資料已下載完成，共 4285 筆資料。
2026-02-14 02:00:17,703 - SUCCESS - <農產品產地價格(月平均價格)>的資料已下載完成，共 4285 筆資料。
2026-02-14 02:00:17,799 - SUCCESS - 已下載、去重並合併資料完成現有資料 0 條，新資料 0 條。
2026-02-14 02:00:17,799 - SUCCESS - 已下載、去重並合併資料完成現有資料 0 條，新資料 0 條。
2026-02-14 02:00:19,225 - SUCCESS - 成功提取 '農產品交易行情' 的網頁 Metadata。
2026-02-14 02:00:19,225 - SUCCESS - 成功提取 '農產品交易行情' 的網頁 Metadata。
2026-02-14 02:00:19,304 - SUCCESS - '農產品交易行情' 的 Metadata 已更新到 metadata.json。
2026-02-14 02:00:19,304 - SUCCESS - '農產品交易行情' 的 Metadata 已更新到 metadata.json。
2026-02-14 02:01:21,549 - SUCCESS - <農產品交易行情>的資料已下載完成，共 11681 筆資料。
2026-02-14 02:01:21,549 - SUCCESS - <農產品交易行情>的資料已下載完成，共 11681 筆資料。
2026-02-14 02:01:21,624 - SUCCESS - 已下載、去重並合併資料完成現有資料 0 條，新資料 11681 條。
2026-02-14 02:01:21,624 - SUCCESS - 已下載、去重並合併資料完成現有資料 0 條，新資料 11681 條。
2026-02-14 02:01:22,972 - SUCCESS - 成功提取 '農產品產地價格資料' 的網頁 Metadata。
2026-02-14 02:01:22,972 - SUCCESS - 成功提取 '農產品產地價格資料' 的網頁 Metadata。
2026-02-14 02:01:23,021 - SUCCESS - '農產品產地價格資料' 的 Metadata 已更新到 metadata.json。
2026-02-14 02:01:23,021 - SUCCESS - '農產品產地價格資料' 的 Metadata 已更新到 metadata.json。
2026-02-14 02:01:23,888 - SUCCESS - <農產品產地價格資料>的資料已下載完成，共 9999 筆資料。
2026-02-14 02:01:23,888 - SUCCESS - <農產品產地價格資料>的資料已下載完成，共 9999 筆資料。
2026-02-14 02:01:23,919 - SUCCESS - 已下載、去重並合併資料完成現有資料 0 條，新資料 2491 條。
2026-02-14 02:01:23,919 - SUCCESS - 已下載、去重並合併資料完成現有資料 0 條，新資料 2491 條。
2026-02-14 02:01:25,211 - SUCCESS - 成功提取 '臺灣地區稻作種植、收穫面積及產量' 的網頁 Metadata。
2026-02-14 02:01:25,211 - SUCCESS - 成功提取 '臺灣地區稻作種植、收穫面積及產量' 的網頁 Metadata。
2026-02-14 02:01:26,455 - SUCCESS - 成功提取 '臺灣地區稻米生產價值' 的網頁 Metadata。
2026-02-14 02:01:26,455 - SUCCESS - 成功提取 '臺灣地區稻米生產價值' 的網頁 Metadata。
2026-02-14 02:01:27,792 - SUCCESS - 成功提取 '臺灣地區蔬菜生產概況' 的網頁 Metadata。
2026-02-14 02:01:27,792 - SUCCESS - 成功提取 '臺灣地區蔬菜生產概況' 的網頁 Metadata。
2026-02-14 02:01:29,059 - SUCCESS - 成功提取 '臺灣地區農產品生產量值' 的網頁 Metadata。
2026-02-14 02:01:29,059 - SUCCESS - 成功提取 '臺灣地區農產品生產量值' 的網頁 Metadata。
2026-02-14 02:01:30,317 - SUCCESS - 成功提取 '雜糧生產概況' 的網頁 Metadata。
2026-02-14 02:01:30,317 - SUCCESS - 成功提取 '雜糧生產概況' 的網頁 Metadata。
2026-02-14 02:01:31,681 - SUCCESS - 成功提取 '全國單日平均糧價' 的網頁 Metadata。
2026-02-14 02:01:31,681 - SUCCESS - 成功提取 '全國單日平均糧價' 的網頁 Metadata。
2026-02-14 02:01:31,734 - SUCCESS - '全國單日平均糧價' 的 Metadata 已更新到 metadata.json。
2026-02-14 02:01:31,734 - SUCCESS - '全國單日平均糧價' 的 Metadata 已更新到 metadata.json。
2026-02-14 02:01:33,862 - SUCCESS - <全國單日平均糧價>的資料已下載完成，共 9194 筆資料。
2026-02-14 02:01:33,862 - SUCCESS - <全國單日平均糧價>的資料已下載完成，共 9194 筆資料。
2026-02-14 02:01:34,017 - SUCCESS - 已下載、去重並合併資料完成現有資料 0 條，新資料 74 條。
2026-02-14 02:01:34,017 - SUCCESS - 已下載、去重並合併資料完成現有資料 0 條，新資料 74 條。
2026-02-14 02:01:35,221 - SUCCESS - 成功提取 '農情調查' 的網頁 Metadata。
2026-02-14 02:01:35,221 - SUCCESS - 成功提取 '農情調查' 的網頁 Metadata。
2026-02-14 02:01:35,270 - SUCCESS - '農情調查' 的 Metadata 已更新到 metadata.json。
2026-02-14 02:01:35,270 - SUCCESS - '農情調查' 的 Metadata 已更新到 metadata.json。
2026-02-14 02:01:37,334 - SUCCESS - <農情調查>的資料已下載完成，共 9999 筆資料。
2026-02-14 02:01:37,334 - SUCCESS - <農情調查>的資料已下載完成，共 9999 筆資料。
2026-02-14 02:01:37,360 - SUCCESS - 已下載、去重並合併資料完成現有資料 0 條，新資料 0 條。
2026-02-14 02:01:37,360 - SUCCESS - 已下載、去重並合併資料完成現有資料 0 條，新資料 0 條。
2026-02-14 02:01:38,565 - SUCCESS - 成功提取 '糧價查詢' 的網頁 Metadata。
2026-02-14 02:01:38,565 - SUCCESS - 成功提取 '糧價查詢' 的網頁 Metadata。
2026-02-14 02:01:38,618 - SUCCESS - '糧價查詢' 的 Metadata 已更新到 metadata.json。
2026-02-14 02:01:38,618 - SUCCESS - '糧價查詢' 的 Metadata 已更新到 metadata.json。
2026-02-14 02:01:40,047 - SUCCESS - <糧價查詢>的資料已下載完成，共 9999 筆資料。
2026-02-14 02:01:40,047 - SUCCESS - <糧價查詢>的資料已下載完成，共 9999 筆資料。
2026-02-14 02:01:40,103 - SUCCESS - 已下載、去重並合併資料完成現有資料 0 條，新資料 1500 條。
2026-02-14 02:01:40,103 - SUCCESS - 已下載、去重並合併資料完成現有資料 0 條，新資料 1500 條。
2026-02-14 02:01:41,107 - SUCCESS - 已成功儲存次要資訊。
2026-02-14 02:01:41,107 - SUCCESS - 已成功儲存次要資訊。
2026-02-14 02:01:41,107 - SUCCESS - 更新結果儲存成功:{'各觀測站近兩年降雨量': '未更新', '臺灣地區果品生產概況': '未更新', '臺灣地區特用作物生產概況': '未更新', '產銷履歷與有機蔬果行情': '未更新', '農產品產地價格(月平均價格)': '未更新', '農產品交易行情': '未更新', '農產品產地價格資料': '未更新', '臺灣地區稻作種植、收穫面積及產量': '未更新', '臺灣地區稻米生產價值': '未更新', '臺灣地區蔬菜生產概況': '未更新', '臺灣地區農產品生產量值': '未更新', '雜糧生產概況': '未更新', '全國單日平均糧價': '未更新', '農情調查': '未更新', '糧價查詢': '未更新'}
2026-02-14 02:01:41,107 - SUCCESS - 更新結果儲存成功:{'各觀測站近兩年降雨量': '未更新', '臺灣地區果品生產概況': '未更新', '臺灣地區特用作物生產概況': '未更新', '產銷履歷與有機蔬果行情': '未更新', '農產品產地價格(月平均價格)': '未更新', '農產品交易行情': '未更新', '農產品產地價格資料': '未更新', '臺灣地區稻作種植、收穫面積及產量': '未更新', '臺灣地區稻米生產價值': '未更新', '臺灣地區蔬菜生產概況': '未更新', '臺灣地區農產品生產量值': '未更新', '雜糧生產概況': '未更新', '全國單日平均糧價': '未更新', '農情調查': '未更新', '糧價查詢': '未更新'}
2026-02-14 02:01:41,155 - SUCCESS - 已成功儲存次要資訊到資料庫。
2026-02-14 02:01:41,155 - SUCCESS - 已成功儲存次要資訊到資料庫。
2026-02-14 02:20:17,162 - SUCCESS - 成功提取 '各觀測站近兩年降雨量' 的網頁 Metadata。
2026-02-14 02:20:17,162 - SUCCESS - 成功提取 '各觀測站近兩年降雨量' 的網頁 Metadata。
2026-02-14 02:20:18,392 - SUCCESS - 成功提取 '臺灣地區果品生產概況' 的網頁 Metadata。
2026-02-14 02:20:18,392 - SUCCESS - 成功提取 '臺灣地區果品生產概況' 的網頁 Metadata。
2026-02-14 02:20:19,558 - SUCCESS - 成功提取 '臺灣地區特用作物生產概況' 的網頁 Metadata。
2026-02-14 02:20:19,558 - SUCCESS - 成功提取 '臺灣地區特用作物生產概況' 的網頁 Metadata。
2026-02-14 02:20:20,746 - SUCCESS - 成功提取 '產銷履歷與有機蔬果行情' 的網頁 Metadata。
2026-02-14 02:20:20,746 - SUCCESS - 成功提取 '產銷履歷與有機蔬果行情' 的網頁 Metadata。
2026-02-14 02:20:20,799 - SUCCESS - '產銷履歷與有機蔬果行情' 的 Metadata 已更新到 metadata.json。
2026-02-14 02:20:20,799 - SUCCESS - '產銷履歷與有機蔬果行情' 的 Metadata 已更新到 metadata.json。
2026-02-14 02:20:21,621 - SUCCESS - <產銷履歷與有機蔬果行情>的資料已下載完成，共 4675 筆資料。
2026-02-14 02:20:21,621 - SUCCESS - <產銷履歷與有機蔬果行情>的資料已下載完成，共 4675 筆資料。
2026-02-14 02:20:30,739 - SUCCESS - 已下載、去重並合併資料完成現有資料 0 條，新資料 4675 條。
2026-02-14 02:20:30,739 - SUCCESS - 已下載、去重並合併資料完成現有資料 0 條，新資料 4675 條。
2026-02-14 02:20:32,071 - SUCCESS - 成功提取 '農產品產地價格(月平均價格)' 的網頁 Metadata。
2026-02-14 02:20:32,071 - SUCCESS - 成功提取 '農產品產地價格(月平均價格)' 的網頁 Metadata。
2026-02-14 02:20:32,120 - SUCCESS - '農產品產地價格(月平均價格)' 的 Metadata 已更新到 metadata.json。
2026-02-14 02:20:32,120 - SUCCESS - '農產品產地價格(月平均價格)' 的 Metadata 已更新到 metadata.json。
2026-02-14 02:20:32,608 - SUCCESS - <農產品產地價格(月平均價格)>的資料已下載完成，共 4285 筆資料。
2026-02-14 02:20:32,608 - SUCCESS - <農產品產地價格(月平均價格)>的資料已下載完成，共 4285 筆資料。
2026-02-14 02:20:32,635 - SUCCESS - 已下載、去重並合併資料完成現有資料 0 條，新資料 0 條。
2026-02-14 02:20:32,635 - SUCCESS - 已下載、去重並合併資料完成現有資料 0 條，新資料 0 條。
2026-02-14 02:20:33,835 - SUCCESS - 成功提取 '農產品交易行情' 的網頁 Metadata。
2026-02-14 02:20:33,835 - SUCCESS - 成功提取 '農產品交易行情' 的網頁 Metadata。
2026-02-14 02:20:33,881 - SUCCESS - '農產品交易行情' 的 Metadata 已更新到 metadata.json。
2026-02-14 02:20:33,881 - SUCCESS - '農產品交易行情' 的 Metadata 已更新到 metadata.json。
2026-02-14 02:22:42,484 - SUCCESS - 成功提取 '各觀測站近兩年降雨量' 的網頁 Metadata。
2026-02-14 02:22:42,484 - SUCCESS - 成功提取 '各觀測站近兩年降雨量' 的網頁 Metadata。
2026-02-14 02:22:43,656 - SUCCESS - 成功提取 '臺灣地區果品生產概況' 的網頁 Metadata。
2026-02-14 02:22:43,656 - SUCCESS - 成功提取 '臺灣地區果品生產概況' 的網頁 Metadata。
2026-02-14 02:22:45,167 - SUCCESS - 成功提取 '臺灣地區特用作物生產概況' 的網頁 Metadata。
2026-02-14 02:22:45,167 - SUCCESS - 成功提取 '臺灣地區特用作物生產概況' 的網頁 Metadata。
2026-02-14 02:22:46,344 - SUCCESS - 成功提取 '產銷履歷與有機蔬果行情' 的網頁 Metadata。
2026-02-14 02:22:46,344 - SUCCESS - 成功提取 '產銷履歷與有機蔬果行情' 的網頁 Metadata。
2026-02-14 02:22:46,393 - SUCCESS - '產銷履歷與有機蔬果行情' 的 Metadata 已更新到 metadata.json。
2026-02-14 02:22:46,393 - SUCCESS - '產銷履歷與有機蔬果行情' 的 Metadata 已更新到 metadata.json。
2026-02-14 02:22:47,099 - SUCCESS - <產銷履歷與有機蔬果行情>的資料已下載完成，共 4675 筆資料。
2026-02-14 02:22:47,099 - SUCCESS - <產銷履歷與有機蔬果行情>的資料已下載完成，共 4675 筆資料。
2026-02-14 02:49:58,865 - SUCCESS - 已下載、去重並合併資料完成現有資料 0 條，新資料 4675 條。
2026-02-14 02:49:58,865 - SUCCESS - 已下載、去重並合併資料完成現有資料 0 條，新資料 4675 條。
2026-02-14 02:51:35,363 - SUCCESS - 成功提取 '各觀測站近兩年降雨量' 的網頁 Metadata。
2026-02-14 02:51:35,363 - SUCCESS - 成功提取 '各觀測站近兩年降雨量' 的網頁 Metadata。
2026-02-14 02:51:36,532 - SUCCESS - 成功提取 '臺灣地區果品生產概況' 的網頁 Metadata。
2026-02-14 02:51:36,532 - SUCCESS - 成功提取 '臺灣地區果品生產概況' 的網頁 Metadata。
2026-02-14 02:51:37,698 - SUCCESS - 成功提取 '臺灣地區特用作物生產概況' 的網頁 Metadata。
2026-02-14 02:51:37,698 - SUCCESS - 成功提取 '臺灣地區特用作物生產概況' 的網頁 Metadata。
2026-02-14 02:51:38,929 - SUCCESS - 成功提取 '產銷履歷與有機蔬果行情' 的網頁 Metadata。
2026-02-14 02:51:38,929 - SUCCESS - 成功提取 '產銷履歷與有機蔬果行情' 的網頁 Metadata。
2026-02-14 02:51:38,972 - SUCCESS - '產銷履歷與有機蔬果行情' 的 Metadata 已更新到 metadata.json。
2026-02-14 02:51:38,972 - SUCCESS - '產銷履歷與有機蔬果行情' 的 Metadata 已更新到 metadata.json。
2026-02-14 02:51:44,018 - SUCCESS - <產銷履歷與有機蔬果行情>的資料已下載完成，共 4675 筆資料。
2026-02-14 02:51:44,018 - SUCCESS - <產銷履歷與有機蔬果行情>的資料已下載完成，共 4675 筆資料。
2026-02-14 02:52:37,993 - SUCCESS - 成功提取 '各觀測站近兩年降雨量' 的網頁 Metadata。
2026-02-14 02:52:37,993 - SUCCESS - 成功提取 '各觀測站近兩年降雨量' 的網頁 Metadata。
2026-02-14 02:52:39,173 - SUCCESS - 成功提取 '臺灣地區果品生產概況' 的網頁 Metadata。
2026-02-14 02:52:39,173 - SUCCESS - 成功提取 '臺灣地區果品生產概況' 的網頁 Metadata。
2026-02-14 02:52:40,301 - SUCCESS - 成功提取 '臺灣地區特用作物生產概況' 的網頁 Metadata。
2026-02-14 02:52:40,301 - SUCCESS - 成功提取 '臺灣地區特用作物生產概況' 的網頁 Metadata。
2026-02-14 02:52:41,518 - SUCCESS - 成功提取 '產銷履歷與有機蔬果行情' 的網頁 Metadata。
2026-02-14 02:52:41,518 - SUCCESS - 成功提取 '產銷履歷與有機蔬果行情' 的網頁 Metadata。
2026-02-14 02:52:41,564 - SUCCESS - '產銷履歷與有機蔬果行情' 的 Metadata 已更新到 metadata.json。
2026-02-14 02:52:41,564 - SUCCESS - '產銷履歷與有機蔬果行情' 的 Metadata 已更新到 metadata.json。
2026-02-14 02:52:47,974 - SUCCESS - <產銷履歷與有機蔬果行情>的資料已下載完成，共 4675 筆資料。
2026-02-14 02:52:47,974 - SUCCESS - <產銷履歷與有機蔬果行情>的資料已下載完成，共 4675 筆資料。
2026-02-14 03:02:33,413 - SUCCESS - 成功提取 '各觀測站近兩年降雨量' 的網頁 Metadata。
2026-02-14 03:02:33,413 - SUCCESS - 成功提取 '各觀測站近兩年降雨量' 的網頁 Metadata。
2026-02-14 03:02:34,596 - SUCCESS - 成功提取 '臺灣地區果品生產概況' 的網頁 Metadata。
2026-02-14 03:02:34,596 - SUCCESS - 成功提取 '臺灣地區果品生產概況' 的網頁 Metadata。
2026-02-14 03:02:35,746 - SUCCESS - 成功提取 '臺灣地區特用作物生產概況' 的網頁 Metadata。
2026-02-14 03:02:35,746 - SUCCESS - 成功提取 '臺灣地區特用作物生產概況' 的網頁 Metadata。
2026-02-14 03:02:37,054 - SUCCESS - 成功提取 '產銷履歷與有機蔬果行情' 的網頁 Metadata。
2026-02-14 03:02:37,054 - SUCCESS - 成功提取 '產銷履歷與有機蔬果行情' 的網頁 Metadata。
2026-02-14 03:02:37,087 - SUCCESS - '產銷履歷與有機蔬果行情' 的 Metadata 已更新到 metadata.json。
2026-02-14 03:02:37,087 - SUCCESS - '產銷履歷與有機蔬果行情' 的 Metadata 已更新到 metadata.json。
2026-02-14 03:02:47,438 - SUCCESS - <產銷履歷與有機蔬果行情>的資料已下載完成，共 4675 筆資料。
2026-02-14 03:02:47,438 - SUCCESS - <產銷履歷與有機蔬果行情>的資料已下載完成，共 4675 筆資料。
2026-02-14 03:11:42,824 - SUCCESS - 成功提取 '臺灣地區稻作種植、收穫面積及產量' 的網頁 Metadata。
2026-02-14 03:11:42,824 - SUCCESS - 成功提取 '臺灣地區稻作種植、收穫面積及產量' 的網頁 Metadata。
2026-02-14 03:11:43,993 - SUCCESS - 成功提取 '臺灣地區稻米生產價值' 的網頁 Metadata。
2026-02-14 03:11:43,993 - SUCCESS - 成功提取 '臺灣地區稻米生產價值' 的網頁 Metadata。
2026-02-14 03:11:45,165 - SUCCESS - 成功提取 '臺灣地區蔬菜生產概況' 的網頁 Metadata。
2026-02-14 03:11:45,165 - SUCCESS - 成功提取 '臺灣地區蔬菜生產概況' 的網頁 Metadata。
2026-02-14 03:11:46,356 - SUCCESS - 成功提取 '臺灣地區農產品生產量值' 的網頁 Metadata。
2026-02-14 03:11:46,356 - SUCCESS - 成功提取 '臺灣地區農產品生產量值' 的網頁 Metadata。
2026-02-14 03:11:47,528 - SUCCESS - 成功提取 '雜糧生產概況' 的網頁 Metadata。
2026-02-14 03:11:47,528 - SUCCESS - 成功提取 '雜糧生產概況' 的網頁 Metadata。
2026-02-14 03:11:48,755 - SUCCESS - 成功提取 '全國單日平均糧價' 的網頁 Metadata。
2026-02-14 03:11:48,755 - SUCCESS - 成功提取 '全國單日平均糧價' 的網頁 Metadata。
2026-02-14 03:11:48,796 - SUCCESS - '全國單日平均糧價' 的 Metadata 已更新到 metadata.json。
2026-02-14 03:11:48,796 - SUCCESS - '全國單日平均糧價' 的 Metadata 已更新到 metadata.json。
2026-02-14 03:11:50,362 - SUCCESS - <全國單日平均糧價>的資料已下載完成，共 9194 筆資料。
2026-02-14 03:11:50,362 - SUCCESS - <全國單日平均糧價>的資料已下載完成，共 9194 筆資料。
2026-02-14 03:12:26,911 - SUCCESS - 已下載、去重並合併資料完成現有資料 74 條，新資料 74 條。
2026-02-14 03:12:26,911 - SUCCESS - 已下載、去重並合併資料完成現有資料 74 條，新資料 74 條。
2026-02-14 03:12:27,108 - SUCCESS - 插入或更新 '全國單日平均糧價' 的 Metadata 成功。
2026-02-14 03:12:27,108 - SUCCESS - 插入或更新 '全國單日平均糧價' 的 Metadata 成功。
2026-02-14 03:12:27,108 - SUCCESS - '全國單日平均糧價' 的自動更新完成。
2026-02-14 03:12:27,108 - SUCCESS - '全國單日平均糧價' 的自動更新完成。
2026-02-14 03:12:28,302 - SUCCESS - 成功提取 '農情調查' 的網頁 Metadata。
2026-02-14 03:12:28,302 - SUCCESS - 成功提取 '農情調查' 的網頁 Metadata。
2026-02-14 03:12:28,345 - SUCCESS - '農情調查' 的 Metadata 已更新到 metadata.json。
2026-02-14 03:12:28,345 - SUCCESS - '農情調查' 的 Metadata 已更新到 metadata.json。
2026-02-14 03:12:30,290 - SUCCESS - <農情調查>的資料已下載完成，共 9999 筆資料。
2026-02-14 03:12:30,290 - SUCCESS - <農情調查>的資料已下載完成，共 9999 筆資料。
2026-02-14 03:12:30,312 - SUCCESS - 已下載、去重並合併資料完成現有資料 0 條，新資料 0 條。
2026-02-14 03:12:30,312 - SUCCESS - 已下載、去重並合併資料完成現有資料 0 條，新資料 0 條。
2026-02-14 03:12:31,514 - SUCCESS - 成功提取 '糧價查詢' 的網頁 Metadata。
2026-02-14 03:12:31,514 - SUCCESS - 成功提取 '糧價查詢' 的網頁 Metadata。
2026-02-14 03:12:31,560 - SUCCESS - '糧價查詢' 的 Metadata 已更新到 metadata.json。
2026-02-14 03:12:31,560 - SUCCESS - '糧價查詢' 的 Metadata 已更新到 metadata.json。
2026-02-14 03:12:32,923 - SUCCESS - <糧價查詢>的資料已下載完成，共 9999 筆資料。
2026-02-14 03:12:32,923 - SUCCESS - <糧價查詢>的資料已下載完成，共 9999 筆資料。
2026-02-14 03:16:06,332 - SUCCESS - 已下載、去重並合併資料完成現有資料 1500 條，新資料 1500 條。
2026-02-14 03:16:06,332 - SUCCESS - 已下載、去重並合併資料完成現有資料 1500 條，新資料 1500 條。
2026-02-14 03:16:07,169 - SUCCESS - 已下載 '糧價查詢' 的原始 JSON 資料路徑: 'C:\Python\data_moa_gov_tw\raw_data\糧價查詢\糧價查詢.json'
2026-02-14 03:16:07,169 - SUCCESS - 已下載 '糧價查詢' 的原始 JSON 資料路徑: 'C:\Python\data_moa_gov_tw\raw_data\糧價查詢\糧價查詢.json'
2026-02-14 03:16:07,175 - SUCCESS - 插入或更新 '糧價查詢' 的 Metadata 成功。
2026-02-14 03:16:07,175 - SUCCESS - 插入或更新 '糧價查詢' 的 Metadata 成功。
2026-02-14 03:16:07,215 - SUCCESS - 已成功批量插入 '糧價查詢' 的總計 20 條記錄到表格 '1040004' 。
2026-02-14 03:16:07,215 - SUCCESS - 已成功批量插入 '糧價查詢' 的總計 20 條記錄到表格 '1040004' 。
2026-02-14 03:16:07,216 - SUCCESS - '糧價查詢' 的自動更新完成。
2026-02-14 03:16:07,216 - SUCCESS - '糧價查詢' 的自動更新完成。
2026-02-14 03:16:08,414 - SUCCESS - 成功提取 '各觀測站近兩年降雨量' 的網頁 Metadata。
2026-02-14 03:16:08,414 - SUCCESS - 成功提取 '各觀測站近兩年降雨量' 的網頁 Metadata。
2026-02-14 03:16:09,607 - SUCCESS - 成功提取 '臺灣地區果品生產概況' 的網頁 Metadata。
2026-02-14 03:16:09,607 - SUCCESS - 成功提取 '臺灣地區果品生產概況' 的網頁 Metadata。
2026-02-14 03:16:10,743 - SUCCESS - 成功提取 '臺灣地區特用作物生產概況' 的網頁 Metadata。
2026-02-14 03:16:10,743 - SUCCESS - 成功提取 '臺灣地區特用作物生產概況' 的網頁 Metadata。
2026-02-14 03:16:11,942 - SUCCESS - 成功提取 '產銷履歷與有機蔬果行情' 的網頁 Metadata。
2026-02-14 03:16:11,942 - SUCCESS - 成功提取 '產銷履歷與有機蔬果行情' 的網頁 Metadata。
2026-02-14 03:16:12,000 - SUCCESS - '產銷履歷與有機蔬果行情' 的 Metadata 已更新到 metadata.json。
2026-02-14 03:16:12,000 - SUCCESS - '產銷履歷與有機蔬果行情' 的 Metadata 已更新到 metadata.json。
2026-02-14 03:16:12,911 - SUCCESS - <產銷履歷與有機蔬果行情>的資料已下載完成，共 4675 筆資料。
2026-02-14 03:16:12,911 - SUCCESS - <產銷履歷與有機蔬果行情>的資料已下載完成，共 4675 筆資料。
2026-02-14 03:16:16,076 - SUCCESS - 已下載、去重並合併資料完成現有資料 4675 條，新資料 4675 條。
2026-02-14 03:16:16,076 - SUCCESS - 已下載、去重並合併資料完成現有資料 4675 條，新資料 4675 條。
2026-02-14 03:16:18,065 - SUCCESS - 已下載 '產銷履歷與有機蔬果行情' 的原始 JSON 資料路徑: 'C:\Python\data_moa_gov_tw\raw_data\產銷履歷與有機蔬果行情\產銷履歷與有機蔬果行情.json'
2026-02-14 03:16:18,065 - SUCCESS - 已下載 '產銷履歷與有機蔬果行情' 的原始 JSON 資料路徑: 'C:\Python\data_moa_gov_tw\raw_data\產銷履歷與有機蔬果行情\產銷履歷與有機蔬果行情.json'
2026-02-14 03:16:18,069 - SUCCESS - 插入或更新 '產銷履歷與有機蔬果行情' 的 Metadata 成功。
2026-02-14 03:16:18,069 - SUCCESS - 插入或更新 '產銷履歷與有機蔬果行情' 的 Metadata 成功。
2026-02-14 03:16:18,985 - SUCCESS - 已成功批量插入 '產銷履歷與有機蔬果行情' 的總計 2354 條記錄到表格 '1040003' 。
2026-02-14 03:16:18,985 - SUCCESS - 已成功批量插入 '產銷履歷與有機蔬果行情' 的總計 2354 條記錄到表格 '1040003' 。
2026-02-14 03:16:18,987 - SUCCESS - '產銷履歷與有機蔬果行情' 的自動更新完成。
2026-02-14 03:16:18,987 - SUCCESS - '產銷履歷與有機蔬果行情' 的自動更新完成。
2026-02-14 03:16:20,125 - SUCCESS - 成功提取 '農產品產地價格(月平均價格)' 的網頁 Metadata。
2026-02-14 03:16:20,125 - SUCCESS - 成功提取 '農產品產地價格(月平均價格)' 的網頁 Metadata。
2026-02-14 03:16:20,185 - SUCCESS - '農產品產地價格(月平均價格)' 的 Metadata 已更新到 metadata.json。
2026-02-14 03:16:20,185 - SUCCESS - '農產品產地價格(月平均價格)' 的 Metadata 已更新到 metadata.json。
2026-02-14 03:16:20,946 - SUCCESS - <農產品產地價格(月平均價格)>的資料已下載完成，共 4285 筆資料。
2026-02-14 03:16:20,946 - SUCCESS - <農產品產地價格(月平均價格)>的資料已下載完成，共 4285 筆資料。
2026-02-14 03:16:20,980 - SUCCESS - 已下載、去重並合併資料完成現有資料 0 條，新資料 0 條。
2026-02-14 03:16:20,980 - SUCCESS - 已下載、去重並合併資料完成現有資料 0 條，新資料 0 條。
2026-02-14 03:16:22,191 - SUCCESS - 成功提取 '農產品交易行情' 的網頁 Metadata。
2026-02-14 03:16:22,191 - SUCCESS - 成功提取 '農產品交易行情' 的網頁 Metadata。
2026-02-14 03:16:22,244 - SUCCESS - '農產品交易行情' 的 Metadata 已更新到 metadata.json。
2026-02-14 03:16:22,244 - SUCCESS - '農產品交易行情' 的 Metadata 已更新到 metadata.json。
2026-02-14 03:16:28,065 - SUCCESS - <農產品交易行情>的資料已下載完成，共 11681 筆資料。
2026-02-14 03:16:28,065 - SUCCESS - <農產品交易行情>的資料已下載完成，共 11681 筆資料。
2026-02-14 03:17:18,204 - SUCCESS - 已下載、去重並合併資料完成現有資料 11681 條，新資料 11681 條。
2026-02-14 03:17:18,204 - SUCCESS - 已下載、去重並合併資料完成現有資料 11681 條，新資料 11681 條。
2026-02-14 03:17:21,574 - SUCCESS - 已下載 '農產品交易行情' 的原始 JSON 資料路徑: 'C:\Python\data_moa_gov_tw\raw_data\農產品交易行情\農產品交易行情.json'
2026-02-14 03:17:21,574 - SUCCESS - 已下載 '農產品交易行情' 的原始 JSON 資料路徑: 'C:\Python\data_moa_gov_tw\raw_data\農產品交易行情\農產品交易行情.json'
2026-02-14 03:17:21,574 - SUCCESS - 插入或更新 '農產品交易行情' 的 Metadata 成功。
2026-02-14 03:17:21,574 - SUCCESS - 插入或更新 '農產品交易行情' 的 Metadata 成功。
2026-02-14 03:17:23,247 - SUCCESS - 已成功批量插入 '農產品交易行情' 的總計 3966 條記錄到表格 '1040012' 。
2026-02-14 03:17:23,247 - SUCCESS - 已成功批量插入 '農產品交易行情' 的總計 3966 條記錄到表格 '1040012' 。
2026-02-14 03:17:23,255 - SUCCESS - '農產品交易行情' 的自動更新完成。
2026-02-14 03:17:23,255 - SUCCESS - '農產品交易行情' 的自動更新完成。
2026-02-14 03:17:24,449 - SUCCESS - 成功提取 '農產品產地價格資料' 的網頁 Metadata。
2026-02-14 03:17:24,449 - SUCCESS - 成功提取 '農產品產地價格資料' 的網頁 Metadata。
2026-02-14 03:17:24,503 - SUCCESS - '農產品產地價格資料' 的 Metadata 已更新到 metadata.json。
2026-02-14 03:17:24,503 - SUCCESS - '農產品產地價格資料' 的 Metadata 已更新到 metadata.json。
2026-02-14 03:17:25,019 - SUCCESS - <農產品產地價格資料>的資料已下載完成，共 9999 筆資料。
2026-02-14 03:17:25,019 - SUCCESS - <農產品產地價格資料>的資料已下載完成，共 9999 筆資料。
2026-02-14 03:17:28,185 - SUCCESS - 已下載、去重並合併資料完成現有資料 2491 條，新資料 2491 條。
2026-02-14 03:17:28,185 - SUCCESS - 已下載、去重並合併資料完成現有資料 2491 條，新資料 2491 條。
2026-02-14 03:17:29,379 - SUCCESS - 已下載 '農產品產地價格資料' 的原始 JSON 資料路徑: 'C:\Python\data_moa_gov_tw\raw_data\農產品產地價格資料\農產品產地價格資料.json'
2026-02-14 03:17:29,379 - SUCCESS - 已下載 '農產品產地價格資料' 的原始 JSON 資料路徑: 'C:\Python\data_moa_gov_tw\raw_data\農產品產地價格資料\農產品產地價格資料.json'
2026-02-14 03:17:29,381 - SUCCESS - 插入或更新 '農產品產地價格資料' 的 Metadata 成功。
2026-02-14 03:17:29,381 - SUCCESS - 插入或更新 '農產品產地價格資料' 的 Metadata 成功。
2026-02-14 03:17:29,410 - SUCCESS - 已成功批量插入 '農產品產地價格資料' 的總計 11 條記錄到表格 '1040014' 。
2026-02-14 03:17:29,410 - SUCCESS - 已成功批量插入 '農產品產地價格資料' 的總計 11 條記錄到表格 '1040014' 。
2026-02-14 03:17:29,410 - SUCCESS - '農產品產地價格資料' 的自動更新完成。
2026-02-14 03:17:29,410 - SUCCESS - '農產品產地價格資料' 的自動更新完成。
2026-02-14 03:17:30,415 - SUCCESS - 已成功儲存次要資訊。
2026-02-14 03:17:30,415 - SUCCESS - 已成功儲存次要資訊。
2026-02-14 03:17:30,415 - SUCCESS - 更新結果儲存成功:{'臺灣地區稻作種植、收穫面積及產量': '未更新', '臺灣地區稻米生產價值': '未更新', '臺灣地區蔬菜生產概況': '未更新', '臺灣地區農產品生產量值': '未更新', '雜糧生產概況': '未更新', '全國單日平均糧價': '已更新', '農情調查': '未更新', '糧價查詢': '已更新', '各觀測站近兩年降雨量': '未更新', '臺灣地區果品生產概況': '未更新', '臺灣地區特用作物生產概況': '未更新', '產銷履歷與有機蔬果行情': '已更新', '農產品產地價格(月平均價格)': '未更新', '農產品交易行情': '已更新', '農產品產地價格資料': '已更新'}
2026-02-14 03:17:30,415 - SUCCESS - 更新結果儲存成功:{'臺灣地區稻作種植、收穫面積及產量': '未更新', '臺灣地區稻米生產價值': '未更新', '臺灣地區蔬菜生產概況': '未更新', '臺灣地區農產品生產量值': '未更新', '雜糧生產概況': '未更新', '全國單日平均糧價': '已更新', '農情調查': '未更新', '糧價查詢': '已更新', '各觀測站近兩年降雨量': '未更新', '臺灣地區果品生產概況': '未更新', '臺灣地區特用作物生產概況': '未更新', '產銷履歷與有機蔬果行情': '已更新', '農產品產地價格(月平均價格)': '未更新', '農產品交易行情': '已更新', '農產品產地價格資料': '已更新'}
2026-02-14 03:17:30,437 - SUCCESS - 已成功儲存次要資訊到資料庫。
2026-02-14 03:17:30,437 - SUCCESS - 已成功儲存次要資訊到資料庫。
2026-02-14 03:35:18,829 - SUCCESS - 成功提取 '各觀測站近兩年降雨量' 的網頁 Metadata。
2026-02-14 03:35:18,829 - SUCCESS - 成功提取 '各觀測站近兩年降雨量' 的網頁 Metadata。
2026-02-14 03:35:20,022 - SUCCESS - 成功提取 '臺灣地區果品生產概況' 的網頁 Metadata。
2026-02-14 03:35:20,022 - SUCCESS - 成功提取 '臺灣地區果品生產概況' 的網頁 Metadata。
2026-02-14 03:35:21,177 - SUCCESS - 成功提取 '臺灣地區特用作物生產概況' 的網頁 Metadata。
2026-02-14 03:35:21,177 - SUCCESS - 成功提取 '臺灣地區特用作物生產概況' 的網頁 Metadata。
2026-02-14 03:35:22,404 - SUCCESS - 成功提取 '產銷履歷與有機蔬果行情' 的網頁 Metadata。
2026-02-14 03:35:22,404 - SUCCESS - 成功提取 '產銷履歷與有機蔬果行情' 的網頁 Metadata。
2026-02-14 03:35:23,583 - SUCCESS - 成功提取 '農產品產地價格(月平均價格)' 的網頁 Metadata。
2026-02-14 03:35:23,583 - SUCCESS - 成功提取 '農產品產地價格(月平均價格)' 的網頁 Metadata。
2026-02-14 03:35:23,632 - SUCCESS - '農產品產地價格(月平均價格)' 的 Metadata 已更新到 metadata.json。
2026-02-14 03:35:23,632 - SUCCESS - '農產品產地價格(月平均價格)' 的 Metadata 已更新到 metadata.json。
2026-02-14 03:35:24,097 - SUCCESS - <農產品產地價格(月平均價格)>的資料已下載完成，共 4285 筆資料。
2026-02-14 03:35:24,097 - SUCCESS - <農產品產地價格(月平均價格)>的資料已下載完成，共 4285 筆資料。
2026-02-14 03:35:24,148 - SUCCESS - 已下載、去重並合併資料完成現有資料 89 條，新資料 89 條。
2026-02-14 03:35:24,148 - SUCCESS - 已下載、去重並合併資料完成現有資料 89 條，新資料 89 條。
2026-02-14 03:35:24,188 - SUCCESS - 已下載 '農產品產地價格(月平均價格)' 的原始 JSON 資料路徑: 'C:\Python\data_moa_gov_tw\raw_data\農產品產地價格(月平均價格)\農產品產地價格(月平均價格).json'
2026-02-14 03:35:24,188 - SUCCESS - 已下載 '農產品產地價格(月平均價格)' 的原始 JSON 資料路徑: 'C:\Python\data_moa_gov_tw\raw_data\農產品產地價格(月平均價格)\農產品產地價格(月平均價格).json'
2026-02-14 03:35:24,190 - SUCCESS - 插入或更新 '農產品產地價格(月平均價格)' 的 Metadata 成功。
2026-02-14 03:35:24,190 - SUCCESS - 插入或更新 '農產品產地價格(月平均價格)' 的 Metadata 成功。
2026-02-14 03:35:24,247 - SUCCESS - 已成功批量插入 '農產品產地價格(月平均價格)' 的總計 89 條記錄到表格 '1040013' 。
2026-02-14 03:35:24,247 - SUCCESS - 已成功批量插入 '農產品產地價格(月平均價格)' 的總計 89 條記錄到表格 '1040013' 。
2026-02-14 03:35:24,247 - SUCCESS - '農產品產地價格(月平均價格)' 的自動更新完成。
2026-02-14 03:35:24,247 - SUCCESS - '農產品產地價格(月平均價格)' 的自動更新完成。
2026-02-14 03:35:25,427 - SUCCESS - 成功提取 '農產品交易行情' 的網頁 Metadata。
2026-02-14 03:35:25,427 - SUCCESS - 成功提取 '農產品交易行情' 的網頁 Metadata。
2026-02-14 03:35:26,596 - SUCCESS - 成功提取 '農產品產地價格資料' 的網頁 Metadata。
2026-02-14 03:35:26,596 - SUCCESS - 成功提取 '農產品產地價格資料' 的網頁 Metadata。
2026-02-14 03:35:27,746 - SUCCESS - 成功提取 '臺灣地區稻作種植、收穫面積及產量' 的網頁 Metadata。
2026-02-14 03:35:27,746 - SUCCESS - 成功提取 '臺灣地區稻作種植、收穫面積及產量' 的網頁 Metadata。
2026-02-14 03:35:28,976 - SUCCESS - 成功提取 '臺灣地區稻米生產價值' 的網頁 Metadata。
2026-02-14 03:35:28,976 - SUCCESS - 成功提取 '臺灣地區稻米生產價值' 的網頁 Metadata。
2026-02-14 03:35:30,127 - SUCCESS - 成功提取 '臺灣地區蔬菜生產概況' 的網頁 Metadata。
2026-02-14 03:35:30,127 - SUCCESS - 成功提取 '臺灣地區蔬菜生產概況' 的網頁 Metadata。
2026-02-14 03:35:31,292 - SUCCESS - 成功提取 '臺灣地區農產品生產量值' 的網頁 Metadata。
2026-02-14 03:35:31,292 - SUCCESS - 成功提取 '臺灣地區農產品生產量值' 的網頁 Metadata。
2026-02-14 03:35:32,578 - SUCCESS - 成功提取 '雜糧生產概況' 的網頁 Metadata。
2026-02-14 03:35:32,578 - SUCCESS - 成功提取 '雜糧生產概況' 的網頁 Metadata。
2026-02-14 03:35:33,760 - SUCCESS - 成功提取 '全國單日平均糧價' 的網頁 Metadata。
2026-02-14 03:35:33,760 - SUCCESS - 成功提取 '全國單日平均糧價' 的網頁 Metadata。
2026-02-14 03:35:34,934 - SUCCESS - 成功提取 '農情調查' 的網頁 Metadata。
2026-02-14 03:35:34,934 - SUCCESS - 成功提取 '農情調查' 的網頁 Metadata。
2026-02-14 03:35:34,984 - SUCCESS - '農情調查' 的 Metadata 已更新到 metadata.json。
2026-02-14 03:35:34,984 - SUCCESS - '農情調查' 的 Metadata 已更新到 metadata.json。
2026-02-14 03:35:36,745 - SUCCESS - <農情調查>的資料已下載完成，共 9999 筆資料。
2026-02-14 03:35:36,745 - SUCCESS - <農情調查>的資料已下載完成，共 9999 筆資料。
2026-02-14 03:35:36,767 - SUCCESS - 已下載、去重並合併資料完成現有資料 0 條，新資料 0 條。
2026-02-14 03:35:36,767 - SUCCESS - 已下載、去重並合併資料完成現有資料 0 條，新資料 0 條。
2026-02-14 03:35:37,894 - SUCCESS - 成功提取 '糧價查詢' 的網頁 Metadata。
2026-02-14 03:35:37,894 - SUCCESS - 成功提取 '糧價查詢' 的網頁 Metadata。
2026-02-14 03:35:38,896 - SUCCESS - 已成功儲存次要資訊。
2026-02-14 03:35:38,896 - SUCCESS - 已成功儲存次要資訊。
2026-02-14 03:35:38,896 - SUCCESS - 更新結果儲存成功:{'各觀測站近兩年降雨量': '未更新', '臺灣地區果品生產概況': '未更新', '臺灣地區特用作物生產概況': '未更新', '產銷履歷與有機蔬果行情': '未更新', '農產品產地價格(月平均價格)': '已更新', '農產品交易行情': '未更新', '農產品產地價格資料': '未更新', '臺灣地區稻作種植、收穫面積及產量': '未更新', '臺灣地區稻米生產價值': '未更新', '臺灣地區蔬菜生產概況': '未更新', '臺灣地區農產品生產量值': '未更新', '雜糧生產概況': '未更新', '全國單日平均糧價': '未更新', '農情調查': '未更新', '糧價查詢': '未更新'}
2026-02-14 03:35:38,896 - SUCCESS - 更新結果儲存成功:{'各觀測站近兩年降雨量': '未更新', '臺灣地區果品生產概況': '未更新', '臺灣地區特用作物生產概況': '未更新', '產銷履歷與有機蔬果行情': '未更新', '農產品產地價格(月平均價格)': '已更新', '農產品交易行情': '未更新', '農產品產地價格資料': '未更新', '臺灣地區稻作種植、收穫面積及產量': '未更新', '臺灣地區稻米生產價值': '未更新', '臺灣地區蔬菜生產概況': '未更新', '臺灣地區農產品生產量值': '未更新', '雜糧生產概況': '未更新', '全國單日平均糧價': '未更新', '農情調查': '未更新', '糧價查詢': '未更新'}
2026-02-14 03:35:38,915 - SUCCESS - 已成功儲存次要資訊到資料庫。
2026-02-14 03:35:38,915 - SUCCESS - 已成功儲存次要資訊到資料庫。
2026-02-14 03:36:54,215 - SUCCESS - 成功提取 '糧價查詢' 的網頁 Metadata。
2026-02-14 03:36:54,215 - SUCCESS - 成功提取 '糧價查詢' 的網頁 Metadata。
2026-02-14 03:36:55,346 - SUCCESS - 成功提取 '各觀測站近兩年降雨量' 的網頁 Metadata。
2026-02-14 03:36:55,346 - SUCCESS - 成功提取 '各觀測站近兩年降雨量' 的網頁 Metadata。
2026-02-14 03:36:56,506 - SUCCESS - 成功提取 '臺灣地區果品生產概況' 的網頁 Metadata。
2026-02-14 03:36:56,506 - SUCCESS - 成功提取 '臺灣地區果品生產概況' 的網頁 Metadata。
2026-02-14 03:36:57,714 - SUCCESS - 成功提取 '臺灣地區特用作物生產概況' 的網頁 Metadata。
2026-02-14 03:36:57,714 - SUCCESS - 成功提取 '臺灣地區特用作物生產概況' 的網頁 Metadata。
2026-02-14 03:36:58,948 - SUCCESS - 成功提取 '產銷履歷與有機蔬果行情' 的網頁 Metadata。
2026-02-14 03:36:58,948 - SUCCESS - 成功提取 '產銷履歷與有機蔬果行情' 的網頁 Metadata。
2026-02-14 03:37:00,083 - SUCCESS - 成功提取 '農產品產地價格(月平均價格)' 的網頁 Metadata。
2026-02-14 03:37:00,083 - SUCCESS - 成功提取 '農產品產地價格(月平均價格)' 的網頁 Metadata。
2026-02-14 03:37:01,252 - SUCCESS - 成功提取 '農產品交易行情' 的網頁 Metadata。
2026-02-14 03:37:01,252 - SUCCESS - 成功提取 '農產品交易行情' 的網頁 Metadata。
2026-02-14 03:37:02,416 - SUCCESS - 成功提取 '臺灣地區稻作種植、收穫面積及產量' 的網頁 Metadata。
2026-02-14 03:37:02,416 - SUCCESS - 成功提取 '臺灣地區稻作種植、收穫面積及產量' 的網頁 Metadata。
2026-02-14 03:37:03,678 - SUCCESS - 成功提取 '全國單日平均糧價' 的網頁 Metadata。
2026-02-14 03:37:03,678 - SUCCESS - 成功提取 '全國單日平均糧價' 的網頁 Metadata。
2026-02-14 03:37:04,824 - SUCCESS - 成功提取 '臺灣地區稻米生產價值' 的網頁 Metadata。
2026-02-14 03:37:04,824 - SUCCESS - 成功提取 '臺灣地區稻米生產價值' 的網頁 Metadata。
2026-02-14 03:37:05,976 - SUCCESS - 成功提取 '臺灣地區蔬菜生產概況' 的網頁 Metadata。
2026-02-14 03:37:05,976 - SUCCESS - 成功提取 '臺灣地區蔬菜生產概況' 的網頁 Metadata。
2026-02-14 03:37:07,241 - SUCCESS - 成功提取 '臺灣地區農產品生產量值' 的網頁 Metadata。
2026-02-14 03:37:07,241 - SUCCESS - 成功提取 '臺灣地區農產品生產量值' 的網頁 Metadata。
2026-02-14 03:37:08,397 - SUCCESS - 成功提取 '農產品產地價格資料' 的網頁 Metadata。
2026-02-14 03:37:08,397 - SUCCESS - 成功提取 '農產品產地價格資料' 的網頁 Metadata。
2026-02-14 03:37:09,548 - SUCCESS - 成功提取 '雜糧生產概況' 的網頁 Metadata。
2026-02-14 03:37:09,548 - SUCCESS - 成功提取 '雜糧生產概況' 的網頁 Metadata。
2026-02-14 03:37:10,714 - SUCCESS - 成功提取 '農情調查' 的網頁 Metadata。
2026-02-14 03:37:10,714 - SUCCESS - 成功提取 '農情調查' 的網頁 Metadata。
2026-02-14 03:37:10,771 - SUCCESS - '農情調查' 的 Metadata 已更新到 metadata.json。
2026-02-14 03:37:10,771 - SUCCESS - '農情調查' 的 Metadata 已更新到 metadata.json。
2026-02-14 03:37:12,211 - SUCCESS - <農情調查>的資料已下載完成，共 9999 筆資料。
2026-02-14 03:37:12,211 - SUCCESS - <農情調查>的資料已下載完成，共 9999 筆資料。
2026-02-14 03:37:12,352 - SUCCESS - 已下載、去重並合併資料完成現有資料 9999 條，新資料 9999 條。
2026-02-14 03:37:12,352 - SUCCESS - 已下載、去重並合併資料完成現有資料 9999 條，新資料 9999 條。
2026-02-14 03:37:12,739 - SUCCESS - 已下載 '農情調查' 的原始 JSON 資料路徑: 'C:\Python\data_moa_gov_tw\raw_data\農情調查\農情調查.json'
2026-02-14 03:37:12,739 - SUCCESS - 已下載 '農情調查' 的原始 JSON 資料路徑: 'C:\Python\data_moa_gov_tw\raw_data\農情調查\農情調查.json'
2026-02-14 03:37:12,756 - SUCCESS - 插入或更新 '農情調查' 的 Metadata 成功。
2026-02-14 03:37:12,756 - SUCCESS - 插入或更新 '農情調查' 的 Metadata 成功。
2026-02-14 03:40:39,002 - SUCCESS - 表格<全國單日平均糧價>重複資料清理完成。
2026-02-14 03:40:39,002 - SUCCESS - 表格<全國單日平均糧價>重複資料清理完成。
2026-02-14 03:40:48,356 - SUCCESS - 表格<各觀測站近兩年降雨量>重複資料清理完成。
2026-02-14 03:40:48,356 - SUCCESS - 表格<各觀測站近兩年降雨量>重複資料清理完成。
2026-02-14 03:40:50,704 - SUCCESS - 表格<產銷履歷與有機蔬果行情>重複資料清理完成。
2026-02-14 03:40:50,704 - SUCCESS - 表格<產銷履歷與有機蔬果行情>重複資料清理完成。
2026-02-14 03:40:51,661 - SUCCESS - 表格<糧價查詢>重複資料清理完成。
2026-02-14 03:40:51,661 - SUCCESS - 表格<糧價查詢>重複資料清理完成。
2026-02-14 03:40:56,376 - SUCCESS - 表格<臺灣地區果品生產概況>重複資料清理完成。
2026-02-14 03:40:56,376 - SUCCESS - 表格<臺灣地區果品生產概況>重複資料清理完成。
2026-02-14 03:40:57,356 - SUCCESS - 表格<臺灣地區特用作物生產概況>重複資料清理完成。
2026-02-14 03:40:57,356 - SUCCESS - 表格<臺灣地區特用作物生產概況>重複資料清理完成。
2026-02-14 03:40:59,512 - SUCCESS - 表格<臺灣地區稻作種植、收穫面積及產量>重複資料清理完成。
2026-02-14 03:40:59,512 - SUCCESS - 表格<臺灣地區稻作種植、收穫面積及產量>重複資料清理完成。
2026-02-14 03:40:59,786 - SUCCESS - 表格<臺灣地區稻米生產價值>重複資料清理完成。
2026-02-14 03:40:59,786 - SUCCESS - 表格<臺灣地區稻米生產價值>重複資料清理完成。
2026-02-14 03:41:00,575 - SUCCESS - 表格<臺灣地區蔬菜生產概況>重複資料清理完成。
2026-02-14 03:41:00,575 - SUCCESS - 表格<臺灣地區蔬菜生產概況>重複資料清理完成。
2026-02-14 03:41:00,997 - SUCCESS - 表格<臺灣地區農產品生產量值>重複資料清理完成。
2026-02-14 03:41:00,997 - SUCCESS - 表格<臺灣地區農產品生產量值>重複資料清理完成。
2026-02-14 03:41:02,453 - SUCCESS - 表格<農情調查>重複資料清理完成。
2026-02-14 03:41:02,453 - SUCCESS - 表格<農情調查>重複資料清理完成。
2026-02-14 03:41:38,084 - SUCCESS - 表格<農產品交易行情>重複資料清理完成。
2026-02-14 03:41:38,084 - SUCCESS - 表格<農產品交易行情>重複資料清理完成。
2026-02-14 03:41:40,935 - SUCCESS - 表格<農產品產地價格(月平均價格)>重複資料清理完成。
2026-02-14 03:41:40,935 - SUCCESS - 表格<農產品產地價格(月平均價格)>重複資料清理完成。
2026-02-14 03:41:42,181 - SUCCESS - 表格<農產品產地價格資料>重複資料清理完成。
2026-02-14 03:41:42,181 - SUCCESS - 表格<農產品產地價格資料>重複資料清理完成。
2026-02-14 03:41:43,021 - SUCCESS - 表格<雜糧生產概況>重複資料清理完成。
2026-02-14 03:41:43,021 - SUCCESS - 表格<雜糧生產概況>重複資料清理完成。
2026-02-14 03:41:43,021 - SUCCESS - 表格<農作物統一代碼與農業相關系統之農作物代碼對應>1040016 不需清理重複資料。
2026-02-14 03:41:43,021 - SUCCESS - 表格<農作物統一代碼與農業相關系統之農作物代碼對應>1040016 不需清理重複資料。
2026-02-14 03:41:43,021 - SUCCESS - 表格<農作物統一名稱與代碼>1040017 不需清理重複資料。
2026-02-14 03:41:43,021 - SUCCESS - 表格<農作物統一名稱與代碼>1040017 不需清理重複資料。
2026-02-14 03:49:15,458 - SUCCESS - 表格<全國單日平均糧價>重複資料清理完成。
2026-02-14 03:49:15,458 - SUCCESS - 表格<全國單日平均糧價>重複資料清理完成。
2026-02-14 03:49:23,899 - SUCCESS - 表格<各觀測站近兩年降雨量>重複資料清理完成。
2026-02-14 03:49:23,899 - SUCCESS - 表格<各觀測站近兩年降雨量>重複資料清理完成。
2026-02-14 03:49:25,265 - SUCCESS - 表格<產銷履歷與有機蔬果行情>重複資料清理完成。
2026-02-14 03:49:25,265 - SUCCESS - 表格<產銷履歷與有機蔬果行情>重複資料清理完成。
2026-02-14 03:49:27,899 - SUCCESS - 表格<糧價查詢>重複資料清理完成。
2026-02-14 03:49:27,899 - SUCCESS - 表格<糧價查詢>重複資料清理完成。
2026-02-14 03:49:28,689 - SUCCESS - 表格<臺灣地區果品生產概況>重複資料清理完成。
2026-02-14 03:49:28,689 - SUCCESS - 表格<臺灣地區果品生產概況>重複資料清理完成。
2026-02-14 03:49:29,572 - SUCCESS - 表格<臺灣地區特用作物生產概況>重複資料清理完成。
2026-02-14 03:49:29,572 - SUCCESS - 表格<臺灣地區特用作物生產概況>重複資料清理完成。
2026-02-14 03:49:30,323 - SUCCESS - 表格<臺灣地區稻作種植、收穫面積及產量>重複資料清理完成。
2026-02-14 03:49:30,323 - SUCCESS - 表格<臺灣地區稻作種植、收穫面積及產量>重複資料清理完成。
2026-02-14 03:49:31,069 - SUCCESS - 表格<臺灣地區稻米生產價值>重複資料清理完成。
2026-02-14 03:49:31,069 - SUCCESS - 表格<臺灣地區稻米生產價值>重複資料清理完成。
2026-02-14 03:49:31,605 - SUCCESS - 表格<臺灣地區蔬菜生產概況>重複資料清理完成。
2026-02-14 03:49:31,605 - SUCCESS - 表格<臺灣地區蔬菜生產概況>重複資料清理完成。
2026-02-14 03:49:32,005 - SUCCESS - 表格<臺灣地區農產品生產量值>重複資料清理完成。
2026-02-14 03:49:32,005 - SUCCESS - 表格<臺灣地區農產品生產量值>重複資料清理完成。
2026-02-14 03:49:32,619 - SUCCESS - 表格<農情調查>重複資料清理完成。
2026-02-14 03:49:32,619 - SUCCESS - 表格<農情調查>重複資料清理完成。
2026-02-14 03:49:36,765 - SUCCESS - 表格<農產品交易行情>重複資料清理完成。
2026-02-14 03:49:36,765 - SUCCESS - 表格<農產品交易行情>重複資料清理完成。
2026-02-14 03:49:38,687 - SUCCESS - 表格<農產品產地價格(月平均價格)>重複資料清理完成。
2026-02-14 03:49:38,687 - SUCCESS - 表格<農產品產地價格(月平均價格)>重複資料清理完成。
2026-02-14 03:49:41,792 - SUCCESS - 表格<農產品產地價格資料>重複資料清理完成。
2026-02-14 03:49:41,792 - SUCCESS - 表格<農產品產地價格資料>重複資料清理完成。
2026-02-14 03:49:43,819 - SUCCESS - 表格<雜糧生產概況>重複資料清理完成。
2026-02-14 03:49:43,819 - SUCCESS - 表格<雜糧生產概況>重複資料清理完成。
2026-02-14 03:49:43,819 - SUCCESS - 表格<農作物統一代碼與農業相關系統之農作物代碼對應>1040016 不需清理重複資料。
2026-02-14 03:49:43,819 - SUCCESS - 表格<農作物統一代碼與農業相關系統之農作物代碼對應>1040016 不需清理重複資料。
2026-02-14 03:49:43,819 - SUCCESS - 表格<農作物統一名稱與代碼>1040017 不需清理重複資料。
2026-02-14 03:49:43,819 - SUCCESS - 表格<農作物統一名稱與代碼>1040017 不需清理重複資料。
2026-02-14 03:51:33,830 - SUCCESS - 成功提取 '糧價查詢' 的網頁 Metadata。
2026-02-14 03:51:33,830 - SUCCESS - 成功提取 '糧價查詢' 的網頁 Metadata。
2026-02-14 03:51:35,007 - SUCCESS - 成功提取 '各觀測站近兩年降雨量' 的網頁 Metadata。
2026-02-14 03:51:35,007 - SUCCESS - 成功提取 '各觀測站近兩年降雨量' 的網頁 Metadata。
2026-02-14 03:51:36,185 - SUCCESS - 成功提取 '臺灣地區果品生產概況' 的網頁 Metadata。
2026-02-14 03:51:36,185 - SUCCESS - 成功提取 '臺灣地區果品生產概況' 的網頁 Metadata。
2026-02-14 03:51:37,350 - SUCCESS - 成功提取 '臺灣地區特用作物生產概況' 的網頁 Metadata。
2026-02-14 03:51:37,350 - SUCCESS - 成功提取 '臺灣地區特用作物生產概況' 的網頁 Metadata。
2026-02-14 03:51:38,651 - SUCCESS - 成功提取 '產銷履歷與有機蔬果行情' 的網頁 Metadata。
2026-02-14 03:51:38,651 - SUCCESS - 成功提取 '產銷履歷與有機蔬果行情' 的網頁 Metadata。
2026-02-14 03:51:39,792 - SUCCESS - 成功提取 '農產品產地價格(月平均價格)' 的網頁 Metadata。
2026-02-14 03:51:39,792 - SUCCESS - 成功提取 '農產品產地價格(月平均價格)' 的網頁 Metadata。
2026-02-14 03:51:41,264 - SUCCESS - 成功提取 '農產品交易行情' 的網頁 Metadata。
2026-02-14 03:51:41,264 - SUCCESS - 成功提取 '農產品交易行情' 的網頁 Metadata。
2026-02-14 03:51:42,452 - SUCCESS - 成功提取 '臺灣地區稻作種植、收穫面積及產量' 的網頁 Metadata。
2026-02-14 03:51:42,452 - SUCCESS - 成功提取 '臺灣地區稻作種植、收穫面積及產量' 的網頁 Metadata。
2026-02-14 03:51:43,635 - SUCCESS - 成功提取 '全國單日平均糧價' 的網頁 Metadata。
2026-02-14 03:51:43,635 - SUCCESS - 成功提取 '全國單日平均糧價' 的網頁 Metadata。
2026-02-14 03:51:44,786 - SUCCESS - 成功提取 '臺灣地區稻米生產價值' 的網頁 Metadata。
2026-02-14 03:51:44,786 - SUCCESS - 成功提取 '臺灣地區稻米生產價值' 的網頁 Metadata。
2026-02-14 03:51:45,935 - SUCCESS - 成功提取 '臺灣地區蔬菜生產概況' 的網頁 Metadata。
2026-02-14 03:51:45,935 - SUCCESS - 成功提取 '臺灣地區蔬菜生產概況' 的網頁 Metadata。
2026-02-14 03:51:47,119 - SUCCESS - 成功提取 '臺灣地區農產品生產量值' 的網頁 Metadata。
2026-02-14 03:51:47,119 - SUCCESS - 成功提取 '臺灣地區農產品生產量值' 的網頁 Metadata。
2026-02-14 03:51:48,289 - SUCCESS - 成功提取 '農產品產地價格資料' 的網頁 Metadata。
2026-02-14 03:51:48,289 - SUCCESS - 成功提取 '農產品產地價格資料' 的網頁 Metadata。
2026-02-14 03:51:49,451 - SUCCESS - 成功提取 '雜糧生產概況' 的網頁 Metadata。
2026-02-14 03:51:49,451 - SUCCESS - 成功提取 '雜糧生產概況' 的網頁 Metadata。
2026-02-14 03:51:50,587 - SUCCESS - 成功提取 '農情調查' 的網頁 Metadata。
2026-02-14 03:51:50,587 - SUCCESS - 成功提取 '農情調查' 的網頁 Metadata。
2026-02-14 03:51:51,588 - SUCCESS - 已成功儲存次要資訊。
2026-02-14 03:51:51,588 - SUCCESS - 已成功儲存次要資訊。
2026-02-14 03:51:51,588 - SUCCESS - 更新結果儲存成功:{'糧價查詢': '未更新', '各觀測站近兩年降雨量': '未更新', '臺灣地區果品生產概況': '未更新', '臺灣地區特用作物生產概況': '未更新', '產銷履歷與有機蔬果行情': '未更新', '農產品產地價格(月平均價格)': '未更新', '農產品交易行情': '未更新', '臺灣地區稻作種植、收穫面積及產量': '未更新', '全國單日平均糧價': '未更新', '臺灣地區稻米生產價值': '未更新', '臺灣地區蔬菜生產概況': '未更新', '臺灣地區農產品生產量值': '未更新', '農產品產地價格資料': '未更新', '雜糧生產概況': '未更新', '農情調查': '未更新'}
2026-02-14 03:51:51,588 - SUCCESS - 更新結果儲存成功:{'糧價查詢': '未更新', '各觀測站近兩年降雨量': '未更新', '臺灣地區果品生產概況': '未更新', '臺灣地區特用作物生產概況': '未更新', '產銷履歷與有機蔬果行情': '未更新', '農產品產地價格(月平均價格)': '未更新', '農產品交易行情': '未更新', '臺灣地區稻作種植、收穫面積及產量': '未更新', '全國單日平均糧價': '未更新', '臺灣地區稻米生產價值': '未更新', '臺灣地區蔬菜生產概況': '未更新', '臺灣地區農產品生產量值': '未更新', '農產品產地價格資料': '未更新', '雜糧生產概況': '未更新', '農情調查': '未更新'}
2026-02-14 03:51:51,610 - SUCCESS - 已成功儲存次要資訊到資料庫。
2026-02-14 03:51:51,610 - SUCCESS - 已成功儲存次要資訊到資料庫。
2026-02-14 03:55:27,440 - SUCCESS - 成功提取 '各觀測站近兩年降雨量' 的網頁 Metadata。
2026-02-14 03:55:27,440 - SUCCESS - 成功提取 '各觀測站近兩年降雨量' 的網頁 Metadata。
2026-02-14 03:55:27,493 - SUCCESS - '各觀測站近兩年降雨量' 的 Metadata 已更新到 metadata.json。
2026-02-14 03:55:27,493 - SUCCESS - '各觀測站近兩年降雨量' 的 Metadata 已更新到 metadata.json。
2026-02-14 03:55:27,733 - SUCCESS - <各觀測站近兩年降雨量>的資料已下載完成，共 5411 筆資料。
2026-02-14 03:55:27,733 - SUCCESS - <各觀測站近兩年降雨量>的資料已下載完成，共 5411 筆資料。
2026-02-14 03:55:28,326 - SUCCESS - 已下載、去重並合併資料完成現有資料 5411 條，新資料 5411 條。
2026-02-14 03:55:28,326 - SUCCESS - 已下載、去重並合併資料完成現有資料 5411 條，新資料 5411 條。
2026-02-14 03:55:28,492 - SUCCESS - 已下載 '各觀測站近兩年降雨量' 的原始 JSON 資料路徑: 'C:\Python\data_moa_gov_tw\raw_data\各觀測站近兩年降雨量\各觀測站近兩年降雨量.json'
2026-02-14 03:55:28,492 - SUCCESS - 已下載 '各觀測站近兩年降雨量' 的原始 JSON 資料路徑: 'C:\Python\data_moa_gov_tw\raw_data\各觀測站近兩年降雨量\各觀測站近兩年降雨量.json'
2026-02-14 03:58:33,442 - SUCCESS - 成功提取 '各觀測站近兩年降雨量' 的網頁 Metadata。
2026-02-14 03:58:33,442 - SUCCESS - 成功提取 '各觀測站近兩年降雨量' 的網頁 Metadata。
2026-02-14 03:58:33,473 - SUCCESS - '各觀測站近兩年降雨量' 的 Metadata 已更新到 metadata.json。
2026-02-14 03:58:33,473 - SUCCESS - '各觀測站近兩年降雨量' 的 Metadata 已更新到 metadata.json。
2026-02-14 03:58:33,702 - SUCCESS - <各觀測站近兩年降雨量>的資料已下載完成，共 5411 筆資料。
2026-02-14 03:58:33,702 - SUCCESS - <各觀測站近兩年降雨量>的資料已下載完成，共 5411 筆資料。
2026-02-14 03:58:43,420 - SUCCESS - 已下載、去重並合併資料完成現有資料 5411 條，新資料 5411 條。
2026-02-14 03:58:43,420 - SUCCESS - 已下載、去重並合併資料完成現有資料 5411 條，新資料 5411 條。
2026-02-14 03:58:43,563 - SUCCESS - 已下載 '各觀測站近兩年降雨量' 的原始 JSON 資料路徑: 'C:\Python\data_moa_gov_tw\raw_data\各觀測站近兩年降雨量\各觀測站近兩年降雨量.json'
2026-02-14 03:58:43,563 - SUCCESS - 已下載 '各觀測站近兩年降雨量' 的原始 JSON 資料路徑: 'C:\Python\data_moa_gov_tw\raw_data\各觀測站近兩年降雨量\各觀測站近兩年降雨量.json'
2026-02-14 04:02:40,603 - SUCCESS - 成功提取 '各觀測站近兩年降雨量' 的網頁 Metadata。
2026-02-14 04:02:40,603 - SUCCESS - 成功提取 '各觀測站近兩年降雨量' 的網頁 Metadata。
2026-02-14 04:02:40,654 - SUCCESS - '各觀測站近兩年降雨量' 的 Metadata 已更新到 metadata.json。
2026-02-14 04:02:40,654 - SUCCESS - '各觀測站近兩年降雨量' 的 Metadata 已更新到 metadata.json。
2026-02-14 04:02:40,892 - SUCCESS - <各觀測站近兩年降雨量>的資料已下載完成，共 5411 筆資料。
2026-02-14 04:02:40,892 - SUCCESS - <各觀測站近兩年降雨量>的資料已下載完成，共 5411 筆資料。
2026-02-14 04:02:44,954 - SUCCESS - 已下載、去重並合併資料完成現有資料 5411 條，新資料 5411 條。
2026-02-14 04:02:44,954 - SUCCESS - 已下載、去重並合併資料完成現有資料 5411 條，新資料 5411 條。
2026-02-14 04:02:45,108 - SUCCESS - 已下載 '各觀測站近兩年降雨量' 的原始 JSON 資料路徑: 'C:\Python\data_moa_gov_tw\raw_data\各觀測站近兩年降雨量\各觀測站近兩年降雨量.json'
2026-02-14 04:02:45,108 - SUCCESS - 已下載 '各觀測站近兩年降雨量' 的原始 JSON 資料路徑: 'C:\Python\data_moa_gov_tw\raw_data\各觀測站近兩年降雨量\各觀測站近兩年降雨量.json'
2026-02-14 04:05:56,061 - SUCCESS - 成功提取 '各觀測站近兩年降雨量' 的網頁 Metadata。
2026-02-14 04:05:56,061 - SUCCESS - 成功提取 '各觀測站近兩年降雨量' 的網頁 Metadata。
2026-02-14 04:05:56,117 - SUCCESS - '各觀測站近兩年降雨量' 的 Metadata 已更新到 metadata.json。
2026-02-14 04:05:56,117 - SUCCESS - '各觀測站近兩年降雨量' 的 Metadata 已更新到 metadata.json。
2026-02-14 04:05:56,369 - SUCCESS - <各觀測站近兩年降雨量>的資料已下載完成，共 5411 筆資料。
2026-02-14 04:05:56,369 - SUCCESS - <各觀測站近兩年降雨量>的資料已下載完成，共 5411 筆資料。
2026-02-14 04:05:59,103 - SUCCESS - 已下載、去重並合併資料完成現有資料 5411 條，新資料 5411 條。
2026-02-14 04:05:59,103 - SUCCESS - 已下載、去重並合併資料完成現有資料 5411 條，新資料 5411 條。
2026-02-14 04:05:59,230 - SUCCESS - 已下載 '各觀測站近兩年降雨量' 的原始 JSON 資料路徑: 'C:\Python\data_moa_gov_tw\raw_data\各觀測站近兩年降雨量\各觀測站近兩年降雨量.json'
2026-02-14 04:05:59,230 - SUCCESS - 已下載 '各觀測站近兩年降雨量' 的原始 JSON 資料路徑: 'C:\Python\data_moa_gov_tw\raw_data\各觀測站近兩年降雨量\各觀測站近兩年降雨量.json'
2026-02-14 04:08:27,605 - SUCCESS - 成功提取 '各觀測站近兩年降雨量' 的網頁 Metadata。
2026-02-14 04:08:27,605 - SUCCESS - 成功提取 '各觀測站近兩年降雨量' 的網頁 Metadata。
2026-02-14 04:08:27,649 - SUCCESS - '各觀測站近兩年降雨量' 的 Metadata 已更新到 metadata.json。
2026-02-14 04:08:27,649 - SUCCESS - '各觀測站近兩年降雨量' 的 Metadata 已更新到 metadata.json。
2026-02-14 04:08:27,896 - SUCCESS - <各觀測站近兩年降雨量>的資料已下載完成，共 5411 筆資料。
2026-02-14 04:08:27,896 - SUCCESS - <各觀測站近兩年降雨量>的資料已下載完成，共 5411 筆資料。
2026-02-14 04:08:29,542 - SUCCESS - 已下載、去重並合併資料完成現有資料 5411 條，新資料 5411 條。
2026-02-14 04:08:29,542 - SUCCESS - 已下載、去重並合併資料完成現有資料 5411 條，新資料 5411 條。
2026-02-14 04:08:29,683 - SUCCESS - 插入或更新 '各觀測站近兩年降雨量' 的 Metadata 成功。
2026-02-14 04:08:29,683 - SUCCESS - 插入或更新 '各觀測站近兩年降雨量' 的 Metadata 成功。
2026-02-14 04:08:29,683 - SUCCESS - '各觀測站近兩年降雨量' 的自動更新完成。
2026-02-14 04:08:29,683 - SUCCESS - '各觀測站近兩年降雨量' 的自動更新完成。
2026-02-14 04:08:30,862 - SUCCESS - 成功提取 '臺灣地區果品生產概況' 的網頁 Metadata。
2026-02-14 04:08:30,862 - SUCCESS - 成功提取 '臺灣地區果品生產概況' 的網頁 Metadata。
2026-02-14 04:08:30,916 - SUCCESS - '臺灣地區果品生產概況' 的 Metadata 已更新到 metadata.json。
2026-02-14 04:08:30,916 - SUCCESS - '臺灣地區果品生產概況' 的 Metadata 已更新到 metadata.json。
2026-02-14 04:08:31,763 - SUCCESS - <臺灣地區果品生產概況>的資料已下載完成，共 9999 筆資料。
2026-02-14 04:08:31,763 - SUCCESS - <臺灣地區果品生產概況>的資料已下載完成，共 9999 筆資料。
2026-02-14 04:08:44,474 - SUCCESS - 已下載、去重並合併資料完成現有資料 9999 條，新資料 9999 條。
2026-02-14 04:08:44,474 - SUCCESS - 已下載、去重並合併資料完成現有資料 9999 條，新資料 9999 條。
2026-02-14 04:08:44,676 - SUCCESS - 插入或更新 '臺灣地區果品生產概況' 的 Metadata 成功。
2026-02-14 04:08:44,676 - SUCCESS - 插入或更新 '臺灣地區果品生產概況' 的 Metadata 成功。
2026-02-14 04:08:44,679 - SUCCESS - '臺灣地區果品生產概況' 的自動更新完成。
2026-02-14 04:08:44,679 - SUCCESS - '臺灣地區果品生產概況' 的自動更新完成。
2026-02-14 04:08:45,854 - SUCCESS - 成功提取 '臺灣地區特用作物生產概況' 的網頁 Metadata。
2026-02-14 04:08:45,854 - SUCCESS - 成功提取 '臺灣地區特用作物生產概況' 的網頁 Metadata。
2026-02-14 04:08:45,911 - SUCCESS - '臺灣地區特用作物生產概況' 的 Metadata 已更新到 metadata.json。
2026-02-14 04:08:45,911 - SUCCESS - '臺灣地區特用作物生產概況' 的 Metadata 已更新到 metadata.json。
2026-02-14 04:08:46,172 - SUCCESS - <臺灣地區特用作物生產概況>的資料已下載完成，共 2772 筆資料。
2026-02-14 04:08:46,172 - SUCCESS - <臺灣地區特用作物生產概況>的資料已下載完成，共 2772 筆資料。
2026-02-14 04:09:03,688 - SUCCESS - 已下載、去重並合併資料完成現有資料 2772 條，新資料 2772 條。
2026-02-14 04:09:03,688 - SUCCESS - 已下載、去重並合併資料完成現有資料 2772 條，新資料 2772 條。
2026-02-14 04:09:03,764 - SUCCESS - 插入或更新 '臺灣地區特用作物生產概況' 的 Metadata 成功。
2026-02-14 04:09:03,764 - SUCCESS - 插入或更新 '臺灣地區特用作物生產概況' 的 Metadata 成功。
2026-02-14 04:09:03,764 - SUCCESS - '臺灣地區特用作物生產概況' 的自動更新完成。
2026-02-14 04:09:03,764 - SUCCESS - '臺灣地區特用作物生產概況' 的自動更新完成。
2026-02-14 04:09:05,646 - SUCCESS - 成功提取 '產銷履歷與有機蔬果行情' 的網頁 Metadata。
2026-02-14 04:09:05,646 - SUCCESS - 成功提取 '產銷履歷與有機蔬果行情' 的網頁 Metadata。
2026-02-14 04:09:05,709 - SUCCESS - '產銷履歷與有機蔬果行情' 的 Metadata 已更新到 metadata.json。
2026-02-14 04:09:05,709 - SUCCESS - '產銷履歷與有機蔬果行情' 的 Metadata 已更新到 metadata.json。
2026-02-14 04:09:11,873 - SUCCESS - <產銷履歷與有機蔬果行情>的資料已下載完成，共 4675 筆資料。
2026-02-14 04:09:11,873 - SUCCESS - <產銷履歷與有機蔬果行情>的資料已下載完成，共 4675 筆資料。
2026-02-14 04:09:12,141 - SUCCESS - 已下載、去重並合併資料完成現有資料 4675 條，新資料 4675 條。
2026-02-14 04:09:12,141 - SUCCESS - 已下載、去重並合併資料完成現有資料 4675 條，新資料 4675 條。
2026-02-14 04:09:15,604 - SUCCESS - 插入或更新 '產銷履歷與有機蔬果行情' 的 Metadata 成功。
2026-02-14 04:09:15,604 - SUCCESS - 插入或更新 '產銷履歷與有機蔬果行情' 的 Metadata 成功。
2026-02-14 04:09:15,618 - SUCCESS - '產銷履歷與有機蔬果行情' 的自動更新完成。
2026-02-14 04:09:15,618 - SUCCESS - '產銷履歷與有機蔬果行情' 的自動更新完成。
2026-02-14 04:09:16,737 - SUCCESS - 成功提取 '農產品產地價格(月平均價格)' 的網頁 Metadata。
2026-02-14 04:09:16,737 - SUCCESS - 成功提取 '農產品產地價格(月平均價格)' 的網頁 Metadata。
2026-02-14 04:09:16,793 - SUCCESS - '農產品產地價格(月平均價格)' 的 Metadata 已更新到 metadata.json。
2026-02-14 04:09:16,793 - SUCCESS - '農產品產地價格(月平均價格)' 的 Metadata 已更新到 metadata.json。
2026-02-14 04:09:17,674 - SUCCESS - <農產品產地價格(月平均價格)>的資料已下載完成，共 4285 筆資料。
2026-02-14 04:09:17,674 - SUCCESS - <農產品產地價格(月平均價格)>的資料已下載完成，共 4285 筆資料。
2026-02-14 04:09:30,499 - SUCCESS - 已下載、去重並合併資料完成現有資料 4285 條，新資料 4285 條。
2026-02-14 04:09:30,499 - SUCCESS - 已下載、去重並合併資料完成現有資料 4285 條，新資料 4285 條。
2026-02-14 04:09:30,591 - SUCCESS - 插入或更新 '農產品產地價格(月平均價格)' 的 Metadata 成功。
2026-02-14 04:09:30,591 - SUCCESS - 插入或更新 '農產品產地價格(月平均價格)' 的 Metadata 成功。
2026-02-14 04:09:30,591 - SUCCESS - '農產品產地價格(月平均價格)' 的自動更新完成。
2026-02-14 04:09:30,591 - SUCCESS - '農產品產地價格(月平均價格)' 的自動更新完成。
2026-02-14 04:09:31,833 - SUCCESS - 成功提取 '農產品交易行情' 的網頁 Metadata。
2026-02-14 04:09:31,833 - SUCCESS - 成功提取 '農產品交易行情' 的網頁 Metadata。
2026-02-14 04:09:31,892 - SUCCESS - '農產品交易行情' 的 Metadata 已更新到 metadata.json。
2026-02-14 04:09:31,892 - SUCCESS - '農產品交易行情' 的 Metadata 已更新到 metadata.json。
2026-02-14 04:09:51,361 - SUCCESS - <農產品交易行情>的資料已下載完成，共 11681 筆資料。
2026-02-14 04:09:51,361 - SUCCESS - <農產品交易行情>的資料已下載完成，共 11681 筆資料。
2026-02-14 04:09:59,392 - SUCCESS - 已下載、去重並合併資料完成現有資料 11681 條，新資料 11681 條。
2026-02-14 04:09:59,392 - SUCCESS - 已下載、去重並合併資料完成現有資料 11681 條，新資料 11681 條。
2026-02-14 04:10:05,329 - SUCCESS - 插入或更新 '農產品交易行情' 的 Metadata 成功。
2026-02-14 04:10:05,329 - SUCCESS - 插入或更新 '農產品交易行情' 的 Metadata 成功。
2026-02-14 04:10:05,347 - SUCCESS - '農產品交易行情' 的自動更新完成。
2026-02-14 04:10:05,347 - SUCCESS - '農產品交易行情' 的自動更新完成。
2026-02-14 04:10:06,613 - SUCCESS - 成功提取 '農情調查' 的網頁 Metadata。
2026-02-14 04:10:06,613 - SUCCESS - 成功提取 '農情調查' 的網頁 Metadata。
2026-02-14 04:10:06,665 - SUCCESS - '農情調查' 的 Metadata 已更新到 metadata.json。
2026-02-14 04:10:06,665 - SUCCESS - '農情調查' 的 Metadata 已更新到 metadata.json。
2026-02-14 04:10:09,017 - SUCCESS - <農情調查>的資料已下載完成，共 9999 筆資料。
2026-02-14 04:10:09,017 - SUCCESS - <農情調查>的資料已下載完成，共 9999 筆資料。
2026-02-14 04:10:33,443 - SUCCESS - 已下載、去重並合併資料完成現有資料 9999 條，新資料 9999 條。
2026-02-14 04:10:33,443 - SUCCESS - 已下載、去重並合併資料完成現有資料 9999 條，新資料 9999 條。
2026-02-14 04:10:33,998 - SUCCESS - 插入或更新 '農情調查' 的 Metadata 成功。
2026-02-14 04:10:33,998 - SUCCESS - 插入或更新 '農情調查' 的 Metadata 成功。
2026-02-14 04:10:34,003 - SUCCESS - '農情調查' 的自動更新完成。
2026-02-14 04:10:34,003 - SUCCESS - '農情調查' 的自動更新完成。
2026-02-14 04:10:35,460 - SUCCESS - 成功提取 '臺灣地區稻作種植、收穫面積及產量' 的網頁 Metadata。
2026-02-14 04:10:35,460 - SUCCESS - 成功提取 '臺灣地區稻作種植、收穫面積及產量' 的網頁 Metadata。
2026-02-14 04:10:35,514 - SUCCESS - '臺灣地區稻作種植、收穫面積及產量' 的 Metadata 已更新到 metadata.json。
2026-02-14 04:10:35,514 - SUCCESS - '臺灣地區稻作種植、收穫面積及產量' 的 Metadata 已更新到 metadata.json。
2026-02-14 04:10:35,742 - SUCCESS - <臺灣地區稻作種植、收穫面積及產量>的資料已下載完成，共 2132 筆資料。
2026-02-14 04:10:35,742 - SUCCESS - <臺灣地區稻作種植、收穫面積及產量>的資料已下載完成，共 2132 筆資料。
2026-02-14 04:10:50,728 - SUCCESS - 已下載、去重並合併資料完成現有資料 2132 條，新資料 2132 條。
2026-02-14 04:10:50,728 - SUCCESS - 已下載、去重並合併資料完成現有資料 2132 條，新資料 2132 條。
2026-02-14 04:10:50,793 - SUCCESS - 插入或更新 '臺灣地區稻作種植、收穫面積及產量' 的 Metadata 成功。
2026-02-14 04:10:50,793 - SUCCESS - 插入或更新 '臺灣地區稻作種植、收穫面積及產量' 的 Metadata 成功。
2026-02-14 04:10:50,793 - SUCCESS - '臺灣地區稻作種植、收穫面積及產量' 的自動更新完成。
2026-02-14 04:10:50,793 - SUCCESS - '臺灣地區稻作種植、收穫面積及產量' 的自動更新完成。
2026-02-14 04:10:52,287 - SUCCESS - 成功提取 '全國單日平均糧價' 的網頁 Metadata。
2026-02-14 04:10:52,287 - SUCCESS - 成功提取 '全國單日平均糧價' 的網頁 Metadata。
2026-02-14 04:10:52,342 - SUCCESS - '全國單日平均糧價' 的 Metadata 已更新到 metadata.json。
2026-02-14 04:10:52,342 - SUCCESS - '全國單日平均糧價' 的 Metadata 已更新到 metadata.json。
2026-02-14 04:10:54,039 - SUCCESS - <全國單日平均糧價>的資料已下載完成，共 9194 筆資料。
2026-02-14 04:10:54,039 - SUCCESS - <全國單日平均糧價>的資料已下載完成，共 9194 筆資料。
2026-02-14 04:10:56,714 - SUCCESS - 已下載、去重並合併資料完成現有資料 9194 條，新資料 9194 條。
2026-02-14 04:10:56,714 - SUCCESS - 已下載、去重並合併資料完成現有資料 9194 條，新資料 9194 條。
2026-02-14 04:10:57,062 - SUCCESS - 插入或更新 '全國單日平均糧價' 的 Metadata 成功。
2026-02-14 04:10:57,062 - SUCCESS - 插入或更新 '全國單日平均糧價' 的 Metadata 成功。
2026-02-14 04:10:57,065 - SUCCESS - '全國單日平均糧價' 的自動更新完成。
2026-02-14 04:10:57,065 - SUCCESS - '全國單日平均糧價' 的自動更新完成。
2026-02-14 04:10:58,439 - SUCCESS - 成功提取 '臺灣地區稻米生產價值' 的網頁 Metadata。
2026-02-14 04:10:58,439 - SUCCESS - 成功提取 '臺灣地區稻米生產價值' 的網頁 Metadata。
2026-02-14 04:10:58,493 - SUCCESS - '臺灣地區稻米生產價值' 的 Metadata 已更新到 metadata.json。
2026-02-14 04:10:58,493 - SUCCESS - '臺灣地區稻米生產價值' 的 Metadata 已更新到 metadata.json。
2026-02-14 04:10:58,720 - SUCCESS - <臺灣地區稻米生產價值>的資料已下載完成，共 3051 筆資料。
2026-02-14 04:10:58,720 - SUCCESS - <臺灣地區稻米生產價值>的資料已下載完成，共 3051 筆資料。
2026-02-14 04:15:09,130 - SUCCESS - 已下載、去重並合併資料完成現有資料 3051 條，新資料 3051 條。
2026-02-14 04:15:09,130 - SUCCESS - 已下載、去重並合併資料完成現有資料 3051 條，新資料 3051 條。
2026-02-14 04:15:09,182 - SUCCESS - 插入或更新 '臺灣地區稻米生產價值' 的 Metadata 成功。
2026-02-14 04:15:09,182 - SUCCESS - 插入或更新 '臺灣地區稻米生產價值' 的 Metadata 成功。
2026-02-14 04:15:09,183 - SUCCESS - '臺灣地區稻米生產價值' 的自動更新完成。
2026-02-14 04:15:09,183 - SUCCESS - '臺灣地區稻米生產價值' 的自動更新完成。
2026-02-14 04:15:10,324 - SUCCESS - 成功提取 '臺灣地區蔬菜生產概況' 的網頁 Metadata。
2026-02-14 04:15:10,324 - SUCCESS - 成功提取 '臺灣地區蔬菜生產概況' 的網頁 Metadata。
2026-02-14 04:15:10,381 - SUCCESS - '臺灣地區蔬菜生產概況' 的 Metadata 已更新到 metadata.json。
2026-02-14 04:15:10,381 - SUCCESS - '臺灣地區蔬菜生產概況' 的 Metadata 已更新到 metadata.json。
2026-02-14 04:15:11,059 - SUCCESS - <臺灣地區蔬菜生產概況>的資料已下載完成，共 9999 筆資料。
2026-02-14 04:15:11,059 - SUCCESS - <臺灣地區蔬菜生產概況>的資料已下載完成，共 9999 筆資料。
2026-02-14 04:15:28,933 - SUCCESS - 已下載、去重並合併資料完成現有資料 9999 條，新資料 9999 條。
2026-02-14 04:15:28,933 - SUCCESS - 已下載、去重並合併資料完成現有資料 9999 條，新資料 9999 條。
2026-02-14 04:15:29,145 - SUCCESS - 插入或更新 '臺灣地區蔬菜生產概況' 的 Metadata 成功。
2026-02-14 04:15:29,145 - SUCCESS - 插入或更新 '臺灣地區蔬菜生產概況' 的 Metadata 成功。
2026-02-14 04:15:29,148 - SUCCESS - '臺灣地區蔬菜生產概況' 的自動更新完成。
2026-02-14 04:15:29,148 - SUCCESS - '臺灣地區蔬菜生產概況' 的自動更新完成。
2026-02-14 04:15:30,505 - SUCCESS - 成功提取 '臺灣地區農產品生產量值' 的網頁 Metadata。
2026-02-14 04:15:30,505 - SUCCESS - 成功提取 '臺灣地區農產品生產量值' 的網頁 Metadata。
2026-02-14 04:15:30,547 - SUCCESS - '臺灣地區農產品生產量值' 的 Metadata 已更新到 metadata.json。
2026-02-14 04:15:30,547 - SUCCESS - '臺灣地區農產品生產量值' 的 Metadata 已更新到 metadata.json。
2026-02-14 04:15:31,053 - SUCCESS - <臺灣地區農產品生產量值>的資料已下載完成，共 2432 筆資料。
2026-02-14 04:15:31,053 - SUCCESS - <臺灣地區農產品生產量值>的資料已下載完成，共 2432 筆資料。
2026-02-14 04:15:42,073 - SUCCESS - 已下載、去重並合併資料完成現有資料 2432 條，新資料 2432 條。
2026-02-14 04:15:42,073 - SUCCESS - 已下載、去重並合併資料完成現有資料 2432 條，新資料 2432 條。
2026-02-14 04:15:42,118 - SUCCESS - 插入或更新 '臺灣地區農產品生產量值' 的 Metadata 成功。
2026-02-14 04:15:42,118 - SUCCESS - 插入或更新 '臺灣地區農產品生產量值' 的 Metadata 成功。
2026-02-14 04:15:42,118 - SUCCESS - '臺灣地區農產品生產量值' 的自動更新完成。
2026-02-14 04:15:42,118 - SUCCESS - '臺灣地區農產品生產量值' 的自動更新完成。
2026-02-14 04:15:43,301 - SUCCESS - 成功提取 '農產品產地價格資料' 的網頁 Metadata。
2026-02-14 04:15:43,301 - SUCCESS - 成功提取 '農產品產地價格資料' 的網頁 Metadata。
2026-02-14 04:15:43,352 - SUCCESS - '農產品產地價格資料' 的 Metadata 已更新到 metadata.json。
2026-02-14 04:15:43,352 - SUCCESS - '農產品產地價格資料' 的 Metadata 已更新到 metadata.json。
2026-02-14 04:15:43,853 - SUCCESS - <農產品產地價格資料>的資料已下載完成，共 9999 筆資料。
2026-02-14 04:15:43,853 - SUCCESS - <農產品產地價格資料>的資料已下載完成，共 9999 筆資料。
2026-02-14 04:15:46,137 - SUCCESS - 已下載、去重並合併資料完成現有資料 9999 條，新資料 9999 條。
2026-02-14 04:15:46,137 - SUCCESS - 已下載、去重並合併資料完成現有資料 9999 條，新資料 9999 條。
2026-02-14 04:15:49,574 - SUCCESS - 已下載 '農產品產地價格資料' 的原始 JSON 資料路徑: 'C:\Python\data_moa_gov_tw\raw_data\農產品產地價格資料\農產品產地價格資料.json'
2026-02-14 04:15:49,574 - SUCCESS - 已下載 '農產品產地價格資料' 的原始 JSON 資料路徑: 'C:\Python\data_moa_gov_tw\raw_data\農產品產地價格資料\農產品產地價格資料.json'
2026-02-14 04:16:15,321 - SUCCESS - 插入或更新 '農產品產地價格資料' 的 Metadata 成功。
2026-02-14 04:16:15,321 - SUCCESS - 插入或更新 '農產品產地價格資料' 的 Metadata 成功。
2026-02-14 04:16:15,720 - SUCCESS - 已成功批量插入 '農產品產地價格資料' 的總計 972 條記錄到表格 '1040014' 。
2026-02-14 04:16:15,720 - SUCCESS - 已成功批量插入 '農產品產地價格資料' 的總計 972 條記錄到表格 '1040014' 。
2026-02-14 04:16:15,723 - SUCCESS - '農產品產地價格資料' 的自動更新完成。
2026-02-14 04:16:15,723 - SUCCESS - '農產品產地價格資料' 的自動更新完成。
2026-02-14 04:16:16,922 - SUCCESS - 成功提取 '雜糧生產概況' 的網頁 Metadata。
2026-02-14 04:16:16,922 - SUCCESS - 成功提取 '雜糧生產概況' 的網頁 Metadata。
2026-02-14 04:16:16,973 - SUCCESS - '雜糧生產概況' 的 Metadata 已更新到 metadata.json。
2026-02-14 04:16:16,973 - SUCCESS - '雜糧生產概況' 的 Metadata 已更新到 metadata.json。
2026-02-14 04:16:17,654 - SUCCESS - <雜糧生產概況>的資料已下載完成，共 5246 筆資料。
2026-02-14 04:16:17,654 - SUCCESS - <雜糧生產概況>的資料已下載完成，共 5246 筆資料。
2026-02-14 04:16:23,185 - SUCCESS - 已下載、去重並合併資料完成現有資料 5246 條，新資料 5246 條。
2026-02-14 04:16:23,185 - SUCCESS - 已下載、去重並合併資料完成現有資料 5246 條，新資料 5246 條。
2026-02-14 04:16:23,269 - SUCCESS - 插入或更新 '雜糧生產概況' 的 Metadata 成功。
2026-02-14 04:16:23,269 - SUCCESS - 插入或更新 '雜糧生產概況' 的 Metadata 成功。
2026-02-14 04:16:23,270 - SUCCESS - '雜糧生產概況' 的自動更新完成。
2026-02-14 04:16:23,270 - SUCCESS - '雜糧生產概況' 的自動更新完成。
2026-02-14 04:16:24,413 - SUCCESS - 成功提取 '糧價查詢' 的網頁 Metadata。
2026-02-14 04:16:24,413 - SUCCESS - 成功提取 '糧價查詢' 的網頁 Metadata。
2026-02-14 04:16:24,471 - SUCCESS - '糧價查詢' 的 Metadata 已更新到 metadata.json。
2026-02-14 04:16:24,471 - SUCCESS - '糧價查詢' 的 Metadata 已更新到 metadata.json。
2026-02-14 04:16:25,782 - SUCCESS - <糧價查詢>的資料已下載完成，共 9999 筆資料。
2026-02-14 04:16:25,782 - SUCCESS - <糧價查詢>的資料已下載完成，共 9999 筆資料。
2026-02-14 04:16:43,212 - SUCCESS - 已下載、去重並合併資料完成現有資料 9999 條，新資料 9999 條。
2026-02-14 04:16:43,212 - SUCCESS - 已下載、去重並合併資料完成現有資料 9999 條，新資料 9999 條。
2026-02-14 04:16:45,150 - SUCCESS - 插入或更新 '糧價查詢' 的 Metadata 成功。
2026-02-14 04:16:45,150 - SUCCESS - 插入或更新 '糧價查詢' 的 Metadata 成功。
2026-02-14 04:16:45,161 - SUCCESS - '糧價查詢' 的自動更新完成。
2026-02-14 04:16:45,161 - SUCCESS - '糧價查詢' 的自動更新完成。
2026-02-14 04:16:46,177 - SUCCESS - 已成功儲存次要資訊。
2026-02-14 04:16:46,177 - SUCCESS - 已成功儲存次要資訊。
2026-02-14 04:16:46,177 - SUCCESS - 更新結果儲存成功:{'各觀測站近兩年降雨量': '已更新', '臺灣地區果品生產概況': '已更新', '臺灣地區特用作物生產概況': '已更新', '產銷履歷與有機蔬果行情': '已更新', '農產品產地價格(月平均價格)': '已更新', '農產品交易行情': '已更新', '農情調查': '已更新', '臺灣地區稻作種植、收穫面積及產量': '已更新', '全國單日平均糧價': '已更新', '臺灣地區稻米生產價值': '已更新', '臺灣地區蔬菜生產概況': '已更新', '臺灣地區農產品生產量值': '已更新', '農產品產地價格資料': '已更新', '雜糧生產概況': '已更新', '糧價查詢': '已更新'}
2026-02-14 04:16:46,177 - SUCCESS - 更新結果儲存成功:{'各觀測站近兩年降雨量': '已更新', '臺灣地區果品生產概況': '已更新', '臺灣地區特用作物生產概況': '已更新', '產銷履歷與有機蔬果行情': '已更新', '農產品產地價格(月平均價格)': '已更新', '農產品交易行情': '已更新', '農情調查': '已更新', '臺灣地區稻作種植、收穫面積及產量': '已更新', '全國單日平均糧價': '已更新', '臺灣地區稻米生產價值': '已更新', '臺灣地區蔬菜生產概況': '已更新', '臺灣地區農產品生產量值': '已更新', '農產品產地價格資料': '已更新', '雜糧生產概況': '已更新', '糧價查詢': '已更新'}
2026-02-14 04:16:46,199 - SUCCESS - 已成功儲存次要資訊到資料庫。
2026-02-14 04:16:46,199 - SUCCESS - 已成功儲存次要資訊到資料庫。
2026-02-14 04:18:11,638 - SUCCESS - 成功提取 '臺灣地區果品生產概況' 的網頁 Metadata。
2026-02-14 04:18:11,638 - SUCCESS - 成功提取 '臺灣地區果品生產概況' 的網頁 Metadata。
2026-02-14 04:18:12,819 - SUCCESS - 成功提取 '臺灣地區特用作物生產概況' 的網頁 Metadata。
2026-02-14 04:18:12,819 - SUCCESS - 成功提取 '臺灣地區特用作物生產概況' 的網頁 Metadata。
2026-02-14 04:18:14,054 - SUCCESS - 成功提取 '各觀測站近兩年降雨量' 的網頁 Metadata。
2026-02-14 04:18:14,054 - SUCCESS - 成功提取 '各觀測站近兩年降雨量' 的網頁 Metadata。
2026-02-14 04:18:15,766 - SUCCESS - 成功提取 '產銷履歷與有機蔬果行情' 的網頁 Metadata。
2026-02-14 04:18:15,766 - SUCCESS - 成功提取 '產銷履歷與有機蔬果行情' 的網頁 Metadata。
2026-02-14 04:18:16,995 - SUCCESS - 成功提取 '農產品產地價格(月平均價格)' 的網頁 Metadata。
2026-02-14 04:18:16,995 - SUCCESS - 成功提取 '農產品產地價格(月平均價格)' 的網頁 Metadata。
2026-02-14 04:18:18,165 - SUCCESS - 成功提取 '農產品交易行情' 的網頁 Metadata。
2026-02-14 04:18:18,165 - SUCCESS - 成功提取 '農產品交易行情' 的網頁 Metadata。
2026-02-14 04:18:19,305 - SUCCESS - 成功提取 '全國單日平均糧價' 的網頁 Metadata。
2026-02-14 04:18:19,305 - SUCCESS - 成功提取 '全國單日平均糧價' 的網頁 Metadata。
2026-02-14 04:18:20,432 - SUCCESS - 成功提取 '臺灣地區稻作種植、收穫面積及產量' 的網頁 Metadata。
2026-02-14 04:18:20,432 - SUCCESS - 成功提取 '臺灣地區稻作種植、收穫面積及產量' 的網頁 Metadata。
2026-02-14 04:18:21,614 - SUCCESS - 成功提取 '臺灣地區稻米生產價值' 的網頁 Metadata。
2026-02-14 04:18:21,614 - SUCCESS - 成功提取 '臺灣地區稻米生產價值' 的網頁 Metadata。
2026-02-14 04:18:22,796 - SUCCESS - 成功提取 '臺灣地區蔬菜生產概況' 的網頁 Metadata。
2026-02-14 04:18:22,796 - SUCCESS - 成功提取 '臺灣地區蔬菜生產概況' 的網頁 Metadata。
2026-02-14 04:18:23,931 - SUCCESS - 成功提取 '糧價查詢' 的網頁 Metadata。
2026-02-14 04:18:23,931 - SUCCESS - 成功提取 '糧價查詢' 的網頁 Metadata。
2026-02-14 04:18:25,074 - SUCCESS - 成功提取 '臺灣地區農產品生產量值' 的網頁 Metadata。
2026-02-14 04:18:25,074 - SUCCESS - 成功提取 '臺灣地區農產品生產量值' 的網頁 Metadata。
2026-02-14 04:18:26,262 - SUCCESS - 成功提取 '農情調查' 的網頁 Metadata。
2026-02-14 04:18:26,262 - SUCCESS - 成功提取 '農情調查' 的網頁 Metadata。
2026-02-14 04:18:27,398 - SUCCESS - 成功提取 '農產品產地價格資料' 的網頁 Metadata。
2026-02-14 04:18:27,398 - SUCCESS - 成功提取 '農產品產地價格資料' 的網頁 Metadata。
2026-02-14 04:18:28,578 - SUCCESS - 成功提取 '雜糧生產概況' 的網頁 Metadata。
2026-02-14 04:18:28,578 - SUCCESS - 成功提取 '雜糧生產概況' 的網頁 Metadata。
2026-02-14 04:18:29,590 - SUCCESS - 已成功儲存次要資訊。
2026-02-14 04:18:29,590 - SUCCESS - 已成功儲存次要資訊。
2026-02-14 04:18:29,590 - SUCCESS - 更新結果儲存成功:{'臺灣地區果品生產概況': '未更新', '臺灣地區特用作物生產概況': '未更新', '各觀測站近兩年降雨量': '未更新', '產銷履歷與有機蔬果行情': '未更新', '農產品產地價格(月平均價格)': '未更新', '農產品交易行情': '未更新', '全國單日平均糧價': '未更新', '臺灣地區稻作種植、收穫面積及產量': '未更新', '臺灣地區稻米生產價值': '未更新', '臺灣地區蔬菜生產概況': '未更新', '糧價查詢': '未更新', '臺灣地區農產品生產量值': '未更新', '農情調查': '未更新', '農產品產地價格資料': '未更新', '雜糧生產概況': '未更新'}
2026-02-14 04:18:29,590 - SUCCESS - 更新結果儲存成功:{'臺灣地區果品生產概況': '未更新', '臺灣地區特用作物生產概況': '未更新', '各觀測站近兩年降雨量': '未更新', '產銷履歷與有機蔬果行情': '未更新', '農產品產地價格(月平均價格)': '未更新', '農產品交易行情': '未更新', '全國單日平均糧價': '未更新', '臺灣地區稻作種植、收穫面積及產量': '未更新', '臺灣地區稻米生產價值': '未更新', '臺灣地區蔬菜生產概況': '未更新', '糧價查詢': '未更新', '臺灣地區農產品生產量值': '未更新', '農情調查': '未更新', '農產品產地價格資料': '未更新', '雜糧生產概況': '未更新'}
2026-02-14 04:18:29,612 - SUCCESS - 已成功儲存次要資訊到資料庫。
2026-02-14 04:18:29,612 - SUCCESS - 已成功儲存次要資訊到資料庫。
2026-02-14 23:51:45,230 - SUCCESS - 成功提取 '臺灣地區稻作種植、收穫面積及產量' 的網頁 Metadata。
2026-02-14 23:51:45,230 - SUCCESS - 成功提取 '臺灣地區稻作種植、收穫面積及產量' 的網頁 Metadata。
2026-02-14 23:51:47,048 - SUCCESS - 成功提取 '全國單日平均糧價' 的網頁 Metadata。
2026-02-14 23:51:47,048 - SUCCESS - 成功提取 '全國單日平均糧價' 的網頁 Metadata。
2026-02-14 23:51:47,135 - SUCCESS - '全國單日平均糧價' 的 Metadata 已更新到 metadata.json。
2026-02-14 23:51:47,135 - SUCCESS - '全國單日平均糧價' 的 Metadata 已更新到 metadata.json。
2026-02-14 23:51:51,502 - SUCCESS - <全國單日平均糧價>的資料已下載完成，共 9195 筆資料。
2026-02-14 23:51:51,502 - SUCCESS - <全國單日平均糧價>的資料已下載完成，共 9195 筆資料。
2026-02-14 23:51:51,674 - SUCCESS - 已下載、去重並合併資料完成現有資料 0 條，新資料 0 條。
2026-02-14 23:51:51,674 - SUCCESS - 已下載、去重並合併資料完成現有資料 0 條，新資料 0 條。
2026-02-14 23:51:53,046 - SUCCESS - 成功提取 '臺灣地區稻米生產價值' 的網頁 Metadata。
2026-02-14 23:51:53,046 - SUCCESS - 成功提取 '臺灣地區稻米生產價值' 的網頁 Metadata。
2026-02-14 23:51:54,706 - SUCCESS - 成功提取 '臺灣地區蔬菜生產概況' 的網頁 Metadata。
2026-02-14 23:51:54,706 - SUCCESS - 成功提取 '臺灣地區蔬菜生產概況' 的網頁 Metadata。
2026-02-14 23:51:56,418 - SUCCESS - 成功提取 '臺灣地區農產品生產量值' 的網頁 Metadata。
2026-02-14 23:51:56,418 - SUCCESS - 成功提取 '臺灣地區農產品生產量值' 的網頁 Metadata。
2026-02-14 23:51:58,075 - SUCCESS - 成功提取 '農產品產地價格資料' 的網頁 Metadata。
2026-02-14 23:51:58,075 - SUCCESS - 成功提取 '農產品產地價格資料' 的網頁 Metadata。
2026-02-14 23:51:59,520 - SUCCESS - 成功提取 '雜糧生產概況' 的網頁 Metadata。
2026-02-14 23:51:59,520 - SUCCESS - 成功提取 '雜糧生產概況' 的網頁 Metadata。
2026-02-14 23:52:01,317 - SUCCESS - 成功提取 '農情調查' 的網頁 Metadata。
2026-02-14 23:52:01,317 - SUCCESS - 成功提取 '農情調查' 的網頁 Metadata。
2026-02-14 23:52:01,370 - SUCCESS - '農情調查' 的 Metadata 已更新到 metadata.json。
2026-02-14 23:52:01,370 - SUCCESS - '農情調查' 的 Metadata 已更新到 metadata.json。
2026-02-14 23:52:04,818 - SUCCESS - <農情調查>的資料已下載完成，共 9999 筆資料。
2026-02-14 23:52:04,818 - SUCCESS - <農情調查>的資料已下載完成，共 9999 筆資料。
2026-02-14 23:52:04,842 - SUCCESS - 已下載、去重並合併資料完成現有資料 0 條，新資料 0 條。
2026-02-14 23:52:04,842 - SUCCESS - 已下載、去重並合併資料完成現有資料 0 條，新資料 0 條。
2026-02-14 23:52:06,676 - SUCCESS - 成功提取 '糧價查詢' 的網頁 Metadata。
2026-02-14 23:52:06,676 - SUCCESS - 成功提取 '糧價查詢' 的網頁 Metadata。
2026-02-14 23:52:06,711 - SUCCESS - '糧價查詢' 的 Metadata 已更新到 metadata.json。
2026-02-14 23:52:06,711 - SUCCESS - '糧價查詢' 的 Metadata 已更新到 metadata.json。
2026-02-14 23:52:10,224 - SUCCESS - <糧價查詢>的資料已下載完成，共 9999 筆資料。
2026-02-14 23:52:10,224 - SUCCESS - <糧價查詢>的資料已下載完成，共 9999 筆資料。
2026-02-14 23:52:10,263 - SUCCESS - 已下載、去重並合併資料完成現有資料 0 條，新資料 0 條。
2026-02-14 23:52:10,263 - SUCCESS - 已下載、去重並合併資料完成現有資料 0 條，新資料 0 條。
2026-02-14 23:52:12,162 - SUCCESS - 成功提取 '產銷履歷與有機蔬果行情' 的網頁 Metadata。
2026-02-14 23:52:12,162 - SUCCESS - 成功提取 '產銷履歷與有機蔬果行情' 的網頁 Metadata。
2026-02-14 23:52:12,220 - SUCCESS - '產銷履歷與有機蔬果行情' 的 Metadata 已更新到 metadata.json。
2026-02-14 23:52:12,220 - SUCCESS - '產銷履歷與有機蔬果行情' 的 Metadata 已更新到 metadata.json。
2026-02-14 23:52:17,682 - SUCCESS - <產銷履歷與有機蔬果行情>的資料已下載完成，共 4674 筆資料。
2026-02-14 23:52:17,682 - SUCCESS - <產銷履歷與有機蔬果行情>的資料已下載完成，共 4674 筆資料。
2026-02-14 23:52:17,694 - SUCCESS - 已下載、去重並合併資料完成現有資料 0 條，新資料 0 條。
2026-02-14 23:52:17,694 - SUCCESS - 已下載、去重並合併資料完成現有資料 0 條，新資料 0 條。
2026-02-14 23:52:19,304 - SUCCESS - 成功提取 '各觀測站近兩年降雨量' 的網頁 Metadata。
2026-02-14 23:52:19,304 - SUCCESS - 成功提取 '各觀測站近兩年降雨量' 的網頁 Metadata。
2026-02-14 23:52:21,226 - SUCCESS - 成功提取 '臺灣地區果品生產概況' 的網頁 Metadata。
2026-02-14 23:52:21,226 - SUCCESS - 成功提取 '臺灣地區果品生產概況' 的網頁 Metadata。
2026-02-14 23:52:22,644 - SUCCESS - 成功提取 '臺灣地區特用作物生產概況' 的網頁 Metadata。
2026-02-14 23:52:22,644 - SUCCESS - 成功提取 '臺灣地區特用作物生產概況' 的網頁 Metadata。
2026-02-14 23:52:25,254 - SUCCESS - 成功提取 '農產品產地價格(月平均價格)' 的網頁 Metadata。
2026-02-14 23:52:25,254 - SUCCESS - 成功提取 '農產品產地價格(月平均價格)' 的網頁 Metadata。
2026-02-14 23:52:26,802 - SUCCESS - 成功提取 '農產品交易行情' 的網頁 Metadata。
2026-02-14 23:52:26,802 - SUCCESS - 成功提取 '農產品交易行情' 的網頁 Metadata。
2026-02-14 23:52:26,847 - SUCCESS - '農產品交易行情' 的 Metadata 已更新到 metadata.json。
2026-02-14 23:52:26,847 - SUCCESS - '農產品交易行情' 的 Metadata 已更新到 metadata.json。
2026-02-14 23:52:47,951 - SUCCESS - <農產品交易行情>的資料已下載完成，共 14999 筆資料。
2026-02-14 23:52:47,951 - SUCCESS - <農產品交易行情>的資料已下載完成，共 14999 筆資料。
2026-02-14 23:52:47,990 - SUCCESS - 已下載、去重並合併資料完成現有資料 0 條，新資料 0 條。
2026-02-14 23:52:47,990 - SUCCESS - 已下載、去重並合併資料完成現有資料 0 條，新資料 0 條。
2026-02-14 23:52:48,997 - SUCCESS - 已成功儲存次要資訊。
2026-02-14 23:52:48,997 - SUCCESS - 已成功儲存次要資訊。
2026-02-14 23:52:48,997 - SUCCESS - 更新結果儲存成功:{'臺灣地區稻作種植、收穫面積及產量': '未更新', '全國單日平均糧價': '未更新', '臺灣地區稻米生產價值': '未更新', '臺灣地區蔬菜生產概況': '未更新', '臺灣地區農產品生產量值': '未更新', '農產品產地價格資料': '未更新', '雜糧生產概況': '未更新', '農情調查': '未更新', '糧價查詢': '未更新', '產銷履歷與有機蔬果行情': '未更新', '各觀測站近兩年降雨量': '未更新', '臺灣地區果品生產概況': '未更新', '臺灣地區特用作物生產概況': '未更新', '農產品產地價格(月平均價格)': '未更新', '農產品交易行情': '未更新'}
2026-02-14 23:52:48,997 - SUCCESS - 更新結果儲存成功:{'臺灣地區稻作種植、收穫面積及產量': '未更新', '全國單日平均糧價': '未更新', '臺灣地區稻米生產價值': '未更新', '臺灣地區蔬菜生產概況': '未更新', '臺灣地區農產品生產量值': '未更新', '農產品產地價格資料': '未更新', '雜糧生產概況': '未更新', '農情調查': '未更新', '糧價查詢': '未更新', '產銷履歷與有機蔬果行情': '未更新', '各觀測站近兩年降雨量': '未更新', '臺灣地區果品生產概況': '未更新', '臺灣地區特用作物生產概況': '未更新', '農產品產地價格(月平均價格)': '未更新', '農產品交易行情': '未更新'}
2026-02-14 23:52:49,038 - SUCCESS - 已成功儲存次要資訊到資料庫。
2026-02-14 23:52:49,038 - SUCCESS - 已成功儲存次要資訊到資料庫。
