2026-01-10 00:01:03,238 - SUCCESS - 成功提取 '全國單日平均糧價' 的網頁 Metadata。
2026-01-10 00:01:03,238 - SUCCESS - 成功提取 '全國單日平均糧價' 的網頁 Metadata。
2026-01-10 00:01:03,313 - SUCCESS - '全國單日平均糧價' 的 Metadata 已更新到 metadata.json。
2026-01-10 00:01:03,313 - SUCCESS - '全國單日平均糧價' 的 Metadata 已更新到 metadata.json。
2026-01-10 00:01:29,010 - SUCCESS - <全國單日平均糧價>的資料已下載完成，共 9160 筆資料。
2026-01-10 00:01:29,010 - SUCCESS - <全國單日平均糧價>的資料已下載完成，共 9160 筆資料。
2026-01-10 00:01:29,888 - SUCCESS - 已下載、去重並合併資料完成現有資料 9160 條，新資料 1 條。
2026-01-10 00:01:29,888 - SUCCESS - 已下載、去重並合併資料完成現有資料 9160 條，新資料 1 條。
2026-01-10 00:01:29,926 - SUCCESS - 已下載 '全國單日平均糧價' 的原始 JSON 資料路徑: 'C:\Python\data_moa_gov_tw\raw_data\全國單日平均糧價\全國單日平均糧價.json'
2026-01-10 00:01:29,926 - SUCCESS - 已下載 '全國單日平均糧價' 的原始 JSON 資料路徑: 'C:\Python\data_moa_gov_tw\raw_data\全國單日平均糧價\全國單日平均糧價.json'
2026-01-10 00:01:29,952 - SUCCESS - 插入或更新 '全國單日平均糧價' 的 Metadata 成功。
2026-01-10 00:01:29,952 - SUCCESS - 插入或更新 '全國單日平均糧價' 的 Metadata 成功。
2026-01-10 00:01:29,956 - SUCCESS - 已成功批量插入 '全國單日平均糧價' 的總計 1 條記錄到表格 '1040001' 。
2026-01-10 00:01:29,956 - SUCCESS - 已成功批量插入 '全國單日平均糧價' 的總計 1 條記錄到表格 '1040001' 。
2026-01-10 00:01:29,964 - SUCCESS - '全國單日平均糧價' 的自動更新完成。
2026-01-10 00:01:29,964 - SUCCESS - '全國單日平均糧價' 的自動更新完成。
2026-01-10 00:01:31,714 - SUCCESS - 成功提取 '各觀測站近兩年降雨量' 的網頁 Metadata。
2026-01-10 00:01:31,714 - SUCCESS - 成功提取 '各觀測站近兩年降雨量' 的網頁 Metadata。
2026-01-10 00:01:33,510 - SUCCESS - 成功提取 '產銷履歷與有機蔬果行情' 的網頁 Metadata。
2026-01-10 00:01:33,510 - SUCCESS - 成功提取 '產銷履歷與有機蔬果行情' 的網頁 Metadata。
2026-01-10 00:01:33,563 - SUCCESS - '產銷履歷與有機蔬果行情' 的 Metadata 已更新到 metadata.json。
2026-01-10 00:01:33,563 - SUCCESS - '產銷履歷與有機蔬果行情' 的 Metadata 已更新到 metadata.json。
2026-01-10 00:01:39,695 - SUCCESS - <產銷履歷與有機蔬果行情>的資料已下載完成，共 2776 筆資料。
2026-01-10 00:01:39,695 - SUCCESS - <產銷履歷與有機蔬果行情>的資料已下載完成，共 2776 筆資料。
2026-01-10 00:02:06,499 - SUCCESS - 已下載、去重並合併資料完成現有資料 325144 條，新資料 2408 條。
2026-01-10 00:02:06,499 - SUCCESS - 已下載、去重並合併資料完成現有資料 325144 條，新資料 2408 條。
2026-01-10 00:02:08,403 - SUCCESS - 已下載 '產銷履歷與有機蔬果行情' 的原始 JSON 資料路徑: 'C:\Python\data_moa_gov_tw\raw_data\產銷履歷與有機蔬果行情\產銷履歷與有機蔬果行情.json'
2026-01-10 00:02:08,403 - SUCCESS - 已下載 '產銷履歷與有機蔬果行情' 的原始 JSON 資料路徑: 'C:\Python\data_moa_gov_tw\raw_data\產銷履歷與有機蔬果行情\產銷履歷與有機蔬果行情.json'
2026-01-10 00:02:08,411 - SUCCESS - 插入或更新 '產銷履歷與有機蔬果行情' 的 Metadata 成功。
2026-01-10 00:02:08,411 - SUCCESS - 插入或更新 '產銷履歷與有機蔬果行情' 的 Metadata 成功。
2026-01-10 00:02:09,505 - SUCCESS - 已成功批量插入 '產銷履歷與有機蔬果行情' 的總計 2408 條記錄到表格 '1040003' 。
2026-01-10 00:02:09,505 - SUCCESS - 已成功批量插入 '產銷履歷與有機蔬果行情' 的總計 2408 條記錄到表格 '1040003' 。
2026-01-10 00:02:09,620 - SUCCESS - '產銷履歷與有機蔬果行情' 的自動更新完成。
2026-01-10 00:02:09,620 - SUCCESS - '產銷履歷與有機蔬果行情' 的自動更新完成。
2026-01-10 00:02:13,853 - SUCCESS - 成功提取 '糧價查詢' 的網頁 Metadata。
2026-01-10 00:02:13,853 - SUCCESS - 成功提取 '糧價查詢' 的網頁 Metadata。
2026-01-10 00:02:13,897 - SUCCESS - '糧價查詢' 的 Metadata 已更新到 metadata.json。
2026-01-10 00:02:13,897 - SUCCESS - '糧價查詢' 的 Metadata 已更新到 metadata.json。
2026-01-10 00:02:16,231 - SUCCESS - <糧價查詢>的資料已下載完成，共 9999 筆資料。
2026-01-10 00:02:16,231 - SUCCESS - <糧價查詢>的資料已下載完成，共 9999 筆資料。
2026-01-10 00:02:17,064 - SUCCESS - 已下載、去重並合併資料完成現有資料 10895 條，新資料 20 條。
2026-01-10 00:02:17,064 - SUCCESS - 已下載、去重並合併資料完成現有資料 10895 條，新資料 20 條。
2026-01-10 00:02:17,901 - SUCCESS - 已下載 '糧價查詢' 的原始 JSON 資料路徑: 'C:\Python\data_moa_gov_tw\raw_data\糧價查詢\糧價查詢.json'
2026-01-10 00:02:17,901 - SUCCESS - 已下載 '糧價查詢' 的原始 JSON 資料路徑: 'C:\Python\data_moa_gov_tw\raw_data\糧價查詢\糧價查詢.json'
2026-01-10 00:02:17,907 - SUCCESS - 插入或更新 '糧價查詢' 的 Metadata 成功。
2026-01-10 00:02:17,907 - SUCCESS - 插入或更新 '糧價查詢' 的 Metadata 成功。
2026-01-10 00:02:17,931 - SUCCESS - 已成功批量插入 '糧價查詢' 的總計 20 條記錄到表格 '1040004' 。
2026-01-10 00:02:17,931 - SUCCESS - 已成功批量插入 '糧價查詢' 的總計 20 條記錄到表格 '1040004' 。
2026-01-10 00:02:17,938 - SUCCESS - '糧價查詢' 的自動更新完成。
2026-01-10 00:02:17,938 - SUCCESS - '糧價查詢' 的自動更新完成。
2026-01-10 00:02:21,665 - SUCCESS - 成功提取 '臺灣地區果品生產概況' 的網頁 Metadata。
2026-01-10 00:02:21,665 - SUCCESS - 成功提取 '臺灣地區果品生產概況' 的網頁 Metadata。
2026-01-10 00:02:25,493 - SUCCESS - 成功提取 '臺灣地區特用作物生產概況' 的網頁 Metadata。
2026-01-10 00:02:25,493 - SUCCESS - 成功提取 '臺灣地區特用作物生產概況' 的網頁 Metadata。
2026-01-10 00:02:27,267 - SUCCESS - 成功提取 '臺灣地區稻作種植、收穫面積及產量' 的網頁 Metadata。
2026-01-10 00:02:27,267 - SUCCESS - 成功提取 '臺灣地區稻作種植、收穫面積及產量' 的網頁 Metadata。
2026-01-10 00:02:28,946 - SUCCESS - 成功提取 '臺灣地區稻米生產價值' 的網頁 Metadata。
2026-01-10 00:02:28,946 - SUCCESS - 成功提取 '臺灣地區稻米生產價值' 的網頁 Metadata。
2026-01-10 00:02:32,468 - SUCCESS - 成功提取 '臺灣地區蔬菜生產概況' 的網頁 Metadata。
2026-01-10 00:02:32,468 - SUCCESS - 成功提取 '臺灣地區蔬菜生產概況' 的網頁 Metadata。
2026-01-10 00:02:34,186 - SUCCESS - 成功提取 '臺灣地區農產品生產量值' 的網頁 Metadata。
2026-01-10 00:02:34,186 - SUCCESS - 成功提取 '臺灣地區農產品生產量值' 的網頁 Metadata。
2026-01-10 00:02:36,023 - SUCCESS - 成功提取 '農情調查' 的網頁 Metadata。
2026-01-10 00:02:36,023 - SUCCESS - 成功提取 '農情調查' 的網頁 Metadata。
2026-01-10 00:02:36,070 - SUCCESS - '農情調查' 的 Metadata 已更新到 metadata.json。
2026-01-10 00:02:36,070 - SUCCESS - '農情調查' 的 Metadata 已更新到 metadata.json。
2026-01-10 00:02:41,093 - SUCCESS - <農情調查>的資料已下載完成，共 9999 筆資料。
2026-01-10 00:02:41,093 - SUCCESS - <農情調查>的資料已下載完成，共 9999 筆資料。
2026-01-10 00:02:42,162 - SUCCESS - 已下載、去重並合併資料完成現有資料 45259 條，新資料 0 條。
2026-01-10 00:02:42,162 - SUCCESS - 已下載、去重並合併資料完成現有資料 45259 條，新資料 0 條。
2026-01-10 00:02:42,514 - SUCCESS - 插入或更新 '農情調查' 的 Metadata 成功。
2026-01-10 00:02:42,514 - SUCCESS - 插入或更新 '農情調查' 的 Metadata 成功。
2026-01-10 00:02:42,528 - SUCCESS - '農情調查' 的自動更新完成。
2026-01-10 00:02:42,528 - SUCCESS - '農情調查' 的自動更新完成。
2026-01-10 00:02:44,449 - SUCCESS - 成功提取 '農產品交易行情' 的網頁 Metadata。
2026-01-10 00:02:44,449 - SUCCESS - 成功提取 '農產品交易行情' 的網頁 Metadata。
2026-01-10 00:02:44,494 - SUCCESS - '農產品交易行情' 的 Metadata 已更新到 metadata.json。
2026-01-10 00:02:44,494 - SUCCESS - '農產品交易行情' 的 Metadata 已更新到 metadata.json。
2026-01-10 00:02:59,044 - SUCCESS - <農產品交易行情>的資料已下載完成，共 8707 筆資料。
2026-01-10 00:02:59,044 - SUCCESS - <農產品交易行情>的資料已下載完成，共 8707 筆資料。
2026-01-10 00:03:29,370 - SUCCESS - 已下載、去重並合併資料完成現有資料 597510 條，新資料 3580 條。
2026-01-10 00:03:29,370 - SUCCESS - 已下載、去重並合併資料完成現有資料 597510 條，新資料 3580 條。
2026-01-10 00:03:32,542 - SUCCESS - 已下載 '農產品交易行情' 的原始 JSON 資料路徑: 'C:\Python\data_moa_gov_tw\raw_data\農產品交易行情\農產品交易行情.json'
2026-01-10 00:03:32,542 - SUCCESS - 已下載 '農產品交易行情' 的原始 JSON 資料路徑: 'C:\Python\data_moa_gov_tw\raw_data\農產品交易行情\農產品交易行情.json'
2026-01-10 00:03:32,548 - SUCCESS - 插入或更新 '農產品交易行情' 的 Metadata 成功。
2026-01-10 00:03:32,548 - SUCCESS - 插入或更新 '農產品交易行情' 的 Metadata 成功。
2026-01-10 00:03:34,578 - SUCCESS - 已成功批量插入 '農產品交易行情' 的總計 3580 條記錄到表格 '1040012' 。
2026-01-10 00:03:34,578 - SUCCESS - 已成功批量插入 '農產品交易行情' 的總計 3580 條記錄到表格 '1040012' 。
2026-01-10 00:03:34,956 - SUCCESS - '農產品交易行情' 的自動更新完成。
2026-01-10 00:03:34,956 - SUCCESS - '農產品交易行情' 的自動更新完成。
2026-01-10 00:03:38,479 - SUCCESS - 成功提取 '農產品產地價格(月平均價格)' 的網頁 Metadata。
2026-01-10 00:03:38,479 - SUCCESS - 成功提取 '農產品產地價格(月平均價格)' 的網頁 Metadata。
2026-01-10 00:03:40,073 - SUCCESS - 成功提取 '農產品產地價格資料' 的網頁 Metadata。
2026-01-10 00:03:40,073 - SUCCESS - 成功提取 '農產品產地價格資料' 的網頁 Metadata。
2026-01-10 00:03:40,117 - SUCCESS - '農產品產地價格資料' 的 Metadata 已更新到 metadata.json。
2026-01-10 00:03:40,117 - SUCCESS - '農產品產地價格資料' 的 Metadata 已更新到 metadata.json。
2026-01-10 00:03:41,466 - SUCCESS - <農產品產地價格資料>的資料已下載完成，共 9999 筆資料。
2026-01-10 00:03:41,466 - SUCCESS - <農產品產地價格資料>的資料已下載完成，共 9999 筆資料。
2026-01-10 00:04:29,895 - SUCCESS - 已下載、去重並合併資料完成現有資料 348264 條，新資料 10 條。
2026-01-10 00:04:29,895 - SUCCESS - 已下載、去重並合併資料完成現有資料 348264 條，新資料 10 條。
2026-01-10 00:04:31,977 - SUCCESS - 已下載 '農產品產地價格資料' 的原始 JSON 資料路徑: 'C:\Python\data_moa_gov_tw\raw_data\農產品產地價格資料\農產品產地價格資料.json'
2026-01-10 00:04:31,977 - SUCCESS - 已下載 '農產品產地價格資料' 的原始 JSON 資料路徑: 'C:\Python\data_moa_gov_tw\raw_data\農產品產地價格資料\農產品產地價格資料.json'
2026-01-10 00:04:31,983 - SUCCESS - 插入或更新 '農產品產地價格資料' 的 Metadata 成功。
2026-01-10 00:04:31,983 - SUCCESS - 插入或更新 '農產品產地價格資料' 的 Metadata 成功。
2026-01-10 00:04:31,994 - SUCCESS - 已成功批量插入 '農產品產地價格資料' 的總計 10 條記錄到表格 '1040014' 。
2026-01-10 00:04:31,994 - SUCCESS - 已成功批量插入 '農產品產地價格資料' 的總計 10 條記錄到表格 '1040014' 。
2026-01-10 00:04:32,078 - SUCCESS - '農產品產地價格資料' 的自動更新完成。
2026-01-10 00:04:32,078 - SUCCESS - '農產品產地價格資料' 的自動更新完成。
2026-01-10 00:04:33,917 - SUCCESS - 成功提取 '雜糧生產概況' 的網頁 Metadata。
2026-01-10 00:04:33,917 - SUCCESS - 成功提取 '雜糧生產概況' 的網頁 Metadata。
2026-01-10 00:04:34,926 - SUCCESS - 已成功儲存次要資訊。
2026-01-10 00:04:34,926 - SUCCESS - 已成功儲存次要資訊。
2026-01-10 00:04:34,927 - SUCCESS - 更新結果儲存成功:{'全國單日平均糧價': '已更新', '各觀測站近兩年降雨量': '未更新', '產銷履歷與有機蔬果行情': '已更新', '糧價查詢': '已更新', '臺灣地區果品生產概況': '未更新', '臺灣地區特用作物生產概況': '未更新', '臺灣地區稻作種植、收穫面積及產量': '未更新', '臺灣地區稻米生產價值': '未更新', '臺灣地區蔬菜生產概況': '未更新', '臺灣地區農產品生產量值': '未更新', '農情調查': '已更新', '農產品交易行情': '已更新', '農產品產地價格(月平均價格)': '未更新', '農產品產地價格資料': '已更新', '雜糧生產概況': '未更新'}
2026-01-10 00:04:34,927 - SUCCESS - 更新結果儲存成功:{'全國單日平均糧價': '已更新', '各觀測站近兩年降雨量': '未更新', '產銷履歷與有機蔬果行情': '已更新', '糧價查詢': '已更新', '臺灣地區果品生產概況': '未更新', '臺灣地區特用作物生產概況': '未更新', '臺灣地區稻作種植、收穫面積及產量': '未更新', '臺灣地區稻米生產價值': '未更新', '臺灣地區蔬菜生產概況': '未更新', '臺灣地區農產品生產量值': '未更新', '農情調查': '已更新', '農產品交易行情': '已更新', '農產品產地價格(月平均價格)': '未更新', '農產品產地價格資料': '已更新', '雜糧生產概況': '未更新'}
2026-01-10 21:57:03,637 - SUCCESS - 成功提取 '全國單日平均糧價' 的網頁 Metadata。
2026-01-10 21:57:03,637 - SUCCESS - 成功提取 '全國單日平均糧價' 的網頁 Metadata。
2026-01-10 21:57:03,670 - SUCCESS - '全國單日平均糧價' 的 Metadata 已更新到 metadata.json。
2026-01-10 21:57:03,670 - SUCCESS - '全國單日平均糧價' 的 Metadata 已更新到 metadata.json。
2026-01-10 21:57:12,499 - SUCCESS - <全國單日平均糧價>的資料已下載完成，共 9160 筆資料。
2026-01-10 21:57:12,499 - SUCCESS - <全國單日平均糧價>的資料已下載完成，共 9160 筆資料。
2026-01-10 21:57:12,950 - SUCCESS - 已下載、去重並合併資料完成現有資料 9160 條，新資料 0 條。
2026-01-10 21:57:12,950 - SUCCESS - 已下載、去重並合併資料完成現有資料 9160 條，新資料 0 條。
2026-01-10 21:57:13,008 - SUCCESS - 插入或更新 '全國單日平均糧價' 的 Metadata 成功。
2026-01-10 21:57:13,008 - SUCCESS - 插入或更新 '全國單日平均糧價' 的 Metadata 成功。
2026-01-10 21:57:13,012 - SUCCESS - '全國單日平均糧價' 的自動更新完成。
2026-01-10 21:57:13,012 - SUCCESS - '全國單日平均糧價' 的自動更新完成。
2026-01-10 21:57:14,732 - SUCCESS - 成功提取 '各觀測站近兩年降雨量' 的網頁 Metadata。
2026-01-10 21:57:14,732 - SUCCESS - 成功提取 '各觀測站近兩年降雨量' 的網頁 Metadata。
2026-01-10 21:57:16,472 - SUCCESS - 成功提取 '產銷履歷與有機蔬果行情' 的網頁 Metadata。
2026-01-10 21:57:16,472 - SUCCESS - 成功提取 '產銷履歷與有機蔬果行情' 的網頁 Metadata。
2026-01-10 21:57:16,512 - SUCCESS - '產銷履歷與有機蔬果行情' 的 Metadata 已更新到 metadata.json。
2026-01-10 21:57:16,512 - SUCCESS - '產銷履歷與有機蔬果行情' 的 Metadata 已更新到 metadata.json。
2026-01-10 21:57:21,129 - SUCCESS - <產銷履歷與有機蔬果行情>的資料已下載完成，共 4730 筆資料。
2026-01-10 21:57:21,129 - SUCCESS - <產銷履歷與有機蔬果行情>的資料已下載完成，共 4730 筆資料。
2026-01-10 21:57:42,725 - SUCCESS - 已下載、去重並合併資料完成現有資料 327466 條，新資料 2322 條。
2026-01-10 21:57:42,725 - SUCCESS - 已下載、去重並合併資料完成現有資料 327466 條，新資料 2322 條。
2026-01-10 21:57:44,346 - SUCCESS - 已下載 '產銷履歷與有機蔬果行情' 的原始 JSON 資料路徑: 'C:\Python\data_moa_gov_tw\raw_data\產銷履歷與有機蔬果行情\產銷履歷與有機蔬果行情.json'
2026-01-10 21:57:44,346 - SUCCESS - 已下載 '產銷履歷與有機蔬果行情' 的原始 JSON 資料路徑: 'C:\Python\data_moa_gov_tw\raw_data\產銷履歷與有機蔬果行情\產銷履歷與有機蔬果行情.json'
2026-01-10 21:57:44,351 - SUCCESS - 插入或更新 '產銷履歷與有機蔬果行情' 的 Metadata 成功。
2026-01-10 21:57:44,351 - SUCCESS - 插入或更新 '產銷履歷與有機蔬果行情' 的 Metadata 成功。
2026-01-10 21:57:45,219 - SUCCESS - 已成功批量插入 '產銷履歷與有機蔬果行情' 的總計 2322 條記錄到表格 '1040003' 。
2026-01-10 21:57:45,219 - SUCCESS - 已成功批量插入 '產銷履歷與有機蔬果行情' 的總計 2322 條記錄到表格 '1040003' 。
2026-01-10 21:57:45,303 - SUCCESS - '產銷履歷與有機蔬果行情' 的自動更新完成。
2026-01-10 21:57:45,303 - SUCCESS - '產銷履歷與有機蔬果行情' 的自動更新完成。
2026-01-10 21:57:47,733 - SUCCESS - 成功提取 '糧價查詢' 的網頁 Metadata。
2026-01-10 21:57:47,733 - SUCCESS - 成功提取 '糧價查詢' 的網頁 Metadata。
2026-01-10 21:57:47,781 - SUCCESS - '糧價查詢' 的 Metadata 已更新到 metadata.json。
2026-01-10 21:57:47,781 - SUCCESS - '糧價查詢' 的 Metadata 已更新到 metadata.json。
2026-01-10 21:57:50,021 - SUCCESS - <糧價查詢>的資料已下載完成，共 9999 筆資料。
2026-01-10 21:57:50,021 - SUCCESS - <糧價查詢>的資料已下載完成，共 9999 筆資料。
2026-01-10 21:57:50,799 - SUCCESS - 已下載、去重並合併資料完成現有資料 10915 條，新資料 20 條。
2026-01-10 21:57:50,799 - SUCCESS - 已下載、去重並合併資料完成現有資料 10915 條，新資料 20 條。
2026-01-10 21:57:51,524 - SUCCESS - 已下載 '糧價查詢' 的原始 JSON 資料路徑: 'C:\Python\data_moa_gov_tw\raw_data\糧價查詢\糧價查詢.json'
2026-01-10 21:57:51,524 - SUCCESS - 已下載 '糧價查詢' 的原始 JSON 資料路徑: 'C:\Python\data_moa_gov_tw\raw_data\糧價查詢\糧價查詢.json'
2026-01-10 21:57:51,530 - SUCCESS - 插入或更新 '糧價查詢' 的 Metadata 成功。
2026-01-10 21:57:51,530 - SUCCESS - 插入或更新 '糧價查詢' 的 Metadata 成功。
2026-01-10 21:57:51,545 - SUCCESS - 已成功批量插入 '糧價查詢' 的總計 20 條記錄到表格 '1040004' 。
2026-01-10 21:57:51,545 - SUCCESS - 已成功批量插入 '糧價查詢' 的總計 20 條記錄到表格 '1040004' 。
2026-01-10 21:57:51,550 - SUCCESS - '糧價查詢' 的自動更新完成。
2026-01-10 21:57:51,550 - SUCCESS - '糧價查詢' 的自動更新完成。
2026-01-10 21:57:54,881 - SUCCESS - 成功提取 '臺灣地區果品生產概況' 的網頁 Metadata。
2026-01-10 21:57:54,881 - SUCCESS - 成功提取 '臺灣地區果品生產概況' 的網頁 Metadata。
2026-01-10 21:57:57,402 - SUCCESS - 成功提取 '臺灣地區特用作物生產概況' 的網頁 Metadata。
2026-01-10 21:57:57,402 - SUCCESS - 成功提取 '臺灣地區特用作物生產概況' 的網頁 Metadata。
2026-01-10 21:57:58,865 - SUCCESS - 成功提取 '臺灣地區稻作種植、收穫面積及產量' 的網頁 Metadata。
2026-01-10 21:57:58,865 - SUCCESS - 成功提取 '臺灣地區稻作種植、收穫面積及產量' 的網頁 Metadata。
2026-01-10 21:58:00,441 - SUCCESS - 成功提取 '臺灣地區稻米生產價值' 的網頁 Metadata。
2026-01-10 21:58:00,441 - SUCCESS - 成功提取 '臺灣地區稻米生產價值' 的網頁 Metadata。
2026-01-10 21:58:02,604 - SUCCESS - 成功提取 '臺灣地區蔬菜生產概況' 的網頁 Metadata。
2026-01-10 21:58:02,604 - SUCCESS - 成功提取 '臺灣地區蔬菜生產概況' 的網頁 Metadata。
2026-01-10 21:58:04,098 - SUCCESS - 成功提取 '臺灣地區農產品生產量值' 的網頁 Metadata。
2026-01-10 21:58:04,098 - SUCCESS - 成功提取 '臺灣地區農產品生產量值' 的網頁 Metadata。
2026-01-10 21:58:05,723 - SUCCESS - 成功提取 '農情調查' 的網頁 Metadata。
2026-01-10 21:58:05,723 - SUCCESS - 成功提取 '農情調查' 的網頁 Metadata。
2026-01-10 21:58:05,761 - SUCCESS - '農情調查' 的 Metadata 已更新到 metadata.json。
2026-01-10 21:58:05,761 - SUCCESS - '農情調查' 的 Metadata 已更新到 metadata.json。
2026-01-10 21:58:10,587 - SUCCESS - <農情調查>的資料已下載完成，共 9999 筆資料。
2026-01-10 21:58:10,587 - SUCCESS - <農情調查>的資料已下載完成，共 9999 筆資料。
2026-01-10 21:58:11,648 - SUCCESS - 已下載、去重並合併資料完成現有資料 45259 條，新資料 0 條。
2026-01-10 21:58:11,648 - SUCCESS - 已下載、去重並合併資料完成現有資料 45259 條，新資料 0 條。
2026-01-10 21:58:11,892 - SUCCESS - 插入或更新 '農情調查' 的 Metadata 成功。
2026-01-10 21:58:11,892 - SUCCESS - 插入或更新 '農情調查' 的 Metadata 成功。
2026-01-10 21:58:11,904 - SUCCESS - '農情調查' 的自動更新完成。
2026-01-10 21:58:11,904 - SUCCESS - '農情調查' 的自動更新完成。
2026-01-10 21:58:13,509 - SUCCESS - 成功提取 '農產品交易行情' 的網頁 Metadata。
2026-01-10 21:58:13,509 - SUCCESS - 成功提取 '農產品交易行情' 的網頁 Metadata。
2026-01-10 21:58:13,551 - SUCCESS - '農產品交易行情' 的 Metadata 已更新到 metadata.json。
2026-01-10 21:58:13,551 - SUCCESS - '農產品交易行情' 的 Metadata 已更新到 metadata.json。
2026-01-10 21:58:26,326 - SUCCESS - <農產品交易行情>的資料已下載完成，共 11677 筆資料。
2026-01-10 21:58:26,326 - SUCCESS - <農產品交易行情>的資料已下載完成，共 11677 筆資料。
2026-01-10 21:58:53,919 - SUCCESS - 已下載、去重並合併資料完成現有資料 600480 條，新資料 2970 條。
2026-01-10 21:58:53,919 - SUCCESS - 已下載、去重並合併資料完成現有資料 600480 條，新資料 2970 條。
2026-01-10 21:58:56,697 - SUCCESS - 已下載 '農產品交易行情' 的原始 JSON 資料路徑: 'C:\Python\data_moa_gov_tw\raw_data\農產品交易行情\農產品交易行情.json'
2026-01-10 21:58:56,697 - SUCCESS - 已下載 '農產品交易行情' 的原始 JSON 資料路徑: 'C:\Python\data_moa_gov_tw\raw_data\農產品交易行情\農產品交易行情.json'
2026-01-10 21:58:56,703 - SUCCESS - 插入或更新 '農產品交易行情' 的 Metadata 成功。
2026-01-10 21:58:56,703 - SUCCESS - 插入或更新 '農產品交易行情' 的 Metadata 成功。
2026-01-10 21:58:57,888 - SUCCESS - 已成功批量插入 '農產品交易行情' 的總計 2970 條記錄到表格 '1040012' 。
2026-01-10 21:58:57,888 - SUCCESS - 已成功批量插入 '農產品交易行情' 的總計 2970 條記錄到表格 '1040012' 。
2026-01-10 21:58:58,112 - SUCCESS - '農產品交易行情' 的自動更新完成。
2026-01-10 21:58:58,112 - SUCCESS - '農產品交易行情' 的自動更新完成。
2026-01-10 21:59:00,504 - SUCCESS - 成功提取 '農產品產地價格(月平均價格)' 的網頁 Metadata。
2026-01-10 21:59:00,504 - SUCCESS - 成功提取 '農產品產地價格(月平均價格)' 的網頁 Metadata。
2026-01-10 21:59:01,925 - SUCCESS - 成功提取 '農產品產地價格資料' 的網頁 Metadata。
2026-01-10 21:59:01,925 - SUCCESS - 成功提取 '農產品產地價格資料' 的網頁 Metadata。
2026-01-10 21:59:01,966 - SUCCESS - '農產品產地價格資料' 的 Metadata 已更新到 metadata.json。
2026-01-10 21:59:01,966 - SUCCESS - '農產品產地價格資料' 的 Metadata 已更新到 metadata.json。
2026-01-10 21:59:02,939 - SUCCESS - <農產品產地價格資料>的資料已下載完成，共 9999 筆資料。
2026-01-10 21:59:02,939 - SUCCESS - <農產品產地價格資料>的資料已下載完成，共 9999 筆資料。
2026-01-10 21:59:47,090 - SUCCESS - 已下載、去重並合併資料完成現有資料 350257 條，新資料 1993 條。
2026-01-10 21:59:47,090 - SUCCESS - 已下載、去重並合併資料完成現有資料 350257 條，新資料 1993 條。
2026-01-10 21:59:49,038 - SUCCESS - 已下載 '農產品產地價格資料' 的原始 JSON 資料路徑: 'C:\Python\data_moa_gov_tw\raw_data\農產品產地價格資料\農產品產地價格資料.json'
2026-01-10 21:59:49,038 - SUCCESS - 已下載 '農產品產地價格資料' 的原始 JSON 資料路徑: 'C:\Python\data_moa_gov_tw\raw_data\農產品產地價格資料\農產品產地價格資料.json'
2026-01-10 21:59:49,044 - SUCCESS - 插入或更新 '農產品產地價格資料' 的 Metadata 成功。
2026-01-10 21:59:49,044 - SUCCESS - 插入或更新 '農產品產地價格資料' 的 Metadata 成功。
2026-01-10 21:59:49,796 - SUCCESS - 已成功批量插入 '農產品產地價格資料' 的總計 1993 條記錄到表格 '1040014' 。
2026-01-10 21:59:49,796 - SUCCESS - 已成功批量插入 '農產品產地價格資料' 的總計 1993 條記錄到表格 '1040014' 。
2026-01-10 21:59:49,878 - SUCCESS - '農產品產地價格資料' 的自動更新完成。
2026-01-10 21:59:49,878 - SUCCESS - '農產品產地價格資料' 的自動更新完成。
2026-01-10 21:59:51,742 - SUCCESS - 成功提取 '雜糧生產概況' 的網頁 Metadata。
2026-01-10 21:59:51,742 - SUCCESS - 成功提取 '雜糧生產概況' 的網頁 Metadata。
2026-01-10 21:59:52,757 - SUCCESS - 已成功儲存次要資訊。
2026-01-10 21:59:52,757 - SUCCESS - 已成功儲存次要資訊。
2026-01-10 21:59:52,758 - SUCCESS - 更新結果儲存成功:{'全國單日平均糧價': '已更新', '各觀測站近兩年降雨量': '未更新', '產銷履歷與有機蔬果行情': '已更新', '糧價查詢': '已更新', '臺灣地區果品生產概況': '未更新', '臺灣地區特用作物生產概況': '未更新', '臺灣地區稻作種植、收穫面積及產量': '未更新', '臺灣地區稻米生產價值': '未更新', '臺灣地區蔬菜生產概況': '未更新', '臺灣地區農產品生產量值': '未更新', '農情調查': '已更新', '農產品交易行情': '已更新', '農產品產地價格(月平均價格)': '未更新', '農產品產地價格資料': '已更新', '雜糧生產概況': '未更新'}
2026-01-10 21:59:52,758 - SUCCESS - 更新結果儲存成功:{'全國單日平均糧價': '已更新', '各觀測站近兩年降雨量': '未更新', '產銷履歷與有機蔬果行情': '已更新', '糧價查詢': '已更新', '臺灣地區果品生產概況': '未更新', '臺灣地區特用作物生產概況': '未更新', '臺灣地區稻作種植、收穫面積及產量': '未更新', '臺灣地區稻米生產價值': '未更新', '臺灣地區蔬菜生產概況': '未更新', '臺灣地區農產品生產量值': '未更新', '農情調查': '已更新', '農產品交易行情': '已更新', '農產品產地價格(月平均價格)': '未更新', '農產品產地價格資料': '已更新', '雜糧生產概況': '未更新'}
