2025-11-23 23:58:08,470 - SUCCESS - 成功提取 '全國單日平均糧價' 的網頁 Metadata。
2025-11-23 23:58:08,470 - SUCCESS - 成功提取 '全國單日平均糧價' 的網頁 Metadata。
2025-11-23 23:58:08,524 - SUCCESS - '全國單日平均糧價' 的 Metadata 已更新到 metadata.json。
2025-11-23 23:58:08,524 - SUCCESS - '全國單日平均糧價' 的 Metadata 已更新到 metadata.json。
2025-11-23 23:58:11,335 - SUCCESS - <全國單日平均糧價>的資料已下載完成，共 9112 筆資料。
2025-11-23 23:58:11,335 - SUCCESS - <全國單日平均糧價>的資料已下載完成，共 9112 筆資料。
2025-11-23 23:58:12,432 - SUCCESS - 已下載、去重並合併資料完成現有資料 9112 條，新資料 1 條。
2025-11-23 23:58:12,432 - SUCCESS - 已下載、去重並合併資料完成現有資料 9112 條，新資料 1 條。
2025-11-23 23:58:12,489 - SUCCESS - 已下載 '全國單日平均糧價' 的原始 JSON 資料路徑: 'C:\Python\data_moa_gov_tw\raw_data\全國單日平均糧價\全國單日平均糧價.json'
2025-11-23 23:58:12,489 - SUCCESS - 已下載 '全國單日平均糧價' 的原始 JSON 資料路徑: 'C:\Python\data_moa_gov_tw\raw_data\全國單日平均糧價\全國單日平均糧價.json'
2025-11-23 23:58:12,511 - SUCCESS - 插入或更新 '全國單日平均糧價' 的 Metadata 成功。
2025-11-23 23:58:12,511 - SUCCESS - 插入或更新 '全國單日平均糧價' 的 Metadata 成功。
2025-11-23 23:58:12,514 - SUCCESS - 已成功批量插入 '全國單日平均糧價' 的總計 1 條記錄到表格 '1040001' 。
2025-11-23 23:58:12,514 - SUCCESS - 已成功批量插入 '全國單日平均糧價' 的總計 1 條記錄到表格 '1040001' 。
2025-11-23 23:58:12,524 - SUCCESS - '全國單日平均糧價' 的自動更新完成。
2025-11-23 23:58:12,524 - SUCCESS - '全國單日平均糧價' 的自動更新完成。
2025-11-23 23:58:13,785 - SUCCESS - 成功提取 '各觀測站近兩年降雨量' 的網頁 Metadata。
2025-11-23 23:58:13,785 - SUCCESS - 成功提取 '各觀測站近兩年降雨量' 的網頁 Metadata。
2025-11-23 23:58:15,425 - SUCCESS - 成功提取 '產銷履歷與有機蔬果行情' 的網頁 Metadata。
2025-11-23 23:58:15,425 - SUCCESS - 成功提取 '產銷履歷與有機蔬果行情' 的網頁 Metadata。
2025-11-23 23:58:15,480 - SUCCESS - '產銷履歷與有機蔬果行情' 的 Metadata 已更新到 metadata.json。
2025-11-23 23:58:15,480 - SUCCESS - '產銷履歷與有機蔬果行情' 的 Metadata 已更新到 metadata.json。
2025-11-23 23:58:20,232 - SUCCESS - <產銷履歷與有機蔬果行情>的資料已下載完成，共 4353 筆資料。
2025-11-23 23:58:20,232 - SUCCESS - <產銷履歷與有機蔬果行情>的資料已下載完成，共 4353 筆資料。
2025-11-23 23:58:36,897 - SUCCESS - 已下載、去重並合併資料完成現有資料 236326 條，新資料 2118 條。
2025-11-23 23:58:36,897 - SUCCESS - 已下載、去重並合併資料完成現有資料 236326 條，新資料 2118 條。
2025-11-23 23:58:38,104 - SUCCESS - 已下載 '產銷履歷與有機蔬果行情' 的原始 JSON 資料路徑: 'C:\Python\data_moa_gov_tw\raw_data\產銷履歷與有機蔬果行情\產銷履歷與有機蔬果行情.json'
2025-11-23 23:58:38,104 - SUCCESS - 已下載 '產銷履歷與有機蔬果行情' 的原始 JSON 資料路徑: 'C:\Python\data_moa_gov_tw\raw_data\產銷履歷與有機蔬果行情\產銷履歷與有機蔬果行情.json'
2025-11-23 23:58:38,104 - SUCCESS - 插入或更新 '產銷履歷與有機蔬果行情' 的 Metadata 成功。
2025-11-23 23:58:38,104 - SUCCESS - 插入或更新 '產銷履歷與有機蔬果行情' 的 Metadata 成功。
2025-11-23 23:58:38,896 - SUCCESS - 已成功批量插入 '產銷履歷與有機蔬果行情' 的總計 2118 條記錄到表格 '1040003' 。
2025-11-23 23:58:38,896 - SUCCESS - 已成功批量插入 '產銷履歷與有機蔬果行情' 的總計 2118 條記錄到表格 '1040003' 。
2025-11-23 23:58:38,959 - SUCCESS - '產銷履歷與有機蔬果行情' 的自動更新完成。
2025-11-23 23:58:38,959 - SUCCESS - '產銷履歷與有機蔬果行情' 的自動更新完成。
2025-11-23 23:58:40,333 - SUCCESS - 成功提取 '糧價查詢' 的網頁 Metadata。
2025-11-23 23:58:40,333 - SUCCESS - 成功提取 '糧價查詢' 的網頁 Metadata。
2025-11-23 23:58:40,365 - SUCCESS - '糧價查詢' 的 Metadata 已更新到 metadata.json。
2025-11-23 23:58:40,365 - SUCCESS - '糧價查詢' 的 Metadata 已更新到 metadata.json。
2025-11-23 23:58:41,961 - SUCCESS - <糧價查詢>的資料已下載完成，共 9999 筆資料。
2025-11-23 23:58:41,961 - SUCCESS - <糧價查詢>的資料已下載完成，共 9999 筆資料。
2025-11-23 23:58:56,344 - SUCCESS - 已下載、去重並合併資料完成現有資料 240823 條，新資料 40 條。
2025-11-23 23:58:56,344 - SUCCESS - 已下載、去重並合併資料完成現有資料 240823 條，新資料 40 條。
2025-11-23 23:58:57,327 - SUCCESS - 已下載 '糧價查詢' 的原始 JSON 資料路徑: 'C:\Python\data_moa_gov_tw\raw_data\糧價查詢\糧價查詢.json'
2025-11-23 23:58:57,327 - SUCCESS - 已下載 '糧價查詢' 的原始 JSON 資料路徑: 'C:\Python\data_moa_gov_tw\raw_data\糧價查詢\糧價查詢.json'
2025-11-23 23:58:57,336 - SUCCESS - 插入或更新 '糧價查詢' 的 Metadata 成功。
2025-11-23 23:58:57,336 - SUCCESS - 插入或更新 '糧價查詢' 的 Metadata 成功。
2025-11-23 23:58:57,363 - SUCCESS - 已成功批量插入 '糧價查詢' 的總計 40 條記錄到表格 '1040004' 。
2025-11-23 23:58:57,363 - SUCCESS - 已成功批量插入 '糧價查詢' 的總計 40 條記錄到表格 '1040004' 。
2025-11-23 23:58:57,468 - SUCCESS - '糧價查詢' 的自動更新完成。
2025-11-23 23:58:57,468 - SUCCESS - '糧價查詢' 的自動更新完成。
2025-11-23 23:58:59,401 - SUCCESS - 成功提取 '臺灣地區果品生產概況' 的網頁 Metadata。
2025-11-23 23:58:59,401 - SUCCESS - 成功提取 '臺灣地區果品生產概況' 的網頁 Metadata。
2025-11-23 23:59:01,176 - SUCCESS - 成功提取 '臺灣地區特用作物生產概況' 的網頁 Metadata。
2025-11-23 23:59:01,176 - SUCCESS - 成功提取 '臺灣地區特用作物生產概況' 的網頁 Metadata。
2025-11-23 23:59:02,627 - SUCCESS - 成功提取 '臺灣地區稻作種植、收穫面積及產量' 的網頁 Metadata。
2025-11-23 23:59:02,627 - SUCCESS - 成功提取 '臺灣地區稻作種植、收穫面積及產量' 的網頁 Metadata。
2025-11-23 23:59:03,928 - SUCCESS - 成功提取 '臺灣地區稻米生產價值' 的網頁 Metadata。
2025-11-23 23:59:03,928 - SUCCESS - 成功提取 '臺灣地區稻米生產價值' 的網頁 Metadata。
2025-11-23 23:59:05,293 - SUCCESS - 成功提取 '臺灣地區蔬菜生產概況' 的網頁 Metadata。
2025-11-23 23:59:05,293 - SUCCESS - 成功提取 '臺灣地區蔬菜生產概況' 的網頁 Metadata。
2025-11-23 23:59:06,524 - SUCCESS - 成功提取 '臺灣地區農產品生產量值' 的網頁 Metadata。
2025-11-23 23:59:06,524 - SUCCESS - 成功提取 '臺灣地區農產品生產量值' 的網頁 Metadata。
2025-11-23 23:59:08,024 - SUCCESS - 成功提取 '農情調查' 的網頁 Metadata。
2025-11-23 23:59:08,024 - SUCCESS - 成功提取 '農情調查' 的網頁 Metadata。
2025-11-23 23:59:08,062 - SUCCESS - '農情調查' 的 Metadata 已更新到 metadata.json。
2025-11-23 23:59:08,062 - SUCCESS - '農情調查' 的 Metadata 已更新到 metadata.json。
2025-11-23 23:59:10,562 - SUCCESS - <農情調查>的資料已下載完成，共 9999 筆資料。
2025-11-23 23:59:10,562 - SUCCESS - <農情調查>的資料已下載完成，共 9999 筆資料。
2025-11-23 23:59:11,584 - SUCCESS - 已下載、去重並合併資料完成現有資料 45259 條，新資料 0 條。
2025-11-23 23:59:11,584 - SUCCESS - 已下載、去重並合併資料完成現有資料 45259 條，新資料 0 條。
2025-11-23 23:59:11,838 - SUCCESS - 插入或更新 '農情調查' 的 Metadata 成功。
2025-11-23 23:59:11,838 - SUCCESS - 插入或更新 '農情調查' 的 Metadata 成功。
2025-11-23 23:59:11,848 - SUCCESS - '農情調查' 的自動更新完成。
2025-11-23 23:59:11,848 - SUCCESS - '農情調查' 的自動更新完成。
2025-11-23 23:59:13,113 - SUCCESS - 成功提取 '農產品交易行情' 的網頁 Metadata。
2025-11-23 23:59:13,113 - SUCCESS - 成功提取 '農產品交易行情' 的網頁 Metadata。
2025-11-23 23:59:13,144 - SUCCESS - '農產品交易行情' 的 Metadata 已更新到 metadata.json。
2025-11-23 23:59:13,144 - SUCCESS - '農產品交易行情' 的 Metadata 已更新到 metadata.json。
2025-11-23 23:59:34,952 - SUCCESS - <農產品交易行情>的資料已下載完成，共 11424 筆資料。
2025-11-23 23:59:34,952 - SUCCESS - <農產品交易行情>的資料已下載完成，共 11424 筆資料。
2025-11-23 23:59:55,914 - SUCCESS - 已下載、去重並合併資料完成現有資料 457946 條，新資料 2166 條。
2025-11-23 23:59:55,914 - SUCCESS - 已下載、去重並合併資料完成現有資料 457946 條，新資料 2166 條。
2025-11-23 23:59:58,136 - SUCCESS - 已下載 '農產品交易行情' 的原始 JSON 資料路徑: 'C:\Python\data_moa_gov_tw\raw_data\農產品交易行情\農產品交易行情.json'
2025-11-23 23:59:58,136 - SUCCESS - 已下載 '農產品交易行情' 的原始 JSON 資料路徑: 'C:\Python\data_moa_gov_tw\raw_data\農產品交易行情\農產品交易行情.json'
2025-11-23 23:59:58,145 - SUCCESS - 插入或更新 '農產品交易行情' 的 Metadata 成功。
2025-11-23 23:59:58,145 - SUCCESS - 插入或更新 '農產品交易行情' 的 Metadata 成功。
2025-11-23 23:59:58,984 - SUCCESS - 已成功批量插入 '農產品交易行情' 的總計 2165 條記錄到表格 '1040012' 。
2025-11-23 23:59:58,984 - SUCCESS - 已成功批量插入 '農產品交易行情' 的總計 2165 條記錄到表格 '1040012' 。
2025-11-23 23:59:59,161 - SUCCESS - '農產品交易行情' 的自動更新完成。
2025-11-23 23:59:59,161 - SUCCESS - '農產品交易行情' 的自動更新完成。
2025-11-24 00:00:00,594 - SUCCESS - 成功提取 '農產品產地價格(月平均價格)' 的網頁 Metadata。
2025-11-24 00:00:00,594 - SUCCESS - 成功提取 '農產品產地價格(月平均價格)' 的網頁 Metadata。
2025-11-24 00:00:02,232 - SUCCESS - 成功提取 '農產品產地價格資料' 的網頁 Metadata。
2025-11-24 00:00:02,232 - SUCCESS - 成功提取 '農產品產地價格資料' 的網頁 Metadata。
2025-11-24 00:00:02,265 - SUCCESS - '農產品產地價格資料' 的 Metadata 已更新到 metadata.json。
2025-11-24 00:00:02,265 - SUCCESS - '農產品產地價格資料' 的 Metadata 已更新到 metadata.json。
2025-11-24 00:00:03,004 - SUCCESS - <農產品產地價格資料>的資料已下載完成，共 9999 筆資料。
2025-11-24 00:00:03,004 - SUCCESS - <農產品產地價格資料>的資料已下載完成，共 9999 筆資料。
2025-11-24 00:00:44,588 - SUCCESS - 已下載、去重並合併資料完成現有資料 345852 條，新資料 0 條。
2025-11-24 00:00:44,588 - SUCCESS - 已下載、去重並合併資料完成現有資料 345852 條，新資料 0 條。
2025-11-24 00:00:46,275 - SUCCESS - 插入或更新 '農產品產地價格資料' 的 Metadata 成功。
2025-11-24 00:00:46,275 - SUCCESS - 插入或更新 '農產品產地價格資料' 的 Metadata 成功。
2025-11-24 00:00:46,364 - SUCCESS - '農產品產地價格資料' 的自動更新完成。
2025-11-24 00:00:46,364 - SUCCESS - '農產品產地價格資料' 的自動更新完成。
2025-11-24 00:00:47,787 - SUCCESS - 成功提取 '雜糧生產概況' 的網頁 Metadata。
2025-11-24 00:00:47,787 - SUCCESS - 成功提取 '雜糧生產概況' 的網頁 Metadata。
2025-11-24 00:00:48,791 - SUCCESS - 已成功儲存次要資訊。
2025-11-24 00:00:48,791 - SUCCESS - 已成功儲存次要資訊。
2025-11-24 00:00:48,791 - SUCCESS - 更新結果儲存成功:{'全國單日平均糧價': '已更新', '各觀測站近兩年降雨量': '未更新', '產銷履歷與有機蔬果行情': '已更新', '糧價查詢': '已更新', '臺灣地區果品生產概況': '未更新', '臺灣地區特用作物生產概況': '未更新', '臺灣地區稻作種植、收穫面積及產量': '未更新', '臺灣地區稻米生產價值': '未更新', '臺灣地區蔬菜生產概況': '未更新', '臺灣地區農產品生產量值': '未更新', '農情調查': '已更新', '農產品交易行情': '已更新', '農產品產地價格(月平均價格)': '未更新', '農產品產地價格資料': '已更新', '雜糧生產概況': '未更新'}
2025-11-24 00:00:48,791 - SUCCESS - 更新結果儲存成功:{'全國單日平均糧價': '已更新', '各觀測站近兩年降雨量': '未更新', '產銷履歷與有機蔬果行情': '已更新', '糧價查詢': '已更新', '臺灣地區果品生產概況': '未更新', '臺灣地區特用作物生產概況': '未更新', '臺灣地區稻作種植、收穫面積及產量': '未更新', '臺灣地區稻米生產價值': '未更新', '臺灣地區蔬菜生產概況': '未更新', '臺灣地區農產品生產量值': '未更新', '農情調查': '已更新', '農產品交易行情': '已更新', '農產品產地價格(月平均價格)': '未更新', '農產品產地價格資料': '已更新', '雜糧生產概況': '未更新'}
