2025-10-25 02:29:18,157 - SUCCESS - 成功提取 '全國單日平均糧價' 的網頁 Metadata。
2025-10-25 02:29:18,157 - SUCCESS - 成功提取 '全國單日平均糧價' 的網頁 Metadata。
2025-10-25 02:29:18,214 - SUCCESS - '全國單日平均糧價' 的 Metadata 已更新到 metadata.json。
2025-10-25 02:29:18,214 - SUCCESS - '全國單日平均糧價' 的 Metadata 已更新到 metadata.json。
2025-10-25 02:29:19,830 - SUCCESS - <全國單日平均糧價>的資料已下載完成，共 9082 筆資料。
2025-10-25 02:29:19,830 - SUCCESS - <全國單日平均糧價>的資料已下載完成，共 9082 筆資料。
2025-10-25 02:29:20,725 - SUCCESS - 已下載、去重並合併資料完成現有資料 9082 條，新資料 0 條。
2025-10-25 02:29:20,725 - SUCCESS - 已下載、去重並合併資料完成現有資料 9082 條，新資料 0 條。
2025-10-25 02:29:20,840 - SUCCESS - 插入或更新 '全國單日平均糧價' 的 Metadata 成功。
2025-10-25 02:29:20,840 - SUCCESS - 插入或更新 '全國單日平均糧價' 的 Metadata 成功。
2025-10-25 02:29:20,847 - SUCCESS - '全國單日平均糧價' 的自動更新完成。
2025-10-25 02:29:20,847 - SUCCESS - '全國單日平均糧價' 的自動更新完成。
2025-10-25 02:29:22,077 - SUCCESS - 成功提取 '各觀測站近兩年降雨量' 的網頁 Metadata。
2025-10-25 02:29:22,077 - SUCCESS - 成功提取 '各觀測站近兩年降雨量' 的網頁 Metadata。
2025-10-25 02:29:23,304 - SUCCESS - 成功提取 '產銷履歷與有機蔬果行情' 的網頁 Metadata。
2025-10-25 02:29:23,304 - SUCCESS - 成功提取 '產銷履歷與有機蔬果行情' 的網頁 Metadata。
2025-10-25 02:29:23,335 - SUCCESS - '產銷履歷與有機蔬果行情' 的 Metadata 已更新到 metadata.json。
2025-10-25 02:29:23,335 - SUCCESS - '產銷履歷與有機蔬果行情' 的 Metadata 已更新到 metadata.json。
2025-10-25 02:29:27,736 - SUCCESS - <產銷履歷與有機蔬果行情>的資料已下載完成，共 4256 筆資料。
2025-10-25 02:29:27,736 - SUCCESS - <產銷履歷與有機蔬果行情>的資料已下載完成，共 4256 筆資料。
2025-10-25 02:29:41,717 - SUCCESS - 已下載、去重並合併資料完成現有資料 181583 條，新資料 2131 條。
2025-10-25 02:29:41,717 - SUCCESS - 已下載、去重並合併資料完成現有資料 181583 條，新資料 2131 條。
2025-10-25 02:29:42,704 - SUCCESS - 已下載 '產銷履歷與有機蔬果行情' 的原始 JSON 資料路徑: 'C:\Python\data_moa_gov_tw\raw_data\產銷履歷與有機蔬果行情\產銷履歷與有機蔬果行情.json'
2025-10-25 02:29:42,704 - SUCCESS - 已下載 '產銷履歷與有機蔬果行情' 的原始 JSON 資料路徑: 'C:\Python\data_moa_gov_tw\raw_data\產銷履歷與有機蔬果行情\產銷履歷與有機蔬果行情.json'
2025-10-25 02:29:42,711 - SUCCESS - 插入或更新 '產銷履歷與有機蔬果行情' 的 Metadata 成功。
2025-10-25 02:29:42,711 - SUCCESS - 插入或更新 '產銷履歷與有機蔬果行情' 的 Metadata 成功。
2025-10-25 02:29:43,567 - SUCCESS - 已成功批量插入 '產銷履歷與有機蔬果行情' 的總計 2131 條記錄到表格 '1040003' 。
2025-10-25 02:29:43,567 - SUCCESS - 已成功批量插入 '產銷履歷與有機蔬果行情' 的總計 2131 條記錄到表格 '1040003' 。
2025-10-25 02:29:43,615 - SUCCESS - '產銷履歷與有機蔬果行情' 的自動更新完成。
2025-10-25 02:29:43,615 - SUCCESS - '產銷履歷與有機蔬果行情' 的自動更新完成。
2025-10-25 02:29:44,810 - SUCCESS - 成功提取 '糧價查詢' 的網頁 Metadata。
2025-10-25 02:29:44,810 - SUCCESS - 成功提取 '糧價查詢' 的網頁 Metadata。
2025-10-25 02:29:44,831 - SUCCESS - '糧價查詢' 的 Metadata 已更新到 metadata.json。
2025-10-25 02:29:44,831 - SUCCESS - '糧價查詢' 的 Metadata 已更新到 metadata.json。
2025-10-25 02:29:46,432 - SUCCESS - <糧價查詢>的資料已下載完成，共 9999 筆資料。
2025-10-25 02:29:46,432 - SUCCESS - <糧價查詢>的資料已下載完成，共 9999 筆資料。
2025-10-25 02:30:00,866 - SUCCESS - 已下載、去重並合併資料完成現有資料 240050 條，新資料 20 條。
2025-10-25 02:30:00,866 - SUCCESS - 已下載、去重並合併資料完成現有資料 240050 條，新資料 20 條。
2025-10-25 02:30:01,900 - SUCCESS - 已下載 '糧價查詢' 的原始 JSON 資料路徑: 'C:\Python\data_moa_gov_tw\raw_data\糧價查詢\糧價查詢.json'
2025-10-25 02:30:01,900 - SUCCESS - 已下載 '糧價查詢' 的原始 JSON 資料路徑: 'C:\Python\data_moa_gov_tw\raw_data\糧價查詢\糧價查詢.json'
2025-10-25 02:30:01,907 - SUCCESS - 插入或更新 '糧價查詢' 的 Metadata 成功。
2025-10-25 02:30:01,907 - SUCCESS - 插入或更新 '糧價查詢' 的 Metadata 成功。
2025-10-25 02:30:01,922 - SUCCESS - 已成功批量插入 '糧價查詢' 的總計 20 條記錄到表格 '1040004' 。
2025-10-25 02:30:01,922 - SUCCESS - 已成功批量插入 '糧價查詢' 的總計 20 條記錄到表格 '1040004' 。
2025-10-25 02:30:02,019 - SUCCESS - '糧價查詢' 的自動更新完成。
2025-10-25 02:30:02,019 - SUCCESS - '糧價查詢' 的自動更新完成。
2025-10-25 02:30:04,075 - SUCCESS - 成功提取 '臺灣地區果品生產概況' 的網頁 Metadata。
2025-10-25 02:30:04,075 - SUCCESS - 成功提取 '臺灣地區果品生產概況' 的網頁 Metadata。
2025-10-25 02:30:05,218 - SUCCESS - 成功提取 '臺灣地區特用作物生產概況' 的網頁 Metadata。
2025-10-25 02:30:05,218 - SUCCESS - 成功提取 '臺灣地區特用作物生產概況' 的網頁 Metadata。
2025-10-25 02:30:06,418 - SUCCESS - 成功提取 '臺灣地區稻作種植、收穫面積及產量' 的網頁 Metadata。
2025-10-25 02:30:06,418 - SUCCESS - 成功提取 '臺灣地區稻作種植、收穫面積及產量' 的網頁 Metadata。
2025-10-25 02:30:07,580 - SUCCESS - 成功提取 '臺灣地區稻米生產價值' 的網頁 Metadata。
2025-10-25 02:30:07,580 - SUCCESS - 成功提取 '臺灣地區稻米生產價值' 的網頁 Metadata。
2025-10-25 02:30:08,748 - SUCCESS - 成功提取 '臺灣地區蔬菜生產概況' 的網頁 Metadata。
2025-10-25 02:30:08,748 - SUCCESS - 成功提取 '臺灣地區蔬菜生產概況' 的網頁 Metadata。
2025-10-25 02:30:09,938 - SUCCESS - 成功提取 '臺灣地區農產品生產量值' 的網頁 Metadata。
2025-10-25 02:30:09,938 - SUCCESS - 成功提取 '臺灣地區農產品生產量值' 的網頁 Metadata。
2025-10-25 02:30:11,084 - SUCCESS - 成功提取 '農情調查' 的網頁 Metadata。
2025-10-25 02:30:11,084 - SUCCESS - 成功提取 '農情調查' 的網頁 Metadata。
2025-10-25 02:30:11,116 - SUCCESS - '農情調查' 的 Metadata 已更新到 metadata.json。
2025-10-25 02:30:11,116 - SUCCESS - '農情調查' 的 Metadata 已更新到 metadata.json。
2025-10-25 02:30:12,672 - SUCCESS - <農情調查>的資料已下載完成，共 9999 筆資料。
2025-10-25 02:30:12,672 - SUCCESS - <農情調查>的資料已下載完成，共 9999 筆資料。
2025-10-25 02:30:13,717 - SUCCESS - 已下載、去重並合併資料完成現有資料 45259 條，新資料 0 條。
2025-10-25 02:30:13,717 - SUCCESS - 已下載、去重並合併資料完成現有資料 45259 條，新資料 0 條。
2025-10-25 02:30:13,988 - SUCCESS - 插入或更新 '農情調查' 的 Metadata 成功。
2025-10-25 02:30:13,988 - SUCCESS - 插入或更新 '農情調查' 的 Metadata 成功。
2025-10-25 02:30:14,003 - SUCCESS - '農情調查' 的自動更新完成。
2025-10-25 02:30:14,003 - SUCCESS - '農情調查' 的自動更新完成。
2025-10-25 02:30:15,193 - SUCCESS - 成功提取 '農產品交易行情' 的網頁 Metadata。
2025-10-25 02:30:15,193 - SUCCESS - 成功提取 '農產品交易行情' 的網頁 Metadata。
2025-10-25 02:30:15,225 - SUCCESS - '農產品交易行情' 的 Metadata 已更新到 metadata.json。
2025-10-25 02:30:15,225 - SUCCESS - '農產品交易行情' 的 Metadata 已更新到 metadata.json。
2025-10-25 02:30:32,483 - SUCCESS - <農產品交易行情>的資料已下載完成，共 10574 筆資料。
2025-10-25 02:30:32,483 - SUCCESS - <農產品交易行情>的資料已下載完成，共 10574 筆資料。
2025-10-25 02:30:49,526 - SUCCESS - 已下載、去重並合併資料完成現有資料 373554 條，新資料 3403 條。
2025-10-25 02:30:49,526 - SUCCESS - 已下載、去重並合併資料完成現有資料 373554 條，新資料 3403 條。
2025-10-25 02:30:51,196 - SUCCESS - 已下載 '農產品交易行情' 的原始 JSON 資料路徑: 'C:\Python\data_moa_gov_tw\raw_data\農產品交易行情\農產品交易行情.json'
2025-10-25 02:30:51,196 - SUCCESS - 已下載 '農產品交易行情' 的原始 JSON 資料路徑: 'C:\Python\data_moa_gov_tw\raw_data\農產品交易行情\農產品交易行情.json'
2025-10-25 02:30:51,196 - SUCCESS - 插入或更新 '農產品交易行情' 的 Metadata 成功。
2025-10-25 02:30:51,196 - SUCCESS - 插入或更新 '農產品交易行情' 的 Metadata 成功。
2025-10-25 02:30:52,617 - SUCCESS - 已成功批量插入 '農產品交易行情' 的總計 3402 條記錄到表格 '1040012' 。
2025-10-25 02:30:52,617 - SUCCESS - 已成功批量插入 '農產品交易行情' 的總計 3402 條記錄到表格 '1040012' 。
2025-10-25 02:30:52,766 - SUCCESS - '農產品交易行情' 的自動更新完成。
2025-10-25 02:30:52,766 - SUCCESS - '農產品交易行情' 的自動更新完成。
2025-10-25 02:30:54,356 - SUCCESS - 成功提取 '農產品產地價格(月平均價格)' 的網頁 Metadata。
2025-10-25 02:30:54,356 - SUCCESS - 成功提取 '農產品產地價格(月平均價格)' 的網頁 Metadata。
2025-10-25 02:30:55,545 - SUCCESS - 成功提取 '農產品產地價格資料' 的網頁 Metadata。
2025-10-25 02:30:55,545 - SUCCESS - 成功提取 '農產品產地價格資料' 的網頁 Metadata。
2025-10-25 02:30:55,576 - SUCCESS - '農產品產地價格資料' 的 Metadata 已更新到 metadata.json。
2025-10-25 02:30:55,576 - SUCCESS - '農產品產地價格資料' 的 Metadata 已更新到 metadata.json。
2025-10-25 02:30:56,081 - SUCCESS - <農產品產地價格資料>的資料已下載完成，共 9999 筆資料。
2025-10-25 02:30:56,081 - SUCCESS - <農產品產地價格資料>的資料已下載完成，共 9999 筆資料。
2025-10-25 02:31:40,382 - SUCCESS - 已下載、去重並合併資料完成現有資料 343897 條，新資料 5 條。
2025-10-25 02:31:40,382 - SUCCESS - 已下載、去重並合併資料完成現有資料 343897 條，新資料 5 條。
2025-10-25 02:31:42,297 - SUCCESS - 已下載 '農產品產地價格資料' 的原始 JSON 資料路徑: 'C:\Python\data_moa_gov_tw\raw_data\農產品產地價格資料\農產品產地價格資料.json'
2025-10-25 02:31:42,297 - SUCCESS - 已下載 '農產品產地價格資料' 的原始 JSON 資料路徑: 'C:\Python\data_moa_gov_tw\raw_data\農產品產地價格資料\農產品產地價格資料.json'
2025-10-25 02:31:42,303 - SUCCESS - 插入或更新 '農產品產地價格資料' 的 Metadata 成功。
2025-10-25 02:31:42,303 - SUCCESS - 插入或更新 '農產品產地價格資料' 的 Metadata 成功。
2025-10-25 02:31:42,312 - SUCCESS - 已成功批量插入 '農產品產地價格資料' 的總計 5 條記錄到表格 '1040014' 。
2025-10-25 02:31:42,312 - SUCCESS - 已成功批量插入 '農產品產地價格資料' 的總計 5 條記錄到表格 '1040014' 。
2025-10-25 02:31:42,392 - SUCCESS - '農產品產地價格資料' 的自動更新完成。
2025-10-25 02:31:42,392 - SUCCESS - '農產品產地價格資料' 的自動更新完成。
2025-10-25 02:31:43,591 - SUCCESS - 成功提取 '雜糧生產概況' 的網頁 Metadata。
2025-10-25 02:31:43,591 - SUCCESS - 成功提取 '雜糧生產概況' 的網頁 Metadata。
2025-10-25 02:31:44,599 - SUCCESS - 已成功儲存次要資訊。
2025-10-25 02:31:44,599 - SUCCESS - 已成功儲存次要資訊。
2025-10-25 02:31:44,599 - SUCCESS - 更新結果儲存成功:{'全國單日平均糧價': '已更新', '各觀測站近兩年降雨量': '未更新', '產銷履歷與有機蔬果行情': '已更新', '糧價查詢': '已更新', '臺灣地區果品生產概況': '未更新', '臺灣地區特用作物生產概況': '未更新', '臺灣地區稻作種植、收穫面積及產量': '未更新', '臺灣地區稻米生產價值': '未更新', '臺灣地區蔬菜生產概況': '未更新', '臺灣地區農產品生產量值': '未更新', '農情調查': '已更新', '農產品交易行情': '已更新', '農產品產地價格(月平均價格)': '未更新', '農產品產地價格資料': '已更新', '雜糧生產概況': '未更新'}
2025-10-25 02:31:44,599 - SUCCESS - 更新結果儲存成功:{'全國單日平均糧價': '已更新', '各觀測站近兩年降雨量': '未更新', '產銷履歷與有機蔬果行情': '已更新', '糧價查詢': '已更新', '臺灣地區果品生產概況': '未更新', '臺灣地區特用作物生產概況': '未更新', '臺灣地區稻作種植、收穫面積及產量': '未更新', '臺灣地區稻米生產價值': '未更新', '臺灣地區蔬菜生產概況': '未更新', '臺灣地區農產品生產量值': '未更新', '農情調查': '已更新', '農產品交易行情': '已更新', '農產品產地價格(月平均價格)': '未更新', '農產品產地價格資料': '已更新', '雜糧生產概況': '未更新'}
