2026-03-03 01:26:43,911 - SUCCESS - 插入或更新 '產銷履歷與有機蔬果行情' 的 Metadata 成功。
2026-03-03 01:26:44,695 - SUCCESS - '產銷履歷與有機蔬果行情' 的自動更新完成。
2026-03-03 01:27:26,565 - SUCCESS - 插入或更新 '農產品交易行情' 的 Metadata 成功。
2026-03-03 01:27:27,983 - SUCCESS - '農產品交易行情' 的自動更新完成。
2026-03-03 01:27:37,324 - SUCCESS - 插入或更新 '農產品產地價格資料' 的 Metadata 成功。
2026-03-03 01:27:37,416 - SUCCESS - '農產品產地價格資料' 的自動更新完成。
2026-03-03 01:27:41,961 - SUCCESS - 插入或更新 '農情調查' 的 Metadata 成功。
2026-03-03 01:27:41,961 - SUCCESS - '農情調查' 的自動更新完成。
2026-03-03 01:27:50,178 - SUCCESS - 插入或更新 '全國單日平均糧價' 的 Metadata 成功。
2026-03-03 01:27:50,197 - SUCCESS - '全國單日平均糧價' 的自動更新完成。
2026-03-03 01:27:57,206 - SUCCESS - 插入或更新 '糧價查詢' 的 Metadata 成功。
2026-03-03 01:27:57,401 - SUCCESS - '糧價查詢' 的自動更新完成。
2026-03-03 01:27:58,430 - fully_auto_update - EXECUTION - 更新結果:{'產銷履歷與有機蔬果行情': '已更新', '各觀測站近兩年降雨量': '未更新', '臺灣地區果品生產概況': '未更新', '臺灣地區特用作物生產概況': '未更新', '農產品交易行情': '已更新', '臺灣地區稻作種植、收穫面積及產量': '未更新', '臺灣地區稻米生產價值': '未更新', '農產品產地價格資料': '已更新', '農情調查': '已更新', '臺灣地區農產品生產量值': '未更新', '雜糧生產概況': '未更新', '農產品產地價格(月平均價格)': '未更新', '全國單日平均糧價': '已更新', '臺灣地區蔬菜生產概況': '未更新', '糧價查詢': '已更新'}
2026-03-03 23:23:23,751 - SUCCESS - 插入或更新 '農情調查' 的 Metadata 成功。
2026-03-03 23:23:23,752 - SUCCESS - '農情調查' 的自動更新完成。
2026-03-03 23:23:29,750 - SUCCESS - 插入或更新 '全國單日平均糧價' 的 Metadata 成功。
2026-03-03 23:23:29,774 - SUCCESS - '全國單日平均糧價' 的自動更新完成。
2026-03-03 23:23:35,840 - SUCCESS - 插入或更新 '糧價查詢' 的 Metadata 成功。
2026-03-03 23:23:36,037 - SUCCESS - '糧價查詢' 的自動更新完成。
2026-03-03 23:23:45,113 - SUCCESS - 插入或更新 '產銷履歷與有機蔬果行情' 的 Metadata 成功。
2026-03-03 23:23:46,174 - SUCCESS - '產銷履歷與有機蔬果行情' 的自動更新完成。
2026-03-03 23:24:32,602 - SUCCESS - 插入或更新 '農產品交易行情' 的 Metadata 成功。
2026-03-03 23:24:33,936 - SUCCESS - '農產品交易行情' 的自動更新完成。
2026-03-03 23:24:36,152 - fully_auto_update - EXECUTION - 更新結果:{'臺灣地區稻米生產價值': '未更新', '農產品產地價格資料': '未更新', '農情調查': '已更新', '臺灣地區農產品生產量值': '未更新', '雜糧生產概況': '未更新', '全國單日平均糧價': '已更新', '農產品產地價格(月平均價格)': '未更新', '臺灣地區蔬菜生產概況': '未更新', '糧價查詢': '已更新', '產銷履歷與有機蔬果行情': '已更新', '各觀測站近兩年降雨量': '未更新', '臺灣地區果品生產概況': '未更新', '臺灣地區特用作物生產概況': '未更新', '農產品交易行情': '已更新', '臺灣地區稻作種植、收穫面積及產量': '未更新'}
