2025-12-12 02:12:21,474 - SUCCESS - 成功提取 '全國單日平均糧價' 的網頁 Metadata。
2025-12-12 02:12:21,474 - SUCCESS - 成功提取 '全國單日平均糧價' 的網頁 Metadata。
2025-12-12 02:12:21,522 - SUCCESS - '全國單日平均糧價' 的 Metadata 已更新到 metadata.json。
2025-12-12 02:12:21,522 - SUCCESS - '全國單日平均糧價' 的 Metadata 已更新到 metadata.json。
2025-12-12 02:12:36,871 - SUCCESS - <全國單日平均糧價>的資料已下載完成，共 9131 筆資料。
2025-12-12 02:12:36,871 - SUCCESS - <全國單日平均糧價>的資料已下載完成，共 9131 筆資料。
2025-12-12 02:12:37,576 - SUCCESS - 已下載、去重並合併資料完成現有資料 9131 條，新資料 1 條。
2025-12-12 02:12:37,576 - SUCCESS - 已下載、去重並合併資料完成現有資料 9131 條，新資料 1 條。
2025-12-12 02:12:37,620 - SUCCESS - 已下載 '全國單日平均糧價' 的原始 JSON 資料路徑: 'C:\Python\data_moa_gov_tw\raw_data\全國單日平均糧價\全國單日平均糧價.json'
2025-12-12 02:12:37,620 - SUCCESS - 已下載 '全國單日平均糧價' 的原始 JSON 資料路徑: 'C:\Python\data_moa_gov_tw\raw_data\全國單日平均糧價\全國單日平均糧價.json'
2025-12-12 02:12:37,660 - SUCCESS - 插入或更新 '全國單日平均糧價' 的 Metadata 成功。
2025-12-12 02:12:37,660 - SUCCESS - 插入或更新 '全國單日平均糧價' 的 Metadata 成功。
2025-12-12 02:12:37,671 - SUCCESS - 已成功批量插入 '全國單日平均糧價' 的總計 1 條記錄到表格 '1040001' 。
2025-12-12 02:12:37,671 - SUCCESS - 已成功批量插入 '全國單日平均糧價' 的總計 1 條記錄到表格 '1040001' 。
2025-12-12 02:12:37,675 - SUCCESS - '全國單日平均糧價' 的自動更新完成。
2025-12-12 02:12:37,675 - SUCCESS - '全國單日平均糧價' 的自動更新完成。
2025-12-12 02:12:39,056 - SUCCESS - 成功提取 '各觀測站近兩年降雨量' 的網頁 Metadata。
2025-12-12 02:12:39,056 - SUCCESS - 成功提取 '各觀測站近兩年降雨量' 的網頁 Metadata。
2025-12-12 02:12:40,657 - SUCCESS - 成功提取 '產銷履歷與有機蔬果行情' 的網頁 Metadata。
2025-12-12 02:12:40,657 - SUCCESS - 成功提取 '產銷履歷與有機蔬果行情' 的網頁 Metadata。
2025-12-12 02:12:40,685 - SUCCESS - '產銷履歷與有機蔬果行情' 的 Metadata 已更新到 metadata.json。
2025-12-12 02:12:40,685 - SUCCESS - '產銷履歷與有機蔬果行情' 的 Metadata 已更新到 metadata.json。
2025-12-12 02:12:43,712 - SUCCESS - <產銷履歷與有機蔬果行情>的資料已下載完成，共 2686 筆資料。
2025-12-12 02:12:43,712 - SUCCESS - <產銷履歷與有機蔬果行情>的資料已下載完成，共 2686 筆資料。
2025-12-12 02:13:03,057 - SUCCESS - 已下載、去重並合併資料完成現有資料 268674 條，新資料 360 條。
2025-12-12 02:13:03,057 - SUCCESS - 已下載、去重並合併資料完成現有資料 268674 條，新資料 360 條。
2025-12-12 02:13:04,677 - SUCCESS - 已下載 '產銷履歷與有機蔬果行情' 的原始 JSON 資料路徑: 'C:\Python\data_moa_gov_tw\raw_data\產銷履歷與有機蔬果行情\產銷履歷與有機蔬果行情.json'
2025-12-12 02:13:04,677 - SUCCESS - 已下載 '產銷履歷與有機蔬果行情' 的原始 JSON 資料路徑: 'C:\Python\data_moa_gov_tw\raw_data\產銷履歷與有機蔬果行情\產銷履歷與有機蔬果行情.json'
2025-12-12 02:13:04,685 - SUCCESS - 插入或更新 '產銷履歷與有機蔬果行情' 的 Metadata 成功。
2025-12-12 02:13:04,685 - SUCCESS - 插入或更新 '產銷履歷與有機蔬果行情' 的 Metadata 成功。
2025-12-12 02:13:04,874 - SUCCESS - 已成功批量插入 '產銷履歷與有機蔬果行情' 的總計 360 條記錄到表格 '1040003' 。
2025-12-12 02:13:04,874 - SUCCESS - 已成功批量插入 '產銷履歷與有機蔬果行情' 的總計 360 條記錄到表格 '1040003' 。
2025-12-12 02:13:04,958 - SUCCESS - '產銷履歷與有機蔬果行情' 的自動更新完成。
2025-12-12 02:13:04,958 - SUCCESS - '產銷履歷與有機蔬果行情' 的自動更新完成。
2025-12-12 02:13:07,305 - SUCCESS - 成功提取 '糧價查詢' 的網頁 Metadata。
2025-12-12 02:13:07,305 - SUCCESS - 成功提取 '糧價查詢' 的網頁 Metadata。
2025-12-12 02:13:07,352 - SUCCESS - '糧價查詢' 的 Metadata 已更新到 metadata.json。
2025-12-12 02:13:07,352 - SUCCESS - '糧價查詢' 的 Metadata 已更新到 metadata.json。
2025-12-12 02:13:11,391 - SUCCESS - <糧價查詢>的資料已下載完成，共 9999 筆資料。
2025-12-12 02:13:11,391 - SUCCESS - <糧價查詢>的資料已下載完成，共 9999 筆資料。
2025-12-12 02:13:12,200 - SUCCESS - 已下載、去重並合併資料完成現有資料 10099 條，新資料 20 條。
2025-12-12 02:13:12,200 - SUCCESS - 已下載、去重並合併資料完成現有資料 10099 條，新資料 20 條。
2025-12-12 02:13:13,030 - SUCCESS - 已下載 '糧價查詢' 的原始 JSON 資料路徑: 'C:\Python\data_moa_gov_tw\raw_data\糧價查詢\糧價查詢.json'
2025-12-12 02:13:13,030 - SUCCESS - 已下載 '糧價查詢' 的原始 JSON 資料路徑: 'C:\Python\data_moa_gov_tw\raw_data\糧價查詢\糧價查詢.json'
2025-12-12 02:13:13,036 - SUCCESS - 插入或更新 '糧價查詢' 的 Metadata 成功。
2025-12-12 02:13:13,036 - SUCCESS - 插入或更新 '糧價查詢' 的 Metadata 成功。
2025-12-12 02:13:13,055 - SUCCESS - 已成功批量插入 '糧價查詢' 的總計 20 條記錄到表格 '1040004' 。
2025-12-12 02:13:13,055 - SUCCESS - 已成功批量插入 '糧價查詢' 的總計 20 條記錄到表格 '1040004' 。
2025-12-12 02:13:13,062 - SUCCESS - '糧價查詢' 的自動更新完成。
2025-12-12 02:13:13,062 - SUCCESS - '糧價查詢' 的自動更新完成。
2025-12-12 02:13:14,430 - SUCCESS - 成功提取 '臺灣地區果品生產概況' 的網頁 Metadata。
2025-12-12 02:13:14,430 - SUCCESS - 成功提取 '臺灣地區果品生產概況' 的網頁 Metadata。
2025-12-12 02:13:16,673 - SUCCESS - 成功提取 '臺灣地區特用作物生產概況' 的網頁 Metadata。
2025-12-12 02:13:16,673 - SUCCESS - 成功提取 '臺灣地區特用作物生產概況' 的網頁 Metadata。
2025-12-12 02:13:18,057 - SUCCESS - 成功提取 '臺灣地區稻作種植、收穫面積及產量' 的網頁 Metadata。
2025-12-12 02:13:18,057 - SUCCESS - 成功提取 '臺灣地區稻作種植、收穫面積及產量' 的網頁 Metadata。
2025-12-12 02:13:19,384 - SUCCESS - 成功提取 '臺灣地區稻米生產價值' 的網頁 Metadata。
2025-12-12 02:13:19,384 - SUCCESS - 成功提取 '臺灣地區稻米生產價值' 的網頁 Metadata。
2025-12-12 02:13:21,550 - SUCCESS - 成功提取 '臺灣地區蔬菜生產概況' 的網頁 Metadata。
2025-12-12 02:13:21,550 - SUCCESS - 成功提取 '臺灣地區蔬菜生產概況' 的網頁 Metadata。
2025-12-12 02:13:22,888 - SUCCESS - 成功提取 '臺灣地區農產品生產量值' 的網頁 Metadata。
2025-12-12 02:13:22,888 - SUCCESS - 成功提取 '臺灣地區農產品生產量值' 的網頁 Metadata。
2025-12-12 02:13:24,215 - SUCCESS - 成功提取 '農情調查' 的網頁 Metadata。
2025-12-12 02:13:24,215 - SUCCESS - 成功提取 '農情調查' 的網頁 Metadata。
2025-12-12 02:13:24,262 - SUCCESS - '農情調查' 的 Metadata 已更新到 metadata.json。
2025-12-12 02:13:24,262 - SUCCESS - '農情調查' 的 Metadata 已更新到 metadata.json。
2025-12-12 02:13:25,879 - SUCCESS - <農情調查>的資料已下載完成，共 9999 筆資料。
2025-12-12 02:13:25,879 - SUCCESS - <農情調查>的資料已下載完成，共 9999 筆資料。
2025-12-12 02:13:26,960 - SUCCESS - 已下載、去重並合併資料完成現有資料 45259 條，新資料 0 條。
2025-12-12 02:13:26,960 - SUCCESS - 已下載、去重並合併資料完成現有資料 45259 條，新資料 0 條。
2025-12-12 02:13:27,285 - SUCCESS - 插入或更新 '農情調查' 的 Metadata 成功。
2025-12-12 02:13:27,285 - SUCCESS - 插入或更新 '農情調查' 的 Metadata 成功。
2025-12-12 02:13:27,302 - SUCCESS - '農情調查' 的自動更新完成。
2025-12-12 02:13:27,302 - SUCCESS - '農情調查' 的自動更新完成。
2025-12-12 02:13:28,701 - SUCCESS - 成功提取 '農產品交易行情' 的網頁 Metadata。
2025-12-12 02:13:28,701 - SUCCESS - 成功提取 '農產品交易行情' 的網頁 Metadata。
2025-12-12 02:13:28,743 - SUCCESS - '農產品交易行情' 的 Metadata 已更新到 metadata.json。
2025-12-12 02:13:28,743 - SUCCESS - '農產品交易行情' 的 Metadata 已更新到 metadata.json。
2025-12-12 02:13:42,344 - SUCCESS - <農產品交易行情>的資料已下載完成，共 9119 筆資料。
2025-12-12 02:13:42,344 - SUCCESS - <農產品交易行情>的資料已下載完成，共 9119 筆資料。
2025-12-12 02:14:08,270 - SUCCESS - 已下載、去重並合併資料完成現有資料 511020 條，新資料 1877 條。
2025-12-12 02:14:08,270 - SUCCESS - 已下載、去重並合併資料完成現有資料 511020 條，新資料 1877 條。
2025-12-12 02:14:10,966 - SUCCESS - 已下載 '農產品交易行情' 的原始 JSON 資料路徑: 'C:\Python\data_moa_gov_tw\raw_data\農產品交易行情\農產品交易行情.json'
2025-12-12 02:14:10,966 - SUCCESS - 已下載 '農產品交易行情' 的原始 JSON 資料路徑: 'C:\Python\data_moa_gov_tw\raw_data\農產品交易行情\農產品交易行情.json'
2025-12-12 02:14:10,972 - SUCCESS - 插入或更新 '農產品交易行情' 的 Metadata 成功。
2025-12-12 02:14:10,972 - SUCCESS - 插入或更新 '農產品交易行情' 的 Metadata 成功。
2025-12-12 02:14:11,890 - SUCCESS - 已成功批量插入 '農產品交易行情' 的總計 1877 條記錄到表格 '1040012' 。
2025-12-12 02:14:11,890 - SUCCESS - 已成功批量插入 '農產品交易行情' 的總計 1877 條記錄到表格 '1040012' 。
2025-12-12 02:14:12,130 - SUCCESS - '農產品交易行情' 的自動更新完成。
2025-12-12 02:14:12,130 - SUCCESS - '農產品交易行情' 的自動更新完成。
2025-12-12 02:14:14,935 - SUCCESS - 成功提取 '農產品產地價格(月平均價格)' 的網頁 Metadata。
2025-12-12 02:14:14,935 - SUCCESS - 成功提取 '農產品產地價格(月平均價格)' 的網頁 Metadata。
2025-12-12 02:14:14,979 - SUCCESS - '農產品產地價格(月平均價格)' 的 Metadata 已更新到 metadata.json。
2025-12-12 02:14:14,979 - SUCCESS - '農產品產地價格(月平均價格)' 的 Metadata 已更新到 metadata.json。
2025-12-12 02:14:15,798 - SUCCESS - <農產品產地價格(月平均價格)>的資料已下載完成，共 4196 筆資料。
2025-12-12 02:14:15,798 - SUCCESS - <農產品產地價格(月平均價格)>的資料已下載完成，共 4196 筆資料。
2025-12-12 02:14:16,045 - SUCCESS - 已下載、去重並合併資料完成現有資料 4737 條，新資料 104 條。
2025-12-12 02:14:16,045 - SUCCESS - 已下載、去重並合併資料完成現有資料 4737 條，新資料 104 條。
2025-12-12 02:14:16,069 - SUCCESS - 已下載 '農產品產地價格(月平均價格)' 的原始 JSON 資料路徑: 'C:\Python\data_moa_gov_tw\raw_data\農產品產地價格(月平均價格)\農產品產地價格(月平均價格).json'
2025-12-12 02:14:16,069 - SUCCESS - 已下載 '農產品產地價格(月平均價格)' 的原始 JSON 資料路徑: 'C:\Python\data_moa_gov_tw\raw_data\農產品產地價格(月平均價格)\農產品產地價格(月平均價格).json'
2025-12-12 02:14:16,077 - SUCCESS - 插入或更新 '農產品產地價格(月平均價格)' 的 Metadata 成功。
2025-12-12 02:14:16,077 - SUCCESS - 插入或更新 '農產品產地價格(月平均價格)' 的 Metadata 成功。
2025-12-12 02:14:16,081 - SUCCESS - 已成功批量插入 '農產品產地價格(月平均價格)' 的總計 1 條記錄到表格 '1040013' 。
2025-12-12 02:14:16,081 - SUCCESS - 已成功批量插入 '農產品產地價格(月平均價格)' 的總計 1 條記錄到表格 '1040013' 。
2025-12-12 02:14:16,082 - SUCCESS - '農產品產地價格(月平均價格)' 的自動更新完成。
2025-12-12 02:14:16,082 - SUCCESS - '農產品產地價格(月平均價格)' 的自動更新完成。
2025-12-12 02:14:17,505 - SUCCESS - 成功提取 '農產品產地價格資料' 的網頁 Metadata。
2025-12-12 02:14:17,505 - SUCCESS - 成功提取 '農產品產地價格資料' 的網頁 Metadata。
2025-12-12 02:14:17,546 - SUCCESS - '農產品產地價格資料' 的 Metadata 已更新到 metadata.json。
2025-12-12 02:14:17,546 - SUCCESS - '農產品產地價格資料' 的 Metadata 已更新到 metadata.json。
2025-12-12 02:14:18,719 - SUCCESS - <農產品產地價格資料>的資料已下載完成，共 9999 筆資料。
2025-12-12 02:14:18,719 - SUCCESS - <農產品產地價格資料>的資料已下載完成，共 9999 筆資料。
2025-12-12 02:15:06,338 - SUCCESS - 已下載、去重並合併資料完成現有資料 347988 條，新資料 7 條。
2025-12-12 02:15:06,338 - SUCCESS - 已下載、去重並合併資料完成現有資料 347988 條，新資料 7 條。
2025-12-12 02:15:08,416 - SUCCESS - 已下載 '農產品產地價格資料' 的原始 JSON 資料路徑: 'C:\Python\data_moa_gov_tw\raw_data\農產品產地價格資料\農產品產地價格資料.json'
2025-12-12 02:15:08,416 - SUCCESS - 已下載 '農產品產地價格資料' 的原始 JSON 資料路徑: 'C:\Python\data_moa_gov_tw\raw_data\農產品產地價格資料\農產品產地價格資料.json'
2025-12-12 02:15:08,421 - SUCCESS - 插入或更新 '農產品產地價格資料' 的 Metadata 成功。
2025-12-12 02:15:08,421 - SUCCESS - 插入或更新 '農產品產地價格資料' 的 Metadata 成功。
2025-12-12 02:15:08,435 - SUCCESS - 已成功批量插入 '農產品產地價格資料' 的總計 7 條記錄到表格 '1040014' 。
2025-12-12 02:15:08,435 - SUCCESS - 已成功批量插入 '農產品產地價格資料' 的總計 7 條記錄到表格 '1040014' 。
2025-12-12 02:15:08,520 - SUCCESS - '農產品產地價格資料' 的自動更新完成。
2025-12-12 02:15:08,520 - SUCCESS - '農產品產地價格資料' 的自動更新完成。
2025-12-12 02:15:09,919 - SUCCESS - 成功提取 '雜糧生產概況' 的網頁 Metadata。
2025-12-12 02:15:09,919 - SUCCESS - 成功提取 '雜糧生產概況' 的網頁 Metadata。
2025-12-12 02:15:10,934 - SUCCESS - 已成功儲存次要資訊。
2025-12-12 02:15:10,934 - SUCCESS - 已成功儲存次要資訊。
2025-12-12 02:15:10,935 - SUCCESS - 更新結果儲存成功:{'全國單日平均糧價': '已更新', '各觀測站近兩年降雨量': '未更新', '產銷履歷與有機蔬果行情': '已更新', '糧價查詢': '已更新', '臺灣地區果品生產概況': '未更新', '臺灣地區特用作物生產概況': '未更新', '臺灣地區稻作種植、收穫面積及產量': '未更新', '臺灣地區稻米生產價值': '未更新', '臺灣地區蔬菜生產概況': '未更新', '臺灣地區農產品生產量值': '未更新', '農情調查': '已更新', '農產品交易行情': '已更新', '農產品產地價格(月平均價格)': '已更新', '農產品產地價格資料': '已更新', '雜糧生產概況': '未更新'}
2025-12-12 02:15:10,935 - SUCCESS - 更新結果儲存成功:{'全國單日平均糧價': '已更新', '各觀測站近兩年降雨量': '未更新', '產銷履歷與有機蔬果行情': '已更新', '糧價查詢': '已更新', '臺灣地區果品生產概況': '未更新', '臺灣地區特用作物生產概況': '未更新', '臺灣地區稻作種植、收穫面積及產量': '未更新', '臺灣地區稻米生產價值': '未更新', '臺灣地區蔬菜生產概況': '未更新', '臺灣地區農產品生產量值': '未更新', '農情調查': '已更新', '農產品交易行情': '已更新', '農產品產地價格(月平均價格)': '已更新', '農產品產地價格資料': '已更新', '雜糧生產概況': '未更新'}
