2026-01-16 22:56:16,411 - SUCCESS - 成功提取 '全國單日平均糧價' 的網頁 Metadata。
2026-01-16 22:56:16,411 - SUCCESS - 成功提取 '全國單日平均糧價' 的網頁 Metadata。
2026-01-16 22:56:16,465 - SUCCESS - '全國單日平均糧價' 的 Metadata 已更新到 metadata.json。
2026-01-16 22:56:16,465 - SUCCESS - '全國單日平均糧價' 的 Metadata 已更新到 metadata.json。
2026-01-16 22:56:30,180 - SUCCESS - <全國單日平均糧價>的資料已下載完成，共 9167 筆資料。
2026-01-16 22:56:30,180 - SUCCESS - <全國單日平均糧價>的資料已下載完成，共 9167 筆資料。
2026-01-16 22:56:30,847 - SUCCESS - 已下載、去重並合併資料完成現有資料 9167 條，新資料 1 條。
2026-01-16 22:56:30,847 - SUCCESS - 已下載、去重並合併資料完成現有資料 9167 條，新資料 1 條。
2026-01-16 22:56:30,898 - SUCCESS - 已下載 '全國單日平均糧價' 的原始 JSON 資料路徑: 'C:\Python\data_moa_gov_tw\raw_data\全國單日平均糧價\全國單日平均糧價.json'
2026-01-16 22:56:30,898 - SUCCESS - 已下載 '全國單日平均糧價' 的原始 JSON 資料路徑: 'C:\Python\data_moa_gov_tw\raw_data\全國單日平均糧價\全國單日平均糧價.json'
2026-01-16 22:56:30,930 - SUCCESS - 插入或更新 '全國單日平均糧價' 的 Metadata 成功。
2026-01-16 22:56:30,930 - SUCCESS - 插入或更新 '全國單日平均糧價' 的 Metadata 成功。
2026-01-16 22:56:30,941 - SUCCESS - 已成功批量插入 '全國單日平均糧價' 的總計 1 條記錄到表格 '1040001' 。
2026-01-16 22:56:30,941 - SUCCESS - 已成功批量插入 '全國單日平均糧價' 的總計 1 條記錄到表格 '1040001' 。
2026-01-16 22:56:30,946 - SUCCESS - '全國單日平均糧價' 的自動更新完成。
2026-01-16 22:56:30,946 - SUCCESS - '全國單日平均糧價' 的自動更新完成。
2026-01-16 22:56:32,628 - SUCCESS - 成功提取 '各觀測站近兩年降雨量' 的網頁 Metadata。
2026-01-16 22:56:32,628 - SUCCESS - 成功提取 '各觀測站近兩年降雨量' 的網頁 Metadata。
2026-01-16 22:56:34,472 - SUCCESS - 成功提取 '產銷履歷與有機蔬果行情' 的網頁 Metadata。
2026-01-16 22:56:34,472 - SUCCESS - 成功提取 '產銷履歷與有機蔬果行情' 的網頁 Metadata。
2026-01-16 22:56:34,508 - SUCCESS - '產銷履歷與有機蔬果行情' 的 Metadata 已更新到 metadata.json。
2026-01-16 22:56:34,508 - SUCCESS - '產銷履歷與有機蔬果行情' 的 Metadata 已更新到 metadata.json。
2026-01-16 22:56:37,818 - SUCCESS - <產銷履歷與有機蔬果行情>的資料已下載完成，共 4582 筆資料。
2026-01-16 22:56:37,818 - SUCCESS - <產銷履歷與有機蔬果行情>的資料已下載完成，共 4582 筆資料。
2026-01-16 22:57:00,148 - SUCCESS - 已下載、去重並合併資料完成現有資料 338976 條，新資料 2329 條。
2026-01-16 22:57:00,148 - SUCCESS - 已下載、去重並合併資料完成現有資料 338976 條，新資料 2329 條。
2026-01-16 22:57:01,921 - SUCCESS - 已下載 '產銷履歷與有機蔬果行情' 的原始 JSON 資料路徑: 'C:\Python\data_moa_gov_tw\raw_data\產銷履歷與有機蔬果行情\產銷履歷與有機蔬果行情.json'
2026-01-16 22:57:01,921 - SUCCESS - 已下載 '產銷履歷與有機蔬果行情' 的原始 JSON 資料路徑: 'C:\Python\data_moa_gov_tw\raw_data\產銷履歷與有機蔬果行情\產銷履歷與有機蔬果行情.json'
2026-01-16 22:57:01,928 - SUCCESS - 插入或更新 '產銷履歷與有機蔬果行情' 的 Metadata 成功。
2026-01-16 22:57:01,928 - SUCCESS - 插入或更新 '產銷履歷與有機蔬果行情' 的 Metadata 成功。
2026-01-16 22:57:02,800 - SUCCESS - 已成功批量插入 '產銷履歷與有機蔬果行情' 的總計 2329 條記錄到表格 '1040003' 。
2026-01-16 22:57:02,800 - SUCCESS - 已成功批量插入 '產銷履歷與有機蔬果行情' 的總計 2329 條記錄到表格 '1040003' 。
2026-01-16 22:57:02,888 - SUCCESS - '產銷履歷與有機蔬果行情' 的自動更新完成。
2026-01-16 22:57:02,888 - SUCCESS - '產銷履歷與有機蔬果行情' 的自動更新完成。
2026-01-16 22:57:05,858 - SUCCESS - 成功提取 '糧價查詢' 的網頁 Metadata。
2026-01-16 22:57:05,858 - SUCCESS - 成功提取 '糧價查詢' 的網頁 Metadata。
2026-01-16 22:57:05,903 - SUCCESS - '糧價查詢' 的 Metadata 已更新到 metadata.json。
2026-01-16 22:57:05,903 - SUCCESS - '糧價查詢' 的 Metadata 已更新到 metadata.json。
2026-01-16 22:57:11,131 - SUCCESS - <糧價查詢>的資料已下載完成，共 9999 筆資料。
2026-01-16 22:57:11,131 - SUCCESS - <糧價查詢>的資料已下載完成，共 9999 筆資料。
2026-01-16 22:57:11,928 - SUCCESS - 已下載、去重並合併資料完成現有資料 11075 條，新資料 20 條。
2026-01-16 22:57:11,928 - SUCCESS - 已下載、去重並合併資料完成現有資料 11075 條，新資料 20 條。
2026-01-16 22:57:12,684 - SUCCESS - 已下載 '糧價查詢' 的原始 JSON 資料路徑: 'C:\Python\data_moa_gov_tw\raw_data\糧價查詢\糧價查詢.json'
2026-01-16 22:57:12,684 - SUCCESS - 已下載 '糧價查詢' 的原始 JSON 資料路徑: 'C:\Python\data_moa_gov_tw\raw_data\糧價查詢\糧價查詢.json'
2026-01-16 22:57:12,690 - SUCCESS - 插入或更新 '糧價查詢' 的 Metadata 成功。
2026-01-16 22:57:12,690 - SUCCESS - 插入或更新 '糧價查詢' 的 Metadata 成功。
2026-01-16 22:57:12,707 - SUCCESS - 已成功批量插入 '糧價查詢' 的總計 20 條記錄到表格 '1040004' 。
2026-01-16 22:57:12,707 - SUCCESS - 已成功批量插入 '糧價查詢' 的總計 20 條記錄到表格 '1040004' 。
2026-01-16 22:57:12,711 - SUCCESS - '糧價查詢' 的自動更新完成。
2026-01-16 22:57:12,711 - SUCCESS - '糧價查詢' 的自動更新完成。
2026-01-16 22:57:15,782 - SUCCESS - 成功提取 '臺灣地區果品生產概況' 的網頁 Metadata。
2026-01-16 22:57:15,782 - SUCCESS - 成功提取 '臺灣地區果品生產概況' 的網頁 Metadata。
2026-01-16 22:57:18,556 - SUCCESS - 成功提取 '臺灣地區特用作物生產概況' 的網頁 Metadata。
2026-01-16 22:57:18,556 - SUCCESS - 成功提取 '臺灣地區特用作物生產概況' 的網頁 Metadata。
2026-01-16 22:57:20,279 - SUCCESS - 成功提取 '臺灣地區稻作種植、收穫面積及產量' 的網頁 Metadata。
2026-01-16 22:57:20,279 - SUCCESS - 成功提取 '臺灣地區稻作種植、收穫面積及產量' 的網頁 Metadata。
2026-01-16 22:57:21,684 - SUCCESS - 成功提取 '臺灣地區稻米生產價值' 的網頁 Metadata。
2026-01-16 22:57:21,684 - SUCCESS - 成功提取 '臺灣地區稻米生產價值' 的網頁 Metadata。
2026-01-16 22:57:24,138 - SUCCESS - 成功提取 '臺灣地區蔬菜生產概況' 的網頁 Metadata。
2026-01-16 22:57:24,138 - SUCCESS - 成功提取 '臺灣地區蔬菜生產概況' 的網頁 Metadata。
2026-01-16 22:57:25,794 - SUCCESS - 成功提取 '臺灣地區農產品生產量值' 的網頁 Metadata。
2026-01-16 22:57:25,794 - SUCCESS - 成功提取 '臺灣地區農產品生產量值' 的網頁 Metadata。
2026-01-16 22:57:27,632 - SUCCESS - 成功提取 '農情調查' 的網頁 Metadata。
2026-01-16 22:57:27,632 - SUCCESS - 成功提取 '農情調查' 的網頁 Metadata。
2026-01-16 22:57:27,673 - SUCCESS - '農情調查' 的 Metadata 已更新到 metadata.json。
2026-01-16 22:57:27,673 - SUCCESS - '農情調查' 的 Metadata 已更新到 metadata.json。
2026-01-16 22:57:32,705 - SUCCESS - <農情調查>的資料已下載完成，共 9999 筆資料。
2026-01-16 22:57:32,705 - SUCCESS - <農情調查>的資料已下載完成，共 9999 筆資料。
2026-01-16 22:57:33,741 - SUCCESS - 已下載、去重並合併資料完成現有資料 45259 條，新資料 0 條。
2026-01-16 22:57:33,741 - SUCCESS - 已下載、去重並合併資料完成現有資料 45259 條，新資料 0 條。
2026-01-16 22:57:34,037 - SUCCESS - 插入或更新 '農情調查' 的 Metadata 成功。
2026-01-16 22:57:34,037 - SUCCESS - 插入或更新 '農情調查' 的 Metadata 成功。
2026-01-16 22:57:34,050 - SUCCESS - '農情調查' 的自動更新完成。
2026-01-16 22:57:34,050 - SUCCESS - '農情調查' 的自動更新完成。
2026-01-16 22:57:35,768 - SUCCESS - 成功提取 '農產品交易行情' 的網頁 Metadata。
2026-01-16 22:57:35,768 - SUCCESS - 成功提取 '農產品交易行情' 的網頁 Metadata。
2026-01-16 22:57:35,809 - SUCCESS - '農產品交易行情' 的 Metadata 已更新到 metadata.json。
2026-01-16 22:57:35,809 - SUCCESS - '農產品交易行情' 的 Metadata 已更新到 metadata.json。
2026-01-16 22:57:48,530 - SUCCESS - <農產品交易行情>的資料已下載完成，共 14639 筆資料。
2026-01-16 22:57:48,530 - SUCCESS - <農產品交易行情>的資料已下載完成，共 14639 筆資料。
2026-01-16 22:58:17,603 - SUCCESS - 已下載、去重並合併資料完成現有資料 618635 條，新資料 3711 條。
2026-01-16 22:58:17,603 - SUCCESS - 已下載、去重並合併資料完成現有資料 618635 條，新資料 3711 條。
2026-01-16 22:58:20,541 - SUCCESS - 已下載 '農產品交易行情' 的原始 JSON 資料路徑: 'C:\Python\data_moa_gov_tw\raw_data\農產品交易行情\農產品交易行情.json'
2026-01-16 22:58:20,541 - SUCCESS - 已下載 '農產品交易行情' 的原始 JSON 資料路徑: 'C:\Python\data_moa_gov_tw\raw_data\農產品交易行情\農產品交易行情.json'
2026-01-16 22:58:20,547 - SUCCESS - 插入或更新 '農產品交易行情' 的 Metadata 成功。
2026-01-16 22:58:20,547 - SUCCESS - 插入或更新 '農產品交易行情' 的 Metadata 成功。
2026-01-16 22:58:22,050 - SUCCESS - 已成功批量插入 '農產品交易行情' 的總計 3711 條記錄到表格 '1040012' 。
2026-01-16 22:58:22,050 - SUCCESS - 已成功批量插入 '農產品交易行情' 的總計 3711 條記錄到表格 '1040012' 。
2026-01-16 22:58:22,290 - SUCCESS - '農產品交易行情' 的自動更新完成。
2026-01-16 22:58:22,290 - SUCCESS - '農產品交易行情' 的自動更新完成。
2026-01-16 22:58:24,999 - SUCCESS - 成功提取 '農產品產地價格(月平均價格)' 的網頁 Metadata。
2026-01-16 22:58:24,999 - SUCCESS - 成功提取 '農產品產地價格(月平均價格)' 的網頁 Metadata。
2026-01-16 22:58:26,800 - SUCCESS - 成功提取 '農產品產地價格資料' 的網頁 Metadata。
2026-01-16 22:58:26,800 - SUCCESS - 成功提取 '農產品產地價格資料' 的網頁 Metadata。
2026-01-16 22:58:26,842 - SUCCESS - '農產品產地價格資料' 的 Metadata 已更新到 metadata.json。
2026-01-16 22:58:26,842 - SUCCESS - '農產品產地價格資料' 的 Metadata 已更新到 metadata.json。
2026-01-16 22:58:27,881 - SUCCESS - <農產品產地價格資料>的資料已下載完成，共 9999 筆資料。
2026-01-16 22:58:27,881 - SUCCESS - <農產品產地價格資料>的資料已下載完成，共 9999 筆資料。
2026-01-16 22:59:11,652 - SUCCESS - 已下載、去重並合併資料完成現有資料 350321 條，新資料 11 條。
2026-01-16 22:59:11,652 - SUCCESS - 已下載、去重並合併資料完成現有資料 350321 條，新資料 11 條。
2026-01-16 22:59:13,518 - SUCCESS - 已下載 '農產品產地價格資料' 的原始 JSON 資料路徑: 'C:\Python\data_moa_gov_tw\raw_data\農產品產地價格資料\農產品產地價格資料.json'
2026-01-16 22:59:13,518 - SUCCESS - 已下載 '農產品產地價格資料' 的原始 JSON 資料路徑: 'C:\Python\data_moa_gov_tw\raw_data\農產品產地價格資料\農產品產地價格資料.json'
2026-01-16 22:59:13,523 - SUCCESS - 插入或更新 '農產品產地價格資料' 的 Metadata 成功。
2026-01-16 22:59:13,523 - SUCCESS - 插入或更新 '農產品產地價格資料' 的 Metadata 成功。
2026-01-16 22:59:13,534 - SUCCESS - 已成功批量插入 '農產品產地價格資料' 的總計 11 條記錄到表格 '1040014' 。
2026-01-16 22:59:13,534 - SUCCESS - 已成功批量插入 '農產品產地價格資料' 的總計 11 條記錄到表格 '1040014' 。
2026-01-16 22:59:13,608 - SUCCESS - '農產品產地價格資料' 的自動更新完成。
2026-01-16 22:59:13,608 - SUCCESS - '農產品產地價格資料' 的自動更新完成。
2026-01-16 22:59:15,194 - SUCCESS - 成功提取 '雜糧生產概況' 的網頁 Metadata。
2026-01-16 22:59:15,194 - SUCCESS - 成功提取 '雜糧生產概況' 的網頁 Metadata。
2026-01-16 22:59:16,210 - SUCCESS - 已成功儲存次要資訊。
2026-01-16 22:59:16,210 - SUCCESS - 已成功儲存次要資訊。
2026-01-16 22:59:16,210 - SUCCESS - 更新結果儲存成功:{'全國單日平均糧價': '已更新', '各觀測站近兩年降雨量': '未更新', '產銷履歷與有機蔬果行情': '已更新', '糧價查詢': '已更新', '臺灣地區果品生產概況': '未更新', '臺灣地區特用作物生產概況': '未更新', '臺灣地區稻作種植、收穫面積及產量': '未更新', '臺灣地區稻米生產價值': '未更新', '臺灣地區蔬菜生產概況': '未更新', '臺灣地區農產品生產量值': '未更新', '農情調查': '已更新', '農產品交易行情': '已更新', '農產品產地價格(月平均價格)': '未更新', '農產品產地價格資料': '已更新', '雜糧生產概況': '未更新'}
2026-01-16 22:59:16,210 - SUCCESS - 更新結果儲存成功:{'全國單日平均糧價': '已更新', '各觀測站近兩年降雨量': '未更新', '產銷履歷與有機蔬果行情': '已更新', '糧價查詢': '已更新', '臺灣地區果品生產概況': '未更新', '臺灣地區特用作物生產概況': '未更新', '臺灣地區稻作種植、收穫面積及產量': '未更新', '臺灣地區稻米生產價值': '未更新', '臺灣地區蔬菜生產概況': '未更新', '臺灣地區農產品生產量值': '未更新', '農情調查': '已更新', '農產品交易行情': '已更新', '農產品產地價格(月平均價格)': '未更新', '農產品產地價格資料': '已更新', '雜糧生產概況': '未更新'}
