2026-01-02 00:31:10,882 - SUCCESS - 成功提取 '全國單日平均糧價' 的網頁 Metadata。
2026-01-02 00:31:10,882 - SUCCESS - 成功提取 '全國單日平均糧價' 的網頁 Metadata。
2026-01-02 00:31:10,957 - SUCCESS - '全國單日平均糧價' 的 Metadata 已更新到 metadata.json。
2026-01-02 00:31:10,957 - SUCCESS - '全國單日平均糧價' 的 Metadata 已更新到 metadata.json。
2026-01-02 00:31:13,773 - SUCCESS - <全國單日平均糧價>的資料已下載完成，共 9151 筆資料。
2026-01-02 00:31:13,773 - SUCCESS - <全國單日平均糧價>的資料已下載完成，共 9151 筆資料。
2026-01-02 00:31:14,358 - SUCCESS - 已下載、去重並合併資料完成現有資料 9151 條，新資料 0 條。
2026-01-02 00:31:14,358 - SUCCESS - 已下載、去重並合併資料完成現有資料 9151 條，新資料 0 條。
2026-01-02 00:31:14,438 - SUCCESS - 插入或更新 '全國單日平均糧價' 的 Metadata 成功。
2026-01-02 00:31:14,438 - SUCCESS - 插入或更新 '全國單日平均糧價' 的 Metadata 成功。
2026-01-02 00:31:14,445 - SUCCESS - '全國單日平均糧價' 的自動更新完成。
2026-01-02 00:31:14,445 - SUCCESS - '全國單日平均糧價' 的自動更新完成。
2026-01-02 00:31:16,498 - SUCCESS - 成功提取 '各觀測站近兩年降雨量' 的網頁 Metadata。
2026-01-02 00:31:16,498 - SUCCESS - 成功提取 '各觀測站近兩年降雨量' 的網頁 Metadata。
2026-01-02 00:31:18,339 - SUCCESS - 成功提取 '產銷履歷與有機蔬果行情' 的網頁 Metadata。
2026-01-02 00:31:18,339 - SUCCESS - 成功提取 '產銷履歷與有機蔬果行情' 的網頁 Metadata。
2026-01-02 00:31:18,378 - SUCCESS - '產銷履歷與有機蔬果行情' 的 Metadata 已更新到 metadata.json。
2026-01-02 00:31:18,378 - SUCCESS - '產銷履歷與有機蔬果行情' 的 Metadata 已更新到 metadata.json。
2026-01-02 00:31:20,952 - SUCCESS - <產銷履歷與有機蔬果行情>的資料已下載完成，共 4608 筆資料。
2026-01-02 00:31:20,952 - SUCCESS - <產銷履歷與有機蔬果行情>的資料已下載完成，共 4608 筆資料。
2026-01-02 00:31:42,936 - SUCCESS - 已下載、去重並合併資料完成現有資料 310683 條，新資料 2301 條。
2026-01-02 00:31:42,936 - SUCCESS - 已下載、去重並合併資料完成現有資料 310683 條，新資料 2301 條。
2026-01-02 00:31:44,549 - SUCCESS - 已下載 '產銷履歷與有機蔬果行情' 的原始 JSON 資料路徑: 'C:\Python\data_moa_gov_tw\raw_data\產銷履歷與有機蔬果行情\產銷履歷與有機蔬果行情.json'
2026-01-02 00:31:44,549 - SUCCESS - 已下載 '產銷履歷與有機蔬果行情' 的原始 JSON 資料路徑: 'C:\Python\data_moa_gov_tw\raw_data\產銷履歷與有機蔬果行情\產銷履歷與有機蔬果行情.json'
2026-01-02 00:31:44,555 - SUCCESS - 插入或更新 '產銷履歷與有機蔬果行情' 的 Metadata 成功。
2026-01-02 00:31:44,555 - SUCCESS - 插入或更新 '產銷履歷與有機蔬果行情' 的 Metadata 成功。
2026-01-02 00:31:45,433 - SUCCESS - 已成功批量插入 '產銷履歷與有機蔬果行情' 的總計 2301 條記錄到表格 '1040003' 。
2026-01-02 00:31:45,433 - SUCCESS - 已成功批量插入 '產銷履歷與有機蔬果行情' 的總計 2301 條記錄到表格 '1040003' 。
2026-01-02 00:31:45,515 - SUCCESS - '產銷履歷與有機蔬果行情' 的自動更新完成。
2026-01-02 00:31:45,515 - SUCCESS - '產銷履歷與有機蔬果行情' 的自動更新完成。
2026-01-02 00:31:51,412 - SUCCESS - 成功提取 '糧價查詢' 的網頁 Metadata。
2026-01-02 00:31:51,412 - SUCCESS - 成功提取 '糧價查詢' 的網頁 Metadata。
2026-01-02 00:31:51,440 - SUCCESS - '糧價查詢' 的 Metadata 已更新到 metadata.json。
2026-01-02 00:31:51,440 - SUCCESS - '糧價查詢' 的 Metadata 已更新到 metadata.json。
2026-01-02 00:31:53,268 - SUCCESS - <糧價查詢>的資料已下載完成，共 9999 筆資料。
2026-01-02 00:31:53,268 - SUCCESS - <糧價查詢>的資料已下載完成，共 9999 筆資料。
2026-01-02 00:31:54,040 - SUCCESS - 已下載、去重並合併資料完成現有資料 10675 條，新資料 20 條。
2026-01-02 00:31:54,040 - SUCCESS - 已下載、去重並合併資料完成現有資料 10675 條，新資料 20 條。
2026-01-02 00:31:54,767 - SUCCESS - 已下載 '糧價查詢' 的原始 JSON 資料路徑: 'C:\Python\data_moa_gov_tw\raw_data\糧價查詢\糧價查詢.json'
2026-01-02 00:31:54,767 - SUCCESS - 已下載 '糧價查詢' 的原始 JSON 資料路徑: 'C:\Python\data_moa_gov_tw\raw_data\糧價查詢\糧價查詢.json'
2026-01-02 00:31:54,773 - SUCCESS - 插入或更新 '糧價查詢' 的 Metadata 成功。
2026-01-02 00:31:54,773 - SUCCESS - 插入或更新 '糧價查詢' 的 Metadata 成功。
2026-01-02 00:31:54,789 - SUCCESS - 已成功批量插入 '糧價查詢' 的總計 20 條記錄到表格 '1040004' 。
2026-01-02 00:31:54,789 - SUCCESS - 已成功批量插入 '糧價查詢' 的總計 20 條記錄到表格 '1040004' 。
2026-01-02 00:31:54,794 - SUCCESS - '糧價查詢' 的自動更新完成。
2026-01-02 00:31:54,794 - SUCCESS - '糧價查詢' 的自動更新完成。
2026-01-02 00:32:00,742 - SUCCESS - 成功提取 '臺灣地區果品生產概況' 的網頁 Metadata。
2026-01-02 00:32:00,742 - SUCCESS - 成功提取 '臺灣地區果品生產概況' 的網頁 Metadata。
2026-01-02 00:32:06,679 - SUCCESS - 成功提取 '臺灣地區特用作物生產概況' 的網頁 Metadata。
2026-01-02 00:32:06,679 - SUCCESS - 成功提取 '臺灣地區特用作物生產概況' 的網頁 Metadata。
2026-01-02 00:32:08,920 - SUCCESS - 成功提取 '臺灣地區稻作種植、收穫面積及產量' 的網頁 Metadata。
2026-01-02 00:32:08,920 - SUCCESS - 成功提取 '臺灣地區稻作種植、收穫面積及產量' 的網頁 Metadata。
2026-01-02 00:32:10,673 - SUCCESS - 成功提取 '臺灣地區稻米生產價值' 的網頁 Metadata。
2026-01-02 00:32:10,673 - SUCCESS - 成功提取 '臺灣地區稻米生產價值' 的網頁 Metadata。
2026-01-02 00:32:17,873 - SUCCESS - 成功提取 '臺灣地區蔬菜生產概況' 的網頁 Metadata。
2026-01-02 00:32:17,873 - SUCCESS - 成功提取 '臺灣地區蔬菜生產概況' 的網頁 Metadata。
2026-01-02 00:32:19,536 - SUCCESS - 成功提取 '臺灣地區農產品生產量值' 的網頁 Metadata。
2026-01-02 00:32:19,536 - SUCCESS - 成功提取 '臺灣地區農產品生產量值' 的網頁 Metadata。
2026-01-02 00:32:21,397 - SUCCESS - 成功提取 '農情調查' 的網頁 Metadata。
2026-01-02 00:32:21,397 - SUCCESS - 成功提取 '農情調查' 的網頁 Metadata。
2026-01-02 00:32:21,440 - SUCCESS - '農情調查' 的 Metadata 已更新到 metadata.json。
2026-01-02 00:32:21,440 - SUCCESS - '農情調查' 的 Metadata 已更新到 metadata.json。
2026-01-02 00:32:27,233 - SUCCESS - <農情調查>的資料已下載完成，共 9999 筆資料。
2026-01-02 00:32:27,233 - SUCCESS - <農情調查>的資料已下載完成，共 9999 筆資料。
2026-01-02 00:32:28,228 - SUCCESS - 已下載、去重並合併資料完成現有資料 45259 條，新資料 0 條。
2026-01-02 00:32:28,228 - SUCCESS - 已下載、去重並合併資料完成現有資料 45259 條，新資料 0 條。
2026-01-02 00:32:28,503 - SUCCESS - 插入或更新 '農情調查' 的 Metadata 成功。
2026-01-02 00:32:28,503 - SUCCESS - 插入或更新 '農情調查' 的 Metadata 成功。
2026-01-02 00:32:28,516 - SUCCESS - '農情調查' 的自動更新完成。
2026-01-02 00:32:28,516 - SUCCESS - '農情調查' 的自動更新完成。
2026-01-02 00:32:30,573 - SUCCESS - 成功提取 '農產品交易行情' 的網頁 Metadata。
2026-01-02 00:32:30,573 - SUCCESS - 成功提取 '農產品交易行情' 的網頁 Metadata。
2026-01-02 00:32:30,612 - SUCCESS - '農產品交易行情' 的 Metadata 已更新到 metadata.json。
2026-01-02 00:32:30,612 - SUCCESS - '農產品交易行情' 的 Metadata 已更新到 metadata.json。
2026-01-02 00:33:15,205 - SUCCESS - <農產品交易行情>的資料已下載完成，共 10875 筆資料。
2026-01-02 00:33:15,205 - SUCCESS - <農產品交易行情>的資料已下載完成，共 10875 筆資料。
2026-01-02 00:33:42,348 - SUCCESS - 已下載、去重並合併資料完成現有資料 575238 條，新資料 4320 條。
2026-01-02 00:33:42,348 - SUCCESS - 已下載、去重並合併資料完成現有資料 575238 條，新資料 4320 條。
2026-01-02 00:33:45,209 - SUCCESS - 已下載 '農產品交易行情' 的原始 JSON 資料路徑: 'C:\Python\data_moa_gov_tw\raw_data\農產品交易行情\農產品交易行情.json'
2026-01-02 00:33:45,209 - SUCCESS - 已下載 '農產品交易行情' 的原始 JSON 資料路徑: 'C:\Python\data_moa_gov_tw\raw_data\農產品交易行情\農產品交易行情.json'
2026-01-02 00:33:45,215 - SUCCESS - 插入或更新 '農產品交易行情' 的 Metadata 成功。
2026-01-02 00:33:45,215 - SUCCESS - 插入或更新 '農產品交易行情' 的 Metadata 成功。
2026-01-02 00:33:46,915 - SUCCESS - 已成功批量插入 '農產品交易行情' 的總計 4319 條記錄到表格 '1040012' 。
2026-01-02 00:33:46,915 - SUCCESS - 已成功批量插入 '農產品交易行情' 的總計 4319 條記錄到表格 '1040012' 。
2026-01-02 00:33:47,145 - SUCCESS - '農產品交易行情' 的自動更新完成。
2026-01-02 00:33:47,145 - SUCCESS - '農產品交易行情' 的自動更新完成。
2026-01-02 00:33:51,186 - SUCCESS - 成功提取 '農產品產地價格(月平均價格)' 的網頁 Metadata。
2026-01-02 00:33:51,186 - SUCCESS - 成功提取 '農產品產地價格(月平均價格)' 的網頁 Metadata。
2026-01-02 00:33:52,641 - SUCCESS - 成功提取 '農產品產地價格資料' 的網頁 Metadata。
2026-01-02 00:33:52,641 - SUCCESS - 成功提取 '農產品產地價格資料' 的網頁 Metadata。
2026-01-02 00:33:52,677 - SUCCESS - '農產品產地價格資料' 的 Metadata 已更新到 metadata.json。
2026-01-02 00:33:52,677 - SUCCESS - '農產品產地價格資料' 的 Metadata 已更新到 metadata.json。
2026-01-02 00:33:54,192 - SUCCESS - <農產品產地價格資料>的資料已下載完成，共 9999 筆資料。
2026-01-02 00:33:54,192 - SUCCESS - <農產品產地價格資料>的資料已下載完成，共 9999 筆資料。
2026-01-02 00:34:39,185 - SUCCESS - 已下載、去重並合併資料完成現有資料 348175 條，新資料 10 條。
2026-01-02 00:34:39,185 - SUCCESS - 已下載、去重並合併資料完成現有資料 348175 條，新資料 10 條。
2026-01-02 00:34:41,124 - SUCCESS - 已下載 '農產品產地價格資料' 的原始 JSON 資料路徑: 'C:\Python\data_moa_gov_tw\raw_data\農產品產地價格資料\農產品產地價格資料.json'
2026-01-02 00:34:41,124 - SUCCESS - 已下載 '農產品產地價格資料' 的原始 JSON 資料路徑: 'C:\Python\data_moa_gov_tw\raw_data\農產品產地價格資料\農產品產地價格資料.json'
2026-01-02 00:34:41,129 - SUCCESS - 插入或更新 '農產品產地價格資料' 的 Metadata 成功。
2026-01-02 00:34:41,129 - SUCCESS - 插入或更新 '農產品產地價格資料' 的 Metadata 成功。
2026-01-02 00:34:41,142 - SUCCESS - 已成功批量插入 '農產品產地價格資料' 的總計 10 條記錄到表格 '1040014' 。
2026-01-02 00:34:41,142 - SUCCESS - 已成功批量插入 '農產品產地價格資料' 的總計 10 條記錄到表格 '1040014' 。
2026-01-02 00:34:41,227 - SUCCESS - '農產品產地價格資料' 的自動更新完成。
2026-01-02 00:34:41,227 - SUCCESS - '農產品產地價格資料' 的自動更新完成。
2026-01-02 00:34:42,822 - SUCCESS - 成功提取 '雜糧生產概況' 的網頁 Metadata。
2026-01-02 00:34:42,822 - SUCCESS - 成功提取 '雜糧生產概況' 的網頁 Metadata。
2026-01-02 00:34:43,836 - SUCCESS - 已成功儲存次要資訊。
2026-01-02 00:34:43,836 - SUCCESS - 已成功儲存次要資訊。
2026-01-02 00:34:43,837 - SUCCESS - 更新結果儲存成功:{'全國單日平均糧價': '已更新', '各觀測站近兩年降雨量': '未更新', '產銷履歷與有機蔬果行情': '已更新', '糧價查詢': '已更新', '臺灣地區果品生產概況': '未更新', '臺灣地區特用作物生產概況': '未更新', '臺灣地區稻作種植、收穫面積及產量': '未更新', '臺灣地區稻米生產價值': '未更新', '臺灣地區蔬菜生產概況': '未更新', '臺灣地區農產品生產量值': '未更新', '農情調查': '已更新', '農產品交易行情': '已更新', '農產品產地價格(月平均價格)': '未更新', '農產品產地價格資料': '已更新', '雜糧生產概況': '未更新'}
2026-01-02 00:34:43,837 - SUCCESS - 更新結果儲存成功:{'全國單日平均糧價': '已更新', '各觀測站近兩年降雨量': '未更新', '產銷履歷與有機蔬果行情': '已更新', '糧價查詢': '已更新', '臺灣地區果品生產概況': '未更新', '臺灣地區特用作物生產概況': '未更新', '臺灣地區稻作種植、收穫面積及產量': '未更新', '臺灣地區稻米生產價值': '未更新', '臺灣地區蔬菜生產概況': '未更新', '臺灣地區農產品生產量值': '未更新', '農情調查': '已更新', '農產品交易行情': '已更新', '農產品產地價格(月平均價格)': '未更新', '農產品產地價格資料': '已更新', '雜糧生產概況': '未更新'}
2026-01-02 23:58:03,105 - SUCCESS - 成功提取 '全國單日平均糧價' 的網頁 Metadata。
2026-01-02 23:58:03,105 - SUCCESS - 成功提取 '全國單日平均糧價' 的網頁 Metadata。
2026-01-02 23:58:03,163 - SUCCESS - '全國單日平均糧價' 的 Metadata 已更新到 metadata.json。
2026-01-02 23:58:03,163 - SUCCESS - '全國單日平均糧價' 的 Metadata 已更新到 metadata.json。
2026-01-02 23:58:06,809 - SUCCESS - <全國單日平均糧價>的資料已下載完成，共 9153 筆資料。
2026-01-02 23:58:06,809 - SUCCESS - <全國單日平均糧價>的資料已下載完成，共 9153 筆資料。
2026-01-02 23:58:07,520 - SUCCESS - 已下載、去重並合併資料完成現有資料 9153 條，新資料 2 條。
2026-01-02 23:58:07,520 - SUCCESS - 已下載、去重並合併資料完成現有資料 9153 條，新資料 2 條。
2026-01-02 23:58:07,556 - SUCCESS - 已下載 '全國單日平均糧價' 的原始 JSON 資料路徑: 'C:\Python\data_moa_gov_tw\raw_data\全國單日平均糧價\全國單日平均糧價.json'
2026-01-02 23:58:07,556 - SUCCESS - 已下載 '全國單日平均糧價' 的原始 JSON 資料路徑: 'C:\Python\data_moa_gov_tw\raw_data\全國單日平均糧價\全國單日平均糧價.json'
2026-01-02 23:58:07,585 - SUCCESS - 插入或更新 '全國單日平均糧價' 的 Metadata 成功。
2026-01-02 23:58:07,585 - SUCCESS - 插入或更新 '全國單日平均糧價' 的 Metadata 成功。
2026-01-02 23:58:07,596 - SUCCESS - 已成功批量插入 '全國單日平均糧價' 的總計 2 條記錄到表格 '1040001' 。
2026-01-02 23:58:07,596 - SUCCESS - 已成功批量插入 '全國單日平均糧價' 的總計 2 條記錄到表格 '1040001' 。
2026-01-02 23:58:07,601 - SUCCESS - '全國單日平均糧價' 的自動更新完成。
2026-01-02 23:58:07,601 - SUCCESS - '全國單日平均糧價' 的自動更新完成。
2026-01-02 23:58:11,251 - SUCCESS - 成功提取 '各觀測站近兩年降雨量' 的網頁 Metadata。
2026-01-02 23:58:11,251 - SUCCESS - 成功提取 '各觀測站近兩年降雨量' 的網頁 Metadata。
2026-01-02 23:58:16,375 - SUCCESS - 成功提取 '產銷履歷與有機蔬果行情' 的網頁 Metadata。
2026-01-02 23:58:16,375 - SUCCESS - 成功提取 '產銷履歷與有機蔬果行情' 的網頁 Metadata。
2026-01-02 23:58:16,420 - SUCCESS - '產銷履歷與有機蔬果行情' 的 Metadata 已更新到 metadata.json。
2026-01-02 23:58:16,420 - SUCCESS - '產銷履歷與有機蔬果行情' 的 Metadata 已更新到 metadata.json。
2026-01-02 23:58:27,055 - SUCCESS - <產銷履歷與有機蔬果行情>的資料已下載完成，共 4618 筆資料。
2026-01-02 23:58:27,055 - SUCCESS - <產銷履歷與有機蔬果行情>的資料已下載完成，共 4618 筆資料。
2026-01-02 23:58:47,773 - SUCCESS - 已下載、去重並合併資料完成現有資料 313000 條，新資料 2317 條。
2026-01-02 23:58:47,773 - SUCCESS - 已下載、去重並合併資料完成現有資料 313000 條，新資料 2317 條。
2026-01-02 23:58:49,289 - SUCCESS - 已下載 '產銷履歷與有機蔬果行情' 的原始 JSON 資料路徑: 'C:\Python\data_moa_gov_tw\raw_data\產銷履歷與有機蔬果行情\產銷履歷與有機蔬果行情.json'
2026-01-02 23:58:49,289 - SUCCESS - 已下載 '產銷履歷與有機蔬果行情' 的原始 JSON 資料路徑: 'C:\Python\data_moa_gov_tw\raw_data\產銷履歷與有機蔬果行情\產銷履歷與有機蔬果行情.json'
2026-01-02 23:58:49,295 - SUCCESS - 插入或更新 '產銷履歷與有機蔬果行情' 的 Metadata 成功。
2026-01-02 23:58:49,295 - SUCCESS - 插入或更新 '產銷履歷與有機蔬果行情' 的 Metadata 成功。
2026-01-02 23:58:50,182 - SUCCESS - 已成功批量插入 '產銷履歷與有機蔬果行情' 的總計 2317 條記錄到表格 '1040003' 。
2026-01-02 23:58:50,182 - SUCCESS - 已成功批量插入 '產銷履歷與有機蔬果行情' 的總計 2317 條記錄到表格 '1040003' 。
2026-01-02 23:58:50,267 - SUCCESS - '產銷履歷與有機蔬果行情' 的自動更新完成。
2026-01-02 23:58:50,267 - SUCCESS - '產銷履歷與有機蔬果行情' 的自動更新完成。
2026-01-02 23:58:52,325 - SUCCESS - 成功提取 '糧價查詢' 的網頁 Metadata。
2026-01-02 23:58:52,325 - SUCCESS - 成功提取 '糧價查詢' 的網頁 Metadata。
2026-01-02 23:58:52,358 - SUCCESS - '糧價查詢' 的 Metadata 已更新到 metadata.json。
2026-01-02 23:58:52,358 - SUCCESS - '糧價查詢' 的 Metadata 已更新到 metadata.json。
2026-01-02 23:58:56,100 - SUCCESS - <糧價查詢>的資料已下載完成，共 9999 筆資料。
2026-01-02 23:58:56,100 - SUCCESS - <糧價查詢>的資料已下載完成，共 9999 筆資料。
2026-01-02 23:58:56,843 - SUCCESS - 已下載、去重並合併資料完成現有資料 10715 條，新資料 40 條。
2026-01-02 23:58:56,843 - SUCCESS - 已下載、去重並合併資料完成現有資料 10715 條，新資料 40 條。
2026-01-02 23:58:57,569 - SUCCESS - 已下載 '糧價查詢' 的原始 JSON 資料路徑: 'C:\Python\data_moa_gov_tw\raw_data\糧價查詢\糧價查詢.json'
2026-01-02 23:58:57,569 - SUCCESS - 已下載 '糧價查詢' 的原始 JSON 資料路徑: 'C:\Python\data_moa_gov_tw\raw_data\糧價查詢\糧價查詢.json'
2026-01-02 23:58:57,574 - SUCCESS - 插入或更新 '糧價查詢' 的 Metadata 成功。
2026-01-02 23:58:57,574 - SUCCESS - 插入或更新 '糧價查詢' 的 Metadata 成功。
2026-01-02 23:58:57,601 - SUCCESS - 已成功批量插入 '糧價查詢' 的總計 40 條記錄到表格 '1040004' 。
2026-01-02 23:58:57,601 - SUCCESS - 已成功批量插入 '糧價查詢' 的總計 40 條記錄到表格 '1040004' 。
2026-01-02 23:58:57,607 - SUCCESS - '糧價查詢' 的自動更新完成。
2026-01-02 23:58:57,607 - SUCCESS - '糧價查詢' 的自動更新完成。
2026-01-02 23:59:00,218 - SUCCESS - 成功提取 '臺灣地區果品生產概況' 的網頁 Metadata。
2026-01-02 23:59:00,218 - SUCCESS - 成功提取 '臺灣地區果品生產概況' 的網頁 Metadata。
2026-01-02 23:59:04,720 - SUCCESS - 成功提取 '臺灣地區特用作物生產概況' 的網頁 Metadata。
2026-01-02 23:59:04,720 - SUCCESS - 成功提取 '臺灣地區特用作物生產概況' 的網頁 Metadata。
2026-01-02 23:59:07,355 - SUCCESS - 成功提取 '臺灣地區稻作種植、收穫面積及產量' 的網頁 Metadata。
2026-01-02 23:59:07,355 - SUCCESS - 成功提取 '臺灣地區稻作種植、收穫面積及產量' 的網頁 Metadata。
2026-01-02 23:59:09,450 - SUCCESS - 成功提取 '臺灣地區稻米生產價值' 的網頁 Metadata。
2026-01-02 23:59:09,450 - SUCCESS - 成功提取 '臺灣地區稻米生產價值' 的網頁 Metadata。
2026-01-02 23:59:12,127 - SUCCESS - 成功提取 '臺灣地區蔬菜生產概況' 的網頁 Metadata。
2026-01-02 23:59:12,127 - SUCCESS - 成功提取 '臺灣地區蔬菜生產概況' 的網頁 Metadata。
2026-01-02 23:59:15,007 - SUCCESS - 成功提取 '臺灣地區農產品生產量值' 的網頁 Metadata。
2026-01-02 23:59:15,007 - SUCCESS - 成功提取 '臺灣地區農產品生產量值' 的網頁 Metadata。
2026-01-02 23:59:16,676 - SUCCESS - 成功提取 '農情調查' 的網頁 Metadata。
2026-01-02 23:59:16,676 - SUCCESS - 成功提取 '農情調查' 的網頁 Metadata。
2026-01-02 23:59:16,720 - SUCCESS - '農情調查' 的 Metadata 已更新到 metadata.json。
2026-01-02 23:59:16,720 - SUCCESS - '農情調查' 的 Metadata 已更新到 metadata.json。
2026-01-02 23:59:22,794 - SUCCESS - <農情調查>的資料已下載完成，共 9999 筆資料。
2026-01-02 23:59:22,794 - SUCCESS - <農情調查>的資料已下載完成，共 9999 筆資料。
2026-01-02 23:59:23,805 - SUCCESS - 已下載、去重並合併資料完成現有資料 45259 條，新資料 0 條。
2026-01-02 23:59:23,805 - SUCCESS - 已下載、去重並合併資料完成現有資料 45259 條，新資料 0 條。
2026-01-02 23:59:24,051 - SUCCESS - 插入或更新 '農情調查' 的 Metadata 成功。
2026-01-02 23:59:24,051 - SUCCESS - 插入或更新 '農情調查' 的 Metadata 成功。
2026-01-02 23:59:24,063 - SUCCESS - '農情調查' 的自動更新完成。
2026-01-02 23:59:24,063 - SUCCESS - '農情調查' 的自動更新完成。
2026-01-02 23:59:25,772 - SUCCESS - 成功提取 '農產品交易行情' 的網頁 Metadata。
2026-01-02 23:59:25,772 - SUCCESS - 成功提取 '農產品交易行情' 的網頁 Metadata。
2026-01-02 23:59:25,810 - SUCCESS - '農產品交易行情' 的 Metadata 已更新到 metadata.json。
2026-01-02 23:59:25,810 - SUCCESS - '農產品交易行情' 的 Metadata 已更新到 metadata.json。
2026-01-03 00:00:28,467 - SUCCESS - <農產品交易行情>的資料已下載完成，共 14465 筆資料。
2026-01-03 00:00:28,467 - SUCCESS - <農產品交易行情>的資料已下載完成，共 14465 筆資料。
2026-01-03 00:00:57,860 - SUCCESS - 已下載、去重並合併資料完成現有資料 578828 條，新資料 3590 條。
2026-01-03 00:00:57,860 - SUCCESS - 已下載、去重並合併資料完成現有資料 578828 條，新資料 3590 條。
2026-01-03 00:01:00,961 - SUCCESS - 已下載 '農產品交易行情' 的原始 JSON 資料路徑: 'C:\Python\data_moa_gov_tw\raw_data\農產品交易行情\農產品交易行情.json'
2026-01-03 00:01:00,961 - SUCCESS - 已下載 '農產品交易行情' 的原始 JSON 資料路徑: 'C:\Python\data_moa_gov_tw\raw_data\農產品交易行情\農產品交易行情.json'
2026-01-03 00:01:00,966 - SUCCESS - 插入或更新 '農產品交易行情' 的 Metadata 成功。
2026-01-03 00:01:00,966 - SUCCESS - 插入或更新 '農產品交易行情' 的 Metadata 成功。
2026-01-03 00:01:02,775 - SUCCESS - 已成功批量插入 '農產品交易行情' 的總計 3590 條記錄到表格 '1040012' 。
2026-01-03 00:01:02,775 - SUCCESS - 已成功批量插入 '農產品交易行情' 的總計 3590 條記錄到表格 '1040012' 。
2026-01-03 00:01:03,028 - SUCCESS - '農產品交易行情' 的自動更新完成。
2026-01-03 00:01:03,028 - SUCCESS - '農產品交易行情' 的自動更新完成。
2026-01-03 00:01:06,125 - SUCCESS - 成功提取 '農產品產地價格(月平均價格)' 的網頁 Metadata。
2026-01-03 00:01:06,125 - SUCCESS - 成功提取 '農產品產地價格(月平均價格)' 的網頁 Metadata。
2026-01-03 00:01:12,682 - SUCCESS - 成功提取 '農產品產地價格資料' 的網頁 Metadata。
2026-01-03 00:01:12,682 - SUCCESS - 成功提取 '農產品產地價格資料' 的網頁 Metadata。
2026-01-03 00:01:16,219 - SUCCESS - 成功提取 '雜糧生產概況' 的網頁 Metadata。
2026-01-03 00:01:16,219 - SUCCESS - 成功提取 '雜糧生產概況' 的網頁 Metadata。
2026-01-03 00:01:17,226 - SUCCESS - 已成功儲存次要資訊。
2026-01-03 00:01:17,226 - SUCCESS - 已成功儲存次要資訊。
2026-01-03 00:01:17,227 - SUCCESS - 更新結果儲存成功:{'全國單日平均糧價': '已更新', '各觀測站近兩年降雨量': '未更新', '產銷履歷與有機蔬果行情': '已更新', '糧價查詢': '已更新', '臺灣地區果品生產概況': '未更新', '臺灣地區特用作物生產概況': '未更新', '臺灣地區稻作種植、收穫面積及產量': '未更新', '臺灣地區稻米生產價值': '未更新', '臺灣地區蔬菜生產概況': '未更新', '臺灣地區農產品生產量值': '未更新', '農情調查': '已更新', '農產品交易行情': '已更新', '農產品產地價格(月平均價格)': '未更新', '農產品產地價格資料': '未更新', '雜糧生產概況': '未更新'}
2026-01-03 00:01:17,227 - SUCCESS - 更新結果儲存成功:{'全國單日平均糧價': '已更新', '各觀測站近兩年降雨量': '未更新', '產銷履歷與有機蔬果行情': '已更新', '糧價查詢': '已更新', '臺灣地區果品生產概況': '未更新', '臺灣地區特用作物生產概況': '未更新', '臺灣地區稻作種植、收穫面積及產量': '未更新', '臺灣地區稻米生產價值': '未更新', '臺灣地區蔬菜生產概況': '未更新', '臺灣地區農產品生產量值': '未更新', '農情調查': '已更新', '農產品交易行情': '已更新', '農產品產地價格(月平均價格)': '未更新', '農產品產地價格資料': '未更新', '雜糧生產概況': '未更新'}
