2026-02-28 00:50:58,930 - SUCCESS - 成功提取 '產銷履歷與有機蔬果行情' 的網頁 Metadata。
2026-02-28 00:50:58,930 - SUCCESS - 成功提取 '產銷履歷與有機蔬果行情' 的網頁 Metadata。
2026-02-28 00:50:58,995 - SUCCESS - '產銷履歷與有機蔬果行情' 的 Metadata 已更新到 metadata.json。
2026-02-28 00:50:58,995 - SUCCESS - '產銷履歷與有機蔬果行情' 的 Metadata 已更新到 metadata.json。
2026-02-28 00:51:08,824 - SUCCESS - <產銷履歷與有機蔬果行情>的資料已下載完成，共 2841 筆資料。
2026-02-28 00:51:08,824 - SUCCESS - <產銷履歷與有機蔬果行情>的資料已下載完成，共 2841 筆資料。
2026-02-28 00:51:09,073 - SUCCESS - 已下載、去重並合併資料完成現有資料 2841 條，新資料 2841 條。
2026-02-28 00:51:09,073 - SUCCESS - 已下載、去重並合併資料完成現有資料 2841 條，新資料 2841 條。
2026-02-28 00:51:12,006 - SUCCESS - 已下載 '產銷履歷與有機蔬果行情' 的原始 JSON 資料路徑: 'C:\Python\data_moa_gov_tw\raw_data\產銷履歷與有機蔬果行情.json'
2026-02-28 00:51:12,006 - SUCCESS - 已下載 '產銷履歷與有機蔬果行情' 的原始 JSON 資料路徑: 'C:\Python\data_moa_gov_tw\raw_data\產銷履歷與有機蔬果行情.json'
2026-02-28 00:51:12,082 - SUCCESS - 插入或更新 '產銷履歷與有機蔬果行情' 的 Metadata 成功。
2026-02-28 00:51:12,082 - SUCCESS - 插入或更新 '產銷履歷與有機蔬果行情' 的 Metadata 成功。
2026-02-28 00:51:13,037 - SUCCESS - 已成功批量插入 '產銷履歷與有機蔬果行情' 的總計 2446 條記錄到表格 '1040003' 。
2026-02-28 00:51:13,037 - SUCCESS - 已成功批量插入 '產銷履歷與有機蔬果行情' 的總計 2446 條記錄到表格 '1040003' 。
2026-02-28 00:51:13,098 - SUCCESS - '產銷履歷與有機蔬果行情' 的自動更新完成。
2026-02-28 00:51:13,098 - SUCCESS - '產銷履歷與有機蔬果行情' 的自動更新完成。
2026-02-28 00:51:14,334 - SUCCESS - 成功提取 '各觀測站近兩年降雨量' 的網頁 Metadata。
2026-02-28 00:51:14,334 - SUCCESS - 成功提取 '各觀測站近兩年降雨量' 的網頁 Metadata。
2026-02-28 00:51:15,695 - SUCCESS - 成功提取 '臺灣地區果品生產概況' 的網頁 Metadata。
2026-02-28 00:51:15,695 - SUCCESS - 成功提取 '臺灣地區果品生產概況' 的網頁 Metadata。
2026-02-28 00:51:17,138 - SUCCESS - 成功提取 '臺灣地區特用作物生產概況' 的網頁 Metadata。
2026-02-28 00:51:17,138 - SUCCESS - 成功提取 '臺灣地區特用作物生產概況' 的網頁 Metadata。
2026-02-28 00:51:18,449 - SUCCESS - 成功提取 '農產品交易行情' 的網頁 Metadata。
2026-02-28 00:51:18,449 - SUCCESS - 成功提取 '農產品交易行情' 的網頁 Metadata。
2026-02-28 00:51:18,541 - SUCCESS - '農產品交易行情' 的 Metadata 已更新到 metadata.json。
2026-02-28 00:51:18,541 - SUCCESS - '農產品交易行情' 的 Metadata 已更新到 metadata.json。
2026-02-28 00:51:44,630 - SUCCESS - <農產品交易行情>的資料已下載完成，共 6315 筆資料。
2026-02-28 00:51:44,630 - SUCCESS - <農產品交易行情>的資料已下載完成，共 6315 筆資料。
2026-02-28 00:51:45,034 - SUCCESS - 已下載、去重並合併資料完成現有資料 6315 條，新資料 6315 條。
2026-02-28 00:51:45,034 - SUCCESS - 已下載、去重並合併資料完成現有資料 6315 條，新資料 6315 條。
2026-02-28 00:51:54,593 - SUCCESS - 已下載 '農產品交易行情' 的原始 JSON 資料路徑: 'C:\Python\data_moa_gov_tw\raw_data\農產品交易行情.json'
2026-02-28 00:51:54,593 - SUCCESS - 已下載 '農產品交易行情' 的原始 JSON 資料路徑: 'C:\Python\data_moa_gov_tw\raw_data\農產品交易行情.json'
2026-02-28 00:51:54,600 - SUCCESS - 插入或更新 '農產品交易行情' 的 Metadata 成功。
2026-02-28 00:51:54,600 - SUCCESS - 插入或更新 '農產品交易行情' 的 Metadata 成功。
2026-02-28 00:51:56,630 - SUCCESS - 已成功批量插入 '農產品交易行情' 的總計 3868 條記錄到表格 '1040012' 。
2026-02-28 00:51:56,630 - SUCCESS - 已成功批量插入 '農產品交易行情' 的總計 3868 條記錄到表格 '1040012' 。
2026-02-28 00:51:56,702 - SUCCESS - '農產品交易行情' 的自動更新完成。
2026-02-28 00:51:56,702 - SUCCESS - '農產品交易行情' 的自動更新完成。
2026-02-28 00:51:58,094 - SUCCESS - 成功提取 '臺灣地區稻作種植、收穫面積及產量' 的網頁 Metadata。
2026-02-28 00:51:58,094 - SUCCESS - 成功提取 '臺灣地區稻作種植、收穫面積及產量' 的網頁 Metadata。
2026-02-28 00:51:59,245 - SUCCESS - 成功提取 '臺灣地區稻米生產價值' 的網頁 Metadata。
2026-02-28 00:51:59,245 - SUCCESS - 成功提取 '臺灣地區稻米生產價值' 的網頁 Metadata。
2026-02-28 00:52:00,850 - SUCCESS - 成功提取 '農情調查' 的網頁 Metadata。
2026-02-28 00:52:00,850 - SUCCESS - 成功提取 '農情調查' 的網頁 Metadata。
2026-02-28 00:52:00,864 - SUCCESS - '農情調查' 的 Metadata 已更新到 metadata.json。
2026-02-28 00:52:00,864 - SUCCESS - '農情調查' 的 Metadata 已更新到 metadata.json。
2026-02-28 00:52:04,449 - SUCCESS - <農情調查>的資料已下載完成，共 9999 筆資料。
2026-02-28 00:52:04,449 - SUCCESS - <農情調查>的資料已下載完成，共 9999 筆資料。
2026-02-28 00:52:04,470 - SUCCESS - 已下載、去重並合併資料完成現有資料 0 條，新資料 0 條。
2026-02-28 00:52:04,470 - SUCCESS - 已下載、去重並合併資料完成現有資料 0 條，新資料 0 條。
2026-02-28 00:52:04,478 - SUCCESS - 插入或更新 '農情調查' 的 Metadata 成功。
2026-02-28 00:52:04,478 - SUCCESS - 插入或更新 '農情調查' 的 Metadata 成功。
2026-02-28 00:52:04,478 - SUCCESS - '農情調查' 的自動更新完成。
2026-02-28 00:52:04,478 - SUCCESS - '農情調查' 的自動更新完成。
2026-02-28 00:52:05,826 - SUCCESS - 成功提取 '農產品產地價格資料' 的網頁 Metadata。
2026-02-28 00:52:05,826 - SUCCESS - 成功提取 '農產品產地價格資料' 的網頁 Metadata。
2026-02-28 00:52:05,907 - SUCCESS - '農產品產地價格資料' 的 Metadata 已更新到 metadata.json。
2026-02-28 00:52:05,907 - SUCCESS - '農產品產地價格資料' 的 Metadata 已更新到 metadata.json。
2026-02-28 00:52:06,550 - SUCCESS - <農產品產地價格資料>的資料已下載完成，共 9999 筆資料。
2026-02-28 00:52:06,550 - SUCCESS - <農產品產地價格資料>的資料已下載完成，共 9999 筆資料。
2026-02-28 00:52:07,731 - SUCCESS - 已下載、去重並合併資料完成現有資料 9999 條，新資料 9999 條。
2026-02-28 00:52:07,731 - SUCCESS - 已下載、去重並合併資料完成現有資料 9999 條，新資料 9999 條。
2026-02-28 00:52:09,407 - SUCCESS - 已下載 '農產品產地價格資料' 的原始 JSON 資料路徑: 'C:\Python\data_moa_gov_tw\raw_data\農產品產地價格資料.json'
2026-02-28 00:52:09,407 - SUCCESS - 已下載 '農產品產地價格資料' 的原始 JSON 資料路徑: 'C:\Python\data_moa_gov_tw\raw_data\農產品產地價格資料.json'
2026-02-28 00:52:09,415 - SUCCESS - 插入或更新 '農產品產地價格資料' 的 Metadata 成功。
2026-02-28 00:52:09,415 - SUCCESS - 插入或更新 '農產品產地價格資料' 的 Metadata 成功。
2026-02-28 00:52:09,452 - SUCCESS - 已成功批量插入 '農產品產地價格資料' 的總計 8 條記錄到表格 '1040014' 。
2026-02-28 00:52:09,452 - SUCCESS - 已成功批量插入 '農產品產地價格資料' 的總計 8 條記錄到表格 '1040014' 。
2026-02-28 00:52:09,604 - SUCCESS - '農產品產地價格資料' 的自動更新完成。
2026-02-28 00:52:09,604 - SUCCESS - '農產品產地價格資料' 的自動更新完成。
2026-02-28 00:52:10,955 - SUCCESS - 成功提取 '臺灣地區農產品生產量值' 的網頁 Metadata。
2026-02-28 00:52:10,955 - SUCCESS - 成功提取 '臺灣地區農產品生產量值' 的網頁 Metadata。
2026-02-28 00:52:12,371 - SUCCESS - 成功提取 '雜糧生產概況' 的網頁 Metadata。
2026-02-28 00:52:12,371 - SUCCESS - 成功提取 '雜糧生產概況' 的網頁 Metadata。
2026-02-28 00:52:13,783 - SUCCESS - 成功提取 '農產品產地價格(月平均價格)' 的網頁 Metadata。
2026-02-28 00:52:13,783 - SUCCESS - 成功提取 '農產品產地價格(月平均價格)' 的網頁 Metadata。
2026-02-28 00:52:15,634 - SUCCESS - 成功提取 '全國單日平均糧價' 的網頁 Metadata。
2026-02-28 00:52:15,634 - SUCCESS - 成功提取 '全國單日平均糧價' 的網頁 Metadata。
2026-02-28 00:52:15,653 - SUCCESS - '全國單日平均糧價' 的 Metadata 已更新到 metadata.json。
2026-02-28 00:52:15,653 - SUCCESS - '全國單日平均糧價' 的 Metadata 已更新到 metadata.json。
2026-02-28 00:52:19,318 - SUCCESS - <全國單日平均糧價>的資料已下載完成，共 9208 筆資料。
2026-02-28 00:52:19,318 - SUCCESS - <全國單日平均糧價>的資料已下載完成，共 9208 筆資料。
2026-02-28 00:52:19,535 - SUCCESS - 已下載、去重並合併資料完成現有資料 422 條，新資料 422 條。
2026-02-28 00:52:19,535 - SUCCESS - 已下載、去重並合併資料完成現有資料 422 條，新資料 422 條。
2026-02-28 00:52:19,733 - SUCCESS - 插入或更新 '全國單日平均糧價' 的 Metadata 成功。
2026-02-28 00:52:19,733 - SUCCESS - 插入或更新 '全國單日平均糧價' 的 Metadata 成功。
2026-02-28 00:52:19,733 - SUCCESS - '全國單日平均糧價' 的自動更新完成。
2026-02-28 00:52:19,733 - SUCCESS - '全國單日平均糧價' 的自動更新完成。
2026-02-28 00:52:21,222 - SUCCESS - 成功提取 '臺灣地區蔬菜生產概況' 的網頁 Metadata。
2026-02-28 00:52:21,222 - SUCCESS - 成功提取 '臺灣地區蔬菜生產概況' 的網頁 Metadata。
2026-02-28 00:52:22,559 - SUCCESS - 成功提取 '糧價查詢' 的網頁 Metadata。
2026-02-28 00:52:22,559 - SUCCESS - 成功提取 '糧價查詢' 的網頁 Metadata。
2026-02-28 00:52:22,645 - SUCCESS - '糧價查詢' 的 Metadata 已更新到 metadata.json。
2026-02-28 00:52:22,645 - SUCCESS - '糧價查詢' 的 Metadata 已更新到 metadata.json。
2026-02-28 00:52:25,624 - SUCCESS - <糧價查詢>的資料已下載完成，共 9999 筆資料。
2026-02-28 00:52:25,624 - SUCCESS - <糧價查詢>的資料已下載完成，共 9999 筆資料。
2026-02-28 00:52:25,894 - SUCCESS - 已下載、去重並合併資料完成現有資料 8460 條，新資料 8460 條。
2026-02-28 00:52:25,894 - SUCCESS - 已下載、去重並合併資料完成現有資料 8460 條，新資料 8460 條。
2026-02-28 00:52:27,024 - SUCCESS - 已下載 '糧價查詢' 的原始 JSON 資料路徑: 'C:\Python\data_moa_gov_tw\raw_data\糧價查詢.json'
2026-02-28 00:52:27,024 - SUCCESS - 已下載 '糧價查詢' 的原始 JSON 資料路徑: 'C:\Python\data_moa_gov_tw\raw_data\糧價查詢.json'
2026-02-28 00:52:27,036 - SUCCESS - 插入或更新 '糧價查詢' 的 Metadata 成功。
2026-02-28 00:52:27,036 - SUCCESS - 插入或更新 '糧價查詢' 的 Metadata 成功。
2026-02-28 00:52:27,084 - SUCCESS - 已成功批量插入 '糧價查詢' 的總計 20 條記錄到表格 '1040004' 。
2026-02-28 00:52:27,084 - SUCCESS - 已成功批量插入 '糧價查詢' 的總計 20 條記錄到表格 '1040004' 。
2026-02-28 00:52:27,161 - SUCCESS - '糧價查詢' 的自動更新完成。
2026-02-28 00:52:27,161 - SUCCESS - '糧價查詢' 的自動更新完成。
2026-02-28 00:52:28,244 - SUCCESS - 更新結果:{'產銷履歷與有機蔬果行情': '已更新', '各觀測站近兩年降雨量': '未更新', '臺灣地區果品生產概況': '未更新', '臺灣地區特用作物生產概況': '未更新', '農產品交易行情': '已更新', '臺灣地區稻作種植、收穫面積及產量': '未更新', '臺灣地區稻米生產價值': '未更新', '農情調查': '已更新', '農產品產地價格資料': '已更新', '臺灣地區農產品生產量值': '未更新', '雜糧生產概況': '未更新', '農產品產地價格(月平均價格)': '未更新', '全國單日平均糧價': '已更新', '臺灣地區蔬菜生產概況': '未更新', '糧價查詢': '已更新'}
2026-02-28 00:52:28,244 - SUCCESS - 更新結果:{'產銷履歷與有機蔬果行情': '已更新', '各觀測站近兩年降雨量': '未更新', '臺灣地區果品生產概況': '未更新', '臺灣地區特用作物生產概況': '未更新', '農產品交易行情': '已更新', '臺灣地區稻作種植、收穫面積及產量': '未更新', '臺灣地區稻米生產價值': '未更新', '農情調查': '已更新', '農產品產地價格資料': '已更新', '臺灣地區農產品生產量值': '未更新', '雜糧生產概況': '未更新', '農產品產地價格(月平均價格)': '未更新', '全國單日平均糧價': '已更新', '臺灣地區蔬菜生產概況': '未更新', '糧價查詢': '已更新'}
