2026-01-31 01:12:23,087 - SUCCESS - 成功提取 '全國單日平均糧價' 的網頁 Metadata。
2026-01-31 01:12:23,087 - SUCCESS - 成功提取 '全國單日平均糧價' 的網頁 Metadata。
2026-01-31 01:12:23,146 - SUCCESS - '全國單日平均糧價' 的 Metadata 已更新到 metadata.json。
2026-01-31 01:12:23,146 - SUCCESS - '全國單日平均糧價' 的 Metadata 已更新到 metadata.json。
2026-01-31 01:12:30,701 - SUCCESS - <全國單日平均糧價>的資料已下載完成，共 9181 筆資料。
2026-01-31 01:12:30,701 - SUCCESS - <全國單日平均糧價>的資料已下載完成，共 9181 筆資料。
2026-01-31 01:12:30,926 - SUCCESS - 已下載、去重並合併資料完成現有資料 61 條，新資料 1 條。
2026-01-31 01:12:30,926 - SUCCESS - 已下載、去重並合併資料完成現有資料 61 條，新資料 1 條。
2026-01-31 01:12:31,098 - SUCCESS - 已下載 '全國單日平均糧價' 的原始 JSON 資料路徑: 'C:\Python\data_moa_gov_tw\raw_data\全國單日平均糧價\全國單日平均糧價.json'
2026-01-31 01:12:31,098 - SUCCESS - 已下載 '全國單日平均糧價' 的原始 JSON 資料路徑: 'C:\Python\data_moa_gov_tw\raw_data\全國單日平均糧價\全國單日平均糧價.json'
2026-01-31 01:12:31,118 - SUCCESS - 插入或更新 '全國單日平均糧價' 的 Metadata 成功。
2026-01-31 01:12:31,118 - SUCCESS - 插入或更新 '全國單日平均糧價' 的 Metadata 成功。
2026-01-31 01:12:31,125 - SUCCESS - 已成功批量插入 '全國單日平均糧價' 的總計 1 條記錄到表格 '1040001' 。
2026-01-31 01:12:31,125 - SUCCESS - 已成功批量插入 '全國單日平均糧價' 的總計 1 條記錄到表格 '1040001' 。
2026-01-31 01:12:31,125 - SUCCESS - '全國單日平均糧價' 的自動更新完成。
2026-01-31 01:12:31,125 - SUCCESS - '全國單日平均糧價' 的自動更新完成。
2026-01-31 01:12:32,772 - SUCCESS - 成功提取 '各觀測站近兩年降雨量' 的網頁 Metadata。
2026-01-31 01:12:32,772 - SUCCESS - 成功提取 '各觀測站近兩年降雨量' 的網頁 Metadata。
2026-01-31 01:12:37,895 - SUCCESS - 成功提取 '產銷履歷與有機蔬果行情' 的網頁 Metadata。
2026-01-31 01:12:37,895 - SUCCESS - 成功提取 '產銷履歷與有機蔬果行情' 的網頁 Metadata。
2026-01-31 01:12:37,932 - SUCCESS - '產銷履歷與有機蔬果行情' 的 Metadata 已更新到 metadata.json。
2026-01-31 01:12:37,932 - SUCCESS - '產銷履歷與有機蔬果行情' 的 Metadata 已更新到 metadata.json。
2026-01-31 01:13:15,549 - SUCCESS - <產銷履歷與有機蔬果行情>的資料已下載完成，共 4621 筆資料。
2026-01-31 01:13:15,549 - SUCCESS - <產銷履歷與有機蔬果行情>的資料已下載完成，共 4621 筆資料。
2026-01-31 01:13:24,842 - SUCCESS - 已下載、去重並合併資料完成現有資料 115437 條，新資料 2338 條。
2026-01-31 01:13:24,842 - SUCCESS - 已下載、去重並合併資料完成現有資料 115437 條，新資料 2338 條。
2026-01-31 01:13:27,701 - SUCCESS - 已下載 '產銷履歷與有機蔬果行情' 的原始 JSON 資料路徑: 'C:\Python\data_moa_gov_tw\raw_data\產銷履歷與有機蔬果行情\產銷履歷與有機蔬果行情.json'
2026-01-31 01:13:27,701 - SUCCESS - 已下載 '產銷履歷與有機蔬果行情' 的原始 JSON 資料路徑: 'C:\Python\data_moa_gov_tw\raw_data\產銷履歷與有機蔬果行情\產銷履歷與有機蔬果行情.json'
2026-01-31 01:13:27,712 - SUCCESS - 插入或更新 '產銷履歷與有機蔬果行情' 的 Metadata 成功。
2026-01-31 01:13:27,712 - SUCCESS - 插入或更新 '產銷履歷與有機蔬果行情' 的 Metadata 成功。
2026-01-31 01:13:28,668 - SUCCESS - 已成功批量插入 '產銷履歷與有機蔬果行情' 的總計 2338 條記錄到表格 '1040003' 。
2026-01-31 01:13:28,668 - SUCCESS - 已成功批量插入 '產銷履歷與有機蔬果行情' 的總計 2338 條記錄到表格 '1040003' 。
2026-01-31 01:13:28,708 - SUCCESS - '產銷履歷與有機蔬果行情' 的自動更新完成。
2026-01-31 01:13:28,708 - SUCCESS - '產銷履歷與有機蔬果行情' 的自動更新完成。
2026-01-31 01:13:31,517 - SUCCESS - 成功提取 '糧價查詢' 的網頁 Metadata。
2026-01-31 01:13:31,517 - SUCCESS - 成功提取 '糧價查詢' 的網頁 Metadata。
2026-01-31 01:13:31,568 - SUCCESS - '糧價查詢' 的 Metadata 已更新到 metadata.json。
2026-01-31 01:13:31,568 - SUCCESS - '糧價查詢' 的 Metadata 已更新到 metadata.json。
2026-01-31 01:13:43,202 - SUCCESS - <糧價查詢>的資料已下載完成，共 9999 筆資料。
2026-01-31 01:13:43,202 - SUCCESS - <糧價查詢>的資料已下載完成，共 9999 筆資料。
2026-01-31 01:13:43,373 - SUCCESS - 已下載、去重並合併資料完成現有資料 1578 條，新資料 20 條。
2026-01-31 01:13:43,373 - SUCCESS - 已下載、去重並合併資料完成現有資料 1578 條，新資料 20 條。
2026-01-31 01:13:44,254 - SUCCESS - 已下載 '糧價查詢' 的原始 JSON 資料路徑: 'C:\Python\data_moa_gov_tw\raw_data\糧價查詢\糧價查詢.json'
2026-01-31 01:13:44,254 - SUCCESS - 已下載 '糧價查詢' 的原始 JSON 資料路徑: 'C:\Python\data_moa_gov_tw\raw_data\糧價查詢\糧價查詢.json'
2026-01-31 01:13:44,263 - SUCCESS - 插入或更新 '糧價查詢' 的 Metadata 成功。
2026-01-31 01:13:44,263 - SUCCESS - 插入或更新 '糧價查詢' 的 Metadata 成功。
2026-01-31 01:13:44,279 - SUCCESS - 已成功批量插入 '糧價查詢' 的總計 20 條記錄到表格 '1040004' 。
2026-01-31 01:13:44,279 - SUCCESS - 已成功批量插入 '糧價查詢' 的總計 20 條記錄到表格 '1040004' 。
2026-01-31 01:13:44,284 - SUCCESS - '糧價查詢' 的自動更新完成。
2026-01-31 01:13:44,284 - SUCCESS - '糧價查詢' 的自動更新完成。
2026-01-31 01:13:46,697 - SUCCESS - 成功提取 '臺灣地區果品生產概況' 的網頁 Metadata。
2026-01-31 01:13:46,697 - SUCCESS - 成功提取 '臺灣地區果品生產概況' 的網頁 Metadata。
2026-01-31 01:13:48,482 - SUCCESS - 成功提取 '臺灣地區特用作物生產概況' 的網頁 Metadata。
2026-01-31 01:13:48,482 - SUCCESS - 成功提取 '臺灣地區特用作物生產概況' 的網頁 Metadata。
2026-01-31 01:13:50,158 - SUCCESS - 成功提取 '臺灣地區稻作種植、收穫面積及產量' 的網頁 Metadata。
2026-01-31 01:13:50,158 - SUCCESS - 成功提取 '臺灣地區稻作種植、收穫面積及產量' 的網頁 Metadata。
2026-01-31 01:13:51,858 - SUCCESS - 成功提取 '臺灣地區稻米生產價值' 的網頁 Metadata。
2026-01-31 01:13:51,858 - SUCCESS - 成功提取 '臺灣地區稻米生產價值' 的網頁 Metadata。
2026-01-31 01:13:54,340 - SUCCESS - 成功提取 '臺灣地區蔬菜生產概況' 的網頁 Metadata。
2026-01-31 01:13:54,340 - SUCCESS - 成功提取 '臺灣地區蔬菜生產概況' 的網頁 Metadata。
2026-01-31 01:13:56,226 - SUCCESS - 成功提取 '臺灣地區農產品生產量值' 的網頁 Metadata。
2026-01-31 01:13:56,226 - SUCCESS - 成功提取 '臺灣地區農產品生產量值' 的網頁 Metadata。
2026-01-31 01:13:58,022 - SUCCESS - 成功提取 '農情調查' 的網頁 Metadata。
2026-01-31 01:13:58,022 - SUCCESS - 成功提取 '農情調查' 的網頁 Metadata。
2026-01-31 01:13:58,060 - SUCCESS - '農情調查' 的 Metadata 已更新到 metadata.json。
2026-01-31 01:13:58,060 - SUCCESS - '農情調查' 的 Metadata 已更新到 metadata.json。
2026-01-31 01:14:02,306 - SUCCESS - <農情調查>的資料已下載完成，共 9999 筆資料。
2026-01-31 01:14:02,306 - SUCCESS - <農情調查>的資料已下載完成，共 9999 筆資料。
2026-01-31 01:14:02,332 - SUCCESS - 已下載、去重並合併資料完成現有資料 0 條，新資料 0 條。
2026-01-31 01:14:02,332 - SUCCESS - 已下載、去重並合併資料完成現有資料 0 條，新資料 0 條。
2026-01-31 01:14:04,290 - SUCCESS - 成功提取 '農產品交易行情' 的網頁 Metadata。
2026-01-31 01:14:04,290 - SUCCESS - 成功提取 '農產品交易行情' 的網頁 Metadata。
2026-01-31 01:14:04,336 - SUCCESS - '農產品交易行情' 的 Metadata 已更新到 metadata.json。
2026-01-31 01:14:04,336 - SUCCESS - '農產品交易行情' 的 Metadata 已更新到 metadata.json。
2026-01-31 01:14:46,837 - SUCCESS - <農產品交易行情>的資料已下載完成，共 11150 筆資料。
2026-01-31 01:14:46,837 - SUCCESS - <農產品交易行情>的資料已下載完成，共 11150 筆資料。
2026-01-31 01:14:57,986 - SUCCESS - 已下載、去重並合併資料完成現有資料 180268 條，新資料 3775 條。
2026-01-31 01:14:57,986 - SUCCESS - 已下載、去重並合併資料完成現有資料 180268 條，新資料 3775 條。
2026-01-31 01:15:02,628 - SUCCESS - 已下載 '農產品交易行情' 的原始 JSON 資料路徑: 'C:\Python\data_moa_gov_tw\raw_data\農產品交易行情\農產品交易行情.json'
2026-01-31 01:15:02,628 - SUCCESS - 已下載 '農產品交易行情' 的原始 JSON 資料路徑: 'C:\Python\data_moa_gov_tw\raw_data\農產品交易行情\農產品交易行情.json'
2026-01-31 01:15:02,636 - SUCCESS - 插入或更新 '農產品交易行情' 的 Metadata 成功。
2026-01-31 01:15:02,636 - SUCCESS - 插入或更新 '農產品交易行情' 的 Metadata 成功。
2026-01-31 01:15:04,268 - SUCCESS - 已成功批量插入 '農產品交易行情' 的總計 3775 條記錄到表格 '1040012' 。
2026-01-31 01:15:04,268 - SUCCESS - 已成功批量插入 '農產品交易行情' 的總計 3775 條記錄到表格 '1040012' 。
2026-01-31 01:15:04,338 - SUCCESS - '農產品交易行情' 的自動更新完成。
2026-01-31 01:15:04,338 - SUCCESS - '農產品交易行情' 的自動更新完成。
2026-01-31 01:15:07,266 - SUCCESS - 成功提取 '農產品產地價格(月平均價格)' 的網頁 Metadata。
2026-01-31 01:15:07,266 - SUCCESS - 成功提取 '農產品產地價格(月平均價格)' 的網頁 Metadata。
2026-01-31 01:15:09,122 - SUCCESS - 成功提取 '農產品產地價格資料' 的網頁 Metadata。
2026-01-31 01:15:09,122 - SUCCESS - 成功提取 '農產品產地價格資料' 的網頁 Metadata。
2026-01-31 01:15:09,170 - SUCCESS - '農產品產地價格資料' 的 Metadata 已更新到 metadata.json。
2026-01-31 01:15:09,170 - SUCCESS - '農產品產地價格資料' 的 Metadata 已更新到 metadata.json。
2026-01-31 01:15:10,381 - SUCCESS - <農產品產地價格資料>的資料已下載完成，共 9999 筆資料。
2026-01-31 01:15:10,381 - SUCCESS - <農產品產地價格資料>的資料已下載完成，共 9999 筆資料。
2026-01-31 01:15:10,455 - SUCCESS - 已下載、去重並合併資料完成現有資料 311 條，新資料 22 條。
2026-01-31 01:15:10,455 - SUCCESS - 已下載、去重並合併資料完成現有資料 311 條，新資料 22 條。
2026-01-31 01:15:11,789 - SUCCESS - 已下載 '農產品產地價格資料' 的原始 JSON 資料路徑: 'C:\Python\data_moa_gov_tw\raw_data\農產品產地價格資料\農產品產地價格資料.json'
2026-01-31 01:15:11,789 - SUCCESS - 已下載 '農產品產地價格資料' 的原始 JSON 資料路徑: 'C:\Python\data_moa_gov_tw\raw_data\農產品產地價格資料\農產品產地價格資料.json'
2026-01-31 01:15:11,797 - SUCCESS - 插入或更新 '農產品產地價格資料' 的 Metadata 成功。
2026-01-31 01:15:11,797 - SUCCESS - 插入或更新 '農產品產地價格資料' 的 Metadata 成功。
2026-01-31 01:15:11,815 - SUCCESS - 已成功批量插入 '農產品產地價格資料' 的總計 22 條記錄到表格 '1040014' 。
2026-01-31 01:15:11,815 - SUCCESS - 已成功批量插入 '農產品產地價格資料' 的總計 22 條記錄到表格 '1040014' 。
2026-01-31 01:15:11,815 - SUCCESS - '農產品產地價格資料' 的自動更新完成。
2026-01-31 01:15:11,815 - SUCCESS - '農產品產地價格資料' 的自動更新完成。
2026-01-31 01:15:13,388 - SUCCESS - 成功提取 '雜糧生產概況' 的網頁 Metadata。
2026-01-31 01:15:13,388 - SUCCESS - 成功提取 '雜糧生產概況' 的網頁 Metadata。
2026-01-31 01:15:14,396 - SUCCESS - 已成功儲存次要資訊。
2026-01-31 01:15:14,396 - SUCCESS - 已成功儲存次要資訊。
2026-01-31 01:15:14,396 - SUCCESS - 更新結果儲存成功:{'全國單日平均糧價': '已更新', '各觀測站近兩年降雨量': '未更新', '產銷履歷與有機蔬果行情': '已更新', '糧價查詢': '已更新', '臺灣地區果品生產概況': '未更新', '臺灣地區特用作物生產概況': '未更新', '臺灣地區稻作種植、收穫面積及產量': '未更新', '臺灣地區稻米生產價值': '未更新', '臺灣地區蔬菜生產概況': '未更新', '臺灣地區農產品生產量值': '未更新', '農情調查': '未更新', '農產品交易行情': '已更新', '農產品產地價格(月平均價格)': '未更新', '農產品產地價格資料': '已更新', '雜糧生產概況': '未更新'}
2026-01-31 01:15:14,396 - SUCCESS - 更新結果儲存成功:{'全國單日平均糧價': '已更新', '各觀測站近兩年降雨量': '未更新', '產銷履歷與有機蔬果行情': '已更新', '糧價查詢': '已更新', '臺灣地區果品生產概況': '未更新', '臺灣地區特用作物生產概況': '未更新', '臺灣地區稻作種植、收穫面積及產量': '未更新', '臺灣地區稻米生產價值': '未更新', '臺灣地區蔬菜生產概況': '未更新', '臺灣地區農產品生產量值': '未更新', '農情調查': '未更新', '農產品交易行情': '已更新', '農產品產地價格(月平均價格)': '未更新', '農產品產地價格資料': '已更新', '雜糧生產概況': '未更新'}
