2026-02-27 00:45:37,593 - SUCCESS - 成功提取 '產銷履歷與有機蔬果行情' 的網頁 Metadata。
2026-02-27 00:45:37,593 - SUCCESS - 成功提取 '產銷履歷與有機蔬果行情' 的網頁 Metadata。
2026-02-27 00:45:37,703 - SUCCESS - '產銷履歷與有機蔬果行情' 的 Metadata 已更新到 metadata.json。
2026-02-27 00:45:37,703 - SUCCESS - '產銷履歷與有機蔬果行情' 的 Metadata 已更新到 metadata.json。
2026-02-27 00:45:41,439 - SUCCESS - <產銷履歷與有機蔬果行情>的資料已下載完成，共 537 筆資料。
2026-02-27 00:45:41,439 - SUCCESS - <產銷履歷與有機蔬果行情>的資料已下載完成，共 537 筆資料。
2026-02-27 00:45:41,569 - SUCCESS - 已下載、去重並合併資料完成現有資料 537 條，新資料 537 條。
2026-02-27 00:45:41,569 - SUCCESS - 已下載、去重並合併資料完成現有資料 537 條，新資料 537 條。
2026-02-27 00:45:44,581 - SUCCESS - 已下載 '產銷履歷與有機蔬果行情' 的原始 JSON 資料路徑: 'C:\Python\data_moa_gov_tw\raw_data\產銷履歷與有機蔬果行情.json'
2026-02-27 00:45:44,581 - SUCCESS - 已下載 '產銷履歷與有機蔬果行情' 的原始 JSON 資料路徑: 'C:\Python\data_moa_gov_tw\raw_data\產銷履歷與有機蔬果行情.json'
2026-02-27 00:45:44,613 - SUCCESS - 插入或更新 '產銷履歷與有機蔬果行情' 的 Metadata 成功。
2026-02-27 00:45:44,613 - SUCCESS - 插入或更新 '產銷履歷與有機蔬果行情' 的 Metadata 成功。
2026-02-27 00:45:44,806 - SUCCESS - 已成功批量插入 '產銷履歷與有機蔬果行情' 的總計 395 條記錄到表格 '1040003' 。
2026-02-27 00:45:44,806 - SUCCESS - 已成功批量插入 '產銷履歷與有機蔬果行情' 的總計 395 條記錄到表格 '1040003' 。
2026-02-27 00:45:44,955 - SUCCESS - '產銷履歷與有機蔬果行情' 的自動更新完成。
2026-02-27 00:45:44,955 - SUCCESS - '產銷履歷與有機蔬果行情' 的自動更新完成。
2026-02-27 00:45:47,521 - SUCCESS - 成功提取 '各觀測站近兩年降雨量' 的網頁 Metadata。
2026-02-27 00:45:47,521 - SUCCESS - 成功提取 '各觀測站近兩年降雨量' 的網頁 Metadata。
2026-02-27 00:45:49,011 - SUCCESS - 成功提取 '臺灣地區果品生產概況' 的網頁 Metadata。
2026-02-27 00:45:49,011 - SUCCESS - 成功提取 '臺灣地區果品生產概況' 的網頁 Metadata。
2026-02-27 00:45:50,442 - SUCCESS - 成功提取 '臺灣地區特用作物生產概況' 的網頁 Metadata。
2026-02-27 00:45:50,442 - SUCCESS - 成功提取 '臺灣地區特用作物生產概況' 的網頁 Metadata。
2026-02-27 00:45:52,298 - SUCCESS - 成功提取 '農產品交易行情' 的網頁 Metadata。
2026-02-27 00:45:52,298 - SUCCESS - 成功提取 '農產品交易行情' 的網頁 Metadata。
2026-02-27 00:45:52,408 - SUCCESS - '農產品交易行情' 的 Metadata 已更新到 metadata.json。
2026-02-27 00:45:52,408 - SUCCESS - '農產品交易行情' 的 Metadata 已更新到 metadata.json。
2026-02-27 00:46:17,919 - SUCCESS - <農產品交易行情>的資料已下載完成，共 6110 筆資料。
2026-02-27 00:46:17,919 - SUCCESS - <農產品交易行情>的資料已下載完成，共 6110 筆資料。
2026-02-27 00:46:18,071 - SUCCESS - 已下載、去重並合併資料完成現有資料 6110 條，新資料 6110 條。
2026-02-27 00:46:18,071 - SUCCESS - 已下載、去重並合併資料完成現有資料 6110 條，新資料 6110 條。
2026-02-27 00:46:25,119 - SUCCESS - 已下載 '農產品交易行情' 的原始 JSON 資料路徑: 'C:\Python\data_moa_gov_tw\raw_data\農產品交易行情.json'
2026-02-27 00:46:25,119 - SUCCESS - 已下載 '農產品交易行情' 的原始 JSON 資料路徑: 'C:\Python\data_moa_gov_tw\raw_data\農產品交易行情.json'
2026-02-27 00:46:25,124 - SUCCESS - 插入或更新 '農產品交易行情' 的 Metadata 成功。
2026-02-27 00:46:25,124 - SUCCESS - 插入或更新 '農產品交易行情' 的 Metadata 成功。
2026-02-27 00:46:26,277 - SUCCESS - 已成功批量插入 '農產品交易行情' 的總計 2233 條記錄到表格 '1040012' 。
2026-02-27 00:46:26,277 - SUCCESS - 已成功批量插入 '農產品交易行情' 的總計 2233 條記錄到表格 '1040012' 。
2026-02-27 00:46:26,354 - SUCCESS - '農產品交易行情' 的自動更新完成。
2026-02-27 00:46:26,354 - SUCCESS - '農產品交易行情' 的自動更新完成。
2026-02-27 00:46:27,607 - SUCCESS - 成功提取 '臺灣地區稻作種植、收穫面積及產量' 的網頁 Metadata。
2026-02-27 00:46:27,607 - SUCCESS - 成功提取 '臺灣地區稻作種植、收穫面積及產量' 的網頁 Metadata。
2026-02-27 00:46:29,190 - SUCCESS - 成功提取 '臺灣地區稻米生產價值' 的網頁 Metadata。
2026-02-27 00:46:29,190 - SUCCESS - 成功提取 '臺灣地區稻米生產價值' 的網頁 Metadata。
2026-02-27 00:46:30,577 - SUCCESS - 成功提取 '農情調查' 的網頁 Metadata。
2026-02-27 00:46:30,577 - SUCCESS - 成功提取 '農情調查' 的網頁 Metadata。
2026-02-27 00:46:30,629 - SUCCESS - '農情調查' 的 Metadata 已更新到 metadata.json。
2026-02-27 00:46:30,629 - SUCCESS - '農情調查' 的 Metadata 已更新到 metadata.json。
2026-02-27 00:46:34,714 - SUCCESS - <農情調查>的資料已下載完成，共 9999 筆資料。
2026-02-27 00:46:34,714 - SUCCESS - <農情調查>的資料已下載完成，共 9999 筆資料。
2026-02-27 00:46:34,736 - SUCCESS - 已下載、去重並合併資料完成現有資料 0 條，新資料 0 條。
2026-02-27 00:46:34,736 - SUCCESS - 已下載、去重並合併資料完成現有資料 0 條，新資料 0 條。
2026-02-27 00:46:34,740 - SUCCESS - 插入或更新 '農情調查' 的 Metadata 成功。
2026-02-27 00:46:34,740 - SUCCESS - 插入或更新 '農情調查' 的 Metadata 成功。
2026-02-27 00:46:34,742 - SUCCESS - '農情調查' 的自動更新完成。
2026-02-27 00:46:34,742 - SUCCESS - '農情調查' 的自動更新完成。
2026-02-27 00:46:36,077 - SUCCESS - 成功提取 '農產品產地價格資料' 的網頁 Metadata。
2026-02-27 00:46:36,077 - SUCCESS - 成功提取 '農產品產地價格資料' 的網頁 Metadata。
2026-02-27 00:46:37,533 - SUCCESS - 成功提取 '臺灣地區農產品生產量值' 的網頁 Metadata。
2026-02-27 00:46:37,533 - SUCCESS - 成功提取 '臺灣地區農產品生產量值' 的網頁 Metadata。
2026-02-27 00:46:38,823 - SUCCESS - 成功提取 '雜糧生產概況' 的網頁 Metadata。
2026-02-27 00:46:38,823 - SUCCESS - 成功提取 '雜糧生產概況' 的網頁 Metadata。
2026-02-27 00:46:40,247 - SUCCESS - 成功提取 '農產品產地價格(月平均價格)' 的網頁 Metadata。
2026-02-27 00:46:40,247 - SUCCESS - 成功提取 '農產品產地價格(月平均價格)' 的網頁 Metadata。
2026-02-27 00:46:41,653 - SUCCESS - 成功提取 '全國單日平均糧價' 的網頁 Metadata。
2026-02-27 00:46:41,653 - SUCCESS - 成功提取 '全國單日平均糧價' 的網頁 Metadata。
2026-02-27 00:46:41,708 - SUCCESS - '全國單日平均糧價' 的 Metadata 已更新到 metadata.json。
2026-02-27 00:46:41,708 - SUCCESS - '全國單日平均糧價' 的 Metadata 已更新到 metadata.json。
2026-02-27 00:46:47,255 - SUCCESS - <全國單日平均糧價>的資料已下載完成，共 9208 筆資料。
2026-02-27 00:46:47,255 - SUCCESS - <全國單日平均糧價>的資料已下載完成，共 9208 筆資料。
2026-02-27 00:46:47,402 - SUCCESS - 已下載、去重並合併資料完成現有資料 422 條，新資料 422 條。
2026-02-27 00:46:47,402 - SUCCESS - 已下載、去重並合併資料完成現有資料 422 條，新資料 422 條。
2026-02-27 00:46:47,571 - SUCCESS - 已下載 '全國單日平均糧價' 的原始 JSON 資料路徑: 'C:\Python\data_moa_gov_tw\raw_data\全國單日平均糧價.json'
2026-02-27 00:46:47,571 - SUCCESS - 已下載 '全國單日平均糧價' 的原始 JSON 資料路徑: 'C:\Python\data_moa_gov_tw\raw_data\全國單日平均糧價.json'
2026-02-27 00:46:47,577 - SUCCESS - 插入或更新 '全國單日平均糧價' 的 Metadata 成功。
2026-02-27 00:46:47,577 - SUCCESS - 插入或更新 '全國單日平均糧價' 的 Metadata 成功。
2026-02-27 00:46:47,595 - SUCCESS - 已成功批量插入 '全國單日平均糧價' 的總計 2 條記錄到表格 '1040001' 。
2026-02-27 00:46:47,595 - SUCCESS - 已成功批量插入 '全國單日平均糧價' 的總計 2 條記錄到表格 '1040001' 。
2026-02-27 00:46:47,597 - SUCCESS - '全國單日平均糧價' 的自動更新完成。
2026-02-27 00:46:47,597 - SUCCESS - '全國單日平均糧價' 的自動更新完成。
2026-02-27 00:46:49,003 - SUCCESS - 成功提取 '臺灣地區蔬菜生產概況' 的網頁 Metadata。
2026-02-27 00:46:49,003 - SUCCESS - 成功提取 '臺灣地區蔬菜生產概況' 的網頁 Metadata。
2026-02-27 00:46:50,606 - SUCCESS - 成功提取 '糧價查詢' 的網頁 Metadata。
2026-02-27 00:46:50,606 - SUCCESS - 成功提取 '糧價查詢' 的網頁 Metadata。
2026-02-27 00:46:50,794 - SUCCESS - '糧價查詢' 的 Metadata 已更新到 metadata.json。
2026-02-27 00:46:50,794 - SUCCESS - '糧價查詢' 的 Metadata 已更新到 metadata.json。
2026-02-27 00:46:53,156 - SUCCESS - <糧價查詢>的資料已下載完成，共 9999 筆資料。
2026-02-27 00:46:53,156 - SUCCESS - <糧價查詢>的資料已下載完成，共 9999 筆資料。
2026-02-27 00:46:53,379 - SUCCESS - 已下載、去重並合併資料完成現有資料 8440 條，新資料 8440 條。
2026-02-27 00:46:53,379 - SUCCESS - 已下載、去重並合併資料完成現有資料 8440 條，新資料 8440 條。
2026-02-27 00:46:54,304 - SUCCESS - 已下載 '糧價查詢' 的原始 JSON 資料路徑: 'C:\Python\data_moa_gov_tw\raw_data\糧價查詢.json'
2026-02-27 00:46:54,304 - SUCCESS - 已下載 '糧價查詢' 的原始 JSON 資料路徑: 'C:\Python\data_moa_gov_tw\raw_data\糧價查詢.json'
2026-02-27 00:46:54,309 - SUCCESS - 插入或更新 '糧價查詢' 的 Metadata 成功。
2026-02-27 00:46:54,309 - SUCCESS - 插入或更新 '糧價查詢' 的 Metadata 成功。
2026-02-27 00:46:54,346 - SUCCESS - 已成功批量插入 '糧價查詢' 的總計 20 條記錄到表格 '1040004' 。
2026-02-27 00:46:54,346 - SUCCESS - 已成功批量插入 '糧價查詢' 的總計 20 條記錄到表格 '1040004' 。
2026-02-27 00:46:54,501 - SUCCESS - '糧價查詢' 的自動更新完成。
2026-02-27 00:46:54,501 - SUCCESS - '糧價查詢' 的自動更新完成。
2026-02-27 00:46:55,547 - SUCCESS - 更新結果:{'產銷履歷與有機蔬果行情': '已更新', '各觀測站近兩年降雨量': '未更新', '臺灣地區果品生產概況': '未更新', '臺灣地區特用作物生產概況': '未更新', '農產品交易行情': '已更新', '臺灣地區稻作種植、收穫面積及產量': '未更新', '臺灣地區稻米生產價值': '未更新', '農情調查': '已更新', '農產品產地價格資料': '未更新', '臺灣地區農產品生產量值': '未更新', '雜糧生產概況': '未更新', '農產品產地價格(月平均價格)': '未更新', '全國單日平均糧價': '已更新', '臺灣地區蔬菜生產概況': '未更新', '糧價查詢': '已更新'}
2026-02-27 00:46:55,547 - SUCCESS - 更新結果:{'產銷履歷與有機蔬果行情': '已更新', '各觀測站近兩年降雨量': '未更新', '臺灣地區果品生產概況': '未更新', '臺灣地區特用作物生產概況': '未更新', '農產品交易行情': '已更新', '臺灣地區稻作種植、收穫面積及產量': '未更新', '臺灣地區稻米生產價值': '未更新', '農情調查': '已更新', '農產品產地價格資料': '未更新', '臺灣地區農產品生產量值': '未更新', '雜糧生產概況': '未更新', '農產品產地價格(月平均價格)': '未更新', '全國單日平均糧價': '已更新', '臺灣地區蔬菜生產概況': '未更新', '糧價查詢': '已更新'}
