2025-12-18 23:53:14,626 - SUCCESS - 成功提取 '全國單日平均糧價' 的網頁 Metadata。
2025-12-18 23:53:14,626 - SUCCESS - 成功提取 '全國單日平均糧價' 的網頁 Metadata。
2025-12-18 23:53:14,681 - SUCCESS - '全國單日平均糧價' 的 Metadata 已更新到 metadata.json。
2025-12-18 23:53:14,681 - SUCCESS - '全國單日平均糧價' 的 Metadata 已更新到 metadata.json。
2025-12-18 23:53:15,927 - SUCCESS - <全國單日平均糧價>的資料已下載完成，共 9138 筆資料。
2025-12-18 23:53:15,927 - SUCCESS - <全國單日平均糧價>的資料已下載完成，共 9138 筆資料。
2025-12-18 23:53:17,120 - SUCCESS - 已下載、去重並合併資料完成現有資料 9138 條，新資料 1 條。
2025-12-18 23:53:17,120 - SUCCESS - 已下載、去重並合併資料完成現有資料 9138 條，新資料 1 條。
2025-12-18 23:53:17,204 - SUCCESS - 已下載 '全國單日平均糧價' 的原始 JSON 資料路徑: 'C:\Python\data_moa_gov_tw\raw_data\全國單日平均糧價\全國單日平均糧價.json'
2025-12-18 23:53:17,204 - SUCCESS - 已下載 '全國單日平均糧價' 的原始 JSON 資料路徑: 'C:\Python\data_moa_gov_tw\raw_data\全國單日平均糧價\全國單日平均糧價.json'
2025-12-18 23:53:17,240 - SUCCESS - 插入或更新 '全國單日平均糧價' 的 Metadata 成功。
2025-12-18 23:53:17,240 - SUCCESS - 插入或更新 '全國單日平均糧價' 的 Metadata 成功。
2025-12-18 23:53:17,285 - SUCCESS - 已成功批量插入 '全國單日平均糧價' 的總計 1 條記錄到表格 '1040001' 。
2025-12-18 23:53:17,285 - SUCCESS - 已成功批量插入 '全國單日平均糧價' 的總計 1 條記錄到表格 '1040001' 。
2025-12-18 23:53:17,293 - SUCCESS - '全國單日平均糧價' 的自動更新完成。
2025-12-18 23:53:17,293 - SUCCESS - '全國單日平均糧價' 的自動更新完成。
2025-12-18 23:53:18,549 - SUCCESS - 成功提取 '各觀測站近兩年降雨量' 的網頁 Metadata。
2025-12-18 23:53:18,549 - SUCCESS - 成功提取 '各觀測站近兩年降雨量' 的網頁 Metadata。
2025-12-18 23:53:21,899 - SUCCESS - 成功提取 '產銷履歷與有機蔬果行情' 的網頁 Metadata。
2025-12-18 23:53:21,899 - SUCCESS - 成功提取 '產銷履歷與有機蔬果行情' 的網頁 Metadata。
2025-12-18 23:53:21,957 - SUCCESS - '產銷履歷與有機蔬果行情' 的 Metadata 已更新到 metadata.json。
2025-12-18 23:53:21,957 - SUCCESS - '產銷履歷與有機蔬果行情' 的 Metadata 已更新到 metadata.json。
2025-12-18 23:53:25,260 - SUCCESS - <產銷履歷與有機蔬果行情>的資料已下載完成，共 4613 筆資料。
2025-12-18 23:53:25,260 - SUCCESS - <產銷履歷與有機蔬果行情>的資料已下載完成，共 4613 筆資料。
2025-12-18 23:53:45,787 - SUCCESS - 已下載、去重並合併資料完成現有資料 282719 條，新資料 2313 條。
2025-12-18 23:53:45,787 - SUCCESS - 已下載、去重並合併資料完成現有資料 282719 條，新資料 2313 條。
2025-12-18 23:53:47,221 - SUCCESS - 已下載 '產銷履歷與有機蔬果行情' 的原始 JSON 資料路徑: 'C:\Python\data_moa_gov_tw\raw_data\產銷履歷與有機蔬果行情\產銷履歷與有機蔬果行情.json'
2025-12-18 23:53:47,221 - SUCCESS - 已下載 '產銷履歷與有機蔬果行情' 的原始 JSON 資料路徑: 'C:\Python\data_moa_gov_tw\raw_data\產銷履歷與有機蔬果行情\產銷履歷與有機蔬果行情.json'
2025-12-18 23:53:47,226 - SUCCESS - 插入或更新 '產銷履歷與有機蔬果行情' 的 Metadata 成功。
2025-12-18 23:53:47,226 - SUCCESS - 插入或更新 '產銷履歷與有機蔬果行情' 的 Metadata 成功。
2025-12-18 23:53:48,119 - SUCCESS - 已成功批量插入 '產銷履歷與有機蔬果行情' 的總計 2313 條記錄到表格 '1040003' 。
2025-12-18 23:53:48,119 - SUCCESS - 已成功批量插入 '產銷履歷與有機蔬果行情' 的總計 2313 條記錄到表格 '1040003' 。
2025-12-18 23:53:48,190 - SUCCESS - '產銷履歷與有機蔬果行情' 的自動更新完成。
2025-12-18 23:53:48,190 - SUCCESS - '產銷履歷與有機蔬果行情' 的自動更新完成。
2025-12-18 23:53:49,620 - SUCCESS - 成功提取 '糧價查詢' 的網頁 Metadata。
2025-12-18 23:53:49,620 - SUCCESS - 成功提取 '糧價查詢' 的網頁 Metadata。
2025-12-18 23:53:49,651 - SUCCESS - '糧價查詢' 的 Metadata 已更新到 metadata.json。
2025-12-18 23:53:49,651 - SUCCESS - '糧價查詢' 的 Metadata 已更新到 metadata.json。
2025-12-18 23:53:51,002 - SUCCESS - <糧價查詢>的資料已下載完成，共 9999 筆資料。
2025-12-18 23:53:51,002 - SUCCESS - <糧價查詢>的資料已下載完成，共 9999 筆資料。
2025-12-18 23:53:51,774 - SUCCESS - 已下載、去重並合併資料完成現有資料 10280 條，新資料 20 條。
2025-12-18 23:53:51,774 - SUCCESS - 已下載、去重並合併資料完成現有資料 10280 條，新資料 20 條。
2025-12-18 23:53:52,522 - SUCCESS - 已下載 '糧價查詢' 的原始 JSON 資料路徑: 'C:\Python\data_moa_gov_tw\raw_data\糧價查詢\糧價查詢.json'
2025-12-18 23:53:52,522 - SUCCESS - 已下載 '糧價查詢' 的原始 JSON 資料路徑: 'C:\Python\data_moa_gov_tw\raw_data\糧價查詢\糧價查詢.json'
2025-12-18 23:53:52,522 - SUCCESS - 插入或更新 '糧價查詢' 的 Metadata 成功。
2025-12-18 23:53:52,522 - SUCCESS - 插入或更新 '糧價查詢' 的 Metadata 成功。
2025-12-18 23:53:52,538 - SUCCESS - 已成功批量插入 '糧價查詢' 的總計 20 條記錄到表格 '1040004' 。
2025-12-18 23:53:52,538 - SUCCESS - 已成功批量插入 '糧價查詢' 的總計 20 條記錄到表格 '1040004' 。
2025-12-18 23:53:52,547 - SUCCESS - '糧價查詢' 的自動更新完成。
2025-12-18 23:53:52,547 - SUCCESS - '糧價查詢' 的自動更新完成。
2025-12-18 23:53:54,501 - SUCCESS - 成功提取 '臺灣地區果品生產概況' 的網頁 Metadata。
2025-12-18 23:53:54,501 - SUCCESS - 成功提取 '臺灣地區果品生產概況' 的網頁 Metadata。
2025-12-18 23:53:57,067 - SUCCESS - 成功提取 '臺灣地區特用作物生產概況' 的網頁 Metadata。
2025-12-18 23:53:57,067 - SUCCESS - 成功提取 '臺灣地區特用作物生產概況' 的網頁 Metadata。
2025-12-18 23:53:58,554 - SUCCESS - 成功提取 '臺灣地區稻作種植、收穫面積及產量' 的網頁 Metadata。
2025-12-18 23:53:58,554 - SUCCESS - 成功提取 '臺灣地區稻作種植、收穫面積及產量' 的網頁 Metadata。
2025-12-18 23:54:00,058 - SUCCESS - 成功提取 '臺灣地區稻米生產價值' 的網頁 Metadata。
2025-12-18 23:54:00,058 - SUCCESS - 成功提取 '臺灣地區稻米生產價值' 的網頁 Metadata。
2025-12-18 23:54:02,410 - SUCCESS - 成功提取 '臺灣地區蔬菜生產概況' 的網頁 Metadata。
2025-12-18 23:54:02,410 - SUCCESS - 成功提取 '臺灣地區蔬菜生產概況' 的網頁 Metadata。
2025-12-18 23:54:03,707 - SUCCESS - 成功提取 '臺灣地區農產品生產量值' 的網頁 Metadata。
2025-12-18 23:54:03,707 - SUCCESS - 成功提取 '臺灣地區農產品生產量值' 的網頁 Metadata。
2025-12-18 23:54:05,035 - SUCCESS - 成功提取 '農情調查' 的網頁 Metadata。
2025-12-18 23:54:05,035 - SUCCESS - 成功提取 '農情調查' 的網頁 Metadata。
2025-12-18 23:54:05,076 - SUCCESS - '農情調查' 的 Metadata 已更新到 metadata.json。
2025-12-18 23:54:05,076 - SUCCESS - '農情調查' 的 Metadata 已更新到 metadata.json。
2025-12-18 23:54:08,390 - SUCCESS - <農情調查>的資料已下載完成，共 9999 筆資料。
2025-12-18 23:54:08,390 - SUCCESS - <農情調查>的資料已下載完成，共 9999 筆資料。
2025-12-18 23:54:09,404 - SUCCESS - 已下載、去重並合併資料完成現有資料 45259 條，新資料 0 條。
2025-12-18 23:54:09,404 - SUCCESS - 已下載、去重並合併資料完成現有資料 45259 條，新資料 0 條。
2025-12-18 23:54:09,733 - SUCCESS - 插入或更新 '農情調查' 的 Metadata 成功。
2025-12-18 23:54:09,733 - SUCCESS - 插入或更新 '農情調查' 的 Metadata 成功。
2025-12-18 23:54:09,738 - SUCCESS - '農情調查' 的自動更新完成。
2025-12-18 23:54:09,738 - SUCCESS - '農情調查' 的自動更新完成。
2025-12-18 23:54:11,050 - SUCCESS - 成功提取 '農產品交易行情' 的網頁 Metadata。
2025-12-18 23:54:11,050 - SUCCESS - 成功提取 '農產品交易行情' 的網頁 Metadata。
2025-12-18 23:54:11,082 - SUCCESS - '農產品交易行情' 的 Metadata 已更新到 metadata.json。
2025-12-18 23:54:11,082 - SUCCESS - '農產品交易行情' 的 Metadata 已更新到 metadata.json。
2025-12-18 23:54:23,646 - SUCCESS - <農產品交易行情>的資料已下載完成，共 13089 筆資料。
2025-12-18 23:54:23,646 - SUCCESS - <農產品交易行情>的資料已下載完成，共 13089 筆資料。
2025-12-18 23:54:48,620 - SUCCESS - 已下載、去重並合併資料完成現有資料 533312 條，新資料 3705 條。
2025-12-18 23:54:48,620 - SUCCESS - 已下載、去重並合併資料完成現有資料 533312 條，新資料 3705 條。
2025-12-18 23:54:51,216 - SUCCESS - 已下載 '農產品交易行情' 的原始 JSON 資料路徑: 'C:\Python\data_moa_gov_tw\raw_data\農產品交易行情\農產品交易行情.json'
2025-12-18 23:54:51,216 - SUCCESS - 已下載 '農產品交易行情' 的原始 JSON 資料路徑: 'C:\Python\data_moa_gov_tw\raw_data\農產品交易行情\農產品交易行情.json'
2025-12-18 23:54:51,221 - SUCCESS - 插入或更新 '農產品交易行情' 的 Metadata 成功。
2025-12-18 23:54:51,221 - SUCCESS - 插入或更新 '農產品交易行情' 的 Metadata 成功。
2025-12-18 23:54:52,693 - SUCCESS - 已成功批量插入 '農產品交易行情' 的總計 3704 條記錄到表格 '1040012' 。
2025-12-18 23:54:52,693 - SUCCESS - 已成功批量插入 '農產品交易行情' 的總計 3704 條記錄到表格 '1040012' 。
2025-12-18 23:54:52,900 - SUCCESS - '農產品交易行情' 的自動更新完成。
2025-12-18 23:54:52,900 - SUCCESS - '農產品交易行情' 的自動更新完成。
2025-12-18 23:54:56,096 - SUCCESS - 成功提取 '農產品產地價格(月平均價格)' 的網頁 Metadata。
2025-12-18 23:54:56,096 - SUCCESS - 成功提取 '農產品產地價格(月平均價格)' 的網頁 Metadata。
2025-12-18 23:54:57,447 - SUCCESS - 成功提取 '農產品產地價格資料' 的網頁 Metadata。
2025-12-18 23:54:57,447 - SUCCESS - 成功提取 '農產品產地價格資料' 的網頁 Metadata。
2025-12-18 23:54:58,798 - SUCCESS - 成功提取 '雜糧生產概況' 的網頁 Metadata。
2025-12-18 23:54:58,798 - SUCCESS - 成功提取 '雜糧生產概況' 的網頁 Metadata。
2025-12-18 23:54:59,813 - SUCCESS - 已成功儲存次要資訊。
2025-12-18 23:54:59,813 - SUCCESS - 已成功儲存次要資訊。
2025-12-18 23:54:59,813 - SUCCESS - 更新結果儲存成功:{'全國單日平均糧價': '已更新', '各觀測站近兩年降雨量': '未更新', '產銷履歷與有機蔬果行情': '已更新', '糧價查詢': '已更新', '臺灣地區果品生產概況': '未更新', '臺灣地區特用作物生產概況': '未更新', '臺灣地區稻作種植、收穫面積及產量': '未更新', '臺灣地區稻米生產價值': '未更新', '臺灣地區蔬菜生產概況': '未更新', '臺灣地區農產品生產量值': '未更新', '農情調查': '已更新', '農產品交易行情': '已更新', '農產品產地價格(月平均價格)': '未更新', '農產品產地價格資料': '未更新', '雜糧生產概況': '未更新'}
2025-12-18 23:54:59,813 - SUCCESS - 更新結果儲存成功:{'全國單日平均糧價': '已更新', '各觀測站近兩年降雨量': '未更新', '產銷履歷與有機蔬果行情': '已更新', '糧價查詢': '已更新', '臺灣地區果品生產概況': '未更新', '臺灣地區特用作物生產概況': '未更新', '臺灣地區稻作種植、收穫面積及產量': '未更新', '臺灣地區稻米生產價值': '未更新', '臺灣地區蔬菜生產概況': '未更新', '臺灣地區農產品生產量值': '未更新', '農情調查': '已更新', '農產品交易行情': '已更新', '農產品產地價格(月平均價格)': '未更新', '農產品產地價格資料': '未更新', '雜糧生產概況': '未更新'}
