2025-12-21 01:18:37,341 - SUCCESS - 成功提取 '全國單日平均糧價' 的網頁 Metadata。
2025-12-21 01:18:37,341 - SUCCESS - 成功提取 '全國單日平均糧價' 的網頁 Metadata。
2025-12-21 01:18:37,430 - SUCCESS - '全國單日平均糧價' 的 Metadata 已更新到 metadata.json。
2025-12-21 01:18:37,430 - SUCCESS - '全國單日平均糧價' 的 Metadata 已更新到 metadata.json。
2025-12-21 01:18:43,202 - SUCCESS - <全國單日平均糧價>的資料已下載完成，共 9139 筆資料。
2025-12-21 01:18:43,202 - SUCCESS - <全國單日平均糧價>的資料已下載完成，共 9139 筆資料。
2025-12-21 01:18:43,678 - SUCCESS - 已下載、去重並合併資料完成現有資料 9139 條，新資料 0 條。
2025-12-21 01:18:43,678 - SUCCESS - 已下載、去重並合併資料完成現有資料 9139 條，新資料 0 條。
2025-12-21 01:18:43,745 - SUCCESS - 插入或更新 '全國單日平均糧價' 的 Metadata 成功。
2025-12-21 01:18:43,745 - SUCCESS - 插入或更新 '全國單日平均糧價' 的 Metadata 成功。
2025-12-21 01:18:43,750 - SUCCESS - '全國單日平均糧價' 的自動更新完成。
2025-12-21 01:18:43,750 - SUCCESS - '全國單日平均糧價' 的自動更新完成。
2025-12-21 01:18:46,328 - SUCCESS - 成功提取 '各觀測站近兩年降雨量' 的網頁 Metadata。
2025-12-21 01:18:46,328 - SUCCESS - 成功提取 '各觀測站近兩年降雨量' 的網頁 Metadata。
2025-12-21 01:18:49,190 - SUCCESS - 成功提取 '產銷履歷與有機蔬果行情' 的網頁 Metadata。
2025-12-21 01:18:49,190 - SUCCESS - 成功提取 '產銷履歷與有機蔬果行情' 的網頁 Metadata。
2025-12-21 01:18:49,237 - SUCCESS - '產銷履歷與有機蔬果行情' 的 Metadata 已更新到 metadata.json。
2025-12-21 01:18:49,237 - SUCCESS - '產銷履歷與有機蔬果行情' 的 Metadata 已更新到 metadata.json。
2025-12-21 01:19:32,999 - SUCCESS - <產銷履歷與有機蔬果行情>的資料已下載完成，共 4724 筆資料。
2025-12-21 01:19:32,999 - SUCCESS - <產銷履歷與有機蔬果行情>的資料已下載完成，共 4724 筆資料。
2025-12-21 01:19:53,780 - SUCCESS - 已下載、去重並合併資料完成現有資料 287443 條，新資料 2367 條。
2025-12-21 01:19:53,780 - SUCCESS - 已下載、去重並合併資料完成現有資料 287443 條，新資料 2367 條。
2025-12-21 01:19:55,693 - SUCCESS - 已下載 '產銷履歷與有機蔬果行情' 的原始 JSON 資料路徑: 'C:\Python\data_moa_gov_tw\raw_data\產銷履歷與有機蔬果行情\產銷履歷與有機蔬果行情.json'
2025-12-21 01:19:55,693 - SUCCESS - 已下載 '產銷履歷與有機蔬果行情' 的原始 JSON 資料路徑: 'C:\Python\data_moa_gov_tw\raw_data\產銷履歷與有機蔬果行情\產銷履歷與有機蔬果行情.json'
2025-12-21 01:19:55,698 - SUCCESS - 插入或更新 '產銷履歷與有機蔬果行情' 的 Metadata 成功。
2025-12-21 01:19:55,698 - SUCCESS - 插入或更新 '產銷履歷與有機蔬果行情' 的 Metadata 成功。
2025-12-21 01:19:57,057 - SUCCESS - 已成功批量插入 '產銷履歷與有機蔬果行情' 的總計 2367 條記錄到表格 '1040003' 。
2025-12-21 01:19:57,057 - SUCCESS - 已成功批量插入 '產銷履歷與有機蔬果行情' 的總計 2367 條記錄到表格 '1040003' 。
2025-12-21 01:19:57,143 - SUCCESS - '產銷履歷與有機蔬果行情' 的自動更新完成。
2025-12-21 01:19:57,143 - SUCCESS - '產銷履歷與有機蔬果行情' 的自動更新完成。
2025-12-21 01:19:59,989 - SUCCESS - 成功提取 '糧價查詢' 的網頁 Metadata。
2025-12-21 01:19:59,989 - SUCCESS - 成功提取 '糧價查詢' 的網頁 Metadata。
2025-12-21 01:20:00,049 - SUCCESS - '糧價查詢' 的 Metadata 已更新到 metadata.json。
2025-12-21 01:20:00,049 - SUCCESS - '糧價查詢' 的 Metadata 已更新到 metadata.json。
2025-12-21 01:20:06,944 - SUCCESS - <糧價查詢>的資料已下載完成，共 9999 筆資料。
2025-12-21 01:20:06,944 - SUCCESS - <糧價查詢>的資料已下載完成，共 9999 筆資料。
2025-12-21 01:20:08,193 - SUCCESS - 已下載、去重並合併資料完成現有資料 10334 條，新資料 21 條。
2025-12-21 01:20:08,193 - SUCCESS - 已下載、去重並合併資料完成現有資料 10334 條，新資料 21 條。
2025-12-21 01:20:09,750 - SUCCESS - 已下載 '糧價查詢' 的原始 JSON 資料路徑: 'C:\Python\data_moa_gov_tw\raw_data\糧價查詢\糧價查詢.json'
2025-12-21 01:20:09,750 - SUCCESS - 已下載 '糧價查詢' 的原始 JSON 資料路徑: 'C:\Python\data_moa_gov_tw\raw_data\糧價查詢\糧價查詢.json'
2025-12-21 01:20:09,757 - SUCCESS - 插入或更新 '糧價查詢' 的 Metadata 成功。
2025-12-21 01:20:09,757 - SUCCESS - 插入或更新 '糧價查詢' 的 Metadata 成功。
2025-12-21 01:20:09,784 - SUCCESS - 已成功批量插入 '糧價查詢' 的總計 21 條記錄到表格 '1040004' 。
2025-12-21 01:20:09,784 - SUCCESS - 已成功批量插入 '糧價查詢' 的總計 21 條記錄到表格 '1040004' 。
2025-12-21 01:20:09,793 - SUCCESS - '糧價查詢' 的自動更新完成。
2025-12-21 01:20:09,793 - SUCCESS - '糧價查詢' 的自動更新完成。
2025-12-21 01:20:12,685 - SUCCESS - 成功提取 '臺灣地區果品生產概況' 的網頁 Metadata。
2025-12-21 01:20:12,685 - SUCCESS - 成功提取 '臺灣地區果品生產概況' 的網頁 Metadata。
2025-12-21 01:20:15,277 - SUCCESS - 成功提取 '臺灣地區特用作物生產概況' 的網頁 Metadata。
2025-12-21 01:20:15,277 - SUCCESS - 成功提取 '臺灣地區特用作物生產概況' 的網頁 Metadata。
2025-12-21 01:20:17,022 - SUCCESS - 成功提取 '臺灣地區稻作種植、收穫面積及產量' 的網頁 Metadata。
2025-12-21 01:20:17,022 - SUCCESS - 成功提取 '臺灣地區稻作種植、收穫面積及產量' 的網頁 Metadata。
2025-12-21 01:20:18,556 - SUCCESS - 成功提取 '臺灣地區稻米生產價值' 的網頁 Metadata。
2025-12-21 01:20:18,556 - SUCCESS - 成功提取 '臺灣地區稻米生產價值' 的網頁 Metadata。
2025-12-21 01:20:20,831 - SUCCESS - 成功提取 '臺灣地區蔬菜生產概況' 的網頁 Metadata。
2025-12-21 01:20:20,831 - SUCCESS - 成功提取 '臺灣地區蔬菜生產概況' 的網頁 Metadata。
2025-12-21 01:20:22,403 - SUCCESS - 成功提取 '臺灣地區農產品生產量值' 的網頁 Metadata。
2025-12-21 01:20:22,403 - SUCCESS - 成功提取 '臺灣地區農產品生產量值' 的網頁 Metadata。
2025-12-21 01:20:24,092 - SUCCESS - 成功提取 '農情調查' 的網頁 Metadata。
2025-12-21 01:20:24,092 - SUCCESS - 成功提取 '農情調查' 的網頁 Metadata。
2025-12-21 01:20:24,149 - SUCCESS - '農情調查' 的 Metadata 已更新到 metadata.json。
2025-12-21 01:20:24,149 - SUCCESS - '農情調查' 的 Metadata 已更新到 metadata.json。
2025-12-21 01:20:29,449 - SUCCESS - <農情調查>的資料已下載完成，共 9999 筆資料。
2025-12-21 01:20:29,449 - SUCCESS - <農情調查>的資料已下載完成，共 9999 筆資料。
2025-12-21 01:20:31,593 - SUCCESS - 已下載、去重並合併資料完成現有資料 45259 條，新資料 0 條。
2025-12-21 01:20:31,593 - SUCCESS - 已下載、去重並合併資料完成現有資料 45259 條，新資料 0 條。
2025-12-21 01:20:32,189 - SUCCESS - 插入或更新 '農情調查' 的 Metadata 成功。
2025-12-21 01:20:32,189 - SUCCESS - 插入或更新 '農情調查' 的 Metadata 成功。
2025-12-21 01:20:32,215 - SUCCESS - '農情調查' 的自動更新完成。
2025-12-21 01:20:32,215 - SUCCESS - '農情調查' 的自動更新完成。
2025-12-21 01:20:33,891 - SUCCESS - 成功提取 '農產品交易行情' 的網頁 Metadata。
2025-12-21 01:20:33,891 - SUCCESS - 成功提取 '農產品交易行情' 的網頁 Metadata。
2025-12-21 01:20:33,966 - SUCCESS - '農產品交易行情' 的 Metadata 已更新到 metadata.json。
2025-12-21 01:20:33,966 - SUCCESS - '農產品交易行情' 的 Metadata 已更新到 metadata.json。
2025-12-21 01:21:33,164 - SUCCESS - <農產品交易行情>的資料已下載完成，共 10378 筆資料。
2025-12-21 01:21:33,164 - SUCCESS - <農產品交易行情>的資料已下載完成，共 10378 筆資料。
2025-12-21 01:22:00,134 - SUCCESS - 已下載、去重並合併資料完成現有資料 540110 條，新資料 3236 條。
2025-12-21 01:22:00,134 - SUCCESS - 已下載、去重並合併資料完成現有資料 540110 條，新資料 3236 條。
2025-12-21 01:22:03,842 - SUCCESS - 已下載 '農產品交易行情' 的原始 JSON 資料路徑: 'C:\Python\data_moa_gov_tw\raw_data\農產品交易行情\農產品交易行情.json'
2025-12-21 01:22:03,842 - SUCCESS - 已下載 '農產品交易行情' 的原始 JSON 資料路徑: 'C:\Python\data_moa_gov_tw\raw_data\農產品交易行情\農產品交易行情.json'
2025-12-21 01:22:03,842 - SUCCESS - 插入或更新 '農產品交易行情' 的 Metadata 成功。
2025-12-21 01:22:03,842 - SUCCESS - 插入或更新 '農產品交易行情' 的 Metadata 成功。
2025-12-21 01:22:05,298 - SUCCESS - 已成功批量插入 '農產品交易行情' 的總計 3232 條記錄到表格 '1040012' 。
2025-12-21 01:22:05,298 - SUCCESS - 已成功批量插入 '農產品交易行情' 的總計 3232 條記錄到表格 '1040012' 。
2025-12-21 01:22:05,506 - SUCCESS - '農產品交易行情' 的自動更新完成。
2025-12-21 01:22:05,506 - SUCCESS - '農產品交易行情' 的自動更新完成。
2025-12-21 01:22:08,324 - SUCCESS - 成功提取 '農產品產地價格(月平均價格)' 的網頁 Metadata。
2025-12-21 01:22:08,324 - SUCCESS - 成功提取 '農產品產地價格(月平均價格)' 的網頁 Metadata。
2025-12-21 01:22:10,119 - SUCCESS - 成功提取 '農產品產地價格資料' 的網頁 Metadata。
2025-12-21 01:22:10,119 - SUCCESS - 成功提取 '農產品產地價格資料' 的網頁 Metadata。
2025-12-21 01:22:11,629 - SUCCESS - 成功提取 '雜糧生產概況' 的網頁 Metadata。
2025-12-21 01:22:11,629 - SUCCESS - 成功提取 '雜糧生產概況' 的網頁 Metadata。
2025-12-21 01:22:12,636 - SUCCESS - 已成功儲存次要資訊。
2025-12-21 01:22:12,636 - SUCCESS - 已成功儲存次要資訊。
2025-12-21 01:22:12,637 - SUCCESS - 更新結果儲存成功:{'全國單日平均糧價': '已更新', '各觀測站近兩年降雨量': '未更新', '產銷履歷與有機蔬果行情': '已更新', '糧價查詢': '已更新', '臺灣地區果品生產概況': '未更新', '臺灣地區特用作物生產概況': '未更新', '臺灣地區稻作種植、收穫面積及產量': '未更新', '臺灣地區稻米生產價值': '未更新', '臺灣地區蔬菜生產概況': '未更新', '臺灣地區農產品生產量值': '未更新', '農情調查': '已更新', '農產品交易行情': '已更新', '農產品產地價格(月平均價格)': '未更新', '農產品產地價格資料': '未更新', '雜糧生產概況': '未更新'}
2025-12-21 01:22:12,637 - SUCCESS - 更新結果儲存成功:{'全國單日平均糧價': '已更新', '各觀測站近兩年降雨量': '未更新', '產銷履歷與有機蔬果行情': '已更新', '糧價查詢': '已更新', '臺灣地區果品生產概況': '未更新', '臺灣地區特用作物生產概況': '未更新', '臺灣地區稻作種植、收穫面積及產量': '未更新', '臺灣地區稻米生產價值': '未更新', '臺灣地區蔬菜生產概況': '未更新', '臺灣地區農產品生產量值': '未更新', '農情調查': '已更新', '農產品交易行情': '已更新', '農產品產地價格(月平均價格)': '未更新', '農產品產地價格資料': '未更新', '雜糧生產概況': '未更新'}
