2025-11-24 22:18:56,035 - SUCCESS - 成功提取 '全國單日平均糧價' 的網頁 Metadata。
2025-11-24 22:18:56,035 - SUCCESS - 成功提取 '全國單日平均糧價' 的網頁 Metadata。
2025-11-24 22:18:56,096 - SUCCESS - '全國單日平均糧價' 的 Metadata 已更新到 metadata.json。
2025-11-24 22:18:56,096 - SUCCESS - '全國單日平均糧價' 的 Metadata 已更新到 metadata.json。
2025-11-24 22:18:58,170 - SUCCESS - <全國單日平均糧價>的資料已下載完成，共 9114 筆資料。
2025-11-24 22:18:58,170 - SUCCESS - <全國單日平均糧價>的資料已下載完成，共 9114 筆資料。
2025-11-24 22:18:59,641 - SUCCESS - 已下載、去重並合併資料完成現有資料 9114 條，新資料 2 條。
2025-11-24 22:18:59,641 - SUCCESS - 已下載、去重並合併資料完成現有資料 9114 條，新資料 2 條。
2025-11-24 22:18:59,706 - SUCCESS - 已下載 '全國單日平均糧價' 的原始 JSON 資料路徑: 'C:\Python\data_moa_gov_tw\raw_data\全國單日平均糧價\全國單日平均糧價.json'
2025-11-24 22:18:59,706 - SUCCESS - 已下載 '全國單日平均糧價' 的原始 JSON 資料路徑: 'C:\Python\data_moa_gov_tw\raw_data\全國單日平均糧價\全國單日平均糧價.json'
2025-11-24 22:18:59,730 - SUCCESS - 插入或更新 '全國單日平均糧價' 的 Metadata 成功。
2025-11-24 22:18:59,730 - SUCCESS - 插入或更新 '全國單日平均糧價' 的 Metadata 成功。
2025-11-24 22:18:59,741 - SUCCESS - 已成功批量插入 '全國單日平均糧價' 的總計 2 條記錄到表格 '1040001' 。
2025-11-24 22:18:59,741 - SUCCESS - 已成功批量插入 '全國單日平均糧價' 的總計 2 條記錄到表格 '1040001' 。
2025-11-24 22:18:59,747 - SUCCESS - '全國單日平均糧價' 的自動更新完成。
2025-11-24 22:18:59,747 - SUCCESS - '全國單日平均糧價' 的自動更新完成。
2025-11-24 22:19:01,166 - SUCCESS - 成功提取 '各觀測站近兩年降雨量' 的網頁 Metadata。
2025-11-24 22:19:01,166 - SUCCESS - 成功提取 '各觀測站近兩年降雨量' 的網頁 Metadata。
2025-11-24 22:19:02,657 - SUCCESS - 成功提取 '產銷履歷與有機蔬果行情' 的網頁 Metadata。
2025-11-24 22:19:02,657 - SUCCESS - 成功提取 '產銷履歷與有機蔬果行情' 的網頁 Metadata。
2025-11-24 22:19:02,681 - SUCCESS - '產銷履歷與有機蔬果行情' 的 Metadata 已更新到 metadata.json。
2025-11-24 22:19:02,681 - SUCCESS - '產銷履歷與有機蔬果行情' 的 Metadata 已更新到 metadata.json。
2025-11-24 22:19:06,324 - SUCCESS - <產銷履歷與有機蔬果行情>的資料已下載完成，共 2197 筆資料。
2025-11-24 22:19:06,324 - SUCCESS - <產銷履歷與有機蔬果行情>的資料已下載完成，共 2197 筆資料。
2025-11-24 22:19:23,198 - SUCCESS - 已下載、去重並合併資料完成現有資料 236405 條，新資料 79 條。
2025-11-24 22:19:23,198 - SUCCESS - 已下載、去重並合併資料完成現有資料 236405 條，新資料 79 條。
2025-11-24 22:19:24,418 - SUCCESS - 已下載 '產銷履歷與有機蔬果行情' 的原始 JSON 資料路徑: 'C:\Python\data_moa_gov_tw\raw_data\產銷履歷與有機蔬果行情\產銷履歷與有機蔬果行情.json'
2025-11-24 22:19:24,418 - SUCCESS - 已下載 '產銷履歷與有機蔬果行情' 的原始 JSON 資料路徑: 'C:\Python\data_moa_gov_tw\raw_data\產銷履歷與有機蔬果行情\產銷履歷與有機蔬果行情.json'
2025-11-24 22:19:24,418 - SUCCESS - 插入或更新 '產銷履歷與有機蔬果行情' 的 Metadata 成功。
2025-11-24 22:19:24,418 - SUCCESS - 插入或更新 '產銷履歷與有機蔬果行情' 的 Metadata 成功。
2025-11-24 22:19:24,472 - SUCCESS - 已成功批量插入 '產銷履歷與有機蔬果行情' 的總計 79 條記錄到表格 '1040003' 。
2025-11-24 22:19:24,472 - SUCCESS - 已成功批量插入 '產銷履歷與有機蔬果行情' 的總計 79 條記錄到表格 '1040003' 。
2025-11-24 22:19:24,522 - SUCCESS - '產銷履歷與有機蔬果行情' 的自動更新完成。
2025-11-24 22:19:24,522 - SUCCESS - '產銷履歷與有機蔬果行情' 的自動更新完成。
2025-11-24 22:19:25,798 - SUCCESS - 成功提取 '糧價查詢' 的網頁 Metadata。
2025-11-24 22:19:25,798 - SUCCESS - 成功提取 '糧價查詢' 的網頁 Metadata。
2025-11-24 22:19:25,822 - SUCCESS - '糧價查詢' 的 Metadata 已更新到 metadata.json。
2025-11-24 22:19:25,822 - SUCCESS - '糧價查詢' 的 Metadata 已更新到 metadata.json。
2025-11-24 22:19:27,721 - SUCCESS - <糧價查詢>的資料已下載完成，共 9999 筆資料。
2025-11-24 22:19:27,721 - SUCCESS - <糧價查詢>的資料已下載完成，共 9999 筆資料。
2025-11-24 22:19:42,307 - SUCCESS - 已下載、去重並合併資料完成現有資料 240863 條，新資料 40 條。
2025-11-24 22:19:42,307 - SUCCESS - 已下載、去重並合併資料完成現有資料 240863 條，新資料 40 條。
2025-11-24 22:19:43,437 - SUCCESS - 已下載 '糧價查詢' 的原始 JSON 資料路徑: 'C:\Python\data_moa_gov_tw\raw_data\糧價查詢\糧價查詢.json'
2025-11-24 22:19:43,437 - SUCCESS - 已下載 '糧價查詢' 的原始 JSON 資料路徑: 'C:\Python\data_moa_gov_tw\raw_data\糧價查詢\糧價查詢.json'
2025-11-24 22:19:43,437 - SUCCESS - 插入或更新 '糧價查詢' 的 Metadata 成功。
2025-11-24 22:19:43,437 - SUCCESS - 插入或更新 '糧價查詢' 的 Metadata 成功。
2025-11-24 22:19:43,474 - SUCCESS - 已成功批量插入 '糧價查詢' 的總計 40 條記錄到表格 '1040004' 。
2025-11-24 22:19:43,474 - SUCCESS - 已成功批量插入 '糧價查詢' 的總計 40 條記錄到表格 '1040004' 。
2025-11-24 22:19:43,576 - SUCCESS - '糧價查詢' 的自動更新完成。
2025-11-24 22:19:43,576 - SUCCESS - '糧價查詢' 的自動更新完成。
2025-11-24 22:19:44,989 - SUCCESS - 成功提取 '臺灣地區果品生產概況' 的網頁 Metadata。
2025-11-24 22:19:44,989 - SUCCESS - 成功提取 '臺灣地區果品生產概況' 的網頁 Metadata。
2025-11-24 22:19:46,478 - SUCCESS - 成功提取 '臺灣地區特用作物生產概況' 的網頁 Metadata。
2025-11-24 22:19:46,478 - SUCCESS - 成功提取 '臺灣地區特用作物生產概況' 的網頁 Metadata。
2025-11-24 22:19:48,014 - SUCCESS - 成功提取 '臺灣地區稻作種植、收穫面積及產量' 的網頁 Metadata。
2025-11-24 22:19:48,014 - SUCCESS - 成功提取 '臺灣地區稻作種植、收穫面積及產量' 的網頁 Metadata。
2025-11-24 22:19:49,468 - SUCCESS - 成功提取 '臺灣地區稻米生產價值' 的網頁 Metadata。
2025-11-24 22:19:49,468 - SUCCESS - 成功提取 '臺灣地區稻米生產價值' 的網頁 Metadata。
2025-11-24 22:19:50,986 - SUCCESS - 成功提取 '臺灣地區蔬菜生產概況' 的網頁 Metadata。
2025-11-24 22:19:50,986 - SUCCESS - 成功提取 '臺灣地區蔬菜生產概況' 的網頁 Metadata。
2025-11-24 22:19:52,514 - SUCCESS - 成功提取 '臺灣地區農產品生產量值' 的網頁 Metadata。
2025-11-24 22:19:52,514 - SUCCESS - 成功提取 '臺灣地區農產品生產量值' 的網頁 Metadata。
2025-11-24 22:19:54,036 - SUCCESS - 成功提取 '農情調查' 的網頁 Metadata。
2025-11-24 22:19:54,036 - SUCCESS - 成功提取 '農情調查' 的網頁 Metadata。
2025-11-24 22:19:54,069 - SUCCESS - '農情調查' 的 Metadata 已更新到 metadata.json。
2025-11-24 22:19:54,069 - SUCCESS - '農情調查' 的 Metadata 已更新到 metadata.json。
2025-11-24 22:19:56,517 - SUCCESS - <農情調查>的資料已下載完成，共 9999 筆資料。
2025-11-24 22:19:56,517 - SUCCESS - <農情調查>的資料已下載完成，共 9999 筆資料。
2025-11-24 22:19:57,572 - SUCCESS - 已下載、去重並合併資料完成現有資料 45259 條，新資料 0 條。
2025-11-24 22:19:57,572 - SUCCESS - 已下載、去重並合併資料完成現有資料 45259 條，新資料 0 條。
2025-11-24 22:19:57,810 - SUCCESS - 插入或更新 '農情調查' 的 Metadata 成功。
2025-11-24 22:19:57,810 - SUCCESS - 插入或更新 '農情調查' 的 Metadata 成功。
2025-11-24 22:19:57,832 - SUCCESS - '農情調查' 的自動更新完成。
2025-11-24 22:19:57,832 - SUCCESS - '農情調查' 的自動更新完成。
2025-11-24 22:19:59,079 - SUCCESS - 成功提取 '農產品交易行情' 的網頁 Metadata。
2025-11-24 22:19:59,079 - SUCCESS - 成功提取 '農產品交易行情' 的網頁 Metadata。
2025-11-24 22:19:59,123 - SUCCESS - '農產品交易行情' 的 Metadata 已更新到 metadata.json。
2025-11-24 22:19:59,123 - SUCCESS - '農產品交易行情' 的 Metadata 已更新到 metadata.json。
2025-11-24 22:20:09,067 - SUCCESS - <農產品交易行情>的資料已下載完成，共 9123 筆資料。
2025-11-24 22:20:09,067 - SUCCESS - <農產品交易行情>的資料已下載完成，共 9123 筆資料。
2025-11-24 22:20:30,746 - SUCCESS - 已下載、去重並合併資料完成現有資料 459325 條，新資料 1379 條。
2025-11-24 22:20:30,746 - SUCCESS - 已下載、去重並合併資料完成現有資料 459325 條，新資料 1379 條。
2025-11-24 22:20:32,977 - SUCCESS - 已下載 '農產品交易行情' 的原始 JSON 資料路徑: 'C:\Python\data_moa_gov_tw\raw_data\農產品交易行情\農產品交易行情.json'
2025-11-24 22:20:32,977 - SUCCESS - 已下載 '農產品交易行情' 的原始 JSON 資料路徑: 'C:\Python\data_moa_gov_tw\raw_data\農產品交易行情\農產品交易行情.json'
2025-11-24 22:20:32,977 - SUCCESS - 插入或更新 '農產品交易行情' 的 Metadata 成功。
2025-11-24 22:20:32,977 - SUCCESS - 插入或更新 '農產品交易行情' 的 Metadata 成功。
2025-11-24 22:20:33,546 - SUCCESS - 已成功批量插入 '農產品交易行情' 的總計 1379 條記錄到表格 '1040012' 。
2025-11-24 22:20:33,546 - SUCCESS - 已成功批量插入 '農產品交易行情' 的總計 1379 條記錄到表格 '1040012' 。
2025-11-24 22:20:33,726 - SUCCESS - '農產品交易行情' 的自動更新完成。
2025-11-24 22:20:33,726 - SUCCESS - '農產品交易行情' 的自動更新完成。
2025-11-24 22:20:35,284 - SUCCESS - 成功提取 '農產品產地價格(月平均價格)' 的網頁 Metadata。
2025-11-24 22:20:35,284 - SUCCESS - 成功提取 '農產品產地價格(月平均價格)' 的網頁 Metadata。
2025-11-24 22:20:36,676 - SUCCESS - 成功提取 '農產品產地價格資料' 的網頁 Metadata。
2025-11-24 22:20:36,676 - SUCCESS - 成功提取 '農產品產地價格資料' 的網頁 Metadata。
2025-11-24 22:20:36,718 - SUCCESS - '農產品產地價格資料' 的 Metadata 已更新到 metadata.json。
2025-11-24 22:20:36,718 - SUCCESS - '農產品產地價格資料' 的 Metadata 已更新到 metadata.json。
2025-11-24 22:20:37,282 - SUCCESS - <農產品產地價格資料>的資料已下載完成，共 9999 筆資料。
2025-11-24 22:20:37,282 - SUCCESS - <農產品產地價格資料>的資料已下載完成，共 9999 筆資料。
2025-11-24 22:21:18,288 - SUCCESS - 已下載、去重並合併資料完成現有資料 345852 條，新資料 0 條。
2025-11-24 22:21:18,288 - SUCCESS - 已下載、去重並合併資料完成現有資料 345852 條，新資料 0 條。
2025-11-24 22:21:20,201 - SUCCESS - 插入或更新 '農產品產地價格資料' 的 Metadata 成功。
2025-11-24 22:21:20,201 - SUCCESS - 插入或更新 '農產品產地價格資料' 的 Metadata 成功。
2025-11-24 22:21:20,277 - SUCCESS - '農產品產地價格資料' 的自動更新完成。
2025-11-24 22:21:20,277 - SUCCESS - '農產品產地價格資料' 的自動更新完成。
2025-11-24 22:21:22,641 - SUCCESS - 成功提取 '雜糧生產概況' 的網頁 Metadata。
2025-11-24 22:21:22,641 - SUCCESS - 成功提取 '雜糧生產概況' 的網頁 Metadata。
2025-11-24 22:21:23,643 - SUCCESS - 已成功儲存次要資訊。
2025-11-24 22:21:23,643 - SUCCESS - 已成功儲存次要資訊。
2025-11-24 22:21:23,643 - SUCCESS - 更新結果儲存成功:{'全國單日平均糧價': '已更新', '各觀測站近兩年降雨量': '未更新', '產銷履歷與有機蔬果行情': '已更新', '糧價查詢': '已更新', '臺灣地區果品生產概況': '未更新', '臺灣地區特用作物生產概況': '未更新', '臺灣地區稻作種植、收穫面積及產量': '未更新', '臺灣地區稻米生產價值': '未更新', '臺灣地區蔬菜生產概況': '未更新', '臺灣地區農產品生產量值': '未更新', '農情調查': '已更新', '農產品交易行情': '已更新', '農產品產地價格(月平均價格)': '未更新', '農產品產地價格資料': '已更新', '雜糧生產概況': '未更新'}
2025-11-24 22:21:23,643 - SUCCESS - 更新結果儲存成功:{'全國單日平均糧價': '已更新', '各觀測站近兩年降雨量': '未更新', '產銷履歷與有機蔬果行情': '已更新', '糧價查詢': '已更新', '臺灣地區果品生產概況': '未更新', '臺灣地區特用作物生產概況': '未更新', '臺灣地區稻作種植、收穫面積及產量': '未更新', '臺灣地區稻米生產價值': '未更新', '臺灣地區蔬菜生產概況': '未更新', '臺灣地區農產品生產量值': '未更新', '農情調查': '已更新', '農產品交易行情': '已更新', '農產品產地價格(月平均價格)': '未更新', '農產品產地價格資料': '已更新', '雜糧生產概況': '未更新'}
