2026-01-15 00:07:11,173 - SUCCESS - 成功提取 '全國單日平均糧價' 的網頁 Metadata。
2026-01-15 00:07:11,173 - SUCCESS - 成功提取 '全國單日平均糧價' 的網頁 Metadata。
2026-01-15 00:07:11,282 - SUCCESS - '全國單日平均糧價' 的 Metadata 已更新到 metadata.json。
2026-01-15 00:07:11,282 - SUCCESS - '全國單日平均糧價' 的 Metadata 已更新到 metadata.json。
2026-01-15 00:07:13,535 - SUCCESS - <全國單日平均糧價>的資料已下載完成，共 9165 筆資料。
2026-01-15 00:07:13,535 - SUCCESS - <全國單日平均糧價>的資料已下載完成，共 9165 筆資料。
2026-01-15 00:07:15,498 - SUCCESS - 已下載、去重並合併資料完成現有資料 9165 條，新資料 1 條。
2026-01-15 00:07:15,498 - SUCCESS - 已下載、去重並合併資料完成現有資料 9165 條，新資料 1 條。
2026-01-15 00:07:15,557 - SUCCESS - 已下載 '全國單日平均糧價' 的原始 JSON 資料路徑: 'C:\Python\data_moa_gov_tw\raw_data\全國單日平均糧價\全國單日平均糧價.json'
2026-01-15 00:07:15,557 - SUCCESS - 已下載 '全國單日平均糧價' 的原始 JSON 資料路徑: 'C:\Python\data_moa_gov_tw\raw_data\全國單日平均糧價\全國單日平均糧價.json'
2026-01-15 00:07:15,600 - SUCCESS - 插入或更新 '全國單日平均糧價' 的 Metadata 成功。
2026-01-15 00:07:15,600 - SUCCESS - 插入或更新 '全國單日平均糧價' 的 Metadata 成功。
2026-01-15 00:07:15,612 - SUCCESS - 已成功批量插入 '全國單日平均糧價' 的總計 1 條記錄到表格 '1040001' 。
2026-01-15 00:07:15,612 - SUCCESS - 已成功批量插入 '全國單日平均糧價' 的總計 1 條記錄到表格 '1040001' 。
2026-01-15 00:07:15,618 - SUCCESS - '全國單日平均糧價' 的自動更新完成。
2026-01-15 00:07:15,618 - SUCCESS - '全國單日平均糧價' 的自動更新完成。
2026-01-15 00:07:17,845 - SUCCESS - 成功提取 '各觀測站近兩年降雨量' 的網頁 Metadata。
2026-01-15 00:07:17,845 - SUCCESS - 成功提取 '各觀測站近兩年降雨量' 的網頁 Metadata。
2026-01-15 00:07:19,858 - SUCCESS - 成功提取 '產銷履歷與有機蔬果行情' 的網頁 Metadata。
2026-01-15 00:07:19,858 - SUCCESS - 成功提取 '產銷履歷與有機蔬果行情' 的網頁 Metadata。
2026-01-15 00:07:19,913 - SUCCESS - '產銷履歷與有機蔬果行情' 的 Metadata 已更新到 metadata.json。
2026-01-15 00:07:19,913 - SUCCESS - '產銷履歷與有機蔬果行情' 的 Metadata 已更新到 metadata.json。
2026-01-15 00:07:22,351 - SUCCESS - <產銷履歷與有機蔬果行情>的資料已下載完成，共 4691 筆資料。
2026-01-15 00:07:22,351 - SUCCESS - <產銷履歷與有機蔬果行情>的資料已下載完成，共 4691 筆資料。
2026-01-15 00:07:47,317 - SUCCESS - 已下載、去重並合併資料完成現有資料 334394 條，新資料 2301 條。
2026-01-15 00:07:47,317 - SUCCESS - 已下載、去重並合併資料完成現有資料 334394 條，新資料 2301 條。
2026-01-15 00:07:49,030 - SUCCESS - 已下載 '產銷履歷與有機蔬果行情' 的原始 JSON 資料路徑: 'C:\Python\data_moa_gov_tw\raw_data\產銷履歷與有機蔬果行情\產銷履歷與有機蔬果行情.json'
2026-01-15 00:07:49,030 - SUCCESS - 已下載 '產銷履歷與有機蔬果行情' 的原始 JSON 資料路徑: 'C:\Python\data_moa_gov_tw\raw_data\產銷履歷與有機蔬果行情\產銷履歷與有機蔬果行情.json'
2026-01-15 00:07:49,036 - SUCCESS - 插入或更新 '產銷履歷與有機蔬果行情' 的 Metadata 成功。
2026-01-15 00:07:49,036 - SUCCESS - 插入或更新 '產銷履歷與有機蔬果行情' 的 Metadata 成功。
2026-01-15 00:07:50,034 - SUCCESS - 已成功批量插入 '產銷履歷與有機蔬果行情' 的總計 2301 條記錄到表格 '1040003' 。
2026-01-15 00:07:50,034 - SUCCESS - 已成功批量插入 '產銷履歷與有機蔬果行情' 的總計 2301 條記錄到表格 '1040003' 。
2026-01-15 00:07:50,133 - SUCCESS - '產銷履歷與有機蔬果行情' 的自動更新完成。
2026-01-15 00:07:50,133 - SUCCESS - '產銷履歷與有機蔬果行情' 的自動更新完成。
2026-01-15 00:07:55,224 - SUCCESS - 成功提取 '糧價查詢' 的網頁 Metadata。
2026-01-15 00:07:55,224 - SUCCESS - 成功提取 '糧價查詢' 的網頁 Metadata。
2026-01-15 00:07:55,258 - SUCCESS - '糧價查詢' 的 Metadata 已更新到 metadata.json。
2026-01-15 00:07:55,258 - SUCCESS - '糧價查詢' 的 Metadata 已更新到 metadata.json。
2026-01-15 00:07:56,992 - SUCCESS - <糧價查詢>的資料已下載完成，共 9999 筆資料。
2026-01-15 00:07:56,992 - SUCCESS - <糧價查詢>的資料已下載完成，共 9999 筆資料。
2026-01-15 00:07:57,828 - SUCCESS - 已下載、去重並合併資料完成現有資料 11035 條，新資料 20 條。
2026-01-15 00:07:57,828 - SUCCESS - 已下載、去重並合併資料完成現有資料 11035 條，新資料 20 條。
2026-01-15 00:07:58,648 - SUCCESS - 已下載 '糧價查詢' 的原始 JSON 資料路徑: 'C:\Python\data_moa_gov_tw\raw_data\糧價查詢\糧價查詢.json'
2026-01-15 00:07:58,648 - SUCCESS - 已下載 '糧價查詢' 的原始 JSON 資料路徑: 'C:\Python\data_moa_gov_tw\raw_data\糧價查詢\糧價查詢.json'
2026-01-15 00:07:58,654 - SUCCESS - 插入或更新 '糧價查詢' 的 Metadata 成功。
2026-01-15 00:07:58,654 - SUCCESS - 插入或更新 '糧價查詢' 的 Metadata 成功。
2026-01-15 00:07:58,677 - SUCCESS - 已成功批量插入 '糧價查詢' 的總計 20 條記錄到表格 '1040004' 。
2026-01-15 00:07:58,677 - SUCCESS - 已成功批量插入 '糧價查詢' 的總計 20 條記錄到表格 '1040004' 。
2026-01-15 00:07:58,683 - SUCCESS - '糧價查詢' 的自動更新完成。
2026-01-15 00:07:58,683 - SUCCESS - '糧價查詢' 的自動更新完成。
2026-01-15 00:08:02,240 - SUCCESS - 成功提取 '臺灣地區果品生產概況' 的網頁 Metadata。
2026-01-15 00:08:02,240 - SUCCESS - 成功提取 '臺灣地區果品生產概況' 的網頁 Metadata。
2026-01-15 00:08:05,909 - SUCCESS - 成功提取 '臺灣地區特用作物生產概況' 的網頁 Metadata。
2026-01-15 00:08:05,909 - SUCCESS - 成功提取 '臺灣地區特用作物生產概況' 的網頁 Metadata。
2026-01-15 00:08:07,669 - SUCCESS - 成功提取 '臺灣地區稻作種植、收穫面積及產量' 的網頁 Metadata。
2026-01-15 00:08:07,669 - SUCCESS - 成功提取 '臺灣地區稻作種植、收穫面積及產量' 的網頁 Metadata。
2026-01-15 00:08:09,457 - SUCCESS - 成功提取 '臺灣地區稻米生產價值' 的網頁 Metadata。
2026-01-15 00:08:09,457 - SUCCESS - 成功提取 '臺灣地區稻米生產價值' 的網頁 Metadata。
2026-01-15 00:08:13,177 - SUCCESS - 成功提取 '臺灣地區蔬菜生產概況' 的網頁 Metadata。
2026-01-15 00:08:13,177 - SUCCESS - 成功提取 '臺灣地區蔬菜生產概況' 的網頁 Metadata。
2026-01-15 00:08:14,976 - SUCCESS - 成功提取 '臺灣地區農產品生產量值' 的網頁 Metadata。
2026-01-15 00:08:14,976 - SUCCESS - 成功提取 '臺灣地區農產品生產量值' 的網頁 Metadata。
2026-01-15 00:08:16,855 - SUCCESS - 成功提取 '農情調查' 的網頁 Metadata。
2026-01-15 00:08:16,855 - SUCCESS - 成功提取 '農情調查' 的網頁 Metadata。
2026-01-15 00:08:16,900 - SUCCESS - '農情調查' 的 Metadata 已更新到 metadata.json。
2026-01-15 00:08:16,900 - SUCCESS - '農情調查' 的 Metadata 已更新到 metadata.json。
2026-01-15 00:08:20,933 - SUCCESS - <農情調查>的資料已下載完成，共 9999 筆資料。
2026-01-15 00:08:20,933 - SUCCESS - <農情調查>的資料已下載完成，共 9999 筆資料。
2026-01-15 00:08:21,968 - SUCCESS - 已下載、去重並合併資料完成現有資料 45259 條，新資料 0 條。
2026-01-15 00:08:21,968 - SUCCESS - 已下載、去重並合併資料完成現有資料 45259 條，新資料 0 條。
2026-01-15 00:08:22,268 - SUCCESS - 插入或更新 '農情調查' 的 Metadata 成功。
2026-01-15 00:08:22,268 - SUCCESS - 插入或更新 '農情調查' 的 Metadata 成功。
2026-01-15 00:08:22,283 - SUCCESS - '農情調查' 的自動更新完成。
2026-01-15 00:08:22,283 - SUCCESS - '農情調查' 的自動更新完成。
2026-01-15 00:08:24,297 - SUCCESS - 成功提取 '農產品交易行情' 的網頁 Metadata。
2026-01-15 00:08:24,297 - SUCCESS - 成功提取 '農產品交易行情' 的網頁 Metadata。
2026-01-15 00:08:24,344 - SUCCESS - '農產品交易行情' 的 Metadata 已更新到 metadata.json。
2026-01-15 00:08:24,344 - SUCCESS - '農產品交易行情' 的 Metadata 已更新到 metadata.json。
2026-01-15 00:08:33,778 - SUCCESS - <農產品交易行情>的資料已下載完成，共 8718 筆資料。
2026-01-15 00:08:33,778 - SUCCESS - <農產品交易行情>的資料已下載完成，共 8718 筆資料。
2026-01-15 00:09:03,922 - SUCCESS - 已下載、去重並合併資料完成現有資料 611371 條，新資料 3747 條。
2026-01-15 00:09:03,922 - SUCCESS - 已下載、去重並合併資料完成現有資料 611371 條，新資料 3747 條。
2026-01-15 00:09:07,090 - SUCCESS - 已下載 '農產品交易行情' 的原始 JSON 資料路徑: 'C:\Python\data_moa_gov_tw\raw_data\農產品交易行情\農產品交易行情.json'
2026-01-15 00:09:07,090 - SUCCESS - 已下載 '農產品交易行情' 的原始 JSON 資料路徑: 'C:\Python\data_moa_gov_tw\raw_data\農產品交易行情\農產品交易行情.json'
2026-01-15 00:09:07,096 - SUCCESS - 插入或更新 '農產品交易行情' 的 Metadata 成功。
2026-01-15 00:09:07,096 - SUCCESS - 插入或更新 '農產品交易行情' 的 Metadata 成功。
2026-01-15 00:09:08,984 - SUCCESS - 已成功批量插入 '農產品交易行情' 的總計 3745 條記錄到表格 '1040012' 。
2026-01-15 00:09:08,984 - SUCCESS - 已成功批量插入 '農產品交易行情' 的總計 3745 條記錄到表格 '1040012' 。
2026-01-15 00:09:09,244 - SUCCESS - '農產品交易行情' 的自動更新完成。
2026-01-15 00:09:09,244 - SUCCESS - '農產品交易行情' 的自動更新完成。
2026-01-15 00:09:12,149 - SUCCESS - 成功提取 '農產品產地價格(月平均價格)' 的網頁 Metadata。
2026-01-15 00:09:12,149 - SUCCESS - 成功提取 '農產品產地價格(月平均價格)' 的網頁 Metadata。
2026-01-15 00:09:13,784 - SUCCESS - 成功提取 '農產品產地價格資料' 的網頁 Metadata。
2026-01-15 00:09:13,784 - SUCCESS - 成功提取 '農產品產地價格資料' 的網頁 Metadata。
2026-01-15 00:09:15,495 - SUCCESS - 成功提取 '雜糧生產概況' 的網頁 Metadata。
2026-01-15 00:09:15,495 - SUCCESS - 成功提取 '雜糧生產概況' 的網頁 Metadata。
2026-01-15 00:09:16,510 - SUCCESS - 已成功儲存次要資訊。
2026-01-15 00:09:16,510 - SUCCESS - 已成功儲存次要資訊。
2026-01-15 00:09:16,510 - SUCCESS - 更新結果儲存成功:{'全國單日平均糧價': '已更新', '各觀測站近兩年降雨量': '未更新', '產銷履歷與有機蔬果行情': '已更新', '糧價查詢': '已更新', '臺灣地區果品生產概況': '未更新', '臺灣地區特用作物生產概況': '未更新', '臺灣地區稻作種植、收穫面積及產量': '未更新', '臺灣地區稻米生產價值': '未更新', '臺灣地區蔬菜生產概況': '未更新', '臺灣地區農產品生產量值': '未更新', '農情調查': '已更新', '農產品交易行情': '已更新', '農產品產地價格(月平均價格)': '未更新', '農產品產地價格資料': '未更新', '雜糧生產概況': '未更新'}
2026-01-15 00:09:16,510 - SUCCESS - 更新結果儲存成功:{'全國單日平均糧價': '已更新', '各觀測站近兩年降雨量': '未更新', '產銷履歷與有機蔬果行情': '已更新', '糧價查詢': '已更新', '臺灣地區果品生產概況': '未更新', '臺灣地區特用作物生產概況': '未更新', '臺灣地區稻作種植、收穫面積及產量': '未更新', '臺灣地區稻米生產價值': '未更新', '臺灣地區蔬菜生產概況': '未更新', '臺灣地區農產品生產量值': '未更新', '農情調查': '已更新', '農產品交易行情': '已更新', '農產品產地價格(月平均價格)': '未更新', '農產品產地價格資料': '未更新', '雜糧生產概況': '未更新'}
2026-01-15 23:13:35,519 - SUCCESS - 成功提取 '全國單日平均糧價' 的網頁 Metadata。
2026-01-15 23:13:35,519 - SUCCESS - 成功提取 '全國單日平均糧價' 的網頁 Metadata。
2026-01-15 23:13:35,642 - SUCCESS - '全國單日平均糧價' 的 Metadata 已更新到 metadata.json。
2026-01-15 23:13:35,642 - SUCCESS - '全國單日平均糧價' 的 Metadata 已更新到 metadata.json。
2026-01-15 23:13:50,479 - SUCCESS - <全國單日平均糧價>的資料已下載完成，共 9166 筆資料。
2026-01-15 23:13:50,479 - SUCCESS - <全國單日平均糧價>的資料已下載完成，共 9166 筆資料。
2026-01-15 23:13:51,344 - SUCCESS - 已下載、去重並合併資料完成現有資料 9166 條，新資料 1 條。
2026-01-15 23:13:51,344 - SUCCESS - 已下載、去重並合併資料完成現有資料 9166 條，新資料 1 條。
2026-01-15 23:13:51,395 - SUCCESS - 已下載 '全國單日平均糧價' 的原始 JSON 資料路徑: 'C:\Python\data_moa_gov_tw\raw_data\全國單日平均糧價\全國單日平均糧價.json'
2026-01-15 23:13:51,395 - SUCCESS - 已下載 '全國單日平均糧價' 的原始 JSON 資料路徑: 'C:\Python\data_moa_gov_tw\raw_data\全國單日平均糧價\全國單日平均糧價.json'
2026-01-15 23:13:51,425 - SUCCESS - 插入或更新 '全國單日平均糧價' 的 Metadata 成功。
2026-01-15 23:13:51,425 - SUCCESS - 插入或更新 '全國單日平均糧價' 的 Metadata 成功。
2026-01-15 23:13:51,438 - SUCCESS - 已成功批量插入 '全國單日平均糧價' 的總計 1 條記錄到表格 '1040001' 。
2026-01-15 23:13:51,438 - SUCCESS - 已成功批量插入 '全國單日平均糧價' 的總計 1 條記錄到表格 '1040001' 。
2026-01-15 23:13:51,443 - SUCCESS - '全國單日平均糧價' 的自動更新完成。
2026-01-15 23:13:51,443 - SUCCESS - '全國單日平均糧價' 的自動更新完成。
2026-01-15 23:13:53,020 - SUCCESS - 成功提取 '各觀測站近兩年降雨量' 的網頁 Metadata。
2026-01-15 23:13:53,020 - SUCCESS - 成功提取 '各觀測站近兩年降雨量' 的網頁 Metadata。
2026-01-15 23:13:54,947 - SUCCESS - 成功提取 '產銷履歷與有機蔬果行情' 的網頁 Metadata。
2026-01-15 23:13:54,947 - SUCCESS - 成功提取 '產銷履歷與有機蔬果行情' 的網頁 Metadata。
2026-01-15 23:13:55,001 - SUCCESS - '產銷履歷與有機蔬果行情' 的 Metadata 已更新到 metadata.json。
2026-01-15 23:13:55,001 - SUCCESS - '產銷履歷與有機蔬果行情' 的 Metadata 已更新到 metadata.json。
2026-01-15 23:14:01,488 - SUCCESS - <產銷履歷與有機蔬果行情>的資料已下載完成，共 4554 筆資料。
2026-01-15 23:14:01,488 - SUCCESS - <產銷履歷與有機蔬果行情>的資料已下載完成，共 4554 筆資料。
2026-01-15 23:14:28,364 - SUCCESS - 已下載、去重並合併資料完成現有資料 336647 條，新資料 2253 條。
2026-01-15 23:14:28,364 - SUCCESS - 已下載、去重並合併資料完成現有資料 336647 條，新資料 2253 條。
2026-01-15 23:14:30,296 - SUCCESS - 已下載 '產銷履歷與有機蔬果行情' 的原始 JSON 資料路徑: 'C:\Python\data_moa_gov_tw\raw_data\產銷履歷與有機蔬果行情\產銷履歷與有機蔬果行情.json'
2026-01-15 23:14:30,296 - SUCCESS - 已下載 '產銷履歷與有機蔬果行情' 的原始 JSON 資料路徑: 'C:\Python\data_moa_gov_tw\raw_data\產銷履歷與有機蔬果行情\產銷履歷與有機蔬果行情.json'
2026-01-15 23:14:30,300 - SUCCESS - 插入或更新 '產銷履歷與有機蔬果行情' 的 Metadata 成功。
2026-01-15 23:14:30,300 - SUCCESS - 插入或更新 '產銷履歷與有機蔬果行情' 的 Metadata 成功。
2026-01-15 23:14:31,314 - SUCCESS - 已成功批量插入 '產銷履歷與有機蔬果行情' 的總計 2253 條記錄到表格 '1040003' 。
2026-01-15 23:14:31,314 - SUCCESS - 已成功批量插入 '產銷履歷與有機蔬果行情' 的總計 2253 條記錄到表格 '1040003' 。
2026-01-15 23:14:31,413 - SUCCESS - '產銷履歷與有機蔬果行情' 的自動更新完成。
2026-01-15 23:14:31,413 - SUCCESS - '產銷履歷與有機蔬果行情' 的自動更新完成。
2026-01-15 23:14:33,439 - SUCCESS - 成功提取 '糧價查詢' 的網頁 Metadata。
2026-01-15 23:14:33,439 - SUCCESS - 成功提取 '糧價查詢' 的網頁 Metadata。
2026-01-15 23:14:33,477 - SUCCESS - '糧價查詢' 的 Metadata 已更新到 metadata.json。
2026-01-15 23:14:33,477 - SUCCESS - '糧價查詢' 的 Metadata 已更新到 metadata.json。
2026-01-15 23:14:35,451 - SUCCESS - <糧價查詢>的資料已下載完成，共 9999 筆資料。
2026-01-15 23:14:35,451 - SUCCESS - <糧價查詢>的資料已下載完成，共 9999 筆資料。
2026-01-15 23:14:36,313 - SUCCESS - 已下載、去重並合併資料完成現有資料 11055 條，新資料 20 條。
2026-01-15 23:14:36,313 - SUCCESS - 已下載、去重並合併資料完成現有資料 11055 條，新資料 20 條。
2026-01-15 23:14:37,233 - SUCCESS - 已下載 '糧價查詢' 的原始 JSON 資料路徑: 'C:\Python\data_moa_gov_tw\raw_data\糧價查詢\糧價查詢.json'
2026-01-15 23:14:37,233 - SUCCESS - 已下載 '糧價查詢' 的原始 JSON 資料路徑: 'C:\Python\data_moa_gov_tw\raw_data\糧價查詢\糧價查詢.json'
2026-01-15 23:14:37,240 - SUCCESS - 插入或更新 '糧價查詢' 的 Metadata 成功。
2026-01-15 23:14:37,240 - SUCCESS - 插入或更新 '糧價查詢' 的 Metadata 成功。
2026-01-15 23:14:37,267 - SUCCESS - 已成功批量插入 '糧價查詢' 的總計 20 條記錄到表格 '1040004' 。
2026-01-15 23:14:37,267 - SUCCESS - 已成功批量插入 '糧價查詢' 的總計 20 條記錄到表格 '1040004' 。
2026-01-15 23:14:37,274 - SUCCESS - '糧價查詢' 的自動更新完成。
2026-01-15 23:14:37,274 - SUCCESS - '糧價查詢' 的自動更新完成。
2026-01-15 23:14:40,012 - SUCCESS - 成功提取 '臺灣地區果品生產概況' 的網頁 Metadata。
2026-01-15 23:14:40,012 - SUCCESS - 成功提取 '臺灣地區果品生產概況' 的網頁 Metadata。
2026-01-15 23:14:42,950 - SUCCESS - 成功提取 '臺灣地區特用作物生產概況' 的網頁 Metadata。
2026-01-15 23:14:42,950 - SUCCESS - 成功提取 '臺灣地區特用作物生產概況' 的網頁 Metadata。
2026-01-15 23:14:45,032 - SUCCESS - 成功提取 '臺灣地區稻作種植、收穫面積及產量' 的網頁 Metadata。
2026-01-15 23:14:45,032 - SUCCESS - 成功提取 '臺灣地區稻作種植、收穫面積及產量' 的網頁 Metadata。
2026-01-15 23:14:46,930 - SUCCESS - 成功提取 '臺灣地區稻米生產價值' 的網頁 Metadata。
2026-01-15 23:14:46,930 - SUCCESS - 成功提取 '臺灣地區稻米生產價值' 的網頁 Metadata。
2026-01-15 23:14:51,153 - SUCCESS - 成功提取 '臺灣地區蔬菜生產概況' 的網頁 Metadata。
2026-01-15 23:14:51,153 - SUCCESS - 成功提取 '臺灣地區蔬菜生產概況' 的網頁 Metadata。
2026-01-15 23:14:52,940 - SUCCESS - 成功提取 '臺灣地區農產品生產量值' 的網頁 Metadata。
2026-01-15 23:14:52,940 - SUCCESS - 成功提取 '臺灣地區農產品生產量值' 的網頁 Metadata。
2026-01-15 23:14:54,767 - SUCCESS - 成功提取 '農情調查' 的網頁 Metadata。
2026-01-15 23:14:54,767 - SUCCESS - 成功提取 '農情調查' 的網頁 Metadata。
2026-01-15 23:14:54,820 - SUCCESS - '農情調查' 的 Metadata 已更新到 metadata.json。
2026-01-15 23:14:54,820 - SUCCESS - '農情調查' 的 Metadata 已更新到 metadata.json。
2026-01-15 23:14:59,353 - SUCCESS - <農情調查>的資料已下載完成，共 9999 筆資料。
2026-01-15 23:14:59,353 - SUCCESS - <農情調查>的資料已下載完成，共 9999 筆資料。
2026-01-15 23:15:00,596 - SUCCESS - 已下載、去重並合併資料完成現有資料 45259 條，新資料 0 條。
2026-01-15 23:15:00,596 - SUCCESS - 已下載、去重並合併資料完成現有資料 45259 條，新資料 0 條。
2026-01-15 23:15:00,934 - SUCCESS - 插入或更新 '農情調查' 的 Metadata 成功。
2026-01-15 23:15:00,934 - SUCCESS - 插入或更新 '農情調查' 的 Metadata 成功。
2026-01-15 23:15:00,951 - SUCCESS - '農情調查' 的自動更新完成。
2026-01-15 23:15:00,951 - SUCCESS - '農情調查' 的自動更新完成。
2026-01-15 23:15:03,182 - SUCCESS - 成功提取 '農產品交易行情' 的網頁 Metadata。
2026-01-15 23:15:03,182 - SUCCESS - 成功提取 '農產品交易行情' 的網頁 Metadata。
2026-01-15 23:15:03,233 - SUCCESS - '農產品交易行情' 的 Metadata 已更新到 metadata.json。
2026-01-15 23:15:03,233 - SUCCESS - '農產品交易行情' 的 Metadata 已更新到 metadata.json。
2026-01-15 23:15:15,061 - SUCCESS - <農產品交易行情>的資料已下載完成，共 12271 筆資料。
2026-01-15 23:15:15,061 - SUCCESS - <農產品交易行情>的資料已下載完成，共 12271 筆資料。
2026-01-15 23:15:47,574 - SUCCESS - 已下載、去重並合併資料完成現有資料 614924 條，新資料 3553 條。
2026-01-15 23:15:47,574 - SUCCESS - 已下載、去重並合併資料完成現有資料 614924 條，新資料 3553 條。
2026-01-15 23:15:51,154 - SUCCESS - 已下載 '農產品交易行情' 的原始 JSON 資料路徑: 'C:\Python\data_moa_gov_tw\raw_data\農產品交易行情\農產品交易行情.json'
2026-01-15 23:15:51,154 - SUCCESS - 已下載 '農產品交易行情' 的原始 JSON 資料路徑: 'C:\Python\data_moa_gov_tw\raw_data\農產品交易行情\農產品交易行情.json'
2026-01-15 23:15:51,159 - SUCCESS - 插入或更新 '農產品交易行情' 的 Metadata 成功。
2026-01-15 23:15:51,159 - SUCCESS - 插入或更新 '農產品交易行情' 的 Metadata 成功。
2026-01-15 23:15:53,275 - SUCCESS - 已成功批量插入 '農產品交易行情' 的總計 3553 條記錄到表格 '1040012' 。
2026-01-15 23:15:53,275 - SUCCESS - 已成功批量插入 '農產品交易行情' 的總計 3553 條記錄到表格 '1040012' 。
2026-01-15 23:15:53,617 - SUCCESS - '農產品交易行情' 的自動更新完成。
2026-01-15 23:15:53,617 - SUCCESS - '農產品交易行情' 的自動更新完成。
2026-01-15 23:15:56,517 - SUCCESS - 成功提取 '農產品產地價格(月平均價格)' 的網頁 Metadata。
2026-01-15 23:15:56,517 - SUCCESS - 成功提取 '農產品產地價格(月平均價格)' 的網頁 Metadata。
2026-01-15 23:15:58,280 - SUCCESS - 成功提取 '農產品產地價格資料' 的網頁 Metadata。
2026-01-15 23:15:58,280 - SUCCESS - 成功提取 '農產品產地價格資料' 的網頁 Metadata。
2026-01-15 23:15:58,323 - SUCCESS - '農產品產地價格資料' 的 Metadata 已更新到 metadata.json。
2026-01-15 23:15:58,323 - SUCCESS - '農產品產地價格資料' 的 Metadata 已更新到 metadata.json。
2026-01-15 23:15:59,352 - SUCCESS - <農產品產地價格資料>的資料已下載完成，共 9999 筆資料。
2026-01-15 23:15:59,352 - SUCCESS - <農產品產地價格資料>的資料已下載完成，共 9999 筆資料。
2026-01-15 23:16:50,150 - SUCCESS - 已下載、去重並合併資料完成現有資料 350310 條，新資料 11 條。
2026-01-15 23:16:50,150 - SUCCESS - 已下載、去重並合併資料完成現有資料 350310 條，新資料 11 條。
2026-01-15 23:16:52,303 - SUCCESS - 已下載 '農產品產地價格資料' 的原始 JSON 資料路徑: 'C:\Python\data_moa_gov_tw\raw_data\農產品產地價格資料\農產品產地價格資料.json'
2026-01-15 23:16:52,303 - SUCCESS - 已下載 '農產品產地價格資料' 的原始 JSON 資料路徑: 'C:\Python\data_moa_gov_tw\raw_data\農產品產地價格資料\農產品產地價格資料.json'
2026-01-15 23:16:52,318 - SUCCESS - 插入或更新 '農產品產地價格資料' 的 Metadata 成功。
2026-01-15 23:16:52,318 - SUCCESS - 插入或更新 '農產品產地價格資料' 的 Metadata 成功。
2026-01-15 23:16:52,335 - SUCCESS - 已成功批量插入 '農產品產地價格資料' 的總計 11 條記錄到表格 '1040014' 。
2026-01-15 23:16:52,335 - SUCCESS - 已成功批量插入 '農產品產地價格資料' 的總計 11 條記錄到表格 '1040014' 。
2026-01-15 23:16:52,439 - SUCCESS - '農產品產地價格資料' 的自動更新完成。
2026-01-15 23:16:52,439 - SUCCESS - '農產品產地價格資料' 的自動更新完成。
2026-01-15 23:16:53,979 - SUCCESS - 成功提取 '雜糧生產概況' 的網頁 Metadata。
2026-01-15 23:16:53,979 - SUCCESS - 成功提取 '雜糧生產概況' 的網頁 Metadata。
2026-01-15 23:16:54,994 - SUCCESS - 已成功儲存次要資訊。
2026-01-15 23:16:54,994 - SUCCESS - 已成功儲存次要資訊。
2026-01-15 23:16:54,994 - SUCCESS - 更新結果儲存成功:{'全國單日平均糧價': '已更新', '各觀測站近兩年降雨量': '未更新', '產銷履歷與有機蔬果行情': '已更新', '糧價查詢': '已更新', '臺灣地區果品生產概況': '未更新', '臺灣地區特用作物生產概況': '未更新', '臺灣地區稻作種植、收穫面積及產量': '未更新', '臺灣地區稻米生產價值': '未更新', '臺灣地區蔬菜生產概況': '未更新', '臺灣地區農產品生產量值': '未更新', '農情調查': '已更新', '農產品交易行情': '已更新', '農產品產地價格(月平均價格)': '未更新', '農產品產地價格資料': '已更新', '雜糧生產概況': '未更新'}
2026-01-15 23:16:54,994 - SUCCESS - 更新結果儲存成功:{'全國單日平均糧價': '已更新', '各觀測站近兩年降雨量': '未更新', '產銷履歷與有機蔬果行情': '已更新', '糧價查詢': '已更新', '臺灣地區果品生產概況': '未更新', '臺灣地區特用作物生產概況': '未更新', '臺灣地區稻作種植、收穫面積及產量': '未更新', '臺灣地區稻米生產價值': '未更新', '臺灣地區蔬菜生產概況': '未更新', '臺灣地區農產品生產量值': '未更新', '農情調查': '已更新', '農產品交易行情': '已更新', '農產品產地價格(月平均價格)': '未更新', '農產品產地價格資料': '已更新', '雜糧生產概況': '未更新'}
