2026-02-06 23:30:52,805 - SUCCESS - 成功提取 '全國單日平均糧價' 的網頁 Metadata。
2026-02-06 23:30:52,805 - SUCCESS - 成功提取 '全國單日平均糧價' 的網頁 Metadata。
2026-02-06 23:30:52,857 - SUCCESS - '全國單日平均糧價' 的 Metadata 已更新到 metadata.json。
2026-02-06 23:30:52,857 - SUCCESS - '全國單日平均糧價' 的 Metadata 已更新到 metadata.json。
2026-02-06 23:30:54,073 - SUCCESS - <全國單日平均糧價>的資料已下載完成，共 9188 筆資料。
2026-02-06 23:30:54,073 - SUCCESS - <全國單日平均糧價>的資料已下載完成，共 9188 筆資料。
2026-02-06 23:30:54,284 - SUCCESS - 已下載、去重並合併資料完成現有資料 68 條，新資料 1 條。
2026-02-06 23:30:54,284 - SUCCESS - 已下載、去重並合併資料完成現有資料 68 條，新資料 1 條。
2026-02-06 23:30:54,438 - SUCCESS - 已下載 '全國單日平均糧價' 的原始 JSON 資料路徑: 'C:\Python\data_moa_gov_tw\raw_data\全國單日平均糧價\全國單日平均糧價.json'
2026-02-06 23:30:54,438 - SUCCESS - 已下載 '全國單日平均糧價' 的原始 JSON 資料路徑: 'C:\Python\data_moa_gov_tw\raw_data\全國單日平均糧價\全國單日平均糧價.json'
2026-02-06 23:30:54,458 - SUCCESS - 插入或更新 '全國單日平均糧價' 的 Metadata 成功。
2026-02-06 23:30:54,458 - SUCCESS - 插入或更新 '全國單日平均糧價' 的 Metadata 成功。
2026-02-06 23:30:54,478 - SUCCESS - 已成功批量插入 '全國單日平均糧價' 的總計 1 條記錄到表格 '1040001' 。
2026-02-06 23:30:54,478 - SUCCESS - 已成功批量插入 '全國單日平均糧價' 的總計 1 條記錄到表格 '1040001' 。
2026-02-06 23:30:54,478 - SUCCESS - '全國單日平均糧價' 的自動更新完成。
2026-02-06 23:30:54,478 - SUCCESS - '全國單日平均糧價' 的自動更新完成。
2026-02-06 23:30:56,567 - SUCCESS - 成功提取 '各觀測站近兩年降雨量' 的網頁 Metadata。
2026-02-06 23:30:56,567 - SUCCESS - 成功提取 '各觀測站近兩年降雨量' 的網頁 Metadata。
2026-02-06 23:30:58,431 - SUCCESS - 成功提取 '產銷履歷與有機蔬果行情' 的網頁 Metadata。
2026-02-06 23:30:58,431 - SUCCESS - 成功提取 '產銷履歷與有機蔬果行情' 的網頁 Metadata。
2026-02-06 23:30:58,474 - SUCCESS - '產銷履歷與有機蔬果行情' 的 Metadata 已更新到 metadata.json。
2026-02-06 23:30:58,474 - SUCCESS - '產銷履歷與有機蔬果行情' 的 Metadata 已更新到 metadata.json。
2026-02-06 23:31:49,532 - SUCCESS - <產銷履歷與有機蔬果行情>的資料已下載完成，共 4618 筆資料。
2026-02-06 23:31:49,532 - SUCCESS - <產銷履歷與有機蔬果行情>的資料已下載完成，共 4618 筆資料。
2026-02-06 23:31:59,826 - SUCCESS - 已下載、去重並合併資料完成現有資料 129467 條，新資料 2348 條。
2026-02-06 23:31:59,826 - SUCCESS - 已下載、去重並合併資料完成現有資料 129467 條，新資料 2348 條。
2026-02-06 23:32:02,851 - SUCCESS - 已下載 '產銷履歷與有機蔬果行情' 的原始 JSON 資料路徑: 'C:\Python\data_moa_gov_tw\raw_data\產銷履歷與有機蔬果行情\產銷履歷與有機蔬果行情.json'
2026-02-06 23:32:02,851 - SUCCESS - 已下載 '產銷履歷與有機蔬果行情' 的原始 JSON 資料路徑: 'C:\Python\data_moa_gov_tw\raw_data\產銷履歷與有機蔬果行情\產銷履歷與有機蔬果行情.json'
2026-02-06 23:32:02,859 - SUCCESS - 插入或更新 '產銷履歷與有機蔬果行情' 的 Metadata 成功。
2026-02-06 23:32:02,859 - SUCCESS - 插入或更新 '產銷履歷與有機蔬果行情' 的 Metadata 成功。
2026-02-06 23:32:03,796 - SUCCESS - 已成功批量插入 '產銷履歷與有機蔬果行情' 的總計 2348 條記錄到表格 '1040003' 。
2026-02-06 23:32:03,796 - SUCCESS - 已成功批量插入 '產銷履歷與有機蔬果行情' 的總計 2348 條記錄到表格 '1040003' 。
2026-02-06 23:32:03,836 - SUCCESS - '產銷履歷與有機蔬果行情' 的自動更新完成。
2026-02-06 23:32:03,836 - SUCCESS - '產銷履歷與有機蔬果行情' 的自動更新完成。
2026-02-06 23:32:05,629 - SUCCESS - 成功提取 '糧價查詢' 的網頁 Metadata。
2026-02-06 23:32:05,629 - SUCCESS - 成功提取 '糧價查詢' 的網頁 Metadata。
2026-02-06 23:32:05,666 - SUCCESS - '糧價查詢' 的 Metadata 已更新到 metadata.json。
2026-02-06 23:32:05,666 - SUCCESS - '糧價查詢' 的 Metadata 已更新到 metadata.json。
2026-02-06 23:32:10,754 - SUCCESS - <糧價查詢>的資料已下載完成，共 9999 筆資料。
2026-02-06 23:32:10,754 - SUCCESS - <糧價查詢>的資料已下載完成，共 9999 筆資料。
2026-02-06 23:32:10,946 - SUCCESS - 已下載、去重並合併資料完成現有資料 1760 條，新資料 20 條。
2026-02-06 23:32:10,946 - SUCCESS - 已下載、去重並合併資料完成現有資料 1760 條，新資料 20 條。
2026-02-06 23:32:11,796 - SUCCESS - 已下載 '糧價查詢' 的原始 JSON 資料路徑: 'C:\Python\data_moa_gov_tw\raw_data\糧價查詢\糧價查詢.json'
2026-02-06 23:32:11,796 - SUCCESS - 已下載 '糧價查詢' 的原始 JSON 資料路徑: 'C:\Python\data_moa_gov_tw\raw_data\糧價查詢\糧價查詢.json'
2026-02-06 23:32:11,803 - SUCCESS - 插入或更新 '糧價查詢' 的 Metadata 成功。
2026-02-06 23:32:11,803 - SUCCESS - 插入或更新 '糧價查詢' 的 Metadata 成功。
2026-02-06 23:32:11,834 - SUCCESS - 已成功批量插入 '糧價查詢' 的總計 20 條記錄到表格 '1040004' 。
2026-02-06 23:32:11,834 - SUCCESS - 已成功批量插入 '糧價查詢' 的總計 20 條記錄到表格 '1040004' 。
2026-02-06 23:32:11,835 - SUCCESS - '糧價查詢' 的自動更新完成。
2026-02-06 23:32:11,835 - SUCCESS - '糧價查詢' 的自動更新完成。
2026-02-06 23:32:13,428 - SUCCESS - 成功提取 '臺灣地區果品生產概況' 的網頁 Metadata。
2026-02-06 23:32:13,428 - SUCCESS - 成功提取 '臺灣地區果品生產概況' 的網頁 Metadata。
2026-02-06 23:33:56,603 - SUCCESS - 成功提取 '雜糧生產概況' 的網頁 Metadata。
2026-02-06 23:33:56,603 - SUCCESS - 成功提取 '雜糧生產概況' 的網頁 Metadata。
2026-02-06 23:33:57,605 - SUCCESS - 已成功儲存次要資訊。
2026-02-06 23:33:57,605 - SUCCESS - 已成功儲存次要資訊。
2026-02-06 23:33:57,605 - SUCCESS - 更新結果儲存成功:{'全國單日平均糧價': '已更新', '各觀測站近兩年降雨量': '未更新', '產銷履歷與有機蔬果行情': '已更新', '糧價查詢': '已更新', '臺灣地區果品生產概況': '未更新', '臺灣地區特用作物生產概況': '未更新', '臺灣地區稻作種植、收穫面積及產量': '未更新', '臺灣地區稻米生產價值': '未更新', '臺灣地區蔬菜生產概況': '未更新', '臺灣地區農產品生產量值': '未更新', '農情調查': '未更新', '農產品交易行情': '未更新', '農產品產地價格(月平均價格)': '未更新', '農產品產地價格資料': '未更新', '雜糧生產概況': '未更新'}
2026-02-06 23:33:57,605 - SUCCESS - 更新結果儲存成功:{'全國單日平均糧價': '已更新', '各觀測站近兩年降雨量': '未更新', '產銷履歷與有機蔬果行情': '已更新', '糧價查詢': '已更新', '臺灣地區果品生產概況': '未更新', '臺灣地區特用作物生產概況': '未更新', '臺灣地區稻作種植、收穫面積及產量': '未更新', '臺灣地區稻米生產價值': '未更新', '臺灣地區蔬菜生產概況': '未更新', '臺灣地區農產品生產量值': '未更新', '農情調查': '未更新', '農產品交易行情': '未更新', '農產品產地價格(月平均價格)': '未更新', '農產品產地價格資料': '未更新', '雜糧生產概況': '未更新'}
2026-02-06 23:35:18,658 - SUCCESS - 成功提取 '全國單日平均糧價' 的網頁 Metadata。
2026-02-06 23:35:18,658 - SUCCESS - 成功提取 '全國單日平均糧價' 的網頁 Metadata。
2026-02-06 23:35:20,125 - SUCCESS - 成功提取 '各觀測站近兩年降雨量' 的網頁 Metadata。
2026-02-06 23:35:20,125 - SUCCESS - 成功提取 '各觀測站近兩年降雨量' 的網頁 Metadata。
2026-02-06 23:35:22,329 - SUCCESS - 成功提取 '產銷履歷與有機蔬果行情' 的網頁 Metadata。
2026-02-06 23:35:22,329 - SUCCESS - 成功提取 '產銷履歷與有機蔬果行情' 的網頁 Metadata。
2026-02-06 23:35:23,740 - SUCCESS - 成功提取 '糧價查詢' 的網頁 Metadata。
2026-02-06 23:35:23,740 - SUCCESS - 成功提取 '糧價查詢' 的網頁 Metadata。
2026-02-06 23:35:25,253 - SUCCESS - 成功提取 '臺灣地區果品生產概況' 的網頁 Metadata。
2026-02-06 23:35:25,253 - SUCCESS - 成功提取 '臺灣地區果品生產概況' 的網頁 Metadata。
2026-02-06 23:35:26,732 - SUCCESS - 成功提取 '臺灣地區特用作物生產概況' 的網頁 Metadata。
2026-02-06 23:35:26,732 - SUCCESS - 成功提取 '臺灣地區特用作物生產概況' 的網頁 Metadata。
2026-02-06 23:35:28,002 - SUCCESS - 成功提取 '臺灣地區稻作種植、收穫面積及產量' 的網頁 Metadata。
2026-02-06 23:35:28,002 - SUCCESS - 成功提取 '臺灣地區稻作種植、收穫面積及產量' 的網頁 Metadata。
2026-02-06 23:35:29,417 - SUCCESS - 成功提取 '臺灣地區稻米生產價值' 的網頁 Metadata。
2026-02-06 23:35:29,417 - SUCCESS - 成功提取 '臺灣地區稻米生產價值' 的網頁 Metadata。
2026-02-06 23:35:31,170 - SUCCESS - 成功提取 '臺灣地區蔬菜生產概況' 的網頁 Metadata。
2026-02-06 23:35:31,170 - SUCCESS - 成功提取 '臺灣地區蔬菜生產概況' 的網頁 Metadata。
2026-02-06 23:35:32,464 - SUCCESS - 成功提取 '臺灣地區農產品生產量值' 的網頁 Metadata。
2026-02-06 23:35:32,464 - SUCCESS - 成功提取 '臺灣地區農產品生產量值' 的網頁 Metadata。
2026-02-06 23:35:34,041 - SUCCESS - 成功提取 '農情調查' 的網頁 Metadata。
2026-02-06 23:35:34,041 - SUCCESS - 成功提取 '農情調查' 的網頁 Metadata。
2026-02-06 23:35:34,089 - SUCCESS - '農情調查' 的 Metadata 已更新到 metadata.json。
2026-02-06 23:35:34,089 - SUCCESS - '農情調查' 的 Metadata 已更新到 metadata.json。
2026-02-06 23:35:38,127 - SUCCESS - <農情調查>的資料已下載完成，共 9999 筆資料。
2026-02-06 23:35:38,127 - SUCCESS - <農情調查>的資料已下載完成，共 9999 筆資料。
2026-02-06 23:35:38,147 - SUCCESS - 已下載、去重並合併資料完成現有資料 0 條，新資料 0 條。
2026-02-06 23:35:38,147 - SUCCESS - 已下載、去重並合併資料完成現有資料 0 條，新資料 0 條。
2026-02-06 23:35:39,566 - SUCCESS - 成功提取 '農產品交易行情' 的網頁 Metadata。
2026-02-06 23:35:39,566 - SUCCESS - 成功提取 '農產品交易行情' 的網頁 Metadata。
2026-02-06 23:35:39,609 - SUCCESS - '農產品交易行情' 的 Metadata 已更新到 metadata.json。
2026-02-06 23:35:39,609 - SUCCESS - '農產品交易行情' 的 Metadata 已更新到 metadata.json。
2026-02-06 23:37:05,353 - SUCCESS - <農產品交易行情>的資料已下載完成，共 14541 筆資料。
2026-02-06 23:37:05,353 - SUCCESS - <農產品交易行情>的資料已下載完成，共 14541 筆資料。
2026-02-06 23:37:17,334 - SUCCESS - 已下載、去重並合併資料完成現有資料 202169 條，新資料 3700 條。
2026-02-06 23:37:17,334 - SUCCESS - 已下載、去重並合併資料完成現有資料 202169 條，新資料 3700 條。
2026-02-06 23:37:22,259 - SUCCESS - 已下載 '農產品交易行情' 的原始 JSON 資料路徑: 'C:\Python\data_moa_gov_tw\raw_data\農產品交易行情\農產品交易行情.json'
2026-02-06 23:37:22,259 - SUCCESS - 已下載 '農產品交易行情' 的原始 JSON 資料路徑: 'C:\Python\data_moa_gov_tw\raw_data\農產品交易行情\農產品交易行情.json'
2026-02-06 23:37:22,273 - SUCCESS - 插入或更新 '農產品交易行情' 的 Metadata 成功。
2026-02-06 23:37:22,273 - SUCCESS - 插入或更新 '農產品交易行情' 的 Metadata 成功。
2026-02-06 23:37:23,860 - SUCCESS - 已成功批量插入 '農產品交易行情' 的總計 3697 條記錄到表格 '1040012' 。
2026-02-06 23:37:23,860 - SUCCESS - 已成功批量插入 '農產品交易行情' 的總計 3697 條記錄到表格 '1040012' 。
2026-02-06 23:37:23,944 - SUCCESS - '農產品交易行情' 的自動更新完成。
2026-02-06 23:37:23,944 - SUCCESS - '農產品交易行情' 的自動更新完成。
2026-02-06 23:37:25,390 - SUCCESS - 成功提取 '農產品產地價格(月平均價格)' 的網頁 Metadata。
2026-02-06 23:37:25,390 - SUCCESS - 成功提取 '農產品產地價格(月平均價格)' 的網頁 Metadata。
2026-02-06 23:37:26,937 - SUCCESS - 成功提取 '農產品產地價格資料' 的網頁 Metadata。
2026-02-06 23:37:26,937 - SUCCESS - 成功提取 '農產品產地價格資料' 的網頁 Metadata。
2026-02-06 23:37:26,978 - SUCCESS - '農產品產地價格資料' 的 Metadata 已更新到 metadata.json。
2026-02-06 23:37:26,978 - SUCCESS - '農產品產地價格資料' 的 Metadata 已更新到 metadata.json。
2026-02-06 23:37:27,828 - SUCCESS - <農產品產地價格資料>的資料已下載完成，共 9999 筆資料。
2026-02-06 23:37:27,828 - SUCCESS - <農產品產地價格資料>的資料已下載完成，共 9999 筆資料。
2026-02-06 23:37:27,905 - SUCCESS - 已下載、去重並合併資料完成現有資料 355 條，新資料 11 條。
2026-02-06 23:37:27,905 - SUCCESS - 已下載、去重並合併資料完成現有資料 355 條，新資料 11 條。
2026-02-06 23:37:29,123 - SUCCESS - 已下載 '農產品產地價格資料' 的原始 JSON 資料路徑: 'C:\Python\data_moa_gov_tw\raw_data\農產品產地價格資料\農產品產地價格資料.json'
2026-02-06 23:37:29,123 - SUCCESS - 已下載 '農產品產地價格資料' 的原始 JSON 資料路徑: 'C:\Python\data_moa_gov_tw\raw_data\農產品產地價格資料\農產品產地價格資料.json'
2026-02-06 23:37:29,123 - SUCCESS - 插入或更新 '農產品產地價格資料' 的 Metadata 成功。
2026-02-06 23:37:29,123 - SUCCESS - 插入或更新 '農產品產地價格資料' 的 Metadata 成功。
2026-02-06 23:37:29,145 - SUCCESS - 已成功批量插入 '農產品產地價格資料' 的總計 11 條記錄到表格 '1040014' 。
2026-02-06 23:37:29,145 - SUCCESS - 已成功批量插入 '農產品產地價格資料' 的總計 11 條記錄到表格 '1040014' 。
2026-02-06 23:37:29,145 - SUCCESS - '農產品產地價格資料' 的自動更新完成。
2026-02-06 23:37:29,145 - SUCCESS - '農產品產地價格資料' 的自動更新完成。
2026-02-06 23:37:30,770 - SUCCESS - 成功提取 '雜糧生產概況' 的網頁 Metadata。
2026-02-06 23:37:30,770 - SUCCESS - 成功提取 '雜糧生產概況' 的網頁 Metadata。
2026-02-06 23:37:31,785 - SUCCESS - 已成功儲存次要資訊。
2026-02-06 23:37:31,785 - SUCCESS - 已成功儲存次要資訊。
2026-02-06 23:37:31,785 - SUCCESS - 更新結果儲存成功:{'全國單日平均糧價': '未更新', '各觀測站近兩年降雨量': '未更新', '產銷履歷與有機蔬果行情': '未更新', '糧價查詢': '未更新', '臺灣地區果品生產概況': '未更新', '臺灣地區特用作物生產概況': '未更新', '臺灣地區稻作種植、收穫面積及產量': '未更新', '臺灣地區稻米生產價值': '未更新', '臺灣地區蔬菜生產概況': '未更新', '臺灣地區農產品生產量值': '未更新', '農情調查': '未更新', '農產品交易行情': '已更新', '農產品產地價格(月平均價格)': '未更新', '農產品產地價格資料': '已更新', '雜糧生產概況': '未更新'}
2026-02-06 23:37:31,785 - SUCCESS - 更新結果儲存成功:{'全國單日平均糧價': '未更新', '各觀測站近兩年降雨量': '未更新', '產銷履歷與有機蔬果行情': '未更新', '糧價查詢': '未更新', '臺灣地區果品生產概況': '未更新', '臺灣地區特用作物生產概況': '未更新', '臺灣地區稻作種植、收穫面積及產量': '未更新', '臺灣地區稻米生產價值': '未更新', '臺灣地區蔬菜生產概況': '未更新', '臺灣地區農產品生產量值': '未更新', '農情調查': '未更新', '農產品交易行情': '已更新', '農產品產地價格(月平均價格)': '未更新', '農產品產地價格資料': '已更新', '雜糧生產概況': '未更新'}
