2025-12-28 23:48:57,181 - SUCCESS - 成功提取 '全國單日平均糧價' 的網頁 Metadata。
2025-12-28 23:48:57,181 - SUCCESS - 成功提取 '全國單日平均糧價' 的網頁 Metadata。
2025-12-28 23:48:57,247 - SUCCESS - '全國單日平均糧價' 的 Metadata 已更新到 metadata.json。
2025-12-28 23:48:57,247 - SUCCESS - '全國單日平均糧價' 的 Metadata 已更新到 metadata.json。
2025-12-28 23:49:01,833 - SUCCESS - <全國單日平均糧價>的資料已下載完成，共 9147 筆資料。
2025-12-28 23:49:01,833 - SUCCESS - <全國單日平均糧價>的資料已下載完成，共 9147 筆資料。
2025-12-28 23:49:03,222 - SUCCESS - 已下載、去重並合併資料完成現有資料 9147 條，新資料 1 條。
2025-12-28 23:49:03,222 - SUCCESS - 已下載、去重並合併資料完成現有資料 9147 條，新資料 1 條。
2025-12-28 23:49:03,280 - SUCCESS - 已下載 '全國單日平均糧價' 的原始 JSON 資料路徑: 'C:\Python\data_moa_gov_tw\raw_data\全國單日平均糧價\全國單日平均糧價.json'
2025-12-28 23:49:03,280 - SUCCESS - 已下載 '全國單日平均糧價' 的原始 JSON 資料路徑: 'C:\Python\data_moa_gov_tw\raw_data\全國單日平均糧價\全國單日平均糧價.json'
2025-12-28 23:49:03,312 - SUCCESS - 插入或更新 '全國單日平均糧價' 的 Metadata 成功。
2025-12-28 23:49:03,312 - SUCCESS - 插入或更新 '全國單日平均糧價' 的 Metadata 成功。
2025-12-28 23:49:03,326 - SUCCESS - 已成功批量插入 '全國單日平均糧價' 的總計 1 條記錄到表格 '1040001' 。
2025-12-28 23:49:03,326 - SUCCESS - 已成功批量插入 '全國單日平均糧價' 的總計 1 條記錄到表格 '1040001' 。
2025-12-28 23:49:03,333 - SUCCESS - '全國單日平均糧價' 的自動更新完成。
2025-12-28 23:49:03,333 - SUCCESS - '全國單日平均糧價' 的自動更新完成。
2025-12-28 23:49:04,671 - SUCCESS - 成功提取 '各觀測站近兩年降雨量' 的網頁 Metadata。
2025-12-28 23:49:04,671 - SUCCESS - 成功提取 '各觀測站近兩年降雨量' 的網頁 Metadata。
2025-12-28 23:49:06,379 - SUCCESS - 成功提取 '產銷履歷與有機蔬果行情' 的網頁 Metadata。
2025-12-28 23:49:06,379 - SUCCESS - 成功提取 '產銷履歷與有機蔬果行情' 的網頁 Metadata。
2025-12-28 23:49:06,417 - SUCCESS - '產銷履歷與有機蔬果行情' 的 Metadata 已更新到 metadata.json。
2025-12-28 23:49:06,417 - SUCCESS - '產銷履歷與有機蔬果行情' 的 Metadata 已更新到 metadata.json。
2025-12-28 23:49:21,660 - SUCCESS - <產銷履歷與有機蔬果行情>的資料已下載完成，共 4543 筆資料。
2025-12-28 23:49:21,660 - SUCCESS - <產銷履歷與有機蔬果行情>的資料已下載完成，共 4543 筆資料。
2025-12-28 23:49:41,383 - SUCCESS - 已下載、去重並合併資料完成現有資料 303558 條，新資料 2183 條。
2025-12-28 23:49:41,383 - SUCCESS - 已下載、去重並合併資料完成現有資料 303558 條，新資料 2183 條。
2025-12-28 23:49:42,879 - SUCCESS - 已下載 '產銷履歷與有機蔬果行情' 的原始 JSON 資料路徑: 'C:\Python\data_moa_gov_tw\raw_data\產銷履歷與有機蔬果行情\產銷履歷與有機蔬果行情.json'
2025-12-28 23:49:42,879 - SUCCESS - 已下載 '產銷履歷與有機蔬果行情' 的原始 JSON 資料路徑: 'C:\Python\data_moa_gov_tw\raw_data\產銷履歷與有機蔬果行情\產銷履歷與有機蔬果行情.json'
2025-12-28 23:49:42,885 - SUCCESS - 插入或更新 '產銷履歷與有機蔬果行情' 的 Metadata 成功。
2025-12-28 23:49:42,885 - SUCCESS - 插入或更新 '產銷履歷與有機蔬果行情' 的 Metadata 成功。
2025-12-28 23:49:43,696 - SUCCESS - 已成功批量插入 '產銷履歷與有機蔬果行情' 的總計 2183 條記錄到表格 '1040003' 。
2025-12-28 23:49:43,696 - SUCCESS - 已成功批量插入 '產銷履歷與有機蔬果行情' 的總計 2183 條記錄到表格 '1040003' 。
2025-12-28 23:49:43,773 - SUCCESS - '產銷履歷與有機蔬果行情' 的自動更新完成。
2025-12-28 23:49:43,773 - SUCCESS - '產銷履歷與有機蔬果行情' 的自動更新完成。
2025-12-28 23:49:45,062 - SUCCESS - 成功提取 '糧價查詢' 的網頁 Metadata。
2025-12-28 23:49:45,062 - SUCCESS - 成功提取 '糧價查詢' 的網頁 Metadata。
2025-12-28 23:49:45,088 - SUCCESS - '糧價查詢' 的 Metadata 已更新到 metadata.json。
2025-12-28 23:49:45,088 - SUCCESS - '糧價查詢' 的 Metadata 已更新到 metadata.json。
2025-12-28 23:49:47,324 - SUCCESS - <糧價查詢>的資料已下載完成，共 9999 筆資料。
2025-12-28 23:49:47,324 - SUCCESS - <糧價查詢>的資料已下載完成，共 9999 筆資料。
2025-12-28 23:49:48,096 - SUCCESS - 已下載、去重並合併資料完成現有資料 10575 條，新資料 40 條。
2025-12-28 23:49:48,096 - SUCCESS - 已下載、去重並合併資料完成現有資料 10575 條，新資料 40 條。
2025-12-28 23:49:48,824 - SUCCESS - 已下載 '糧價查詢' 的原始 JSON 資料路徑: 'C:\Python\data_moa_gov_tw\raw_data\糧價查詢\糧價查詢.json'
2025-12-28 23:49:48,824 - SUCCESS - 已下載 '糧價查詢' 的原始 JSON 資料路徑: 'C:\Python\data_moa_gov_tw\raw_data\糧價查詢\糧價查詢.json'
2025-12-28 23:49:48,829 - SUCCESS - 插入或更新 '糧價查詢' 的 Metadata 成功。
2025-12-28 23:49:48,829 - SUCCESS - 插入或更新 '糧價查詢' 的 Metadata 成功。
2025-12-28 23:49:48,859 - SUCCESS - 已成功批量插入 '糧價查詢' 的總計 40 條記錄到表格 '1040004' 。
2025-12-28 23:49:48,859 - SUCCESS - 已成功批量插入 '糧價查詢' 的總計 40 條記錄到表格 '1040004' 。
2025-12-28 23:49:48,864 - SUCCESS - '糧價查詢' 的自動更新完成。
2025-12-28 23:49:48,864 - SUCCESS - '糧價查詢' 的自動更新完成。
2025-12-28 23:49:51,508 - SUCCESS - 成功提取 '臺灣地區果品生產概況' 的網頁 Metadata。
2025-12-28 23:49:51,508 - SUCCESS - 成功提取 '臺灣地區果品生產概況' 的網頁 Metadata。
2025-12-28 23:49:52,936 - SUCCESS - 成功提取 '臺灣地區特用作物生產概況' 的網頁 Metadata。
2025-12-28 23:49:52,936 - SUCCESS - 成功提取 '臺灣地區特用作物生產概況' 的網頁 Metadata。
2025-12-28 23:49:54,329 - SUCCESS - 成功提取 '臺灣地區稻作種植、收穫面積及產量' 的網頁 Metadata。
2025-12-28 23:49:54,329 - SUCCESS - 成功提取 '臺灣地區稻作種植、收穫面積及產量' 的網頁 Metadata。
2025-12-28 23:49:55,610 - SUCCESS - 成功提取 '臺灣地區稻米生產價值' 的網頁 Metadata。
2025-12-28 23:49:55,610 - SUCCESS - 成功提取 '臺灣地區稻米生產價值' 的網頁 Metadata。
2025-12-28 23:49:57,021 - SUCCESS - 成功提取 '臺灣地區蔬菜生產概況' 的網頁 Metadata。
2025-12-28 23:49:57,021 - SUCCESS - 成功提取 '臺灣地區蔬菜生產概況' 的網頁 Metadata。
2025-12-28 23:49:58,849 - SUCCESS - 成功提取 '臺灣地區農產品生產量值' 的網頁 Metadata。
2025-12-28 23:49:58,849 - SUCCESS - 成功提取 '臺灣地區農產品生產量值' 的網頁 Metadata。
2025-12-28 23:50:00,388 - SUCCESS - 成功提取 '農情調查' 的網頁 Metadata。
2025-12-28 23:50:00,388 - SUCCESS - 成功提取 '農情調查' 的網頁 Metadata。
2025-12-28 23:50:00,427 - SUCCESS - '農情調查' 的 Metadata 已更新到 metadata.json。
2025-12-28 23:50:00,427 - SUCCESS - '農情調查' 的 Metadata 已更新到 metadata.json。
2025-12-28 23:50:03,582 - SUCCESS - <農情調查>的資料已下載完成，共 9999 筆資料。
2025-12-28 23:50:03,582 - SUCCESS - <農情調查>的資料已下載完成，共 9999 筆資料。
2025-12-28 23:50:04,610 - SUCCESS - 已下載、去重並合併資料完成現有資料 45259 條，新資料 0 條。
2025-12-28 23:50:04,610 - SUCCESS - 已下載、去重並合併資料完成現有資料 45259 條，新資料 0 條。
2025-12-28 23:50:04,863 - SUCCESS - 插入或更新 '農情調查' 的 Metadata 成功。
2025-12-28 23:50:04,863 - SUCCESS - 插入或更新 '農情調查' 的 Metadata 成功。
2025-12-28 23:50:04,875 - SUCCESS - '農情調查' 的自動更新完成。
2025-12-28 23:50:04,875 - SUCCESS - '農情調查' 的自動更新完成。
2025-12-28 23:50:06,279 - SUCCESS - 成功提取 '農產品交易行情' 的網頁 Metadata。
2025-12-28 23:50:06,279 - SUCCESS - 成功提取 '農產品交易行情' 的網頁 Metadata。
2025-12-28 23:50:06,314 - SUCCESS - '農產品交易行情' 的 Metadata 已更新到 metadata.json。
2025-12-28 23:50:06,314 - SUCCESS - '農產品交易行情' 的 Metadata 已更新到 metadata.json。
2025-12-28 23:50:47,209 - SUCCESS - <農產品交易行情>的資料已下載完成，共 11359 筆資料。
2025-12-28 23:50:47,209 - SUCCESS - <農產品交易行情>的資料已下載完成，共 11359 筆資料。
2025-12-28 23:51:12,717 - SUCCESS - 已下載、去重並合併資料完成現有資料 562498 條，新資料 2253 條。
2025-12-28 23:51:12,717 - SUCCESS - 已下載、去重並合併資料完成現有資料 562498 條，新資料 2253 條。
2025-12-28 23:51:15,364 - SUCCESS - 已下載 '農產品交易行情' 的原始 JSON 資料路徑: 'C:\Python\data_moa_gov_tw\raw_data\農產品交易行情\農產品交易行情.json'
2025-12-28 23:51:15,364 - SUCCESS - 已下載 '農產品交易行情' 的原始 JSON 資料路徑: 'C:\Python\data_moa_gov_tw\raw_data\農產品交易行情\農產品交易行情.json'
2025-12-28 23:51:15,371 - SUCCESS - 插入或更新 '農產品交易行情' 的 Metadata 成功。
2025-12-28 23:51:15,371 - SUCCESS - 插入或更新 '農產品交易行情' 的 Metadata 成功。
2025-12-28 23:51:16,308 - SUCCESS - 已成功批量插入 '農產品交易行情' 的總計 2250 條記錄到表格 '1040012' 。
2025-12-28 23:51:16,308 - SUCCESS - 已成功批量插入 '農產品交易行情' 的總計 2250 條記錄到表格 '1040012' 。
2025-12-28 23:51:16,523 - SUCCESS - '農產品交易行情' 的自動更新完成。
2025-12-28 23:51:16,523 - SUCCESS - '農產品交易行情' 的自動更新完成。
2025-12-28 23:51:17,862 - SUCCESS - 成功提取 '農產品產地價格(月平均價格)' 的網頁 Metadata。
2025-12-28 23:51:17,862 - SUCCESS - 成功提取 '農產品產地價格(月平均價格)' 的網頁 Metadata。
2025-12-28 23:51:19,110 - SUCCESS - 成功提取 '農產品產地價格資料' 的網頁 Metadata。
2025-12-28 23:51:19,110 - SUCCESS - 成功提取 '農產品產地價格資料' 的網頁 Metadata。
2025-12-28 23:51:20,397 - SUCCESS - 成功提取 '雜糧生產概況' 的網頁 Metadata。
2025-12-28 23:51:20,397 - SUCCESS - 成功提取 '雜糧生產概況' 的網頁 Metadata。
2025-12-28 23:51:21,407 - SUCCESS - 已成功儲存次要資訊。
2025-12-28 23:51:21,407 - SUCCESS - 已成功儲存次要資訊。
2025-12-28 23:51:21,408 - SUCCESS - 更新結果儲存成功:{'全國單日平均糧價': '已更新', '各觀測站近兩年降雨量': '未更新', '產銷履歷與有機蔬果行情': '已更新', '糧價查詢': '已更新', '臺灣地區果品生產概況': '未更新', '臺灣地區特用作物生產概況': '未更新', '臺灣地區稻作種植、收穫面積及產量': '未更新', '臺灣地區稻米生產價值': '未更新', '臺灣地區蔬菜生產概況': '未更新', '臺灣地區農產品生產量值': '未更新', '農情調查': '已更新', '農產品交易行情': '已更新', '農產品產地價格(月平均價格)': '未更新', '農產品產地價格資料': '未更新', '雜糧生產概況': '未更新'}
2025-12-28 23:51:21,408 - SUCCESS - 更新結果儲存成功:{'全國單日平均糧價': '已更新', '各觀測站近兩年降雨量': '未更新', '產銷履歷與有機蔬果行情': '已更新', '糧價查詢': '已更新', '臺灣地區果品生產概況': '未更新', '臺灣地區特用作物生產概況': '未更新', '臺灣地區稻作種植、收穫面積及產量': '未更新', '臺灣地區稻米生產價值': '未更新', '臺灣地區蔬菜生產概況': '未更新', '臺灣地區農產品生產量值': '未更新', '農情調查': '已更新', '農產品交易行情': '已更新', '農產品產地價格(月平均價格)': '未更新', '農產品產地價格資料': '未更新', '雜糧生產概況': '未更新'}
