2026-01-25 00:33:52,742 - SUCCESS - 成功提取 '全國單日平均糧價' 的網頁 Metadata。
2026-01-25 00:33:52,742 - SUCCESS - 成功提取 '全國單日平均糧價' 的網頁 Metadata。
2026-01-25 00:33:52,781 - SUCCESS - '全國單日平均糧價' 的 Metadata 已更新到 metadata.json。
2026-01-25 00:33:52,781 - SUCCESS - '全國單日平均糧價' 的 Metadata 已更新到 metadata.json。
2026-01-25 00:33:58,226 - SUCCESS - <全國單日平均糧價>的資料已下載完成，共 9174 筆資料。
2026-01-25 00:33:58,226 - SUCCESS - <全國單日平均糧價>的資料已下載完成，共 9174 筆資料。
2026-01-25 00:33:58,638 - SUCCESS - 已下載、去重並合併資料完成現有資料 388 條，新資料 1 條。
2026-01-25 00:33:58,638 - SUCCESS - 已下載、去重並合併資料完成現有資料 388 條，新資料 1 條。
2026-01-25 00:36:23,223 - SUCCESS - 成功提取 '全國單日平均糧價' 的網頁 Metadata。
2026-01-25 00:36:23,223 - SUCCESS - 成功提取 '全國單日平均糧價' 的網頁 Metadata。
2026-01-25 00:36:23,271 - SUCCESS - '全國單日平均糧價' 的 Metadata 已更新到 metadata.json。
2026-01-25 00:36:23,271 - SUCCESS - '全國單日平均糧價' 的 Metadata 已更新到 metadata.json。
2026-01-25 00:36:25,033 - SUCCESS - <全國單日平均糧價>的資料已下載完成，共 9174 筆資料。
2026-01-25 00:36:25,033 - SUCCESS - <全國單日平均糧價>的資料已下載完成，共 9174 筆資料。
2026-01-25 00:36:25,223 - SUCCESS - 已下載、去重並合併資料完成現有資料 388 條，新資料 0 條。
2026-01-25 00:36:25,223 - SUCCESS - 已下載、去重並合併資料完成現有資料 388 條，新資料 0 條。
2026-01-25 00:36:25,377 - SUCCESS - 已下載 '全國單日平均糧價' 的原始 JSON 資料路徑: 'C:\Python\data_moa_gov_tw\raw_data\全國單日平均糧價\全國單日平均糧價.json'
2026-01-25 00:36:25,377 - SUCCESS - 已下載 '全國單日平均糧價' 的原始 JSON 資料路徑: 'C:\Python\data_moa_gov_tw\raw_data\全國單日平均糧價\全國單日平均糧價.json'
2026-01-25 00:36:25,409 - SUCCESS - 插入或更新 '全國單日平均糧價' 的 Metadata 成功。
2026-01-25 00:36:25,409 - SUCCESS - 插入或更新 '全國單日平均糧價' 的 Metadata 成功。
2026-01-25 00:36:25,416 - SUCCESS - 已成功批量插入 '全國單日平均糧價' 的總計 1 條記錄到表格 '1040001' 。
2026-01-25 00:36:25,416 - SUCCESS - 已成功批量插入 '全國單日平均糧價' 的總計 1 條記錄到表格 '1040001' 。
2026-01-25 00:36:25,417 - SUCCESS - '全國單日平均糧價' 的自動更新完成。
2026-01-25 00:36:25,417 - SUCCESS - '全國單日平均糧價' 的自動更新完成。
2026-01-25 00:36:30,896 - SUCCESS - 成功提取 '各觀測站近兩年降雨量' 的網頁 Metadata。
2026-01-25 00:36:30,896 - SUCCESS - 成功提取 '各觀測站近兩年降雨量' 的網頁 Metadata。
2026-01-25 00:36:37,945 - SUCCESS - 成功提取 '產銷履歷與有機蔬果行情' 的網頁 Metadata。
2026-01-25 00:36:37,945 - SUCCESS - 成功提取 '產銷履歷與有機蔬果行情' 的網頁 Metadata。
2026-01-25 00:36:37,987 - SUCCESS - '產銷履歷與有機蔬果行情' 的 Metadata 已更新到 metadata.json。
2026-01-25 00:36:37,987 - SUCCESS - '產銷履歷與有機蔬果行情' 的 Metadata 已更新到 metadata.json。
2026-01-25 00:37:08,674 - SUCCESS - <產銷履歷與有機蔬果行情>的資料已下載完成，共 4807 筆資料。
2026-01-25 00:37:08,674 - SUCCESS - <產銷履歷與有機蔬果行情>的資料已下載完成，共 4807 筆資料。
2026-01-25 00:40:36,540 - SUCCESS - 成功提取 '全國單日平均糧價' 的網頁 Metadata。
2026-01-25 00:40:36,540 - SUCCESS - 成功提取 '全國單日平均糧價' 的網頁 Metadata。
2026-01-25 00:40:38,171 - SUCCESS - 成功提取 '各觀測站近兩年降雨量' 的網頁 Metadata。
2026-01-25 00:40:38,171 - SUCCESS - 成功提取 '各觀測站近兩年降雨量' 的網頁 Metadata。
2026-01-25 00:40:40,743 - SUCCESS - 成功提取 '產銷履歷與有機蔬果行情' 的網頁 Metadata。
2026-01-25 00:40:40,743 - SUCCESS - 成功提取 '產銷履歷與有機蔬果行情' 的網頁 Metadata。
2026-01-25 00:40:40,792 - SUCCESS - '產銷履歷與有機蔬果行情' 的 Metadata 已更新到 metadata.json。
2026-01-25 00:40:40,792 - SUCCESS - '產銷履歷與有機蔬果行情' 的 Metadata 已更新到 metadata.json。
2026-01-25 00:40:51,389 - SUCCESS - <產銷履歷與有機蔬果行情>的資料已下載完成，共 4807 筆資料。
2026-01-25 00:40:51,389 - SUCCESS - <產銷履歷與有機蔬果行情>的資料已下載完成，共 4807 筆資料。
2026-01-25 00:48:16,949 - SUCCESS - 成功提取 '全國單日平均糧價' 的網頁 Metadata。
2026-01-25 00:48:16,949 - SUCCESS - 成功提取 '全國單日平均糧價' 的網頁 Metadata。
2026-01-25 00:48:19,449 - SUCCESS - 成功提取 '各觀測站近兩年降雨量' 的網頁 Metadata。
2026-01-25 00:48:19,449 - SUCCESS - 成功提取 '各觀測站近兩年降雨量' 的網頁 Metadata。
2026-01-25 00:48:22,483 - SUCCESS - 成功提取 '產銷履歷與有機蔬果行情' 的網頁 Metadata。
2026-01-25 00:48:22,483 - SUCCESS - 成功提取 '產銷履歷與有機蔬果行情' 的網頁 Metadata。
2026-01-25 00:48:22,524 - SUCCESS - '產銷履歷與有機蔬果行情' 的 Metadata 已更新到 metadata.json。
2026-01-25 00:48:22,524 - SUCCESS - '產銷履歷與有機蔬果行情' 的 Metadata 已更新到 metadata.json。
2026-01-25 00:48:37,507 - SUCCESS - <產銷履歷與有機蔬果行情>的資料已下載完成，共 4807 筆資料。
2026-01-25 00:48:37,507 - SUCCESS - <產銷履歷與有機蔬果行情>的資料已下載完成，共 4807 筆資料。
2026-01-25 00:49:02,627 - SUCCESS - 成功提取 '全國單日平均糧價' 的網頁 Metadata。
2026-01-25 00:49:02,627 - SUCCESS - 成功提取 '全國單日平均糧價' 的網頁 Metadata。
2026-01-25 00:49:05,380 - SUCCESS - 成功提取 '各觀測站近兩年降雨量' 的網頁 Metadata。
2026-01-25 00:49:05,380 - SUCCESS - 成功提取 '各觀測站近兩年降雨量' 的網頁 Metadata。
2026-01-25 00:49:08,139 - SUCCESS - 成功提取 '產銷履歷與有機蔬果行情' 的網頁 Metadata。
2026-01-25 00:49:08,139 - SUCCESS - 成功提取 '產銷履歷與有機蔬果行情' 的網頁 Metadata。
2026-01-25 00:49:08,187 - SUCCESS - '產銷履歷與有機蔬果行情' 的 Metadata 已更新到 metadata.json。
2026-01-25 00:49:08,187 - SUCCESS - '產銷履歷與有機蔬果行情' 的 Metadata 已更新到 metadata.json。
2026-01-25 00:49:19,543 - SUCCESS - <產銷履歷與有機蔬果行情>的資料已下載完成，共 4807 筆資料。
2026-01-25 00:49:19,543 - SUCCESS - <產銷履歷與有機蔬果行情>的資料已下載完成，共 4807 筆資料。
2026-01-25 00:53:10,878 - SUCCESS - 成功提取 '全國單日平均糧價' 的網頁 Metadata。
2026-01-25 00:53:10,878 - SUCCESS - 成功提取 '全國單日平均糧價' 的網頁 Metadata。
2026-01-25 00:53:14,191 - SUCCESS - 成功提取 '各觀測站近兩年降雨量' 的網頁 Metadata。
2026-01-25 00:53:14,191 - SUCCESS - 成功提取 '各觀測站近兩年降雨量' 的網頁 Metadata。
2026-01-25 00:53:17,593 - SUCCESS - 成功提取 '產銷履歷與有機蔬果行情' 的網頁 Metadata。
2026-01-25 00:53:17,593 - SUCCESS - 成功提取 '產銷履歷與有機蔬果行情' 的網頁 Metadata。
2026-01-25 00:53:17,641 - SUCCESS - '產銷履歷與有機蔬果行情' 的 Metadata 已更新到 metadata.json。
2026-01-25 00:53:17,641 - SUCCESS - '產銷履歷與有機蔬果行情' 的 Metadata 已更新到 metadata.json。
2026-01-25 00:53:26,730 - SUCCESS - <產銷履歷與有機蔬果行情>的資料已下載完成，共 4807 筆資料。
2026-01-25 00:53:26,730 - SUCCESS - <產銷履歷與有機蔬果行情>的資料已下載完成，共 4807 筆資料。
2026-01-25 00:53:57,391 - SUCCESS - 已下載、去重並合併資料完成現有資料 353612 條，新資料 2348 條。
2026-01-25 00:53:57,391 - SUCCESS - 已下載、去重並合併資料完成現有資料 353612 條，新資料 2348 條。
2026-01-25 00:54:03,918 - SUCCESS - 已下載 '產銷履歷與有機蔬果行情' 的原始 JSON 資料路徑: 'C:\Python\data_moa_gov_tw\raw_data\產銷履歷與有機蔬果行情\產銷履歷與有機蔬果行情.json'
2026-01-25 00:54:03,918 - SUCCESS - 已下載 '產銷履歷與有機蔬果行情' 的原始 JSON 資料路徑: 'C:\Python\data_moa_gov_tw\raw_data\產銷履歷與有機蔬果行情\產銷履歷與有機蔬果行情.json'
2026-01-25 00:54:03,929 - SUCCESS - 插入或更新 '產銷履歷與有機蔬果行情' 的 Metadata 成功。
2026-01-25 00:54:03,929 - SUCCESS - 插入或更新 '產銷履歷與有機蔬果行情' 的 Metadata 成功。
2026-01-25 00:54:04,837 - SUCCESS - 已成功批量插入 '產銷履歷與有機蔬果行情' 的總計 2348 條記錄到表格 '1040003' 。
2026-01-25 00:54:04,837 - SUCCESS - 已成功批量插入 '產銷履歷與有機蔬果行情' 的總計 2348 條記錄到表格 '1040003' 。
2026-01-25 00:54:04,935 - SUCCESS - '產銷履歷與有機蔬果行情' 的自動更新完成。
2026-01-25 00:54:04,935 - SUCCESS - '產銷履歷與有機蔬果行情' 的自動更新完成。
2026-01-25 01:01:21,595 - SUCCESS - 成功提取 '糧價查詢' 的網頁 Metadata。
2026-01-25 01:01:21,595 - SUCCESS - 成功提取 '糧價查詢' 的網頁 Metadata。
2026-01-25 01:01:21,645 - SUCCESS - '糧價查詢' 的 Metadata 已更新到 metadata.json。
2026-01-25 01:01:21,645 - SUCCESS - '糧價查詢' 的 Metadata 已更新到 metadata.json。
2026-01-25 01:01:24,807 - SUCCESS - <糧價查詢>的資料已下載完成，共 9999 筆資料。
2026-01-25 01:01:24,807 - SUCCESS - <糧價查詢>的資料已下載完成，共 9999 筆資料。
2026-01-25 01:01:25,626 - SUCCESS - 已下載、去重並合併資料完成現有資料 8098 條，新資料 21 條。
2026-01-25 01:01:25,626 - SUCCESS - 已下載、去重並合併資料完成現有資料 8098 條，新資料 21 條。
2026-01-25 01:01:26,702 - SUCCESS - 已下載 '糧價查詢' 的原始 JSON 資料路徑: 'C:\Python\data_moa_gov_tw\raw_data\糧價查詢\糧價查詢.json'
2026-01-25 01:01:26,702 - SUCCESS - 已下載 '糧價查詢' 的原始 JSON 資料路徑: 'C:\Python\data_moa_gov_tw\raw_data\糧價查詢\糧價查詢.json'
2026-01-25 01:01:26,709 - SUCCESS - 插入或更新 '糧價查詢' 的 Metadata 成功。
2026-01-25 01:01:26,709 - SUCCESS - 插入或更新 '糧價查詢' 的 Metadata 成功。
2026-01-25 01:01:26,724 - SUCCESS - 已成功批量插入 '糧價查詢' 的總計 21 條記錄到表格 '1040004' 。
2026-01-25 01:01:26,724 - SUCCESS - 已成功批量插入 '糧價查詢' 的總計 21 條記錄到表格 '1040004' 。
2026-01-25 01:01:26,728 - SUCCESS - '糧價查詢' 的自動更新完成。
2026-01-25 01:01:26,728 - SUCCESS - '糧價查詢' 的自動更新完成。
2026-01-25 01:01:34,200 - SUCCESS - 成功提取 '臺灣地區果品生產概況' 的網頁 Metadata。
2026-01-25 01:01:34,200 - SUCCESS - 成功提取 '臺灣地區果品生產概況' 的網頁 Metadata。
2026-01-25 01:02:11,270 - SUCCESS - 成功提取 '臺灣地區特用作物生產概況' 的網頁 Metadata。
2026-01-25 01:02:11,270 - SUCCESS - 成功提取 '臺灣地區特用作物生產概況' 的網頁 Metadata。
2026-01-25 01:02:14,623 - SUCCESS - 成功提取 '臺灣地區稻作種植、收穫面積及產量' 的網頁 Metadata。
2026-01-25 01:02:14,623 - SUCCESS - 成功提取 '臺灣地區稻作種植、收穫面積及產量' 的網頁 Metadata。
2026-01-25 01:02:16,579 - SUCCESS - 成功提取 '臺灣地區稻米生產價值' 的網頁 Metadata。
2026-01-25 01:02:16,579 - SUCCESS - 成功提取 '臺灣地區稻米生產價值' 的網頁 Metadata。
2026-01-25 01:02:19,056 - SUCCESS - 成功提取 '臺灣地區蔬菜生產概況' 的網頁 Metadata。
2026-01-25 01:02:19,056 - SUCCESS - 成功提取 '臺灣地區蔬菜生產概況' 的網頁 Metadata。
2026-01-25 01:02:21,553 - SUCCESS - 成功提取 '臺灣地區農產品生產量值' 的網頁 Metadata。
2026-01-25 01:02:21,553 - SUCCESS - 成功提取 '臺灣地區農產品生產量值' 的網頁 Metadata。
2026-01-25 01:02:23,684 - SUCCESS - 成功提取 '農情調查' 的網頁 Metadata。
2026-01-25 01:02:23,684 - SUCCESS - 成功提取 '農情調查' 的網頁 Metadata。
2026-01-25 01:02:23,725 - SUCCESS - '農情調查' 的 Metadata 已更新到 metadata.json。
2026-01-25 01:02:23,725 - SUCCESS - '農情調查' 的 Metadata 已更新到 metadata.json。
2026-01-25 01:02:28,068 - SUCCESS - <農情調查>的資料已下載完成，共 9999 筆資料。
2026-01-25 01:02:28,068 - SUCCESS - <農情調查>的資料已下載完成，共 9999 筆資料。
2026-01-25 01:04:13,463 - SUCCESS - 成功提取 '全國單日平均糧價' 的網頁 Metadata。
2026-01-25 01:04:13,463 - SUCCESS - 成功提取 '全國單日平均糧價' 的網頁 Metadata。
2026-01-25 01:04:14,870 - SUCCESS - 成功提取 '各觀測站近兩年降雨量' 的網頁 Metadata。
2026-01-25 01:04:14,870 - SUCCESS - 成功提取 '各觀測站近兩年降雨量' 的網頁 Metadata。
2026-01-25 01:04:17,207 - SUCCESS - 成功提取 '產銷履歷與有機蔬果行情' 的網頁 Metadata。
2026-01-25 01:04:17,207 - SUCCESS - 成功提取 '產銷履歷與有機蔬果行情' 的網頁 Metadata。
2026-01-25 01:04:18,598 - SUCCESS - 成功提取 '糧價查詢' 的網頁 Metadata。
2026-01-25 01:04:18,598 - SUCCESS - 成功提取 '糧價查詢' 的網頁 Metadata。
2026-01-25 01:04:19,865 - SUCCESS - 成功提取 '臺灣地區果品生產概況' 的網頁 Metadata。
2026-01-25 01:04:19,865 - SUCCESS - 成功提取 '臺灣地區果品生產概況' 的網頁 Metadata。
2026-01-25 01:04:22,084 - SUCCESS - 成功提取 '臺灣地區特用作物生產概況' 的網頁 Metadata。
2026-01-25 01:04:22,084 - SUCCESS - 成功提取 '臺灣地區特用作物生產概況' 的網頁 Metadata。
2026-01-25 01:04:23,600 - SUCCESS - 成功提取 '臺灣地區稻作種植、收穫面積及產量' 的網頁 Metadata。
2026-01-25 01:04:23,600 - SUCCESS - 成功提取 '臺灣地區稻作種植、收穫面積及產量' 的網頁 Metadata。
2026-01-25 01:04:25,915 - SUCCESS - 成功提取 '臺灣地區稻米生產價值' 的網頁 Metadata。
2026-01-25 01:04:25,915 - SUCCESS - 成功提取 '臺灣地區稻米生產價值' 的網頁 Metadata。
2026-01-25 01:04:29,837 - SUCCESS - 成功提取 '臺灣地區蔬菜生產概況' 的網頁 Metadata。
2026-01-25 01:04:29,837 - SUCCESS - 成功提取 '臺灣地區蔬菜生產概況' 的網頁 Metadata。
2026-01-25 01:04:32,920 - SUCCESS - 成功提取 '臺灣地區農產品生產量值' 的網頁 Metadata。
2026-01-25 01:04:32,920 - SUCCESS - 成功提取 '臺灣地區農產品生產量值' 的網頁 Metadata。
2026-01-25 01:04:49,269 - SUCCESS - 成功提取 '農情調查' 的網頁 Metadata。
2026-01-25 01:04:49,269 - SUCCESS - 成功提取 '農情調查' 的網頁 Metadata。
2026-01-25 01:04:49,320 - SUCCESS - '農情調查' 的 Metadata 已更新到 metadata.json。
2026-01-25 01:04:49,320 - SUCCESS - '農情調查' 的 Metadata 已更新到 metadata.json。
2026-01-25 01:04:52,912 - SUCCESS - <農情調查>的資料已下載完成，共 9999 筆資料。
2026-01-25 01:04:52,912 - SUCCESS - <農情調查>的資料已下載完成，共 9999 筆資料。
2026-01-25 01:04:52,933 - SUCCESS - 已下載、去重並合併資料完成現有資料 0 條，新資料 0 條。
2026-01-25 01:04:52,933 - SUCCESS - 已下載、去重並合併資料完成現有資料 0 條，新資料 0 條。
2026-01-25 01:05:08,750 - SUCCESS - 成功提取 '農產品交易行情' 的網頁 Metadata。
2026-01-25 01:05:08,750 - SUCCESS - 成功提取 '農產品交易行情' 的網頁 Metadata。
2026-01-25 01:05:08,803 - SUCCESS - '農產品交易行情' 的 Metadata 已更新到 metadata.json。
2026-01-25 01:05:08,803 - SUCCESS - '農產品交易行情' 的 Metadata 已更新到 metadata.json。
2026-01-25 01:05:26,785 - SUCCESS - <農產品交易行情>的資料已下載完成，共 7855 筆資料。
2026-01-25 01:05:26,785 - SUCCESS - <農產品交易行情>的資料已下載完成，共 7855 筆資料。
2026-01-25 01:06:18,440 - SUCCESS - 已下載、去重並合併資料完成現有資料 640858 條，新資料 2517 條。
2026-01-25 01:06:18,440 - SUCCESS - 已下載、去重並合併資料完成現有資料 640858 條，新資料 2517 條。
2026-01-25 01:06:33,895 - SUCCESS - 已下載 '農產品交易行情' 的原始 JSON 資料路徑: 'C:\Python\data_moa_gov_tw\raw_data\農產品交易行情\農產品交易行情.json'
2026-01-25 01:06:33,895 - SUCCESS - 已下載 '農產品交易行情' 的原始 JSON 資料路徑: 'C:\Python\data_moa_gov_tw\raw_data\農產品交易行情\農產品交易行情.json'
2026-01-25 01:06:34,003 - SUCCESS - 插入或更新 '農產品交易行情' 的 Metadata 成功。
2026-01-25 01:06:34,003 - SUCCESS - 插入或更新 '農產品交易行情' 的 Metadata 成功。
2026-01-25 01:06:37,342 - SUCCESS - 已成功批量插入 '農產品交易行情' 的總計 2515 條記錄到表格 '1040012' 。
2026-01-25 01:06:37,342 - SUCCESS - 已成功批量插入 '農產品交易行情' 的總計 2515 條記錄到表格 '1040012' 。
2026-01-25 01:06:37,686 - SUCCESS - '農產品交易行情' 的自動更新完成。
2026-01-25 01:06:37,686 - SUCCESS - '農產品交易行情' 的自動更新完成。
2026-01-25 01:06:59,507 - SUCCESS - 成功提取 '農產品產地價格(月平均價格)' 的網頁 Metadata。
2026-01-25 01:06:59,507 - SUCCESS - 成功提取 '農產品產地價格(月平均價格)' 的網頁 Metadata。
2026-01-25 01:09:04,728 - SUCCESS - 成功提取 '農產品產地價格資料' 的網頁 Metadata。
2026-01-25 01:09:04,728 - SUCCESS - 成功提取 '農產品產地價格資料' 的網頁 Metadata。
2026-01-25 01:09:04,784 - SUCCESS - '農產品產地價格資料' 的 Metadata 已更新到 metadata.json。
2026-01-25 01:09:04,784 - SUCCESS - '農產品產地價格資料' 的 Metadata 已更新到 metadata.json。
2026-01-25 01:09:05,882 - SUCCESS - <農產品產地價格資料>的資料已下載完成，共 9999 筆資料。
2026-01-25 01:09:05,882 - SUCCESS - <農產品產地價格資料>的資料已下載完成，共 9999 筆資料。
2026-01-25 01:09:10,799 - SUCCESS - 已下載、去重並合併資料完成現有資料 25250 條，新資料 0 條。
2026-01-25 01:09:10,799 - SUCCESS - 已下載、去重並合併資料完成現有資料 25250 條，新資料 0 條。
2026-01-25 01:09:12,602 - SUCCESS - 插入或更新 '農產品產地價格資料' 的 Metadata 成功。
2026-01-25 01:09:12,602 - SUCCESS - 插入或更新 '農產品產地價格資料' 的 Metadata 成功。
2026-01-25 01:09:12,610 - SUCCESS - '農產品產地價格資料' 的自動更新完成。
2026-01-25 01:09:12,610 - SUCCESS - '農產品產地價格資料' 的自動更新完成。
2026-01-25 01:09:29,079 - SUCCESS - 成功提取 '雜糧生產概況' 的網頁 Metadata。
2026-01-25 01:09:29,079 - SUCCESS - 成功提取 '雜糧生產概況' 的網頁 Metadata。
2026-01-25 01:09:30,086 - SUCCESS - 已成功儲存次要資訊。
2026-01-25 01:09:30,086 - SUCCESS - 已成功儲存次要資訊。
2026-01-25 01:09:30,086 - SUCCESS - 更新結果儲存成功:{'全國單日平均糧價': '未更新', '各觀測站近兩年降雨量': '未更新', '產銷履歷與有機蔬果行情': '未更新', '糧價查詢': '未更新', '臺灣地區果品生產概況': '未更新', '臺灣地區特用作物生產概況': '未更新', '臺灣地區稻作種植、收穫面積及產量': '未更新', '臺灣地區稻米生產價值': '未更新', '臺灣地區蔬菜生產概況': '未更新', '臺灣地區農產品生產量值': '未更新', '農情調查': '未更新', '農產品交易行情': '已更新', '農產品產地價格(月平均價格)': '未更新', '農產品產地價格資料': '已更新', '雜糧生產概況': '未更新'}
2026-01-25 01:09:30,086 - SUCCESS - 更新結果儲存成功:{'全國單日平均糧價': '未更新', '各觀測站近兩年降雨量': '未更新', '產銷履歷與有機蔬果行情': '未更新', '糧價查詢': '未更新', '臺灣地區果品生產概況': '未更新', '臺灣地區特用作物生產概況': '未更新', '臺灣地區稻作種植、收穫面積及產量': '未更新', '臺灣地區稻米生產價值': '未更新', '臺灣地區蔬菜生產概況': '未更新', '臺灣地區農產品生產量值': '未更新', '農情調查': '未更新', '農產品交易行情': '已更新', '農產品產地價格(月平均價格)': '未更新', '農產品產地價格資料': '已更新', '雜糧生產概況': '未更新'}
2026-01-25 23:29:23,252 - SUCCESS - 成功提取 '全國單日平均糧價' 的網頁 Metadata。
2026-01-25 23:29:23,252 - SUCCESS - 成功提取 '全國單日平均糧價' 的網頁 Metadata。
2026-01-25 23:29:23,318 - SUCCESS - '全國單日平均糧價' 的 Metadata 已更新到 metadata.json。
2026-01-25 23:29:23,318 - SUCCESS - '全國單日平均糧價' 的 Metadata 已更新到 metadata.json。
2026-01-25 23:29:29,439 - SUCCESS - <全國單日平均糧價>的資料已下載完成，共 9175 筆資料。
2026-01-25 23:29:29,439 - SUCCESS - <全國單日平均糧價>的資料已下載完成，共 9175 筆資料。
2026-01-25 23:29:29,768 - SUCCESS - 已下載、去重並合併資料完成現有資料 55 條，新資料 1 條。
2026-01-25 23:29:29,768 - SUCCESS - 已下載、去重並合併資料完成現有資料 55 條，新資料 1 條。
2026-01-25 23:29:29,946 - SUCCESS - 已下載 '全國單日平均糧價' 的原始 JSON 資料路徑: 'C:\Python\data_moa_gov_tw\raw_data\全國單日平均糧價\全國單日平均糧價.json'
2026-01-25 23:29:29,946 - SUCCESS - 已下載 '全國單日平均糧價' 的原始 JSON 資料路徑: 'C:\Python\data_moa_gov_tw\raw_data\全國單日平均糧價\全國單日平均糧價.json'
2026-01-25 23:29:29,985 - SUCCESS - 插入或更新 '全國單日平均糧價' 的 Metadata 成功。
2026-01-25 23:29:29,985 - SUCCESS - 插入或更新 '全國單日平均糧價' 的 Metadata 成功。
2026-01-25 23:29:30,000 - SUCCESS - 已成功批量插入 '全國單日平均糧價' 的總計 1 條記錄到表格 '1040001' 。
2026-01-25 23:29:30,000 - SUCCESS - 已成功批量插入 '全國單日平均糧價' 的總計 1 條記錄到表格 '1040001' 。
2026-01-25 23:29:30,000 - SUCCESS - '全國單日平均糧價' 的自動更新完成。
2026-01-25 23:29:30,000 - SUCCESS - '全國單日平均糧價' 的自動更新完成。
2026-01-25 23:29:31,491 - SUCCESS - 成功提取 '各觀測站近兩年降雨量' 的網頁 Metadata。
2026-01-25 23:29:31,491 - SUCCESS - 成功提取 '各觀測站近兩年降雨量' 的網頁 Metadata。
2026-01-25 23:29:33,241 - SUCCESS - 成功提取 '產銷履歷與有機蔬果行情' 的網頁 Metadata。
2026-01-25 23:29:33,241 - SUCCESS - 成功提取 '產銷履歷與有機蔬果行情' 的網頁 Metadata。
2026-01-25 23:29:33,283 - SUCCESS - '產銷履歷與有機蔬果行情' 的 Metadata 已更新到 metadata.json。
2026-01-25 23:29:33,283 - SUCCESS - '產銷履歷與有機蔬果行情' 的 Metadata 已更新到 metadata.json。
2026-01-25 23:29:41,299 - SUCCESS - <產銷履歷與有機蔬果行情>的資料已下載完成，共 4549 筆資料。
2026-01-25 23:29:41,299 - SUCCESS - <產銷履歷與有機蔬果行情>的資料已下載完成，共 4549 筆資料。
2026-01-25 23:29:51,403 - SUCCESS - 已下載、去重並合併資料完成現有資料 105973 條，新資料 2201 條。
2026-01-25 23:29:51,403 - SUCCESS - 已下載、去重並合併資料完成現有資料 105973 條，新資料 2201 條。
2026-01-25 23:29:54,168 - SUCCESS - 已下載 '產銷履歷與有機蔬果行情' 的原始 JSON 資料路徑: 'C:\Python\data_moa_gov_tw\raw_data\產銷履歷與有機蔬果行情\產銷履歷與有機蔬果行情.json'
2026-01-25 23:29:54,168 - SUCCESS - 已下載 '產銷履歷與有機蔬果行情' 的原始 JSON 資料路徑: 'C:\Python\data_moa_gov_tw\raw_data\產銷履歷與有機蔬果行情\產銷履歷與有機蔬果行情.json'
2026-01-25 23:29:54,176 - SUCCESS - 插入或更新 '產銷履歷與有機蔬果行情' 的 Metadata 成功。
2026-01-25 23:29:54,176 - SUCCESS - 插入或更新 '產銷履歷與有機蔬果行情' 的 Metadata 成功。
2026-01-25 23:29:55,092 - SUCCESS - 已成功批量插入 '產銷履歷與有機蔬果行情' 的總計 2201 條記錄到表格 '1040003' 。
2026-01-25 23:29:55,092 - SUCCESS - 已成功批量插入 '產銷履歷與有機蔬果行情' 的總計 2201 條記錄到表格 '1040003' 。
2026-01-25 23:29:55,131 - SUCCESS - '產銷履歷與有機蔬果行情' 的自動更新完成。
2026-01-25 23:29:55,131 - SUCCESS - '產銷履歷與有機蔬果行情' 的自動更新完成。
2026-01-25 23:29:58,029 - SUCCESS - 成功提取 '糧價查詢' 的網頁 Metadata。
2026-01-25 23:29:58,029 - SUCCESS - 成功提取 '糧價查詢' 的網頁 Metadata。
2026-01-25 23:29:58,076 - SUCCESS - '糧價查詢' 的 Metadata 已更新到 metadata.json。
2026-01-25 23:29:58,076 - SUCCESS - '糧價查詢' 的 Metadata 已更新到 metadata.json。
2026-01-25 23:30:02,692 - SUCCESS - <糧價查詢>的資料已下載完成，共 9999 筆資料。
2026-01-25 23:30:02,692 - SUCCESS - <糧價查詢>的資料已下載完成，共 9999 筆資料。
2026-01-25 23:30:02,929 - SUCCESS - 已下載、去重並合併資料完成現有資料 1458 條，新資料 40 條。
2026-01-25 23:30:02,929 - SUCCESS - 已下載、去重並合併資料完成現有資料 1458 條，新資料 40 條。
2026-01-25 23:30:03,884 - SUCCESS - 已下載 '糧價查詢' 的原始 JSON 資料路徑: 'C:\Python\data_moa_gov_tw\raw_data\糧價查詢\糧價查詢.json'
2026-01-25 23:30:03,884 - SUCCESS - 已下載 '糧價查詢' 的原始 JSON 資料路徑: 'C:\Python\data_moa_gov_tw\raw_data\糧價查詢\糧價查詢.json'
2026-01-25 23:30:03,892 - SUCCESS - 插入或更新 '糧價查詢' 的 Metadata 成功。
2026-01-25 23:30:03,892 - SUCCESS - 插入或更新 '糧價查詢' 的 Metadata 成功。
2026-01-25 23:30:03,919 - SUCCESS - 已成功批量插入 '糧價查詢' 的總計 40 條記錄到表格 '1040004' 。
2026-01-25 23:30:03,919 - SUCCESS - 已成功批量插入 '糧價查詢' 的總計 40 條記錄到表格 '1040004' 。
2026-01-25 23:30:03,922 - SUCCESS - '糧價查詢' 的自動更新完成。
2026-01-25 23:30:03,922 - SUCCESS - '糧價查詢' 的自動更新完成。
2026-01-25 23:30:06,532 - SUCCESS - 成功提取 '臺灣地區果品生產概況' 的網頁 Metadata。
2026-01-25 23:30:06,532 - SUCCESS - 成功提取 '臺灣地區果品生產概況' 的網頁 Metadata。
2026-01-25 23:30:08,651 - SUCCESS - 成功提取 '臺灣地區特用作物生產概況' 的網頁 Metadata。
2026-01-25 23:30:08,651 - SUCCESS - 成功提取 '臺灣地區特用作物生產概況' 的網頁 Metadata。
2026-01-25 23:30:10,451 - SUCCESS - 成功提取 '臺灣地區稻作種植、收穫面積及產量' 的網頁 Metadata。
2026-01-25 23:30:10,451 - SUCCESS - 成功提取 '臺灣地區稻作種植、收穫面積及產量' 的網頁 Metadata。
2026-01-25 23:30:12,460 - SUCCESS - 成功提取 '臺灣地區稻米生產價值' 的網頁 Metadata。
2026-01-25 23:30:12,460 - SUCCESS - 成功提取 '臺灣地區稻米生產價值' 的網頁 Metadata。
2026-01-25 23:30:14,462 - SUCCESS - 成功提取 '臺灣地區蔬菜生產概況' 的網頁 Metadata。
2026-01-25 23:30:14,462 - SUCCESS - 成功提取 '臺灣地區蔬菜生產概況' 的網頁 Metadata。
2026-01-25 23:30:16,177 - SUCCESS - 成功提取 '臺灣地區農產品生產量值' 的網頁 Metadata。
2026-01-25 23:30:16,177 - SUCCESS - 成功提取 '臺灣地區農產品生產量值' 的網頁 Metadata。
2026-01-25 23:30:18,008 - SUCCESS - 成功提取 '農情調查' 的網頁 Metadata。
2026-01-25 23:30:18,008 - SUCCESS - 成功提取 '農情調查' 的網頁 Metadata。
2026-01-25 23:30:18,055 - SUCCESS - '農情調查' 的 Metadata 已更新到 metadata.json。
2026-01-25 23:30:18,055 - SUCCESS - '農情調查' 的 Metadata 已更新到 metadata.json。
2026-01-25 23:30:34,288 - SUCCESS - <農情調查>的資料已下載完成，共 9999 筆資料。
2026-01-25 23:30:34,288 - SUCCESS - <農情調查>的資料已下載完成，共 9999 筆資料。
2026-01-25 23:30:34,309 - SUCCESS - 已下載、去重並合併資料完成現有資料 0 條，新資料 0 條。
2026-01-25 23:30:34,309 - SUCCESS - 已下載、去重並合併資料完成現有資料 0 條，新資料 0 條。
2026-01-25 23:30:36,052 - SUCCESS - 成功提取 '農產品交易行情' 的網頁 Metadata。
2026-01-25 23:30:36,052 - SUCCESS - 成功提取 '農產品交易行情' 的網頁 Metadata。
2026-01-25 23:30:36,119 - SUCCESS - '農產品交易行情' 的 Metadata 已更新到 metadata.json。
2026-01-25 23:30:36,119 - SUCCESS - '農產品交易行情' 的 Metadata 已更新到 metadata.json。
2026-01-25 23:31:57,911 - SUCCESS - <農產品交易行情>的資料已下載完成，共 9974 筆資料。
2026-01-25 23:31:57,911 - SUCCESS - <農產品交易行情>的資料已下載完成，共 9974 筆資料。
2026-01-25 23:32:12,595 - SUCCESS - 已下載、去重並合併資料完成現有資料 163480 條，新資料 2119 條。
2026-01-25 23:32:12,595 - SUCCESS - 已下載、去重並合併資料完成現有資料 163480 條，新資料 2119 條。
2026-01-25 23:32:16,867 - SUCCESS - 已下載 '農產品交易行情' 的原始 JSON 資料路徑: 'C:\Python\data_moa_gov_tw\raw_data\農產品交易行情\農產品交易行情.json'
2026-01-25 23:32:16,867 - SUCCESS - 已下載 '農產品交易行情' 的原始 JSON 資料路徑: 'C:\Python\data_moa_gov_tw\raw_data\農產品交易行情\農產品交易行情.json'
2026-01-25 23:32:16,897 - SUCCESS - 插入或更新 '農產品交易行情' 的 Metadata 成功。
2026-01-25 23:32:16,897 - SUCCESS - 插入或更新 '農產品交易行情' 的 Metadata 成功。
2026-01-25 23:32:17,856 - SUCCESS - 已成功批量插入 '農產品交易行情' 的總計 2119 條記錄到表格 '1040012' 。
2026-01-25 23:32:17,856 - SUCCESS - 已成功批量插入 '農產品交易行情' 的總計 2119 條記錄到表格 '1040012' 。
2026-01-25 23:32:17,933 - SUCCESS - '農產品交易行情' 的自動更新完成。
2026-01-25 23:32:17,933 - SUCCESS - '農產品交易行情' 的自動更新完成。
2026-01-25 23:32:53,449 - SUCCESS - 已成功儲存次要資訊。
2026-01-25 23:32:53,449 - SUCCESS - 已成功儲存次要資訊。
2026-01-25 23:32:53,449 - SUCCESS - 更新結果儲存成功:{'全國單日平均糧價': '已更新', '各觀測站近兩年降雨量': '未更新', '產銷履歷與有機蔬果行情': '已更新', '糧價查詢': '已更新', '臺灣地區果品生產概況': '未更新', '臺灣地區特用作物生產概況': '未更新', '臺灣地區稻作種植、收穫面積及產量': '未更新', '臺灣地區稻米生產價值': '未更新', '臺灣地區蔬菜生產概況': '未更新', '臺灣地區農產品生產量值': '未更新', '農情調查': '未更新', '農產品交易行情': '已更新', '農產品產地價格(月平均價格)': '未更新', '農產品產地價格資料': '未更新', '雜糧生產概況': '未更新'}
2026-01-25 23:32:53,449 - SUCCESS - 更新結果儲存成功:{'全國單日平均糧價': '已更新', '各觀測站近兩年降雨量': '未更新', '產銷履歷與有機蔬果行情': '已更新', '糧價查詢': '已更新', '臺灣地區果品生產概況': '未更新', '臺灣地區特用作物生產概況': '未更新', '臺灣地區稻作種植、收穫面積及產量': '未更新', '臺灣地區稻米生產價值': '未更新', '臺灣地區蔬菜生產概況': '未更新', '臺灣地區農產品生產量值': '未更新', '農情調查': '未更新', '農產品交易行情': '已更新', '農產品產地價格(月平均價格)': '未更新', '農產品產地價格資料': '未更新', '雜糧生產概況': '未更新'}
2026-01-25 23:35:05,092 - SUCCESS - 成功提取 '全國單日平均糧價' 的網頁 Metadata。
2026-01-25 23:35:05,092 - SUCCESS - 成功提取 '全國單日平均糧價' 的網頁 Metadata。
2026-01-25 23:35:06,589 - SUCCESS - 成功提取 '各觀測站近兩年降雨量' 的網頁 Metadata。
2026-01-25 23:35:06,589 - SUCCESS - 成功提取 '各觀測站近兩年降雨量' 的網頁 Metadata。
2026-01-25 23:35:09,203 - SUCCESS - 成功提取 '產銷履歷與有機蔬果行情' 的網頁 Metadata。
2026-01-25 23:35:09,203 - SUCCESS - 成功提取 '產銷履歷與有機蔬果行情' 的網頁 Metadata。
2026-01-25 23:35:10,728 - SUCCESS - 成功提取 '糧價查詢' 的網頁 Metadata。
2026-01-25 23:35:10,728 - SUCCESS - 成功提取 '糧價查詢' 的網頁 Metadata。
2026-01-25 23:35:12,078 - SUCCESS - 成功提取 '臺灣地區果品生產概況' 的網頁 Metadata。
2026-01-25 23:35:12,078 - SUCCESS - 成功提取 '臺灣地區果品生產概況' 的網頁 Metadata。
2026-01-25 23:35:13,802 - SUCCESS - 成功提取 '臺灣地區特用作物生產概況' 的網頁 Metadata。
2026-01-25 23:35:13,802 - SUCCESS - 成功提取 '臺灣地區特用作物生產概況' 的網頁 Metadata。
2026-01-25 23:35:16,013 - SUCCESS - 成功提取 '臺灣地區稻作種植、收穫面積及產量' 的網頁 Metadata。
2026-01-25 23:35:16,013 - SUCCESS - 成功提取 '臺灣地區稻作種植、收穫面積及產量' 的網頁 Metadata。
2026-01-25 23:35:17,597 - SUCCESS - 成功提取 '臺灣地區稻米生產價值' 的網頁 Metadata。
2026-01-25 23:35:17,597 - SUCCESS - 成功提取 '臺灣地區稻米生產價值' 的網頁 Metadata。
2026-01-25 23:35:18,999 - SUCCESS - 成功提取 '臺灣地區蔬菜生產概況' 的網頁 Metadata。
2026-01-25 23:35:18,999 - SUCCESS - 成功提取 '臺灣地區蔬菜生產概況' 的網頁 Metadata。
2026-01-25 23:35:20,305 - SUCCESS - 成功提取 '臺灣地區農產品生產量值' 的網頁 Metadata。
2026-01-25 23:35:20,305 - SUCCESS - 成功提取 '臺灣地區農產品生產量值' 的網頁 Metadata。
2026-01-25 23:35:21,784 - SUCCESS - 成功提取 '農情調查' 的網頁 Metadata。
2026-01-25 23:35:21,784 - SUCCESS - 成功提取 '農情調查' 的網頁 Metadata。
2026-01-25 23:35:21,834 - SUCCESS - '農情調查' 的 Metadata 已更新到 metadata.json。
2026-01-25 23:35:21,834 - SUCCESS - '農情調查' 的 Metadata 已更新到 metadata.json。
2026-01-25 23:35:25,700 - SUCCESS - <農情調查>的資料已下載完成，共 9999 筆資料。
2026-01-25 23:35:25,700 - SUCCESS - <農情調查>的資料已下載完成，共 9999 筆資料。
2026-01-25 23:35:25,719 - SUCCESS - 已下載、去重並合併資料完成現有資料 0 條，新資料 0 條。
2026-01-25 23:35:25,719 - SUCCESS - 已下載、去重並合併資料完成現有資料 0 條，新資料 0 條。
2026-01-25 23:35:27,163 - SUCCESS - 成功提取 '農產品交易行情' 的網頁 Metadata。
2026-01-25 23:35:27,163 - SUCCESS - 成功提取 '農產品交易行情' 的網頁 Metadata。
2026-01-25 23:35:29,057 - SUCCESS - 成功提取 '農產品產地價格(月平均價格)' 的網頁 Metadata。
2026-01-25 23:35:29,057 - SUCCESS - 成功提取 '農產品產地價格(月平均價格)' 的網頁 Metadata。
2026-01-25 23:35:30,849 - SUCCESS - 成功提取 '農產品產地價格資料' 的網頁 Metadata。
2026-01-25 23:35:30,849 - SUCCESS - 成功提取 '農產品產地價格資料' 的網頁 Metadata。
2026-01-25 23:35:32,334 - SUCCESS - 成功提取 '雜糧生產概況' 的網頁 Metadata。
2026-01-25 23:35:32,334 - SUCCESS - 成功提取 '雜糧生產概況' 的網頁 Metadata。
2026-01-25 23:35:33,344 - SUCCESS - 已成功儲存次要資訊。
2026-01-25 23:35:33,344 - SUCCESS - 已成功儲存次要資訊。
2026-01-25 23:35:33,345 - SUCCESS - 更新結果儲存成功:{'全國單日平均糧價': '未更新', '各觀測站近兩年降雨量': '未更新', '產銷履歷與有機蔬果行情': '未更新', '糧價查詢': '未更新', '臺灣地區果品生產概況': '未更新', '臺灣地區特用作物生產概況': '未更新', '臺灣地區稻作種植、收穫面積及產量': '未更新', '臺灣地區稻米生產價值': '未更新', '臺灣地區蔬菜生產概況': '未更新', '臺灣地區農產品生產量值': '未更新', '農情調查': '未更新', '農產品交易行情': '未更新', '農產品產地價格(月平均價格)': '未更新', '農產品產地價格資料': '未更新', '雜糧生產概況': '未更新'}
2026-01-25 23:35:33,345 - SUCCESS - 更新結果儲存成功:{'全國單日平均糧價': '未更新', '各觀測站近兩年降雨量': '未更新', '產銷履歷與有機蔬果行情': '未更新', '糧價查詢': '未更新', '臺灣地區果品生產概況': '未更新', '臺灣地區特用作物生產概況': '未更新', '臺灣地區稻作種植、收穫面積及產量': '未更新', '臺灣地區稻米生產價值': '未更新', '臺灣地區蔬菜生產概況': '未更新', '臺灣地區農產品生產量值': '未更新', '農情調查': '未更新', '農產品交易行情': '未更新', '農產品產地價格(月平均價格)': '未更新', '農產品產地價格資料': '未更新', '雜糧生產概況': '未更新'}
