2025-11-27 01:34:41,802 - SUCCESS - 成功提取 '全國單日平均糧價' 的網頁 Metadata。
2025-11-27 01:34:41,802 - SUCCESS - 成功提取 '全國單日平均糧價' 的網頁 Metadata。
2025-11-27 01:34:41,866 - SUCCESS - '全國單日平均糧價' 的 Metadata 已更新到 metadata.json。
2025-11-27 01:34:41,866 - SUCCESS - '全國單日平均糧價' 的 Metadata 已更新到 metadata.json。
2025-11-27 01:34:43,120 - SUCCESS - <全國單日平均糧價>的資料已下載完成，共 9116 筆資料。
2025-11-27 01:34:43,120 - SUCCESS - <全國單日平均糧價>的資料已下載完成，共 9116 筆資料。
2025-11-27 01:34:44,093 - SUCCESS - 已下載、去重並合併資料完成現有資料 9116 條，新資料 1 條。
2025-11-27 01:34:44,093 - SUCCESS - 已下載、去重並合併資料完成現有資料 9116 條，新資料 1 條。
2025-11-27 01:34:44,165 - SUCCESS - 已下載 '全國單日平均糧價' 的原始 JSON 資料路徑: 'C:\Python\data_moa_gov_tw\raw_data\全國單日平均糧價\全國單日平均糧價.json'
2025-11-27 01:34:44,165 - SUCCESS - 已下載 '全國單日平均糧價' 的原始 JSON 資料路徑: 'C:\Python\data_moa_gov_tw\raw_data\全國單日平均糧價\全國單日平均糧價.json'
2025-11-27 01:34:44,240 - SUCCESS - 插入或更新 '全國單日平均糧價' 的 Metadata 成功。
2025-11-27 01:34:44,240 - SUCCESS - 插入或更新 '全國單日平均糧價' 的 Metadata 成功。
2025-11-27 01:34:44,250 - SUCCESS - 已成功批量插入 '全國單日平均糧價' 的總計 1 條記錄到表格 '1040001' 。
2025-11-27 01:34:44,250 - SUCCESS - 已成功批量插入 '全國單日平均糧價' 的總計 1 條記錄到表格 '1040001' 。
2025-11-27 01:34:44,257 - SUCCESS - '全國單日平均糧價' 的自動更新完成。
2025-11-27 01:34:44,257 - SUCCESS - '全國單日平均糧價' 的自動更新完成。
2025-11-27 01:34:45,548 - SUCCESS - 成功提取 '各觀測站近兩年降雨量' 的網頁 Metadata。
2025-11-27 01:34:45,548 - SUCCESS - 成功提取 '各觀測站近兩年降雨量' 的網頁 Metadata。
2025-11-27 01:34:46,856 - SUCCESS - 成功提取 '產銷履歷與有機蔬果行情' 的網頁 Metadata。
2025-11-27 01:34:46,856 - SUCCESS - 成功提取 '產銷履歷與有機蔬果行情' 的網頁 Metadata。
2025-11-27 01:34:46,895 - SUCCESS - '產銷履歷與有機蔬果行情' 的 Metadata 已更新到 metadata.json。
2025-11-27 01:34:46,895 - SUCCESS - '產銷履歷與有機蔬果行情' 的 Metadata 已更新到 metadata.json。
2025-11-27 01:35:09,656 - SUCCESS - <產銷履歷與有機蔬果行情>的資料已下載完成，共 4604 筆資料。
2025-11-27 01:35:09,656 - SUCCESS - <產銷履歷與有機蔬果行情>的資料已下載完成，共 4604 筆資料。
2025-11-27 01:35:27,704 - SUCCESS - 已下載、去重並合併資料完成現有資料 241009 條，新資料 2260 條。
2025-11-27 01:35:27,704 - SUCCESS - 已下載、去重並合併資料完成現有資料 241009 條，新資料 2260 條。
2025-11-27 01:35:28,981 - SUCCESS - 已下載 '產銷履歷與有機蔬果行情' 的原始 JSON 資料路徑: 'C:\Python\data_moa_gov_tw\raw_data\產銷履歷與有機蔬果行情\產銷履歷與有機蔬果行情.json'
2025-11-27 01:35:28,981 - SUCCESS - 已下載 '產銷履歷與有機蔬果行情' 的原始 JSON 資料路徑: 'C:\Python\data_moa_gov_tw\raw_data\產銷履歷與有機蔬果行情\產銷履歷與有機蔬果行情.json'
2025-11-27 01:35:28,983 - SUCCESS - 插入或更新 '產銷履歷與有機蔬果行情' 的 Metadata 成功。
2025-11-27 01:35:28,983 - SUCCESS - 插入或更新 '產銷履歷與有機蔬果行情' 的 Metadata 成功。
2025-11-27 01:35:29,815 - SUCCESS - 已成功批量插入 '產銷履歷與有機蔬果行情' 的總計 2260 條記錄到表格 '1040003' 。
2025-11-27 01:35:29,815 - SUCCESS - 已成功批量插入 '產銷履歷與有機蔬果行情' 的總計 2260 條記錄到表格 '1040003' 。
2025-11-27 01:35:29,882 - SUCCESS - '產銷履歷與有機蔬果行情' 的自動更新完成。
2025-11-27 01:35:29,882 - SUCCESS - '產銷履歷與有機蔬果行情' 的自動更新完成。
2025-11-27 01:35:31,179 - SUCCESS - 成功提取 '糧價查詢' 的網頁 Metadata。
2025-11-27 01:35:31,179 - SUCCESS - 成功提取 '糧價查詢' 的網頁 Metadata。
2025-11-27 01:35:31,206 - SUCCESS - '糧價查詢' 的 Metadata 已更新到 metadata.json。
2025-11-27 01:35:31,206 - SUCCESS - '糧價查詢' 的 Metadata 已更新到 metadata.json。
2025-11-27 01:35:33,581 - SUCCESS - <糧價查詢>的資料已下載完成，共 9999 筆資料。
2025-11-27 01:35:33,581 - SUCCESS - <糧價查詢>的資料已下載完成，共 9999 筆資料。
2025-11-27 01:35:47,975 - SUCCESS - 已下載、去重並合併資料完成現有資料 240903 條，新資料 20 條。
2025-11-27 01:35:47,975 - SUCCESS - 已下載、去重並合併資料完成現有資料 240903 條，新資料 20 條。
2025-11-27 01:35:48,975 - SUCCESS - 已下載 '糧價查詢' 的原始 JSON 資料路徑: 'C:\Python\data_moa_gov_tw\raw_data\糧價查詢\糧價查詢.json'
2025-11-27 01:35:48,975 - SUCCESS - 已下載 '糧價查詢' 的原始 JSON 資料路徑: 'C:\Python\data_moa_gov_tw\raw_data\糧價查詢\糧價查詢.json'
2025-11-27 01:35:48,981 - SUCCESS - 插入或更新 '糧價查詢' 的 Metadata 成功。
2025-11-27 01:35:48,981 - SUCCESS - 插入或更新 '糧價查詢' 的 Metadata 成功。
2025-11-27 01:35:49,000 - SUCCESS - 已成功批量插入 '糧價查詢' 的總計 20 條記錄到表格 '1040004' 。
2025-11-27 01:35:49,000 - SUCCESS - 已成功批量插入 '糧價查詢' 的總計 20 條記錄到表格 '1040004' 。
2025-11-27 01:35:49,096 - SUCCESS - '糧價查詢' 的自動更新完成。
2025-11-27 01:35:49,096 - SUCCESS - '糧價查詢' 的自動更新完成。
2025-11-27 01:35:50,408 - SUCCESS - 成功提取 '臺灣地區果品生產概況' 的網頁 Metadata。
2025-11-27 01:35:50,408 - SUCCESS - 成功提取 '臺灣地區果品生產概況' 的網頁 Metadata。
2025-11-27 01:35:52,239 - SUCCESS - 成功提取 '臺灣地區特用作物生產概況' 的網頁 Metadata。
2025-11-27 01:35:52,239 - SUCCESS - 成功提取 '臺灣地區特用作物生產概況' 的網頁 Metadata。
2025-11-27 01:35:53,838 - SUCCESS - 成功提取 '臺灣地區稻作種植、收穫面積及產量' 的網頁 Metadata。
2025-11-27 01:35:53,838 - SUCCESS - 成功提取 '臺灣地區稻作種植、收穫面積及產量' 的網頁 Metadata。
2025-11-27 01:35:55,288 - SUCCESS - 成功提取 '臺灣地區稻米生產價值' 的網頁 Metadata。
2025-11-27 01:35:55,288 - SUCCESS - 成功提取 '臺灣地區稻米生產價值' 的網頁 Metadata。
2025-11-27 01:35:57,053 - SUCCESS - 成功提取 '臺灣地區蔬菜生產概況' 的網頁 Metadata。
2025-11-27 01:35:57,053 - SUCCESS - 成功提取 '臺灣地區蔬菜生產概況' 的網頁 Metadata。
2025-11-27 01:35:58,264 - SUCCESS - 成功提取 '臺灣地區農產品生產量值' 的網頁 Metadata。
2025-11-27 01:35:58,264 - SUCCESS - 成功提取 '臺灣地區農產品生產量值' 的網頁 Metadata。
2025-11-27 01:35:59,656 - SUCCESS - 成功提取 '農情調查' 的網頁 Metadata。
2025-11-27 01:35:59,656 - SUCCESS - 成功提取 '農情調查' 的網頁 Metadata。
2025-11-27 01:35:59,695 - SUCCESS - '農情調查' 的 Metadata 已更新到 metadata.json。
2025-11-27 01:35:59,695 - SUCCESS - '農情調查' 的 Metadata 已更新到 metadata.json。
2025-11-27 01:36:03,279 - SUCCESS - <農情調查>的資料已下載完成，共 9999 筆資料。
2025-11-27 01:36:03,279 - SUCCESS - <農情調查>的資料已下載完成，共 9999 筆資料。
2025-11-27 01:36:04,262 - SUCCESS - 已下載、去重並合併資料完成現有資料 45259 條，新資料 0 條。
2025-11-27 01:36:04,262 - SUCCESS - 已下載、去重並合併資料完成現有資料 45259 條，新資料 0 條。
2025-11-27 01:36:04,581 - SUCCESS - 插入或更新 '農情調查' 的 Metadata 成功。
2025-11-27 01:36:04,581 - SUCCESS - 插入或更新 '農情調查' 的 Metadata 成功。
2025-11-27 01:36:04,596 - SUCCESS - '農情調查' 的自動更新完成。
2025-11-27 01:36:04,596 - SUCCESS - '農情調查' 的自動更新完成。
2025-11-27 01:36:06,251 - SUCCESS - 成功提取 '農產品交易行情' 的網頁 Metadata。
2025-11-27 01:36:06,251 - SUCCESS - 成功提取 '農產品交易行情' 的網頁 Metadata。
2025-11-27 01:36:06,284 - SUCCESS - '農產品交易行情' 的 Metadata 已更新到 metadata.json。
2025-11-27 01:36:06,284 - SUCCESS - '農產品交易行情' 的 Metadata 已更新到 metadata.json。
2025-11-27 01:36:41,838 - SUCCESS - <農產品交易行情>的資料已下載完成，共 8847 筆資料。
2025-11-27 01:36:41,838 - SUCCESS - <農產品交易行情>的資料已下載完成，共 8847 筆資料。
2025-11-27 01:37:03,272 - SUCCESS - 已下載、去重並合併資料完成現有資料 466844 條，新資料 3732 條。
2025-11-27 01:37:03,272 - SUCCESS - 已下載、去重並合併資料完成現有資料 466844 條，新資料 3732 條。
2025-11-27 01:37:05,529 - SUCCESS - 已下載 '農產品交易行情' 的原始 JSON 資料路徑: 'C:\Python\data_moa_gov_tw\raw_data\農產品交易行情\農產品交易行情.json'
2025-11-27 01:37:05,529 - SUCCESS - 已下載 '農產品交易行情' 的原始 JSON 資料路徑: 'C:\Python\data_moa_gov_tw\raw_data\農產品交易行情\農產品交易行情.json'
2025-11-27 01:37:05,541 - SUCCESS - 插入或更新 '農產品交易行情' 的 Metadata 成功。
2025-11-27 01:37:05,541 - SUCCESS - 插入或更新 '農產品交易行情' 的 Metadata 成功。
2025-11-27 01:37:07,033 - SUCCESS - 已成功批量插入 '農產品交易行情' 的總計 3730 條記錄到表格 '1040012' 。
2025-11-27 01:37:07,033 - SUCCESS - 已成功批量插入 '農產品交易行情' 的總計 3730 條記錄到表格 '1040012' 。
2025-11-27 01:37:07,218 - SUCCESS - '農產品交易行情' 的自動更新完成。
2025-11-27 01:37:07,218 - SUCCESS - '農產品交易行情' 的自動更新完成。
2025-11-27 01:37:08,872 - SUCCESS - 成功提取 '農產品產地價格(月平均價格)' 的網頁 Metadata。
2025-11-27 01:37:08,872 - SUCCESS - 成功提取 '農產品產地價格(月平均價格)' 的網頁 Metadata。
2025-11-27 01:37:10,218 - SUCCESS - 成功提取 '農產品產地價格資料' 的網頁 Metadata。
2025-11-27 01:37:10,218 - SUCCESS - 成功提取 '農產品產地價格資料' 的網頁 Metadata。
2025-11-27 01:37:10,258 - SUCCESS - '農產品產地價格資料' 的 Metadata 已更新到 metadata.json。
2025-11-27 01:37:10,258 - SUCCESS - '農產品產地價格資料' 的 Metadata 已更新到 metadata.json。
2025-11-27 01:37:10,806 - SUCCESS - <農產品產地價格資料>的資料已下載完成，共 9999 筆資料。
2025-11-27 01:37:10,806 - SUCCESS - <農產品產地價格資料>的資料已下載完成，共 9999 筆資料。
2025-11-27 01:37:54,791 - SUCCESS - 已下載、去重並合併資料完成現有資料 345889 條，新資料 16 條。
2025-11-27 01:37:54,791 - SUCCESS - 已下載、去重並合併資料完成現有資料 345889 條，新資料 16 條。
2025-11-27 01:37:56,664 - SUCCESS - 已下載 '農產品產地價格資料' 的原始 JSON 資料路徑: 'C:\Python\data_moa_gov_tw\raw_data\農產品產地價格資料\農產品產地價格資料.json'
2025-11-27 01:37:56,664 - SUCCESS - 已下載 '農產品產地價格資料' 的原始 JSON 資料路徑: 'C:\Python\data_moa_gov_tw\raw_data\農產品產地價格資料\農產品產地價格資料.json'
2025-11-27 01:37:56,664 - SUCCESS - 插入或更新 '農產品產地價格資料' 的 Metadata 成功。
2025-11-27 01:37:56,664 - SUCCESS - 插入或更新 '農產品產地價格資料' 的 Metadata 成功。
2025-11-27 01:37:56,680 - SUCCESS - 已成功批量插入 '農產品產地價格資料' 的總計 16 條記錄到表格 '1040014' 。
2025-11-27 01:37:56,680 - SUCCESS - 已成功批量插入 '農產品產地價格資料' 的總計 16 條記錄到表格 '1040014' 。
2025-11-27 01:37:56,760 - SUCCESS - '農產品產地價格資料' 的自動更新完成。
2025-11-27 01:37:56,760 - SUCCESS - '農產品產地價格資料' 的自動更新完成。
2025-11-27 01:37:58,115 - SUCCESS - 成功提取 '雜糧生產概況' 的網頁 Metadata。
2025-11-27 01:37:58,115 - SUCCESS - 成功提取 '雜糧生產概況' 的網頁 Metadata。
2025-11-27 01:37:59,121 - SUCCESS - 已成功儲存次要資訊。
2025-11-27 01:37:59,121 - SUCCESS - 已成功儲存次要資訊。
2025-11-27 01:37:59,121 - SUCCESS - 更新結果儲存成功:{'全國單日平均糧價': '已更新', '各觀測站近兩年降雨量': '未更新', '產銷履歷與有機蔬果行情': '已更新', '糧價查詢': '已更新', '臺灣地區果品生產概況': '未更新', '臺灣地區特用作物生產概況': '未更新', '臺灣地區稻作種植、收穫面積及產量': '未更新', '臺灣地區稻米生產價值': '未更新', '臺灣地區蔬菜生產概況': '未更新', '臺灣地區農產品生產量值': '未更新', '農情調查': '已更新', '農產品交易行情': '已更新', '農產品產地價格(月平均價格)': '未更新', '農產品產地價格資料': '已更新', '雜糧生產概況': '未更新'}
2025-11-27 01:37:59,121 - SUCCESS - 更新結果儲存成功:{'全國單日平均糧價': '已更新', '各觀測站近兩年降雨量': '未更新', '產銷履歷與有機蔬果行情': '已更新', '糧價查詢': '已更新', '臺灣地區果品生產概況': '未更新', '臺灣地區特用作物生產概況': '未更新', '臺灣地區稻作種植、收穫面積及產量': '未更新', '臺灣地區稻米生產價值': '未更新', '臺灣地區蔬菜生產概況': '未更新', '臺灣地區農產品生產量值': '未更新', '農情調查': '已更新', '農產品交易行情': '已更新', '農產品產地價格(月平均價格)': '未更新', '農產品產地價格資料': '已更新', '雜糧生產概況': '未更新'}
2025-11-27 23:58:48,809 - SUCCESS - 成功提取 '全國單日平均糧價' 的網頁 Metadata。
2025-11-27 23:58:48,809 - SUCCESS - 成功提取 '全國單日平均糧價' 的網頁 Metadata。
2025-11-27 23:58:48,884 - SUCCESS - '全國單日平均糧價' 的 Metadata 已更新到 metadata.json。
2025-11-27 23:58:48,884 - SUCCESS - '全國單日平均糧價' 的 Metadata 已更新到 metadata.json。
2025-11-27 23:58:51,232 - SUCCESS - <全國單日平均糧價>的資料已下載完成，共 9117 筆資料。
2025-11-27 23:58:51,232 - SUCCESS - <全國單日平均糧價>的資料已下載完成，共 9117 筆資料。
2025-11-27 23:58:53,135 - SUCCESS - 已下載、去重並合併資料完成現有資料 9117 條，新資料 1 條。
2025-11-27 23:58:53,135 - SUCCESS - 已下載、去重並合併資料完成現有資料 9117 條，新資料 1 條。
2025-11-27 23:58:53,255 - SUCCESS - 已下載 '全國單日平均糧價' 的原始 JSON 資料路徑: 'C:\Python\data_moa_gov_tw\raw_data\全國單日平均糧價\全國單日平均糧價.json'
2025-11-27 23:58:53,255 - SUCCESS - 已下載 '全國單日平均糧價' 的原始 JSON 資料路徑: 'C:\Python\data_moa_gov_tw\raw_data\全國單日平均糧價\全國單日平均糧價.json'
2025-11-27 23:58:53,286 - SUCCESS - 插入或更新 '全國單日平均糧價' 的 Metadata 成功。
2025-11-27 23:58:53,286 - SUCCESS - 插入或更新 '全國單日平均糧價' 的 Metadata 成功。
2025-11-27 23:58:53,293 - SUCCESS - 已成功批量插入 '全國單日平均糧價' 的總計 1 條記錄到表格 '1040001' 。
2025-11-27 23:58:53,293 - SUCCESS - 已成功批量插入 '全國單日平均糧價' 的總計 1 條記錄到表格 '1040001' 。
2025-11-27 23:58:53,304 - SUCCESS - '全國單日平均糧價' 的自動更新完成。
2025-11-27 23:58:53,304 - SUCCESS - '全國單日平均糧價' 的自動更新完成。
2025-11-27 23:58:54,536 - SUCCESS - 成功提取 '各觀測站近兩年降雨量' 的網頁 Metadata。
2025-11-27 23:58:54,536 - SUCCESS - 成功提取 '各觀測站近兩年降雨量' 的網頁 Metadata。
2025-11-27 23:58:55,868 - SUCCESS - 成功提取 '產銷履歷與有機蔬果行情' 的網頁 Metadata。
2025-11-27 23:58:55,868 - SUCCESS - 成功提取 '產銷履歷與有機蔬果行情' 的網頁 Metadata。
2025-11-27 23:58:55,973 - SUCCESS - '產銷履歷與有機蔬果行情' 的 Metadata 已更新到 metadata.json。
2025-11-27 23:58:55,973 - SUCCESS - '產銷履歷與有機蔬果行情' 的 Metadata 已更新到 metadata.json。
2025-11-27 23:58:58,420 - SUCCESS - <產銷履歷與有機蔬果行情>的資料已下載完成，共 4377 筆資料。
2025-11-27 23:58:58,420 - SUCCESS - <產銷履歷與有機蔬果行情>的資料已下載完成，共 4377 筆資料。
2025-11-27 23:59:19,989 - SUCCESS - 已下載、去重並合併資料完成現有資料 243126 條，新資料 2117 條。
2025-11-27 23:59:19,989 - SUCCESS - 已下載、去重並合併資料完成現有資料 243126 條，新資料 2117 條。
2025-11-27 23:59:21,620 - SUCCESS - 已下載 '產銷履歷與有機蔬果行情' 的原始 JSON 資料路徑: 'C:\Python\data_moa_gov_tw\raw_data\產銷履歷與有機蔬果行情\產銷履歷與有機蔬果行情.json'
2025-11-27 23:59:21,620 - SUCCESS - 已下載 '產銷履歷與有機蔬果行情' 的原始 JSON 資料路徑: 'C:\Python\data_moa_gov_tw\raw_data\產銷履歷與有機蔬果行情\產銷履歷與有機蔬果行情.json'
2025-11-27 23:59:21,637 - SUCCESS - 插入或更新 '產銷履歷與有機蔬果行情' 的 Metadata 成功。
2025-11-27 23:59:21,637 - SUCCESS - 插入或更新 '產銷履歷與有機蔬果行情' 的 Metadata 成功。
2025-11-27 23:59:23,051 - SUCCESS - 已成功批量插入 '產銷履歷與有機蔬果行情' 的總計 2117 條記錄到表格 '1040003' 。
2025-11-27 23:59:23,051 - SUCCESS - 已成功批量插入 '產銷履歷與有機蔬果行情' 的總計 2117 條記錄到表格 '1040003' 。
2025-11-27 23:59:23,130 - SUCCESS - '產銷履歷與有機蔬果行情' 的自動更新完成。
2025-11-27 23:59:23,130 - SUCCESS - '產銷履歷與有機蔬果行情' 的自動更新完成。
2025-11-27 23:59:25,150 - SUCCESS - 成功提取 '糧價查詢' 的網頁 Metadata。
2025-11-27 23:59:25,150 - SUCCESS - 成功提取 '糧價查詢' 的網頁 Metadata。
2025-11-27 23:59:25,178 - SUCCESS - '糧價查詢' 的 Metadata 已更新到 metadata.json。
2025-11-27 23:59:25,178 - SUCCESS - '糧價查詢' 的 Metadata 已更新到 metadata.json。
2025-11-27 23:59:26,641 - SUCCESS - <糧價查詢>的資料已下載完成，共 9999 筆資料。
2025-11-27 23:59:26,641 - SUCCESS - <糧價查詢>的資料已下載完成，共 9999 筆資料。
2025-11-27 23:59:41,945 - SUCCESS - 已下載、去重並合併資料完成現有資料 240923 條，新資料 20 條。
2025-11-27 23:59:41,945 - SUCCESS - 已下載、去重並合併資料完成現有資料 240923 條，新資料 20 條。
2025-11-27 23:59:43,254 - SUCCESS - 已下載 '糧價查詢' 的原始 JSON 資料路徑: 'C:\Python\data_moa_gov_tw\raw_data\糧價查詢\糧價查詢.json'
2025-11-27 23:59:43,254 - SUCCESS - 已下載 '糧價查詢' 的原始 JSON 資料路徑: 'C:\Python\data_moa_gov_tw\raw_data\糧價查詢\糧價查詢.json'
2025-11-27 23:59:43,302 - SUCCESS - 插入或更新 '糧價查詢' 的 Metadata 成功。
2025-11-27 23:59:43,302 - SUCCESS - 插入或更新 '糧價查詢' 的 Metadata 成功。
2025-11-27 23:59:43,450 - SUCCESS - 已成功批量插入 '糧價查詢' 的總計 20 條記錄到表格 '1040004' 。
2025-11-27 23:59:43,450 - SUCCESS - 已成功批量插入 '糧價查詢' 的總計 20 條記錄到表格 '1040004' 。
2025-11-27 23:59:43,554 - SUCCESS - '糧價查詢' 的自動更新完成。
2025-11-27 23:59:43,554 - SUCCESS - '糧價查詢' 的自動更新完成。
2025-11-27 23:59:44,772 - SUCCESS - 成功提取 '臺灣地區果品生產概況' 的網頁 Metadata。
2025-11-27 23:59:44,772 - SUCCESS - 成功提取 '臺灣地區果品生產概況' 的網頁 Metadata。
2025-11-27 23:59:45,946 - SUCCESS - 成功提取 '臺灣地區特用作物生產概況' 的網頁 Metadata。
2025-11-27 23:59:45,946 - SUCCESS - 成功提取 '臺灣地區特用作物生產概況' 的網頁 Metadata。
2025-11-27 23:59:47,522 - SUCCESS - 成功提取 '臺灣地區稻作種植、收穫面積及產量' 的網頁 Metadata。
2025-11-27 23:59:47,522 - SUCCESS - 成功提取 '臺灣地區稻作種植、收穫面積及產量' 的網頁 Metadata。
2025-11-27 23:59:49,084 - SUCCESS - 成功提取 '臺灣地區稻米生產價值' 的網頁 Metadata。
2025-11-27 23:59:49,084 - SUCCESS - 成功提取 '臺灣地區稻米生產價值' 的網頁 Metadata。
2025-11-27 23:59:50,248 - SUCCESS - 成功提取 '臺灣地區蔬菜生產概況' 的網頁 Metadata。
2025-11-27 23:59:50,248 - SUCCESS - 成功提取 '臺灣地區蔬菜生產概況' 的網頁 Metadata。
2025-11-27 23:59:51,429 - SUCCESS - 成功提取 '臺灣地區農產品生產量值' 的網頁 Metadata。
2025-11-27 23:59:51,429 - SUCCESS - 成功提取 '臺灣地區農產品生產量值' 的網頁 Metadata。
2025-11-27 23:59:55,680 - SUCCESS - 成功提取 '農情調查' 的網頁 Metadata。
2025-11-27 23:59:55,680 - SUCCESS - 成功提取 '農情調查' 的網頁 Metadata。
2025-11-27 23:59:55,723 - SUCCESS - '農情調查' 的 Metadata 已更新到 metadata.json。
2025-11-27 23:59:55,723 - SUCCESS - '農情調查' 的 Metadata 已更新到 metadata.json。
2025-11-27 23:59:57,196 - SUCCESS - <農情調查>的資料已下載完成，共 9999 筆資料。
2025-11-27 23:59:57,196 - SUCCESS - <農情調查>的資料已下載完成，共 9999 筆資料。
2025-11-27 23:59:58,275 - SUCCESS - 已下載、去重並合併資料完成現有資料 45259 條，新資料 0 條。
2025-11-27 23:59:58,275 - SUCCESS - 已下載、去重並合併資料完成現有資料 45259 條，新資料 0 條。
2025-11-27 23:59:58,597 - SUCCESS - 插入或更新 '農情調查' 的 Metadata 成功。
2025-11-27 23:59:58,597 - SUCCESS - 插入或更新 '農情調查' 的 Metadata 成功。
2025-11-27 23:59:58,613 - SUCCESS - '農情調查' 的自動更新完成。
2025-11-27 23:59:58,613 - SUCCESS - '農情調查' 的自動更新完成。
2025-11-28 00:00:00,150 - SUCCESS - 成功提取 '農產品交易行情' 的網頁 Metadata。
2025-11-28 00:00:00,150 - SUCCESS - 成功提取 '農產品交易行情' 的網頁 Metadata。
2025-11-28 00:00:00,190 - SUCCESS - '農產品交易行情' 的 Metadata 已更新到 metadata.json。
2025-11-28 00:00:00,190 - SUCCESS - '農產品交易行情' 的 Metadata 已更新到 metadata.json。
2025-11-28 00:00:14,425 - SUCCESS - <農產品交易行情>的資料已下載完成，共 10772 筆資料。
2025-11-28 00:00:14,425 - SUCCESS - <農產品交易行情>的資料已下載完成，共 10772 筆資料。
2025-11-28 00:00:37,685 - SUCCESS - 已下載、去重並合併資料完成現有資料 470197 條，新資料 3353 條。
2025-11-28 00:00:37,685 - SUCCESS - 已下載、去重並合併資料完成現有資料 470197 條，新資料 3353 條。
2025-11-28 00:00:40,122 - SUCCESS - 已下載 '農產品交易行情' 的原始 JSON 資料路徑: 'C:\Python\data_moa_gov_tw\raw_data\農產品交易行情\農產品交易行情.json'
2025-11-28 00:00:40,122 - SUCCESS - 已下載 '農產品交易行情' 的原始 JSON 資料路徑: 'C:\Python\data_moa_gov_tw\raw_data\農產品交易行情\農產品交易行情.json'
2025-11-28 00:00:40,128 - SUCCESS - 插入或更新 '農產品交易行情' 的 Metadata 成功。
2025-11-28 00:00:40,128 - SUCCESS - 插入或更新 '農產品交易行情' 的 Metadata 成功。
2025-11-28 00:00:41,723 - SUCCESS - 已成功批量插入 '農產品交易行情' 的總計 3353 條記錄到表格 '1040012' 。
2025-11-28 00:00:41,723 - SUCCESS - 已成功批量插入 '農產品交易行情' 的總計 3353 條記錄到表格 '1040012' 。
2025-11-28 00:00:41,939 - SUCCESS - '農產品交易行情' 的自動更新完成。
2025-11-28 00:00:41,939 - SUCCESS - '農產品交易行情' 的自動更新完成。
2025-11-28 00:00:43,352 - SUCCESS - 成功提取 '農產品產地價格(月平均價格)' 的網頁 Metadata。
2025-11-28 00:00:43,352 - SUCCESS - 成功提取 '農產品產地價格(月平均價格)' 的網頁 Metadata。
2025-11-28 00:00:44,535 - SUCCESS - 成功提取 '農產品產地價格資料' 的網頁 Metadata。
2025-11-28 00:00:44,535 - SUCCESS - 成功提取 '農產品產地價格資料' 的網頁 Metadata。
2025-11-28 00:00:46,450 - SUCCESS - 成功提取 '雜糧生產概況' 的網頁 Metadata。
2025-11-28 00:00:46,450 - SUCCESS - 成功提取 '雜糧生產概況' 的網頁 Metadata。
2025-11-28 00:00:47,457 - SUCCESS - 已成功儲存次要資訊。
2025-11-28 00:00:47,457 - SUCCESS - 已成功儲存次要資訊。
2025-11-28 00:00:47,457 - SUCCESS - 更新結果儲存成功:{'全國單日平均糧價': '已更新', '各觀測站近兩年降雨量': '未更新', '產銷履歷與有機蔬果行情': '已更新', '糧價查詢': '已更新', '臺灣地區果品生產概況': '未更新', '臺灣地區特用作物生產概況': '未更新', '臺灣地區稻作種植、收穫面積及產量': '未更新', '臺灣地區稻米生產價值': '未更新', '臺灣地區蔬菜生產概況': '未更新', '臺灣地區農產品生產量值': '未更新', '農情調查': '已更新', '農產品交易行情': '已更新', '農產品產地價格(月平均價格)': '未更新', '農產品產地價格資料': '未更新', '雜糧生產概況': '未更新'}
2025-11-28 00:00:47,457 - SUCCESS - 更新結果儲存成功:{'全國單日平均糧價': '已更新', '各觀測站近兩年降雨量': '未更新', '產銷履歷與有機蔬果行情': '已更新', '糧價查詢': '已更新', '臺灣地區果品生產概況': '未更新', '臺灣地區特用作物生產概況': '未更新', '臺灣地區稻作種植、收穫面積及產量': '未更新', '臺灣地區稻米生產價值': '未更新', '臺灣地區蔬菜生產概況': '未更新', '臺灣地區農產品生產量值': '未更新', '農情調查': '已更新', '農產品交易行情': '已更新', '農產品產地價格(月平均價格)': '未更新', '農產品產地價格資料': '未更新', '雜糧生產概況': '未更新'}
