2026-02-22 00:13:38,948 - SUCCESS - 成功提取 '臺灣地區稻作種植、收穫面積及產量' 的網頁 Metadata。
2026-02-22 00:13:38,948 - SUCCESS - 成功提取 '臺灣地區稻作種植、收穫面積及產量' 的網頁 Metadata。
2026-02-22 00:13:40,182 - SUCCESS - 成功提取 '臺灣地區稻米生產價值' 的網頁 Metadata。
2026-02-22 00:13:40,182 - SUCCESS - 成功提取 '臺灣地區稻米生產價值' 的網頁 Metadata。
2026-02-22 00:13:41,417 - SUCCESS - 成功提取 '臺灣地區農產品生產量值' 的網頁 Metadata。
2026-02-22 00:13:41,417 - SUCCESS - 成功提取 '臺灣地區農產品生產量值' 的網頁 Metadata。
2026-02-22 00:13:42,714 - SUCCESS - 成功提取 '雜糧生產概況' 的網頁 Metadata。
2026-02-22 00:13:42,714 - SUCCESS - 成功提取 '雜糧生產概況' 的網頁 Metadata。
2026-02-22 00:13:44,112 - SUCCESS - 成功提取 '農產品產地價格(月平均價格)' 的網頁 Metadata。
2026-02-22 00:13:44,112 - SUCCESS - 成功提取 '農產品產地價格(月平均價格)' 的網頁 Metadata。
2026-02-22 00:13:45,400 - SUCCESS - 成功提取 '臺灣地區蔬菜生產概況' 的網頁 Metadata。
2026-02-22 00:13:45,400 - SUCCESS - 成功提取 '臺灣地區蔬菜生產概況' 的網頁 Metadata。
2026-02-22 00:13:46,613 - SUCCESS - 成功提取 '各觀測站近兩年降雨量' 的網頁 Metadata。
2026-02-22 00:13:46,613 - SUCCESS - 成功提取 '各觀測站近兩年降雨量' 的網頁 Metadata。
2026-02-22 00:13:47,870 - SUCCESS - 成功提取 '臺灣地區果品生產概況' 的網頁 Metadata。
2026-02-22 00:13:47,870 - SUCCESS - 成功提取 '臺灣地區果品生產概況' 的網頁 Metadata。
2026-02-22 00:13:49,094 - SUCCESS - 成功提取 '臺灣地區特用作物生產概況' 的網頁 Metadata。
2026-02-22 00:13:49,094 - SUCCESS - 成功提取 '臺灣地區特用作物生產概況' 的網頁 Metadata。
2026-02-22 00:13:50,290 - SUCCESS - 成功提取 '農產品產地價格資料' 的網頁 Metadata。
2026-02-22 00:13:50,290 - SUCCESS - 成功提取 '農產品產地價格資料' 的網頁 Metadata。
2026-02-22 00:13:50,363 - SUCCESS - '農產品產地價格資料' 的 Metadata 已更新到 metadata.json。
2026-02-22 00:13:50,363 - SUCCESS - '農產品產地價格資料' 的 Metadata 已更新到 metadata.json。
2026-02-22 00:23:51,201 - SUCCESS - <農產品產地價格資料>的資料已下載完成，共 9999 筆資料。
2026-02-22 00:23:51,201 - SUCCESS - <農產品產地價格資料>的資料已下載完成，共 9999 筆資料。
2026-02-22 00:23:52,548 - SUCCESS - 已下載、去重並合併資料完成現有資料 9999 條，新資料 9999 條。
2026-02-22 00:23:52,548 - SUCCESS - 已下載、去重並合併資料完成現有資料 9999 條，新資料 9999 條。
2026-02-22 00:23:54,172 - SUCCESS - 插入或更新 '農產品產地價格資料' 的 Metadata 成功。
2026-02-22 00:23:54,172 - SUCCESS - 插入或更新 '農產品產地價格資料' 的 Metadata 成功。
2026-02-22 00:23:54,175 - SUCCESS - '農產品產地價格資料' 的自動更新完成。
2026-02-22 00:23:54,175 - SUCCESS - '農產品產地價格資料' 的自動更新完成。
2026-02-22 00:23:55,397 - SUCCESS - 成功提取 '糧價查詢' 的網頁 Metadata。
2026-02-22 00:23:55,397 - SUCCESS - 成功提取 '糧價查詢' 的網頁 Metadata。
2026-02-22 00:23:55,440 - SUCCESS - '糧價查詢' 的 Metadata 已更新到 metadata.json。
2026-02-22 00:23:55,440 - SUCCESS - '糧價查詢' 的 Metadata 已更新到 metadata.json。
2026-02-22 00:23:59,552 - SUCCESS - <糧價查詢>的資料已下載完成，共 9999 筆資料。
2026-02-22 00:23:59,552 - SUCCESS - <糧價查詢>的資料已下載完成，共 9999 筆資料。
2026-02-22 00:23:59,776 - SUCCESS - 已下載、去重並合併資料完成現有資料 8340 條，新資料 8340 條。
2026-02-22 00:23:59,776 - SUCCESS - 已下載、去重並合併資料完成現有資料 8340 條，新資料 8340 條。
2026-02-22 00:24:00,789 - SUCCESS - 已下載 '糧價查詢' 的原始 JSON 資料路徑: 'C:\Python\data_moa_gov_tw\raw_data\糧價查詢.json'
2026-02-22 00:24:00,789 - SUCCESS - 已下載 '糧價查詢' 的原始 JSON 資料路徑: 'C:\Python\data_moa_gov_tw\raw_data\糧價查詢.json'
2026-02-22 00:24:00,797 - SUCCESS - 插入或更新 '糧價查詢' 的 Metadata 成功。
2026-02-22 00:24:00,797 - SUCCESS - 插入或更新 '糧價查詢' 的 Metadata 成功。
2026-02-22 00:24:00,838 - SUCCESS - 已成功批量插入 '糧價查詢' 的總計 20 條記錄到表格 '1040004' 。
2026-02-22 00:24:00,838 - SUCCESS - 已成功批量插入 '糧價查詢' 的總計 20 條記錄到表格 '1040004' 。
2026-02-22 00:24:00,843 - SUCCESS - '糧價查詢' 的自動更新完成。
2026-02-22 00:24:00,843 - SUCCESS - '糧價查詢' 的自動更新完成。
2026-02-22 00:24:02,113 - SUCCESS - 成功提取 '農產品交易行情' 的網頁 Metadata。
2026-02-22 00:24:02,113 - SUCCESS - 成功提取 '農產品交易行情' 的網頁 Metadata。
2026-02-22 00:24:02,169 - SUCCESS - '農產品交易行情' 的 Metadata 已更新到 metadata.json。
2026-02-22 00:24:02,169 - SUCCESS - '農產品交易行情' 的 Metadata 已更新到 metadata.json。
2026-02-22 00:24:09,605 - SUCCESS - <農產品交易行情>的資料已下載完成，共 1567 筆資料。
2026-02-22 00:24:09,605 - SUCCESS - <農產品交易行情>的資料已下載完成，共 1567 筆資料。
2026-02-22 00:24:09,655 - SUCCESS - 已下載、去重並合併資料完成現有資料 1567 條，新資料 1567 條。
2026-02-22 00:24:09,655 - SUCCESS - 已下載、去重並合併資料完成現有資料 1567 條，新資料 1567 條。
2026-02-22 00:24:15,502 - SUCCESS - 已下載 '農產品交易行情' 的原始 JSON 資料路徑: 'C:\Python\data_moa_gov_tw\raw_data\農產品交易行情.json'
2026-02-22 00:24:15,502 - SUCCESS - 已下載 '農產品交易行情' 的原始 JSON 資料路徑: 'C:\Python\data_moa_gov_tw\raw_data\農產品交易行情.json'
2026-02-22 00:24:15,510 - SUCCESS - 插入或更新 '農產品交易行情' 的 Metadata 成功。
2026-02-22 00:24:15,510 - SUCCESS - 插入或更新 '農產品交易行情' 的 Metadata 成功。
2026-02-22 00:24:16,159 - SUCCESS - 已成功批量插入 '農產品交易行情' 的總計 1390 條記錄到表格 '1040012' 。
2026-02-22 00:24:16,159 - SUCCESS - 已成功批量插入 '農產品交易行情' 的總計 1390 條記錄到表格 '1040012' 。
2026-02-22 00:24:16,161 - SUCCESS - '農產品交易行情' 的自動更新完成。
2026-02-22 00:24:16,161 - SUCCESS - '農產品交易行情' 的自動更新完成。
2026-02-22 00:24:17,379 - SUCCESS - 成功提取 '全國單日平均糧價' 的網頁 Metadata。
2026-02-22 00:24:17,379 - SUCCESS - 成功提取 '全國單日平均糧價' 的網頁 Metadata。
2026-02-22 00:24:17,429 - SUCCESS - '全國單日平均糧價' 的 Metadata 已更新到 metadata.json。
2026-02-22 00:24:17,429 - SUCCESS - '全國單日平均糧價' 的 Metadata 已更新到 metadata.json。
2026-02-22 00:24:20,221 - SUCCESS - <全國單日平均糧價>的資料已下載完成，共 9202 筆資料。
2026-02-22 00:24:20,221 - SUCCESS - <全國單日平均糧價>的資料已下載完成，共 9202 筆資料。
2026-02-22 00:24:20,385 - SUCCESS - 已下載、去重並合併資料完成現有資料 416 條，新資料 416 條。
2026-02-22 00:24:20,385 - SUCCESS - 已下載、去重並合併資料完成現有資料 416 條，新資料 416 條。
2026-02-22 00:24:20,521 - SUCCESS - 已下載 '全國單日平均糧價' 的原始 JSON 資料路徑: 'C:\Python\data_moa_gov_tw\raw_data\全國單日平均糧價.json'
2026-02-22 00:24:20,521 - SUCCESS - 已下載 '全國單日平均糧價' 的原始 JSON 資料路徑: 'C:\Python\data_moa_gov_tw\raw_data\全國單日平均糧價.json'
2026-02-22 00:24:20,528 - SUCCESS - 插入或更新 '全國單日平均糧價' 的 Metadata 成功。
2026-02-22 00:24:20,528 - SUCCESS - 插入或更新 '全國單日平均糧價' 的 Metadata 成功。
2026-02-22 00:24:20,544 - SUCCESS - 已成功批量插入 '全國單日平均糧價' 的總計 1 條記錄到表格 '1040001' 。
2026-02-22 00:24:20,544 - SUCCESS - 已成功批量插入 '全國單日平均糧價' 的總計 1 條記錄到表格 '1040001' 。
2026-02-22 00:24:20,545 - SUCCESS - '全國單日平均糧價' 的自動更新完成。
2026-02-22 00:24:20,545 - SUCCESS - '全國單日平均糧價' 的自動更新完成。
2026-02-22 00:24:21,909 - SUCCESS - 成功提取 '產銷履歷與有機蔬果行情' 的網頁 Metadata。
2026-02-22 00:24:21,909 - SUCCESS - 成功提取 '產銷履歷與有機蔬果行情' 的網頁 Metadata。
2026-02-22 00:24:21,955 - SUCCESS - '產銷履歷與有機蔬果行情' 的 Metadata 已更新到 metadata.json。
2026-02-22 00:24:21,955 - SUCCESS - '產銷履歷與有機蔬果行情' 的 Metadata 已更新到 metadata.json。
2026-02-22 00:24:23,288 - SUCCESS - <產銷履歷與有機蔬果行情>的資料已下載完成，共 162 筆資料。
2026-02-22 00:24:23,288 - SUCCESS - <產銷履歷與有機蔬果行情>的資料已下載完成，共 162 筆資料。
2026-02-22 00:24:23,307 - SUCCESS - 已下載、去重並合併資料完成現有資料 162 條，新資料 162 條。
2026-02-22 00:24:23,307 - SUCCESS - 已下載、去重並合併資料完成現有資料 162 條，新資料 162 條。
2026-02-22 00:24:26,296 - SUCCESS - 已下載 '產銷履歷與有機蔬果行情' 的原始 JSON 資料路徑: 'C:\Python\data_moa_gov_tw\raw_data\產銷履歷與有機蔬果行情.json'
2026-02-22 00:24:26,296 - SUCCESS - 已下載 '產銷履歷與有機蔬果行情' 的原始 JSON 資料路徑: 'C:\Python\data_moa_gov_tw\raw_data\產銷履歷與有機蔬果行情.json'
2026-02-22 00:24:26,303 - SUCCESS - 插入或更新 '產銷履歷與有機蔬果行情' 的 Metadata 成功。
2026-02-22 00:24:26,303 - SUCCESS - 插入或更新 '產銷履歷與有機蔬果行情' 的 Metadata 成功。
2026-02-22 00:24:26,372 - SUCCESS - 已成功批量插入 '產銷履歷與有機蔬果行情' 的總計 82 條記錄到表格 '1040003' 。
2026-02-22 00:24:26,372 - SUCCESS - 已成功批量插入 '產銷履歷與有機蔬果行情' 的總計 82 條記錄到表格 '1040003' 。
2026-02-22 00:24:26,373 - SUCCESS - '產銷履歷與有機蔬果行情' 的自動更新完成。
2026-02-22 00:24:26,373 - SUCCESS - '產銷履歷與有機蔬果行情' 的自動更新完成。
2026-02-22 00:24:27,665 - SUCCESS - 成功提取 '農情調查' 的網頁 Metadata。
2026-02-22 00:24:27,665 - SUCCESS - 成功提取 '農情調查' 的網頁 Metadata。
2026-02-22 00:24:27,730 - SUCCESS - '農情調查' 的 Metadata 已更新到 metadata.json。
2026-02-22 00:24:27,730 - SUCCESS - '農情調查' 的 Metadata 已更新到 metadata.json。
2026-02-22 00:24:34,333 - SUCCESS - <農情調查>的資料已下載完成，共 9999 筆資料。
2026-02-22 00:24:34,333 - SUCCESS - <農情調查>的資料已下載完成，共 9999 筆資料。
2026-02-22 00:24:34,352 - SUCCESS - 已下載、去重並合併資料完成現有資料 0 條，新資料 0 條。
2026-02-22 00:24:34,352 - SUCCESS - 已下載、去重並合併資料完成現有資料 0 條，新資料 0 條。
2026-02-22 00:24:34,359 - SUCCESS - 插入或更新 '農情調查' 的 Metadata 成功。
2026-02-22 00:24:34,359 - SUCCESS - 插入或更新 '農情調查' 的 Metadata 成功。
2026-02-22 00:24:34,360 - SUCCESS - '農情調查' 的自動更新完成。
2026-02-22 00:24:34,360 - SUCCESS - '農情調查' 的自動更新完成。
2026-02-22 00:24:35,403 - SUCCESS - 已成功儲存次要資訊到資料庫。
2026-02-22 00:24:35,403 - SUCCESS - 已成功儲存次要資訊到資料庫。
2026-02-22 00:24:35,403 - SUCCESS - 更新結果:{'臺灣地區稻作種植、收穫面積及產量': '未更新', '臺灣地區稻米生產價值': '未更新', '臺灣地區農產品生產量值': '未更新', '雜糧生產概況': '未更新', '農產品產地價格(月平均價格)': '未更新', '臺灣地區蔬菜生產概況': '未更新', '各觀測站近兩年降雨量': '未更新', '臺灣地區果品生產概況': '未更新', '臺灣地區特用作物生產概況': '未更新', '農產品產地價格資料': '已更新', '糧價查詢': '已更新', '農產品交易行情': '已更新', '全國單日平均糧價': '已更新', '產銷履歷與有機蔬果行情': '已更新', '農情調查': '已更新'}
2026-02-22 00:24:35,403 - SUCCESS - 更新結果:{'臺灣地區稻作種植、收穫面積及產量': '未更新', '臺灣地區稻米生產價值': '未更新', '臺灣地區農產品生產量值': '未更新', '雜糧生產概況': '未更新', '農產品產地價格(月平均價格)': '未更新', '臺灣地區蔬菜生產概況': '未更新', '各觀測站近兩年降雨量': '未更新', '臺灣地區果品生產概況': '未更新', '臺灣地區特用作物生產概況': '未更新', '農產品產地價格資料': '已更新', '糧價查詢': '已更新', '農產品交易行情': '已更新', '全國單日平均糧價': '已更新', '產銷履歷與有機蔬果行情': '已更新', '農情調查': '已更新'}
2026-02-22 22:49:58,378 - SUCCESS - 成功提取 '臺灣地區稻作種植、收穫面積及產量' 的網頁 Metadata。
2026-02-22 22:49:58,378 - SUCCESS - 成功提取 '臺灣地區稻作種植、收穫面積及產量' 的網頁 Metadata。
2026-02-22 22:50:00,094 - SUCCESS - 成功提取 '臺灣地區稻米生產價值' 的網頁 Metadata。
2026-02-22 22:50:00,094 - SUCCESS - 成功提取 '臺灣地區稻米生產價值' 的網頁 Metadata。
2026-02-22 22:50:01,582 - SUCCESS - 成功提取 '臺灣地區農產品生產量值' 的網頁 Metadata。
2026-02-22 22:50:01,582 - SUCCESS - 成功提取 '臺灣地區農產品生產量值' 的網頁 Metadata。
2026-02-22 22:50:03,191 - SUCCESS - 成功提取 '雜糧生產概況' 的網頁 Metadata。
2026-02-22 22:50:03,191 - SUCCESS - 成功提取 '雜糧生產概況' 的網頁 Metadata。
2026-02-22 22:50:05,153 - SUCCESS - 成功提取 '農產品產地價格(月平均價格)' 的網頁 Metadata。
2026-02-22 22:50:05,153 - SUCCESS - 成功提取 '農產品產地價格(月平均價格)' 的網頁 Metadata。
2026-02-22 22:50:06,891 - SUCCESS - 成功提取 '臺灣地區蔬菜生產概況' 的網頁 Metadata。
2026-02-22 22:50:06,891 - SUCCESS - 成功提取 '臺灣地區蔬菜生產概況' 的網頁 Metadata。
2026-02-22 22:50:08,587 - SUCCESS - 成功提取 '各觀測站近兩年降雨量' 的網頁 Metadata。
2026-02-22 22:50:08,587 - SUCCESS - 成功提取 '各觀測站近兩年降雨量' 的網頁 Metadata。
2026-02-22 22:50:10,663 - SUCCESS - 成功提取 '臺灣地區果品生產概況' 的網頁 Metadata。
2026-02-22 22:50:10,663 - SUCCESS - 成功提取 '臺灣地區果品生產概況' 的網頁 Metadata。
2026-02-22 22:50:12,088 - SUCCESS - 成功提取 '臺灣地區特用作物生產概況' 的網頁 Metadata。
2026-02-22 22:50:12,088 - SUCCESS - 成功提取 '臺灣地區特用作物生產概況' 的網頁 Metadata。
2026-02-22 22:50:13,488 - SUCCESS - 成功提取 '農產品產地價格資料' 的網頁 Metadata。
2026-02-22 22:50:13,488 - SUCCESS - 成功提取 '農產品產地價格資料' 的網頁 Metadata。
2026-02-22 22:50:13,543 - SUCCESS - '農產品產地價格資料' 的 Metadata 已更新到 metadata.json。
2026-02-22 22:50:13,543 - SUCCESS - '農產品產地價格資料' 的 Metadata 已更新到 metadata.json。
2026-02-22 22:50:14,868 - SUCCESS - <農產品產地價格資料>的資料已下載完成，共 9999 筆資料。
2026-02-22 22:50:14,868 - SUCCESS - <農產品產地價格資料>的資料已下載完成，共 9999 筆資料。
2026-02-22 22:50:16,250 - SUCCESS - 已下載、去重並合併資料完成現有資料 9999 條，新資料 9999 條。
2026-02-22 22:50:16,250 - SUCCESS - 已下載、去重並合併資料完成現有資料 9999 條，新資料 9999 條。
2026-02-22 22:50:18,105 - SUCCESS - 插入或更新 '農產品產地價格資料' 的 Metadata 成功。
2026-02-22 22:50:18,105 - SUCCESS - 插入或更新 '農產品產地價格資料' 的 Metadata 成功。
2026-02-22 22:50:18,109 - SUCCESS - '農產品產地價格資料' 的自動更新完成。
2026-02-22 22:50:18,109 - SUCCESS - '農產品產地價格資料' 的自動更新完成。
2026-02-22 22:50:19,520 - SUCCESS - 成功提取 '糧價查詢' 的網頁 Metadata。
2026-02-22 22:50:19,520 - SUCCESS - 成功提取 '糧價查詢' 的網頁 Metadata。
2026-02-22 22:50:19,624 - SUCCESS - '糧價查詢' 的 Metadata 已更新到 metadata.json。
2026-02-22 22:50:19,624 - SUCCESS - '糧價查詢' 的 Metadata 已更新到 metadata.json。
2026-02-22 22:50:21,674 - SUCCESS - <糧價查詢>的資料已下載完成，共 9999 筆資料。
2026-02-22 22:50:21,674 - SUCCESS - <糧價查詢>的資料已下載完成，共 9999 筆資料。
2026-02-22 22:50:22,152 - SUCCESS - 已下載、去重並合併資料完成現有資料 8360 條，新資料 8360 條。
2026-02-22 22:50:22,152 - SUCCESS - 已下載、去重並合併資料完成現有資料 8360 條，新資料 8360 條。
2026-02-22 22:50:23,229 - SUCCESS - 已下載 '糧價查詢' 的原始 JSON 資料路徑: 'C:\Python\data_moa_gov_tw\raw_data\糧價查詢.json'
2026-02-22 22:50:23,229 - SUCCESS - 已下載 '糧價查詢' 的原始 JSON 資料路徑: 'C:\Python\data_moa_gov_tw\raw_data\糧價查詢.json'
2026-02-22 22:50:23,238 - SUCCESS - 插入或更新 '糧價查詢' 的 Metadata 成功。
2026-02-22 22:50:23,238 - SUCCESS - 插入或更新 '糧價查詢' 的 Metadata 成功。
2026-02-22 22:50:23,279 - SUCCESS - 已成功批量插入 '糧價查詢' 的總計 20 條記錄到表格 '1040004' 。
2026-02-22 22:50:23,279 - SUCCESS - 已成功批量插入 '糧價查詢' 的總計 20 條記錄到表格 '1040004' 。
2026-02-22 22:50:23,284 - SUCCESS - '糧價查詢' 的自動更新完成。
2026-02-22 22:50:23,284 - SUCCESS - '糧價查詢' 的自動更新完成。
2026-02-22 22:50:24,819 - SUCCESS - 成功提取 '農產品交易行情' 的網頁 Metadata。
2026-02-22 22:50:24,819 - SUCCESS - 成功提取 '農產品交易行情' 的網頁 Metadata。
2026-02-22 22:50:24,859 - SUCCESS - '農產品交易行情' 的 Metadata 已更新到 metadata.json。
2026-02-22 22:50:24,859 - SUCCESS - '農產品交易行情' 的 Metadata 已更新到 metadata.json。
2026-02-22 22:50:58,651 - SUCCESS - <農產品交易行情>的資料已下載完成，共 5197 筆資料。
2026-02-22 22:50:58,651 - SUCCESS - <農產品交易行情>的資料已下載完成，共 5197 筆資料。
2026-02-22 22:50:58,794 - SUCCESS - 已下載、去重並合併資料完成現有資料 5197 條，新資料 5197 條。
2026-02-22 22:50:58,794 - SUCCESS - 已下載、去重並合併資料完成現有資料 5197 條，新資料 5197 條。
2026-02-22 22:51:04,962 - SUCCESS - 已下載 '農產品交易行情' 的原始 JSON 資料路徑: 'C:\Python\data_moa_gov_tw\raw_data\農產品交易行情.json'
2026-02-22 22:51:04,962 - SUCCESS - 已下載 '農產品交易行情' 的原始 JSON 資料路徑: 'C:\Python\data_moa_gov_tw\raw_data\農產品交易行情.json'
2026-02-22 22:51:04,970 - SUCCESS - 插入或更新 '農產品交易行情' 的 Metadata 成功。
2026-02-22 22:51:04,970 - SUCCESS - 插入或更新 '農產品交易行情' 的 Metadata 成功。
2026-02-22 22:51:06,635 - SUCCESS - 已成功批量插入 '農產品交易行情' 的總計 3630 條記錄到表格 '1040012' 。
2026-02-22 22:51:06,635 - SUCCESS - 已成功批量插入 '農產品交易行情' 的總計 3630 條記錄到表格 '1040012' 。
2026-02-22 22:51:06,640 - SUCCESS - '農產品交易行情' 的自動更新完成。
2026-02-22 22:51:06,640 - SUCCESS - '農產品交易行情' 的自動更新完成。
2026-02-22 22:51:08,150 - SUCCESS - 成功提取 '全國單日平均糧價' 的網頁 Metadata。
2026-02-22 22:51:08,150 - SUCCESS - 成功提取 '全國單日平均糧價' 的網頁 Metadata。
2026-02-22 22:51:08,211 - SUCCESS - '全國單日平均糧價' 的 Metadata 已更新到 metadata.json。
2026-02-22 22:51:08,211 - SUCCESS - '全國單日平均糧價' 的 Metadata 已更新到 metadata.json。
2026-02-22 22:51:11,398 - SUCCESS - <全國單日平均糧價>的資料已下載完成，共 9203 筆資料。
2026-02-22 22:51:11,398 - SUCCESS - <全國單日平均糧價>的資料已下載完成，共 9203 筆資料。
2026-02-22 22:51:11,602 - SUCCESS - 已下載、去重並合併資料完成現有資料 417 條，新資料 417 條。
2026-02-22 22:51:11,602 - SUCCESS - 已下載、去重並合併資料完成現有資料 417 條，新資料 417 條。
2026-02-22 22:51:11,796 - SUCCESS - 已下載 '全國單日平均糧價' 的原始 JSON 資料路徑: 'C:\Python\data_moa_gov_tw\raw_data\全國單日平均糧價.json'
2026-02-22 22:51:11,796 - SUCCESS - 已下載 '全國單日平均糧價' 的原始 JSON 資料路徑: 'C:\Python\data_moa_gov_tw\raw_data\全國單日平均糧價.json'
2026-02-22 22:51:11,803 - SUCCESS - 插入或更新 '全國單日平均糧價' 的 Metadata 成功。
2026-02-22 22:51:11,803 - SUCCESS - 插入或更新 '全國單日平均糧價' 的 Metadata 成功。
2026-02-22 22:51:11,821 - SUCCESS - 已成功批量插入 '全國單日平均糧價' 的總計 1 條記錄到表格 '1040001' 。
2026-02-22 22:51:11,821 - SUCCESS - 已成功批量插入 '全國單日平均糧價' 的總計 1 條記錄到表格 '1040001' 。
2026-02-22 22:51:11,822 - SUCCESS - '全國單日平均糧價' 的自動更新完成。
2026-02-22 22:51:11,822 - SUCCESS - '全國單日平均糧價' 的自動更新完成。
2026-02-22 22:51:13,419 - SUCCESS - 成功提取 '產銷履歷與有機蔬果行情' 的網頁 Metadata。
2026-02-22 22:51:13,419 - SUCCESS - 成功提取 '產銷履歷與有機蔬果行情' 的網頁 Metadata。
2026-02-22 22:51:13,469 - SUCCESS - '產銷履歷與有機蔬果行情' 的 Metadata 已更新到 metadata.json。
2026-02-22 22:51:13,469 - SUCCESS - '產銷履歷與有機蔬果行情' 的 Metadata 已更新到 metadata.json。
2026-02-22 22:51:20,747 - SUCCESS - <產銷履歷與有機蔬果行情>的資料已下載完成，共 2331 筆資料。
2026-02-22 22:51:20,747 - SUCCESS - <產銷履歷與有機蔬果行情>的資料已下載完成，共 2331 筆資料。
2026-02-22 22:51:20,887 - SUCCESS - 已下載、去重並合併資料完成現有資料 2331 條，新資料 2331 條。
2026-02-22 22:51:20,887 - SUCCESS - 已下載、去重並合併資料完成現有資料 2331 條，新資料 2331 條。
2026-02-22 22:51:24,031 - SUCCESS - 已下載 '產銷履歷與有機蔬果行情' 的原始 JSON 資料路徑: 'C:\Python\data_moa_gov_tw\raw_data\產銷履歷與有機蔬果行情.json'
2026-02-22 22:51:24,031 - SUCCESS - 已下載 '產銷履歷與有機蔬果行情' 的原始 JSON 資料路徑: 'C:\Python\data_moa_gov_tw\raw_data\產銷履歷與有機蔬果行情.json'
2026-02-22 22:51:24,038 - SUCCESS - 插入或更新 '產銷履歷與有機蔬果行情' 的 Metadata 成功。
2026-02-22 22:51:24,038 - SUCCESS - 插入或更新 '產銷履歷與有機蔬果行情' 的 Metadata 成功。
2026-02-22 22:51:25,118 - SUCCESS - 已成功批量插入 '產銷履歷與有機蔬果行情' 的總計 2249 條記錄到表格 '1040003' 。
2026-02-22 22:51:25,118 - SUCCESS - 已成功批量插入 '產銷履歷與有機蔬果行情' 的總計 2249 條記錄到表格 '1040003' 。
2026-02-22 22:51:25,120 - SUCCESS - '產銷履歷與有機蔬果行情' 的自動更新完成。
2026-02-22 22:51:25,120 - SUCCESS - '產銷履歷與有機蔬果行情' 的自動更新完成。
2026-02-22 22:51:26,418 - SUCCESS - 成功提取 '農情調查' 的網頁 Metadata。
2026-02-22 22:51:26,418 - SUCCESS - 成功提取 '農情調查' 的網頁 Metadata。
2026-02-22 22:51:26,474 - SUCCESS - '農情調查' 的 Metadata 已更新到 metadata.json。
2026-02-22 22:51:26,474 - SUCCESS - '農情調查' 的 Metadata 已更新到 metadata.json。
2026-02-22 22:51:29,594 - SUCCESS - <農情調查>的資料已下載完成，共 9999 筆資料。
2026-02-22 22:51:29,594 - SUCCESS - <農情調查>的資料已下載完成，共 9999 筆資料。
2026-02-22 22:51:29,610 - SUCCESS - 已下載、去重並合併資料完成現有資料 0 條，新資料 0 條。
2026-02-22 22:51:29,610 - SUCCESS - 已下載、去重並合併資料完成現有資料 0 條，新資料 0 條。
2026-02-22 22:51:29,619 - SUCCESS - 插入或更新 '農情調查' 的 Metadata 成功。
2026-02-22 22:51:29,619 - SUCCESS - 插入或更新 '農情調查' 的 Metadata 成功。
2026-02-22 22:51:29,619 - SUCCESS - '農情調查' 的自動更新完成。
2026-02-22 22:51:29,619 - SUCCESS - '農情調查' 的自動更新完成。
2026-02-22 22:51:30,641 - SUCCESS - 已成功儲存次要資訊到資料庫。
2026-02-22 22:51:30,641 - SUCCESS - 已成功儲存次要資訊到資料庫。
2026-02-22 22:51:30,641 - SUCCESS - 更新結果:{'臺灣地區稻作種植、收穫面積及產量': '未更新', '臺灣地區稻米生產價值': '未更新', '臺灣地區農產品生產量值': '未更新', '雜糧生產概況': '未更新', '農產品產地價格(月平均價格)': '未更新', '臺灣地區蔬菜生產概況': '未更新', '各觀測站近兩年降雨量': '未更新', '臺灣地區果品生產概況': '未更新', '臺灣地區特用作物生產概況': '未更新', '農產品產地價格資料': '已更新', '糧價查詢': '已更新', '農產品交易行情': '已更新', '全國單日平均糧價': '已更新', '產銷履歷與有機蔬果行情': '已更新', '農情調查': '已更新'}
2026-02-22 22:51:30,641 - SUCCESS - 更新結果:{'臺灣地區稻作種植、收穫面積及產量': '未更新', '臺灣地區稻米生產價值': '未更新', '臺灣地區農產品生產量值': '未更新', '雜糧生產概況': '未更新', '農產品產地價格(月平均價格)': '未更新', '臺灣地區蔬菜生產概況': '未更新', '各觀測站近兩年降雨量': '未更新', '臺灣地區果品生產概況': '未更新', '臺灣地區特用作物生產概況': '未更新', '農產品產地價格資料': '已更新', '糧價查詢': '已更新', '農產品交易行情': '已更新', '全國單日平均糧價': '已更新', '產銷履歷與有機蔬果行情': '已更新', '農情調查': '已更新'}
