2026-02-08 22:50:47,365 - SUCCESS - 成功提取 '全國單日平均糧價' 的網頁 Metadata。
2026-02-08 22:50:47,365 - SUCCESS - 成功提取 '全國單日平均糧價' 的網頁 Metadata。
2026-02-08 22:50:47,431 - SUCCESS - '全國單日平均糧價' 的 Metadata 已更新到 metadata.json。
2026-02-08 22:50:47,431 - SUCCESS - '全國單日平均糧價' 的 Metadata 已更新到 metadata.json。
2026-02-08 22:50:52,451 - SUCCESS - <全國單日平均糧價>的資料已下載完成，共 9189 筆資料。
2026-02-08 22:50:52,451 - SUCCESS - <全國單日平均糧價>的資料已下載完成，共 9189 筆資料。
2026-02-08 22:50:52,689 - SUCCESS - 已下載、去重並合併資料完成現有資料 69 條，新資料 1 條。
2026-02-08 22:50:52,689 - SUCCESS - 已下載、去重並合併資料完成現有資料 69 條，新資料 1 條。
2026-02-08 22:50:52,874 - SUCCESS - 已下載 '全國單日平均糧價' 的原始 JSON 資料路徑: 'C:\Python\data_moa_gov_tw\raw_data\全國單日平均糧價\全國單日平均糧價.json'
2026-02-08 22:50:52,874 - SUCCESS - 已下載 '全國單日平均糧價' 的原始 JSON 資料路徑: 'C:\Python\data_moa_gov_tw\raw_data\全國單日平均糧價\全國單日平均糧價.json'
2026-02-08 22:50:52,901 - SUCCESS - 插入或更新 '全國單日平均糧價' 的 Metadata 成功。
2026-02-08 22:50:52,901 - SUCCESS - 插入或更新 '全國單日平均糧價' 的 Metadata 成功。
2026-02-08 22:50:52,923 - SUCCESS - 已成功批量插入 '全國單日平均糧價' 的總計 1 條記錄到表格 '1040001' 。
2026-02-08 22:50:52,923 - SUCCESS - 已成功批量插入 '全國單日平均糧價' 的總計 1 條記錄到表格 '1040001' 。
2026-02-08 22:50:52,923 - SUCCESS - '全國單日平均糧價' 的自動更新完成。
2026-02-08 22:50:52,923 - SUCCESS - '全國單日平均糧價' 的自動更新完成。
2026-02-08 22:50:54,543 - SUCCESS - 成功提取 '各觀測站近兩年降雨量' 的網頁 Metadata。
2026-02-08 22:50:54,543 - SUCCESS - 成功提取 '各觀測站近兩年降雨量' 的網頁 Metadata。
2026-02-08 22:50:56,506 - SUCCESS - 成功提取 '產銷履歷與有機蔬果行情' 的網頁 Metadata。
2026-02-08 22:50:56,506 - SUCCESS - 成功提取 '產銷履歷與有機蔬果行情' 的網頁 Metadata。
2026-02-08 22:50:56,553 - SUCCESS - '產銷履歷與有機蔬果行情' 的 Metadata 已更新到 metadata.json。
2026-02-08 22:50:56,553 - SUCCESS - '產銷履歷與有機蔬果行情' 的 Metadata 已更新到 metadata.json。
2026-02-08 22:51:03,761 - SUCCESS - <產銷履歷與有機蔬果行情>的資料已下載完成，共 4600 筆資料。
2026-02-08 22:51:03,761 - SUCCESS - <產銷履歷與有機蔬果行情>的資料已下載完成，共 4600 筆資料。
2026-02-08 22:51:16,813 - SUCCESS - 已下載、去重並合併資料完成現有資料 134067 條，新資料 2236 條。
2026-02-08 22:51:16,813 - SUCCESS - 已下載、去重並合併資料完成現有資料 134067 條，新資料 2236 條。
2026-02-08 22:51:20,210 - SUCCESS - 已下載 '產銷履歷與有機蔬果行情' 的原始 JSON 資料路徑: 'C:\Python\data_moa_gov_tw\raw_data\產銷履歷與有機蔬果行情\產銷履歷與有機蔬果行情.json'
2026-02-08 22:51:20,210 - SUCCESS - 已下載 '產銷履歷與有機蔬果行情' 的原始 JSON 資料路徑: 'C:\Python\data_moa_gov_tw\raw_data\產銷履歷與有機蔬果行情\產銷履歷與有機蔬果行情.json'
2026-02-08 22:51:20,216 - SUCCESS - 插入或更新 '產銷履歷與有機蔬果行情' 的 Metadata 成功。
2026-02-08 22:51:20,216 - SUCCESS - 插入或更新 '產銷履歷與有機蔬果行情' 的 Metadata 成功。
2026-02-08 22:51:21,322 - SUCCESS - 已成功批量插入 '產銷履歷與有機蔬果行情' 的總計 2236 條記錄到表格 '1040003' 。
2026-02-08 22:51:21,322 - SUCCESS - 已成功批量插入 '產銷履歷與有機蔬果行情' 的總計 2236 條記錄到表格 '1040003' 。
2026-02-08 22:51:21,380 - SUCCESS - '產銷履歷與有機蔬果行情' 的自動更新完成。
2026-02-08 22:51:21,380 - SUCCESS - '產銷履歷與有機蔬果行情' 的自動更新完成。
2026-02-08 22:51:23,153 - SUCCESS - 成功提取 '糧價查詢' 的網頁 Metadata。
2026-02-08 22:51:23,153 - SUCCESS - 成功提取 '糧價查詢' 的網頁 Metadata。
2026-02-08 22:51:23,203 - SUCCESS - '糧價查詢' 的 Metadata 已更新到 metadata.json。
2026-02-08 22:51:23,203 - SUCCESS - '糧價查詢' 的 Metadata 已更新到 metadata.json。
2026-02-08 22:51:26,751 - SUCCESS - <糧價查詢>的資料已下載完成，共 9999 筆資料。
2026-02-08 22:51:26,751 - SUCCESS - <糧價查詢>的資料已下載完成，共 9999 筆資料。
2026-02-08 22:51:27,049 - SUCCESS - 已下載、去重並合併資料完成現有資料 1820 條，新資料 40 條。
2026-02-08 22:51:27,049 - SUCCESS - 已下載、去重並合併資料完成現有資料 1820 條，新資料 40 條。
2026-02-08 22:51:28,048 - SUCCESS - 已下載 '糧價查詢' 的原始 JSON 資料路徑: 'C:\Python\data_moa_gov_tw\raw_data\糧價查詢\糧價查詢.json'
2026-02-08 22:51:28,048 - SUCCESS - 已下載 '糧價查詢' 的原始 JSON 資料路徑: 'C:\Python\data_moa_gov_tw\raw_data\糧價查詢\糧價查詢.json'
2026-02-08 22:51:28,053 - SUCCESS - 插入或更新 '糧價查詢' 的 Metadata 成功。
2026-02-08 22:51:28,053 - SUCCESS - 插入或更新 '糧價查詢' 的 Metadata 成功。
2026-02-08 22:51:28,108 - SUCCESS - 已成功批量插入 '糧價查詢' 的總計 40 條記錄到表格 '1040004' 。
2026-02-08 22:51:28,108 - SUCCESS - 已成功批量插入 '糧價查詢' 的總計 40 條記錄到表格 '1040004' 。
2026-02-08 22:51:28,109 - SUCCESS - '糧價查詢' 的自動更新完成。
2026-02-08 22:51:28,109 - SUCCESS - '糧價查詢' 的自動更新完成。
2026-02-08 22:51:30,132 - SUCCESS - 成功提取 '臺灣地區果品生產概況' 的網頁 Metadata。
2026-02-08 22:51:30,132 - SUCCESS - 成功提取 '臺灣地區果品生產概況' 的網頁 Metadata。
2026-02-08 22:51:32,102 - SUCCESS - 成功提取 '臺灣地區特用作物生產概況' 的網頁 Metadata。
2026-02-08 22:51:32,102 - SUCCESS - 成功提取 '臺灣地區特用作物生產概況' 的網頁 Metadata。
2026-02-08 22:51:33,646 - SUCCESS - 成功提取 '臺灣地區稻作種植、收穫面積及產量' 的網頁 Metadata。
2026-02-08 22:51:33,646 - SUCCESS - 成功提取 '臺灣地區稻作種植、收穫面積及產量' 的網頁 Metadata。
2026-02-08 22:51:35,141 - SUCCESS - 成功提取 '臺灣地區稻米生產價值' 的網頁 Metadata。
2026-02-08 22:51:35,141 - SUCCESS - 成功提取 '臺灣地區稻米生產價值' 的網頁 Metadata。
2026-02-08 22:51:36,495 - SUCCESS - 成功提取 '臺灣地區蔬菜生產概況' 的網頁 Metadata。
2026-02-08 22:51:36,495 - SUCCESS - 成功提取 '臺灣地區蔬菜生產概況' 的網頁 Metadata。
2026-02-08 22:51:37,910 - SUCCESS - 成功提取 '臺灣地區農產品生產量值' 的網頁 Metadata。
2026-02-08 22:51:37,910 - SUCCESS - 成功提取 '臺灣地區農產品生產量值' 的網頁 Metadata。
2026-02-08 22:51:39,415 - SUCCESS - 成功提取 '農情調查' 的網頁 Metadata。
2026-02-08 22:51:39,415 - SUCCESS - 成功提取 '農情調查' 的網頁 Metadata。
2026-02-08 22:51:39,471 - SUCCESS - '農情調查' 的 Metadata 已更新到 metadata.json。
2026-02-08 22:51:39,471 - SUCCESS - '農情調查' 的 Metadata 已更新到 metadata.json。
2026-02-08 22:51:43,274 - SUCCESS - <農情調查>的資料已下載完成，共 9999 筆資料。
2026-02-08 22:51:43,274 - SUCCESS - <農情調查>的資料已下載完成，共 9999 筆資料。
2026-02-08 22:51:43,298 - SUCCESS - 已下載、去重並合併資料完成現有資料 0 條，新資料 0 條。
2026-02-08 22:51:43,298 - SUCCESS - 已下載、去重並合併資料完成現有資料 0 條，新資料 0 條。
2026-02-08 22:51:45,106 - SUCCESS - 成功提取 '農產品交易行情' 的網頁 Metadata。
2026-02-08 22:51:45,106 - SUCCESS - 成功提取 '農產品交易行情' 的網頁 Metadata。
2026-02-08 22:51:45,159 - SUCCESS - '農產品交易行情' 的 Metadata 已更新到 metadata.json。
2026-02-08 22:51:45,159 - SUCCESS - '農產品交易行情' 的 Metadata 已更新到 metadata.json。
2026-02-08 22:52:08,173 - SUCCESS - <農產品交易行情>的資料已下載完成，共 13082 筆資料。
2026-02-08 22:52:08,173 - SUCCESS - <農產品交易行情>的資料已下載完成，共 13082 筆資料。
2026-02-08 22:52:23,137 - SUCCESS - 已下載、去重並合併資料完成現有資料 208113 條，新資料 2693 條。
2026-02-08 22:52:23,137 - SUCCESS - 已下載、去重並合併資料完成現有資料 208113 條，新資料 2693 條。
2026-02-08 22:52:28,874 - SUCCESS - 已下載 '農產品交易行情' 的原始 JSON 資料路徑: 'C:\Python\data_moa_gov_tw\raw_data\農產品交易行情\農產品交易行情.json'
2026-02-08 22:52:28,874 - SUCCESS - 已下載 '農產品交易行情' 的原始 JSON 資料路徑: 'C:\Python\data_moa_gov_tw\raw_data\農產品交易行情\農產品交易行情.json'
2026-02-08 22:52:28,879 - SUCCESS - 插入或更新 '農產品交易行情' 的 Metadata 成功。
2026-02-08 22:52:28,879 - SUCCESS - 插入或更新 '農產品交易行情' 的 Metadata 成功。
2026-02-08 22:52:30,246 - SUCCESS - 已成功批量插入 '農產品交易行情' 的總計 2693 條記錄到表格 '1040012' 。
2026-02-08 22:52:30,246 - SUCCESS - 已成功批量插入 '農產品交易行情' 的總計 2693 條記錄到表格 '1040012' 。
2026-02-08 22:52:30,342 - SUCCESS - '農產品交易行情' 的自動更新完成。
2026-02-08 22:52:30,342 - SUCCESS - '農產品交易行情' 的自動更新完成。
2026-02-08 22:52:32,145 - SUCCESS - 成功提取 '農產品產地價格(月平均價格)' 的網頁 Metadata。
2026-02-08 22:52:32,145 - SUCCESS - 成功提取 '農產品產地價格(月平均價格)' 的網頁 Metadata。
2026-02-08 22:52:33,566 - SUCCESS - 成功提取 '農產品產地價格資料' 的網頁 Metadata。
2026-02-08 22:52:33,566 - SUCCESS - 成功提取 '農產品產地價格資料' 的網頁 Metadata。
2026-02-08 22:52:33,621 - SUCCESS - '農產品產地價格資料' 的 Metadata 已更新到 metadata.json。
2026-02-08 22:52:33,621 - SUCCESS - '農產品產地價格資料' 的 Metadata 已更新到 metadata.json。
2026-02-08 22:52:34,442 - SUCCESS - <農產品產地價格資料>的資料已下載完成，共 9999 筆資料。
2026-02-08 22:52:34,442 - SUCCESS - <農產品產地價格資料>的資料已下載完成，共 9999 筆資料。
2026-02-08 22:52:34,541 - SUCCESS - 已下載、去重並合併資料完成現有資料 366 條，新資料 0 條。
2026-02-08 22:52:34,541 - SUCCESS - 已下載、去重並合併資料完成現有資料 366 條，新資料 0 條。
2026-02-08 22:52:36,305 - SUCCESS - 插入或更新 '農產品產地價格資料' 的 Metadata 成功。
2026-02-08 22:52:36,305 - SUCCESS - 插入或更新 '農產品產地價格資料' 的 Metadata 成功。
2026-02-08 22:52:36,305 - SUCCESS - '農產品產地價格資料' 的自動更新完成。
2026-02-08 22:52:36,305 - SUCCESS - '農產品產地價格資料' 的自動更新完成。
2026-02-08 22:52:37,716 - SUCCESS - 成功提取 '雜糧生產概況' 的網頁 Metadata。
2026-02-08 22:52:37,716 - SUCCESS - 成功提取 '雜糧生產概況' 的網頁 Metadata。
2026-02-08 22:52:38,720 - SUCCESS - 已成功儲存次要資訊。
2026-02-08 22:52:38,720 - SUCCESS - 已成功儲存次要資訊。
2026-02-08 22:52:38,720 - SUCCESS - 更新結果儲存成功:{'全國單日平均糧價': '已更新', '各觀測站近兩年降雨量': '未更新', '產銷履歷與有機蔬果行情': '已更新', '糧價查詢': '已更新', '臺灣地區果品生產概況': '未更新', '臺灣地區特用作物生產概況': '未更新', '臺灣地區稻作種植、收穫面積及產量': '未更新', '臺灣地區稻米生產價值': '未更新', '臺灣地區蔬菜生產概況': '未更新', '臺灣地區農產品生產量值': '未更新', '農情調查': '未更新', '農產品交易行情': '已更新', '農產品產地價格(月平均價格)': '未更新', '農產品產地價格資料': '已更新', '雜糧生產概況': '未更新'}
2026-02-08 22:52:38,720 - SUCCESS - 更新結果儲存成功:{'全國單日平均糧價': '已更新', '各觀測站近兩年降雨量': '未更新', '產銷履歷與有機蔬果行情': '已更新', '糧價查詢': '已更新', '臺灣地區果品生產概況': '未更新', '臺灣地區特用作物生產概況': '未更新', '臺灣地區稻作種植、收穫面積及產量': '未更新', '臺灣地區稻米生產價值': '未更新', '臺灣地區蔬菜生產概況': '未更新', '臺灣地區農產品生產量值': '未更新', '農情調查': '未更新', '農產品交易行情': '已更新', '農產品產地價格(月平均價格)': '未更新', '農產品產地價格資料': '已更新', '雜糧生產概況': '未更新'}
