2025-11-12 01:49:04,784 - SUCCESS - 成功提取 '全國單日平均糧價' 的網頁 Metadata。
2025-11-12 01:49:04,784 - SUCCESS - 成功提取 '全國單日平均糧價' 的網頁 Metadata。
2025-11-12 01:49:04,827 - SUCCESS - '全國單日平均糧價' 的 Metadata 已更新到 metadata.json。
2025-11-12 01:49:04,827 - SUCCESS - '全國單日平均糧價' 的 Metadata 已更新到 metadata.json。
2025-11-12 01:49:07,666 - SUCCESS - <全國單日平均糧價>的資料已下載完成，共 9101 筆資料。
2025-11-12 01:49:07,666 - SUCCESS - <全國單日平均糧價>的資料已下載完成，共 9101 筆資料。
2025-11-12 01:49:09,141 - SUCCESS - 已下載、去重並合併資料完成現有資料 9101 條，新資料 1 條。
2025-11-12 01:49:09,141 - SUCCESS - 已下載、去重並合併資料完成現有資料 9101 條，新資料 1 條。
2025-11-12 01:49:09,218 - SUCCESS - 已下載 '全國單日平均糧價' 的原始 JSON 資料路徑: 'C:\Python\data_moa_gov_tw\raw_data\全國單日平均糧價\全國單日平均糧價.json'
2025-11-12 01:49:09,218 - SUCCESS - 已下載 '全國單日平均糧價' 的原始 JSON 資料路徑: 'C:\Python\data_moa_gov_tw\raw_data\全國單日平均糧價\全國單日平均糧價.json'
2025-11-12 01:49:09,256 - SUCCESS - 插入或更新 '全國單日平均糧價' 的 Metadata 成功。
2025-11-12 01:49:09,256 - SUCCESS - 插入或更新 '全國單日平均糧價' 的 Metadata 成功。
2025-11-12 01:49:09,270 - SUCCESS - 已成功批量插入 '全國單日平均糧價' 的總計 1 條記錄到表格 '1040001' 。
2025-11-12 01:49:09,270 - SUCCESS - 已成功批量插入 '全國單日平均糧價' 的總計 1 條記錄到表格 '1040001' 。
2025-11-12 01:49:09,292 - SUCCESS - '全國單日平均糧價' 的自動更新完成。
2025-11-12 01:49:09,292 - SUCCESS - '全國單日平均糧價' 的自動更新完成。
2025-11-12 01:49:10,494 - SUCCESS - 成功提取 '各觀測站近兩年降雨量' 的網頁 Metadata。
2025-11-12 01:49:10,494 - SUCCESS - 成功提取 '各觀測站近兩年降雨量' 的網頁 Metadata。
2025-11-12 01:49:11,776 - SUCCESS - 成功提取 '產銷履歷與有機蔬果行情' 的網頁 Metadata。
2025-11-12 01:49:11,776 - SUCCESS - 成功提取 '產銷履歷與有機蔬果行情' 的網頁 Metadata。
2025-11-12 01:49:11,843 - SUCCESS - '產銷履歷與有機蔬果行情' 的 Metadata 已更新到 metadata.json。
2025-11-12 01:49:11,843 - SUCCESS - '產銷履歷與有機蔬果行情' 的 Metadata 已更新到 metadata.json。
2025-11-12 01:49:14,872 - SUCCESS - <產銷履歷與有機蔬果行情>的資料已下載完成，共 2443 筆資料。
2025-11-12 01:49:14,872 - SUCCESS - <產銷履歷與有機蔬果行情>的資料已下載完成，共 2443 筆資料。
2025-11-12 01:49:39,617 - SUCCESS - 已下載、去重並合併資料完成現有資料 213431 條，新資料 2352 條。
2025-11-12 01:49:39,617 - SUCCESS - 已下載、去重並合併資料完成現有資料 213431 條，新資料 2352 條。
2025-11-12 01:49:41,232 - SUCCESS - 已下載 '產銷履歷與有機蔬果行情' 的原始 JSON 資料路徑: 'C:\Python\data_moa_gov_tw\raw_data\產銷履歷與有機蔬果行情\產銷履歷與有機蔬果行情.json'
2025-11-12 01:49:41,232 - SUCCESS - 已下載 '產銷履歷與有機蔬果行情' 的原始 JSON 資料路徑: 'C:\Python\data_moa_gov_tw\raw_data\產銷履歷與有機蔬果行情\產銷履歷與有機蔬果行情.json'
2025-11-12 01:49:41,263 - SUCCESS - 插入或更新 '產銷履歷與有機蔬果行情' 的 Metadata 成功。
2025-11-12 01:49:41,263 - SUCCESS - 插入或更新 '產銷履歷與有機蔬果行情' 的 Metadata 成功。
2025-11-12 01:49:42,680 - SUCCESS - 已成功批量插入 '產銷履歷與有機蔬果行情' 的總計 2352 條記錄到表格 '1040003' 。
2025-11-12 01:49:42,680 - SUCCESS - 已成功批量插入 '產銷履歷與有機蔬果行情' 的總計 2352 條記錄到表格 '1040003' 。
2025-11-12 01:49:42,761 - SUCCESS - '產銷履歷與有機蔬果行情' 的自動更新完成。
2025-11-12 01:49:42,761 - SUCCESS - '產銷履歷與有機蔬果行情' 的自動更新完成。
2025-11-12 01:49:44,776 - SUCCESS - 成功提取 '糧價查詢' 的網頁 Metadata。
2025-11-12 01:49:44,776 - SUCCESS - 成功提取 '糧價查詢' 的網頁 Metadata。
2025-11-12 01:49:44,804 - SUCCESS - '糧價查詢' 的 Metadata 已更新到 metadata.json。
2025-11-12 01:49:44,804 - SUCCESS - '糧價查詢' 的 Metadata 已更新到 metadata.json。
2025-11-12 01:49:47,301 - SUCCESS - <糧價查詢>的資料已下載完成，共 9999 筆資料。
2025-11-12 01:49:47,301 - SUCCESS - <糧價查詢>的資料已下載完成，共 9999 筆資料。
2025-11-12 01:50:03,343 - SUCCESS - 已下載、去重並合併資料完成現有資料 240511 條，新資料 20 條。
2025-11-12 01:50:03,343 - SUCCESS - 已下載、去重並合併資料完成現有資料 240511 條，新資料 20 條。
2025-11-12 01:50:04,593 - SUCCESS - 已下載 '糧價查詢' 的原始 JSON 資料路徑: 'C:\Python\data_moa_gov_tw\raw_data\糧價查詢\糧價查詢.json'
2025-11-12 01:50:04,593 - SUCCESS - 已下載 '糧價查詢' 的原始 JSON 資料路徑: 'C:\Python\data_moa_gov_tw\raw_data\糧價查詢\糧價查詢.json'
2025-11-12 01:50:04,601 - SUCCESS - 插入或更新 '糧價查詢' 的 Metadata 成功。
2025-11-12 01:50:04,601 - SUCCESS - 插入或更新 '糧價查詢' 的 Metadata 成功。
2025-11-12 01:50:04,624 - SUCCESS - 已成功批量插入 '糧價查詢' 的總計 20 條記錄到表格 '1040004' 。
2025-11-12 01:50:04,624 - SUCCESS - 已成功批量插入 '糧價查詢' 的總計 20 條記錄到表格 '1040004' 。
2025-11-12 01:50:04,750 - SUCCESS - '糧價查詢' 的自動更新完成。
2025-11-12 01:50:04,750 - SUCCESS - '糧價查詢' 的自動更新完成。
2025-11-12 01:50:06,001 - SUCCESS - 成功提取 '臺灣地區果品生產概況' 的網頁 Metadata。
2025-11-12 01:50:06,001 - SUCCESS - 成功提取 '臺灣地區果品生產概況' 的網頁 Metadata。
2025-11-12 01:50:07,217 - SUCCESS - 成功提取 '臺灣地區特用作物生產概況' 的網頁 Metadata。
2025-11-12 01:50:07,217 - SUCCESS - 成功提取 '臺灣地區特用作物生產概況' 的網頁 Metadata。
2025-11-12 01:50:08,420 - SUCCESS - 成功提取 '臺灣地區稻作種植、收穫面積及產量' 的網頁 Metadata。
2025-11-12 01:50:08,420 - SUCCESS - 成功提取 '臺灣地區稻作種植、收穫面積及產量' 的網頁 Metadata。
2025-11-12 01:50:09,557 - SUCCESS - 成功提取 '臺灣地區稻米生產價值' 的網頁 Metadata。
2025-11-12 01:50:09,557 - SUCCESS - 成功提取 '臺灣地區稻米生產價值' 的網頁 Metadata。
2025-11-12 01:50:10,799 - SUCCESS - 成功提取 '臺灣地區蔬菜生產概況' 的網頁 Metadata。
2025-11-12 01:50:10,799 - SUCCESS - 成功提取 '臺灣地區蔬菜生產概況' 的網頁 Metadata。
2025-11-12 01:50:12,018 - SUCCESS - 成功提取 '臺灣地區農產品生產量值' 的網頁 Metadata。
2025-11-12 01:50:12,018 - SUCCESS - 成功提取 '臺灣地區農產品生產量值' 的網頁 Metadata。
2025-11-12 01:50:13,241 - SUCCESS - 成功提取 '農情調查' 的網頁 Metadata。
2025-11-12 01:50:13,241 - SUCCESS - 成功提取 '農情調查' 的網頁 Metadata。
2025-11-12 01:50:13,280 - SUCCESS - '農情調查' 的 Metadata 已更新到 metadata.json。
2025-11-12 01:50:13,280 - SUCCESS - '農情調查' 的 Metadata 已更新到 metadata.json。
2025-11-12 01:50:15,634 - SUCCESS - <農情調查>的資料已下載完成，共 9999 筆資料。
2025-11-12 01:50:15,634 - SUCCESS - <農情調查>的資料已下載完成，共 9999 筆資料。
2025-11-12 01:50:16,963 - SUCCESS - 已下載、去重並合併資料完成現有資料 45259 條，新資料 0 條。
2025-11-12 01:50:16,963 - SUCCESS - 已下載、去重並合併資料完成現有資料 45259 條，新資料 0 條。
2025-11-12 01:50:17,381 - SUCCESS - 插入或更新 '農情調查' 的 Metadata 成功。
2025-11-12 01:50:17,381 - SUCCESS - 插入或更新 '農情調查' 的 Metadata 成功。
2025-11-12 01:50:17,403 - SUCCESS - '農情調查' 的自動更新完成。
2025-11-12 01:50:17,403 - SUCCESS - '農情調查' 的自動更新完成。
2025-11-12 01:50:18,667 - SUCCESS - 成功提取 '農產品交易行情' 的網頁 Metadata。
2025-11-12 01:50:18,667 - SUCCESS - 成功提取 '農產品交易行情' 的網頁 Metadata。
2025-11-12 01:50:18,703 - SUCCESS - '農產品交易行情' 的 Metadata 已更新到 metadata.json。
2025-11-12 01:50:18,703 - SUCCESS - '農產品交易行情' 的 Metadata 已更新到 metadata.json。
2025-11-12 01:50:33,787 - SUCCESS - <農產品交易行情>的資料已下載完成，共 7467 筆資料。
2025-11-12 01:50:33,787 - SUCCESS - <農產品交易行情>的資料已下載完成，共 7467 筆資料。
2025-11-12 01:50:57,864 - SUCCESS - 已下載、去重並合併資料完成現有資料 423566 條，新資料 3671 條。
2025-11-12 01:50:57,864 - SUCCESS - 已下載、去重並合併資料完成現有資料 423566 條，新資料 3671 條。
2025-11-12 01:51:00,593 - SUCCESS - 已下載 '農產品交易行情' 的原始 JSON 資料路徑: 'C:\Python\data_moa_gov_tw\raw_data\農產品交易行情\農產品交易行情.json'
2025-11-12 01:51:00,593 - SUCCESS - 已下載 '農產品交易行情' 的原始 JSON 資料路徑: 'C:\Python\data_moa_gov_tw\raw_data\農產品交易行情\農產品交易行情.json'
2025-11-12 01:51:00,597 - SUCCESS - 插入或更新 '農產品交易行情' 的 Metadata 成功。
2025-11-12 01:51:00,597 - SUCCESS - 插入或更新 '農產品交易行情' 的 Metadata 成功。
2025-11-12 01:51:02,565 - SUCCESS - 已成功批量插入 '農產品交易行情' 的總計 3671 條記錄到表格 '1040012' 。
2025-11-12 01:51:02,565 - SUCCESS - 已成功批量插入 '農產品交易行情' 的總計 3671 條記錄到表格 '1040012' 。
2025-11-12 01:51:02,784 - SUCCESS - '農產品交易行情' 的自動更新完成。
2025-11-12 01:51:02,784 - SUCCESS - '農產品交易行情' 的自動更新完成。
2025-11-12 01:51:04,024 - SUCCESS - 成功提取 '農產品產地價格(月平均價格)' 的網頁 Metadata。
2025-11-12 01:51:04,024 - SUCCESS - 成功提取 '農產品產地價格(月平均價格)' 的網頁 Metadata。
2025-11-12 01:51:05,189 - SUCCESS - 成功提取 '農產品產地價格資料' 的網頁 Metadata。
2025-11-12 01:51:05,189 - SUCCESS - 成功提取 '農產品產地價格資料' 的網頁 Metadata。
2025-11-12 01:51:05,241 - SUCCESS - '農產品產地價格資料' 的 Metadata 已更新到 metadata.json。
2025-11-12 01:51:05,241 - SUCCESS - '農產品產地價格資料' 的 Metadata 已更新到 metadata.json。
2025-11-12 01:51:06,394 - SUCCESS - <農產品產地價格資料>的資料已下載完成，共 9999 筆資料。
2025-11-12 01:51:06,394 - SUCCESS - <農產品產地價格資料>的資料已下載完成，共 9999 筆資料。
2025-11-12 01:52:16,792 - SUCCESS - 已下載、去重並合併資料完成現有資料 345785 條，新資料 8 條。
2025-11-12 01:52:16,792 - SUCCESS - 已下載、去重並合併資料完成現有資料 345785 條，新資料 8 條。
2025-11-12 01:52:19,103 - SUCCESS - 已下載 '農產品產地價格資料' 的原始 JSON 資料路徑: 'C:\Python\data_moa_gov_tw\raw_data\農產品產地價格資料\農產品產地價格資料.json'
2025-11-12 01:52:19,103 - SUCCESS - 已下載 '農產品產地價格資料' 的原始 JSON 資料路徑: 'C:\Python\data_moa_gov_tw\raw_data\農產品產地價格資料\農產品產地價格資料.json'
2025-11-12 01:52:19,109 - SUCCESS - 插入或更新 '農產品產地價格資料' 的 Metadata 成功。
2025-11-12 01:52:19,109 - SUCCESS - 插入或更新 '農產品產地價格資料' 的 Metadata 成功。
2025-11-12 01:52:19,123 - SUCCESS - 已成功批量插入 '農產品產地價格資料' 的總計 8 條記錄到表格 '1040014' 。
2025-11-12 01:52:19,123 - SUCCESS - 已成功批量插入 '農產品產地價格資料' 的總計 8 條記錄到表格 '1040014' 。
2025-11-12 01:52:19,220 - SUCCESS - '農產品產地價格資料' 的自動更新完成。
2025-11-12 01:52:19,220 - SUCCESS - '農產品產地價格資料' 的自動更新完成。
2025-11-12 01:52:20,913 - SUCCESS - 成功提取 '雜糧生產概況' 的網頁 Metadata。
2025-11-12 01:52:20,913 - SUCCESS - 成功提取 '雜糧生產概況' 的網頁 Metadata。
2025-11-12 01:52:21,921 - SUCCESS - 已成功儲存次要資訊。
2025-11-12 01:52:21,921 - SUCCESS - 已成功儲存次要資訊。
2025-11-12 01:52:21,921 - SUCCESS - 更新結果儲存成功:{'全國單日平均糧價': '已更新', '各觀測站近兩年降雨量': '未更新', '產銷履歷與有機蔬果行情': '已更新', '糧價查詢': '已更新', '臺灣地區果品生產概況': '未更新', '臺灣地區特用作物生產概況': '未更新', '臺灣地區稻作種植、收穫面積及產量': '未更新', '臺灣地區稻米生產價值': '未更新', '臺灣地區蔬菜生產概況': '未更新', '臺灣地區農產品生產量值': '未更新', '農情調查': '已更新', '農產品交易行情': '已更新', '農產品產地價格(月平均價格)': '未更新', '農產品產地價格資料': '已更新', '雜糧生產概況': '未更新'}
2025-11-12 01:52:21,921 - SUCCESS - 更新結果儲存成功:{'全國單日平均糧價': '已更新', '各觀測站近兩年降雨量': '未更新', '產銷履歷與有機蔬果行情': '已更新', '糧價查詢': '已更新', '臺灣地區果品生產概況': '未更新', '臺灣地區特用作物生產概況': '未更新', '臺灣地區稻作種植、收穫面積及產量': '未更新', '臺灣地區稻米生產價值': '未更新', '臺灣地區蔬菜生產概況': '未更新', '臺灣地區農產品生產量值': '未更新', '農情調查': '已更新', '農產品交易行情': '已更新', '農產品產地價格(月平均價格)': '未更新', '農產品產地價格資料': '已更新', '雜糧生產概況': '未更新'}
