2026-02-17 01:36:45,800 - SUCCESS - 成功提取 '產銷履歷與有機蔬果行情' 的網頁 Metadata。
2026-02-17 01:36:45,800 - SUCCESS - 成功提取 '產銷履歷與有機蔬果行情' 的網頁 Metadata。
2026-02-17 01:36:45,850 - SUCCESS - '產銷履歷與有機蔬果行情' 的 Metadata 已更新到 metadata.json。
2026-02-17 01:36:45,850 - SUCCESS - '產銷履歷與有機蔬果行情' 的 Metadata 已更新到 metadata.json。
2026-02-17 01:36:55,406 - SUCCESS - <產銷履歷與有機蔬果行情>的資料已下載完成，共 3749 筆資料。
2026-02-17 01:36:55,406 - SUCCESS - <產銷履歷與有機蔬果行情>的資料已下載完成，共 3749 筆資料。
2026-02-17 01:36:55,733 - SUCCESS - 已下載、去重並合併資料完成現有資料 3749 條，新資料 3749 條。
2026-02-17 01:36:55,733 - SUCCESS - 已下載、去重並合併資料完成現有資料 3749 條，新資料 3749 條。
2026-02-17 01:36:59,576 - SUCCESS - 已下載 '產銷履歷與有機蔬果行情' 的原始 JSON 資料路徑: 'C:\Python\data_moa_gov_tw\raw_data\產銷履歷與有機蔬果行情.json'
2026-02-17 01:36:59,576 - SUCCESS - 已下載 '產銷履歷與有機蔬果行情' 的原始 JSON 資料路徑: 'C:\Python\data_moa_gov_tw\raw_data\產銷履歷與有機蔬果行情.json'
2026-02-17 01:36:59,595 - SUCCESS - 插入或更新 '產銷履歷與有機蔬果行情' 的 Metadata 成功。
2026-02-17 01:36:59,595 - SUCCESS - 插入或更新 '產銷履歷與有機蔬果行情' 的 Metadata 成功。
2026-02-17 01:37:00,329 - SUCCESS - 已成功批量插入 '產銷履歷與有機蔬果行情' 的總計 1518 條記錄到表格 '1040003' 。
2026-02-17 01:37:00,329 - SUCCESS - 已成功批量插入 '產銷履歷與有機蔬果行情' 的總計 1518 條記錄到表格 '1040003' 。
2026-02-17 01:37:00,330 - SUCCESS - '產銷履歷與有機蔬果行情' 的自動更新完成。
2026-02-17 01:37:00,330 - SUCCESS - '產銷履歷與有機蔬果行情' 的自動更新完成。
2026-02-17 01:37:02,517 - SUCCESS - 成功提取 '各觀測站近兩年降雨量' 的網頁 Metadata。
2026-02-17 01:37:02,517 - SUCCESS - 成功提取 '各觀測站近兩年降雨量' 的網頁 Metadata。
2026-02-17 01:37:04,885 - SUCCESS - 成功提取 '臺灣地區果品生產概況' 的網頁 Metadata。
2026-02-17 01:37:04,885 - SUCCESS - 成功提取 '臺灣地區果品生產概況' 的網頁 Metadata。
2026-02-17 01:37:07,778 - SUCCESS - 成功提取 '臺灣地區特用作物生產概況' 的網頁 Metadata。
2026-02-17 01:37:07,778 - SUCCESS - 成功提取 '臺灣地區特用作物生產概況' 的網頁 Metadata。
2026-02-17 01:37:09,477 - SUCCESS - 成功提取 '農產品交易行情' 的網頁 Metadata。
2026-02-17 01:37:09,477 - SUCCESS - 成功提取 '農產品交易行情' 的網頁 Metadata。
2026-02-17 01:37:09,541 - SUCCESS - '農產品交易行情' 的 Metadata 已更新到 metadata.json。
2026-02-17 01:37:09,541 - SUCCESS - '農產品交易行情' 的 Metadata 已更新到 metadata.json。
2026-02-17 01:37:54,265 - SUCCESS - <農產品交易行情>的資料已下載完成，共 9165 筆資料。
2026-02-17 01:37:54,265 - SUCCESS - <農產品交易行情>的資料已下載完成，共 9165 筆資料。
2026-02-17 01:37:54,492 - SUCCESS - 已下載、去重並合併資料完成現有資料 9165 條，新資料 9165 條。
2026-02-17 01:37:54,492 - SUCCESS - 已下載、去重並合併資料完成現有資料 9165 條，新資料 9165 條。
2026-02-17 01:37:59,984 - SUCCESS - 已下載 '農產品交易行情' 的原始 JSON 資料路徑: 'C:\Python\data_moa_gov_tw\raw_data\農產品交易行情.json'
2026-02-17 01:37:59,984 - SUCCESS - 已下載 '農產品交易行情' 的原始 JSON 資料路徑: 'C:\Python\data_moa_gov_tw\raw_data\農產品交易行情.json'
2026-02-17 01:37:59,988 - SUCCESS - 插入或更新 '農產品交易行情' 的 Metadata 成功。
2026-02-17 01:37:59,988 - SUCCESS - 插入或更新 '農產品交易行情' 的 Metadata 成功。
2026-02-17 01:38:00,887 - SUCCESS - 已成功批量插入 '農產品交易行情' 的總計 1967 條記錄到表格 '1040012' 。
2026-02-17 01:38:00,887 - SUCCESS - 已成功批量插入 '農產品交易行情' 的總計 1967 條記錄到表格 '1040012' 。
2026-02-17 01:38:00,892 - SUCCESS - '農產品交易行情' 的自動更新完成。
2026-02-17 01:38:00,892 - SUCCESS - '農產品交易行情' 的自動更新完成。
2026-02-17 01:38:02,236 - SUCCESS - 成功提取 '臺灣地區稻作種植、收穫面積及產量' 的網頁 Metadata。
2026-02-17 01:38:02,236 - SUCCESS - 成功提取 '臺灣地區稻作種植、收穫面積及產量' 的網頁 Metadata。
2026-02-17 01:38:03,858 - SUCCESS - 成功提取 '臺灣地區稻米生產價值' 的網頁 Metadata。
2026-02-17 01:38:03,858 - SUCCESS - 成功提取 '臺灣地區稻米生產價值' 的網頁 Metadata。
2026-02-17 01:38:05,777 - SUCCESS - 成功提取 '農情調查' 的網頁 Metadata。
2026-02-17 01:38:05,777 - SUCCESS - 成功提取 '農情調查' 的網頁 Metadata。
2026-02-17 01:38:05,854 - SUCCESS - '農情調查' 的 Metadata 已更新到 metadata.json。
2026-02-17 01:38:05,854 - SUCCESS - '農情調查' 的 Metadata 已更新到 metadata.json。
2026-02-17 01:38:15,665 - SUCCESS - <農情調查>的資料已下載完成，共 9999 筆資料。
2026-02-17 01:38:15,665 - SUCCESS - <農情調查>的資料已下載完成，共 9999 筆資料。
2026-02-17 01:38:15,688 - SUCCESS - 已下載、去重並合併資料完成現有資料 0 條，新資料 0 條。
2026-02-17 01:38:15,688 - SUCCESS - 已下載、去重並合併資料完成現有資料 0 條，新資料 0 條。
2026-02-17 01:38:15,688 - SUCCESS - 插入或更新 '農情調查' 的 Metadata 成功。
2026-02-17 01:38:15,688 - SUCCESS - 插入或更新 '農情調查' 的 Metadata 成功。
2026-02-17 01:38:15,688 - SUCCESS - '農情調查' 的自動更新完成。
2026-02-17 01:38:15,688 - SUCCESS - '農情調查' 的自動更新完成。
2026-02-17 01:38:17,158 - SUCCESS - 成功提取 '臺灣地區農產品生產量值' 的網頁 Metadata。
2026-02-17 01:38:17,158 - SUCCESS - 成功提取 '臺灣地區農產品生產量值' 的網頁 Metadata。
2026-02-17 01:38:19,376 - SUCCESS - 成功提取 '農產品產地價格資料' 的網頁 Metadata。
2026-02-17 01:38:19,376 - SUCCESS - 成功提取 '農產品產地價格資料' 的網頁 Metadata。
2026-02-17 01:38:19,418 - SUCCESS - '農產品產地價格資料' 的 Metadata 已更新到 metadata.json。
2026-02-17 01:38:19,418 - SUCCESS - '農產品產地價格資料' 的 Metadata 已更新到 metadata.json。
2026-02-17 01:38:23,588 - SUCCESS - <農產品產地價格資料>的資料已下載完成，共 9999 筆資料。
2026-02-17 01:38:23,588 - SUCCESS - <農產品產地價格資料>的資料已下載完成，共 9999 筆資料。
2026-02-17 01:38:24,782 - SUCCESS - 已下載、去重並合併資料完成現有資料 9999 條，新資料 9999 條。
2026-02-17 01:38:24,782 - SUCCESS - 已下載、去重並合併資料完成現有資料 9999 條，新資料 9999 條。
2026-02-17 01:38:26,338 - SUCCESS - 插入或更新 '農產品產地價格資料' 的 Metadata 成功。
2026-02-17 01:38:26,338 - SUCCESS - 插入或更新 '農產品產地價格資料' 的 Metadata 成功。
2026-02-17 01:38:26,348 - SUCCESS - '農產品產地價格資料' 的自動更新完成。
2026-02-17 01:38:26,348 - SUCCESS - '農產品產地價格資料' 的自動更新完成。
2026-02-17 01:38:28,831 - SUCCESS - 成功提取 '雜糧生產概況' 的網頁 Metadata。
2026-02-17 01:38:28,831 - SUCCESS - 成功提取 '雜糧生產概況' 的網頁 Metadata。
2026-02-17 01:38:30,442 - SUCCESS - 成功提取 '農產品產地價格(月平均價格)' 的網頁 Metadata。
2026-02-17 01:38:30,442 - SUCCESS - 成功提取 '農產品產地價格(月平均價格)' 的網頁 Metadata。
2026-02-17 01:38:32,178 - SUCCESS - 成功提取 '全國單日平均糧價' 的網頁 Metadata。
2026-02-17 01:38:32,178 - SUCCESS - 成功提取 '全國單日平均糧價' 的網頁 Metadata。
2026-02-17 01:38:32,225 - SUCCESS - '全國單日平均糧價' 的 Metadata 已更新到 metadata.json。
2026-02-17 01:38:32,225 - SUCCESS - '全國單日平均糧價' 的 Metadata 已更新到 metadata.json。
2026-02-17 01:38:40,080 - SUCCESS - <全國單日平均糧價>的資料已下載完成，共 9197 筆資料。
2026-02-17 01:38:40,080 - SUCCESS - <全國單日平均糧價>的資料已下載完成，共 9197 筆資料。
2026-02-17 01:38:40,242 - SUCCESS - 已下載、去重並合併資料完成現有資料 411 條，新資料 411 條。
2026-02-17 01:38:40,242 - SUCCESS - 已下載、去重並合併資料完成現有資料 411 條，新資料 411 條。
2026-02-17 01:38:40,404 - SUCCESS - 已下載 '全國單日平均糧價' 的原始 JSON 資料路徑: 'C:\Python\data_moa_gov_tw\raw_data\全國單日平均糧價.json'
2026-02-17 01:38:40,404 - SUCCESS - 已下載 '全國單日平均糧價' 的原始 JSON 資料路徑: 'C:\Python\data_moa_gov_tw\raw_data\全國單日平均糧價.json'
2026-02-17 01:38:40,411 - SUCCESS - 插入或更新 '全國單日平均糧價' 的 Metadata 成功。
2026-02-17 01:38:40,411 - SUCCESS - 插入或更新 '全國單日平均糧價' 的 Metadata 成功。
2026-02-17 01:38:40,425 - SUCCESS - 已成功批量插入 '全國單日平均糧價' 的總計 1 條記錄到表格 '1040001' 。
2026-02-17 01:38:40,425 - SUCCESS - 已成功批量插入 '全國單日平均糧價' 的總計 1 條記錄到表格 '1040001' 。
2026-02-17 01:38:40,425 - SUCCESS - '全國單日平均糧價' 的自動更新完成。
2026-02-17 01:38:40,425 - SUCCESS - '全國單日平均糧價' 的自動更新完成。
2026-02-17 01:38:42,092 - SUCCESS - 成功提取 '臺灣地區蔬菜生產概況' 的網頁 Metadata。
2026-02-17 01:38:42,092 - SUCCESS - 成功提取 '臺灣地區蔬菜生產概況' 的網頁 Metadata。
2026-02-17 01:38:43,748 - SUCCESS - 成功提取 '糧價查詢' 的網頁 Metadata。
2026-02-17 01:38:43,748 - SUCCESS - 成功提取 '糧價查詢' 的網頁 Metadata。
2026-02-17 01:38:43,792 - SUCCESS - '糧價查詢' 的 Metadata 已更新到 metadata.json。
2026-02-17 01:38:43,792 - SUCCESS - '糧價查詢' 的 Metadata 已更新到 metadata.json。
2026-02-17 01:38:51,801 - SUCCESS - <糧價查詢>的資料已下載完成，共 9999 筆資料。
2026-02-17 01:38:51,801 - SUCCESS - <糧價查詢>的資料已下載完成，共 9999 筆資料。
2026-02-17 01:38:52,024 - SUCCESS - 已下載、去重並合併資料完成現有資料 8240 條，新資料 8240 條。
2026-02-17 01:38:52,024 - SUCCESS - 已下載、去重並合併資料完成現有資料 8240 條，新資料 8240 條。
2026-02-17 01:38:53,005 - SUCCESS - 已下載 '糧價查詢' 的原始 JSON 資料路徑: 'C:\Python\data_moa_gov_tw\raw_data\糧價查詢.json'
2026-02-17 01:38:53,005 - SUCCESS - 已下載 '糧價查詢' 的原始 JSON 資料路徑: 'C:\Python\data_moa_gov_tw\raw_data\糧價查詢.json'
2026-02-17 01:38:53,010 - SUCCESS - 插入或更新 '糧價查詢' 的 Metadata 成功。
2026-02-17 01:38:53,010 - SUCCESS - 插入或更新 '糧價查詢' 的 Metadata 成功。
2026-02-17 01:38:53,048 - SUCCESS - 已成功批量插入 '糧價查詢' 的總計 40 條記錄到表格 '1040004' 。
2026-02-17 01:38:53,048 - SUCCESS - 已成功批量插入 '糧價查詢' 的總計 40 條記錄到表格 '1040004' 。
2026-02-17 01:38:53,051 - SUCCESS - '糧價查詢' 的自動更新完成。
2026-02-17 01:38:53,051 - SUCCESS - '糧價查詢' 的自動更新完成。
2026-02-17 01:38:54,061 - SUCCESS - 已成功儲存次要資訊。
2026-02-17 01:38:54,061 - SUCCESS - 已成功儲存次要資訊。
2026-02-17 01:38:54,063 - SUCCESS - 更新結果儲存成功:{'產銷履歷與有機蔬果行情': '已更新', '各觀測站近兩年降雨量': '未更新', '臺灣地區果品生產概況': '未更新', '臺灣地區特用作物生產概況': '未更新', '農產品交易行情': '已更新', '臺灣地區稻作種植、收穫面積及產量': '未更新', '臺灣地區稻米生產價值': '未更新', '農情調查': '已更新', '臺灣地區農產品生產量值': '未更新', '農產品產地價格資料': '已更新', '雜糧生產概況': '未更新', '農產品產地價格(月平均價格)': '未更新', '全國單日平均糧價': '已更新', '臺灣地區蔬菜生產概況': '未更新', '糧價查詢': '已更新'}
2026-02-17 01:38:54,063 - SUCCESS - 更新結果儲存成功:{'產銷履歷與有機蔬果行情': '已更新', '各觀測站近兩年降雨量': '未更新', '臺灣地區果品生產概況': '未更新', '臺灣地區特用作物生產概況': '未更新', '農產品交易行情': '已更新', '臺灣地區稻作種植、收穫面積及產量': '未更新', '臺灣地區稻米生產價值': '未更新', '農情調查': '已更新', '臺灣地區農產品生產量值': '未更新', '農產品產地價格資料': '已更新', '雜糧生產概況': '未更新', '農產品產地價格(月平均價格)': '未更新', '全國單日平均糧價': '已更新', '臺灣地區蔬菜生產概況': '未更新', '糧價查詢': '已更新'}
2026-02-17 01:38:54,083 - SUCCESS - 已成功儲存次要資訊到資料庫。
2026-02-17 01:38:54,083 - SUCCESS - 已成功儲存次要資訊到資料庫。
2026-02-17 17:25:00,021 - SUCCESS - 成功提取 '臺灣地區稻作種植、收穫面積及產量' 的網頁 Metadata。
2026-02-17 17:25:00,021 - SUCCESS - 成功提取 '臺灣地區稻作種植、收穫面積及產量' 的網頁 Metadata。
2026-02-17 17:25:01,186 - SUCCESS - 成功提取 '臺灣地區稻米生產價值' 的網頁 Metadata。
2026-02-17 17:25:01,186 - SUCCESS - 成功提取 '臺灣地區稻米生產價值' 的網頁 Metadata。
2026-02-17 17:47:41,932 - SUCCESS - 成功提取 '臺灣地區稻作種植、收穫面積及產量' 的網頁 Metadata。
2026-02-17 17:47:41,932 - SUCCESS - 成功提取 '臺灣地區稻作種植、收穫面積及產量' 的網頁 Metadata。
2026-02-17 17:47:43,281 - SUCCESS - 成功提取 '臺灣地區稻米生產價值' 的網頁 Metadata。
2026-02-17 17:47:43,281 - SUCCESS - 成功提取 '臺灣地區稻米生產價值' 的網頁 Metadata。
2026-02-17 17:47:44,510 - SUCCESS - 成功提取 '農情調查' 的網頁 Metadata。
2026-02-17 17:47:44,510 - SUCCESS - 成功提取 '農情調查' 的網頁 Metadata。
2026-02-17 17:47:45,737 - SUCCESS - 成功提取 '臺灣地區農產品生產量值' 的網頁 Metadata。
2026-02-17 17:47:45,737 - SUCCESS - 成功提取 '臺灣地區農產品生產量值' 的網頁 Metadata。
2026-02-17 17:47:47,510 - SUCCESS - 成功提取 '雜糧生產概況' 的網頁 Metadata。
2026-02-17 17:47:47,510 - SUCCESS - 成功提取 '雜糧生產概況' 的網頁 Metadata。
2026-02-17 17:47:48,736 - SUCCESS - 成功提取 '農產品產地價格資料' 的網頁 Metadata。
2026-02-17 17:47:48,736 - SUCCESS - 成功提取 '農產品產地價格資料' 的網頁 Metadata。
2026-02-17 17:47:50,017 - SUCCESS - 成功提取 '農產品產地價格(月平均價格)' 的網頁 Metadata。
2026-02-17 17:47:50,017 - SUCCESS - 成功提取 '農產品產地價格(月平均價格)' 的網頁 Metadata。
2026-02-17 17:47:51,304 - SUCCESS - 成功提取 '臺灣地區蔬菜生產概況' 的網頁 Metadata。
2026-02-17 17:47:51,304 - SUCCESS - 成功提取 '臺灣地區蔬菜生產概況' 的網頁 Metadata。
2026-02-17 17:47:52,584 - SUCCESS - 成功提取 '全國單日平均糧價' 的網頁 Metadata。
2026-02-17 17:47:52,584 - SUCCESS - 成功提取 '全國單日平均糧價' 的網頁 Metadata。
2026-02-17 17:47:52,621 - SUCCESS - '全國單日平均糧價' 的 Metadata 已更新到 metadata.json。
2026-02-17 17:47:52,621 - SUCCESS - '全國單日平均糧價' 的 Metadata 已更新到 metadata.json。
2026-02-17 17:47:54,896 - SUCCESS - <全國單日平均糧價>的資料已下載完成，共 9198 筆資料。
2026-02-17 17:47:54,896 - SUCCESS - <全國單日平均糧價>的資料已下載完成，共 9198 筆資料。
2026-02-17 17:47:55,090 - SUCCESS - 已下載、去重並合併資料完成現有資料 412 條，新資料 412 條。
2026-02-17 17:47:55,090 - SUCCESS - 已下載、去重並合併資料完成現有資料 412 條，新資料 412 條。
2026-02-17 17:47:55,219 - SUCCESS - 已下載 '全國單日平均糧價' 的原始 JSON 資料路徑: 'C:\Python\data_moa_gov_tw\raw_data\全國單日平均糧價.json'
2026-02-17 17:47:55,219 - SUCCESS - 已下載 '全國單日平均糧價' 的原始 JSON 資料路徑: 'C:\Python\data_moa_gov_tw\raw_data\全國單日平均糧價.json'
2026-02-17 17:47:55,242 - SUCCESS - 插入或更新 '全國單日平均糧價' 的 Metadata 成功。
2026-02-17 17:47:55,242 - SUCCESS - 插入或更新 '全國單日平均糧價' 的 Metadata 成功。
2026-02-17 17:47:55,258 - SUCCESS - 已成功批量插入 '全國單日平均糧價' 的總計 1 條記錄到表格 '1040001' 。
2026-02-17 17:47:55,258 - SUCCESS - 已成功批量插入 '全國單日平均糧價' 的總計 1 條記錄到表格 '1040001' 。
2026-02-17 17:47:55,258 - SUCCESS - '全國單日平均糧價' 的自動更新完成。
2026-02-17 17:47:55,258 - SUCCESS - '全國單日平均糧價' 的自動更新完成。
2026-02-17 17:47:56,518 - SUCCESS - 成功提取 '糧價查詢' 的網頁 Metadata。
2026-02-17 17:47:56,518 - SUCCESS - 成功提取 '糧價查詢' 的網頁 Metadata。
2026-02-17 17:47:56,557 - SUCCESS - '糧價查詢' 的 Metadata 已更新到 metadata.json。
2026-02-17 17:47:56,557 - SUCCESS - '糧價查詢' 的 Metadata 已更新到 metadata.json。
2026-02-17 17:47:59,185 - SUCCESS - <糧價查詢>的資料已下載完成，共 9999 筆資料。
2026-02-17 17:47:59,185 - SUCCESS - <糧價查詢>的資料已下載完成，共 9999 筆資料。
2026-02-17 17:47:59,419 - SUCCESS - 已下載、去重並合併資料完成現有資料 8260 條，新資料 8260 條。
2026-02-17 17:47:59,419 - SUCCESS - 已下載、去重並合併資料完成現有資料 8260 條，新資料 8260 條。
2026-02-17 17:48:00,356 - SUCCESS - 已下載 '糧價查詢' 的原始 JSON 資料路徑: 'C:\Python\data_moa_gov_tw\raw_data\糧價查詢.json'
2026-02-17 17:48:00,356 - SUCCESS - 已下載 '糧價查詢' 的原始 JSON 資料路徑: 'C:\Python\data_moa_gov_tw\raw_data\糧價查詢.json'
2026-02-17 17:48:00,363 - SUCCESS - 插入或更新 '糧價查詢' 的 Metadata 成功。
2026-02-17 17:48:00,363 - SUCCESS - 插入或更新 '糧價查詢' 的 Metadata 成功。
2026-02-17 17:48:00,395 - SUCCESS - 已成功批量插入 '糧價查詢' 的總計 40 條記錄到表格 '1040004' 。
2026-02-17 17:48:00,395 - SUCCESS - 已成功批量插入 '糧價查詢' 的總計 40 條記錄到表格 '1040004' 。
2026-02-17 17:48:00,406 - SUCCESS - '糧價查詢' 的自動更新完成。
2026-02-17 17:48:00,406 - SUCCESS - '糧價查詢' 的自動更新完成。
2026-02-17 17:48:01,585 - SUCCESS - 成功提取 '產銷履歷與有機蔬果行情' 的網頁 Metadata。
2026-02-17 17:48:01,585 - SUCCESS - 成功提取 '產銷履歷與有機蔬果行情' 的網頁 Metadata。
2026-02-17 17:48:02,725 - SUCCESS - 成功提取 '各觀測站近兩年降雨量' 的網頁 Metadata。
2026-02-17 17:48:02,725 - SUCCESS - 成功提取 '各觀測站近兩年降雨量' 的網頁 Metadata。
2026-02-17 17:48:03,999 - SUCCESS - 成功提取 '臺灣地區果品生產概況' 的網頁 Metadata。
2026-02-17 17:48:03,999 - SUCCESS - 成功提取 '臺灣地區果品生產概況' 的網頁 Metadata。
2026-02-17 17:48:05,200 - SUCCESS - 成功提取 '臺灣地區特用作物生產概況' 的網頁 Metadata。
2026-02-17 17:48:05,200 - SUCCESS - 成功提取 '臺灣地區特用作物生產概況' 的網頁 Metadata。
2026-02-17 17:48:06,495 - SUCCESS - 成功提取 '農產品交易行情' 的網頁 Metadata。
2026-02-17 17:48:06,495 - SUCCESS - 成功提取 '農產品交易行情' 的網頁 Metadata。
2026-02-17 17:48:06,540 - SUCCESS - '農產品交易行情' 的 Metadata 已更新到 metadata.json。
2026-02-17 17:48:06,540 - SUCCESS - '農產品交易行情' 的 Metadata 已更新到 metadata.json。
2026-02-17 17:48:12,908 - SUCCESS - <農產品交易行情>的資料已下載完成，共 9165 筆資料。
2026-02-17 17:48:12,908 - SUCCESS - <農產品交易行情>的資料已下載完成，共 9165 筆資料。
2026-02-17 17:48:13,153 - SUCCESS - 已下載、去重並合併資料完成現有資料 9165 條，新資料 9165 條。
2026-02-17 17:48:13,153 - SUCCESS - 已下載、去重並合併資料完成現有資料 9165 條，新資料 9165 條。
2026-02-17 17:48:19,038 - SUCCESS - 插入或更新 '農產品交易行情' 的 Metadata 成功。
2026-02-17 17:48:19,038 - SUCCESS - 插入或更新 '農產品交易行情' 的 Metadata 成功。
2026-02-17 17:48:19,050 - SUCCESS - '農產品交易行情' 的自動更新完成。
2026-02-17 17:48:19,050 - SUCCESS - '農產品交易行情' 的自動更新完成。
2026-02-17 17:48:20,057 - SUCCESS - 已成功儲存次要資訊。
2026-02-17 17:48:20,057 - SUCCESS - 已成功儲存次要資訊。
2026-02-17 17:48:20,057 - SUCCESS - 更新結果儲存成功:{'臺灣地區稻作種植、收穫面積及產量': '未更新', '臺灣地區稻米生產價值': '未更新', '農情調查': '未更新', '臺灣地區農產品生產量值': '未更新', '雜糧生產概況': '未更新', '農產品產地價格資料': '未更新', '農產品產地價格(月平均價格)': '未更新', '臺灣地區蔬菜生產概況': '未更新', '全國單日平均糧價': '已更新', '糧價查詢': '已更新', '產銷履歷與有機蔬果行情': '未更新', '各觀測站近兩年降雨量': '未更新', '臺灣地區果品生產概況': '未更新', '臺灣地區特用作物生產概況': '未更新', '農產品交易行情': '已更新'}
2026-02-17 17:48:20,057 - SUCCESS - 更新結果儲存成功:{'臺灣地區稻作種植、收穫面積及產量': '未更新', '臺灣地區稻米生產價值': '未更新', '農情調查': '未更新', '臺灣地區農產品生產量值': '未更新', '雜糧生產概況': '未更新', '農產品產地價格資料': '未更新', '農產品產地價格(月平均價格)': '未更新', '臺灣地區蔬菜生產概況': '未更新', '全國單日平均糧價': '已更新', '糧價查詢': '已更新', '產銷履歷與有機蔬果行情': '未更新', '各觀測站近兩年降雨量': '未更新', '臺灣地區果品生產概況': '未更新', '臺灣地區特用作物生產概況': '未更新', '農產品交易行情': '已更新'}
2026-02-17 17:48:20,076 - SUCCESS - 已成功儲存次要資訊到資料庫。
2026-02-17 17:48:20,076 - SUCCESS - 已成功儲存次要資訊到資料庫。
2026-02-17 20:36:31,963 - SUCCESS - 成功提取 '產銷履歷與有機蔬果行情' 的網頁 Metadata。
2026-02-17 20:36:31,963 - SUCCESS - 成功提取 '產銷履歷與有機蔬果行情' 的網頁 Metadata。
2026-02-17 20:36:32,032 - SUCCESS - '產銷履歷與有機蔬果行情' 的 Metadata 已更新到 metadata.json。
2026-02-17 20:36:32,032 - SUCCESS - '產銷履歷與有機蔬果行情' 的 Metadata 已更新到 metadata.json。
2026-02-17 20:36:35,986 - SUCCESS - <產銷履歷與有機蔬果行情>的資料已下載完成，共 3749 筆資料。
2026-02-17 20:36:35,986 - SUCCESS - <產銷履歷與有機蔬果行情>的資料已下載完成，共 3749 筆資料。
2026-02-17 20:36:36,286 - SUCCESS - 已下載、去重並合併資料完成現有資料 3749 條，新資料 3749 條。
2026-02-17 20:36:36,286 - SUCCESS - 已下載、去重並合併資料完成現有資料 3749 條，新資料 3749 條。
2026-02-17 20:36:40,433 - SUCCESS - 插入或更新 '產銷履歷與有機蔬果行情' 的 Metadata 成功。
2026-02-17 20:36:40,433 - SUCCESS - 插入或更新 '產銷履歷與有機蔬果行情' 的 Metadata 成功。
2026-02-17 20:36:40,434 - SUCCESS - '產銷履歷與有機蔬果行情' 的自動更新完成。
2026-02-17 20:36:40,434 - SUCCESS - '產銷履歷與有機蔬果行情' 的自動更新完成。
2026-02-17 20:36:42,048 - SUCCESS - 成功提取 '各觀測站近兩年降雨量' 的網頁 Metadata。
2026-02-17 20:36:42,048 - SUCCESS - 成功提取 '各觀測站近兩年降雨量' 的網頁 Metadata。
2026-02-17 20:36:43,492 - SUCCESS - 成功提取 '臺灣地區果品生產概況' 的網頁 Metadata。
2026-02-17 20:36:43,492 - SUCCESS - 成功提取 '臺灣地區果品生產概況' 的網頁 Metadata。
2026-02-17 20:36:44,938 - SUCCESS - 成功提取 '臺灣地區特用作物生產概況' 的網頁 Metadata。
2026-02-17 20:36:44,938 - SUCCESS - 成功提取 '臺灣地區特用作物生產概況' 的網頁 Metadata。
2026-02-17 20:36:46,904 - SUCCESS - 成功提取 '農產品交易行情' 的網頁 Metadata。
2026-02-17 20:36:46,904 - SUCCESS - 成功提取 '農產品交易行情' 的網頁 Metadata。
2026-02-17 20:36:48,582 - SUCCESS - 成功提取 '臺灣地區稻作種植、收穫面積及產量' 的網頁 Metadata。
2026-02-17 20:36:48,582 - SUCCESS - 成功提取 '臺灣地區稻作種植、收穫面積及產量' 的網頁 Metadata。
2026-02-17 20:36:49,949 - SUCCESS - 成功提取 '臺灣地區稻米生產價值' 的網頁 Metadata。
2026-02-17 20:36:49,949 - SUCCESS - 成功提取 '臺灣地區稻米生產價值' 的網頁 Metadata。
2026-02-17 20:36:51,344 - SUCCESS - 成功提取 '農情調查' 的網頁 Metadata。
2026-02-17 20:36:51,344 - SUCCESS - 成功提取 '農情調查' 的網頁 Metadata。
2026-02-17 20:36:52,795 - SUCCESS - 成功提取 '農產品產地價格資料' 的網頁 Metadata。
2026-02-17 20:36:52,795 - SUCCESS - 成功提取 '農產品產地價格資料' 的網頁 Metadata。
2026-02-17 20:36:54,453 - SUCCESS - 成功提取 '臺灣地區農產品生產量值' 的網頁 Metadata。
2026-02-17 20:36:54,453 - SUCCESS - 成功提取 '臺灣地區農產品生產量值' 的網頁 Metadata。
2026-02-17 20:36:55,769 - SUCCESS - 成功提取 '雜糧生產概況' 的網頁 Metadata。
2026-02-17 20:36:55,769 - SUCCESS - 成功提取 '雜糧生產概況' 的網頁 Metadata。
2026-02-17 20:36:57,101 - SUCCESS - 成功提取 '農產品產地價格(月平均價格)' 的網頁 Metadata。
2026-02-17 20:36:57,101 - SUCCESS - 成功提取 '農產品產地價格(月平均價格)' 的網頁 Metadata。
2026-02-17 20:36:58,537 - SUCCESS - 成功提取 '全國單日平均糧價' 的網頁 Metadata。
2026-02-17 20:36:58,537 - SUCCESS - 成功提取 '全國單日平均糧價' 的網頁 Metadata。
2026-02-17 20:37:00,127 - SUCCESS - 成功提取 '臺灣地區蔬菜生產概況' 的網頁 Metadata。
2026-02-17 20:37:00,127 - SUCCESS - 成功提取 '臺灣地區蔬菜生產概況' 的網頁 Metadata。
2026-02-17 20:37:01,415 - SUCCESS - 成功提取 '糧價查詢' 的網頁 Metadata。
2026-02-17 20:37:01,415 - SUCCESS - 成功提取 '糧價查詢' 的網頁 Metadata。
2026-02-17 20:37:02,417 - SUCCESS - 已成功儲存次要資訊。
2026-02-17 20:37:02,417 - SUCCESS - 已成功儲存次要資訊。
2026-02-17 20:37:02,417 - SUCCESS - 更新結果儲存成功:{'產銷履歷與有機蔬果行情': '已更新', '各觀測站近兩年降雨量': '未更新', '臺灣地區果品生產概況': '未更新', '臺灣地區特用作物生產概況': '未更新', '農產品交易行情': '未更新', '臺灣地區稻作種植、收穫面積及產量': '未更新', '臺灣地區稻米生產價值': '未更新', '農情調查': '未更新', '農產品產地價格資料': '未更新', '臺灣地區農產品生產量值': '未更新', '雜糧生產概況': '未更新', '農產品產地價格(月平均價格)': '未更新', '全國單日平均糧價': '未更新', '臺灣地區蔬菜生產概況': '未更新', '糧價查詢': '未更新'}
2026-02-17 20:37:02,417 - SUCCESS - 更新結果儲存成功:{'產銷履歷與有機蔬果行情': '已更新', '各觀測站近兩年降雨量': '未更新', '臺灣地區果品生產概況': '未更新', '臺灣地區特用作物生產概況': '未更新', '農產品交易行情': '未更新', '臺灣地區稻作種植、收穫面積及產量': '未更新', '臺灣地區稻米生產價值': '未更新', '農情調查': '未更新', '農產品產地價格資料': '未更新', '臺灣地區農產品生產量值': '未更新', '雜糧生產概況': '未更新', '農產品產地價格(月平均價格)': '未更新', '全國單日平均糧價': '未更新', '臺灣地區蔬菜生產概況': '未更新', '糧價查詢': '未更新'}
2026-02-17 20:37:02,439 - SUCCESS - 已成功儲存次要資訊到資料庫。
2026-02-17 20:37:02,439 - SUCCESS - 已成功儲存次要資訊到資料庫。
2026-02-17 23:35:34,180 - SUCCESS - 成功提取 '臺灣地區蔬菜生產概況' 的網頁 Metadata。
2026-02-17 23:35:34,180 - SUCCESS - 成功提取 '臺灣地區蔬菜生產概況' 的網頁 Metadata。
2026-02-17 23:35:35,636 - SUCCESS - 成功提取 '全國單日平均糧價' 的網頁 Metadata。
2026-02-17 23:35:35,636 - SUCCESS - 成功提取 '全國單日平均糧價' 的網頁 Metadata。
2026-02-17 23:35:35,738 - SUCCESS - '全國單日平均糧價' 的 Metadata 已更新到 metadata.json。
2026-02-17 23:35:35,738 - SUCCESS - '全國單日平均糧價' 的 Metadata 已更新到 metadata.json。
2026-02-17 23:35:41,160 - SUCCESS - <全國單日平均糧價>的資料已下載完成，共 9198 筆資料。
2026-02-17 23:35:41,160 - SUCCESS - <全國單日平均糧價>的資料已下載完成，共 9198 筆資料。
2026-02-17 23:35:41,407 - SUCCESS - 已下載、去重並合併資料完成現有資料 412 條，新資料 412 條。
2026-02-17 23:35:41,407 - SUCCESS - 已下載、去重並合併資料完成現有資料 412 條，新資料 412 條。
2026-02-17 23:35:41,610 - SUCCESS - 插入或更新 '全國單日平均糧價' 的 Metadata 成功。
2026-02-17 23:35:41,610 - SUCCESS - 插入或更新 '全國單日平均糧價' 的 Metadata 成功。
2026-02-17 23:35:41,610 - SUCCESS - '全國單日平均糧價' 的自動更新完成。
2026-02-17 23:35:41,610 - SUCCESS - '全國單日平均糧價' 的自動更新完成。
2026-02-17 23:35:42,846 - SUCCESS - 成功提取 '糧價查詢' 的網頁 Metadata。
2026-02-17 23:35:42,846 - SUCCESS - 成功提取 '糧價查詢' 的網頁 Metadata。
2026-02-17 23:35:44,073 - SUCCESS - 成功提取 '產銷履歷與有機蔬果行情' 的網頁 Metadata。
2026-02-17 23:35:44,073 - SUCCESS - 成功提取 '產銷履歷與有機蔬果行情' 的網頁 Metadata。
2026-02-17 23:35:45,290 - SUCCESS - 成功提取 '各觀測站近兩年降雨量' 的網頁 Metadata。
2026-02-17 23:35:45,290 - SUCCESS - 成功提取 '各觀測站近兩年降雨量' 的網頁 Metadata。
2026-02-17 23:35:46,554 - SUCCESS - 成功提取 '臺灣地區果品生產概況' 的網頁 Metadata。
2026-02-17 23:35:46,554 - SUCCESS - 成功提取 '臺灣地區果品生產概況' 的網頁 Metadata。
2026-02-17 23:35:47,764 - SUCCESS - 成功提取 '臺灣地區特用作物生產概況' 的網頁 Metadata。
2026-02-17 23:35:47,764 - SUCCESS - 成功提取 '臺灣地區特用作物生產概況' 的網頁 Metadata。
2026-02-17 23:35:49,152 - SUCCESS - 成功提取 '農產品交易行情' 的網頁 Metadata。
2026-02-17 23:35:49,152 - SUCCESS - 成功提取 '農產品交易行情' 的網頁 Metadata。
2026-02-17 23:35:49,205 - SUCCESS - '農產品交易行情' 的 Metadata 已更新到 metadata.json。
2026-02-17 23:35:49,205 - SUCCESS - '農產品交易行情' 的 Metadata 已更新到 metadata.json。
2026-02-17 23:35:56,710 - SUCCESS - <農產品交易行情>的資料已下載完成，共 9165 筆資料。
2026-02-17 23:35:56,710 - SUCCESS - <農產品交易行情>的資料已下載完成，共 9165 筆資料。
2026-02-17 23:35:56,955 - SUCCESS - 已下載、去重並合併資料完成現有資料 9165 條，新資料 9165 條。
2026-02-17 23:35:56,955 - SUCCESS - 已下載、去重並合併資料完成現有資料 9165 條，新資料 9165 條。
2026-02-17 23:36:03,060 - SUCCESS - 插入或更新 '農產品交易行情' 的 Metadata 成功。
2026-02-17 23:36:03,060 - SUCCESS - 插入或更新 '農產品交易行情' 的 Metadata 成功。
2026-02-17 23:36:03,068 - SUCCESS - '農產品交易行情' 的自動更新完成。
2026-02-17 23:36:03,068 - SUCCESS - '農產品交易行情' 的自動更新完成。
2026-02-17 23:36:04,269 - SUCCESS - 成功提取 '臺灣地區稻作種植、收穫面積及產量' 的網頁 Metadata。
2026-02-17 23:36:04,269 - SUCCESS - 成功提取 '臺灣地區稻作種植、收穫面積及產量' 的網頁 Metadata。
2026-02-17 23:36:05,519 - SUCCESS - 成功提取 '臺灣地區稻米生產價值' 的網頁 Metadata。
2026-02-17 23:36:05,519 - SUCCESS - 成功提取 '臺灣地區稻米生產價值' 的網頁 Metadata。
2026-02-17 23:36:06,962 - SUCCESS - 成功提取 '農情調查' 的網頁 Metadata。
2026-02-17 23:36:06,962 - SUCCESS - 成功提取 '農情調查' 的網頁 Metadata。
2026-02-17 23:36:07,015 - SUCCESS - '農情調查' 的 Metadata 已更新到 metadata.json。
2026-02-17 23:36:07,015 - SUCCESS - '農情調查' 的 Metadata 已更新到 metadata.json。
2026-02-17 23:36:09,765 - SUCCESS - <農情調查>的資料已下載完成，共 9999 筆資料。
2026-02-17 23:36:09,765 - SUCCESS - <農情調查>的資料已下載完成，共 9999 筆資料。
2026-02-17 23:36:09,780 - SUCCESS - 已下載、去重並合併資料完成現有資料 0 條，新資料 0 條。
2026-02-17 23:36:09,780 - SUCCESS - 已下載、去重並合併資料完成現有資料 0 條，新資料 0 條。
2026-02-17 23:36:09,786 - SUCCESS - 插入或更新 '農情調查' 的 Metadata 成功。
2026-02-17 23:36:09,786 - SUCCESS - 插入或更新 '農情調查' 的 Metadata 成功。
2026-02-17 23:36:09,786 - SUCCESS - '農情調查' 的自動更新完成。
2026-02-17 23:36:09,786 - SUCCESS - '農情調查' 的自動更新完成。
2026-02-17 23:36:10,949 - SUCCESS - 成功提取 '農產品產地價格資料' 的網頁 Metadata。
2026-02-17 23:36:10,949 - SUCCESS - 成功提取 '農產品產地價格資料' 的網頁 Metadata。
2026-02-17 23:36:12,280 - SUCCESS - 成功提取 '臺灣地區農產品生產量值' 的網頁 Metadata。
2026-02-17 23:36:12,280 - SUCCESS - 成功提取 '臺灣地區農產品生產量值' 的網頁 Metadata。
2026-02-17 23:36:13,820 - SUCCESS - 成功提取 '雜糧生產概況' 的網頁 Metadata。
2026-02-17 23:36:13,820 - SUCCESS - 成功提取 '雜糧生產概況' 的網頁 Metadata。
2026-02-17 23:36:15,078 - SUCCESS - 成功提取 '農產品產地價格(月平均價格)' 的網頁 Metadata。
2026-02-17 23:36:15,078 - SUCCESS - 成功提取 '農產品產地價格(月平均價格)' 的網頁 Metadata。
2026-02-17 23:36:16,088 - SUCCESS - 已成功儲存次要資訊。
2026-02-17 23:36:16,088 - SUCCESS - 已成功儲存次要資訊。
2026-02-17 23:36:16,090 - SUCCESS - 更新結果儲存成功:{'臺灣地區蔬菜生產概況': '未更新', '全國單日平均糧價': '已更新', '糧價查詢': '未更新', '產銷履歷與有機蔬果行情': '未更新', '各觀測站近兩年降雨量': '未更新', '臺灣地區果品生產概況': '未更新', '臺灣地區特用作物生產概況': '未更新', '農產品交易行情': '已更新', '臺灣地區稻作種植、收穫面積及產量': '未更新', '臺灣地區稻米生產價值': '未更新', '農情調查': '已更新', '農產品產地價格資料': '未更新', '臺灣地區農產品生產量值': '未更新', '雜糧生產概況': '未更新', '農產品產地價格(月平均價格)': '未更新'}
2026-02-17 23:36:16,090 - SUCCESS - 更新結果儲存成功:{'臺灣地區蔬菜生產概況': '未更新', '全國單日平均糧價': '已更新', '糧價查詢': '未更新', '產銷履歷與有機蔬果行情': '未更新', '各觀測站近兩年降雨量': '未更新', '臺灣地區果品生產概況': '未更新', '臺灣地區特用作物生產概況': '未更新', '農產品交易行情': '已更新', '臺灣地區稻作種植、收穫面積及產量': '未更新', '臺灣地區稻米生產價值': '未更新', '農情調查': '已更新', '農產品產地價格資料': '未更新', '臺灣地區農產品生產量值': '未更新', '雜糧生產概況': '未更新', '農產品產地價格(月平均價格)': '未更新'}
2026-02-17 23:36:16,111 - SUCCESS - 已成功儲存次要資訊到資料庫。
2026-02-17 23:36:16,111 - SUCCESS - 已成功儲存次要資訊到資料庫。
