2025-11-22 00:10:32,064 - SUCCESS - 成功提取 '全國單日平均糧價' 的網頁 Metadata。
2025-11-22 00:10:32,064 - SUCCESS - 成功提取 '全國單日平均糧價' 的網頁 Metadata。
2025-11-22 00:10:32,101 - SUCCESS - '全國單日平均糧價' 的 Metadata 已更新到 metadata.json。
2025-11-22 00:10:32,101 - SUCCESS - '全國單日平均糧價' 的 Metadata 已更新到 metadata.json。
2025-11-22 00:10:34,199 - SUCCESS - <全國單日平均糧價>的資料已下載完成，共 9111 筆資料。
2025-11-22 00:10:34,199 - SUCCESS - <全國單日平均糧價>的資料已下載完成，共 9111 筆資料。
2025-11-22 00:10:34,861 - SUCCESS - 已下載、去重並合併資料完成現有資料 9111 條，新資料 2 條。
2025-11-22 00:10:34,861 - SUCCESS - 已下載、去重並合併資料完成現有資料 9111 條，新資料 2 條。
2025-11-22 00:10:34,905 - SUCCESS - 已下載 '全國單日平均糧價' 的原始 JSON 資料路徑: 'C:\Python\data_moa_gov_tw\raw_data\全國單日平均糧價\全國單日平均糧價.json'
2025-11-22 00:10:34,905 - SUCCESS - 已下載 '全國單日平均糧價' 的原始 JSON 資料路徑: 'C:\Python\data_moa_gov_tw\raw_data\全國單日平均糧價\全國單日平均糧價.json'
2025-11-22 00:10:34,933 - SUCCESS - 插入或更新 '全國單日平均糧價' 的 Metadata 成功。
2025-11-22 00:10:34,933 - SUCCESS - 插入或更新 '全國單日平均糧價' 的 Metadata 成功。
2025-11-22 00:10:34,941 - SUCCESS - 已成功批量插入 '全國單日平均糧價' 的總計 2 條記錄到表格 '1040001' 。
2025-11-22 00:10:34,941 - SUCCESS - 已成功批量插入 '全國單日平均糧價' 的總計 2 條記錄到表格 '1040001' 。
2025-11-22 00:10:34,947 - SUCCESS - '全國單日平均糧價' 的自動更新完成。
2025-11-22 00:10:34,947 - SUCCESS - '全國單日平均糧價' 的自動更新完成。
2025-11-22 00:10:36,634 - SUCCESS - 成功提取 '各觀測站近兩年降雨量' 的網頁 Metadata。
2025-11-22 00:10:36,634 - SUCCESS - 成功提取 '各觀測站近兩年降雨量' 的網頁 Metadata。
2025-11-22 00:10:38,642 - SUCCESS - 成功提取 '產銷履歷與有機蔬果行情' 的網頁 Metadata。
2025-11-22 00:10:38,642 - SUCCESS - 成功提取 '產銷履歷與有機蔬果行情' 的網頁 Metadata。
2025-11-22 00:10:38,680 - SUCCESS - '產銷履歷與有機蔬果行情' 的 Metadata 已更新到 metadata.json。
2025-11-22 00:10:38,680 - SUCCESS - '產銷履歷與有機蔬果行情' 的 Metadata 已更新到 metadata.json。
2025-11-22 00:11:05,270 - SUCCESS - <產銷履歷與有機蔬果行情>的資料已下載完成，共 4496 筆資料。
2025-11-22 00:11:05,270 - SUCCESS - <產銷履歷與有機蔬果行情>的資料已下載完成，共 4496 筆資料。
2025-11-22 00:11:23,449 - SUCCESS - 已下載、去重並合併資料完成現有資料 231973 條，新資料 4496 條。
2025-11-22 00:11:23,449 - SUCCESS - 已下載、去重並合併資料完成現有資料 231973 條，新資料 4496 條。
2025-11-22 00:11:25,079 - SUCCESS - 已下載 '產銷履歷與有機蔬果行情' 的原始 JSON 資料路徑: 'C:\Python\data_moa_gov_tw\raw_data\產銷履歷與有機蔬果行情\產銷履歷與有機蔬果行情.json'
2025-11-22 00:11:25,079 - SUCCESS - 已下載 '產銷履歷與有機蔬果行情' 的原始 JSON 資料路徑: 'C:\Python\data_moa_gov_tw\raw_data\產銷履歷與有機蔬果行情\產銷履歷與有機蔬果行情.json'
2025-11-22 00:11:25,084 - SUCCESS - 插入或更新 '產銷履歷與有機蔬果行情' 的 Metadata 成功。
2025-11-22 00:11:25,084 - SUCCESS - 插入或更新 '產銷履歷與有機蔬果行情' 的 Metadata 成功。
2025-11-22 00:11:27,468 - SUCCESS - 已成功批量插入 '產銷履歷與有機蔬果行情' 的總計 4496 條記錄到表格 '1040003' 。
2025-11-22 00:11:27,468 - SUCCESS - 已成功批量插入 '產銷履歷與有機蔬果行情' 的總計 4496 條記錄到表格 '1040003' 。
2025-11-22 00:11:27,546 - SUCCESS - '產銷履歷與有機蔬果行情' 的自動更新完成。
2025-11-22 00:11:27,546 - SUCCESS - '產銷履歷與有機蔬果行情' 的自動更新完成。
2025-11-22 00:11:30,050 - SUCCESS - 成功提取 '糧價查詢' 的網頁 Metadata。
2025-11-22 00:11:30,050 - SUCCESS - 成功提取 '糧價查詢' 的網頁 Metadata。
2025-11-22 00:11:30,090 - SUCCESS - '糧價查詢' 的 Metadata 已更新到 metadata.json。
2025-11-22 00:11:30,090 - SUCCESS - '糧價查詢' 的 Metadata 已更新到 metadata.json。
2025-11-22 00:11:35,302 - SUCCESS - <糧價查詢>的資料已下載完成，共 9999 筆資料。
2025-11-22 00:11:35,302 - SUCCESS - <糧價查詢>的資料已下載完成，共 9999 筆資料。
2025-11-22 00:11:54,102 - SUCCESS - 已下載、去重並合併資料完成現有資料 240763 條，新資料 40 條。
2025-11-22 00:11:54,102 - SUCCESS - 已下載、去重並合併資料完成現有資料 240763 條，新資料 40 條。
2025-11-22 00:11:55,640 - SUCCESS - 已下載 '糧價查詢' 的原始 JSON 資料路徑: 'C:\Python\data_moa_gov_tw\raw_data\糧價查詢\糧價查詢.json'
2025-11-22 00:11:55,640 - SUCCESS - 已下載 '糧價查詢' 的原始 JSON 資料路徑: 'C:\Python\data_moa_gov_tw\raw_data\糧價查詢\糧價查詢.json'
2025-11-22 00:11:55,646 - SUCCESS - 插入或更新 '糧價查詢' 的 Metadata 成功。
2025-11-22 00:11:55,646 - SUCCESS - 插入或更新 '糧價查詢' 的 Metadata 成功。
2025-11-22 00:11:55,689 - SUCCESS - 已成功批量插入 '糧價查詢' 的總計 40 條記錄到表格 '1040004' 。
2025-11-22 00:11:55,689 - SUCCESS - 已成功批量插入 '糧價查詢' 的總計 40 條記錄到表格 '1040004' 。
2025-11-22 00:11:55,843 - SUCCESS - '糧價查詢' 的自動更新完成。
2025-11-22 00:11:55,843 - SUCCESS - '糧價查詢' 的自動更新完成。
2025-11-22 00:11:57,629 - SUCCESS - 成功提取 '臺灣地區果品生產概況' 的網頁 Metadata。
2025-11-22 00:11:57,629 - SUCCESS - 成功提取 '臺灣地區果品生產概況' 的網頁 Metadata。
2025-11-22 00:11:59,265 - SUCCESS - 成功提取 '臺灣地區特用作物生產概況' 的網頁 Metadata。
2025-11-22 00:11:59,265 - SUCCESS - 成功提取 '臺灣地區特用作物生產概況' 的網頁 Metadata。
2025-11-22 00:12:00,663 - SUCCESS - 成功提取 '臺灣地區稻作種植、收穫面積及產量' 的網頁 Metadata。
2025-11-22 00:12:00,663 - SUCCESS - 成功提取 '臺灣地區稻作種植、收穫面積及產量' 的網頁 Metadata。
2025-11-22 00:12:02,015 - SUCCESS - 成功提取 '臺灣地區稻米生產價值' 的網頁 Metadata。
2025-11-22 00:12:02,015 - SUCCESS - 成功提取 '臺灣地區稻米生產價值' 的網頁 Metadata。
2025-11-22 00:12:03,538 - SUCCESS - 成功提取 '臺灣地區蔬菜生產概況' 的網頁 Metadata。
2025-11-22 00:12:03,538 - SUCCESS - 成功提取 '臺灣地區蔬菜生產概況' 的網頁 Metadata。
2025-11-22 00:12:04,931 - SUCCESS - 成功提取 '臺灣地區農產品生產量值' 的網頁 Metadata。
2025-11-22 00:12:04,931 - SUCCESS - 成功提取 '臺灣地區農產品生產量值' 的網頁 Metadata。
2025-11-22 00:12:06,246 - SUCCESS - 成功提取 '農情調查' 的網頁 Metadata。
2025-11-22 00:12:06,246 - SUCCESS - 成功提取 '農情調查' 的網頁 Metadata。
2025-11-22 00:12:06,309 - SUCCESS - '農情調查' 的 Metadata 已更新到 metadata.json。
2025-11-22 00:12:06,309 - SUCCESS - '農情調查' 的 Metadata 已更新到 metadata.json。
2025-11-22 00:12:09,735 - SUCCESS - <農情調查>的資料已下載完成，共 9999 筆資料。
2025-11-22 00:12:09,735 - SUCCESS - <農情調查>的資料已下載完成，共 9999 筆資料。
2025-11-22 00:12:11,268 - SUCCESS - 已下載、去重並合併資料完成現有資料 45259 條，新資料 0 條。
2025-11-22 00:12:11,268 - SUCCESS - 已下載、去重並合併資料完成現有資料 45259 條，新資料 0 條。
2025-11-22 00:12:11,671 - SUCCESS - 插入或更新 '農情調查' 的 Metadata 成功。
2025-11-22 00:12:11,671 - SUCCESS - 插入或更新 '農情調查' 的 Metadata 成功。
2025-11-22 00:12:11,691 - SUCCESS - '農情調查' 的自動更新完成。
2025-11-22 00:12:11,691 - SUCCESS - '農情調查' 的自動更新完成。
2025-11-22 00:12:13,132 - SUCCESS - 成功提取 '農產品交易行情' 的網頁 Metadata。
2025-11-22 00:12:13,132 - SUCCESS - 成功提取 '農產品交易行情' 的網頁 Metadata。
2025-11-22 00:12:13,182 - SUCCESS - '農產品交易行情' 的 Metadata 已更新到 metadata.json。
2025-11-22 00:12:13,182 - SUCCESS - '農產品交易行情' 的 Metadata 已更新到 metadata.json。
2025-11-22 00:12:49,732 - SUCCESS - <農產品交易行情>的資料已下載完成，共 10638 筆資料。
2025-11-22 00:12:49,732 - SUCCESS - <農產品交易行情>的資料已下載完成，共 10638 筆資料。
2025-11-22 00:13:22,928 - SUCCESS - 已下載、去重並合併資料完成現有資料 453503 條，新資料 7079 條。
2025-11-22 00:13:22,928 - SUCCESS - 已下載、去重並合併資料完成現有資料 453503 條，新資料 7079 條。
2025-11-22 00:13:26,784 - SUCCESS - 已下載 '農產品交易行情' 的原始 JSON 資料路徑: 'C:\Python\data_moa_gov_tw\raw_data\農產品交易行情\農產品交易行情.json'
2025-11-22 00:13:26,784 - SUCCESS - 已下載 '農產品交易行情' 的原始 JSON 資料路徑: 'C:\Python\data_moa_gov_tw\raw_data\農產品交易行情\農產品交易行情.json'
2025-11-22 00:13:26,793 - SUCCESS - 插入或更新 '農產品交易行情' 的 Metadata 成功。
2025-11-22 00:13:26,793 - SUCCESS - 插入或更新 '農產品交易行情' 的 Metadata 成功。
2025-11-22 00:13:33,034 - SUCCESS - 已成功批量插入 '農產品交易行情' 的總計 7078 條記錄到表格 '1040012' 。
2025-11-22 00:13:33,034 - SUCCESS - 已成功批量插入 '農產品交易行情' 的總計 7078 條記錄到表格 '1040012' 。
2025-11-22 00:13:33,384 - SUCCESS - '農產品交易行情' 的自動更新完成。
2025-11-22 00:13:33,384 - SUCCESS - '農產品交易行情' 的自動更新完成。
2025-11-22 00:13:35,170 - SUCCESS - 成功提取 '農產品產地價格(月平均價格)' 的網頁 Metadata。
2025-11-22 00:13:35,170 - SUCCESS - 成功提取 '農產品產地價格(月平均價格)' 的網頁 Metadata。
2025-11-22 00:13:36,990 - SUCCESS - 成功提取 '農產品產地價格資料' 的網頁 Metadata。
2025-11-22 00:13:36,990 - SUCCESS - 成功提取 '農產品產地價格資料' 的網頁 Metadata。
2025-11-22 00:13:37,115 - SUCCESS - '農產品產地價格資料' 的 Metadata 已更新到 metadata.json。
2025-11-22 00:13:37,115 - SUCCESS - '農產品產地價格資料' 的 Metadata 已更新到 metadata.json。
2025-11-22 00:13:38,459 - SUCCESS - <農產品產地價格資料>的資料已下載完成，共 9999 筆資料。
2025-11-22 00:13:38,459 - SUCCESS - <農產品產地價格資料>的資料已下載完成，共 9999 筆資料。
2025-11-22 00:14:47,754 - SUCCESS - 已下載、去重並合併資料完成現有資料 345844 條，新資料 16 條。
2025-11-22 00:14:47,754 - SUCCESS - 已下載、去重並合併資料完成現有資料 345844 條，新資料 16 條。
2025-11-22 00:14:51,249 - SUCCESS - 已下載 '農產品產地價格資料' 的原始 JSON 資料路徑: 'C:\Python\data_moa_gov_tw\raw_data\農產品產地價格資料\農產品產地價格資料.json'
2025-11-22 00:14:51,249 - SUCCESS - 已下載 '農產品產地價格資料' 的原始 JSON 資料路徑: 'C:\Python\data_moa_gov_tw\raw_data\農產品產地價格資料\農產品產地價格資料.json'
2025-11-22 00:14:51,256 - SUCCESS - 插入或更新 '農產品產地價格資料' 的 Metadata 成功。
2025-11-22 00:14:51,256 - SUCCESS - 插入或更新 '農產品產地價格資料' 的 Metadata 成功。
2025-11-22 00:14:51,274 - SUCCESS - 已成功批量插入 '農產品產地價格資料' 的總計 16 條記錄到表格 '1040014' 。
2025-11-22 00:14:51,274 - SUCCESS - 已成功批量插入 '農產品產地價格資料' 的總計 16 條記錄到表格 '1040014' 。
2025-11-22 00:14:51,414 - SUCCESS - '農產品產地價格資料' 的自動更新完成。
2025-11-22 00:14:51,414 - SUCCESS - '農產品產地價格資料' 的自動更新完成。
2025-11-22 00:14:52,727 - SUCCESS - 成功提取 '雜糧生產概況' 的網頁 Metadata。
2025-11-22 00:14:52,727 - SUCCESS - 成功提取 '雜糧生產概況' 的網頁 Metadata。
2025-11-22 00:14:53,735 - SUCCESS - 已成功儲存次要資訊。
2025-11-22 00:14:53,735 - SUCCESS - 已成功儲存次要資訊。
2025-11-22 00:14:53,735 - SUCCESS - 更新結果儲存成功:{'全國單日平均糧價': '已更新', '各觀測站近兩年降雨量': '未更新', '產銷履歷與有機蔬果行情': '已更新', '糧價查詢': '已更新', '臺灣地區果品生產概況': '未更新', '臺灣地區特用作物生產概況': '未更新', '臺灣地區稻作種植、收穫面積及產量': '未更新', '臺灣地區稻米生產價值': '未更新', '臺灣地區蔬菜生產概況': '未更新', '臺灣地區農產品生產量值': '未更新', '農情調查': '已更新', '農產品交易行情': '已更新', '農產品產地價格(月平均價格)': '未更新', '農產品產地價格資料': '已更新', '雜糧生產概況': '未更新'}
2025-11-22 00:14:53,735 - SUCCESS - 更新結果儲存成功:{'全國單日平均糧價': '已更新', '各觀測站近兩年降雨量': '未更新', '產銷履歷與有機蔬果行情': '已更新', '糧價查詢': '已更新', '臺灣地區果品生產概況': '未更新', '臺灣地區特用作物生產概況': '未更新', '臺灣地區稻作種植、收穫面積及產量': '未更新', '臺灣地區稻米生產價值': '未更新', '臺灣地區蔬菜生產概況': '未更新', '臺灣地區農產品生產量值': '未更新', '農情調查': '已更新', '農產品交易行情': '已更新', '農產品產地價格(月平均價格)': '未更新', '農產品產地價格資料': '已更新', '雜糧生產概況': '未更新'}
2025-11-22 23:27:01,732 - SUCCESS - 成功提取 '全國單日平均糧價' 的網頁 Metadata。
2025-11-22 23:27:01,732 - SUCCESS - 成功提取 '全國單日平均糧價' 的網頁 Metadata。
2025-11-22 23:27:01,768 - SUCCESS - '全國單日平均糧價' 的 Metadata 已更新到 metadata.json。
2025-11-22 23:27:01,768 - SUCCESS - '全國單日平均糧價' 的 Metadata 已更新到 metadata.json。
2025-11-22 23:27:05,371 - SUCCESS - <全國單日平均糧價>的資料已下載完成，共 9111 筆資料。
2025-11-22 23:27:05,371 - SUCCESS - <全國單日平均糧價>的資料已下載完成，共 9111 筆資料。
2025-11-22 23:27:06,242 - SUCCESS - 已下載、去重並合併資料完成現有資料 9111 條，新資料 0 條。
2025-11-22 23:27:06,242 - SUCCESS - 已下載、去重並合併資料完成現有資料 9111 條，新資料 0 條。
2025-11-22 23:27:06,337 - SUCCESS - 插入或更新 '全國單日平均糧價' 的 Metadata 成功。
2025-11-22 23:27:06,337 - SUCCESS - 插入或更新 '全國單日平均糧價' 的 Metadata 成功。
2025-11-22 23:27:06,343 - SUCCESS - '全國單日平均糧價' 的自動更新完成。
2025-11-22 23:27:06,343 - SUCCESS - '全國單日平均糧價' 的自動更新完成。
2025-11-22 23:27:07,791 - SUCCESS - 成功提取 '各觀測站近兩年降雨量' 的網頁 Metadata。
2025-11-22 23:27:07,791 - SUCCESS - 成功提取 '各觀測站近兩年降雨量' 的網頁 Metadata。
2025-11-22 23:27:09,599 - SUCCESS - 成功提取 '產銷履歷與有機蔬果行情' 的網頁 Metadata。
2025-11-22 23:27:09,599 - SUCCESS - 成功提取 '產銷履歷與有機蔬果行情' 的網頁 Metadata。
2025-11-22 23:27:09,650 - SUCCESS - '產銷履歷與有機蔬果行情' 的 Metadata 已更新到 metadata.json。
2025-11-22 23:27:09,650 - SUCCESS - '產銷履歷與有機蔬果行情' 的 Metadata 已更新到 metadata.json。
2025-11-22 23:27:19,990 - SUCCESS - <產銷履歷與有機蔬果行情>的資料已下載完成，共 4464 筆資料。
2025-11-22 23:27:19,990 - SUCCESS - <產銷履歷與有機蔬果行情>的資料已下載完成，共 4464 筆資料。
2025-11-22 23:27:36,146 - SUCCESS - 已下載、去重並合併資料完成現有資料 234208 條，新資料 2235 條。
2025-11-22 23:27:36,146 - SUCCESS - 已下載、去重並合併資料完成現有資料 234208 條，新資料 2235 條。
2025-11-22 23:27:37,300 - SUCCESS - 已下載 '產銷履歷與有機蔬果行情' 的原始 JSON 資料路徑: 'C:\Python\data_moa_gov_tw\raw_data\產銷履歷與有機蔬果行情\產銷履歷與有機蔬果行情.json'
2025-11-22 23:27:37,300 - SUCCESS - 已下載 '產銷履歷與有機蔬果行情' 的原始 JSON 資料路徑: 'C:\Python\data_moa_gov_tw\raw_data\產銷履歷與有機蔬果行情\產銷履歷與有機蔬果行情.json'
2025-11-22 23:27:37,308 - SUCCESS - 插入或更新 '產銷履歷與有機蔬果行情' 的 Metadata 成功。
2025-11-22 23:27:37,308 - SUCCESS - 插入或更新 '產銷履歷與有機蔬果行情' 的 Metadata 成功。
2025-11-22 23:27:38,141 - SUCCESS - 已成功批量插入 '產銷履歷與有機蔬果行情' 的總計 2235 條記錄到表格 '1040003' 。
2025-11-22 23:27:38,141 - SUCCESS - 已成功批量插入 '產銷履歷與有機蔬果行情' 的總計 2235 條記錄到表格 '1040003' 。
2025-11-22 23:27:38,220 - SUCCESS - '產銷履歷與有機蔬果行情' 的自動更新完成。
2025-11-22 23:27:38,220 - SUCCESS - '產銷履歷與有機蔬果行情' 的自動更新完成。
2025-11-22 23:27:39,725 - SUCCESS - 成功提取 '糧價查詢' 的網頁 Metadata。
2025-11-22 23:27:39,725 - SUCCESS - 成功提取 '糧價查詢' 的網頁 Metadata。
2025-11-22 23:27:39,744 - SUCCESS - '糧價查詢' 的 Metadata 已更新到 metadata.json。
2025-11-22 23:27:39,744 - SUCCESS - '糧價查詢' 的 Metadata 已更新到 metadata.json。
2025-11-22 23:27:42,109 - SUCCESS - <糧價查詢>的資料已下載完成，共 9999 筆資料。
2025-11-22 23:27:42,109 - SUCCESS - <糧價查詢>的資料已下載完成，共 9999 筆資料。
2025-11-22 23:27:56,828 - SUCCESS - 已下載、去重並合併資料完成現有資料 240783 條，新資料 20 條。
2025-11-22 23:27:56,828 - SUCCESS - 已下載、去重並合併資料完成現有資料 240783 條，新資料 20 條。
2025-11-22 23:27:57,917 - SUCCESS - 已下載 '糧價查詢' 的原始 JSON 資料路徑: 'C:\Python\data_moa_gov_tw\raw_data\糧價查詢\糧價查詢.json'
2025-11-22 23:27:57,917 - SUCCESS - 已下載 '糧價查詢' 的原始 JSON 資料路徑: 'C:\Python\data_moa_gov_tw\raw_data\糧價查詢\糧價查詢.json'
2025-11-22 23:27:57,917 - SUCCESS - 插入或更新 '糧價查詢' 的 Metadata 成功。
2025-11-22 23:27:57,917 - SUCCESS - 插入或更新 '糧價查詢' 的 Metadata 成功。
2025-11-22 23:27:57,935 - SUCCESS - 已成功批量插入 '糧價查詢' 的總計 20 條記錄到表格 '1040004' 。
2025-11-22 23:27:57,935 - SUCCESS - 已成功批量插入 '糧價查詢' 的總計 20 條記錄到表格 '1040004' 。
2025-11-22 23:27:58,037 - SUCCESS - '糧價查詢' 的自動更新完成。
2025-11-22 23:27:58,037 - SUCCESS - '糧價查詢' 的自動更新完成。
2025-11-22 23:27:59,517 - SUCCESS - 成功提取 '臺灣地區果品生產概況' 的網頁 Metadata。
2025-11-22 23:27:59,517 - SUCCESS - 成功提取 '臺灣地區果品生產概況' 的網頁 Metadata。
2025-11-22 23:28:00,918 - SUCCESS - 成功提取 '臺灣地區特用作物生產概況' 的網頁 Metadata。
2025-11-22 23:28:00,918 - SUCCESS - 成功提取 '臺灣地區特用作物生產概況' 的網頁 Metadata。
2025-11-22 23:28:02,162 - SUCCESS - 成功提取 '臺灣地區稻作種植、收穫面積及產量' 的網頁 Metadata。
2025-11-22 23:28:02,162 - SUCCESS - 成功提取 '臺灣地區稻作種植、收穫面積及產量' 的網頁 Metadata。
2025-11-22 23:28:03,386 - SUCCESS - 成功提取 '臺灣地區稻米生產價值' 的網頁 Metadata。
2025-11-22 23:28:03,386 - SUCCESS - 成功提取 '臺灣地區稻米生產價值' 的網頁 Metadata。
2025-11-22 23:28:05,186 - SUCCESS - 成功提取 '臺灣地區蔬菜生產概況' 的網頁 Metadata。
2025-11-22 23:28:05,186 - SUCCESS - 成功提取 '臺灣地區蔬菜生產概況' 的網頁 Metadata。
2025-11-22 23:28:06,496 - SUCCESS - 成功提取 '臺灣地區農產品生產量值' 的網頁 Metadata。
2025-11-22 23:28:06,496 - SUCCESS - 成功提取 '臺灣地區農產品生產量值' 的網頁 Metadata。
2025-11-22 23:28:07,737 - SUCCESS - 成功提取 '農情調查' 的網頁 Metadata。
2025-11-22 23:28:07,737 - SUCCESS - 成功提取 '農情調查' 的網頁 Metadata。
2025-11-22 23:28:07,773 - SUCCESS - '農情調查' 的 Metadata 已更新到 metadata.json。
2025-11-22 23:28:07,773 - SUCCESS - '農情調查' 的 Metadata 已更新到 metadata.json。
2025-11-22 23:28:09,970 - SUCCESS - <農情調查>的資料已下載完成，共 9999 筆資料。
2025-11-22 23:28:09,970 - SUCCESS - <農情調查>的資料已下載完成，共 9999 筆資料。
2025-11-22 23:28:11,008 - SUCCESS - 已下載、去重並合併資料完成現有資料 45259 條，新資料 0 條。
2025-11-22 23:28:11,008 - SUCCESS - 已下載、去重並合併資料完成現有資料 45259 條，新資料 0 條。
2025-11-22 23:28:11,294 - SUCCESS - 插入或更新 '農情調查' 的 Metadata 成功。
2025-11-22 23:28:11,294 - SUCCESS - 插入或更新 '農情調查' 的 Metadata 成功。
2025-11-22 23:28:11,315 - SUCCESS - '農情調查' 的自動更新完成。
2025-11-22 23:28:11,315 - SUCCESS - '農情調查' 的自動更新完成。
2025-11-22 23:28:12,577 - SUCCESS - 成功提取 '農產品交易行情' 的網頁 Metadata。
2025-11-22 23:28:12,577 - SUCCESS - 成功提取 '農產品交易行情' 的網頁 Metadata。
2025-11-22 23:28:12,618 - SUCCESS - '農產品交易行情' 的 Metadata 已更新到 metadata.json。
2025-11-22 23:28:12,618 - SUCCESS - '農產品交易行情' 的 Metadata 已更新到 metadata.json。
2025-11-22 23:28:34,892 - SUCCESS - <農產品交易行情>的資料已下載完成，共 12915 筆資料。
2025-11-22 23:28:34,892 - SUCCESS - <農產品交易行情>的資料已下載完成，共 12915 筆資料。
2025-11-22 23:28:56,229 - SUCCESS - 已下載、去重並合併資料完成現有資料 455780 條，新資料 2277 條。
2025-11-22 23:28:56,229 - SUCCESS - 已下載、去重並合併資料完成現有資料 455780 條，新資料 2277 條。
2025-11-22 23:28:58,509 - SUCCESS - 已下載 '農產品交易行情' 的原始 JSON 資料路徑: 'C:\Python\data_moa_gov_tw\raw_data\農產品交易行情\農產品交易行情.json'
2025-11-22 23:28:58,509 - SUCCESS - 已下載 '農產品交易行情' 的原始 JSON 資料路徑: 'C:\Python\data_moa_gov_tw\raw_data\農產品交易行情\農產品交易行情.json'
2025-11-22 23:28:58,518 - SUCCESS - 插入或更新 '農產品交易行情' 的 Metadata 成功。
2025-11-22 23:28:58,518 - SUCCESS - 插入或更新 '農產品交易行情' 的 Metadata 成功。
2025-11-22 23:28:59,425 - SUCCESS - 已成功批量插入 '農產品交易行情' 的總計 2277 條記錄到表格 '1040012' 。
2025-11-22 23:28:59,425 - SUCCESS - 已成功批量插入 '農產品交易行情' 的總計 2277 條記錄到表格 '1040012' 。
2025-11-22 23:28:59,597 - SUCCESS - '農產品交易行情' 的自動更新完成。
2025-11-22 23:28:59,597 - SUCCESS - '農產品交易行情' 的自動更新完成。
2025-11-22 23:29:00,980 - SUCCESS - 成功提取 '農產品產地價格(月平均價格)' 的網頁 Metadata。
2025-11-22 23:29:00,980 - SUCCESS - 成功提取 '農產品產地價格(月平均價格)' 的網頁 Metadata。
2025-11-22 23:29:02,250 - SUCCESS - 成功提取 '農產品產地價格資料' 的網頁 Metadata。
2025-11-22 23:29:02,250 - SUCCESS - 成功提取 '農產品產地價格資料' 的網頁 Metadata。
2025-11-22 23:29:02,285 - SUCCESS - '農產品產地價格資料' 的 Metadata 已更新到 metadata.json。
2025-11-22 23:29:02,285 - SUCCESS - '農產品產地價格資料' 的 Metadata 已更新到 metadata.json。
2025-11-22 23:29:02,933 - SUCCESS - <農產品產地價格資料>的資料已下載完成，共 9999 筆資料。
2025-11-22 23:29:02,933 - SUCCESS - <農產品產地價格資料>的資料已下載完成，共 9999 筆資料。
2025-11-22 23:29:47,098 - SUCCESS - 已下載、去重並合併資料完成現有資料 345852 條，新資料 8 條。
2025-11-22 23:29:47,098 - SUCCESS - 已下載、去重並合併資料完成現有資料 345852 條，新資料 8 條。
2025-11-22 23:29:49,117 - SUCCESS - 已下載 '農產品產地價格資料' 的原始 JSON 資料路徑: 'C:\Python\data_moa_gov_tw\raw_data\農產品產地價格資料\農產品產地價格資料.json'
2025-11-22 23:29:49,117 - SUCCESS - 已下載 '農產品產地價格資料' 的原始 JSON 資料路徑: 'C:\Python\data_moa_gov_tw\raw_data\農產品產地價格資料\農產品產地價格資料.json'
2025-11-22 23:29:49,117 - SUCCESS - 插入或更新 '農產品產地價格資料' 的 Metadata 成功。
2025-11-22 23:29:49,117 - SUCCESS - 插入或更新 '農產品產地價格資料' 的 Metadata 成功。
2025-11-22 23:29:49,132 - SUCCESS - 已成功批量插入 '農產品產地價格資料' 的總計 8 條記錄到表格 '1040014' 。
2025-11-22 23:29:49,132 - SUCCESS - 已成功批量插入 '農產品產地價格資料' 的總計 8 條記錄到表格 '1040014' 。
2025-11-22 23:29:49,209 - SUCCESS - '農產品產地價格資料' 的自動更新完成。
2025-11-22 23:29:49,209 - SUCCESS - '農產品產地價格資料' 的自動更新完成。
2025-11-22 23:29:50,446 - SUCCESS - 成功提取 '雜糧生產概況' 的網頁 Metadata。
2025-11-22 23:29:50,446 - SUCCESS - 成功提取 '雜糧生產概況' 的網頁 Metadata。
2025-11-22 23:29:51,464 - SUCCESS - 已成功儲存次要資訊。
2025-11-22 23:29:51,464 - SUCCESS - 已成功儲存次要資訊。
2025-11-22 23:29:51,464 - SUCCESS - 更新結果儲存成功:{'全國單日平均糧價': '已更新', '各觀測站近兩年降雨量': '未更新', '產銷履歷與有機蔬果行情': '已更新', '糧價查詢': '已更新', '臺灣地區果品生產概況': '未更新', '臺灣地區特用作物生產概況': '未更新', '臺灣地區稻作種植、收穫面積及產量': '未更新', '臺灣地區稻米生產價值': '未更新', '臺灣地區蔬菜生產概況': '未更新', '臺灣地區農產品生產量值': '未更新', '農情調查': '已更新', '農產品交易行情': '已更新', '農產品產地價格(月平均價格)': '未更新', '農產品產地價格資料': '已更新', '雜糧生產概況': '未更新'}
2025-11-22 23:29:51,464 - SUCCESS - 更新結果儲存成功:{'全國單日平均糧價': '已更新', '各觀測站近兩年降雨量': '未更新', '產銷履歷與有機蔬果行情': '已更新', '糧價查詢': '已更新', '臺灣地區果品生產概況': '未更新', '臺灣地區特用作物生產概況': '未更新', '臺灣地區稻作種植、收穫面積及產量': '未更新', '臺灣地區稻米生產價值': '未更新', '臺灣地區蔬菜生產概況': '未更新', '臺灣地區農產品生產量值': '未更新', '農情調查': '已更新', '農產品交易行情': '已更新', '農產品產地價格(月平均價格)': '未更新', '農產品產地價格資料': '已更新', '雜糧生產概況': '未更新'}
