2025-11-13 01:02:29,033 - SUCCESS - 成功提取 '全國單日平均糧價' 的網頁 Metadata。
2025-11-13 01:02:29,033 - SUCCESS - 成功提取 '全國單日平均糧價' 的網頁 Metadata。
2025-11-13 01:02:29,103 - SUCCESS - '全國單日平均糧價' 的 Metadata 已更新到 metadata.json。
2025-11-13 01:02:29,103 - SUCCESS - '全國單日平均糧價' 的 Metadata 已更新到 metadata.json。
2025-11-13 01:02:35,538 - SUCCESS - <全國單日平均糧價>的資料已下載完成，共 9101 筆資料。
2025-11-13 01:02:35,538 - SUCCESS - <全國單日平均糧價>的資料已下載完成，共 9101 筆資料。
2025-11-13 01:02:37,154 - SUCCESS - 已下載、去重並合併資料完成現有資料 9101 條，新資料 0 條。
2025-11-13 01:02:37,154 - SUCCESS - 已下載、去重並合併資料完成現有資料 9101 條，新資料 0 條。
2025-11-13 01:02:37,294 - SUCCESS - 插入或更新 '全國單日平均糧價' 的 Metadata 成功。
2025-11-13 01:02:37,294 - SUCCESS - 插入或更新 '全國單日平均糧價' 的 Metadata 成功。
2025-11-13 01:02:37,302 - SUCCESS - '全國單日平均糧價' 的自動更新完成。
2025-11-13 01:02:37,302 - SUCCESS - '全國單日平均糧價' 的自動更新完成。
2025-11-13 01:02:38,705 - SUCCESS - 成功提取 '各觀測站近兩年降雨量' 的網頁 Metadata。
2025-11-13 01:02:38,705 - SUCCESS - 成功提取 '各觀測站近兩年降雨量' 的網頁 Metadata。
2025-11-13 01:02:41,092 - SUCCESS - 成功提取 '產銷履歷與有機蔬果行情' 的網頁 Metadata。
2025-11-13 01:02:41,092 - SUCCESS - 成功提取 '產銷履歷與有機蔬果行情' 的網頁 Metadata。
2025-11-13 01:02:41,207 - SUCCESS - '產銷履歷與有機蔬果行情' 的 Metadata 已更新到 metadata.json。
2025-11-13 01:02:41,207 - SUCCESS - '產銷履歷與有機蔬果行情' 的 Metadata 已更新到 metadata.json。
2025-11-13 01:02:57,594 - SUCCESS - <產銷履歷與有機蔬果行情>的資料已下載完成，共 4533 筆資料。
2025-11-13 01:02:57,594 - SUCCESS - <產銷履歷與有機蔬果行情>的資料已下載完成，共 4533 筆資料。
2025-11-13 01:03:15,406 - SUCCESS - 已下載、去重並合併資料完成現有資料 215612 條，新資料 2181 條。
2025-11-13 01:03:15,406 - SUCCESS - 已下載、去重並合併資料完成現有資料 215612 條，新資料 2181 條。
2025-11-13 01:03:16,678 - SUCCESS - 已下載 '產銷履歷與有機蔬果行情' 的原始 JSON 資料路徑: 'C:\Python\data_moa_gov_tw\raw_data\產銷履歷與有機蔬果行情\產銷履歷與有機蔬果行情.json'
2025-11-13 01:03:16,678 - SUCCESS - 已下載 '產銷履歷與有機蔬果行情' 的原始 JSON 資料路徑: 'C:\Python\data_moa_gov_tw\raw_data\產銷履歷與有機蔬果行情\產銷履歷與有機蔬果行情.json'
2025-11-13 01:03:16,684 - SUCCESS - 插入或更新 '產銷履歷與有機蔬果行情' 的 Metadata 成功。
2025-11-13 01:03:16,684 - SUCCESS - 插入或更新 '產銷履歷與有機蔬果行情' 的 Metadata 成功。
2025-11-13 01:03:17,645 - SUCCESS - 已成功批量插入 '產銷履歷與有機蔬果行情' 的總計 2181 條記錄到表格 '1040003' 。
2025-11-13 01:03:17,645 - SUCCESS - 已成功批量插入 '產銷履歷與有機蔬果行情' 的總計 2181 條記錄到表格 '1040003' 。
2025-11-13 01:03:17,706 - SUCCESS - '產銷履歷與有機蔬果行情' 的自動更新完成。
2025-11-13 01:03:17,706 - SUCCESS - '產銷履歷與有機蔬果行情' 的自動更新完成。
2025-11-13 01:03:19,651 - SUCCESS - 成功提取 '糧價查詢' 的網頁 Metadata。
2025-11-13 01:03:19,651 - SUCCESS - 成功提取 '糧價查詢' 的網頁 Metadata。
2025-11-13 01:03:19,679 - SUCCESS - '糧價查詢' 的 Metadata 已更新到 metadata.json。
2025-11-13 01:03:19,679 - SUCCESS - '糧價查詢' 的 Metadata 已更新到 metadata.json。
2025-11-13 01:03:21,953 - SUCCESS - <糧價查詢>的資料已下載完成，共 9999 筆資料。
2025-11-13 01:03:21,953 - SUCCESS - <糧價查詢>的資料已下載完成，共 9999 筆資料。
2025-11-13 01:03:37,572 - SUCCESS - 已下載、去重並合併資料完成現有資料 240531 條，新資料 20 條。
2025-11-13 01:03:37,572 - SUCCESS - 已下載、去重並合併資料完成現有資料 240531 條，新資料 20 條。
2025-11-13 01:03:38,780 - SUCCESS - 已下載 '糧價查詢' 的原始 JSON 資料路徑: 'C:\Python\data_moa_gov_tw\raw_data\糧價查詢\糧價查詢.json'
2025-11-13 01:03:38,780 - SUCCESS - 已下載 '糧價查詢' 的原始 JSON 資料路徑: 'C:\Python\data_moa_gov_tw\raw_data\糧價查詢\糧價查詢.json'
2025-11-13 01:03:38,785 - SUCCESS - 插入或更新 '糧價查詢' 的 Metadata 成功。
2025-11-13 01:03:38,785 - SUCCESS - 插入或更新 '糧價查詢' 的 Metadata 成功。
2025-11-13 01:03:38,806 - SUCCESS - 已成功批量插入 '糧價查詢' 的總計 20 條記錄到表格 '1040004' 。
2025-11-13 01:03:38,806 - SUCCESS - 已成功批量插入 '糧價查詢' 的總計 20 條記錄到表格 '1040004' 。
2025-11-13 01:03:38,914 - SUCCESS - '糧價查詢' 的自動更新完成。
2025-11-13 01:03:38,914 - SUCCESS - '糧價查詢' 的自動更新完成。
2025-11-13 01:03:40,799 - SUCCESS - 成功提取 '臺灣地區果品生產概況' 的網頁 Metadata。
2025-11-13 01:03:40,799 - SUCCESS - 成功提取 '臺灣地區果品生產概況' 的網頁 Metadata。
2025-11-13 01:03:42,559 - SUCCESS - 成功提取 '臺灣地區特用作物生產概況' 的網頁 Metadata。
2025-11-13 01:03:42,559 - SUCCESS - 成功提取 '臺灣地區特用作物生產概況' 的網頁 Metadata。
2025-11-13 01:03:44,224 - SUCCESS - 成功提取 '臺灣地區稻作種植、收穫面積及產量' 的網頁 Metadata。
2025-11-13 01:03:44,224 - SUCCESS - 成功提取 '臺灣地區稻作種植、收穫面積及產量' 的網頁 Metadata。
2025-11-13 01:03:45,545 - SUCCESS - 成功提取 '臺灣地區稻米生產價值' 的網頁 Metadata。
2025-11-13 01:03:45,545 - SUCCESS - 成功提取 '臺灣地區稻米生產價值' 的網頁 Metadata。
2025-11-13 01:03:47,303 - SUCCESS - 成功提取 '臺灣地區蔬菜生產概況' 的網頁 Metadata。
2025-11-13 01:03:47,303 - SUCCESS - 成功提取 '臺灣地區蔬菜生產概況' 的網頁 Metadata。
2025-11-13 01:03:48,927 - SUCCESS - 成功提取 '臺灣地區農產品生產量值' 的網頁 Metadata。
2025-11-13 01:03:48,927 - SUCCESS - 成功提取 '臺灣地區農產品生產量值' 的網頁 Metadata。
2025-11-13 01:03:50,540 - SUCCESS - 成功提取 '農情調查' 的網頁 Metadata。
2025-11-13 01:03:50,540 - SUCCESS - 成功提取 '農情調查' 的網頁 Metadata。
2025-11-13 01:03:50,575 - SUCCESS - '農情調查' 的 Metadata 已更新到 metadata.json。
2025-11-13 01:03:50,575 - SUCCESS - '農情調查' 的 Metadata 已更新到 metadata.json。
2025-11-13 01:03:54,171 - SUCCESS - <農情調查>的資料已下載完成，共 9999 筆資料。
2025-11-13 01:03:54,171 - SUCCESS - <農情調查>的資料已下載完成，共 9999 筆資料。
2025-11-13 01:03:55,254 - SUCCESS - 已下載、去重並合併資料完成現有資料 45259 條，新資料 0 條。
2025-11-13 01:03:55,254 - SUCCESS - 已下載、去重並合併資料完成現有資料 45259 條，新資料 0 條。
2025-11-13 01:03:55,590 - SUCCESS - 插入或更新 '農情調查' 的 Metadata 成功。
2025-11-13 01:03:55,590 - SUCCESS - 插入或更新 '農情調查' 的 Metadata 成功。
2025-11-13 01:03:55,605 - SUCCESS - '農情調查' 的自動更新完成。
2025-11-13 01:03:55,605 - SUCCESS - '農情調查' 的自動更新完成。
2025-11-13 01:03:57,209 - SUCCESS - 成功提取 '農產品交易行情' 的網頁 Metadata。
2025-11-13 01:03:57,209 - SUCCESS - 成功提取 '農產品交易行情' 的網頁 Metadata。
2025-11-13 01:03:57,244 - SUCCESS - '農產品交易行情' 的 Metadata 已更新到 metadata.json。
2025-11-13 01:03:57,244 - SUCCESS - '農產品交易行情' 的 Metadata 已更新到 metadata.json。
2025-11-13 01:04:20,543 - SUCCESS - <農產品交易行情>的資料已下載完成，共 7781 筆資料。
2025-11-13 01:04:20,543 - SUCCESS - <農產品交易行情>的資料已下載完成，共 7781 筆資料。
2025-11-13 01:04:41,405 - SUCCESS - 已下載、去重並合併資料完成現有資料 426093 條，新資料 2527 條。
2025-11-13 01:04:41,405 - SUCCESS - 已下載、去重並合併資料完成現有資料 426093 條，新資料 2527 條。
2025-11-13 01:04:43,622 - SUCCESS - 已下載 '農產品交易行情' 的原始 JSON 資料路徑: 'C:\Python\data_moa_gov_tw\raw_data\農產品交易行情\農產品交易行情.json'
2025-11-13 01:04:43,622 - SUCCESS - 已下載 '農產品交易行情' 的原始 JSON 資料路徑: 'C:\Python\data_moa_gov_tw\raw_data\農產品交易行情\農產品交易行情.json'
2025-11-13 01:04:43,628 - SUCCESS - 插入或更新 '農產品交易行情' 的 Metadata 成功。
2025-11-13 01:04:43,628 - SUCCESS - 插入或更新 '農產品交易行情' 的 Metadata 成功。
2025-11-13 01:04:44,804 - SUCCESS - 已成功批量插入 '農產品交易行情' 的總計 2525 條記錄到表格 '1040012' 。
2025-11-13 01:04:44,804 - SUCCESS - 已成功批量插入 '農產品交易行情' 的總計 2525 條記錄到表格 '1040012' 。
2025-11-13 01:04:44,993 - SUCCESS - '農產品交易行情' 的自動更新完成。
2025-11-13 01:04:44,993 - SUCCESS - '農產品交易行情' 的自動更新完成。
2025-11-13 01:04:47,233 - SUCCESS - 成功提取 '農產品產地價格(月平均價格)' 的網頁 Metadata。
2025-11-13 01:04:47,233 - SUCCESS - 成功提取 '農產品產地價格(月平均價格)' 的網頁 Metadata。
2025-11-13 01:04:49,641 - SUCCESS - 成功提取 '農產品產地價格資料' 的網頁 Metadata。
2025-11-13 01:04:49,641 - SUCCESS - 成功提取 '農產品產地價格資料' 的網頁 Metadata。
2025-11-13 01:04:49,675 - SUCCESS - '農產品產地價格資料' 的 Metadata 已更新到 metadata.json。
2025-11-13 01:04:49,675 - SUCCESS - '農產品產地價格資料' 的 Metadata 已更新到 metadata.json。
2025-11-13 01:04:50,320 - SUCCESS - <農產品產地價格資料>的資料已下載完成，共 9999 筆資料。
2025-11-13 01:04:50,320 - SUCCESS - <農產品產地價格資料>的資料已下載完成，共 9999 筆資料。
2025-11-13 01:05:33,529 - SUCCESS - 已下載、去重並合併資料完成現有資料 345785 條，新資料 0 條。
2025-11-13 01:05:33,529 - SUCCESS - 已下載、去重並合併資料完成現有資料 345785 條，新資料 0 條。
2025-11-13 01:05:35,603 - SUCCESS - 插入或更新 '農產品產地價格資料' 的 Metadata 成功。
2025-11-13 01:05:35,603 - SUCCESS - 插入或更新 '農產品產地價格資料' 的 Metadata 成功。
2025-11-13 01:05:35,688 - SUCCESS - '農產品產地價格資料' 的自動更新完成。
2025-11-13 01:05:35,688 - SUCCESS - '農產品產地價格資料' 的自動更新完成。
2025-11-13 01:05:37,367 - SUCCESS - 成功提取 '雜糧生產概況' 的網頁 Metadata。
2025-11-13 01:05:37,367 - SUCCESS - 成功提取 '雜糧生產概況' 的網頁 Metadata。
2025-11-13 01:05:38,379 - SUCCESS - 已成功儲存次要資訊。
2025-11-13 01:05:38,379 - SUCCESS - 已成功儲存次要資訊。
2025-11-13 01:05:38,379 - SUCCESS - 更新結果儲存成功:{'全國單日平均糧價': '已更新', '各觀測站近兩年降雨量': '未更新', '產銷履歷與有機蔬果行情': '已更新', '糧價查詢': '已更新', '臺灣地區果品生產概況': '未更新', '臺灣地區特用作物生產概況': '未更新', '臺灣地區稻作種植、收穫面積及產量': '未更新', '臺灣地區稻米生產價值': '未更新', '臺灣地區蔬菜生產概況': '未更新', '臺灣地區農產品生產量值': '未更新', '農情調查': '已更新', '農產品交易行情': '已更新', '農產品產地價格(月平均價格)': '未更新', '農產品產地價格資料': '已更新', '雜糧生產概況': '未更新'}
2025-11-13 01:05:38,379 - SUCCESS - 更新結果儲存成功:{'全國單日平均糧價': '已更新', '各觀測站近兩年降雨量': '未更新', '產銷履歷與有機蔬果行情': '已更新', '糧價查詢': '已更新', '臺灣地區果品生產概況': '未更新', '臺灣地區特用作物生產概況': '未更新', '臺灣地區稻作種植、收穫面積及產量': '未更新', '臺灣地區稻米生產價值': '未更新', '臺灣地區蔬菜生產概況': '未更新', '臺灣地區農產品生產量值': '未更新', '農情調查': '已更新', '農產品交易行情': '已更新', '農產品產地價格(月平均價格)': '未更新', '農產品產地價格資料': '已更新', '雜糧生產概況': '未更新'}
2025-11-13 23:35:15,277 - SUCCESS - 成功提取 '全國單日平均糧價' 的網頁 Metadata。
2025-11-13 23:35:15,277 - SUCCESS - 成功提取 '全國單日平均糧價' 的網頁 Metadata。
2025-11-13 23:35:15,375 - SUCCESS - '全國單日平均糧價' 的 Metadata 已更新到 metadata.json。
2025-11-13 23:35:15,375 - SUCCESS - '全國單日平均糧價' 的 Metadata 已更新到 metadata.json。
2025-11-13 23:35:19,763 - SUCCESS - <全國單日平均糧價>的資料已下載完成，共 9103 筆資料。
2025-11-13 23:35:19,763 - SUCCESS - <全國單日平均糧價>的資料已下載完成，共 9103 筆資料。
2025-11-13 23:35:22,151 - SUCCESS - 已下載、去重並合併資料完成現有資料 9103 條，新資料 2 條。
2025-11-13 23:35:22,151 - SUCCESS - 已下載、去重並合併資料完成現有資料 9103 條，新資料 2 條。
2025-11-13 23:35:22,278 - SUCCESS - 已下載 '全國單日平均糧價' 的原始 JSON 資料路徑: 'C:\Python\data_moa_gov_tw\raw_data\全國單日平均糧價\全國單日平均糧價.json'
2025-11-13 23:35:22,278 - SUCCESS - 已下載 '全國單日平均糧價' 的原始 JSON 資料路徑: 'C:\Python\data_moa_gov_tw\raw_data\全國單日平均糧價\全國單日平均糧價.json'
2025-11-13 23:35:22,325 - SUCCESS - 插入或更新 '全國單日平均糧價' 的 Metadata 成功。
2025-11-13 23:35:22,325 - SUCCESS - 插入或更新 '全國單日平均糧價' 的 Metadata 成功。
2025-11-13 23:35:22,343 - SUCCESS - 已成功批量插入 '全國單日平均糧價' 的總計 2 條記錄到表格 '1040001' 。
2025-11-13 23:35:22,343 - SUCCESS - 已成功批量插入 '全國單日平均糧價' 的總計 2 條記錄到表格 '1040001' 。
2025-11-13 23:35:22,357 - SUCCESS - '全國單日平均糧價' 的自動更新完成。
2025-11-13 23:35:22,357 - SUCCESS - '全國單日平均糧價' 的自動更新完成。
2025-11-13 23:35:23,909 - SUCCESS - 成功提取 '各觀測站近兩年降雨量' 的網頁 Metadata。
2025-11-13 23:35:23,909 - SUCCESS - 成功提取 '各觀測站近兩年降雨量' 的網頁 Metadata。
2025-11-13 23:35:25,595 - SUCCESS - 成功提取 '產銷履歷與有機蔬果行情' 的網頁 Metadata。
2025-11-13 23:35:25,595 - SUCCESS - 成功提取 '產銷履歷與有機蔬果行情' 的網頁 Metadata。
2025-11-13 23:35:25,707 - SUCCESS - '產銷履歷與有機蔬果行情' 的 Metadata 已更新到 metadata.json。
2025-11-13 23:35:25,707 - SUCCESS - '產銷履歷與有機蔬果行情' 的 Metadata 已更新到 metadata.json。
2025-11-13 23:35:32,516 - SUCCESS - <產銷履歷與有機蔬果行情>的資料已下載完成，共 2504 筆資料。
2025-11-13 23:35:32,516 - SUCCESS - <產銷履歷與有機蔬果行情>的資料已下載完成，共 2504 筆資料。
2025-11-13 23:35:51,814 - SUCCESS - 已下載、去重並合併資料完成現有資料 215935 條，新資料 323 條。
2025-11-13 23:35:51,814 - SUCCESS - 已下載、去重並合併資料完成現有資料 215935 條，新資料 323 條。
2025-11-13 23:35:53,213 - SUCCESS - 已下載 '產銷履歷與有機蔬果行情' 的原始 JSON 資料路徑: 'C:\Python\data_moa_gov_tw\raw_data\產銷履歷與有機蔬果行情\產銷履歷與有機蔬果行情.json'
2025-11-13 23:35:53,213 - SUCCESS - 已下載 '產銷履歷與有機蔬果行情' 的原始 JSON 資料路徑: 'C:\Python\data_moa_gov_tw\raw_data\產銷履歷與有機蔬果行情\產銷履歷與有機蔬果行情.json'
2025-11-13 23:35:53,221 - SUCCESS - 插入或更新 '產銷履歷與有機蔬果行情' 的 Metadata 成功。
2025-11-13 23:35:53,221 - SUCCESS - 插入或更新 '產銷履歷與有機蔬果行情' 的 Metadata 成功。
2025-11-13 23:35:53,397 - SUCCESS - 已成功批量插入 '產銷履歷與有機蔬果行情' 的總計 323 條記錄到表格 '1040003' 。
2025-11-13 23:35:53,397 - SUCCESS - 已成功批量插入 '產銷履歷與有機蔬果行情' 的總計 323 條記錄到表格 '1040003' 。
2025-11-13 23:35:53,469 - SUCCESS - '產銷履歷與有機蔬果行情' 的自動更新完成。
2025-11-13 23:35:53,469 - SUCCESS - '產銷履歷與有機蔬果行情' 的自動更新完成。
2025-11-13 23:35:54,879 - SUCCESS - 成功提取 '糧價查詢' 的網頁 Metadata。
2025-11-13 23:35:54,879 - SUCCESS - 成功提取 '糧價查詢' 的網頁 Metadata。
2025-11-13 23:35:54,927 - SUCCESS - '糧價查詢' 的 Metadata 已更新到 metadata.json。
2025-11-13 23:35:54,927 - SUCCESS - '糧價查詢' 的 Metadata 已更新到 metadata.json。
2025-11-13 23:35:58,009 - SUCCESS - <糧價查詢>的資料已下載完成，共 9999 筆資料。
2025-11-13 23:35:58,009 - SUCCESS - <糧價查詢>的資料已下載完成，共 9999 筆資料。
2025-11-13 23:36:14,367 - SUCCESS - 已下載、去重並合併資料完成現有資料 240563 條，新資料 32 條。
2025-11-13 23:36:14,367 - SUCCESS - 已下載、去重並合併資料完成現有資料 240563 條，新資料 32 條。
2025-11-13 23:36:15,532 - SUCCESS - 已下載 '糧價查詢' 的原始 JSON 資料路徑: 'C:\Python\data_moa_gov_tw\raw_data\糧價查詢\糧價查詢.json'
2025-11-13 23:36:15,532 - SUCCESS - 已下載 '糧價查詢' 的原始 JSON 資料路徑: 'C:\Python\data_moa_gov_tw\raw_data\糧價查詢\糧價查詢.json'
2025-11-13 23:36:15,538 - SUCCESS - 插入或更新 '糧價查詢' 的 Metadata 成功。
2025-11-13 23:36:15,538 - SUCCESS - 插入或更新 '糧價查詢' 的 Metadata 成功。
2025-11-13 23:36:15,573 - SUCCESS - 已成功批量插入 '糧價查詢' 的總計 32 條記錄到表格 '1040004' 。
2025-11-13 23:36:15,573 - SUCCESS - 已成功批量插入 '糧價查詢' 的總計 32 條記錄到表格 '1040004' 。
2025-11-13 23:36:15,685 - SUCCESS - '糧價查詢' 的自動更新完成。
2025-11-13 23:36:15,685 - SUCCESS - '糧價查詢' 的自動更新完成。
2025-11-13 23:36:17,298 - SUCCESS - 成功提取 '臺灣地區果品生產概況' 的網頁 Metadata。
2025-11-13 23:36:17,298 - SUCCESS - 成功提取 '臺灣地區果品生產概況' 的網頁 Metadata。
2025-11-13 23:36:18,960 - SUCCESS - 成功提取 '臺灣地區特用作物生產概況' 的網頁 Metadata。
2025-11-13 23:36:18,960 - SUCCESS - 成功提取 '臺灣地區特用作物生產概況' 的網頁 Metadata。
2025-11-13 23:36:20,421 - SUCCESS - 成功提取 '臺灣地區稻作種植、收穫面積及產量' 的網頁 Metadata。
2025-11-13 23:36:20,421 - SUCCESS - 成功提取 '臺灣地區稻作種植、收穫面積及產量' 的網頁 Metadata。
2025-11-13 23:36:21,775 - SUCCESS - 成功提取 '臺灣地區稻米生產價值' 的網頁 Metadata。
2025-11-13 23:36:21,775 - SUCCESS - 成功提取 '臺灣地區稻米生產價值' 的網頁 Metadata。
2025-11-13 23:36:24,483 - SUCCESS - 成功提取 '臺灣地區蔬菜生產概況' 的網頁 Metadata。
2025-11-13 23:36:24,483 - SUCCESS - 成功提取 '臺灣地區蔬菜生產概況' 的網頁 Metadata。
2025-11-13 23:36:25,727 - SUCCESS - 成功提取 '臺灣地區農產品生產量值' 的網頁 Metadata。
2025-11-13 23:36:25,727 - SUCCESS - 成功提取 '臺灣地區農產品生產量值' 的網頁 Metadata。
2025-11-13 23:36:27,170 - SUCCESS - 成功提取 '農情調查' 的網頁 Metadata。
2025-11-13 23:36:27,170 - SUCCESS - 成功提取 '農情調查' 的網頁 Metadata。
2025-11-13 23:36:27,229 - SUCCESS - '農情調查' 的 Metadata 已更新到 metadata.json。
2025-11-13 23:36:27,229 - SUCCESS - '農情調查' 的 Metadata 已更新到 metadata.json。
2025-11-13 23:36:30,472 - SUCCESS - <農情調查>的資料已下載完成，共 9999 筆資料。
2025-11-13 23:36:30,472 - SUCCESS - <農情調查>的資料已下載完成，共 9999 筆資料。
2025-11-13 23:36:31,527 - SUCCESS - 已下載、去重並合併資料完成現有資料 45259 條，新資料 0 條。
2025-11-13 23:36:31,527 - SUCCESS - 已下載、去重並合併資料完成現有資料 45259 條，新資料 0 條。
2025-11-13 23:36:31,885 - SUCCESS - 插入或更新 '農情調查' 的 Metadata 成功。
2025-11-13 23:36:31,885 - SUCCESS - 插入或更新 '農情調查' 的 Metadata 成功。
2025-11-13 23:36:31,904 - SUCCESS - '農情調查' 的自動更新完成。
2025-11-13 23:36:31,904 - SUCCESS - '農情調查' 的自動更新完成。
2025-11-13 23:36:33,293 - SUCCESS - 成功提取 '農產品交易行情' 的網頁 Metadata。
2025-11-13 23:36:33,293 - SUCCESS - 成功提取 '農產品交易行情' 的網頁 Metadata。
2025-11-13 23:36:33,331 - SUCCESS - '農產品交易行情' 的 Metadata 已更新到 metadata.json。
2025-11-13 23:36:33,331 - SUCCESS - '農產品交易行情' 的 Metadata 已更新到 metadata.json。
2025-11-13 23:37:00,596 - SUCCESS - <農產品交易行情>的資料已下載完成，共 9766 筆資料。
2025-11-13 23:37:00,596 - SUCCESS - <農產品交易行情>的資料已下載完成，共 9766 筆資料。
2025-11-13 23:37:21,919 - SUCCESS - 已下載、去重並合併資料完成現有資料 428078 條，新資料 1985 條。
2025-11-13 23:37:21,919 - SUCCESS - 已下載、去重並合併資料完成現有資料 428078 條，新資料 1985 條。
2025-11-13 23:37:24,170 - SUCCESS - 已下載 '農產品交易行情' 的原始 JSON 資料路徑: 'C:\Python\data_moa_gov_tw\raw_data\農產品交易行情\農產品交易行情.json'
2025-11-13 23:37:24,170 - SUCCESS - 已下載 '農產品交易行情' 的原始 JSON 資料路徑: 'C:\Python\data_moa_gov_tw\raw_data\農產品交易行情\農產品交易行情.json'
2025-11-13 23:37:24,184 - SUCCESS - 插入或更新 '農產品交易行情' 的 Metadata 成功。
2025-11-13 23:37:24,184 - SUCCESS - 插入或更新 '農產品交易行情' 的 Metadata 成功。
2025-11-13 23:37:25,532 - SUCCESS - 已成功批量插入 '農產品交易行情' 的總計 1985 條記錄到表格 '1040012' 。
2025-11-13 23:37:25,532 - SUCCESS - 已成功批量插入 '農產品交易行情' 的總計 1985 條記錄到表格 '1040012' 。
2025-11-13 23:37:25,706 - SUCCESS - '農產品交易行情' 的自動更新完成。
2025-11-13 23:37:25,706 - SUCCESS - '農產品交易行情' 的自動更新完成。
2025-11-13 23:37:27,154 - SUCCESS - 成功提取 '農產品產地價格(月平均價格)' 的網頁 Metadata。
2025-11-13 23:37:27,154 - SUCCESS - 成功提取 '農產品產地價格(月平均價格)' 的網頁 Metadata。
2025-11-13 23:37:27,190 - SUCCESS - '農產品產地價格(月平均價格)' 的 Metadata 已更新到 metadata.json。
2025-11-13 23:37:27,190 - SUCCESS - '農產品產地價格(月平均價格)' 的 Metadata 已更新到 metadata.json。
2025-11-13 23:37:27,820 - SUCCESS - <農產品產地價格(月平均價格)>的資料已下載完成，共 4195 筆資料。
2025-11-13 23:37:27,820 - SUCCESS - <農產品產地價格(月平均價格)>的資料已下載完成，共 4195 筆資料。
2025-11-13 23:37:28,051 - SUCCESS - 已下載、去重並合併資料完成現有資料 4633 條，新資料 89 條。
2025-11-13 23:37:28,051 - SUCCESS - 已下載、去重並合併資料完成現有資料 4633 條，新資料 89 條。
2025-11-13 23:37:28,077 - SUCCESS - 已下載 '農產品產地價格(月平均價格)' 的原始 JSON 資料路徑: 'C:\Python\data_moa_gov_tw\raw_data\農產品產地價格(月平均價格)\農產品產地價格(月平均價格).json'
2025-11-13 23:37:28,077 - SUCCESS - 已下載 '農產品產地價格(月平均價格)' 的原始 JSON 資料路徑: 'C:\Python\data_moa_gov_tw\raw_data\農產品產地價格(月平均價格)\農產品產地價格(月平均價格).json'
2025-11-13 23:37:28,093 - SUCCESS - 插入或更新 '農產品產地價格(月平均價格)' 的 Metadata 成功。
2025-11-13 23:37:28,093 - SUCCESS - 插入或更新 '農產品產地價格(月平均價格)' 的 Metadata 成功。
2025-11-13 23:37:28,096 - SUCCESS - 已成功批量插入 '農產品產地價格(月平均價格)' 的總計 2 條記錄到表格 '1040013' 。
2025-11-13 23:37:28,096 - SUCCESS - 已成功批量插入 '農產品產地價格(月平均價格)' 的總計 2 條記錄到表格 '1040013' 。
2025-11-13 23:37:28,100 - SUCCESS - '農產品產地價格(月平均價格)' 的自動更新完成。
2025-11-13 23:37:28,100 - SUCCESS - '農產品產地價格(月平均價格)' 的自動更新完成。
2025-11-13 23:37:29,352 - SUCCESS - 成功提取 '農產品產地價格資料' 的網頁 Metadata。
2025-11-13 23:37:29,352 - SUCCESS - 成功提取 '農產品產地價格資料' 的網頁 Metadata。
2025-11-13 23:37:30,650 - SUCCESS - 成功提取 '雜糧生產概況' 的網頁 Metadata。
2025-11-13 23:37:30,650 - SUCCESS - 成功提取 '雜糧生產概況' 的網頁 Metadata。
2025-11-13 23:37:31,663 - SUCCESS - 已成功儲存次要資訊。
2025-11-13 23:37:31,663 - SUCCESS - 已成功儲存次要資訊。
2025-11-13 23:37:31,663 - SUCCESS - 更新結果儲存成功:{'全國單日平均糧價': '已更新', '各觀測站近兩年降雨量': '未更新', '產銷履歷與有機蔬果行情': '已更新', '糧價查詢': '已更新', '臺灣地區果品生產概況': '未更新', '臺灣地區特用作物生產概況': '未更新', '臺灣地區稻作種植、收穫面積及產量': '未更新', '臺灣地區稻米生產價值': '未更新', '臺灣地區蔬菜生產概況': '未更新', '臺灣地區農產品生產量值': '未更新', '農情調查': '已更新', '農產品交易行情': '已更新', '農產品產地價格(月平均價格)': '已更新', '農產品產地價格資料': '未更新', '雜糧生產概況': '未更新'}
2025-11-13 23:37:31,663 - SUCCESS - 更新結果儲存成功:{'全國單日平均糧價': '已更新', '各觀測站近兩年降雨量': '未更新', '產銷履歷與有機蔬果行情': '已更新', '糧價查詢': '已更新', '臺灣地區果品生產概況': '未更新', '臺灣地區特用作物生產概況': '未更新', '臺灣地區稻作種植、收穫面積及產量': '未更新', '臺灣地區稻米生產價值': '未更新', '臺灣地區蔬菜生產概況': '未更新', '臺灣地區農產品生產量值': '未更新', '農情調查': '已更新', '農產品交易行情': '已更新', '農產品產地價格(月平均價格)': '已更新', '農產品產地價格資料': '未更新', '雜糧生產概況': '未更新'}
