2026-01-12 00:19:23,894 - SUCCESS - 成功提取 '全國單日平均糧價' 的網頁 Metadata。
2026-01-12 00:19:23,894 - SUCCESS - 成功提取 '全國單日平均糧價' 的網頁 Metadata。
2026-01-12 00:19:23,976 - SUCCESS - '全國單日平均糧價' 的 Metadata 已更新到 metadata.json。
2026-01-12 00:19:23,976 - SUCCESS - '全國單日平均糧價' 的 Metadata 已更新到 metadata.json。
2026-01-12 00:19:25,844 - SUCCESS - <全國單日平均糧價>的資料已下載完成，共 9161 筆資料。
2026-01-12 00:19:25,844 - SUCCESS - <全國單日平均糧價>的資料已下載完成，共 9161 筆資料。
2026-01-12 00:19:26,955 - SUCCESS - 已下載、去重並合併資料完成現有資料 9161 條，新資料 1 條。
2026-01-12 00:19:26,955 - SUCCESS - 已下載、去重並合併資料完成現有資料 9161 條，新資料 1 條。
2026-01-12 00:19:27,056 - SUCCESS - 已下載 '全國單日平均糧價' 的原始 JSON 資料路徑: 'C:\Python\data_moa_gov_tw\raw_data\全國單日平均糧價\全國單日平均糧價.json'
2026-01-12 00:19:27,056 - SUCCESS - 已下載 '全國單日平均糧價' 的原始 JSON 資料路徑: 'C:\Python\data_moa_gov_tw\raw_data\全國單日平均糧價\全國單日平均糧價.json'
2026-01-12 00:19:27,087 - SUCCESS - 插入或更新 '全國單日平均糧價' 的 Metadata 成功。
2026-01-12 00:19:27,087 - SUCCESS - 插入或更新 '全國單日平均糧價' 的 Metadata 成功。
2026-01-12 00:19:27,096 - SUCCESS - 已成功批量插入 '全國單日平均糧價' 的總計 1 條記錄到表格 '1040001' 。
2026-01-12 00:19:27,096 - SUCCESS - 已成功批量插入 '全國單日平均糧價' 的總計 1 條記錄到表格 '1040001' 。
2026-01-12 00:19:27,101 - SUCCESS - '全國單日平均糧價' 的自動更新完成。
2026-01-12 00:19:27,101 - SUCCESS - '全國單日平均糧價' 的自動更新完成。
2026-01-12 00:19:28,756 - SUCCESS - 成功提取 '各觀測站近兩年降雨量' 的網頁 Metadata。
2026-01-12 00:19:28,756 - SUCCESS - 成功提取 '各觀測站近兩年降雨量' 的網頁 Metadata。
2026-01-12 00:19:30,528 - SUCCESS - 成功提取 '產銷履歷與有機蔬果行情' 的網頁 Metadata。
2026-01-12 00:19:30,528 - SUCCESS - 成功提取 '產銷履歷與有機蔬果行情' 的網頁 Metadata。
2026-01-12 00:19:30,576 - SUCCESS - '產銷履歷與有機蔬果行情' 的 Metadata 已更新到 metadata.json。
2026-01-12 00:19:30,576 - SUCCESS - '產銷履歷與有機蔬果行情' 的 Metadata 已更新到 metadata.json。
2026-01-12 00:19:35,116 - SUCCESS - <產銷履歷與有機蔬果行情>的資料已下載完成，共 4464 筆資料。
2026-01-12 00:19:35,116 - SUCCESS - <產銷履歷與有機蔬果行情>的資料已下載完成，共 4464 筆資料。
2026-01-12 00:19:59,066 - SUCCESS - 已下載、去重並合併資料完成現有資料 329608 條，新資料 2142 條。
2026-01-12 00:19:59,066 - SUCCESS - 已下載、去重並合併資料完成現有資料 329608 條，新資料 2142 條。
2026-01-12 00:20:00,932 - SUCCESS - 已下載 '產銷履歷與有機蔬果行情' 的原始 JSON 資料路徑: 'C:\Python\data_moa_gov_tw\raw_data\產銷履歷與有機蔬果行情\產銷履歷與有機蔬果行情.json'
2026-01-12 00:20:00,932 - SUCCESS - 已下載 '產銷履歷與有機蔬果行情' 的原始 JSON 資料路徑: 'C:\Python\data_moa_gov_tw\raw_data\產銷履歷與有機蔬果行情\產銷履歷與有機蔬果行情.json'
2026-01-12 00:20:00,938 - SUCCESS - 插入或更新 '產銷履歷與有機蔬果行情' 的 Metadata 成功。
2026-01-12 00:20:00,938 - SUCCESS - 插入或更新 '產銷履歷與有機蔬果行情' 的 Metadata 成功。
2026-01-12 00:20:01,957 - SUCCESS - 已成功批量插入 '產銷履歷與有機蔬果行情' 的總計 2142 條記錄到表格 '1040003' 。
2026-01-12 00:20:01,957 - SUCCESS - 已成功批量插入 '產銷履歷與有機蔬果行情' 的總計 2142 條記錄到表格 '1040003' 。
2026-01-12 00:20:02,054 - SUCCESS - '產銷履歷與有機蔬果行情' 的自動更新完成。
2026-01-12 00:20:02,054 - SUCCESS - '產銷履歷與有機蔬果行情' 的自動更新完成。
2026-01-12 00:20:06,243 - SUCCESS - 成功提取 '糧價查詢' 的網頁 Metadata。
2026-01-12 00:20:06,243 - SUCCESS - 成功提取 '糧價查詢' 的網頁 Metadata。
2026-01-12 00:20:06,276 - SUCCESS - '糧價查詢' 的 Metadata 已更新到 metadata.json。
2026-01-12 00:20:06,276 - SUCCESS - '糧價查詢' 的 Metadata 已更新到 metadata.json。
2026-01-12 00:20:10,209 - SUCCESS - <糧價查詢>的資料已下載完成，共 9999 筆資料。
2026-01-12 00:20:10,209 - SUCCESS - <糧價查詢>的資料已下載完成，共 9999 筆資料。
2026-01-12 00:20:11,011 - SUCCESS - 已下載、去重並合併資料完成現有資料 10955 條，新資料 40 條。
2026-01-12 00:20:11,011 - SUCCESS - 已下載、去重並合併資料完成現有資料 10955 條，新資料 40 條。
2026-01-12 00:20:11,839 - SUCCESS - 已下載 '糧價查詢' 的原始 JSON 資料路徑: 'C:\Python\data_moa_gov_tw\raw_data\糧價查詢\糧價查詢.json'
2026-01-12 00:20:11,839 - SUCCESS - 已下載 '糧價查詢' 的原始 JSON 資料路徑: 'C:\Python\data_moa_gov_tw\raw_data\糧價查詢\糧價查詢.json'
2026-01-12 00:20:11,844 - SUCCESS - 插入或更新 '糧價查詢' 的 Metadata 成功。
2026-01-12 00:20:11,844 - SUCCESS - 插入或更新 '糧價查詢' 的 Metadata 成功。
2026-01-12 00:20:11,875 - SUCCESS - 已成功批量插入 '糧價查詢' 的總計 40 條記錄到表格 '1040004' 。
2026-01-12 00:20:11,875 - SUCCESS - 已成功批量插入 '糧價查詢' 的總計 40 條記錄到表格 '1040004' 。
2026-01-12 00:20:11,880 - SUCCESS - '糧價查詢' 的自動更新完成。
2026-01-12 00:20:11,880 - SUCCESS - '糧價查詢' 的自動更新完成。
2026-01-12 00:20:14,956 - SUCCESS - 成功提取 '臺灣地區果品生產概況' 的網頁 Metadata。
2026-01-12 00:20:14,956 - SUCCESS - 成功提取 '臺灣地區果品生產概況' 的網頁 Metadata。
2026-01-12 00:20:18,133 - SUCCESS - 成功提取 '臺灣地區特用作物生產概況' 的網頁 Metadata。
2026-01-12 00:20:18,133 - SUCCESS - 成功提取 '臺灣地區特用作物生產概況' 的網頁 Metadata。
2026-01-12 00:20:19,692 - SUCCESS - 成功提取 '臺灣地區稻作種植、收穫面積及產量' 的網頁 Metadata。
2026-01-12 00:20:19,692 - SUCCESS - 成功提取 '臺灣地區稻作種植、收穫面積及產量' 的網頁 Metadata。
2026-01-12 00:20:21,156 - SUCCESS - 成功提取 '臺灣地區稻米生產價值' 的網頁 Metadata。
2026-01-12 00:20:21,156 - SUCCESS - 成功提取 '臺灣地區稻米生產價值' 的網頁 Metadata。
2026-01-12 00:20:22,608 - SUCCESS - 成功提取 '臺灣地區蔬菜生產概況' 的網頁 Metadata。
2026-01-12 00:20:22,608 - SUCCESS - 成功提取 '臺灣地區蔬菜生產概況' 的網頁 Metadata。
2026-01-12 00:20:24,031 - SUCCESS - 成功提取 '臺灣地區農產品生產量值' 的網頁 Metadata。
2026-01-12 00:20:24,031 - SUCCESS - 成功提取 '臺灣地區農產品生產量值' 的網頁 Metadata。
2026-01-12 00:20:25,715 - SUCCESS - 成功提取 '農情調查' 的網頁 Metadata。
2026-01-12 00:20:25,715 - SUCCESS - 成功提取 '農情調查' 的網頁 Metadata。
2026-01-12 00:20:25,757 - SUCCESS - '農情調查' 的 Metadata 已更新到 metadata.json。
2026-01-12 00:20:25,757 - SUCCESS - '農情調查' 的 Metadata 已更新到 metadata.json。
2026-01-12 00:20:30,463 - SUCCESS - <農情調查>的資料已下載完成，共 9999 筆資料。
2026-01-12 00:20:30,463 - SUCCESS - <農情調查>的資料已下載完成，共 9999 筆資料。
2026-01-12 00:20:31,511 - SUCCESS - 已下載、去重並合併資料完成現有資料 45259 條，新資料 0 條。
2026-01-12 00:20:31,511 - SUCCESS - 已下載、去重並合併資料完成現有資料 45259 條，新資料 0 條。
2026-01-12 00:20:31,809 - SUCCESS - 插入或更新 '農情調查' 的 Metadata 成功。
2026-01-12 00:20:31,809 - SUCCESS - 插入或更新 '農情調查' 的 Metadata 成功。
2026-01-12 00:20:31,823 - SUCCESS - '農情調查' 的自動更新完成。
2026-01-12 00:20:31,823 - SUCCESS - '農情調查' 的自動更新完成。
2026-01-12 00:20:33,492 - SUCCESS - 成功提取 '農產品交易行情' 的網頁 Metadata。
2026-01-12 00:20:33,492 - SUCCESS - 成功提取 '農產品交易行情' 的網頁 Metadata。
2026-01-12 00:20:33,537 - SUCCESS - '農產品交易行情' 的 Metadata 已更新到 metadata.json。
2026-01-12 00:20:33,537 - SUCCESS - '農產品交易行情' 的 Metadata 已更新到 metadata.json。
2026-01-12 00:20:51,018 - SUCCESS - <農產品交易行情>的資料已下載完成，共 8595 筆資料。
2026-01-12 00:20:51,018 - SUCCESS - <農產品交易行情>的資料已下載完成，共 8595 筆資料。
2026-01-12 00:21:21,587 - SUCCESS - 已下載、去重並合併資料完成現有資料 602624 條，新資料 2144 條。
2026-01-12 00:21:21,587 - SUCCESS - 已下載、去重並合併資料完成現有資料 602624 條，新資料 2144 條。
2026-01-12 00:21:24,758 - SUCCESS - 已下載 '農產品交易行情' 的原始 JSON 資料路徑: 'C:\Python\data_moa_gov_tw\raw_data\農產品交易行情\農產品交易行情.json'
2026-01-12 00:21:24,758 - SUCCESS - 已下載 '農產品交易行情' 的原始 JSON 資料路徑: 'C:\Python\data_moa_gov_tw\raw_data\農產品交易行情\農產品交易行情.json'
2026-01-12 00:21:24,764 - SUCCESS - 插入或更新 '農產品交易行情' 的 Metadata 成功。
2026-01-12 00:21:24,764 - SUCCESS - 插入或更新 '農產品交易行情' 的 Metadata 成功。
2026-01-12 00:21:25,762 - SUCCESS - 已成功批量插入 '農產品交易行情' 的總計 2143 條記錄到表格 '1040012' 。
2026-01-12 00:21:25,762 - SUCCESS - 已成功批量插入 '農產品交易行情' 的總計 2143 條記錄到表格 '1040012' 。
2026-01-12 00:21:26,008 - SUCCESS - '農產品交易行情' 的自動更新完成。
2026-01-12 00:21:26,008 - SUCCESS - '農產品交易行情' 的自動更新完成。
2026-01-12 00:21:28,624 - SUCCESS - 成功提取 '農產品產地價格(月平均價格)' 的網頁 Metadata。
2026-01-12 00:21:28,624 - SUCCESS - 成功提取 '農產品產地價格(月平均價格)' 的網頁 Metadata。
2026-01-12 00:21:30,254 - SUCCESS - 成功提取 '農產品產地價格資料' 的網頁 Metadata。
2026-01-12 00:21:30,254 - SUCCESS - 成功提取 '農產品產地價格資料' 的網頁 Metadata。
2026-01-12 00:21:30,298 - SUCCESS - '農產品產地價格資料' 的 Metadata 已更新到 metadata.json。
2026-01-12 00:21:30,298 - SUCCESS - '農產品產地價格資料' 的 Metadata 已更新到 metadata.json。
2026-01-12 00:21:31,163 - SUCCESS - <農產品產地價格資料>的資料已下載完成，共 9999 筆資料。
2026-01-12 00:21:31,163 - SUCCESS - <農產品產地價格資料>的資料已下載完成，共 9999 筆資料。
2026-01-12 00:22:15,748 - SUCCESS - 已下載、去重並合併資料完成現有資料 350257 條，新資料 0 條。
2026-01-12 00:22:15,748 - SUCCESS - 已下載、去重並合併資料完成現有資料 350257 條，新資料 0 條。
2026-01-12 00:22:17,829 - SUCCESS - 插入或更新 '農產品產地價格資料' 的 Metadata 成功。
2026-01-12 00:22:17,829 - SUCCESS - 插入或更新 '農產品產地價格資料' 的 Metadata 成功。
2026-01-12 00:22:17,925 - SUCCESS - '農產品產地價格資料' 的自動更新完成。
2026-01-12 00:22:17,925 - SUCCESS - '農產品產地價格資料' 的自動更新完成。
2026-01-12 00:22:19,781 - SUCCESS - 成功提取 '雜糧生產概況' 的網頁 Metadata。
2026-01-12 00:22:19,781 - SUCCESS - 成功提取 '雜糧生產概況' 的網頁 Metadata。
2026-01-12 00:22:20,788 - SUCCESS - 已成功儲存次要資訊。
2026-01-12 00:22:20,788 - SUCCESS - 已成功儲存次要資訊。
2026-01-12 00:22:20,788 - SUCCESS - 更新結果儲存成功:{'全國單日平均糧價': '已更新', '各觀測站近兩年降雨量': '未更新', '產銷履歷與有機蔬果行情': '已更新', '糧價查詢': '已更新', '臺灣地區果品生產概況': '未更新', '臺灣地區特用作物生產概況': '未更新', '臺灣地區稻作種植、收穫面積及產量': '未更新', '臺灣地區稻米生產價值': '未更新', '臺灣地區蔬菜生產概況': '未更新', '臺灣地區農產品生產量值': '未更新', '農情調查': '已更新', '農產品交易行情': '已更新', '農產品產地價格(月平均價格)': '未更新', '農產品產地價格資料': '已更新', '雜糧生產概況': '未更新'}
2026-01-12 00:22:20,788 - SUCCESS - 更新結果儲存成功:{'全國單日平均糧價': '已更新', '各觀測站近兩年降雨量': '未更新', '產銷履歷與有機蔬果行情': '已更新', '糧價查詢': '已更新', '臺灣地區果品生產概況': '未更新', '臺灣地區特用作物生產概況': '未更新', '臺灣地區稻作種植、收穫面積及產量': '未更新', '臺灣地區稻米生產價值': '未更新', '臺灣地區蔬菜生產概況': '未更新', '臺灣地區農產品生產量值': '未更新', '農情調查': '已更新', '農產品交易行情': '已更新', '農產品產地價格(月平均價格)': '未更新', '農產品產地價格資料': '已更新', '雜糧生產概況': '未更新'}
2026-01-12 22:28:28,451 - SUCCESS - 成功提取 '全國單日平均糧價' 的網頁 Metadata。
2026-01-12 22:28:28,451 - SUCCESS - 成功提取 '全國單日平均糧價' 的網頁 Metadata。
2026-01-12 22:28:28,487 - SUCCESS - '全國單日平均糧價' 的 Metadata 已更新到 metadata.json。
2026-01-12 22:28:28,487 - SUCCESS - '全國單日平均糧價' 的 Metadata 已更新到 metadata.json。
2026-01-12 22:28:32,891 - SUCCESS - <全國單日平均糧價>的資料已下載完成，共 9163 筆資料。
2026-01-12 22:28:32,891 - SUCCESS - <全國單日平均糧價>的資料已下載完成，共 9163 筆資料。
2026-01-12 22:28:33,555 - SUCCESS - 已下載、去重並合併資料完成現有資料 9163 條，新資料 2 條。
2026-01-12 22:28:33,555 - SUCCESS - 已下載、去重並合併資料完成現有資料 9163 條，新資料 2 條。
2026-01-12 22:28:33,589 - SUCCESS - 已下載 '全國單日平均糧價' 的原始 JSON 資料路徑: 'C:\Python\data_moa_gov_tw\raw_data\全國單日平均糧價\全國單日平均糧價.json'
2026-01-12 22:28:33,589 - SUCCESS - 已下載 '全國單日平均糧價' 的原始 JSON 資料路徑: 'C:\Python\data_moa_gov_tw\raw_data\全國單日平均糧價\全國單日平均糧價.json'
2026-01-12 22:28:33,614 - SUCCESS - 插入或更新 '全國單日平均糧價' 的 Metadata 成功。
2026-01-12 22:28:33,614 - SUCCESS - 插入或更新 '全國單日平均糧價' 的 Metadata 成功。
2026-01-12 22:28:33,624 - SUCCESS - 已成功批量插入 '全國單日平均糧價' 的總計 2 條記錄到表格 '1040001' 。
2026-01-12 22:28:33,624 - SUCCESS - 已成功批量插入 '全國單日平均糧價' 的總計 2 條記錄到表格 '1040001' 。
2026-01-12 22:28:33,628 - SUCCESS - '全國單日平均糧價' 的自動更新完成。
2026-01-12 22:28:33,628 - SUCCESS - '全國單日平均糧價' 的自動更新完成。
2026-01-12 22:28:35,095 - SUCCESS - 成功提取 '各觀測站近兩年降雨量' 的網頁 Metadata。
2026-01-12 22:28:35,095 - SUCCESS - 成功提取 '各觀測站近兩年降雨量' 的網頁 Metadata。
2026-01-12 22:28:36,917 - SUCCESS - 成功提取 '產銷履歷與有機蔬果行情' 的網頁 Metadata。
2026-01-12 22:28:36,917 - SUCCESS - 成功提取 '產銷履歷與有機蔬果行情' 的網頁 Metadata。
2026-01-12 22:28:36,960 - SUCCESS - '產銷履歷與有機蔬果行情' 的 Metadata 已更新到 metadata.json。
2026-01-12 22:28:36,960 - SUCCESS - '產銷履歷與有機蔬果行情' 的 Metadata 已更新到 metadata.json。
2026-01-12 22:28:43,575 - SUCCESS - <產銷履歷與有機蔬果行情>的資料已下載完成，共 2237 筆資料。
2026-01-12 22:28:43,575 - SUCCESS - <產銷履歷與有機蔬果行情>的資料已下載完成，共 2237 筆資料。
2026-01-12 22:29:07,849 - SUCCESS - 已下載、去重並合併資料完成現有資料 329703 條，新資料 95 條。
2026-01-12 22:29:07,849 - SUCCESS - 已下載、去重並合併資料完成現有資料 329703 條，新資料 95 條。
2026-01-12 22:29:09,612 - SUCCESS - 已下載 '產銷履歷與有機蔬果行情' 的原始 JSON 資料路徑: 'C:\Python\data_moa_gov_tw\raw_data\產銷履歷與有機蔬果行情\產銷履歷與有機蔬果行情.json'
2026-01-12 22:29:09,612 - SUCCESS - 已下載 '產銷履歷與有機蔬果行情' 的原始 JSON 資料路徑: 'C:\Python\data_moa_gov_tw\raw_data\產銷履歷與有機蔬果行情\產銷履歷與有機蔬果行情.json'
2026-01-12 22:29:09,618 - SUCCESS - 插入或更新 '產銷履歷與有機蔬果行情' 的 Metadata 成功。
2026-01-12 22:29:09,618 - SUCCESS - 插入或更新 '產銷履歷與有機蔬果行情' 的 Metadata 成功。
2026-01-12 22:29:09,672 - SUCCESS - 已成功批量插入 '產銷履歷與有機蔬果行情' 的總計 95 條記錄到表格 '1040003' 。
2026-01-12 22:29:09,672 - SUCCESS - 已成功批量插入 '產銷履歷與有機蔬果行情' 的總計 95 條記錄到表格 '1040003' 。
2026-01-12 22:29:09,766 - SUCCESS - '產銷履歷與有機蔬果行情' 的自動更新完成。
2026-01-12 22:29:09,766 - SUCCESS - '產銷履歷與有機蔬果行情' 的自動更新完成。
2026-01-12 22:29:11,306 - SUCCESS - 成功提取 '糧價查詢' 的網頁 Metadata。
2026-01-12 22:29:11,306 - SUCCESS - 成功提取 '糧價查詢' 的網頁 Metadata。
2026-01-12 22:29:11,355 - SUCCESS - '糧價查詢' 的 Metadata 已更新到 metadata.json。
2026-01-12 22:29:11,355 - SUCCESS - '糧價查詢' 的 Metadata 已更新到 metadata.json。
2026-01-12 22:29:14,072 - SUCCESS - <糧價查詢>的資料已下載完成，共 9999 筆資料。
2026-01-12 22:29:14,072 - SUCCESS - <糧價查詢>的資料已下載完成，共 9999 筆資料。
2026-01-12 22:29:14,899 - SUCCESS - 已下載、去重並合併資料完成現有資料 10995 條，新資料 40 條。
2026-01-12 22:29:14,899 - SUCCESS - 已下載、去重並合併資料完成現有資料 10995 條，新資料 40 條。
2026-01-12 22:29:15,635 - SUCCESS - 已下載 '糧價查詢' 的原始 JSON 資料路徑: 'C:\Python\data_moa_gov_tw\raw_data\糧價查詢\糧價查詢.json'
2026-01-12 22:29:15,635 - SUCCESS - 已下載 '糧價查詢' 的原始 JSON 資料路徑: 'C:\Python\data_moa_gov_tw\raw_data\糧價查詢\糧價查詢.json'
2026-01-12 22:29:15,640 - SUCCESS - 插入或更新 '糧價查詢' 的 Metadata 成功。
2026-01-12 22:29:15,640 - SUCCESS - 插入或更新 '糧價查詢' 的 Metadata 成功。
2026-01-12 22:29:15,681 - SUCCESS - 已成功批量插入 '糧價查詢' 的總計 40 條記錄到表格 '1040004' 。
2026-01-12 22:29:15,681 - SUCCESS - 已成功批量插入 '糧價查詢' 的總計 40 條記錄到表格 '1040004' 。
2026-01-12 22:29:15,689 - SUCCESS - '糧價查詢' 的自動更新完成。
2026-01-12 22:29:15,689 - SUCCESS - '糧價查詢' 的自動更新完成。
2026-01-12 22:29:17,253 - SUCCESS - 成功提取 '臺灣地區果品生產概況' 的網頁 Metadata。
2026-01-12 22:29:17,253 - SUCCESS - 成功提取 '臺灣地區果品生產概況' 的網頁 Metadata。
2026-01-12 22:29:18,759 - SUCCESS - 成功提取 '臺灣地區特用作物生產概況' 的網頁 Metadata。
2026-01-12 22:29:18,759 - SUCCESS - 成功提取 '臺灣地區特用作物生產概況' 的網頁 Metadata。
2026-01-12 22:29:20,337 - SUCCESS - 成功提取 '臺灣地區稻作種植、收穫面積及產量' 的網頁 Metadata。
2026-01-12 22:29:20,337 - SUCCESS - 成功提取 '臺灣地區稻作種植、收穫面積及產量' 的網頁 Metadata。
2026-01-12 22:29:21,847 - SUCCESS - 成功提取 '臺灣地區稻米生產價值' 的網頁 Metadata。
2026-01-12 22:29:21,847 - SUCCESS - 成功提取 '臺灣地區稻米生產價值' 的網頁 Metadata。
2026-01-12 22:29:26,058 - SUCCESS - 成功提取 '臺灣地區蔬菜生產概況' 的網頁 Metadata。
2026-01-12 22:29:26,058 - SUCCESS - 成功提取 '臺灣地區蔬菜生產概況' 的網頁 Metadata。
2026-01-12 22:29:27,780 - SUCCESS - 成功提取 '臺灣地區農產品生產量值' 的網頁 Metadata。
2026-01-12 22:29:27,780 - SUCCESS - 成功提取 '臺灣地區農產品生產量值' 的網頁 Metadata。
2026-01-12 22:29:29,151 - SUCCESS - 成功提取 '農情調查' 的網頁 Metadata。
2026-01-12 22:29:29,151 - SUCCESS - 成功提取 '農情調查' 的網頁 Metadata。
2026-01-12 22:29:29,193 - SUCCESS - '農情調查' 的 Metadata 已更新到 metadata.json。
2026-01-12 22:29:29,193 - SUCCESS - '農情調查' 的 Metadata 已更新到 metadata.json。
2026-01-12 22:29:34,230 - SUCCESS - <農情調查>的資料已下載完成，共 9999 筆資料。
2026-01-12 22:29:34,230 - SUCCESS - <農情調查>的資料已下載完成，共 9999 筆資料。
2026-01-12 22:29:35,316 - SUCCESS - 已下載、去重並合併資料完成現有資料 45259 條，新資料 0 條。
2026-01-12 22:29:35,316 - SUCCESS - 已下載、去重並合併資料完成現有資料 45259 條，新資料 0 條。
2026-01-12 22:29:35,600 - SUCCESS - 插入或更新 '農情調查' 的 Metadata 成功。
2026-01-12 22:29:35,600 - SUCCESS - 插入或更新 '農情調查' 的 Metadata 成功。
2026-01-12 22:29:35,612 - SUCCESS - '農情調查' 的自動更新完成。
2026-01-12 22:29:35,612 - SUCCESS - '農情調查' 的自動更新完成。
2026-01-12 22:29:36,934 - SUCCESS - 成功提取 '農產品交易行情' 的網頁 Metadata。
2026-01-12 22:29:36,934 - SUCCESS - 成功提取 '農產品交易行情' 的網頁 Metadata。
2026-01-12 22:29:36,976 - SUCCESS - '農產品交易行情' 的 Metadata 已更新到 metadata.json。
2026-01-12 22:29:36,976 - SUCCESS - '農產品交易行情' 的 Metadata 已更新到 metadata.json。
2026-01-12 22:30:13,963 - SUCCESS - <農產品交易行情>的資料已下載完成，共 9863 筆資料。
2026-01-12 22:30:13,963 - SUCCESS - <農產品交易行情>的資料已下載完成，共 9863 筆資料。
2026-01-12 22:30:44,747 - SUCCESS - 已下載、去重並合併資料完成現有資料 603892 條，新資料 1268 條。
2026-01-12 22:30:44,747 - SUCCESS - 已下載、去重並合併資料完成現有資料 603892 條，新資料 1268 條。
2026-01-12 22:30:47,829 - SUCCESS - 已下載 '農產品交易行情' 的原始 JSON 資料路徑: 'C:\Python\data_moa_gov_tw\raw_data\農產品交易行情\農產品交易行情.json'
2026-01-12 22:30:47,829 - SUCCESS - 已下載 '農產品交易行情' 的原始 JSON 資料路徑: 'C:\Python\data_moa_gov_tw\raw_data\農產品交易行情\農產品交易行情.json'
2026-01-12 22:30:47,834 - SUCCESS - 插入或更新 '農產品交易行情' 的 Metadata 成功。
2026-01-12 22:30:47,834 - SUCCESS - 插入或更新 '農產品交易行情' 的 Metadata 成功。
2026-01-12 22:30:48,374 - SUCCESS - 已成功批量插入 '農產品交易行情' 的總計 1268 條記錄到表格 '1040012' 。
2026-01-12 22:30:48,374 - SUCCESS - 已成功批量插入 '農產品交易行情' 的總計 1268 條記錄到表格 '1040012' 。
2026-01-12 22:30:48,615 - SUCCESS - '農產品交易行情' 的自動更新完成。
2026-01-12 22:30:48,615 - SUCCESS - '農產品交易行情' 的自動更新完成。
2026-01-12 22:30:50,115 - SUCCESS - 成功提取 '農產品產地價格(月平均價格)' 的網頁 Metadata。
2026-01-12 22:30:50,115 - SUCCESS - 成功提取 '農產品產地價格(月平均價格)' 的網頁 Metadata。
2026-01-12 22:30:50,160 - SUCCESS - '農產品產地價格(月平均價格)' 的 Metadata 已更新到 metadata.json。
2026-01-12 22:30:50,160 - SUCCESS - '農產品產地價格(月平均價格)' 的 Metadata 已更新到 metadata.json。
2026-01-12 22:30:50,805 - SUCCESS - <農產品產地價格(月平均價格)>的資料已下載完成，共 4196 筆資料。
2026-01-12 22:30:50,805 - SUCCESS - <農產品產地價格(月平均價格)>的資料已下載完成，共 4196 筆資料。
2026-01-12 22:30:51,016 - SUCCESS - 已下載、去重並合併資料完成現有資料 4829 條，新資料 92 條。
2026-01-12 22:30:51,016 - SUCCESS - 已下載、去重並合併資料完成現有資料 4829 條，新資料 92 條。
2026-01-12 22:30:51,049 - SUCCESS - 插入或更新 '農產品產地價格(月平均價格)' 的 Metadata 成功。
2026-01-12 22:30:51,049 - SUCCESS - 插入或更新 '農產品產地價格(月平均價格)' 的 Metadata 成功。
2026-01-12 22:30:51,052 - SUCCESS - '農產品產地價格(月平均價格)' 的自動更新完成。
2026-01-12 22:30:51,052 - SUCCESS - '農產品產地價格(月平均價格)' 的自動更新完成。
2026-01-12 22:30:52,465 - SUCCESS - 成功提取 '農產品產地價格資料' 的網頁 Metadata。
2026-01-12 22:30:52,465 - SUCCESS - 成功提取 '農產品產地價格資料' 的網頁 Metadata。
2026-01-12 22:30:52,507 - SUCCESS - '農產品產地價格資料' 的 Metadata 已更新到 metadata.json。
2026-01-12 22:30:52,507 - SUCCESS - '農產品產地價格資料' 的 Metadata 已更新到 metadata.json。
2026-01-12 22:30:53,065 - SUCCESS - <農產品產地價格資料>的資料已下載完成，共 9999 筆資料。
2026-01-12 22:30:53,065 - SUCCESS - <農產品產地價格資料>的資料已下載完成，共 9999 筆資料。
2026-01-12 22:31:40,042 - SUCCESS - 已下載、去重並合併資料完成現有資料 350257 條，新資料 0 條。
2026-01-12 22:31:40,042 - SUCCESS - 已下載、去重並合併資料完成現有資料 350257 條，新資料 0 條。
2026-01-12 22:31:42,047 - SUCCESS - 插入或更新 '農產品產地價格資料' 的 Metadata 成功。
2026-01-12 22:31:42,047 - SUCCESS - 插入或更新 '農產品產地價格資料' 的 Metadata 成功。
2026-01-12 22:31:42,125 - SUCCESS - '農產品產地價格資料' 的自動更新完成。
2026-01-12 22:31:42,125 - SUCCESS - '農產品產地價格資料' 的自動更新完成。
2026-01-12 22:31:43,337 - SUCCESS - 成功提取 '雜糧生產概況' 的網頁 Metadata。
2026-01-12 22:31:43,337 - SUCCESS - 成功提取 '雜糧生產概況' 的網頁 Metadata。
2026-01-12 22:31:44,352 - SUCCESS - 已成功儲存次要資訊。
2026-01-12 22:31:44,352 - SUCCESS - 已成功儲存次要資訊。
2026-01-12 22:31:44,352 - SUCCESS - 更新結果儲存成功:{'全國單日平均糧價': '已更新', '各觀測站近兩年降雨量': '未更新', '產銷履歷與有機蔬果行情': '已更新', '糧價查詢': '已更新', '臺灣地區果品生產概況': '未更新', '臺灣地區特用作物生產概況': '未更新', '臺灣地區稻作種植、收穫面積及產量': '未更新', '臺灣地區稻米生產價值': '未更新', '臺灣地區蔬菜生產概況': '未更新', '臺灣地區農產品生產量值': '未更新', '農情調查': '已更新', '農產品交易行情': '已更新', '農產品產地價格(月平均價格)': '已更新', '農產品產地價格資料': '已更新', '雜糧生產概況': '未更新'}
2026-01-12 22:31:44,352 - SUCCESS - 更新結果儲存成功:{'全國單日平均糧價': '已更新', '各觀測站近兩年降雨量': '未更新', '產銷履歷與有機蔬果行情': '已更新', '糧價查詢': '已更新', '臺灣地區果品生產概況': '未更新', '臺灣地區特用作物生產概況': '未更新', '臺灣地區稻作種植、收穫面積及產量': '未更新', '臺灣地區稻米生產價值': '未更新', '臺灣地區蔬菜生產概況': '未更新', '臺灣地區農產品生產量值': '未更新', '農情調查': '已更新', '農產品交易行情': '已更新', '農產品產地價格(月平均價格)': '已更新', '農產品產地價格資料': '已更新', '雜糧生產概況': '未更新'}
