2025-12-07 00:05:25,854 - SUCCESS - 成功提取 '全國單日平均糧價' 的網頁 Metadata。
2025-12-07 00:05:25,854 - SUCCESS - 成功提取 '全國單日平均糧價' 的網頁 Metadata。
2025-12-07 00:05:28,164 - SUCCESS - 成功提取 '各觀測站近兩年降雨量' 的網頁 Metadata。
2025-12-07 00:05:28,164 - SUCCESS - 成功提取 '各觀測站近兩年降雨量' 的網頁 Metadata。
2025-12-07 00:05:30,603 - SUCCESS - 成功提取 '產銷履歷與有機蔬果行情' 的網頁 Metadata。
2025-12-07 00:05:30,603 - SUCCESS - 成功提取 '產銷履歷與有機蔬果行情' 的網頁 Metadata。
2025-12-07 00:05:30,649 - SUCCESS - '產銷履歷與有機蔬果行情' 的 Metadata 已更新到 metadata.json。
2025-12-07 00:05:30,649 - SUCCESS - '產銷履歷與有機蔬果行情' 的 Metadata 已更新到 metadata.json。
2025-12-07 00:06:43,133 - SUCCESS - 成功提取 '全國單日平均糧價' 的網頁 Metadata。
2025-12-07 00:06:43,133 - SUCCESS - 成功提取 '全國單日平均糧價' 的網頁 Metadata。
2025-12-07 00:06:46,247 - SUCCESS - 成功提取 '各觀測站近兩年降雨量' 的網頁 Metadata。
2025-12-07 00:06:46,247 - SUCCESS - 成功提取 '各觀測站近兩年降雨量' 的網頁 Metadata。
2025-12-07 00:06:49,203 - SUCCESS - 成功提取 '產銷履歷與有機蔬果行情' 的網頁 Metadata。
2025-12-07 00:06:49,203 - SUCCESS - 成功提取 '產銷履歷與有機蔬果行情' 的網頁 Metadata。
2025-12-07 00:06:49,227 - SUCCESS - '產銷履歷與有機蔬果行情' 的 Metadata 已更新到 metadata.json。
2025-12-07 00:06:49,227 - SUCCESS - '產銷履歷與有機蔬果行情' 的 Metadata 已更新到 metadata.json。
2025-12-07 00:10:16,316 - SUCCESS - 成功提取 '全國單日平均糧價' 的網頁 Metadata。
2025-12-07 00:10:16,316 - SUCCESS - 成功提取 '全國單日平均糧價' 的網頁 Metadata。
2025-12-07 00:10:20,328 - SUCCESS - 成功提取 '各觀測站近兩年降雨量' 的網頁 Metadata。
2025-12-07 00:10:20,328 - SUCCESS - 成功提取 '各觀測站近兩年降雨量' 的網頁 Metadata。
2025-12-07 00:10:24,809 - SUCCESS - 成功提取 '產銷履歷與有機蔬果行情' 的網頁 Metadata。
2025-12-07 00:10:24,809 - SUCCESS - 成功提取 '產銷履歷與有機蔬果行情' 的網頁 Metadata。
2025-12-07 00:10:24,847 - SUCCESS - '產銷履歷與有機蔬果行情' 的 Metadata 已更新到 metadata.json。
2025-12-07 00:10:24,847 - SUCCESS - '產銷履歷與有機蔬果行情' 的 Metadata 已更新到 metadata.json。
2025-12-07 00:14:33,196 - SUCCESS - <產銷履歷與有機蔬果行情>的資料已下載完成，共 4537 筆資料。
2025-12-07 00:14:33,196 - SUCCESS - <產銷履歷與有機蔬果行情>的資料已下載完成，共 4537 筆資料。
2025-12-07 00:14:53,177 - SUCCESS - 已下載、去重並合併資料完成現有資料 261366 條，新資料 2268 條。
2025-12-07 00:14:53,177 - SUCCESS - 已下載、去重並合併資料完成現有資料 261366 條，新資料 2268 條。
2025-12-07 00:14:54,877 - SUCCESS - 已下載 '產銷履歷與有機蔬果行情' 的原始 JSON 資料路徑: 'C:\Python\data_moa_gov_tw\raw_data\產銷履歷與有機蔬果行情\產銷履歷與有機蔬果行情.json'
2025-12-07 00:14:54,877 - SUCCESS - 已下載 '產銷履歷與有機蔬果行情' 的原始 JSON 資料路徑: 'C:\Python\data_moa_gov_tw\raw_data\產銷履歷與有機蔬果行情\產銷履歷與有機蔬果行情.json'
2025-12-07 00:14:54,913 - SUCCESS - 插入或更新 '產銷履歷與有機蔬果行情' 的 Metadata 成功。
2025-12-07 00:14:54,913 - SUCCESS - 插入或更新 '產銷履歷與有機蔬果行情' 的 Metadata 成功。
2025-12-07 00:14:56,282 - SUCCESS - 已成功批量插入 '產銷履歷與有機蔬果行情' 的總計 2268 條記錄到表格 '1040003' 。
2025-12-07 00:14:56,282 - SUCCESS - 已成功批量插入 '產銷履歷與有機蔬果行情' 的總計 2268 條記錄到表格 '1040003' 。
2025-12-07 00:14:56,374 - SUCCESS - '產銷履歷與有機蔬果行情' 的自動更新完成。
2025-12-07 00:14:56,374 - SUCCESS - '產銷履歷與有機蔬果行情' 的自動更新完成。
2025-12-07 00:15:00,614 - SUCCESS - 成功提取 '糧價查詢' 的網頁 Metadata。
2025-12-07 00:15:00,614 - SUCCESS - 成功提取 '糧價查詢' 的網頁 Metadata。
2025-12-07 00:15:03,106 - SUCCESS - 成功提取 '臺灣地區果品生產概況' 的網頁 Metadata。
2025-12-07 00:15:03,106 - SUCCESS - 成功提取 '臺灣地區果品生產概況' 的網頁 Metadata。
2025-12-07 00:15:06,228 - SUCCESS - 成功提取 '臺灣地區特用作物生產概況' 的網頁 Metadata。
2025-12-07 00:15:06,228 - SUCCESS - 成功提取 '臺灣地區特用作物生產概況' 的網頁 Metadata。
2025-12-07 00:15:10,121 - SUCCESS - 成功提取 '臺灣地區稻作種植、收穫面積及產量' 的網頁 Metadata。
2025-12-07 00:15:10,121 - SUCCESS - 成功提取 '臺灣地區稻作種植、收穫面積及產量' 的網頁 Metadata。
2025-12-07 00:15:13,439 - SUCCESS - 成功提取 '臺灣地區稻米生產價值' 的網頁 Metadata。
2025-12-07 00:15:13,439 - SUCCESS - 成功提取 '臺灣地區稻米生產價值' 的網頁 Metadata。
2025-12-07 00:15:17,581 - SUCCESS - 成功提取 '臺灣地區蔬菜生產概況' 的網頁 Metadata。
2025-12-07 00:15:17,581 - SUCCESS - 成功提取 '臺灣地區蔬菜生產概況' 的網頁 Metadata。
2025-12-07 00:15:20,617 - SUCCESS - 成功提取 '臺灣地區農產品生產量值' 的網頁 Metadata。
2025-12-07 00:15:20,617 - SUCCESS - 成功提取 '臺灣地區農產品生產量值' 的網頁 Metadata。
2025-12-07 00:15:23,802 - SUCCESS - 成功提取 '農情調查' 的網頁 Metadata。
2025-12-07 00:15:23,802 - SUCCESS - 成功提取 '農情調查' 的網頁 Metadata。
2025-12-07 00:15:27,262 - SUCCESS - 成功提取 '農產品交易行情' 的網頁 Metadata。
2025-12-07 00:15:27,262 - SUCCESS - 成功提取 '農產品交易行情' 的網頁 Metadata。
2025-12-07 00:15:27,294 - SUCCESS - '農產品交易行情' 的 Metadata 已更新到 metadata.json。
2025-12-07 00:15:27,294 - SUCCESS - '農產品交易行情' 的 Metadata 已更新到 metadata.json。
2025-12-07 00:18:48,110 - SUCCESS - <農產品交易行情>的資料已下載完成，共 9108 筆資料。
2025-12-07 00:18:48,110 - SUCCESS - <農產品交易行情>的資料已下載完成，共 9108 筆資料。
2025-12-07 00:19:16,185 - SUCCESS - 已下載、去重並合併資料完成現有資料 498005 條，新資料 2319 條。
2025-12-07 00:19:16,185 - SUCCESS - 已下載、去重並合併資料完成現有資料 498005 條，新資料 2319 條。
2025-12-07 00:19:19,357 - SUCCESS - 已下載 '農產品交易行情' 的原始 JSON 資料路徑: 'C:\Python\data_moa_gov_tw\raw_data\農產品交易行情\農產品交易行情.json'
2025-12-07 00:19:19,357 - SUCCESS - 已下載 '農產品交易行情' 的原始 JSON 資料路徑: 'C:\Python\data_moa_gov_tw\raw_data\農產品交易行情\農產品交易行情.json'
2025-12-07 00:19:19,363 - SUCCESS - 插入或更新 '農產品交易行情' 的 Metadata 成功。
2025-12-07 00:19:19,363 - SUCCESS - 插入或更新 '農產品交易行情' 的 Metadata 成功。
2025-12-07 00:19:21,066 - SUCCESS - 已成功批量插入 '農產品交易行情' 的總計 2319 條記錄到表格 '1040012' 。
2025-12-07 00:19:21,066 - SUCCESS - 已成功批量插入 '農產品交易行情' 的總計 2319 條記錄到表格 '1040012' 。
2025-12-07 00:19:21,378 - SUCCESS - '農產品交易行情' 的自動更新完成。
2025-12-07 00:19:21,378 - SUCCESS - '農產品交易行情' 的自動更新完成。
2025-12-07 00:19:30,032 - SUCCESS - 成功提取 '農產品產地價格(月平均價格)' 的網頁 Metadata。
2025-12-07 00:19:30,032 - SUCCESS - 成功提取 '農產品產地價格(月平均價格)' 的網頁 Metadata。
2025-12-07 00:19:33,402 - SUCCESS - 成功提取 '農產品產地價格資料' 的網頁 Metadata。
2025-12-07 00:19:33,402 - SUCCESS - 成功提取 '農產品產地價格資料' 的網頁 Metadata。
2025-12-07 00:19:33,452 - SUCCESS - '農產品產地價格資料' 的 Metadata 已更新到 metadata.json。
2025-12-07 00:19:33,452 - SUCCESS - '農產品產地價格資料' 的 Metadata 已更新到 metadata.json。
2025-12-07 00:19:38,372 - SUCCESS - <農產品產地價格資料>的資料已下載完成，共 9999 筆資料。
2025-12-07 00:19:38,372 - SUCCESS - <農產品產地價格資料>的資料已下載完成，共 9999 筆資料。
2025-12-07 00:20:32,999 - SUCCESS - 已下載、去重並合併資料完成現有資料 345946 條，新資料 8 條。
2025-12-07 00:20:32,999 - SUCCESS - 已下載、去重並合併資料完成現有資料 345946 條，新資料 8 條。
2025-12-07 00:20:35,511 - SUCCESS - 已下載 '農產品產地價格資料' 的原始 JSON 資料路徑: 'C:\Python\data_moa_gov_tw\raw_data\農產品產地價格資料\農產品產地價格資料.json'
2025-12-07 00:20:35,511 - SUCCESS - 已下載 '農產品產地價格資料' 的原始 JSON 資料路徑: 'C:\Python\data_moa_gov_tw\raw_data\農產品產地價格資料\農產品產地價格資料.json'
2025-12-07 00:20:35,517 - SUCCESS - 插入或更新 '農產品產地價格資料' 的 Metadata 成功。
2025-12-07 00:20:35,517 - SUCCESS - 插入或更新 '農產品產地價格資料' 的 Metadata 成功。
2025-12-07 00:20:35,530 - SUCCESS - 已成功批量插入 '農產品產地價格資料' 的總計 8 條記錄到表格 '1040014' 。
2025-12-07 00:20:35,530 - SUCCESS - 已成功批量插入 '農產品產地價格資料' 的總計 8 條記錄到表格 '1040014' 。
2025-12-07 00:20:35,637 - SUCCESS - '農產品產地價格資料' 的自動更新完成。
2025-12-07 00:20:35,637 - SUCCESS - '農產品產地價格資料' 的自動更新完成。
2025-12-07 00:20:39,377 - SUCCESS - 成功提取 '雜糧生產概況' 的網頁 Metadata。
2025-12-07 00:20:39,377 - SUCCESS - 成功提取 '雜糧生產概況' 的網頁 Metadata。
2025-12-07 00:20:40,389 - SUCCESS - 已成功儲存次要資訊。
2025-12-07 00:20:40,389 - SUCCESS - 已成功儲存次要資訊。
2025-12-07 00:20:40,390 - SUCCESS - 更新結果儲存成功:{'全國單日平均糧價': '未更新', '各觀測站近兩年降雨量': '未更新', '產銷履歷與有機蔬果行情': '已更新', '糧價查詢': '未更新', '臺灣地區果品生產概況': '未更新', '臺灣地區特用作物生產概況': '未更新', '臺灣地區稻作種植、收穫面積及產量': '未更新', '臺灣地區稻米生產價值': '未更新', '臺灣地區蔬菜生產概況': '未更新', '臺灣地區農產品生產量值': '未更新', '農情調查': '未更新', '農產品交易行情': '已更新', '農產品產地價格(月平均價格)': '未更新', '農產品產地價格資料': '已更新', '雜糧生產概況': '未更新'}
2025-12-07 00:20:40,390 - SUCCESS - 更新結果儲存成功:{'全國單日平均糧價': '未更新', '各觀測站近兩年降雨量': '未更新', '產銷履歷與有機蔬果行情': '已更新', '糧價查詢': '未更新', '臺灣地區果品生產概況': '未更新', '臺灣地區特用作物生產概況': '未更新', '臺灣地區稻作種植、收穫面積及產量': '未更新', '臺灣地區稻米生產價值': '未更新', '臺灣地區蔬菜生產概況': '未更新', '臺灣地區農產品生產量值': '未更新', '農情調查': '未更新', '農產品交易行情': '已更新', '農產品產地價格(月平均價格)': '未更新', '農產品產地價格資料': '已更新', '雜糧生產概況': '未更新'}
