2025-11-11 01:31:13,597 - SUCCESS - 成功提取 '全國單日平均糧價' 的網頁 Metadata。
2025-11-11 01:31:13,597 - SUCCESS - 成功提取 '全國單日平均糧價' 的網頁 Metadata。
2025-11-11 01:31:13,640 - SUCCESS - '全國單日平均糧價' 的 Metadata 已更新到 metadata.json。
2025-11-11 01:31:13,640 - SUCCESS - '全國單日平均糧價' 的 Metadata 已更新到 metadata.json。
2025-11-11 01:31:15,300 - SUCCESS - <全國單日平均糧價>的資料已下載完成，共 9100 筆資料。
2025-11-11 01:31:15,300 - SUCCESS - <全國單日平均糧價>的資料已下載完成，共 9100 筆資料。
2025-11-11 01:31:16,706 - SUCCESS - 已下載、去重並合併資料完成現有資料 9100 條，新資料 2 條。
2025-11-11 01:31:16,706 - SUCCESS - 已下載、去重並合併資料完成現有資料 9100 條，新資料 2 條。
2025-11-11 01:31:16,771 - SUCCESS - 已下載 '全國單日平均糧價' 的原始 JSON 資料路徑: 'C:\Python\data_moa_gov_tw\raw_data\全國單日平均糧價\全國單日平均糧價.json'
2025-11-11 01:31:16,771 - SUCCESS - 已下載 '全國單日平均糧價' 的原始 JSON 資料路徑: 'C:\Python\data_moa_gov_tw\raw_data\全國單日平均糧價\全國單日平均糧價.json'
2025-11-11 01:31:16,798 - SUCCESS - 插入或更新 '全國單日平均糧價' 的 Metadata 成功。
2025-11-11 01:31:16,798 - SUCCESS - 插入或更新 '全國單日平均糧價' 的 Metadata 成功。
2025-11-11 01:31:16,819 - SUCCESS - 已成功批量插入 '全國單日平均糧價' 的總計 2 條記錄到表格 '1040001' 。
2025-11-11 01:31:16,819 - SUCCESS - 已成功批量插入 '全國單日平均糧價' 的總計 2 條記錄到表格 '1040001' 。
2025-11-11 01:31:16,825 - SUCCESS - '全國單日平均糧價' 的自動更新完成。
2025-11-11 01:31:16,825 - SUCCESS - '全國單日平均糧價' 的自動更新完成。
2025-11-11 01:31:18,172 - SUCCESS - 成功提取 '各觀測站近兩年降雨量' 的網頁 Metadata。
2025-11-11 01:31:18,172 - SUCCESS - 成功提取 '各觀測站近兩年降雨量' 的網頁 Metadata。
2025-11-11 01:31:19,601 - SUCCESS - 成功提取 '產銷履歷與有機蔬果行情' 的網頁 Metadata。
2025-11-11 01:31:19,601 - SUCCESS - 成功提取 '產銷履歷與有機蔬果行情' 的網頁 Metadata。
2025-11-11 01:31:19,662 - SUCCESS - '產銷履歷與有機蔬果行情' 的 Metadata 已更新到 metadata.json。
2025-11-11 01:31:19,662 - SUCCESS - '產銷履歷與有機蔬果行情' 的 Metadata 已更新到 metadata.json。
2025-11-11 01:31:27,779 - SUCCESS - <產銷履歷與有機蔬果行情>的資料已下載完成，共 2263 筆資料。
2025-11-11 01:31:27,779 - SUCCESS - <產銷履歷與有機蔬果行情>的資料已下載完成，共 2263 筆資料。
2025-11-11 01:31:43,753 - SUCCESS - 已下載、去重並合併資料完成現有資料 211079 條，新資料 91 條。
2025-11-11 01:31:43,753 - SUCCESS - 已下載、去重並合併資料完成現有資料 211079 條，新資料 91 條。
2025-11-11 01:31:44,912 - SUCCESS - 已下載 '產銷履歷與有機蔬果行情' 的原始 JSON 資料路徑: 'C:\Python\data_moa_gov_tw\raw_data\產銷履歷與有機蔬果行情\產銷履歷與有機蔬果行情.json'
2025-11-11 01:31:44,912 - SUCCESS - 已下載 '產銷履歷與有機蔬果行情' 的原始 JSON 資料路徑: 'C:\Python\data_moa_gov_tw\raw_data\產銷履歷與有機蔬果行情\產銷履歷與有機蔬果行情.json'
2025-11-11 01:31:44,914 - SUCCESS - 插入或更新 '產銷履歷與有機蔬果行情' 的 Metadata 成功。
2025-11-11 01:31:44,914 - SUCCESS - 插入或更新 '產銷履歷與有機蔬果行情' 的 Metadata 成功。
2025-11-11 01:31:44,966 - SUCCESS - 已成功批量插入 '產銷履歷與有機蔬果行情' 的總計 91 條記錄到表格 '1040003' 。
2025-11-11 01:31:44,966 - SUCCESS - 已成功批量插入 '產銷履歷與有機蔬果行情' 的總計 91 條記錄到表格 '1040003' 。
2025-11-11 01:31:45,027 - SUCCESS - '產銷履歷與有機蔬果行情' 的自動更新完成。
2025-11-11 01:31:45,027 - SUCCESS - '產銷履歷與有機蔬果行情' 的自動更新完成。
2025-11-11 01:31:46,522 - SUCCESS - 成功提取 '糧價查詢' 的網頁 Metadata。
2025-11-11 01:31:46,522 - SUCCESS - 成功提取 '糧價查詢' 的網頁 Metadata。
2025-11-11 01:31:46,544 - SUCCESS - '糧價查詢' 的 Metadata 已更新到 metadata.json。
2025-11-11 01:31:46,544 - SUCCESS - '糧價查詢' 的 Metadata 已更新到 metadata.json。
2025-11-11 01:31:50,234 - SUCCESS - <糧價查詢>的資料已下載完成，共 9999 筆資料。
2025-11-11 01:31:50,234 - SUCCESS - <糧價查詢>的資料已下載完成，共 9999 筆資料。
2025-11-11 01:32:05,078 - SUCCESS - 已下載、去重並合併資料完成現有資料 240491 條，新資料 40 條。
2025-11-11 01:32:05,078 - SUCCESS - 已下載、去重並合併資料完成現有資料 240491 條，新資料 40 條。
2025-11-11 01:32:06,173 - SUCCESS - 已下載 '糧價查詢' 的原始 JSON 資料路徑: 'C:\Python\data_moa_gov_tw\raw_data\糧價查詢\糧價查詢.json'
2025-11-11 01:32:06,173 - SUCCESS - 已下載 '糧價查詢' 的原始 JSON 資料路徑: 'C:\Python\data_moa_gov_tw\raw_data\糧價查詢\糧價查詢.json'
2025-11-11 01:32:06,176 - SUCCESS - 插入或更新 '糧價查詢' 的 Metadata 成功。
2025-11-11 01:32:06,176 - SUCCESS - 插入或更新 '糧價查詢' 的 Metadata 成功。
2025-11-11 01:32:06,198 - SUCCESS - 已成功批量插入 '糧價查詢' 的總計 40 條記錄到表格 '1040004' 。
2025-11-11 01:32:06,198 - SUCCESS - 已成功批量插入 '糧價查詢' 的總計 40 條記錄到表格 '1040004' 。
2025-11-11 01:32:06,312 - SUCCESS - '糧價查詢' 的自動更新完成。
2025-11-11 01:32:06,312 - SUCCESS - '糧價查詢' 的自動更新完成。
2025-11-11 01:32:07,766 - SUCCESS - 成功提取 '臺灣地區果品生產概況' 的網頁 Metadata。
2025-11-11 01:32:07,766 - SUCCESS - 成功提取 '臺灣地區果品生產概況' 的網頁 Metadata。
2025-11-11 01:32:09,225 - SUCCESS - 成功提取 '臺灣地區特用作物生產概況' 的網頁 Metadata。
2025-11-11 01:32:09,225 - SUCCESS - 成功提取 '臺灣地區特用作物生產概況' 的網頁 Metadata。
2025-11-11 01:32:10,592 - SUCCESS - 成功提取 '臺灣地區稻作種植、收穫面積及產量' 的網頁 Metadata。
2025-11-11 01:32:10,592 - SUCCESS - 成功提取 '臺灣地區稻作種植、收穫面積及產量' 的網頁 Metadata。
2025-11-11 01:32:12,102 - SUCCESS - 成功提取 '臺灣地區稻米生產價值' 的網頁 Metadata。
2025-11-11 01:32:12,102 - SUCCESS - 成功提取 '臺灣地區稻米生產價值' 的網頁 Metadata。
2025-11-11 01:32:13,352 - SUCCESS - 成功提取 '臺灣地區蔬菜生產概況' 的網頁 Metadata。
2025-11-11 01:32:13,352 - SUCCESS - 成功提取 '臺灣地區蔬菜生產概況' 的網頁 Metadata。
2025-11-11 01:32:14,568 - SUCCESS - 成功提取 '臺灣地區農產品生產量值' 的網頁 Metadata。
2025-11-11 01:32:14,568 - SUCCESS - 成功提取 '臺灣地區農產品生產量值' 的網頁 Metadata。
2025-11-11 01:32:15,883 - SUCCESS - 成功提取 '農情調查' 的網頁 Metadata。
2025-11-11 01:32:15,883 - SUCCESS - 成功提取 '農情調查' 的網頁 Metadata。
2025-11-11 01:32:15,914 - SUCCESS - '農情調查' 的 Metadata 已更新到 metadata.json。
2025-11-11 01:32:15,914 - SUCCESS - '農情調查' 的 Metadata 已更新到 metadata.json。
2025-11-11 01:32:18,929 - SUCCESS - <農情調查>的資料已下載完成，共 9999 筆資料。
2025-11-11 01:32:18,929 - SUCCESS - <農情調查>的資料已下載完成，共 9999 筆資料。
2025-11-11 01:32:19,977 - SUCCESS - 已下載、去重並合併資料完成現有資料 45259 條，新資料 0 條。
2025-11-11 01:32:19,977 - SUCCESS - 已下載、去重並合併資料完成現有資料 45259 條，新資料 0 條。
2025-11-11 01:32:20,278 - SUCCESS - 插入或更新 '農情調查' 的 Metadata 成功。
2025-11-11 01:32:20,278 - SUCCESS - 插入或更新 '農情調查' 的 Metadata 成功。
2025-11-11 01:32:20,292 - SUCCESS - '農情調查' 的自動更新完成。
2025-11-11 01:32:20,292 - SUCCESS - '農情調查' 的自動更新完成。
2025-11-11 01:32:21,728 - SUCCESS - 成功提取 '農產品交易行情' 的網頁 Metadata。
2025-11-11 01:32:21,728 - SUCCESS - 成功提取 '農產品交易行情' 的網頁 Metadata。
2025-11-11 01:32:21,763 - SUCCESS - '農產品交易行情' 的 Metadata 已更新到 metadata.json。
2025-11-11 01:32:21,763 - SUCCESS - '農產品交易行情' 的 Metadata 已更新到 metadata.json。
2025-11-11 01:32:47,518 - SUCCESS - <農產品交易行情>的資料已下載完成，共 6172 筆資料。
2025-11-11 01:32:47,518 - SUCCESS - <農產品交易行情>的資料已下載完成，共 6172 筆資料。
2025-11-11 01:33:07,590 - SUCCESS - 已下載、去重並合併資料完成現有資料 419895 條，新資料 1699 條。
2025-11-11 01:33:07,590 - SUCCESS - 已下載、去重並合併資料完成現有資料 419895 條，新資料 1699 條。
2025-11-11 01:33:09,630 - SUCCESS - 已下載 '農產品交易行情' 的原始 JSON 資料路徑: 'C:\Python\data_moa_gov_tw\raw_data\農產品交易行情\農產品交易行情.json'
2025-11-11 01:33:09,630 - SUCCESS - 已下載 '農產品交易行情' 的原始 JSON 資料路徑: 'C:\Python\data_moa_gov_tw\raw_data\農產品交易行情\農產品交易行情.json'
2025-11-11 01:33:09,638 - SUCCESS - 插入或更新 '農產品交易行情' 的 Metadata 成功。
2025-11-11 01:33:09,638 - SUCCESS - 插入或更新 '農產品交易行情' 的 Metadata 成功。
2025-11-11 01:33:10,340 - SUCCESS - 已成功批量插入 '農產品交易行情' 的總計 1699 條記錄到表格 '1040012' 。
2025-11-11 01:33:10,340 - SUCCESS - 已成功批量插入 '農產品交易行情' 的總計 1699 條記錄到表格 '1040012' 。
2025-11-11 01:33:10,499 - SUCCESS - '農產品交易行情' 的自動更新完成。
2025-11-11 01:33:10,499 - SUCCESS - '農產品交易行情' 的自動更新完成。
2025-11-11 01:33:11,971 - SUCCESS - 成功提取 '農產品產地價格(月平均價格)' 的網頁 Metadata。
2025-11-11 01:33:11,971 - SUCCESS - 成功提取 '農產品產地價格(月平均價格)' 的網頁 Metadata。
2025-11-11 01:33:13,226 - SUCCESS - 成功提取 '農產品產地價格資料' 的網頁 Metadata。
2025-11-11 01:33:13,226 - SUCCESS - 成功提取 '農產品產地價格資料' 的網頁 Metadata。
2025-11-11 01:33:13,254 - SUCCESS - '農產品產地價格資料' 的 Metadata 已更新到 metadata.json。
2025-11-11 01:33:13,254 - SUCCESS - '農產品產地價格資料' 的 Metadata 已更新到 metadata.json。
2025-11-11 01:33:13,853 - SUCCESS - <農產品產地價格資料>的資料已下載完成，共 9999 筆資料。
2025-11-11 01:33:13,853 - SUCCESS - <農產品產地價格資料>的資料已下載完成，共 9999 筆資料。
2025-11-11 01:33:58,244 - SUCCESS - 已下載、去重並合併資料完成現有資料 345777 條，新資料 1805 條。
2025-11-11 01:33:58,244 - SUCCESS - 已下載、去重並合併資料完成現有資料 345777 條，新資料 1805 條。
2025-11-11 01:34:00,251 - SUCCESS - 已下載 '農產品產地價格資料' 的原始 JSON 資料路徑: 'C:\Python\data_moa_gov_tw\raw_data\農產品產地價格資料\農產品產地價格資料.json'
2025-11-11 01:34:00,251 - SUCCESS - 已下載 '農產品產地價格資料' 的原始 JSON 資料路徑: 'C:\Python\data_moa_gov_tw\raw_data\農產品產地價格資料\農產品產地價格資料.json'
2025-11-11 01:34:00,254 - SUCCESS - 插入或更新 '農產品產地價格資料' 的 Metadata 成功。
2025-11-11 01:34:00,254 - SUCCESS - 插入或更新 '農產品產地價格資料' 的 Metadata 成功。
2025-11-11 01:34:00,942 - SUCCESS - 已成功批量插入 '農產品產地價格資料' 的總計 1805 條記錄到表格 '1040014' 。
2025-11-11 01:34:00,942 - SUCCESS - 已成功批量插入 '農產品產地價格資料' 的總計 1805 條記錄到表格 '1040014' 。
2025-11-11 01:34:01,018 - SUCCESS - '農產品產地價格資料' 的自動更新完成。
2025-11-11 01:34:01,018 - SUCCESS - '農產品產地價格資料' 的自動更新完成。
2025-11-11 01:34:02,386 - SUCCESS - 成功提取 '雜糧生產概況' 的網頁 Metadata。
2025-11-11 01:34:02,386 - SUCCESS - 成功提取 '雜糧生產概況' 的網頁 Metadata。
2025-11-11 01:34:03,388 - SUCCESS - 已成功儲存次要資訊。
2025-11-11 01:34:03,388 - SUCCESS - 已成功儲存次要資訊。
2025-11-11 01:34:03,388 - SUCCESS - 更新結果儲存成功:{'全國單日平均糧價': '已更新', '各觀測站近兩年降雨量': '未更新', '產銷履歷與有機蔬果行情': '已更新', '糧價查詢': '已更新', '臺灣地區果品生產概況': '未更新', '臺灣地區特用作物生產概況': '未更新', '臺灣地區稻作種植、收穫面積及產量': '未更新', '臺灣地區稻米生產價值': '未更新', '臺灣地區蔬菜生產概況': '未更新', '臺灣地區農產品生產量值': '未更新', '農情調查': '已更新', '農產品交易行情': '已更新', '農產品產地價格(月平均價格)': '未更新', '農產品產地價格資料': '已更新', '雜糧生產概況': '未更新'}
2025-11-11 01:34:03,388 - SUCCESS - 更新結果儲存成功:{'全國單日平均糧價': '已更新', '各觀測站近兩年降雨量': '未更新', '產銷履歷與有機蔬果行情': '已更新', '糧價查詢': '已更新', '臺灣地區果品生產概況': '未更新', '臺灣地區特用作物生產概況': '未更新', '臺灣地區稻作種植、收穫面積及產量': '未更新', '臺灣地區稻米生產價值': '未更新', '臺灣地區蔬菜生產概況': '未更新', '臺灣地區農產品生產量值': '未更新', '農情調查': '已更新', '農產品交易行情': '已更新', '農產品產地價格(月平均價格)': '未更新', '農產品產地價格資料': '已更新', '雜糧生產概況': '未更新'}
