2025-12-16 22:06:53,347 - SUCCESS - 成功提取 '全國單日平均糧價' 的網頁 Metadata。
2025-12-16 22:06:53,347 - SUCCESS - 成功提取 '全國單日平均糧價' 的網頁 Metadata。
2025-12-16 22:06:53,411 - SUCCESS - '全國單日平均糧價' 的 Metadata 已更新到 metadata.json。
2025-12-16 22:06:53,411 - SUCCESS - '全國單日平均糧價' 的 Metadata 已更新到 metadata.json。
2025-12-16 22:06:55,222 - SUCCESS - <全國單日平均糧價>的資料已下載完成，共 9135 筆資料。
2025-12-16 22:06:55,222 - SUCCESS - <全國單日平均糧價>的資料已下載完成，共 9135 筆資料。
2025-12-16 22:06:56,583 - SUCCESS - 已下載、去重並合併資料完成現有資料 9135 條，新資料 0 條。
2025-12-16 22:06:56,583 - SUCCESS - 已下載、去重並合併資料完成現有資料 9135 條，新資料 0 條。
2025-12-16 22:06:56,700 - SUCCESS - 插入或更新 '全國單日平均糧價' 的 Metadata 成功。
2025-12-16 22:06:56,700 - SUCCESS - 插入或更新 '全國單日平均糧價' 的 Metadata 成功。
2025-12-16 22:06:56,707 - SUCCESS - '全國單日平均糧價' 的自動更新完成。
2025-12-16 22:06:56,707 - SUCCESS - '全國單日平均糧價' 的自動更新完成。
2025-12-16 22:06:58,839 - SUCCESS - 成功提取 '各觀測站近兩年降雨量' 的網頁 Metadata。
2025-12-16 22:06:58,839 - SUCCESS - 成功提取 '各觀測站近兩年降雨量' 的網頁 Metadata。
2025-12-16 22:07:00,191 - SUCCESS - 成功提取 '產銷履歷與有機蔬果行情' 的網頁 Metadata。
2025-12-16 22:07:00,191 - SUCCESS - 成功提取 '產銷履歷與有機蔬果行情' 的網頁 Metadata。
2025-12-16 22:07:00,285 - SUCCESS - '產銷履歷與有機蔬果行情' 的 Metadata 已更新到 metadata.json。
2025-12-16 22:07:00,285 - SUCCESS - '產銷履歷與有機蔬果行情' 的 Metadata 已更新到 metadata.json。
2025-12-16 22:07:04,886 - SUCCESS - <產銷履歷與有機蔬果行情>的資料已下載完成，共 2490 筆資料。
2025-12-16 22:07:04,886 - SUCCESS - <產銷履歷與有機蔬果行情>的資料已下載完成，共 2490 筆資料。
2025-12-16 22:07:36,184 - SUCCESS - 已下載、去重並合併資料完成現有資料 278106 條，新資料 2388 條。
2025-12-16 22:07:36,184 - SUCCESS - 已下載、去重並合併資料完成現有資料 278106 條，新資料 2388 條。
2025-12-16 22:07:38,625 - SUCCESS - 已下載 '產銷履歷與有機蔬果行情' 的原始 JSON 資料路徑: 'C:\Python\data_moa_gov_tw\raw_data\產銷履歷與有機蔬果行情\產銷履歷與有機蔬果行情.json'
2025-12-16 22:07:38,625 - SUCCESS - 已下載 '產銷履歷與有機蔬果行情' 的原始 JSON 資料路徑: 'C:\Python\data_moa_gov_tw\raw_data\產銷履歷與有機蔬果行情\產銷履歷與有機蔬果行情.json'
2025-12-16 22:07:38,635 - SUCCESS - 插入或更新 '產銷履歷與有機蔬果行情' 的 Metadata 成功。
2025-12-16 22:07:38,635 - SUCCESS - 插入或更新 '產銷履歷與有機蔬果行情' 的 Metadata 成功。
2025-12-16 22:07:40,569 - SUCCESS - 已成功批量插入 '產銷履歷與有機蔬果行情' 的總計 2388 條記錄到表格 '1040003' 。
2025-12-16 22:07:40,569 - SUCCESS - 已成功批量插入 '產銷履歷與有機蔬果行情' 的總計 2388 條記錄到表格 '1040003' 。
2025-12-16 22:07:40,710 - SUCCESS - '產銷履歷與有機蔬果行情' 的自動更新完成。
2025-12-16 22:07:40,710 - SUCCESS - '產銷履歷與有機蔬果行情' 的自動更新完成。
2025-12-16 22:07:41,939 - SUCCESS - 成功提取 '糧價查詢' 的網頁 Metadata。
2025-12-16 22:07:41,939 - SUCCESS - 成功提取 '糧價查詢' 的網頁 Metadata。
2025-12-16 22:07:41,982 - SUCCESS - '糧價查詢' 的 Metadata 已更新到 metadata.json。
2025-12-16 22:07:41,982 - SUCCESS - '糧價查詢' 的 Metadata 已更新到 metadata.json。
2025-12-16 22:07:43,854 - SUCCESS - <糧價查詢>的資料已下載完成，共 9999 筆資料。
2025-12-16 22:07:43,854 - SUCCESS - <糧價查詢>的資料已下載完成，共 9999 筆資料。
2025-12-16 22:07:44,959 - SUCCESS - 已下載、去重並合併資料完成現有資料 10239 條，新資料 20 條。
2025-12-16 22:07:44,959 - SUCCESS - 已下載、去重並合併資料完成現有資料 10239 條，新資料 20 條。
2025-12-16 22:07:46,103 - SUCCESS - 已下載 '糧價查詢' 的原始 JSON 資料路徑: 'C:\Python\data_moa_gov_tw\raw_data\糧價查詢\糧價查詢.json'
2025-12-16 22:07:46,103 - SUCCESS - 已下載 '糧價查詢' 的原始 JSON 資料路徑: 'C:\Python\data_moa_gov_tw\raw_data\糧價查詢\糧價查詢.json'
2025-12-16 22:07:46,110 - SUCCESS - 插入或更新 '糧價查詢' 的 Metadata 成功。
2025-12-16 22:07:46,110 - SUCCESS - 插入或更新 '糧價查詢' 的 Metadata 成功。
2025-12-16 22:07:46,136 - SUCCESS - 已成功批量插入 '糧價查詢' 的總計 20 條記錄到表格 '1040004' 。
2025-12-16 22:07:46,136 - SUCCESS - 已成功批量插入 '糧價查詢' 的總計 20 條記錄到表格 '1040004' 。
2025-12-16 22:07:46,144 - SUCCESS - '糧價查詢' 的自動更新完成。
2025-12-16 22:07:46,144 - SUCCESS - '糧價查詢' 的自動更新完成。
2025-12-16 22:07:47,398 - SUCCESS - 成功提取 '臺灣地區果品生產概況' 的網頁 Metadata。
2025-12-16 22:07:47,398 - SUCCESS - 成功提取 '臺灣地區果品生產概況' 的網頁 Metadata。
2025-12-16 22:07:48,593 - SUCCESS - 成功提取 '臺灣地區特用作物生產概況' 的網頁 Metadata。
2025-12-16 22:07:48,593 - SUCCESS - 成功提取 '臺灣地區特用作物生產概況' 的網頁 Metadata。
2025-12-16 22:07:49,786 - SUCCESS - 成功提取 '臺灣地區稻作種植、收穫面積及產量' 的網頁 Metadata。
2025-12-16 22:07:49,786 - SUCCESS - 成功提取 '臺灣地區稻作種植、收穫面積及產量' 的網頁 Metadata。
2025-12-16 22:07:50,969 - SUCCESS - 成功提取 '臺灣地區稻米生產價值' 的網頁 Metadata。
2025-12-16 22:07:50,969 - SUCCESS - 成功提取 '臺灣地區稻米生產價值' 的網頁 Metadata。
2025-12-16 22:07:52,211 - SUCCESS - 成功提取 '臺灣地區蔬菜生產概況' 的網頁 Metadata。
2025-12-16 22:07:52,211 - SUCCESS - 成功提取 '臺灣地區蔬菜生產概況' 的網頁 Metadata。
2025-12-16 22:07:53,379 - SUCCESS - 成功提取 '臺灣地區農產品生產量值' 的網頁 Metadata。
2025-12-16 22:07:53,379 - SUCCESS - 成功提取 '臺灣地區農產品生產量值' 的網頁 Metadata。
2025-12-16 22:07:54,576 - SUCCESS - 成功提取 '農情調查' 的網頁 Metadata。
2025-12-16 22:07:54,576 - SUCCESS - 成功提取 '農情調查' 的網頁 Metadata。
2025-12-16 22:07:54,623 - SUCCESS - '農情調查' 的 Metadata 已更新到 metadata.json。
2025-12-16 22:07:54,623 - SUCCESS - '農情調查' 的 Metadata 已更新到 metadata.json。
2025-12-16 22:07:57,233 - SUCCESS - <農情調查>的資料已下載完成，共 9999 筆資料。
2025-12-16 22:07:57,233 - SUCCESS - <農情調查>的資料已下載完成，共 9999 筆資料。
2025-12-16 22:07:58,757 - SUCCESS - 已下載、去重並合併資料完成現有資料 45259 條，新資料 0 條。
2025-12-16 22:07:58,757 - SUCCESS - 已下載、去重並合併資料完成現有資料 45259 條，新資料 0 條。
2025-12-16 22:07:59,189 - SUCCESS - 插入或更新 '農情調查' 的 Metadata 成功。
2025-12-16 22:07:59,189 - SUCCESS - 插入或更新 '農情調查' 的 Metadata 成功。
2025-12-16 22:07:59,211 - SUCCESS - '農情調查' 的自動更新完成。
2025-12-16 22:07:59,211 - SUCCESS - '農情調查' 的自動更新完成。
2025-12-16 22:08:00,412 - SUCCESS - 成功提取 '農產品交易行情' 的網頁 Metadata。
2025-12-16 22:08:00,412 - SUCCESS - 成功提取 '農產品交易行情' 的網頁 Metadata。
2025-12-16 22:08:00,465 - SUCCESS - '農產品交易行情' 的 Metadata 已更新到 metadata.json。
2025-12-16 22:08:00,465 - SUCCESS - '農產品交易行情' 的 Metadata 已更新到 metadata.json。
2025-12-16 22:08:11,243 - SUCCESS - <農產品交易行情>的資料已下載完成，共 11080 筆資料。
2025-12-16 22:08:11,243 - SUCCESS - <農產品交易行情>的資料已下載完成，共 11080 筆資料。
2025-12-16 22:08:49,247 - SUCCESS - 已下載、去重並合併資料完成現有資料 525807 條，新資料 3886 條。
2025-12-16 22:08:49,247 - SUCCESS - 已下載、去重並合併資料完成現有資料 525807 條，新資料 3886 條。
2025-12-16 22:08:53,230 - SUCCESS - 已下載 '農產品交易行情' 的原始 JSON 資料路徑: 'C:\Python\data_moa_gov_tw\raw_data\農產品交易行情\農產品交易行情.json'
2025-12-16 22:08:53,230 - SUCCESS - 已下載 '農產品交易行情' 的原始 JSON 資料路徑: 'C:\Python\data_moa_gov_tw\raw_data\農產品交易行情\農產品交易行情.json'
2025-12-16 22:08:53,236 - SUCCESS - 插入或更新 '農產品交易行情' 的 Metadata 成功。
2025-12-16 22:08:53,236 - SUCCESS - 插入或更新 '農產品交易行情' 的 Metadata 成功。
2025-12-16 22:08:56,330 - SUCCESS - 已成功批量插入 '農產品交易行情' 的總計 3886 條記錄到表格 '1040012' 。
2025-12-16 22:08:56,330 - SUCCESS - 已成功批量插入 '農產品交易行情' 的總計 3886 條記錄到表格 '1040012' 。
2025-12-16 22:08:56,647 - SUCCESS - '農產品交易行情' 的自動更新完成。
2025-12-16 22:08:56,647 - SUCCESS - '農產品交易行情' 的自動更新完成。
2025-12-16 22:08:58,430 - SUCCESS - 成功提取 '農產品產地價格(月平均價格)' 的網頁 Metadata。
2025-12-16 22:08:58,430 - SUCCESS - 成功提取 '農產品產地價格(月平均價格)' 的網頁 Metadata。
2025-12-16 22:08:59,792 - SUCCESS - 成功提取 '農產品產地價格資料' 的網頁 Metadata。
2025-12-16 22:08:59,792 - SUCCESS - 成功提取 '農產品產地價格資料' 的網頁 Metadata。
2025-12-16 22:09:01,005 - SUCCESS - 成功提取 '雜糧生產概況' 的網頁 Metadata。
2025-12-16 22:09:01,005 - SUCCESS - 成功提取 '雜糧生產概況' 的網頁 Metadata。
2025-12-16 22:09:02,021 - SUCCESS - 已成功儲存次要資訊。
2025-12-16 22:09:02,021 - SUCCESS - 已成功儲存次要資訊。
2025-12-16 22:09:02,022 - SUCCESS - 更新結果儲存成功:{'全國單日平均糧價': '已更新', '各觀測站近兩年降雨量': '未更新', '產銷履歷與有機蔬果行情': '已更新', '糧價查詢': '已更新', '臺灣地區果品生產概況': '未更新', '臺灣地區特用作物生產概況': '未更新', '臺灣地區稻作種植、收穫面積及產量': '未更新', '臺灣地區稻米生產價值': '未更新', '臺灣地區蔬菜生產概況': '未更新', '臺灣地區農產品生產量值': '未更新', '農情調查': '已更新', '農產品交易行情': '已更新', '農產品產地價格(月平均價格)': '未更新', '農產品產地價格資料': '未更新', '雜糧生產概況': '未更新'}
2025-12-16 22:09:02,022 - SUCCESS - 更新結果儲存成功:{'全國單日平均糧價': '已更新', '各觀測站近兩年降雨量': '未更新', '產銷履歷與有機蔬果行情': '已更新', '糧價查詢': '已更新', '臺灣地區果品生產概況': '未更新', '臺灣地區特用作物生產概況': '未更新', '臺灣地區稻作種植、收穫面積及產量': '未更新', '臺灣地區稻米生產價值': '未更新', '臺灣地區蔬菜生產概況': '未更新', '臺灣地區農產品生產量值': '未更新', '農情調查': '已更新', '農產品交易行情': '已更新', '農產品產地價格(月平均價格)': '未更新', '農產品產地價格資料': '未更新', '雜糧生產概況': '未更新'}
