2025-11-04 01:41:47,349 - SUCCESS - 成功提取 '全國單日平均糧價' 的網頁 Metadata。
2025-11-04 01:41:47,349 - SUCCESS - 成功提取 '全國單日平均糧價' 的網頁 Metadata。
2025-11-04 01:41:47,413 - SUCCESS - '全國單日平均糧價' 的 Metadata 已更新到 metadata.json。
2025-11-04 01:41:47,413 - SUCCESS - '全國單日平均糧價' 的 Metadata 已更新到 metadata.json。
2025-11-04 01:41:49,237 - SUCCESS - <全國單日平均糧價>的資料已下載完成，共 9093 筆資料。
2025-11-04 01:41:49,237 - SUCCESS - <全國單日平均糧價>的資料已下載完成，共 9093 筆資料。
2025-11-04 01:41:50,034 - SUCCESS - 已下載、去重並合併資料完成現有資料 9093 條，新資料 2 條。
2025-11-04 01:41:50,034 - SUCCESS - 已下載、去重並合併資料完成現有資料 9093 條，新資料 2 條。
2025-11-04 01:41:50,083 - SUCCESS - 已下載 '全國單日平均糧價' 的原始 JSON 資料路徑: 'C:\Python\data_moa_gov_tw\raw_data\全國單日平均糧價\全國單日平均糧價.json'
2025-11-04 01:41:50,083 - SUCCESS - 已下載 '全國單日平均糧價' 的原始 JSON 資料路徑: 'C:\Python\data_moa_gov_tw\raw_data\全國單日平均糧價\全國單日平均糧價.json'
2025-11-04 01:41:50,104 - SUCCESS - 插入或更新 '全國單日平均糧價' 的 Metadata 成功。
2025-11-04 01:41:50,104 - SUCCESS - 插入或更新 '全國單日平均糧價' 的 Metadata 成功。
2025-11-04 01:41:50,115 - SUCCESS - 已成功批量插入 '全國單日平均糧價' 的總計 2 條記錄到表格 '1040001' 。
2025-11-04 01:41:50,115 - SUCCESS - 已成功批量插入 '全國單日平均糧價' 的總計 2 條記錄到表格 '1040001' 。
2025-11-04 01:41:50,120 - SUCCESS - '全國單日平均糧價' 的自動更新完成。
2025-11-04 01:41:50,120 - SUCCESS - '全國單日平均糧價' 的自動更新完成。
2025-11-04 01:41:51,833 - SUCCESS - 成功提取 '各觀測站近兩年降雨量' 的網頁 Metadata。
2025-11-04 01:41:51,833 - SUCCESS - 成功提取 '各觀測站近兩年降雨量' 的網頁 Metadata。
2025-11-04 01:41:53,684 - SUCCESS - 成功提取 '產銷履歷與有機蔬果行情' 的網頁 Metadata。
2025-11-04 01:41:53,684 - SUCCESS - 成功提取 '產銷履歷與有機蔬果行情' 的網頁 Metadata。
2025-11-04 01:41:53,719 - SUCCESS - '產銷履歷與有機蔬果行情' 的 Metadata 已更新到 metadata.json。
2025-11-04 01:41:53,719 - SUCCESS - '產銷履歷與有機蔬果行情' 的 Metadata 已更新到 metadata.json。
2025-11-04 01:41:57,506 - SUCCESS - <產銷履歷與有機蔬果行情>的資料已下載完成，共 2262 筆資料。
2025-11-04 01:41:57,506 - SUCCESS - <產銷履歷與有機蔬果行情>的資料已下載完成，共 2262 筆資料。
2025-11-04 01:42:12,733 - SUCCESS - 已下載、去重並合併資料完成現有資料 197573 條，新資料 67 條。
2025-11-04 01:42:12,733 - SUCCESS - 已下載、去重並合併資料完成現有資料 197573 條，新資料 67 條。
2025-11-04 01:42:13,830 - SUCCESS - 已下載 '產銷履歷與有機蔬果行情' 的原始 JSON 資料路徑: 'C:\Python\data_moa_gov_tw\raw_data\產銷履歷與有機蔬果行情\產銷履歷與有機蔬果行情.json'
2025-11-04 01:42:13,830 - SUCCESS - 已下載 '產銷履歷與有機蔬果行情' 的原始 JSON 資料路徑: 'C:\Python\data_moa_gov_tw\raw_data\產銷履歷與有機蔬果行情\產銷履歷與有機蔬果行情.json'
2025-11-04 01:42:13,837 - SUCCESS - 插入或更新 '產銷履歷與有機蔬果行情' 的 Metadata 成功。
2025-11-04 01:42:13,837 - SUCCESS - 插入或更新 '產銷履歷與有機蔬果行情' 的 Metadata 成功。
2025-11-04 01:42:13,883 - SUCCESS - 已成功批量插入 '產銷履歷與有機蔬果行情' 的總計 67 條記錄到表格 '1040003' 。
2025-11-04 01:42:13,883 - SUCCESS - 已成功批量插入 '產銷履歷與有機蔬果行情' 的總計 67 條記錄到表格 '1040003' 。
2025-11-04 01:42:13,941 - SUCCESS - '產銷履歷與有機蔬果行情' 的自動更新完成。
2025-11-04 01:42:13,941 - SUCCESS - '產銷履歷與有機蔬果行情' 的自動更新完成。
2025-11-04 01:42:17,059 - SUCCESS - 成功提取 '糧價查詢' 的網頁 Metadata。
2025-11-04 01:42:17,059 - SUCCESS - 成功提取 '糧價查詢' 的網頁 Metadata。
2025-11-04 01:42:19,783 - SUCCESS - 成功提取 '臺灣地區果品生產概況' 的網頁 Metadata。
2025-11-04 01:42:19,783 - SUCCESS - 成功提取 '臺灣地區果品生產概況' 的網頁 Metadata。
2025-11-04 01:42:22,601 - SUCCESS - 成功提取 '臺灣地區特用作物生產概況' 的網頁 Metadata。
2025-11-04 01:42:22,601 - SUCCESS - 成功提取 '臺灣地區特用作物生產概況' 的網頁 Metadata。
2025-11-04 01:42:24,168 - SUCCESS - 成功提取 '臺灣地區稻作種植、收穫面積及產量' 的網頁 Metadata。
2025-11-04 01:42:24,168 - SUCCESS - 成功提取 '臺灣地區稻作種植、收穫面積及產量' 的網頁 Metadata。
2025-11-04 01:42:26,618 - SUCCESS - 成功提取 '臺灣地區稻米生產價值' 的網頁 Metadata。
2025-11-04 01:42:26,618 - SUCCESS - 成功提取 '臺灣地區稻米生產價值' 的網頁 Metadata。
2025-11-04 01:42:30,707 - SUCCESS - 成功提取 '臺灣地區蔬菜生產概況' 的網頁 Metadata。
2025-11-04 01:42:30,707 - SUCCESS - 成功提取 '臺灣地區蔬菜生產概況' 的網頁 Metadata。
2025-11-04 01:42:32,451 - SUCCESS - 成功提取 '臺灣地區農產品生產量值' 的網頁 Metadata。
2025-11-04 01:42:32,451 - SUCCESS - 成功提取 '臺灣地區農產品生產量值' 的網頁 Metadata。
2025-11-04 01:42:34,124 - SUCCESS - 成功提取 '農情調查' 的網頁 Metadata。
2025-11-04 01:42:34,124 - SUCCESS - 成功提取 '農情調查' 的網頁 Metadata。
2025-11-04 01:42:34,146 - SUCCESS - '農情調查' 的 Metadata 已更新到 metadata.json。
2025-11-04 01:42:34,146 - SUCCESS - '農情調查' 的 Metadata 已更新到 metadata.json。
2025-11-04 01:42:39,557 - SUCCESS - <農情調查>的資料已下載完成，共 9999 筆資料。
2025-11-04 01:42:39,557 - SUCCESS - <農情調查>的資料已下載完成，共 9999 筆資料。
2025-11-04 01:42:40,716 - SUCCESS - 已下載、去重並合併資料完成現有資料 45259 條，新資料 0 條。
2025-11-04 01:42:40,716 - SUCCESS - 已下載、去重並合併資料完成現有資料 45259 條，新資料 0 條。
2025-11-04 01:42:41,028 - SUCCESS - 插入或更新 '農情調查' 的 Metadata 成功。
2025-11-04 01:42:41,028 - SUCCESS - 插入或更新 '農情調查' 的 Metadata 成功。
2025-11-04 01:42:41,043 - SUCCESS - '農情調查' 的自動更新完成。
2025-11-04 01:42:41,043 - SUCCESS - '農情調查' 的自動更新完成。
2025-11-04 01:42:43,161 - SUCCESS - 成功提取 '農產品交易行情' 的網頁 Metadata。
2025-11-04 01:42:43,161 - SUCCESS - 成功提取 '農產品交易行情' 的網頁 Metadata。
2025-11-04 01:42:43,191 - SUCCESS - '農產品交易行情' 的 Metadata 已更新到 metadata.json。
2025-11-04 01:42:43,191 - SUCCESS - '農產品交易行情' 的 Metadata 已更新到 metadata.json。
2025-11-04 01:42:57,443 - SUCCESS - <農產品交易行情>的資料已下載完成，共 7503 筆資料。
2025-11-04 01:42:57,443 - SUCCESS - <農產品交易行情>的資料已下載完成，共 7503 筆資料。
2025-11-04 01:43:15,588 - SUCCESS - 已下載、去重並合併資料完成現有資料 399976 條，新資料 875 條。
2025-11-04 01:43:15,588 - SUCCESS - 已下載、去重並合併資料完成現有資料 399976 條，新資料 875 條。
2025-11-04 01:43:17,557 - SUCCESS - 已下載 '農產品交易行情' 的原始 JSON 資料路徑: 'C:\Python\data_moa_gov_tw\raw_data\農產品交易行情\農產品交易行情.json'
2025-11-04 01:43:17,557 - SUCCESS - 已下載 '農產品交易行情' 的原始 JSON 資料路徑: 'C:\Python\data_moa_gov_tw\raw_data\農產品交易行情\農產品交易行情.json'
2025-11-04 01:43:17,562 - SUCCESS - 插入或更新 '農產品交易行情' 的 Metadata 成功。
2025-11-04 01:43:17,562 - SUCCESS - 插入或更新 '農產品交易行情' 的 Metadata 成功。
2025-11-04 01:43:17,928 - SUCCESS - 已成功批量插入 '農產品交易行情' 的總計 875 條記錄到表格 '1040012' 。
2025-11-04 01:43:17,928 - SUCCESS - 已成功批量插入 '農產品交易行情' 的總計 875 條記錄到表格 '1040012' 。
2025-11-04 01:43:18,093 - SUCCESS - '農產品交易行情' 的自動更新完成。
2025-11-04 01:43:18,093 - SUCCESS - '農產品交易行情' 的自動更新完成。
2025-11-04 01:43:21,003 - SUCCESS - 成功提取 '農產品產地價格(月平均價格)' 的網頁 Metadata。
2025-11-04 01:43:21,003 - SUCCESS - 成功提取 '農產品產地價格(月平均價格)' 的網頁 Metadata。
2025-11-04 01:43:22,779 - SUCCESS - 成功提取 '農產品產地價格資料' 的網頁 Metadata。
2025-11-04 01:43:22,779 - SUCCESS - 成功提取 '農產品產地價格資料' 的網頁 Metadata。
2025-11-04 01:43:22,812 - SUCCESS - '農產品產地價格資料' 的 Metadata 已更新到 metadata.json。
2025-11-04 01:43:22,812 - SUCCESS - '農產品產地價格資料' 的 Metadata 已更新到 metadata.json。
2025-11-04 01:43:23,525 - SUCCESS - <農產品產地價格資料>的資料已下載完成，共 9999 筆資料。
2025-11-04 01:43:23,525 - SUCCESS - <農產品產地價格資料>的資料已下載完成，共 9999 筆資料。
2025-11-04 01:44:19,724 - SUCCESS - 已下載、去重並合併資料完成現有資料 343947 條，新資料 18 條。
2025-11-04 01:44:19,724 - SUCCESS - 已下載、去重並合併資料完成現有資料 343947 條，新資料 18 條。
2025-11-04 01:44:21,808 - SUCCESS - 已下載 '農產品產地價格資料' 的原始 JSON 資料路徑: 'C:\Python\data_moa_gov_tw\raw_data\農產品產地價格資料\農產品產地價格資料.json'
2025-11-04 01:44:21,808 - SUCCESS - 已下載 '農產品產地價格資料' 的原始 JSON 資料路徑: 'C:\Python\data_moa_gov_tw\raw_data\農產品產地價格資料\農產品產地價格資料.json'
2025-11-04 01:44:21,813 - SUCCESS - 插入或更新 '農產品產地價格資料' 的 Metadata 成功。
2025-11-04 01:44:21,813 - SUCCESS - 插入或更新 '農產品產地價格資料' 的 Metadata 成功。
2025-11-04 01:44:21,835 - SUCCESS - 已成功批量插入 '農產品產地價格資料' 的總計 18 條記錄到表格 '1040014' 。
2025-11-04 01:44:21,835 - SUCCESS - 已成功批量插入 '農產品產地價格資料' 的總計 18 條記錄到表格 '1040014' 。
2025-11-04 01:44:21,920 - SUCCESS - '農產品產地價格資料' 的自動更新完成。
2025-11-04 01:44:21,920 - SUCCESS - '農產品產地價格資料' 的自動更新完成。
2025-11-04 01:44:23,589 - SUCCESS - 成功提取 '雜糧生產概況' 的網頁 Metadata。
2025-11-04 01:44:23,589 - SUCCESS - 成功提取 '雜糧生產概況' 的網頁 Metadata。
2025-11-04 01:44:24,602 - SUCCESS - 已成功儲存次要資訊。
2025-11-04 01:44:24,602 - SUCCESS - 已成功儲存次要資訊。
2025-11-04 01:44:24,603 - SUCCESS - 更新結果儲存成功:{'全國單日平均糧價': '已更新', '各觀測站近兩年降雨量': '未更新', '產銷履歷與有機蔬果行情': '已更新', '糧價查詢': '未更新', '臺灣地區果品生產概況': '未更新', '臺灣地區特用作物生產概況': '未更新', '臺灣地區稻作種植、收穫面積及產量': '未更新', '臺灣地區稻米生產價值': '未更新', '臺灣地區蔬菜生產概況': '未更新', '臺灣地區農產品生產量值': '未更新', '農情調查': '已更新', '農產品交易行情': '已更新', '農產品產地價格(月平均價格)': '未更新', '農產品產地價格資料': '已更新', '雜糧生產概況': '未更新'}
2025-11-04 01:44:24,603 - SUCCESS - 更新結果儲存成功:{'全國單日平均糧價': '已更新', '各觀測站近兩年降雨量': '未更新', '產銷履歷與有機蔬果行情': '已更新', '糧價查詢': '未更新', '臺灣地區果品生產概況': '未更新', '臺灣地區特用作物生產概況': '未更新', '臺灣地區稻作種植、收穫面積及產量': '未更新', '臺灣地區稻米生產價值': '未更新', '臺灣地區蔬菜生產概況': '未更新', '臺灣地區農產品生產量值': '未更新', '農情調查': '已更新', '農產品交易行情': '已更新', '農產品產地價格(月平均價格)': '未更新', '農產品產地價格資料': '已更新', '雜糧生產概況': '未更新'}
