2026-02-23 21:21:45,975 - SUCCESS - 成功提取 '臺灣地區稻作種植、收穫面積及產量' 的網頁 Metadata。
2026-02-23 21:21:45,975 - SUCCESS - 成功提取 '臺灣地區稻作種植、收穫面積及產量' 的網頁 Metadata。
2026-02-23 21:21:47,450 - SUCCESS - 成功提取 '臺灣地區稻米生產價值' 的網頁 Metadata。
2026-02-23 21:21:47,450 - SUCCESS - 成功提取 '臺灣地區稻米生產價值' 的網頁 Metadata。
2026-02-23 21:21:49,111 - SUCCESS - 成功提取 '臺灣地區農產品生產量值' 的網頁 Metadata。
2026-02-23 21:21:49,111 - SUCCESS - 成功提取 '臺灣地區農產品生產量值' 的網頁 Metadata。
2026-02-23 21:21:50,489 - SUCCESS - 成功提取 '雜糧生產概況' 的網頁 Metadata。
2026-02-23 21:21:50,489 - SUCCESS - 成功提取 '雜糧生產概況' 的網頁 Metadata。
2026-02-23 21:21:51,878 - SUCCESS - 成功提取 '農產品產地價格(月平均價格)' 的網頁 Metadata。
2026-02-23 21:21:51,878 - SUCCESS - 成功提取 '農產品產地價格(月平均價格)' 的網頁 Metadata。
2026-02-23 21:21:53,192 - SUCCESS - 成功提取 '臺灣地區蔬菜生產概況' 的網頁 Metadata。
2026-02-23 21:21:53,192 - SUCCESS - 成功提取 '臺灣地區蔬菜生產概況' 的網頁 Metadata。
2026-02-23 21:21:54,563 - SUCCESS - 成功提取 '各觀測站近兩年降雨量' 的網頁 Metadata。
2026-02-23 21:21:54,563 - SUCCESS - 成功提取 '各觀測站近兩年降雨量' 的網頁 Metadata。
2026-02-23 21:21:55,888 - SUCCESS - 成功提取 '臺灣地區果品生產概況' 的網頁 Metadata。
2026-02-23 21:21:55,888 - SUCCESS - 成功提取 '臺灣地區果品生產概況' 的網頁 Metadata。
2026-02-23 21:21:57,238 - SUCCESS - 成功提取 '臺灣地區特用作物生產概況' 的網頁 Metadata。
2026-02-23 21:21:57,238 - SUCCESS - 成功提取 '臺灣地區特用作物生產概況' 的網頁 Metadata。
2026-02-23 21:21:58,479 - SUCCESS - 成功提取 '農產品產地價格資料' 的網頁 Metadata。
2026-02-23 21:21:58,479 - SUCCESS - 成功提取 '農產品產地價格資料' 的網頁 Metadata。
2026-02-23 21:21:58,549 - SUCCESS - '農產品產地價格資料' 的 Metadata 已更新到 metadata.json。
2026-02-23 21:21:58,549 - SUCCESS - '農產品產地價格資料' 的 Metadata 已更新到 metadata.json。
2026-02-23 21:21:59,551 - SUCCESS - <農產品產地價格資料>的資料已下載完成，共 9999 筆資料。
2026-02-23 21:21:59,551 - SUCCESS - <農產品產地價格資料>的資料已下載完成，共 9999 筆資料。
2026-02-23 21:22:00,919 - SUCCESS - 已下載、去重並合併資料完成現有資料 9999 條，新資料 9999 條。
2026-02-23 21:22:00,919 - SUCCESS - 已下載、去重並合併資料完成現有資料 9999 條，新資料 9999 條。
2026-02-23 21:22:02,675 - SUCCESS - 插入或更新 '農產品產地價格資料' 的 Metadata 成功。
2026-02-23 21:22:02,675 - SUCCESS - 插入或更新 '農產品產地價格資料' 的 Metadata 成功。
2026-02-23 21:22:02,680 - SUCCESS - '農產品產地價格資料' 的自動更新完成。
2026-02-23 21:22:02,680 - SUCCESS - '農產品產地價格資料' 的自動更新完成。
2026-02-23 21:22:04,136 - SUCCESS - 成功提取 '糧價查詢' 的網頁 Metadata。
2026-02-23 21:22:04,136 - SUCCESS - 成功提取 '糧價查詢' 的網頁 Metadata。
2026-02-23 21:22:04,208 - SUCCESS - '糧價查詢' 的 Metadata 已更新到 metadata.json。
2026-02-23 21:22:04,208 - SUCCESS - '糧價查詢' 的 Metadata 已更新到 metadata.json。
2026-02-23 21:22:08,029 - SUCCESS - <糧價查詢>的資料已下載完成，共 9999 筆資料。
2026-02-23 21:22:08,029 - SUCCESS - <糧價查詢>的資料已下載完成，共 9999 筆資料。
2026-02-23 21:22:08,260 - SUCCESS - 已下載、去重並合併資料完成現有資料 8380 條，新資料 8380 條。
2026-02-23 21:22:08,260 - SUCCESS - 已下載、去重並合併資料完成現有資料 8380 條，新資料 8380 條。
2026-02-23 21:22:09,235 - SUCCESS - 已下載 '糧價查詢' 的原始 JSON 資料路徑: 'C:\Python\data_moa_gov_tw\raw_data\糧價查詢.json'
2026-02-23 21:22:09,235 - SUCCESS - 已下載 '糧價查詢' 的原始 JSON 資料路徑: 'C:\Python\data_moa_gov_tw\raw_data\糧價查詢.json'
2026-02-23 21:22:09,244 - SUCCESS - 插入或更新 '糧價查詢' 的 Metadata 成功。
2026-02-23 21:22:09,244 - SUCCESS - 插入或更新 '糧價查詢' 的 Metadata 成功。
2026-02-23 21:22:09,287 - SUCCESS - 已成功批量插入 '糧價查詢' 的總計 20 條記錄到表格 '1040004' 。
2026-02-23 21:22:09,287 - SUCCESS - 已成功批量插入 '糧價查詢' 的總計 20 條記錄到表格 '1040004' 。
2026-02-23 21:22:09,292 - SUCCESS - '糧價查詢' 的自動更新完成。
2026-02-23 21:22:09,292 - SUCCESS - '糧價查詢' 的自動更新完成。
2026-02-23 21:22:11,073 - SUCCESS - 成功提取 '農產品交易行情' 的網頁 Metadata。
2026-02-23 21:22:11,073 - SUCCESS - 成功提取 '農產品交易行情' 的網頁 Metadata。
2026-02-23 21:22:11,119 - SUCCESS - '農產品交易行情' 的 Metadata 已更新到 metadata.json。
2026-02-23 21:22:11,119 - SUCCESS - '農產品交易行情' 的 Metadata 已更新到 metadata.json。
2026-02-23 21:22:36,420 - SUCCESS - <農產品交易行情>的資料已下載完成，共 7374 筆資料。
2026-02-23 21:22:36,420 - SUCCESS - <農產品交易行情>的資料已下載完成，共 7374 筆資料。
2026-02-23 21:22:36,728 - SUCCESS - 已下載、去重並合併資料完成現有資料 7374 條，新資料 7374 條。
2026-02-23 21:22:36,728 - SUCCESS - 已下載、去重並合併資料完成現有資料 7374 條，新資料 7374 條。
2026-02-23 21:22:46,436 - SUCCESS - 已下載 '農產品交易行情' 的原始 JSON 資料路徑: 'C:\Python\data_moa_gov_tw\raw_data\農產品交易行情.json'
2026-02-23 21:22:46,436 - SUCCESS - 已下載 '農產品交易行情' 的原始 JSON 資料路徑: 'C:\Python\data_moa_gov_tw\raw_data\農產品交易行情.json'
2026-02-23 21:22:46,442 - SUCCESS - 插入或更新 '農產品交易行情' 的 Metadata 成功。
2026-02-23 21:22:46,442 - SUCCESS - 插入或更新 '農產品交易行情' 的 Metadata 成功。
2026-02-23 21:22:47,997 - SUCCESS - 已成功批量插入 '農產品交易行情' 的總計 2235 條記錄到表格 '1040012' 。
2026-02-23 21:22:47,997 - SUCCESS - 已成功批量插入 '農產品交易行情' 的總計 2235 條記錄到表格 '1040012' 。
2026-02-23 21:22:48,001 - SUCCESS - '農產品交易行情' 的自動更新完成。
2026-02-23 21:22:48,001 - SUCCESS - '農產品交易行情' 的自動更新完成。
2026-02-23 21:22:49,526 - SUCCESS - 成功提取 '全國單日平均糧價' 的網頁 Metadata。
2026-02-23 21:22:49,526 - SUCCESS - 成功提取 '全國單日平均糧價' 的網頁 Metadata。
2026-02-23 21:22:49,595 - SUCCESS - '全國單日平均糧價' 的 Metadata 已更新到 metadata.json。
2026-02-23 21:22:49,595 - SUCCESS - '全國單日平均糧價' 的 Metadata 已更新到 metadata.json。
2026-02-23 21:22:51,108 - SUCCESS - <全國單日平均糧價>的資料已下載完成，共 9205 筆資料。
2026-02-23 21:22:51,108 - SUCCESS - <全國單日平均糧價>的資料已下載完成，共 9205 筆資料。
2026-02-23 21:22:51,276 - SUCCESS - 已下載、去重並合併資料完成現有資料 419 條，新資料 419 條。
2026-02-23 21:22:51,276 - SUCCESS - 已下載、去重並合併資料完成現有資料 419 條，新資料 419 條。
2026-02-23 21:22:51,479 - SUCCESS - 已下載 '全國單日平均糧價' 的原始 JSON 資料路徑: 'C:\Python\data_moa_gov_tw\raw_data\全國單日平均糧價.json'
2026-02-23 21:22:51,479 - SUCCESS - 已下載 '全國單日平均糧價' 的原始 JSON 資料路徑: 'C:\Python\data_moa_gov_tw\raw_data\全國單日平均糧價.json'
2026-02-23 21:22:51,485 - SUCCESS - 插入或更新 '全國單日平均糧價' 的 Metadata 成功。
2026-02-23 21:22:51,485 - SUCCESS - 插入或更新 '全國單日平均糧價' 的 Metadata 成功。
2026-02-23 21:22:51,501 - SUCCESS - 已成功批量插入 '全國單日平均糧價' 的總計 2 條記錄到表格 '1040001' 。
2026-02-23 21:22:51,501 - SUCCESS - 已成功批量插入 '全國單日平均糧價' 的總計 2 條記錄到表格 '1040001' 。
2026-02-23 21:22:51,501 - SUCCESS - '全國單日平均糧價' 的自動更新完成。
2026-02-23 21:22:51,501 - SUCCESS - '全國單日平均糧價' 的自動更新完成。
2026-02-23 21:22:53,150 - SUCCESS - 成功提取 '產銷履歷與有機蔬果行情' 的網頁 Metadata。
2026-02-23 21:22:53,150 - SUCCESS - 成功提取 '產銷履歷與有機蔬果行情' 的網頁 Metadata。
2026-02-23 21:22:53,227 - SUCCESS - '產銷履歷與有機蔬果行情' 的 Metadata 已更新到 metadata.json。
2026-02-23 21:22:53,227 - SUCCESS - '產銷履歷與有機蔬果行情' 的 Metadata 已更新到 metadata.json。
2026-02-23 21:23:00,947 - SUCCESS - <產銷履歷與有機蔬果行情>的資料已下載完成，共 4279 筆資料。
2026-02-23 21:23:00,947 - SUCCESS - <產銷履歷與有機蔬果行情>的資料已下載完成，共 4279 筆資料。
2026-02-23 21:23:01,188 - SUCCESS - 已下載、去重並合併資料完成現有資料 4279 條，新資料 4279 條。
2026-02-23 21:23:01,188 - SUCCESS - 已下載、去重並合併資料完成現有資料 4279 條，新資料 4279 條。
2026-02-23 21:23:04,342 - SUCCESS - 已下載 '產銷履歷與有機蔬果行情' 的原始 JSON 資料路徑: 'C:\Python\data_moa_gov_tw\raw_data\產銷履歷與有機蔬果行情.json'
2026-02-23 21:23:04,342 - SUCCESS - 已下載 '產銷履歷與有機蔬果行情' 的原始 JSON 資料路徑: 'C:\Python\data_moa_gov_tw\raw_data\產銷履歷與有機蔬果行情.json'
2026-02-23 21:23:04,348 - SUCCESS - 插入或更新 '產銷履歷與有機蔬果行情' 的 Metadata 成功。
2026-02-23 21:23:04,348 - SUCCESS - 插入或更新 '產銷履歷與有機蔬果行情' 的 Metadata 成功。
2026-02-23 21:23:05,210 - SUCCESS - 已成功批量插入 '產銷履歷與有機蔬果行情' 的總計 2030 條記錄到表格 '1040003' 。
2026-02-23 21:23:05,210 - SUCCESS - 已成功批量插入 '產銷履歷與有機蔬果行情' 的總計 2030 條記錄到表格 '1040003' 。
2026-02-23 21:23:05,213 - SUCCESS - '產銷履歷與有機蔬果行情' 的自動更新完成。
2026-02-23 21:23:05,213 - SUCCESS - '產銷履歷與有機蔬果行情' 的自動更新完成。
2026-02-23 21:23:06,818 - SUCCESS - 成功提取 '農情調查' 的網頁 Metadata。
2026-02-23 21:23:06,818 - SUCCESS - 成功提取 '農情調查' 的網頁 Metadata。
2026-02-23 21:23:06,871 - SUCCESS - '農情調查' 的 Metadata 已更新到 metadata.json。
2026-02-23 21:23:06,871 - SUCCESS - '農情調查' 的 Metadata 已更新到 metadata.json。
2026-02-23 21:23:09,771 - SUCCESS - <農情調查>的資料已下載完成，共 9999 筆資料。
2026-02-23 21:23:09,771 - SUCCESS - <農情調查>的資料已下載完成，共 9999 筆資料。
2026-02-23 21:23:09,786 - SUCCESS - 已下載、去重並合併資料完成現有資料 0 條，新資料 0 條。
2026-02-23 21:23:09,786 - SUCCESS - 已下載、去重並合併資料完成現有資料 0 條，新資料 0 條。
2026-02-23 21:23:09,792 - SUCCESS - 插入或更新 '農情調查' 的 Metadata 成功。
2026-02-23 21:23:09,792 - SUCCESS - 插入或更新 '農情調查' 的 Metadata 成功。
2026-02-23 21:23:09,793 - SUCCESS - '農情調查' 的自動更新完成。
2026-02-23 21:23:09,793 - SUCCESS - '農情調查' 的自動更新完成。
2026-02-23 21:23:10,830 - SUCCESS - 已成功儲存次要資訊到資料庫。
2026-02-23 21:23:10,830 - SUCCESS - 已成功儲存次要資訊到資料庫。
2026-02-23 21:23:10,830 - SUCCESS - 更新結果:{'臺灣地區稻作種植、收穫面積及產量': '未更新', '臺灣地區稻米生產價值': '未更新', '臺灣地區農產品生產量值': '未更新', '雜糧生產概況': '未更新', '農產品產地價格(月平均價格)': '未更新', '臺灣地區蔬菜生產概況': '未更新', '各觀測站近兩年降雨量': '未更新', '臺灣地區果品生產概況': '未更新', '臺灣地區特用作物生產概況': '未更新', '農產品產地價格資料': '已更新', '糧價查詢': '已更新', '農產品交易行情': '已更新', '全國單日平均糧價': '已更新', '產銷履歷與有機蔬果行情': '已更新', '農情調查': '已更新'}
2026-02-23 21:23:10,830 - SUCCESS - 更新結果:{'臺灣地區稻作種植、收穫面積及產量': '未更新', '臺灣地區稻米生產價值': '未更新', '臺灣地區農產品生產量值': '未更新', '雜糧生產概況': '未更新', '農產品產地價格(月平均價格)': '未更新', '臺灣地區蔬菜生產概況': '未更新', '各觀測站近兩年降雨量': '未更新', '臺灣地區果品生產概況': '未更新', '臺灣地區特用作物生產概況': '未更新', '農產品產地價格資料': '已更新', '糧價查詢': '已更新', '農產品交易行情': '已更新', '全國單日平均糧價': '已更新', '產銷履歷與有機蔬果行情': '已更新', '農情調查': '已更新'}
2026-02-23 22:38:04,477 - SUCCESS - 成功提取 '臺灣地區稻作種植、收穫面積及產量' 的網頁 Metadata。
2026-02-23 22:38:04,477 - SUCCESS - 成功提取 '臺灣地區稻作種植、收穫面積及產量' 的網頁 Metadata。
2026-02-23 22:38:06,111 - SUCCESS - 成功提取 '臺灣地區稻米生產價值' 的網頁 Metadata。
2026-02-23 22:38:06,111 - SUCCESS - 成功提取 '臺灣地區稻米生產價值' 的網頁 Metadata。
2026-02-23 22:38:08,006 - SUCCESS - 成功提取 '臺灣地區農產品生產量值' 的網頁 Metadata。
2026-02-23 22:38:08,006 - SUCCESS - 成功提取 '臺灣地區農產品生產量值' 的網頁 Metadata。
2026-02-23 23:17:20,992 - SUCCESS - 成功提取 '產銷履歷與有機蔬果行情' 的網頁 Metadata。
2026-02-23 23:17:20,992 - SUCCESS - 成功提取 '產銷履歷與有機蔬果行情' 的網頁 Metadata。
2026-02-23 23:17:22,458 - SUCCESS - 成功提取 '各觀測站近兩年降雨量' 的網頁 Metadata。
2026-02-23 23:17:22,458 - SUCCESS - 成功提取 '各觀測站近兩年降雨量' 的網頁 Metadata。
