2025-10-13 03:55:42,739 - SUCCESS - 成功提取 '全國單日平均糧價' 的網頁 Metadata。
2025-10-13 03:55:42,739 - SUCCESS - 成功提取 '全國單日平均糧價' 的網頁 Metadata。
2025-10-13 03:55:42,810 - SUCCESS - '全國單日平均糧價' 的 Metadata 已更新到 metadata.json。
2025-10-13 03:55:42,810 - SUCCESS - '全國單日平均糧價' 的 Metadata 已更新到 metadata.json。
2025-10-13 03:55:44,188 - SUCCESS - <全國單日平均糧價>的資料已下載完成，共 9070 筆資料。
2025-10-13 03:55:44,188 - SUCCESS - <全國單日平均糧價>的資料已下載完成，共 9070 筆資料。
2025-10-13 03:55:45,274 - SUCCESS - 已下載、去重並合併資料完成現有資料 9070 條，新資料 1 條。
2025-10-13 03:55:45,274 - SUCCESS - 已下載、去重並合併資料完成現有資料 9070 條，新資料 1 條。
2025-10-13 03:55:45,334 - SUCCESS - 已下載 '全國單日平均糧價' 的原始 JSON 資料路徑: 'c:\Python\data_moa_gov_tw\raw_data\全國單日平均糧價\全國單日平均糧價.json'
2025-10-13 03:55:45,334 - SUCCESS - 已下載 '全國單日平均糧價' 的原始 JSON 資料路徑: 'c:\Python\data_moa_gov_tw\raw_data\全國單日平均糧價\全國單日平均糧價.json'
2025-10-13 03:55:45,420 - SUCCESS - 插入或更新 '全國單日平均糧價' 的 Metadata 成功。
2025-10-13 03:55:45,420 - SUCCESS - 插入或更新 '全國單日平均糧價' 的 Metadata 成功。
2025-10-13 03:55:45,430 - SUCCESS - 已成功批量插入 '全國單日平均糧價' 的總計 1 條記錄到表格 '1040001' 。
2025-10-13 03:55:45,430 - SUCCESS - 已成功批量插入 '全國單日平均糧價' 的總計 1 條記錄到表格 '1040001' 。
2025-10-13 03:55:45,437 - SUCCESS - '全國單日平均糧價' 的自動更新完成。
2025-10-13 03:55:45,437 - SUCCESS - '全國單日平均糧價' 的自動更新完成。
2025-10-13 03:55:46,608 - SUCCESS - 成功提取 '各觀測站近兩年降雨量' 的網頁 Metadata。
2025-10-13 03:55:46,608 - SUCCESS - 成功提取 '各觀測站近兩年降雨量' 的網頁 Metadata。
2025-10-13 03:55:47,792 - SUCCESS - 成功提取 '產銷履歷與有機蔬果行情' 的網頁 Metadata。
2025-10-13 03:55:47,792 - SUCCESS - 成功提取 '產銷履歷與有機蔬果行情' 的網頁 Metadata。
2025-10-13 03:55:47,827 - SUCCESS - '產銷履歷與有機蔬果行情' 的 Metadata 已更新到 metadata.json。
2025-10-13 03:55:47,827 - SUCCESS - '產銷履歷與有機蔬果行情' 的 Metadata 已更新到 metadata.json。
2025-10-13 03:55:52,143 - SUCCESS - <產銷履歷與有機蔬果行情>的資料已下載完成，共 4194 筆資料。
2025-10-13 03:55:52,143 - SUCCESS - <產銷履歷與有機蔬果行情>的資料已下載完成，共 4194 筆資料。
2025-10-13 03:56:02,013 - SUCCESS - 已下載、去重並合併資料完成現有資料 159600 條，新資料 2038 條。
2025-10-13 03:56:02,013 - SUCCESS - 已下載、去重並合併資料完成現有資料 159600 條，新資料 2038 條。
2025-10-13 03:56:02,821 - SUCCESS - 已下載 '產銷履歷與有機蔬果行情' 的原始 JSON 資料路徑: 'c:\Python\data_moa_gov_tw\raw_data\產銷履歷與有機蔬果行情\產銷履歷與有機蔬果行情.json'
2025-10-13 03:56:02,821 - SUCCESS - 已下載 '產銷履歷與有機蔬果行情' 的原始 JSON 資料路徑: 'c:\Python\data_moa_gov_tw\raw_data\產銷履歷與有機蔬果行情\產銷履歷與有機蔬果行情.json'
2025-10-13 03:56:02,827 - SUCCESS - 插入或更新 '產銷履歷與有機蔬果行情' 的 Metadata 成功。
2025-10-13 03:56:02,827 - SUCCESS - 插入或更新 '產銷履歷與有機蔬果行情' 的 Metadata 成功。
2025-10-13 03:56:03,619 - SUCCESS - 已成功批量插入 '產銷履歷與有機蔬果行情' 的總計 2038 條記錄到表格 '1040003' 。
2025-10-13 03:56:03,619 - SUCCESS - 已成功批量插入 '產銷履歷與有機蔬果行情' 的總計 2038 條記錄到表格 '1040003' 。
2025-10-13 03:56:03,645 - SUCCESS - '產銷履歷與有機蔬果行情' 的自動更新完成。
2025-10-13 03:56:03,645 - SUCCESS - '產銷履歷與有機蔬果行情' 的自動更新完成。
2025-10-13 03:56:04,850 - SUCCESS - 成功提取 '糧價查詢' 的網頁 Metadata。
2025-10-13 03:56:04,850 - SUCCESS - 成功提取 '糧價查詢' 的網頁 Metadata。
2025-10-13 03:56:04,871 - SUCCESS - '糧價查詢' 的 Metadata 已更新到 metadata.json。
2025-10-13 03:56:04,871 - SUCCESS - '糧價查詢' 的 Metadata 已更新到 metadata.json。
2025-10-13 03:56:06,154 - SUCCESS - <糧價查詢>的資料已下載完成，共 9999 筆資料。
2025-10-13 03:56:06,154 - SUCCESS - <糧價查詢>的資料已下載完成，共 9999 筆資料。
2025-10-13 03:56:14,038 - SUCCESS - 已下載、去重並合併資料完成現有資料 239730 條，新資料 0 條。
2025-10-13 03:56:14,038 - SUCCESS - 已下載、去重並合併資料完成現有資料 239730 條，新資料 0 條。
2025-10-13 03:56:15,359 - SUCCESS - 插入或更新 '糧價查詢' 的 Metadata 成功。
2025-10-13 03:56:15,359 - SUCCESS - 插入或更新 '糧價查詢' 的 Metadata 成功。
2025-10-13 03:56:15,484 - SUCCESS - '糧價查詢' 的自動更新完成。
2025-10-13 03:56:15,484 - SUCCESS - '糧價查詢' 的自動更新完成。
2025-10-13 03:56:16,642 - SUCCESS - 成功提取 '臺灣地區果品生產概況' 的網頁 Metadata。
2025-10-13 03:56:16,642 - SUCCESS - 成功提取 '臺灣地區果品生產概況' 的網頁 Metadata。
2025-10-13 03:56:17,775 - SUCCESS - 成功提取 '臺灣地區特用作物生產概況' 的網頁 Metadata。
2025-10-13 03:56:17,775 - SUCCESS - 成功提取 '臺灣地區特用作物生產概況' 的網頁 Metadata。
2025-10-13 03:56:18,938 - SUCCESS - 成功提取 '臺灣地區稻作種植、收穫面積及產量' 的網頁 Metadata。
2025-10-13 03:56:18,938 - SUCCESS - 成功提取 '臺灣地區稻作種植、收穫面積及產量' 的網頁 Metadata。
2025-10-13 03:56:20,083 - SUCCESS - 成功提取 '臺灣地區稻米生產價值' 的網頁 Metadata。
2025-10-13 03:56:20,083 - SUCCESS - 成功提取 '臺灣地區稻米生產價值' 的網頁 Metadata。
2025-10-13 03:56:21,262 - SUCCESS - 成功提取 '臺灣地區蔬菜生產概況' 的網頁 Metadata。
2025-10-13 03:56:21,262 - SUCCESS - 成功提取 '臺灣地區蔬菜生產概況' 的網頁 Metadata。
2025-10-13 03:56:22,442 - SUCCESS - 成功提取 '臺灣地區農產品生產量值' 的網頁 Metadata。
2025-10-13 03:56:22,442 - SUCCESS - 成功提取 '臺灣地區農產品生產量值' 的網頁 Metadata。
2025-10-13 03:56:23,569 - SUCCESS - 成功提取 '農情調查' 的網頁 Metadata。
2025-10-13 03:56:23,569 - SUCCESS - 成功提取 '農情調查' 的網頁 Metadata。
2025-10-13 03:56:23,599 - SUCCESS - '農情調查' 的 Metadata 已更新到 metadata.json。
2025-10-13 03:56:23,599 - SUCCESS - '農情調查' 的 Metadata 已更新到 metadata.json。
2025-10-13 03:56:25,348 - SUCCESS - <農情調查>的資料已下載完成，共 9999 筆資料。
2025-10-13 03:56:25,348 - SUCCESS - <農情調查>的資料已下載完成，共 9999 筆資料。
2025-10-13 03:56:26,253 - SUCCESS - 已下載、去重並合併資料完成現有資料 45259 條，新資料 0 條。
2025-10-13 03:56:26,253 - SUCCESS - 已下載、去重並合併資料完成現有資料 45259 條，新資料 0 條。
2025-10-13 03:56:26,475 - SUCCESS - 插入或更新 '農情調查' 的 Metadata 成功。
2025-10-13 03:56:26,475 - SUCCESS - 插入或更新 '農情調查' 的 Metadata 成功。
2025-10-13 03:56:26,483 - SUCCESS - '農情調查' 的自動更新完成。
2025-10-13 03:56:26,483 - SUCCESS - '農情調查' 的自動更新完成。
2025-10-13 03:56:27,705 - SUCCESS - 成功提取 '農產品交易行情' 的網頁 Metadata。
2025-10-13 03:56:27,705 - SUCCESS - 成功提取 '農產品交易行情' 的網頁 Metadata。
2025-10-13 03:56:27,732 - SUCCESS - '農產品交易行情' 的 Metadata 已更新到 metadata.json。
2025-10-13 03:56:27,732 - SUCCESS - '農產品交易行情' 的 Metadata 已更新到 metadata.json。
2025-10-13 03:56:39,244 - SUCCESS - <農產品交易行情>的資料已下載完成，共 7901 筆資料。
2025-10-13 03:56:39,244 - SUCCESS - <農產品交易行情>的資料已下載完成，共 7901 筆資料。
2025-10-13 03:56:53,814 - SUCCESS - 已下載、去重並合併資料完成現有資料 337470 條，新資料 2004 條。
2025-10-13 03:56:53,814 - SUCCESS - 已下載、去重並合併資料完成現有資料 337470 條，新資料 2004 條。
2025-10-13 03:56:55,244 - SUCCESS - 已下載 '農產品交易行情' 的原始 JSON 資料路徑: 'c:\Python\data_moa_gov_tw\raw_data\農產品交易行情\農產品交易行情.json'
2025-10-13 03:56:55,244 - SUCCESS - 已下載 '農產品交易行情' 的原始 JSON 資料路徑: 'c:\Python\data_moa_gov_tw\raw_data\農產品交易行情\農產品交易行情.json'
2025-10-13 03:56:55,249 - SUCCESS - 插入或更新 '農產品交易行情' 的 Metadata 成功。
2025-10-13 03:56:55,249 - SUCCESS - 插入或更新 '農產品交易行情' 的 Metadata 成功。
2025-10-13 03:56:56,160 - SUCCESS - 已成功批量插入 '農產品交易行情' 的總計 2004 條記錄到表格 '1040012' 。
2025-10-13 03:56:56,160 - SUCCESS - 已成功批量插入 '農產品交易行情' 的總計 2004 條記錄到表格 '1040012' 。
2025-10-13 03:56:56,247 - SUCCESS - '農產品交易行情' 的自動更新完成。
2025-10-13 03:56:56,247 - SUCCESS - '農產品交易行情' 的自動更新完成。
2025-10-13 03:56:57,443 - SUCCESS - 成功提取 '農產品產地價格(月平均價格)' 的網頁 Metadata。
2025-10-13 03:56:57,443 - SUCCESS - 成功提取 '農產品產地價格(月平均價格)' 的網頁 Metadata。
2025-10-13 03:56:58,650 - SUCCESS - 成功提取 '農產品產地價格資料' 的網頁 Metadata。
2025-10-13 03:56:58,650 - SUCCESS - 成功提取 '農產品產地價格資料' 的網頁 Metadata。
2025-10-13 03:56:58,684 - SUCCESS - '農產品產地價格資料' 的 Metadata 已更新到 metadata.json。
2025-10-13 03:56:58,684 - SUCCESS - '農產品產地價格資料' 的 Metadata 已更新到 metadata.json。
2025-10-13 03:56:59,253 - SUCCESS - <農產品產地價格資料>的資料已下載完成，共 9999 筆資料。
2025-10-13 03:56:59,253 - SUCCESS - <農產品產地價格資料>的資料已下載完成，共 9999 筆資料。
2025-10-13 03:57:35,742 - SUCCESS - 已下載、去重並合併資料完成現有資料 343833 條，新資料 0 條。
2025-10-13 03:57:35,742 - SUCCESS - 已下載、去重並合併資料完成現有資料 343833 條，新資料 0 條。
2025-10-13 03:57:37,382 - SUCCESS - 插入或更新 '農產品產地價格資料' 的 Metadata 成功。
2025-10-13 03:57:37,382 - SUCCESS - 插入或更新 '農產品產地價格資料' 的 Metadata 成功。
2025-10-13 03:57:37,441 - SUCCESS - '農產品產地價格資料' 的自動更新完成。
2025-10-13 03:57:37,441 - SUCCESS - '農產品產地價格資料' 的自動更新完成。
2025-10-13 03:57:38,573 - SUCCESS - 成功提取 '雜糧生產概況' 的網頁 Metadata。
2025-10-13 03:57:38,573 - SUCCESS - 成功提取 '雜糧生產概況' 的網頁 Metadata。
2025-10-13 03:57:39,577 - SUCCESS - 已成功儲存次要資訊。
2025-10-13 03:57:39,577 - SUCCESS - 已成功儲存次要資訊。
2025-10-13 03:57:39,577 - SUCCESS - 更新結果儲存成功:{'全國單日平均糧價': '已更新', '各觀測站近兩年降雨量': '未更新', '產銷履歷與有機蔬果行情': '已更新', '糧價查詢': '已更新', '臺灣地區果品生產概況': '未更新', '臺灣地區特用作物生產概況': '未更新', '臺灣地區稻作種植、收穫面積及產量': '未更新', '臺灣地區稻米生產價值': '未更新', '臺灣地區蔬菜生產概況': '未更新', '臺灣地區農產品生產量值': '未更新', '農情調查': '已更新', '農產品交易行情': '已更新', '農產品產地價格(月平均價格)': '未更新', '農產品產地價格資料': '已更新', '雜糧生產概況': '未更新'}
2025-10-13 03:57:39,577 - SUCCESS - 更新結果儲存成功:{'全國單日平均糧價': '已更新', '各觀測站近兩年降雨量': '未更新', '產銷履歷與有機蔬果行情': '已更新', '糧價查詢': '已更新', '臺灣地區果品生產概況': '未更新', '臺灣地區特用作物生產概況': '未更新', '臺灣地區稻作種植、收穫面積及產量': '未更新', '臺灣地區稻米生產價值': '未更新', '臺灣地區蔬菜生產概況': '未更新', '臺灣地區農產品生產量值': '未更新', '農情調查': '已更新', '農產品交易行情': '已更新', '農產品產地價格(月平均價格)': '未更新', '農產品產地價格資料': '已更新', '雜糧生產概況': '未更新'}
2025-10-13 23:58:54,478 - SUCCESS - 成功提取 '全國單日平均糧價' 的網頁 Metadata。
2025-10-13 23:58:54,478 - SUCCESS - 成功提取 '全國單日平均糧價' 的網頁 Metadata。
2025-10-13 23:58:54,502 - SUCCESS - '全國單日平均糧價' 的 Metadata 已更新到 metadata.json。
2025-10-13 23:58:54,502 - SUCCESS - '全國單日平均糧價' 的 Metadata 已更新到 metadata.json。
2025-10-13 23:58:58,637 - SUCCESS - <全國單日平均糧價>的資料已下載完成，共 9070 筆資料。
2025-10-13 23:58:58,637 - SUCCESS - <全國單日平均糧價>的資料已下載完成，共 9070 筆資料。
2025-10-13 23:58:59,018 - SUCCESS - 已下載、去重並合併資料完成現有資料 9070 條，新資料 0 條。
2025-10-13 23:58:59,018 - SUCCESS - 已下載、去重並合併資料完成現有資料 9070 條，新資料 0 條。
2025-10-13 23:58:59,077 - SUCCESS - 插入或更新 '全國單日平均糧價' 的 Metadata 成功。
2025-10-13 23:58:59,077 - SUCCESS - 插入或更新 '全國單日平均糧價' 的 Metadata 成功。
2025-10-13 23:58:59,080 - SUCCESS - '全國單日平均糧價' 的自動更新完成。
2025-10-13 23:58:59,080 - SUCCESS - '全國單日平均糧價' 的自動更新完成。
2025-10-13 23:59:00,677 - SUCCESS - 成功提取 '各觀測站近兩年降雨量' 的網頁 Metadata。
2025-10-13 23:59:00,677 - SUCCESS - 成功提取 '各觀測站近兩年降雨量' 的網頁 Metadata。
2025-10-13 23:59:02,403 - SUCCESS - 成功提取 '產銷履歷與有機蔬果行情' 的網頁 Metadata。
2025-10-13 23:59:02,403 - SUCCESS - 成功提取 '產銷履歷與有機蔬果行情' 的網頁 Metadata。
2025-10-13 23:59:02,430 - SUCCESS - '產銷履歷與有機蔬果行情' 的 Metadata 已更新到 metadata.json。
2025-10-13 23:59:02,430 - SUCCESS - '產銷履歷與有機蔬果行情' 的 Metadata 已更新到 metadata.json。
2025-10-13 23:59:06,205 - SUCCESS - <產銷履歷與有機蔬果行情>的資料已下載完成，共 2115 筆資料。
2025-10-13 23:59:06,205 - SUCCESS - <產銷履歷與有機蔬果行情>的資料已下載完成，共 2115 筆資料。
2025-10-13 23:59:15,473 - SUCCESS - 已下載、去重並合併資料完成現有資料 159677 條，新資料 77 條。
2025-10-13 23:59:15,473 - SUCCESS - 已下載、去重並合併資料完成現有資料 159677 條，新資料 77 條。
2025-10-13 23:59:16,149 - SUCCESS - 已下載 '產銷履歷與有機蔬果行情' 的原始 JSON 資料路徑: 'c:\Python\data_moa_gov_tw\raw_data\產銷履歷與有機蔬果行情\產銷履歷與有機蔬果行情.json'
2025-10-13 23:59:16,149 - SUCCESS - 已下載 '產銷履歷與有機蔬果行情' 的原始 JSON 資料路徑: 'c:\Python\data_moa_gov_tw\raw_data\產銷履歷與有機蔬果行情\產銷履歷與有機蔬果行情.json'
2025-10-13 23:59:16,155 - SUCCESS - 插入或更新 '產銷履歷與有機蔬果行情' 的 Metadata 成功。
2025-10-13 23:59:16,155 - SUCCESS - 插入或更新 '產銷履歷與有機蔬果行情' 的 Metadata 成功。
2025-10-13 23:59:16,206 - SUCCESS - 已成功批量插入 '產銷履歷與有機蔬果行情' 的總計 77 條記錄到表格 '1040003' 。
2025-10-13 23:59:16,206 - SUCCESS - 已成功批量插入 '產銷履歷與有機蔬果行情' 的總計 77 條記錄到表格 '1040003' 。
2025-10-13 23:59:16,233 - SUCCESS - '產銷履歷與有機蔬果行情' 的自動更新完成。
2025-10-13 23:59:16,233 - SUCCESS - '產銷履歷與有機蔬果行情' 的自動更新完成。
2025-10-13 23:59:17,750 - SUCCESS - 成功提取 '糧價查詢' 的網頁 Metadata。
2025-10-13 23:59:17,750 - SUCCESS - 成功提取 '糧價查詢' 的網頁 Metadata。
2025-10-13 23:59:17,778 - SUCCESS - '糧價查詢' 的 Metadata 已更新到 metadata.json。
2025-10-13 23:59:17,778 - SUCCESS - '糧價查詢' 的 Metadata 已更新到 metadata.json。
2025-10-13 23:59:19,875 - SUCCESS - <糧價查詢>的資料已下載完成，共 9999 筆資料。
2025-10-13 23:59:19,875 - SUCCESS - <糧價查詢>的資料已下載完成，共 9999 筆資料。
2025-10-13 23:59:32,270 - SUCCESS - 已下載、去重並合併資料完成現有資料 239790 條，新資料 60 條。
2025-10-13 23:59:32,270 - SUCCESS - 已下載、去重並合併資料完成現有資料 239790 條，新資料 60 條。
2025-10-13 23:59:33,247 - SUCCESS - 已下載 '糧價查詢' 的原始 JSON 資料路徑: 'c:\Python\data_moa_gov_tw\raw_data\糧價查詢\糧價查詢.json'
2025-10-13 23:59:33,247 - SUCCESS - 已下載 '糧價查詢' 的原始 JSON 資料路徑: 'c:\Python\data_moa_gov_tw\raw_data\糧價查詢\糧價查詢.json'
2025-10-13 23:59:33,253 - SUCCESS - 插入或更新 '糧價查詢' 的 Metadata 成功。
2025-10-13 23:59:33,253 - SUCCESS - 插入或更新 '糧價查詢' 的 Metadata 成功。
2025-10-13 23:59:33,295 - SUCCESS - 已成功批量插入 '糧價查詢' 的總計 60 條記錄到表格 '1040004' 。
2025-10-13 23:59:33,295 - SUCCESS - 已成功批量插入 '糧價查詢' 的總計 60 條記錄到表格 '1040004' 。
2025-10-13 23:59:33,378 - SUCCESS - '糧價查詢' 的自動更新完成。
2025-10-13 23:59:33,378 - SUCCESS - '糧價查詢' 的自動更新完成。
2025-10-13 23:59:35,027 - SUCCESS - 成功提取 '臺灣地區果品生產概況' 的網頁 Metadata。
2025-10-13 23:59:35,027 - SUCCESS - 成功提取 '臺灣地區果品生產概況' 的網頁 Metadata。
2025-10-13 23:59:36,356 - SUCCESS - 成功提取 '臺灣地區特用作物生產概況' 的網頁 Metadata。
2025-10-13 23:59:36,356 - SUCCESS - 成功提取 '臺灣地區特用作物生產概況' 的網頁 Metadata。
2025-10-13 23:59:37,820 - SUCCESS - 成功提取 '臺灣地區稻作種植、收穫面積及產量' 的網頁 Metadata。
2025-10-13 23:59:37,820 - SUCCESS - 成功提取 '臺灣地區稻作種植、收穫面積及產量' 的網頁 Metadata。
2025-10-13 23:59:39,038 - SUCCESS - 成功提取 '臺灣地區稻米生產價值' 的網頁 Metadata。
2025-10-13 23:59:39,038 - SUCCESS - 成功提取 '臺灣地區稻米生產價值' 的網頁 Metadata。
2025-10-13 23:59:40,649 - SUCCESS - 成功提取 '臺灣地區蔬菜生產概況' 的網頁 Metadata。
2025-10-13 23:59:40,649 - SUCCESS - 成功提取 '臺灣地區蔬菜生產概況' 的網頁 Metadata。
2025-10-13 23:59:42,061 - SUCCESS - 成功提取 '臺灣地區農產品生產量值' 的網頁 Metadata。
2025-10-13 23:59:42,061 - SUCCESS - 成功提取 '臺灣地區農產品生產量值' 的網頁 Metadata。
2025-10-13 23:59:43,455 - SUCCESS - 成功提取 '農情調查' 的網頁 Metadata。
2025-10-13 23:59:43,455 - SUCCESS - 成功提取 '農情調查' 的網頁 Metadata。
2025-10-13 23:59:43,481 - SUCCESS - '農情調查' 的 Metadata 已更新到 metadata.json。
2025-10-13 23:59:43,481 - SUCCESS - '農情調查' 的 Metadata 已更新到 metadata.json。
2025-10-13 23:59:45,991 - SUCCESS - <農情調查>的資料已下載完成，共 9999 筆資料。
2025-10-13 23:59:45,991 - SUCCESS - <農情調查>的資料已下載完成，共 9999 筆資料。
2025-10-13 23:59:46,906 - SUCCESS - 已下載、去重並合併資料完成現有資料 45259 條，新資料 0 條。
2025-10-13 23:59:46,906 - SUCCESS - 已下載、去重並合併資料完成現有資料 45259 條，新資料 0 條。
2025-10-13 23:59:47,140 - SUCCESS - 插入或更新 '農情調查' 的 Metadata 成功。
2025-10-13 23:59:47,140 - SUCCESS - 插入或更新 '農情調查' 的 Metadata 成功。
2025-10-13 23:59:47,149 - SUCCESS - '農情調查' 的自動更新完成。
2025-10-13 23:59:47,149 - SUCCESS - '農情調查' 的自動更新完成。
2025-10-13 23:59:48,594 - SUCCESS - 成功提取 '農產品交易行情' 的網頁 Metadata。
2025-10-13 23:59:48,594 - SUCCESS - 成功提取 '農產品交易行情' 的網頁 Metadata。
2025-10-13 23:59:48,619 - SUCCESS - '農產品交易行情' 的 Metadata 已更新到 metadata.json。
2025-10-13 23:59:48,619 - SUCCESS - '農產品交易行情' 的 Metadata 已更新到 metadata.json。
2025-10-14 00:00:09,149 - SUCCESS - <農產品交易行情>的資料已下載完成，共 9159 筆資料。
2025-10-14 00:00:09,149 - SUCCESS - <農產品交易行情>的資料已下載完成，共 9159 筆資料。
2025-10-14 00:00:22,439 - SUCCESS - 已下載、去重並合併資料完成現有資料 338728 條，新資料 1258 條。
2025-10-14 00:00:22,439 - SUCCESS - 已下載、去重並合併資料完成現有資料 338728 條，新資料 1258 條。
2025-10-14 00:00:23,759 - SUCCESS - 已下載 '農產品交易行情' 的原始 JSON 資料路徑: 'c:\Python\data_moa_gov_tw\raw_data\農產品交易行情\農產品交易行情.json'
2025-10-14 00:00:23,759 - SUCCESS - 已下載 '農產品交易行情' 的原始 JSON 資料路徑: 'c:\Python\data_moa_gov_tw\raw_data\農產品交易行情\農產品交易行情.json'
2025-10-14 00:00:23,765 - SUCCESS - 插入或更新 '農產品交易行情' 的 Metadata 成功。
2025-10-14 00:00:23,765 - SUCCESS - 插入或更新 '農產品交易行情' 的 Metadata 成功。
2025-10-14 00:00:24,286 - SUCCESS - 已成功批量插入 '農產品交易行情' 的總計 1258 條記錄到表格 '1040012' 。
2025-10-14 00:00:24,286 - SUCCESS - 已成功批量插入 '農產品交易行情' 的總計 1258 條記錄到表格 '1040012' 。
2025-10-14 00:00:24,381 - SUCCESS - '農產品交易行情' 的自動更新完成。
2025-10-14 00:00:24,381 - SUCCESS - '農產品交易行情' 的自動更新完成。
2025-10-14 00:00:25,917 - SUCCESS - 成功提取 '農產品產地價格(月平均價格)' 的網頁 Metadata。
2025-10-14 00:00:25,917 - SUCCESS - 成功提取 '農產品產地價格(月平均價格)' 的網頁 Metadata。
2025-10-14 00:00:27,296 - SUCCESS - 成功提取 '農產品產地價格資料' 的網頁 Metadata。
2025-10-14 00:00:27,296 - SUCCESS - 成功提取 '農產品產地價格資料' 的網頁 Metadata。
2025-10-14 00:00:28,623 - SUCCESS - 成功提取 '雜糧生產概況' 的網頁 Metadata。
2025-10-14 00:00:28,623 - SUCCESS - 成功提取 '雜糧生產概況' 的網頁 Metadata。
2025-10-14 00:00:29,626 - SUCCESS - 已成功儲存次要資訊。
2025-10-14 00:00:29,626 - SUCCESS - 已成功儲存次要資訊。
2025-10-14 00:00:29,627 - SUCCESS - 更新結果儲存成功:{'全國單日平均糧價': '已更新', '各觀測站近兩年降雨量': '未更新', '產銷履歷與有機蔬果行情': '已更新', '糧價查詢': '已更新', '臺灣地區果品生產概況': '未更新', '臺灣地區特用作物生產概況': '未更新', '臺灣地區稻作種植、收穫面積及產量': '未更新', '臺灣地區稻米生產價值': '未更新', '臺灣地區蔬菜生產概況': '未更新', '臺灣地區農產品生產量值': '未更新', '農情調查': '已更新', '農產品交易行情': '已更新', '農產品產地價格(月平均價格)': '未更新', '農產品產地價格資料': '未更新', '雜糧生產概況': '未更新'}
2025-10-14 00:00:29,627 - SUCCESS - 更新結果儲存成功:{'全國單日平均糧價': '已更新', '各觀測站近兩年降雨量': '未更新', '產銷履歷與有機蔬果行情': '已更新', '糧價查詢': '已更新', '臺灣地區果品生產概況': '未更新', '臺灣地區特用作物生產概況': '未更新', '臺灣地區稻作種植、收穫面積及產量': '未更新', '臺灣地區稻米生產價值': '未更新', '臺灣地區蔬菜生產概況': '未更新', '臺灣地區農產品生產量值': '未更新', '農情調查': '已更新', '農產品交易行情': '已更新', '農產品產地價格(月平均價格)': '未更新', '農產品產地價格資料': '未更新', '雜糧生產概況': '未更新'}
