2026-02-15 00:04:07,124 - SUCCESS - 成功提取 '產銷履歷與有機蔬果行情' 的網頁 Metadata。
2026-02-15 00:04:07,124 - SUCCESS - 成功提取 '產銷履歷與有機蔬果行情' 的網頁 Metadata。
2026-02-15 00:04:07,178 - SUCCESS - '產銷履歷與有機蔬果行情' 的 Metadata 已更新到 metadata.json。
2026-02-15 00:04:07,178 - SUCCESS - '產銷履歷與有機蔬果行情' 的 Metadata 已更新到 metadata.json。
2026-02-15 00:04:11,359 - SUCCESS - <產銷履歷與有機蔬果行情>的資料已下載完成，共 4674 筆資料。
2026-02-15 00:04:11,359 - SUCCESS - <產銷履歷與有機蔬果行情>的資料已下載完成，共 4674 筆資料。
2026-02-15 00:04:11,374 - SUCCESS - 已下載、去重並合併資料完成現有資料 0 條，新資料 0 條。
2026-02-15 00:04:11,374 - SUCCESS - 已下載、去重並合併資料完成現有資料 0 條，新資料 0 條。
2026-02-15 00:04:13,037 - SUCCESS - 成功提取 '各觀測站近兩年降雨量' 的網頁 Metadata。
2026-02-15 00:04:13,037 - SUCCESS - 成功提取 '各觀測站近兩年降雨量' 的網頁 Metadata。
2026-02-15 00:04:14,541 - SUCCESS - 成功提取 '臺灣地區果品生產概況' 的網頁 Metadata。
2026-02-15 00:04:14,541 - SUCCESS - 成功提取 '臺灣地區果品生產概況' 的網頁 Metadata。
2026-02-15 00:04:16,073 - SUCCESS - 成功提取 '臺灣地區特用作物生產概況' 的網頁 Metadata。
2026-02-15 00:04:16,073 - SUCCESS - 成功提取 '臺灣地區特用作物生產概況' 的網頁 Metadata。
2026-02-15 00:04:17,564 - SUCCESS - 成功提取 '農產品產地價格(月平均價格)' 的網頁 Metadata。
2026-02-15 00:04:17,564 - SUCCESS - 成功提取 '農產品產地價格(月平均價格)' 的網頁 Metadata。
2026-02-15 00:07:00,404 - SUCCESS - 成功提取 '產銷履歷與有機蔬果行情' 的網頁 Metadata。
2026-02-15 00:07:00,404 - SUCCESS - 成功提取 '產銷履歷與有機蔬果行情' 的網頁 Metadata。
2026-02-15 00:07:02,103 - SUCCESS - 成功提取 '各觀測站近兩年降雨量' 的網頁 Metadata。
2026-02-15 00:07:02,103 - SUCCESS - 成功提取 '各觀測站近兩年降雨量' 的網頁 Metadata。
2026-02-15 00:07:03,407 - SUCCESS - 成功提取 '臺灣地區果品生產概況' 的網頁 Metadata。
2026-02-15 00:07:03,407 - SUCCESS - 成功提取 '臺灣地區果品生產概況' 的網頁 Metadata。
2026-02-15 00:07:04,920 - SUCCESS - 成功提取 '臺灣地區特用作物生產概況' 的網頁 Metadata。
2026-02-15 00:07:04,920 - SUCCESS - 成功提取 '臺灣地區特用作物生產概況' 的網頁 Metadata。
2026-02-15 00:07:06,429 - SUCCESS - 成功提取 '農產品產地價格(月平均價格)' 的網頁 Metadata。
2026-02-15 00:07:06,429 - SUCCESS - 成功提取 '農產品產地價格(月平均價格)' 的網頁 Metadata。
2026-02-15 00:07:08,160 - SUCCESS - 成功提取 '農產品交易行情' 的網頁 Metadata。
2026-02-15 00:07:08,160 - SUCCESS - 成功提取 '農產品交易行情' 的網頁 Metadata。
2026-02-15 00:07:08,219 - SUCCESS - '農產品交易行情' 的 Metadata 已更新到 metadata.json。
2026-02-15 00:07:08,219 - SUCCESS - '農產品交易行情' 的 Metadata 已更新到 metadata.json。
2026-02-15 00:07:24,266 - SUCCESS - <農產品交易行情>的資料已下載完成，共 11797 筆資料。
2026-02-15 00:07:24,266 - SUCCESS - <農產品交易行情>的資料已下載完成，共 11797 筆資料。
2026-02-15 00:07:24,299 - SUCCESS - 已下載、去重並合併資料完成現有資料 0 條，新資料 0 條。
2026-02-15 00:07:24,299 - SUCCESS - 已下載、去重並合併資料完成現有資料 0 條，新資料 0 條。
2026-02-15 00:09:14,752 - SUCCESS - 成功提取 '產銷履歷與有機蔬果行情' 的網頁 Metadata。
2026-02-15 00:09:14,752 - SUCCESS - 成功提取 '產銷履歷與有機蔬果行情' 的網頁 Metadata。
2026-02-15 00:09:26,091 - SUCCESS - 成功提取 '產銷履歷與有機蔬果行情' 的網頁 Metadata。
2026-02-15 00:09:26,091 - SUCCESS - 成功提取 '產銷履歷與有機蔬果行情' 的網頁 Metadata。
2026-02-15 00:09:27,775 - SUCCESS - 成功提取 '各觀測站近兩年降雨量' 的網頁 Metadata。
2026-02-15 00:09:27,775 - SUCCESS - 成功提取 '各觀測站近兩年降雨量' 的網頁 Metadata。
2026-02-15 00:09:29,063 - SUCCESS - 成功提取 '臺灣地區果品生產概況' 的網頁 Metadata。
2026-02-15 00:09:29,063 - SUCCESS - 成功提取 '臺灣地區果品生產概況' 的網頁 Metadata。
2026-02-15 00:09:30,747 - SUCCESS - 成功提取 '臺灣地區特用作物生產概況' 的網頁 Metadata。
2026-02-15 00:09:30,747 - SUCCESS - 成功提取 '臺灣地區特用作物生產概況' 的網頁 Metadata。
2026-02-15 00:09:32,053 - SUCCESS - 成功提取 '農產品產地價格(月平均價格)' 的網頁 Metadata。
2026-02-15 00:09:32,053 - SUCCESS - 成功提取 '農產品產地價格(月平均價格)' 的網頁 Metadata。
2026-02-15 00:09:34,896 - SUCCESS - 成功提取 '農產品交易行情' 的網頁 Metadata。
2026-02-15 00:09:34,896 - SUCCESS - 成功提取 '農產品交易行情' 的網頁 Metadata。
2026-02-15 00:09:36,286 - SUCCESS - 成功提取 '臺灣地區稻作種植、收穫面積及產量' 的網頁 Metadata。
2026-02-15 00:09:36,286 - SUCCESS - 成功提取 '臺灣地區稻作種植、收穫面積及產量' 的網頁 Metadata。
2026-02-15 00:09:37,648 - SUCCESS - 成功提取 '全國單日平均糧價' 的網頁 Metadata。
2026-02-15 00:09:37,648 - SUCCESS - 成功提取 '全國單日平均糧價' 的網頁 Metadata。
2026-02-15 00:09:37,699 - SUCCESS - '全國單日平均糧價' 的 Metadata 已更新到 metadata.json。
2026-02-15 00:09:37,699 - SUCCESS - '全國單日平均糧價' 的 Metadata 已更新到 metadata.json。
2026-02-15 00:09:39,732 - SUCCESS - <全國單日平均糧價>的資料已下載完成，共 9195 筆資料。
2026-02-15 00:09:39,732 - SUCCESS - <全國單日平均糧價>的資料已下載完成，共 9195 筆資料。
2026-02-15 00:09:39,838 - SUCCESS - 已下載、去重並合併資料完成現有資料 0 條，新資料 0 條。
2026-02-15 00:09:39,838 - SUCCESS - 已下載、去重並合併資料完成現有資料 0 條，新資料 0 條。
2026-02-15 00:09:39,850 - SUCCESS - 插入或更新 '全國單日平均糧價' 的 Metadata 成功。
2026-02-15 00:09:39,850 - SUCCESS - 插入或更新 '全國單日平均糧價' 的 Metadata 成功。
2026-02-15 00:09:39,851 - SUCCESS - '全國單日平均糧價' 的自動更新完成。
2026-02-15 00:09:39,851 - SUCCESS - '全國單日平均糧價' 的自動更新完成。
2026-02-15 00:09:41,359 - SUCCESS - 成功提取 '臺灣地區稻米生產價值' 的網頁 Metadata。
2026-02-15 00:09:41,359 - SUCCESS - 成功提取 '臺灣地區稻米生產價值' 的網頁 Metadata。
2026-02-15 00:09:42,827 - SUCCESS - 成功提取 '臺灣地區蔬菜生產概況' 的網頁 Metadata。
2026-02-15 00:09:42,827 - SUCCESS - 成功提取 '臺灣地區蔬菜生產概況' 的網頁 Metadata。
2026-02-15 00:09:44,270 - SUCCESS - 成功提取 '臺灣地區農產品生產量值' 的網頁 Metadata。
2026-02-15 00:09:44,270 - SUCCESS - 成功提取 '臺灣地區農產品生產量值' 的網頁 Metadata。
2026-02-15 00:09:46,216 - SUCCESS - 成功提取 '農產品產地價格資料' 的網頁 Metadata。
2026-02-15 00:09:46,216 - SUCCESS - 成功提取 '農產品產地價格資料' 的網頁 Metadata。
2026-02-15 00:09:47,734 - SUCCESS - 成功提取 '雜糧生產概況' 的網頁 Metadata。
2026-02-15 00:09:47,734 - SUCCESS - 成功提取 '雜糧生產概況' 的網頁 Metadata。
2026-02-15 00:09:49,503 - SUCCESS - 成功提取 '農情調查' 的網頁 Metadata。
2026-02-15 00:09:49,503 - SUCCESS - 成功提取 '農情調查' 的網頁 Metadata。
2026-02-15 00:09:49,555 - SUCCESS - '農情調查' 的 Metadata 已更新到 metadata.json。
2026-02-15 00:09:49,555 - SUCCESS - '農情調查' 的 Metadata 已更新到 metadata.json。
2026-02-15 00:09:53,457 - SUCCESS - <農情調查>的資料已下載完成，共 9999 筆資料。
2026-02-15 00:09:53,457 - SUCCESS - <農情調查>的資料已下載完成，共 9999 筆資料。
2026-02-15 00:09:53,482 - SUCCESS - 已下載、去重並合併資料完成現有資料 0 條，新資料 0 條。
2026-02-15 00:09:53,482 - SUCCESS - 已下載、去重並合併資料完成現有資料 0 條，新資料 0 條。
2026-02-15 00:09:53,487 - SUCCESS - 插入或更新 '農情調查' 的 Metadata 成功。
2026-02-15 00:09:53,487 - SUCCESS - 插入或更新 '農情調查' 的 Metadata 成功。
2026-02-15 00:09:53,487 - SUCCESS - '農情調查' 的自動更新完成。
2026-02-15 00:09:53,487 - SUCCESS - '農情調查' 的自動更新完成。
2026-02-15 00:09:54,772 - SUCCESS - 成功提取 '糧價查詢' 的網頁 Metadata。
2026-02-15 00:09:54,772 - SUCCESS - 成功提取 '糧價查詢' 的網頁 Metadata。
2026-02-15 00:09:54,820 - SUCCESS - '糧價查詢' 的 Metadata 已更新到 metadata.json。
2026-02-15 00:09:54,820 - SUCCESS - '糧價查詢' 的 Metadata 已更新到 metadata.json。
2026-02-15 00:09:58,046 - SUCCESS - <糧價查詢>的資料已下載完成，共 9999 筆資料。
2026-02-15 00:09:58,046 - SUCCESS - <糧價查詢>的資料已下載完成，共 9999 筆資料。
2026-02-15 00:09:58,079 - SUCCESS - 已下載、去重並合併資料完成現有資料 0 條，新資料 0 條。
2026-02-15 00:09:58,079 - SUCCESS - 已下載、去重並合併資料完成現有資料 0 條，新資料 0 條。
2026-02-15 00:09:58,095 - SUCCESS - 插入或更新 '糧價查詢' 的 Metadata 成功。
2026-02-15 00:09:58,095 - SUCCESS - 插入或更新 '糧價查詢' 的 Metadata 成功。
2026-02-15 00:09:58,095 - SUCCESS - '糧價查詢' 的自動更新完成。
2026-02-15 00:09:58,095 - SUCCESS - '糧價查詢' 的自動更新完成。
2026-02-15 00:09:59,110 - SUCCESS - 已成功儲存次要資訊。
2026-02-15 00:09:59,110 - SUCCESS - 已成功儲存次要資訊。
2026-02-15 00:09:59,110 - SUCCESS - 更新結果儲存成功:{'產銷履歷與有機蔬果行情': '未更新', '各觀測站近兩年降雨量': '未更新', '臺灣地區果品生產概況': '未更新', '臺灣地區特用作物生產概況': '未更新', '農產品產地價格(月平均價格)': '未更新', '農產品交易行情': '未更新', '臺灣地區稻作種植、收穫面積及產量': '未更新', '全國單日平均糧價': '已更新', '臺灣地區稻米生產價值': '未更新', '臺灣地區蔬菜生產概況': '未更新', '臺灣地區農產品生產量值': '未更新', '農產品產地價格資料': '未更新', '雜糧生產概況': '未更新', '農情調查': '已更新', '糧價查詢': '已更新'}
2026-02-15 00:09:59,110 - SUCCESS - 更新結果儲存成功:{'產銷履歷與有機蔬果行情': '未更新', '各觀測站近兩年降雨量': '未更新', '臺灣地區果品生產概況': '未更新', '臺灣地區特用作物生產概況': '未更新', '農產品產地價格(月平均價格)': '未更新', '農產品交易行情': '未更新', '臺灣地區稻作種植、收穫面積及產量': '未更新', '全國單日平均糧價': '已更新', '臺灣地區稻米生產價值': '未更新', '臺灣地區蔬菜生產概況': '未更新', '臺灣地區農產品生產量值': '未更新', '農產品產地價格資料': '未更新', '雜糧生產概況': '未更新', '農情調查': '已更新', '糧價查詢': '已更新'}
2026-02-15 00:09:59,133 - SUCCESS - 已成功儲存次要資訊到資料庫。
2026-02-15 00:09:59,133 - SUCCESS - 已成功儲存次要資訊到資料庫。
2026-02-15 00:23:59,780 - SUCCESS - 成功提取 '農情調查' 的網頁 Metadata。
2026-02-15 00:23:59,780 - SUCCESS - 成功提取 '農情調查' 的網頁 Metadata。
2026-02-15 00:23:59,832 - SUCCESS - '農情調查' 的 Metadata 已更新到 metadata.json。
2026-02-15 00:23:59,832 - SUCCESS - '農情調查' 的 Metadata 已更新到 metadata.json。
2026-02-15 00:24:03,292 - SUCCESS - <農情調查>的資料已下載完成，共 9999 筆資料。
2026-02-15 00:24:03,292 - SUCCESS - <農情調查>的資料已下載完成，共 9999 筆資料。
2026-02-15 00:24:03,313 - SUCCESS - 已下載、去重並合併資料完成現有資料 0 條，新資料 0 條。
2026-02-15 00:24:03,313 - SUCCESS - 已下載、去重並合併資料完成現有資料 0 條，新資料 0 條。
2026-02-15 00:24:03,326 - SUCCESS - 插入或更新 '農情調查' 的 Metadata 成功。
2026-02-15 00:24:03,326 - SUCCESS - 插入或更新 '農情調查' 的 Metadata 成功。
2026-02-15 00:24:03,326 - SUCCESS - '農情調查' 的自動更新完成。
2026-02-15 00:24:03,326 - SUCCESS - '農情調查' 的自動更新完成。
2026-02-15 00:24:04,903 - SUCCESS - 成功提取 '糧價查詢' 的網頁 Metadata。
2026-02-15 00:24:04,903 - SUCCESS - 成功提取 '糧價查詢' 的網頁 Metadata。
2026-02-15 00:24:04,955 - SUCCESS - '糧價查詢' 的 Metadata 已更新到 metadata.json。
2026-02-15 00:24:04,955 - SUCCESS - '糧價查詢' 的 Metadata 已更新到 metadata.json。
2026-02-15 00:24:07,740 - SUCCESS - <糧價查詢>的資料已下載完成，共 9999 筆資料。
2026-02-15 00:24:07,740 - SUCCESS - <糧價查詢>的資料已下載完成，共 9999 筆資料。
2026-02-15 00:24:51,867 - SUCCESS - 已下載、去重並合併資料完成現有資料 8200 條，新資料 8200 條。
2026-02-15 00:24:51,867 - SUCCESS - 已下載、去重並合併資料完成現有資料 8200 條，新資料 8200 條。
2026-02-15 00:24:52,898 - SUCCESS - 已下載 '糧價查詢' 的原始 JSON 資料路徑: 'C:\Python\data_moa_gov_tw\raw_data\糧價查詢.json'
2026-02-15 00:24:52,898 - SUCCESS - 已下載 '糧價查詢' 的原始 JSON 資料路徑: 'C:\Python\data_moa_gov_tw\raw_data\糧價查詢.json'
2026-02-15 00:26:10,438 - SUCCESS - 插入或更新 '糧價查詢' 的 Metadata 成功。
2026-02-15 00:26:10,438 - SUCCESS - 插入或更新 '糧價查詢' 的 Metadata 成功。
2026-02-15 00:26:10,482 - SUCCESS - 已成功批量插入 '糧價查詢' 的總計 20 條記錄到表格 '1040004' 。
2026-02-15 00:26:10,482 - SUCCESS - 已成功批量插入 '糧價查詢' 的總計 20 條記錄到表格 '1040004' 。
2026-02-15 00:26:10,487 - SUCCESS - '糧價查詢' 的自動更新完成。
2026-02-15 00:26:10,487 - SUCCESS - '糧價查詢' 的自動更新完成。
2026-02-15 00:26:12,645 - SUCCESS - 成功提取 '產銷履歷與有機蔬果行情' 的網頁 Metadata。
2026-02-15 00:26:12,645 - SUCCESS - 成功提取 '產銷履歷與有機蔬果行情' 的網頁 Metadata。
2026-02-15 00:26:14,562 - SUCCESS - 成功提取 '各觀測站近兩年降雨量' 的網頁 Metadata。
2026-02-15 00:26:14,562 - SUCCESS - 成功提取 '各觀測站近兩年降雨量' 的網頁 Metadata。
2026-02-15 00:26:16,082 - SUCCESS - 成功提取 '臺灣地區果品生產概況' 的網頁 Metadata。
2026-02-15 00:26:16,082 - SUCCESS - 成功提取 '臺灣地區果品生產概況' 的網頁 Metadata。
2026-02-15 00:26:17,829 - SUCCESS - 成功提取 '臺灣地區特用作物生產概況' 的網頁 Metadata。
2026-02-15 00:26:17,829 - SUCCESS - 成功提取 '臺灣地區特用作物生產概況' 的網頁 Metadata。
2026-02-15 00:26:19,194 - SUCCESS - 成功提取 '農產品產地價格(月平均價格)' 的網頁 Metadata。
2026-02-15 00:26:19,194 - SUCCESS - 成功提取 '農產品產地價格(月平均價格)' 的網頁 Metadata。
2026-02-15 00:26:19,248 - SUCCESS - '農產品產地價格(月平均價格)' 的 Metadata 已更新到 metadata.json。
2026-02-15 00:26:19,248 - SUCCESS - '農產品產地價格(月平均價格)' 的 Metadata 已更新到 metadata.json。
2026-02-15 00:26:20,718 - SUCCESS - <農產品產地價格(月平均價格)>的資料已下載完成，共 4285 筆資料。
2026-02-15 00:26:20,718 - SUCCESS - <農產品產地價格(月平均價格)>的資料已下載完成，共 4285 筆資料。
2026-02-15 00:26:32,832 - SUCCESS - 已下載、去重並合併資料完成現有資料 228 條，新資料 228 條。
2026-02-15 00:26:32,832 - SUCCESS - 已下載、去重並合併資料完成現有資料 228 條，新資料 228 條。
2026-02-15 00:26:32,864 - SUCCESS - 插入或更新 '農產品產地價格(月平均價格)' 的 Metadata 成功。
2026-02-15 00:26:32,864 - SUCCESS - 插入或更新 '農產品產地價格(月平均價格)' 的 Metadata 成功。
2026-02-15 00:26:32,865 - SUCCESS - '農產品產地價格(月平均價格)' 的自動更新完成。
2026-02-15 00:26:32,865 - SUCCESS - '農產品產地價格(月平均價格)' 的自動更新完成。
2026-02-15 00:26:34,343 - SUCCESS - 成功提取 '農產品交易行情' 的網頁 Metadata。
2026-02-15 00:26:34,343 - SUCCESS - 成功提取 '農產品交易行情' 的網頁 Metadata。
2026-02-15 00:26:34,399 - SUCCESS - '農產品交易行情' 的 Metadata 已更新到 metadata.json。
2026-02-15 00:26:34,399 - SUCCESS - '農產品交易行情' 的 Metadata 已更新到 metadata.json。
2026-02-15 00:26:51,983 - SUCCESS - <農產品交易行情>的資料已下載完成，共 11797 筆資料。
2026-02-15 00:26:51,983 - SUCCESS - <農產品交易行情>的資料已下載完成，共 11797 筆資料。
2026-02-15 00:26:52,434 - SUCCESS - 已下載、去重並合併資料完成現有資料 11797 條，新資料 11797 條。
2026-02-15 00:26:52,434 - SUCCESS - 已下載、去重並合併資料完成現有資料 11797 條，新資料 11797 條。
2026-02-15 00:26:59,326 - SUCCESS - 已下載 '農產品交易行情' 的原始 JSON 資料路徑: 'C:\Python\data_moa_gov_tw\raw_data\農產品交易行情.json'
2026-02-15 00:26:59,326 - SUCCESS - 已下載 '農產品交易行情' 的原始 JSON 資料路徑: 'C:\Python\data_moa_gov_tw\raw_data\農產品交易行情.json'
2026-02-15 00:27:31,694 - SUCCESS - 插入或更新 '農產品交易行情' 的 Metadata 成功。
2026-02-15 00:27:31,694 - SUCCESS - 插入或更新 '農產品交易行情' 的 Metadata 成功。
2026-02-15 00:27:33,430 - SUCCESS - 已成功批量插入 '農產品交易行情' 的總計 3751 條記錄到表格 '1040012' 。
2026-02-15 00:27:33,430 - SUCCESS - 已成功批量插入 '農產品交易行情' 的總計 3751 條記錄到表格 '1040012' 。
2026-02-15 00:27:33,438 - SUCCESS - '農產品交易行情' 的自動更新完成。
2026-02-15 00:27:33,438 - SUCCESS - '農產品交易行情' 的自動更新完成。
2026-02-15 00:27:35,108 - SUCCESS - 成功提取 '臺灣地區稻作種植、收穫面積及產量' 的網頁 Metadata。
2026-02-15 00:27:35,108 - SUCCESS - 成功提取 '臺灣地區稻作種植、收穫面積及產量' 的網頁 Metadata。
2026-02-15 00:27:35,160 - SUCCESS - '臺灣地區稻作種植、收穫面積及產量' 的 Metadata 已更新到 metadata.json。
2026-02-15 00:27:35,160 - SUCCESS - '臺灣地區稻作種植、收穫面積及產量' 的 Metadata 已更新到 metadata.json。
2026-02-15 00:27:36,463 - SUCCESS - <臺灣地區稻作種植、收穫面積及產量>的資料已下載完成，共 2132 筆資料。
2026-02-15 00:27:36,463 - SUCCESS - <臺灣地區稻作種植、收穫面積及產量>的資料已下載完成，共 2132 筆資料。
2026-02-15 00:27:36,475 - SUCCESS - 已下載、去重並合併資料完成現有資料 0 條，新資料 0 條。
2026-02-15 00:27:36,475 - SUCCESS - 已下載、去重並合併資料完成現有資料 0 條，新資料 0 條。
2026-02-15 00:27:36,479 - SUCCESS - 插入或更新 '臺灣地區稻作種植、收穫面積及產量' 的 Metadata 成功。
2026-02-15 00:27:36,479 - SUCCESS - 插入或更新 '臺灣地區稻作種植、收穫面積及產量' 的 Metadata 成功。
2026-02-15 00:27:36,479 - SUCCESS - '臺灣地區稻作種植、收穫面積及產量' 的自動更新完成。
2026-02-15 00:27:36,479 - SUCCESS - '臺灣地區稻作種植、收穫面積及產量' 的自動更新完成。
2026-02-15 00:27:38,375 - SUCCESS - 成功提取 '全國單日平均糧價' 的網頁 Metadata。
2026-02-15 00:27:38,375 - SUCCESS - 成功提取 '全國單日平均糧價' 的網頁 Metadata。
2026-02-15 00:27:38,424 - SUCCESS - '全國單日平均糧價' 的 Metadata 已更新到 metadata.json。
2026-02-15 00:27:38,424 - SUCCESS - '全國單日平均糧價' 的 Metadata 已更新到 metadata.json。
2026-02-15 00:27:40,796 - SUCCESS - <全國單日平均糧價>的資料已下載完成，共 9195 筆資料。
2026-02-15 00:27:40,796 - SUCCESS - <全國單日平均糧價>的資料已下載完成，共 9195 筆資料。
2026-02-15 00:27:44,810 - SUCCESS - 已下載、去重並合併資料完成現有資料 409 條，新資料 409 條。
2026-02-15 00:27:44,810 - SUCCESS - 已下載、去重並合併資料完成現有資料 409 條，新資料 409 條。
2026-02-15 00:27:44,969 - SUCCESS - 已下載 '全國單日平均糧價' 的原始 JSON 資料路徑: 'C:\Python\data_moa_gov_tw\raw_data\全國單日平均糧價.json'
2026-02-15 00:27:44,969 - SUCCESS - 已下載 '全國單日平均糧價' 的原始 JSON 資料路徑: 'C:\Python\data_moa_gov_tw\raw_data\全國單日平均糧價.json'
2026-02-15 00:27:51,493 - SUCCESS - 插入或更新 '全國單日平均糧價' 的 Metadata 成功。
2026-02-15 00:27:51,493 - SUCCESS - 插入或更新 '全國單日平均糧價' 的 Metadata 成功。
2026-02-15 00:27:51,508 - SUCCESS - 已成功批量插入 '全國單日平均糧價' 的總計 1 條記錄到表格 '1040001' 。
2026-02-15 00:27:51,508 - SUCCESS - 已成功批量插入 '全國單日平均糧價' 的總計 1 條記錄到表格 '1040001' 。
2026-02-15 00:27:51,509 - SUCCESS - '全國單日平均糧價' 的自動更新完成。
2026-02-15 00:27:51,509 - SUCCESS - '全國單日平均糧價' 的自動更新完成。
2026-02-15 00:27:53,288 - SUCCESS - 成功提取 '臺灣地區稻米生產價值' 的網頁 Metadata。
2026-02-15 00:27:53,288 - SUCCESS - 成功提取 '臺灣地區稻米生產價值' 的網頁 Metadata。
2026-02-15 00:27:53,340 - SUCCESS - '臺灣地區稻米生產價值' 的 Metadata 已更新到 metadata.json。
2026-02-15 00:27:53,340 - SUCCESS - '臺灣地區稻米生產價值' 的 Metadata 已更新到 metadata.json。
2026-02-15 00:27:54,081 - SUCCESS - <臺灣地區稻米生產價值>的資料已下載完成，共 3051 筆資料。
2026-02-15 00:27:54,081 - SUCCESS - <臺灣地區稻米生產價值>的資料已下載完成，共 3051 筆資料。
2026-02-15 00:27:54,097 - SUCCESS - 已下載、去重並合併資料完成現有資料 0 條，新資料 0 條。
2026-02-15 00:27:54,097 - SUCCESS - 已下載、去重並合併資料完成現有資料 0 條，新資料 0 條。
2026-02-15 00:27:54,101 - SUCCESS - 插入或更新 '臺灣地區稻米生產價值' 的 Metadata 成功。
2026-02-15 00:27:54,101 - SUCCESS - 插入或更新 '臺灣地區稻米生產價值' 的 Metadata 成功。
2026-02-15 00:27:54,102 - SUCCESS - '臺灣地區稻米生產價值' 的自動更新完成。
2026-02-15 00:27:54,102 - SUCCESS - '臺灣地區稻米生產價值' 的自動更新完成。
2026-02-15 00:27:55,367 - SUCCESS - 成功提取 '臺灣地區蔬菜生產概況' 的網頁 Metadata。
2026-02-15 00:27:55,367 - SUCCESS - 成功提取 '臺灣地區蔬菜生產概況' 的網頁 Metadata。
2026-02-15 00:27:55,415 - SUCCESS - '臺灣地區蔬菜生產概況' 的 Metadata 已更新到 metadata.json。
2026-02-15 00:27:55,415 - SUCCESS - '臺灣地區蔬菜生產概況' 的 Metadata 已更新到 metadata.json。
2026-02-15 00:27:56,714 - SUCCESS - <臺灣地區蔬菜生產概況>的資料已下載完成，共 9999 筆資料。
2026-02-15 00:27:56,714 - SUCCESS - <臺灣地區蔬菜生產概況>的資料已下載完成，共 9999 筆資料。
2026-02-15 00:27:56,730 - SUCCESS - 已下載、去重並合併資料完成現有資料 0 條，新資料 0 條。
2026-02-15 00:27:56,730 - SUCCESS - 已下載、去重並合併資料完成現有資料 0 條，新資料 0 條。
2026-02-15 00:27:56,735 - SUCCESS - 插入或更新 '臺灣地區蔬菜生產概況' 的 Metadata 成功。
2026-02-15 00:27:56,735 - SUCCESS - 插入或更新 '臺灣地區蔬菜生產概況' 的 Metadata 成功。
2026-02-15 00:27:56,735 - SUCCESS - '臺灣地區蔬菜生產概況' 的自動更新完成。
2026-02-15 00:27:56,735 - SUCCESS - '臺灣地區蔬菜生產概況' 的自動更新完成。
2026-02-15 00:27:58,640 - SUCCESS - 成功提取 '臺灣地區農產品生產量值' 的網頁 Metadata。
2026-02-15 00:27:58,640 - SUCCESS - 成功提取 '臺灣地區農產品生產量值' 的網頁 Metadata。
2026-02-15 00:27:58,691 - SUCCESS - '臺灣地區農產品生產量值' 的 Metadata 已更新到 metadata.json。
2026-02-15 00:27:58,691 - SUCCESS - '臺灣地區農產品生產量值' 的 Metadata 已更新到 metadata.json。
2026-02-15 00:27:59,360 - SUCCESS - <臺灣地區農產品生產量值>的資料已下載完成，共 2432 筆資料。
2026-02-15 00:27:59,360 - SUCCESS - <臺灣地區農產品生產量值>的資料已下載完成，共 2432 筆資料。
2026-02-15 00:27:59,368 - SUCCESS - 已下載、去重並合併資料完成現有資料 0 條，新資料 0 條。
2026-02-15 00:27:59,368 - SUCCESS - 已下載、去重並合併資料完成現有資料 0 條，新資料 0 條。
2026-02-15 00:27:59,372 - SUCCESS - 插入或更新 '臺灣地區農產品生產量值' 的 Metadata 成功。
2026-02-15 00:27:59,372 - SUCCESS - 插入或更新 '臺灣地區農產品生產量值' 的 Metadata 成功。
2026-02-15 00:27:59,372 - SUCCESS - '臺灣地區農產品生產量值' 的自動更新完成。
2026-02-15 00:27:59,372 - SUCCESS - '臺灣地區農產品生產量值' 的自動更新完成。
2026-02-15 00:28:00,824 - SUCCESS - 成功提取 '農產品產地價格資料' 的網頁 Metadata。
2026-02-15 00:28:00,824 - SUCCESS - 成功提取 '農產品產地價格資料' 的網頁 Metadata。
2026-02-15 00:28:00,871 - SUCCESS - '農產品產地價格資料' 的 Metadata 已更新到 metadata.json。
2026-02-15 00:28:00,871 - SUCCESS - '農產品產地價格資料' 的 Metadata 已更新到 metadata.json。
2026-02-15 00:28:01,758 - SUCCESS - <農產品產地價格資料>的資料已下載完成，共 9999 筆資料。
2026-02-15 00:28:01,758 - SUCCESS - <農產品產地價格資料>的資料已下載完成，共 9999 筆資料。
2026-02-15 00:28:04,272 - SUCCESS - 已下載、去重並合併資料完成現有資料 9999 條，新資料 9999 條。
2026-02-15 00:28:04,272 - SUCCESS - 已下載、去重並合併資料完成現有資料 9999 條，新資料 9999 條。
2026-02-15 00:28:05,882 - SUCCESS - 插入或更新 '農產品產地價格資料' 的 Metadata 成功。
2026-02-15 00:28:05,882 - SUCCESS - 插入或更新 '農產品產地價格資料' 的 Metadata 成功。
2026-02-15 00:28:05,885 - SUCCESS - '農產品產地價格資料' 的自動更新完成。
2026-02-15 00:28:05,885 - SUCCESS - '農產品產地價格資料' 的自動更新完成。
2026-02-15 00:28:07,566 - SUCCESS - 成功提取 '雜糧生產概況' 的網頁 Metadata。
2026-02-15 00:28:07,566 - SUCCESS - 成功提取 '雜糧生產概況' 的網頁 Metadata。
2026-02-15 00:28:07,617 - SUCCESS - '雜糧生產概況' 的 Metadata 已更新到 metadata.json。
2026-02-15 00:28:07,617 - SUCCESS - '雜糧生產概況' 的 Metadata 已更新到 metadata.json。
2026-02-15 00:28:08,535 - SUCCESS - <雜糧生產概況>的資料已下載完成，共 5246 筆資料。
2026-02-15 00:28:08,535 - SUCCESS - <雜糧生產概況>的資料已下載完成，共 5246 筆資料。
2026-02-15 00:28:08,552 - SUCCESS - 已下載、去重並合併資料完成現有資料 0 條，新資料 0 條。
2026-02-15 00:28:08,552 - SUCCESS - 已下載、去重並合併資料完成現有資料 0 條，新資料 0 條。
2026-02-15 00:28:08,556 - SUCCESS - 插入或更新 '雜糧生產概況' 的 Metadata 成功。
2026-02-15 00:28:08,556 - SUCCESS - 插入或更新 '雜糧生產概況' 的 Metadata 成功。
2026-02-15 00:28:08,557 - SUCCESS - '雜糧生產概況' 的自動更新完成。
2026-02-15 00:28:08,557 - SUCCESS - '雜糧生產概況' 的自動更新完成。
2026-02-15 00:28:09,572 - SUCCESS - 已成功儲存次要資訊。
2026-02-15 00:28:09,572 - SUCCESS - 已成功儲存次要資訊。
2026-02-15 00:28:09,572 - SUCCESS - 更新結果儲存成功:{'農情調查': '已更新', '糧價查詢': '已更新', '產銷履歷與有機蔬果行情': '未更新', '各觀測站近兩年降雨量': '未更新', '臺灣地區果品生產概況': '未更新', '臺灣地區特用作物生產概況': '未更新', '農產品產地價格(月平均價格)': '已更新', '農產品交易行情': '已更新', '臺灣地區稻作種植、收穫面積及產量': '已更新', '全國單日平均糧價': '已更新', '臺灣地區稻米生產價值': '已更新', '臺灣地區蔬菜生產概況': '已更新', '臺灣地區農產品生產量值': '已更新', '農產品產地價格資料': '已更新', '雜糧生產概況': '已更新'}
2026-02-15 00:28:09,572 - SUCCESS - 更新結果儲存成功:{'農情調查': '已更新', '糧價查詢': '已更新', '產銷履歷與有機蔬果行情': '未更新', '各觀測站近兩年降雨量': '未更新', '臺灣地區果品生產概況': '未更新', '臺灣地區特用作物生產概況': '未更新', '農產品產地價格(月平均價格)': '已更新', '農產品交易行情': '已更新', '臺灣地區稻作種植、收穫面積及產量': '已更新', '全國單日平均糧價': '已更新', '臺灣地區稻米生產價值': '已更新', '臺灣地區蔬菜生產概況': '已更新', '臺灣地區農產品生產量值': '已更新', '農產品產地價格資料': '已更新', '雜糧生產概況': '已更新'}
2026-02-15 00:28:09,592 - SUCCESS - 已成功儲存次要資訊到資料庫。
2026-02-15 00:28:09,592 - SUCCESS - 已成功儲存次要資訊到資料庫。
