2025-12-19 22:38:26,454 - SUCCESS - 成功提取 '全國單日平均糧價' 的網頁 Metadata。
2025-12-19 22:38:26,454 - SUCCESS - 成功提取 '全國單日平均糧價' 的網頁 Metadata。
2025-12-19 22:38:26,538 - SUCCESS - '全國單日平均糧價' 的 Metadata 已更新到 metadata.json。
2025-12-19 22:38:26,538 - SUCCESS - '全國單日平均糧價' 的 Metadata 已更新到 metadata.json。
2025-12-19 22:38:28,613 - SUCCESS - <全國單日平均糧價>的資料已下載完成，共 9139 筆資料。
2025-12-19 22:38:28,613 - SUCCESS - <全國單日平均糧價>的資料已下載完成，共 9139 筆資料。
2025-12-19 22:38:30,309 - SUCCESS - 已下載、去重並合併資料完成現有資料 9139 條，新資料 1 條。
2025-12-19 22:38:30,309 - SUCCESS - 已下載、去重並合併資料完成現有資料 9139 條，新資料 1 條。
2025-12-19 22:38:30,389 - SUCCESS - 已下載 '全國單日平均糧價' 的原始 JSON 資料路徑: 'C:\Python\data_moa_gov_tw\raw_data\全國單日平均糧價\全國單日平均糧價.json'
2025-12-19 22:38:30,389 - SUCCESS - 已下載 '全國單日平均糧價' 的原始 JSON 資料路徑: 'C:\Python\data_moa_gov_tw\raw_data\全國單日平均糧價\全國單日平均糧價.json'
2025-12-19 22:38:30,412 - SUCCESS - 插入或更新 '全國單日平均糧價' 的 Metadata 成功。
2025-12-19 22:38:30,412 - SUCCESS - 插入或更新 '全國單日平均糧價' 的 Metadata 成功。
2025-12-19 22:38:30,420 - SUCCESS - 已成功批量插入 '全國單日平均糧價' 的總計 1 條記錄到表格 '1040001' 。
2025-12-19 22:38:30,420 - SUCCESS - 已成功批量插入 '全國單日平均糧價' 的總計 1 條記錄到表格 '1040001' 。
2025-12-19 22:38:30,426 - SUCCESS - '全國單日平均糧價' 的自動更新完成。
2025-12-19 22:38:30,426 - SUCCESS - '全國單日平均糧價' 的自動更新完成。
2025-12-19 22:38:33,871 - SUCCESS - 成功提取 '各觀測站近兩年降雨量' 的網頁 Metadata。
2025-12-19 22:38:33,871 - SUCCESS - 成功提取 '各觀測站近兩年降雨量' 的網頁 Metadata。
2025-12-19 22:38:37,457 - SUCCESS - 成功提取 '產銷履歷與有機蔬果行情' 的網頁 Metadata。
2025-12-19 22:38:37,457 - SUCCESS - 成功提取 '產銷履歷與有機蔬果行情' 的網頁 Metadata。
2025-12-19 22:38:37,496 - SUCCESS - '產銷履歷與有機蔬果行情' 的 Metadata 已更新到 metadata.json。
2025-12-19 22:38:37,496 - SUCCESS - '產銷履歷與有機蔬果行情' 的 Metadata 已更新到 metadata.json。
2025-12-19 22:38:52,034 - SUCCESS - <產銷履歷與有機蔬果行情>的資料已下載完成，共 4670 筆資料。
2025-12-19 22:38:52,034 - SUCCESS - <產銷履歷與有機蔬果行情>的資料已下載完成，共 4670 筆資料。
2025-12-19 22:39:18,473 - SUCCESS - 已下載、去重並合併資料完成現有資料 285076 條，新資料 2357 條。
2025-12-19 22:39:18,473 - SUCCESS - 已下載、去重並合併資料完成現有資料 285076 條，新資料 2357 條。
2025-12-19 22:39:20,251 - SUCCESS - 已下載 '產銷履歷與有機蔬果行情' 的原始 JSON 資料路徑: 'C:\Python\data_moa_gov_tw\raw_data\產銷履歷與有機蔬果行情\產銷履歷與有機蔬果行情.json'
2025-12-19 22:39:20,251 - SUCCESS - 已下載 '產銷履歷與有機蔬果行情' 的原始 JSON 資料路徑: 'C:\Python\data_moa_gov_tw\raw_data\產銷履歷與有機蔬果行情\產銷履歷與有機蔬果行情.json'
2025-12-19 22:39:20,258 - SUCCESS - 插入或更新 '產銷履歷與有機蔬果行情' 的 Metadata 成功。
2025-12-19 22:39:20,258 - SUCCESS - 插入或更新 '產銷履歷與有機蔬果行情' 的 Metadata 成功。
2025-12-19 22:39:21,434 - SUCCESS - 已成功批量插入 '產銷履歷與有機蔬果行情' 的總計 2357 條記錄到表格 '1040003' 。
2025-12-19 22:39:21,434 - SUCCESS - 已成功批量插入 '產銷履歷與有機蔬果行情' 的總計 2357 條記錄到表格 '1040003' 。
2025-12-19 22:39:21,554 - SUCCESS - '產銷履歷與有機蔬果行情' 的自動更新完成。
2025-12-19 22:39:21,554 - SUCCESS - '產銷履歷與有機蔬果行情' 的自動更新完成。
2025-12-19 22:39:23,786 - SUCCESS - 成功提取 '糧價查詢' 的網頁 Metadata。
2025-12-19 22:39:23,786 - SUCCESS - 成功提取 '糧價查詢' 的網頁 Metadata。
2025-12-19 22:39:23,828 - SUCCESS - '糧價查詢' 的 Metadata 已更新到 metadata.json。
2025-12-19 22:39:23,828 - SUCCESS - '糧價查詢' 的 Metadata 已更新到 metadata.json。
2025-12-19 22:39:26,621 - SUCCESS - <糧價查詢>的資料已下載完成，共 9999 筆資料。
2025-12-19 22:39:26,621 - SUCCESS - <糧價查詢>的資料已下載完成，共 9999 筆資料。
2025-12-19 22:39:27,551 - SUCCESS - 已下載、去重並合併資料完成現有資料 10313 條，新資料 33 條。
2025-12-19 22:39:27,551 - SUCCESS - 已下載、去重並合併資料完成現有資料 10313 條，新資料 33 條。
2025-12-19 22:39:28,615 - SUCCESS - 已下載 '糧價查詢' 的原始 JSON 資料路徑: 'C:\Python\data_moa_gov_tw\raw_data\糧價查詢\糧價查詢.json'
2025-12-19 22:39:28,615 - SUCCESS - 已下載 '糧價查詢' 的原始 JSON 資料路徑: 'C:\Python\data_moa_gov_tw\raw_data\糧價查詢\糧價查詢.json'
2025-12-19 22:39:28,623 - SUCCESS - 插入或更新 '糧價查詢' 的 Metadata 成功。
2025-12-19 22:39:28,623 - SUCCESS - 插入或更新 '糧價查詢' 的 Metadata 成功。
2025-12-19 22:39:28,645 - SUCCESS - 已成功批量插入 '糧價查詢' 的總計 20 條記錄到表格 '1040004' 。
2025-12-19 22:39:28,645 - SUCCESS - 已成功批量插入 '糧價查詢' 的總計 20 條記錄到表格 '1040004' 。
2025-12-19 22:39:28,656 - SUCCESS - '糧價查詢' 的自動更新完成。
2025-12-19 22:39:28,656 - SUCCESS - '糧價查詢' 的自動更新完成。
2025-12-19 22:39:30,823 - SUCCESS - 成功提取 '臺灣地區果品生產概況' 的網頁 Metadata。
2025-12-19 22:39:30,823 - SUCCESS - 成功提取 '臺灣地區果品生產概況' 的網頁 Metadata。
2025-12-19 22:39:32,659 - SUCCESS - 成功提取 '臺灣地區特用作物生產概況' 的網頁 Metadata。
2025-12-19 22:39:32,659 - SUCCESS - 成功提取 '臺灣地區特用作物生產概況' 的網頁 Metadata。
2025-12-19 22:39:35,153 - SUCCESS - 成功提取 '臺灣地區稻作種植、收穫面積及產量' 的網頁 Metadata。
2025-12-19 22:39:35,153 - SUCCESS - 成功提取 '臺灣地區稻作種植、收穫面積及產量' 的網頁 Metadata。
2025-12-19 22:39:37,223 - SUCCESS - 成功提取 '臺灣地區稻米生產價值' 的網頁 Metadata。
2025-12-19 22:39:37,223 - SUCCESS - 成功提取 '臺灣地區稻米生產價值' 的網頁 Metadata。
2025-12-19 22:39:39,408 - SUCCESS - 成功提取 '臺灣地區蔬菜生產概況' 的網頁 Metadata。
2025-12-19 22:39:39,408 - SUCCESS - 成功提取 '臺灣地區蔬菜生產概況' 的網頁 Metadata。
2025-12-19 22:39:42,379 - SUCCESS - 成功提取 '臺灣地區農產品生產量值' 的網頁 Metadata。
2025-12-19 22:39:42,379 - SUCCESS - 成功提取 '臺灣地區農產品生產量值' 的網頁 Metadata。
2025-12-19 22:39:44,068 - SUCCESS - 成功提取 '農情調查' 的網頁 Metadata。
2025-12-19 22:39:44,068 - SUCCESS - 成功提取 '農情調查' 的網頁 Metadata。
2025-12-19 22:39:44,116 - SUCCESS - '農情調查' 的 Metadata 已更新到 metadata.json。
2025-12-19 22:39:44,116 - SUCCESS - '農情調查' 的 Metadata 已更新到 metadata.json。
2025-12-19 22:39:48,128 - SUCCESS - <農情調查>的資料已下載完成，共 9999 筆資料。
2025-12-19 22:39:48,128 - SUCCESS - <農情調查>的資料已下載完成，共 9999 筆資料。
2025-12-19 22:39:49,488 - SUCCESS - 已下載、去重並合併資料完成現有資料 45259 條，新資料 0 條。
2025-12-19 22:39:49,488 - SUCCESS - 已下載、去重並合併資料完成現有資料 45259 條，新資料 0 條。
2025-12-19 22:39:49,834 - SUCCESS - 插入或更新 '農情調查' 的 Metadata 成功。
2025-12-19 22:39:49,834 - SUCCESS - 插入或更新 '農情調查' 的 Metadata 成功。
2025-12-19 22:39:49,853 - SUCCESS - '農情調查' 的自動更新完成。
2025-12-19 22:39:49,853 - SUCCESS - '農情調查' 的自動更新完成。
2025-12-19 22:39:51,797 - SUCCESS - 成功提取 '農產品交易行情' 的網頁 Metadata。
2025-12-19 22:39:51,797 - SUCCESS - 成功提取 '農產品交易行情' 的網頁 Metadata。
2025-12-19 22:39:51,855 - SUCCESS - '農產品交易行情' 的 Metadata 已更新到 metadata.json。
2025-12-19 22:39:51,855 - SUCCESS - '農產品交易行情' 的 Metadata 已更新到 metadata.json。
2025-12-19 22:40:31,935 - SUCCESS - <農產品交易行情>的資料已下載完成，共 14901 筆資料。
2025-12-19 22:40:31,935 - SUCCESS - <農產品交易行情>的資料已下載完成，共 14901 筆資料。
2025-12-19 22:41:03,954 - SUCCESS - 已下載、去重並合併資料完成現有資料 536874 條，新資料 3562 條。
2025-12-19 22:41:03,954 - SUCCESS - 已下載、去重並合併資料完成現有資料 536874 條，新資料 3562 條。
2025-12-19 22:41:07,443 - SUCCESS - 已下載 '農產品交易行情' 的原始 JSON 資料路徑: 'C:\Python\data_moa_gov_tw\raw_data\農產品交易行情\農產品交易行情.json'
2025-12-19 22:41:07,443 - SUCCESS - 已下載 '農產品交易行情' 的原始 JSON 資料路徑: 'C:\Python\data_moa_gov_tw\raw_data\農產品交易行情\農產品交易行情.json'
2025-12-19 22:41:07,450 - SUCCESS - 插入或更新 '農產品交易行情' 的 Metadata 成功。
2025-12-19 22:41:07,450 - SUCCESS - 插入或更新 '農產品交易行情' 的 Metadata 成功。
2025-12-19 22:41:09,678 - SUCCESS - 已成功批量插入 '農產品交易行情' 的總計 3562 條記錄到表格 '1040012' 。
2025-12-19 22:41:09,678 - SUCCESS - 已成功批量插入 '農產品交易行情' 的總計 3562 條記錄到表格 '1040012' 。
2025-12-19 22:41:09,987 - SUCCESS - '農產品交易行情' 的自動更新完成。
2025-12-19 22:41:09,987 - SUCCESS - '農產品交易行情' 的自動更新完成。
2025-12-19 22:41:12,312 - SUCCESS - 成功提取 '農產品產地價格(月平均價格)' 的網頁 Metadata。
2025-12-19 22:41:12,312 - SUCCESS - 成功提取 '農產品產地價格(月平均價格)' 的網頁 Metadata。
2025-12-19 22:41:13,905 - SUCCESS - 成功提取 '農產品產地價格資料' 的網頁 Metadata。
2025-12-19 22:41:13,905 - SUCCESS - 成功提取 '農產品產地價格資料' 的網頁 Metadata。
2025-12-19 22:41:15,389 - SUCCESS - 成功提取 '雜糧生產概況' 的網頁 Metadata。
2025-12-19 22:41:15,389 - SUCCESS - 成功提取 '雜糧生產概況' 的網頁 Metadata。
2025-12-19 22:41:16,404 - SUCCESS - 已成功儲存次要資訊。
2025-12-19 22:41:16,404 - SUCCESS - 已成功儲存次要資訊。
2025-12-19 22:41:16,404 - SUCCESS - 更新結果儲存成功:{'全國單日平均糧價': '已更新', '各觀測站近兩年降雨量': '未更新', '產銷履歷與有機蔬果行情': '已更新', '糧價查詢': '已更新', '臺灣地區果品生產概況': '未更新', '臺灣地區特用作物生產概況': '未更新', '臺灣地區稻作種植、收穫面積及產量': '未更新', '臺灣地區稻米生產價值': '未更新', '臺灣地區蔬菜生產概況': '未更新', '臺灣地區農產品生產量值': '未更新', '農情調查': '已更新', '農產品交易行情': '已更新', '農產品產地價格(月平均價格)': '未更新', '農產品產地價格資料': '未更新', '雜糧生產概況': '未更新'}
2025-12-19 22:41:16,404 - SUCCESS - 更新結果儲存成功:{'全國單日平均糧價': '已更新', '各觀測站近兩年降雨量': '未更新', '產銷履歷與有機蔬果行情': '已更新', '糧價查詢': '已更新', '臺灣地區果品生產概況': '未更新', '臺灣地區特用作物生產概況': '未更新', '臺灣地區稻作種植、收穫面積及產量': '未更新', '臺灣地區稻米生產價值': '未更新', '臺灣地區蔬菜生產概況': '未更新', '臺灣地區農產品生產量值': '未更新', '農情調查': '已更新', '農產品交易行情': '已更新', '農產品產地價格(月平均價格)': '未更新', '農產品產地價格資料': '未更新', '雜糧生產概況': '未更新'}
