2026-03-08 00:05:59,364 - SUCCESS - 插入或更新 '產銷履歷與有機蔬果行情' 的 Metadata 成功。
2026-03-08 00:06:02,954 - SUCCESS - '產銷履歷與有機蔬果行情' 的自動更新完成。
2026-03-08 00:07:33,390 - SUCCESS - 插入或更新 '農產品交易行情' 的 Metadata 成功。
2026-03-08 00:07:33,872 - SUCCESS - '農產品交易行情' 的自動更新完成。
2026-03-08 00:07:47,339 - SUCCESS - 插入或更新 '農情調查' 的 Metadata 成功。
2026-03-08 00:07:47,339 - SUCCESS - '農情調查' 的自動更新完成。
2026-03-08 00:08:04,824 - SUCCESS - 插入或更新 '全國單日平均糧價' 的 Metadata 成功。
2026-03-08 00:08:04,825 - SUCCESS - '全國單日平均糧價' 的自動更新完成。
2026-03-08 00:08:12,998 - fully_auto_update - EXECUTION - 更新結果:{'產銷履歷與有機蔬果行情': '已更新', '各觀測站近兩年降雨量': '未更新', '臺灣地區果品生產概況': '未更新', '臺灣地區特用作物生產概況': '未更新', '農產品交易行情': '已更新', '臺灣地區稻作種植、收穫面積及產量': '未更新', '臺灣地區稻米生產價值': '未更新', '農產品產地價格資料': '未更新', '農情調查': '已更新', '臺灣地區農產品生產量值': '未更新', '雜糧生產概況': '未更新', '全國單日平均糧價': '已更新', '農產品產地價格(月平均價格)': '未更新', '臺灣地區蔬菜生產概況': '未更新', '糧價查詢': '未更新'}
2026-03-08 21:58:43,327 - SUCCESS - 插入或更新 '產銷履歷與有機蔬果行情' 的 Metadata 成功。
2026-03-08 21:58:44,262 - SUCCESS - '產銷履歷與有機蔬果行情' 的自動更新完成。
2026-03-08 21:59:55,578 - SUCCESS - 插入或更新 '農產品交易行情' 的 Metadata 成功。
2026-03-08 21:59:56,527 - SUCCESS - '農產品交易行情' 的自動更新完成。
2026-03-08 22:00:08,669 - SUCCESS - 插入或更新 '農情調查' 的 Metadata 成功。
2026-03-08 22:00:08,669 - SUCCESS - '農情調查' 的自動更新完成。
2026-03-08 22:00:22,979 - SUCCESS - 插入或更新 '全國單日平均糧價' 的 Metadata 成功。
2026-03-08 22:00:22,998 - SUCCESS - '全國單日平均糧價' 的自動更新完成。
2026-03-08 22:00:31,197 - SUCCESS - 插入或更新 '糧價查詢' 的 Metadata 成功。
2026-03-08 22:00:31,391 - SUCCESS - '糧價查詢' 的自動更新完成。
2026-03-08 22:00:32,429 - fully_auto_update - EXECUTION - 更新結果:{'產銷履歷與有機蔬果行情': '已更新', '各觀測站近兩年降雨量': '未更新', '臺灣地區果品生產概況': '未更新', '臺灣地區特用作物生產概況': '未更新', '農產品交易行情': '已更新', '臺灣地區稻作種植、收穫面積及產量': '未更新', '臺灣地區稻米生產價值': '未更新', '農情調查': '已更新', '農產品產地價格資料': '未更新', '臺灣地區農產品生產量值': '未更新', '雜糧生產概況': '未更新', '農產品產地價格(月平均價格)': '未更新', '全國單日平均糧價': '已更新', '臺灣地區蔬菜生產概況': '未更新', '糧價查詢': '已更新'}
