2026-02-05 22:23:40,712 - SUCCESS - 成功提取 '全國單日平均糧價' 的網頁 Metadata。
2026-02-05 22:23:40,712 - SUCCESS - 成功提取 '全國單日平均糧價' 的網頁 Metadata。
2026-02-05 22:23:40,902 - SUCCESS - '全國單日平均糧價' 的 Metadata 已更新到 metadata.json。
2026-02-05 22:23:40,902 - SUCCESS - '全國單日平均糧價' 的 Metadata 已更新到 metadata.json。
2026-02-05 22:23:42,426 - SUCCESS - <全國單日平均糧價>的資料已下載完成，共 9187 筆資料。
2026-02-05 22:23:42,426 - SUCCESS - <全國單日平均糧價>的資料已下載完成，共 9187 筆資料。
2026-02-05 22:23:42,774 - SUCCESS - 已下載、去重並合併資料完成現有資料 67 條，新資料 2 條。
2026-02-05 22:23:42,774 - SUCCESS - 已下載、去重並合併資料完成現有資料 67 條，新資料 2 條。
2026-02-05 22:23:43,090 - SUCCESS - 已下載 '全國單日平均糧價' 的原始 JSON 資料路徑: 'C:\Python\data_moa_gov_tw\raw_data\全國單日平均糧價\全國單日平均糧價.json'
2026-02-05 22:23:43,090 - SUCCESS - 已下載 '全國單日平均糧價' 的原始 JSON 資料路徑: 'C:\Python\data_moa_gov_tw\raw_data\全國單日平均糧價\全國單日平均糧價.json'
2026-02-05 22:23:43,118 - SUCCESS - 插入或更新 '全國單日平均糧價' 的 Metadata 成功。
2026-02-05 22:23:43,118 - SUCCESS - 插入或更新 '全國單日平均糧價' 的 Metadata 成功。
2026-02-05 22:23:43,123 - SUCCESS - 已成功批量插入 '全國單日平均糧價' 的總計 2 條記錄到表格 '1040001' 。
2026-02-05 22:23:43,123 - SUCCESS - 已成功批量插入 '全國單日平均糧價' 的總計 2 條記錄到表格 '1040001' 。
2026-02-05 22:23:43,123 - SUCCESS - '全國單日平均糧價' 的自動更新完成。
2026-02-05 22:23:43,123 - SUCCESS - '全國單日平均糧價' 的自動更新完成。
2026-02-05 22:23:44,483 - SUCCESS - 成功提取 '各觀測站近兩年降雨量' 的網頁 Metadata。
2026-02-05 22:23:44,483 - SUCCESS - 成功提取 '各觀測站近兩年降雨量' 的網頁 Metadata。
2026-02-05 22:23:46,338 - SUCCESS - 成功提取 '產銷履歷與有機蔬果行情' 的網頁 Metadata。
2026-02-05 22:23:46,338 - SUCCESS - 成功提取 '產銷履歷與有機蔬果行情' 的網頁 Metadata。
2026-02-05 22:23:46,400 - SUCCESS - '產銷履歷與有機蔬果行情' 的 Metadata 已更新到 metadata.json。
2026-02-05 22:23:46,400 - SUCCESS - '產銷履歷與有機蔬果行情' 的 Metadata 已更新到 metadata.json。
2026-02-05 22:23:54,106 - SUCCESS - <產銷履歷與有機蔬果行情>的資料已下載完成，共 4616 筆資料。
2026-02-05 22:23:54,106 - SUCCESS - <產銷履歷與有機蔬果行情>的資料已下載完成，共 4616 筆資料。
2026-02-05 22:24:06,285 - SUCCESS - 已下載、去重並合併資料完成現有資料 127119 條，新資料 2270 條。
2026-02-05 22:24:06,285 - SUCCESS - 已下載、去重並合併資料完成現有資料 127119 條，新資料 2270 條。
2026-02-05 22:24:09,387 - SUCCESS - 已下載 '產銷履歷與有機蔬果行情' 的原始 JSON 資料路徑: 'C:\Python\data_moa_gov_tw\raw_data\產銷履歷與有機蔬果行情\產銷履歷與有機蔬果行情.json'
2026-02-05 22:24:09,387 - SUCCESS - 已下載 '產銷履歷與有機蔬果行情' 的原始 JSON 資料路徑: 'C:\Python\data_moa_gov_tw\raw_data\產銷履歷與有機蔬果行情\產銷履歷與有機蔬果行情.json'
2026-02-05 22:24:09,396 - SUCCESS - 插入或更新 '產銷履歷與有機蔬果行情' 的 Metadata 成功。
2026-02-05 22:24:09,396 - SUCCESS - 插入或更新 '產銷履歷與有機蔬果行情' 的 Metadata 成功。
2026-02-05 22:24:10,315 - SUCCESS - 已成功批量插入 '產銷履歷與有機蔬果行情' 的總計 2270 條記錄到表格 '1040003' 。
2026-02-05 22:24:10,315 - SUCCESS - 已成功批量插入 '產銷履歷與有機蔬果行情' 的總計 2270 條記錄到表格 '1040003' 。
2026-02-05 22:24:10,359 - SUCCESS - '產銷履歷與有機蔬果行情' 的自動更新完成。
2026-02-05 22:24:10,359 - SUCCESS - '產銷履歷與有機蔬果行情' 的自動更新完成。
2026-02-05 22:24:12,299 - SUCCESS - 成功提取 '糧價查詢' 的網頁 Metadata。
2026-02-05 22:24:12,299 - SUCCESS - 成功提取 '糧價查詢' 的網頁 Metadata。
2026-02-05 22:24:12,335 - SUCCESS - '糧價查詢' 的 Metadata 已更新到 metadata.json。
2026-02-05 22:24:12,335 - SUCCESS - '糧價查詢' 的 Metadata 已更新到 metadata.json。
2026-02-05 22:24:15,863 - SUCCESS - <糧價查詢>的資料已下載完成，共 9999 筆資料。
2026-02-05 22:24:15,863 - SUCCESS - <糧價查詢>的資料已下載完成，共 9999 筆資料。
2026-02-05 22:24:16,046 - SUCCESS - 已下載、去重並合併資料完成現有資料 1740 條，新資料 22 條。
2026-02-05 22:24:16,046 - SUCCESS - 已下載、去重並合併資料完成現有資料 1740 條，新資料 22 條。
2026-02-05 22:24:16,957 - SUCCESS - 已下載 '糧價查詢' 的原始 JSON 資料路徑: 'C:\Python\data_moa_gov_tw\raw_data\糧價查詢\糧價查詢.json'
2026-02-05 22:24:16,957 - SUCCESS - 已下載 '糧價查詢' 的原始 JSON 資料路徑: 'C:\Python\data_moa_gov_tw\raw_data\糧價查詢\糧價查詢.json'
2026-02-05 22:24:16,963 - SUCCESS - 插入或更新 '糧價查詢' 的 Metadata 成功。
2026-02-05 22:24:16,963 - SUCCESS - 插入或更新 '糧價查詢' 的 Metadata 成功。
2026-02-05 22:24:16,979 - SUCCESS - 已成功批量插入 '糧價查詢' 的總計 22 條記錄到表格 '1040004' 。
2026-02-05 22:24:16,979 - SUCCESS - 已成功批量插入 '糧價查詢' 的總計 22 條記錄到表格 '1040004' 。
2026-02-05 22:24:16,979 - SUCCESS - '糧價查詢' 的自動更新完成。
2026-02-05 22:24:16,979 - SUCCESS - '糧價查詢' 的自動更新完成。
2026-02-05 22:24:18,734 - SUCCESS - 成功提取 '臺灣地區果品生產概況' 的網頁 Metadata。
2026-02-05 22:24:18,734 - SUCCESS - 成功提取 '臺灣地區果品生產概況' 的網頁 Metadata。
2026-02-05 22:24:20,504 - SUCCESS - 成功提取 '臺灣地區特用作物生產概況' 的網頁 Metadata。
2026-02-05 22:24:20,504 - SUCCESS - 成功提取 '臺灣地區特用作物生產概況' 的網頁 Metadata。
2026-02-05 22:24:22,144 - SUCCESS - 成功提取 '臺灣地區稻作種植、收穫面積及產量' 的網頁 Metadata。
2026-02-05 22:24:22,144 - SUCCESS - 成功提取 '臺灣地區稻作種植、收穫面積及產量' 的網頁 Metadata。
2026-02-05 22:24:23,597 - SUCCESS - 成功提取 '臺灣地區稻米生產價值' 的網頁 Metadata。
2026-02-05 22:24:23,597 - SUCCESS - 成功提取 '臺灣地區稻米生產價值' 的網頁 Metadata。
2026-02-05 22:24:25,894 - SUCCESS - 成功提取 '臺灣地區蔬菜生產概況' 的網頁 Metadata。
2026-02-05 22:24:25,894 - SUCCESS - 成功提取 '臺灣地區蔬菜生產概況' 的網頁 Metadata。
2026-02-05 22:24:27,641 - SUCCESS - 成功提取 '臺灣地區農產品生產量值' 的網頁 Metadata。
2026-02-05 22:24:27,641 - SUCCESS - 成功提取 '臺灣地區農產品生產量值' 的網頁 Metadata。
2026-02-05 22:24:29,255 - SUCCESS - 成功提取 '農情調查' 的網頁 Metadata。
2026-02-05 22:24:29,255 - SUCCESS - 成功提取 '農情調查' 的網頁 Metadata。
2026-02-05 22:24:29,302 - SUCCESS - '農情調查' 的 Metadata 已更新到 metadata.json。
2026-02-05 22:24:29,302 - SUCCESS - '農情調查' 的 Metadata 已更新到 metadata.json。
2026-02-05 22:24:33,711 - SUCCESS - <農情調查>的資料已下載完成，共 9999 筆資料。
2026-02-05 22:24:33,711 - SUCCESS - <農情調查>的資料已下載完成，共 9999 筆資料。
2026-02-05 22:24:33,732 - SUCCESS - 已下載、去重並合併資料完成現有資料 0 條，新資料 0 條。
2026-02-05 22:24:33,732 - SUCCESS - 已下載、去重並合併資料完成現有資料 0 條，新資料 0 條。
2026-02-05 22:24:35,316 - SUCCESS - 成功提取 '農產品交易行情' 的網頁 Metadata。
2026-02-05 22:24:35,316 - SUCCESS - 成功提取 '農產品交易行情' 的網頁 Metadata。
2026-02-05 22:24:35,363 - SUCCESS - '農產品交易行情' 的 Metadata 已更新到 metadata.json。
2026-02-05 22:24:35,363 - SUCCESS - '農產品交易行情' 的 Metadata 已更新到 metadata.json。
2026-02-05 22:24:57,192 - SUCCESS - <農產品交易行情>的資料已下載完成，共 12011 筆資料。
2026-02-05 22:24:57,192 - SUCCESS - <農產品交易行情>的資料已下載完成，共 12011 筆資料。
2026-02-05 22:25:10,399 - SUCCESS - 已下載、去重並合併資料完成現有資料 198469 條，新資料 3539 條。
2026-02-05 22:25:10,399 - SUCCESS - 已下載、去重並合併資料完成現有資料 198469 條，新資料 3539 條。
2026-02-05 22:25:15,725 - SUCCESS - 已下載 '農產品交易行情' 的原始 JSON 資料路徑: 'C:\Python\data_moa_gov_tw\raw_data\農產品交易行情\農產品交易行情.json'
2026-02-05 22:25:15,725 - SUCCESS - 已下載 '農產品交易行情' 的原始 JSON 資料路徑: 'C:\Python\data_moa_gov_tw\raw_data\農產品交易行情\農產品交易行情.json'
2026-02-05 22:25:15,728 - SUCCESS - 插入或更新 '農產品交易行情' 的 Metadata 成功。
2026-02-05 22:25:15,728 - SUCCESS - 插入或更新 '農產品交易行情' 的 Metadata 成功。
2026-02-05 22:25:17,224 - SUCCESS - 已成功批量插入 '農產品交易行情' 的總計 3539 條記錄到表格 '1040012' 。
2026-02-05 22:25:17,224 - SUCCESS - 已成功批量插入 '農產品交易行情' 的總計 3539 條記錄到表格 '1040012' 。
2026-02-05 22:25:17,319 - SUCCESS - '農產品交易行情' 的自動更新完成。
2026-02-05 22:25:17,319 - SUCCESS - '農產品交易行情' 的自動更新完成。
2026-02-05 22:25:19,375 - SUCCESS - 成功提取 '農產品產地價格(月平均價格)' 的網頁 Metadata。
2026-02-05 22:25:19,375 - SUCCESS - 成功提取 '農產品產地價格(月平均價格)' 的網頁 Metadata。
2026-02-05 22:25:21,112 - SUCCESS - 成功提取 '農產品產地價格資料' 的網頁 Metadata。
2026-02-05 22:25:21,112 - SUCCESS - 成功提取 '農產品產地價格資料' 的網頁 Metadata。
2026-02-05 22:25:21,166 - SUCCESS - '農產品產地價格資料' 的 Metadata 已更新到 metadata.json。
2026-02-05 22:25:21,166 - SUCCESS - '農產品產地價格資料' 的 Metadata 已更新到 metadata.json。
2026-02-05 22:25:21,942 - SUCCESS - <農產品產地價格資料>的資料已下載完成，共 9999 筆資料。
2026-02-05 22:25:21,942 - SUCCESS - <農產品產地價格資料>的資料已下載完成，共 9999 筆資料。
2026-02-05 22:25:22,033 - SUCCESS - 已下載、去重並合併資料完成現有資料 344 條，新資料 11 條。
2026-02-05 22:25:22,033 - SUCCESS - 已下載、去重並合併資料完成現有資料 344 條，新資料 11 條。
2026-02-05 22:25:23,532 - SUCCESS - 已下載 '農產品產地價格資料' 的原始 JSON 資料路徑: 'C:\Python\data_moa_gov_tw\raw_data\農產品產地價格資料\農產品產地價格資料.json'
2026-02-05 22:25:23,532 - SUCCESS - 已下載 '農產品產地價格資料' 的原始 JSON 資料路徑: 'C:\Python\data_moa_gov_tw\raw_data\農產品產地價格資料\農產品產地價格資料.json'
2026-02-05 22:25:23,537 - SUCCESS - 插入或更新 '農產品產地價格資料' 的 Metadata 成功。
2026-02-05 22:25:23,537 - SUCCESS - 插入或更新 '農產品產地價格資料' 的 Metadata 成功。
2026-02-05 22:25:23,549 - SUCCESS - 已成功批量插入 '農產品產地價格資料' 的總計 11 條記錄到表格 '1040014' 。
2026-02-05 22:25:23,549 - SUCCESS - 已成功批量插入 '農產品產地價格資料' 的總計 11 條記錄到表格 '1040014' 。
2026-02-05 22:25:23,550 - SUCCESS - '農產品產地價格資料' 的自動更新完成。
2026-02-05 22:25:23,550 - SUCCESS - '農產品產地價格資料' 的自動更新完成。
2026-02-05 22:25:25,175 - SUCCESS - 成功提取 '雜糧生產概況' 的網頁 Metadata。
2026-02-05 22:25:25,175 - SUCCESS - 成功提取 '雜糧生產概況' 的網頁 Metadata。
2026-02-05 22:25:26,188 - SUCCESS - 已成功儲存次要資訊。
2026-02-05 22:25:26,188 - SUCCESS - 已成功儲存次要資訊。
2026-02-05 22:25:26,188 - SUCCESS - 更新結果儲存成功:{'全國單日平均糧價': '已更新', '各觀測站近兩年降雨量': '未更新', '產銷履歷與有機蔬果行情': '已更新', '糧價查詢': '已更新', '臺灣地區果品生產概況': '未更新', '臺灣地區特用作物生產概況': '未更新', '臺灣地區稻作種植、收穫面積及產量': '未更新', '臺灣地區稻米生產價值': '未更新', '臺灣地區蔬菜生產概況': '未更新', '臺灣地區農產品生產量值': '未更新', '農情調查': '未更新', '農產品交易行情': '已更新', '農產品產地價格(月平均價格)': '未更新', '農產品產地價格資料': '已更新', '雜糧生產概況': '未更新'}
2026-02-05 22:25:26,188 - SUCCESS - 更新結果儲存成功:{'全國單日平均糧價': '已更新', '各觀測站近兩年降雨量': '未更新', '產銷履歷與有機蔬果行情': '已更新', '糧價查詢': '已更新', '臺灣地區果品生產概況': '未更新', '臺灣地區特用作物生產概況': '未更新', '臺灣地區稻作種植、收穫面積及產量': '未更新', '臺灣地區稻米生產價值': '未更新', '臺灣地區蔬菜生產概況': '未更新', '臺灣地區農產品生產量值': '未更新', '農情調查': '未更新', '農產品交易行情': '已更新', '農產品產地價格(月平均價格)': '未更新', '農產品產地價格資料': '已更新', '雜糧生產概況': '未更新'}
