2025-12-13 01:49:27,103 - SUCCESS - 成功提取 '全國單日平均糧價' 的網頁 Metadata。
2025-12-13 01:49:27,103 - SUCCESS - 成功提取 '全國單日平均糧價' 的網頁 Metadata。
2025-12-13 01:49:27,152 - SUCCESS - '全國單日平均糧價' 的 Metadata 已更新到 metadata.json。
2025-12-13 01:49:27,152 - SUCCESS - '全國單日平均糧價' 的 Metadata 已更新到 metadata.json。
2025-12-13 01:49:39,039 - SUCCESS - <全國單日平均糧價>的資料已下載完成，共 9132 筆資料。
2025-12-13 01:49:39,039 - SUCCESS - <全國單日平均糧價>的資料已下載完成，共 9132 筆資料。
2025-12-13 01:49:39,689 - SUCCESS - 已下載、去重並合併資料完成現有資料 9132 條，新資料 1 條。
2025-12-13 01:49:39,689 - SUCCESS - 已下載、去重並合併資料完成現有資料 9132 條，新資料 1 條。
2025-12-13 01:49:39,723 - SUCCESS - 已下載 '全國單日平均糧價' 的原始 JSON 資料路徑: 'C:\Python\data_moa_gov_tw\raw_data\全國單日平均糧價\全國單日平均糧價.json'
2025-12-13 01:49:39,723 - SUCCESS - 已下載 '全國單日平均糧價' 的原始 JSON 資料路徑: 'C:\Python\data_moa_gov_tw\raw_data\全國單日平均糧價\全國單日平均糧價.json'
2025-12-13 01:49:39,760 - SUCCESS - 插入或更新 '全國單日平均糧價' 的 Metadata 成功。
2025-12-13 01:49:39,760 - SUCCESS - 插入或更新 '全國單日平均糧價' 的 Metadata 成功。
2025-12-13 01:49:39,773 - SUCCESS - 已成功批量插入 '全國單日平均糧價' 的總計 1 條記錄到表格 '1040001' 。
2025-12-13 01:49:39,773 - SUCCESS - 已成功批量插入 '全國單日平均糧價' 的總計 1 條記錄到表格 '1040001' 。
2025-12-13 01:49:39,777 - SUCCESS - '全國單日平均糧價' 的自動更新完成。
2025-12-13 01:49:39,777 - SUCCESS - '全國單日平均糧價' 的自動更新完成。
2025-12-13 01:49:41,439 - SUCCESS - 成功提取 '各觀測站近兩年降雨量' 的網頁 Metadata。
2025-12-13 01:49:41,439 - SUCCESS - 成功提取 '各觀測站近兩年降雨量' 的網頁 Metadata。
2025-12-13 01:49:43,432 - SUCCESS - 成功提取 '產銷履歷與有機蔬果行情' 的網頁 Metadata。
2025-12-13 01:49:43,432 - SUCCESS - 成功提取 '產銷履歷與有機蔬果行情' 的網頁 Metadata。
2025-12-13 01:49:43,490 - SUCCESS - '產銷履歷與有機蔬果行情' 的 Metadata 已更新到 metadata.json。
2025-12-13 01:49:43,490 - SUCCESS - '產銷履歷與有機蔬果行情' 的 Metadata 已更新到 metadata.json。
2025-12-13 01:49:46,529 - SUCCESS - <產銷履歷與有機蔬果行情>的資料已下載完成，共 2763 筆資料。
2025-12-13 01:49:46,529 - SUCCESS - <產銷履歷與有機蔬果行情>的資料已下載完成，共 2763 筆資料。
2025-12-13 01:50:17,915 - SUCCESS - 已下載、去重並合併資料完成現有資料 271077 條，新資料 2403 條。
2025-12-13 01:50:17,915 - SUCCESS - 已下載、去重並合併資料完成現有資料 271077 條，新資料 2403 條。
2025-12-13 01:50:19,563 - SUCCESS - 已下載 '產銷履歷與有機蔬果行情' 的原始 JSON 資料路徑: 'C:\Python\data_moa_gov_tw\raw_data\產銷履歷與有機蔬果行情\產銷履歷與有機蔬果行情.json'
2025-12-13 01:50:19,563 - SUCCESS - 已下載 '產銷履歷與有機蔬果行情' 的原始 JSON 資料路徑: 'C:\Python\data_moa_gov_tw\raw_data\產銷履歷與有機蔬果行情\產銷履歷與有機蔬果行情.json'
2025-12-13 01:50:19,568 - SUCCESS - 插入或更新 '產銷履歷與有機蔬果行情' 的 Metadata 成功。
2025-12-13 01:50:19,568 - SUCCESS - 插入或更新 '產銷履歷與有機蔬果行情' 的 Metadata 成功。
2025-12-13 01:50:20,771 - SUCCESS - 已成功批量插入 '產銷履歷與有機蔬果行情' 的總計 2403 條記錄到表格 '1040003' 。
2025-12-13 01:50:20,771 - SUCCESS - 已成功批量插入 '產銷履歷與有機蔬果行情' 的總計 2403 條記錄到表格 '1040003' 。
2025-12-13 01:50:20,860 - SUCCESS - '產銷履歷與有機蔬果行情' 的自動更新完成。
2025-12-13 01:50:20,860 - SUCCESS - '產銷履歷與有機蔬果行情' 的自動更新完成。
2025-12-13 01:50:24,306 - SUCCESS - 成功提取 '糧價查詢' 的網頁 Metadata。
2025-12-13 01:50:24,306 - SUCCESS - 成功提取 '糧價查詢' 的網頁 Metadata。
2025-12-13 01:50:24,350 - SUCCESS - '糧價查詢' 的 Metadata 已更新到 metadata.json。
2025-12-13 01:50:24,350 - SUCCESS - '糧價查詢' 的 Metadata 已更新到 metadata.json。
2025-12-13 01:50:26,151 - SUCCESS - <糧價查詢>的資料已下載完成，共 9999 筆資料。
2025-12-13 01:50:26,151 - SUCCESS - <糧價查詢>的資料已下載完成，共 9999 筆資料。
2025-12-13 01:50:26,942 - SUCCESS - 已下載、去重並合併資料完成現有資料 10119 條，新資料 20 條。
2025-12-13 01:50:26,942 - SUCCESS - 已下載、去重並合併資料完成現有資料 10119 條，新資料 20 條。
2025-12-13 01:50:27,786 - SUCCESS - 已下載 '糧價查詢' 的原始 JSON 資料路徑: 'C:\Python\data_moa_gov_tw\raw_data\糧價查詢\糧價查詢.json'
2025-12-13 01:50:27,786 - SUCCESS - 已下載 '糧價查詢' 的原始 JSON 資料路徑: 'C:\Python\data_moa_gov_tw\raw_data\糧價查詢\糧價查詢.json'
2025-12-13 01:50:27,791 - SUCCESS - 插入或更新 '糧價查詢' 的 Metadata 成功。
2025-12-13 01:50:27,791 - SUCCESS - 插入或更新 '糧價查詢' 的 Metadata 成功。
2025-12-13 01:50:27,815 - SUCCESS - 已成功批量插入 '糧價查詢' 的總計 20 條記錄到表格 '1040004' 。
2025-12-13 01:50:27,815 - SUCCESS - 已成功批量插入 '糧價查詢' 的總計 20 條記錄到表格 '1040004' 。
2025-12-13 01:50:27,822 - SUCCESS - '糧價查詢' 的自動更新完成。
2025-12-13 01:50:27,822 - SUCCESS - '糧價查詢' 的自動更新完成。
2025-12-13 01:50:29,395 - SUCCESS - 成功提取 '臺灣地區果品生產概況' 的網頁 Metadata。
2025-12-13 01:50:29,395 - SUCCESS - 成功提取 '臺灣地區果品生產概況' 的網頁 Metadata。
2025-12-13 01:50:32,601 - SUCCESS - 成功提取 '臺灣地區特用作物生產概況' 的網頁 Metadata。
2025-12-13 01:50:32,601 - SUCCESS - 成功提取 '臺灣地區特用作物生產概況' 的網頁 Metadata。
2025-12-13 01:50:34,390 - SUCCESS - 成功提取 '臺灣地區稻作種植、收穫面積及產量' 的網頁 Metadata。
2025-12-13 01:50:34,390 - SUCCESS - 成功提取 '臺灣地區稻作種植、收穫面積及產量' 的網頁 Metadata。
2025-12-13 01:50:36,318 - SUCCESS - 成功提取 '臺灣地區稻米生產價值' 的網頁 Metadata。
2025-12-13 01:50:36,318 - SUCCESS - 成功提取 '臺灣地區稻米生產價值' 的網頁 Metadata。
2025-12-13 01:50:39,518 - SUCCESS - 成功提取 '臺灣地區蔬菜生產概況' 的網頁 Metadata。
2025-12-13 01:50:39,518 - SUCCESS - 成功提取 '臺灣地區蔬菜生產概況' 的網頁 Metadata。
2025-12-13 01:50:41,384 - SUCCESS - 成功提取 '臺灣地區農產品生產量值' 的網頁 Metadata。
2025-12-13 01:50:41,384 - SUCCESS - 成功提取 '臺灣地區農產品生產量值' 的網頁 Metadata。
2025-12-13 01:50:43,175 - SUCCESS - 成功提取 '農情調查' 的網頁 Metadata。
2025-12-13 01:50:43,175 - SUCCESS - 成功提取 '農情調查' 的網頁 Metadata。
2025-12-13 01:50:43,220 - SUCCESS - '農情調查' 的 Metadata 已更新到 metadata.json。
2025-12-13 01:50:43,220 - SUCCESS - '農情調查' 的 Metadata 已更新到 metadata.json。
2025-12-13 01:50:47,475 - SUCCESS - <農情調查>的資料已下載完成，共 9999 筆資料。
2025-12-13 01:50:47,475 - SUCCESS - <農情調查>的資料已下載完成，共 9999 筆資料。
2025-12-13 01:50:48,586 - SUCCESS - 已下載、去重並合併資料完成現有資料 45259 條，新資料 0 條。
2025-12-13 01:50:48,586 - SUCCESS - 已下載、去重並合併資料完成現有資料 45259 條，新資料 0 條。
2025-12-13 01:50:48,922 - SUCCESS - 插入或更新 '農情調查' 的 Metadata 成功。
2025-12-13 01:50:48,922 - SUCCESS - 插入或更新 '農情調查' 的 Metadata 成功。
2025-12-13 01:50:48,936 - SUCCESS - '農情調查' 的自動更新完成。
2025-12-13 01:50:48,936 - SUCCESS - '農情調查' 的自動更新完成。
2025-12-13 01:50:50,958 - SUCCESS - 成功提取 '農產品交易行情' 的網頁 Metadata。
2025-12-13 01:50:50,958 - SUCCESS - 成功提取 '農產品交易行情' 的網頁 Metadata。
2025-12-13 01:50:51,000 - SUCCESS - '農產品交易行情' 的 Metadata 已更新到 metadata.json。
2025-12-13 01:50:51,000 - SUCCESS - '農產品交易行情' 的 Metadata 已更新到 metadata.json。
2025-12-13 01:51:07,281 - SUCCESS - <農產品交易行情>的資料已下載完成，共 9138 筆資料。
2025-12-13 01:51:07,281 - SUCCESS - <農產品交易行情>的資料已下載完成，共 9138 筆資料。
2025-12-13 01:51:34,012 - SUCCESS - 已下載、去重並合併資料完成現有資料 514678 條，新資料 3658 條。
2025-12-13 01:51:34,012 - SUCCESS - 已下載、去重並合併資料完成現有資料 514678 條，新資料 3658 條。
2025-12-13 01:51:36,701 - SUCCESS - 已下載 '農產品交易行情' 的原始 JSON 資料路徑: 'C:\Python\data_moa_gov_tw\raw_data\農產品交易行情\農產品交易行情.json'
2025-12-13 01:51:36,701 - SUCCESS - 已下載 '農產品交易行情' 的原始 JSON 資料路徑: 'C:\Python\data_moa_gov_tw\raw_data\農產品交易行情\農產品交易行情.json'
2025-12-13 01:51:36,706 - SUCCESS - 插入或更新 '農產品交易行情' 的 Metadata 成功。
2025-12-13 01:51:36,706 - SUCCESS - 插入或更新 '農產品交易行情' 的 Metadata 成功。
2025-12-13 01:51:38,388 - SUCCESS - 已成功批量插入 '農產品交易行情' 的總計 3658 條記錄到表格 '1040012' 。
2025-12-13 01:51:38,388 - SUCCESS - 已成功批量插入 '農產品交易行情' 的總計 3658 條記錄到表格 '1040012' 。
2025-12-13 01:51:38,594 - SUCCESS - '農產品交易行情' 的自動更新完成。
2025-12-13 01:51:38,594 - SUCCESS - '農產品交易行情' 的自動更新完成。
2025-12-13 01:51:42,066 - SUCCESS - 成功提取 '農產品產地價格(月平均價格)' 的網頁 Metadata。
2025-12-13 01:51:42,066 - SUCCESS - 成功提取 '農產品產地價格(月平均價格)' 的網頁 Metadata。
2025-12-13 01:51:43,686 - SUCCESS - 成功提取 '農產品產地價格資料' 的網頁 Metadata。
2025-12-13 01:51:43,686 - SUCCESS - 成功提取 '農產品產地價格資料' 的網頁 Metadata。
2025-12-13 01:51:45,464 - SUCCESS - 成功提取 '雜糧生產概況' 的網頁 Metadata。
2025-12-13 01:51:45,464 - SUCCESS - 成功提取 '雜糧生產概況' 的網頁 Metadata。
2025-12-13 01:51:46,474 - SUCCESS - 已成功儲存次要資訊。
2025-12-13 01:51:46,474 - SUCCESS - 已成功儲存次要資訊。
2025-12-13 01:51:46,476 - SUCCESS - 更新結果儲存成功:{'全國單日平均糧價': '已更新', '各觀測站近兩年降雨量': '未更新', '產銷履歷與有機蔬果行情': '已更新', '糧價查詢': '已更新', '臺灣地區果品生產概況': '未更新', '臺灣地區特用作物生產概況': '未更新', '臺灣地區稻作種植、收穫面積及產量': '未更新', '臺灣地區稻米生產價值': '未更新', '臺灣地區蔬菜生產概況': '未更新', '臺灣地區農產品生產量值': '未更新', '農情調查': '已更新', '農產品交易行情': '已更新', '農產品產地價格(月平均價格)': '未更新', '農產品產地價格資料': '未更新', '雜糧生產概況': '未更新'}
2025-12-13 01:51:46,476 - SUCCESS - 更新結果儲存成功:{'全國單日平均糧價': '已更新', '各觀測站近兩年降雨量': '未更新', '產銷履歷與有機蔬果行情': '已更新', '糧價查詢': '已更新', '臺灣地區果品生產概況': '未更新', '臺灣地區特用作物生產概況': '未更新', '臺灣地區稻作種植、收穫面積及產量': '未更新', '臺灣地區稻米生產價值': '未更新', '臺灣地區蔬菜生產概況': '未更新', '臺灣地區農產品生產量值': '未更新', '農情調查': '已更新', '農產品交易行情': '已更新', '農產品產地價格(月平均價格)': '未更新', '農產品產地價格資料': '未更新', '雜糧生產概況': '未更新'}
