2026-01-24 01:27:25,617 - SUCCESS - 成功提取 '全國單日平均糧價' 的網頁 Metadata。
2026-01-24 01:27:25,617 - SUCCESS - 成功提取 '全國單日平均糧價' 的網頁 Metadata。
2026-01-24 01:27:25,658 - SUCCESS - '全國單日平均糧價' 的 Metadata 已更新到 metadata.json。
2026-01-24 01:27:25,658 - SUCCESS - '全國單日平均糧價' 的 Metadata 已更新到 metadata.json。
2026-01-24 01:27:31,609 - SUCCESS - <全國單日平均糧價>的資料已下載完成，共 9173 筆資料。
2026-01-24 01:27:31,609 - SUCCESS - <全國單日平均糧價>的資料已下載完成，共 9173 筆資料。
2026-01-24 01:27:32,013 - SUCCESS - 已下載、去重並合併資料完成現有資料 9173 條，新資料 0 條。
2026-01-24 01:27:32,013 - SUCCESS - 已下載、去重並合併資料完成現有資料 9173 條，新資料 0 條。
2026-01-24 01:27:32,379 - SUCCESS - 已下載 '全國單日平均糧價' 的原始 JSON 資料路徑: 'C:\Python\data_moa_gov_tw\raw_data\全國單日平均糧價\全國單日平均糧價.json'
2026-01-24 01:27:32,379 - SUCCESS - 已下載 '全國單日平均糧價' 的原始 JSON 資料路徑: 'C:\Python\data_moa_gov_tw\raw_data\全國單日平均糧價\全國單日平均糧價.json'
2026-01-24 01:27:32,426 - SUCCESS - 插入或更新 '全國單日平均糧價' 的 Metadata 成功。
2026-01-24 01:27:32,426 - SUCCESS - 插入或更新 '全國單日平均糧價' 的 Metadata 成功。
2026-01-24 01:27:36,442 - SUCCESS - 已成功批量插入 '全國單日平均糧價' 的總計 8786 條記錄到表格 '1040001' 。
2026-01-24 01:27:36,442 - SUCCESS - 已成功批量插入 '全國單日平均糧價' 的總計 8786 條記錄到表格 '1040001' 。
2026-01-24 01:27:36,452 - SUCCESS - '全國單日平均糧價' 的自動更新完成。
2026-01-24 01:27:36,452 - SUCCESS - '全國單日平均糧價' 的自動更新完成。
2026-01-24 01:27:39,114 - SUCCESS - 成功提取 '各觀測站近兩年降雨量' 的網頁 Metadata。
2026-01-24 01:27:39,114 - SUCCESS - 成功提取 '各觀測站近兩年降雨量' 的網頁 Metadata。
2026-01-24 01:27:41,034 - SUCCESS - 成功提取 '產銷履歷與有機蔬果行情' 的網頁 Metadata。
2026-01-24 01:27:41,034 - SUCCESS - 成功提取 '產銷履歷與有機蔬果行情' 的網頁 Metadata。
2026-01-24 01:27:41,078 - SUCCESS - '產銷履歷與有機蔬果行情' 的 Metadata 已更新到 metadata.json。
2026-01-24 01:27:41,078 - SUCCESS - '產銷履歷與有機蔬果行情' 的 Metadata 已更新到 metadata.json。
2026-01-24 01:27:46,596 - SUCCESS - <產銷履歷與有機蔬果行情>的資料已下載完成，共 2807 筆資料。
2026-01-24 01:27:46,596 - SUCCESS - <產銷履歷與有機蔬果行情>的資料已下載完成，共 2807 筆資料。
2026-01-24 01:28:10,168 - SUCCESS - 已下載、去重並合併資料完成現有資料 351264 條，新資料 2459 條。
2026-01-24 01:28:10,168 - SUCCESS - 已下載、去重並合併資料完成現有資料 351264 條，新資料 2459 條。
2026-01-24 01:28:13,699 - SUCCESS - 已下載 '產銷履歷與有機蔬果行情' 的原始 JSON 資料路徑: 'C:\Python\data_moa_gov_tw\raw_data\產銷履歷與有機蔬果行情\產銷履歷與有機蔬果行情.json'
2026-01-24 01:28:13,699 - SUCCESS - 已下載 '產銷履歷與有機蔬果行情' 的原始 JSON 資料路徑: 'C:\Python\data_moa_gov_tw\raw_data\產銷履歷與有機蔬果行情\產銷履歷與有機蔬果行情.json'
2026-01-24 01:28:13,704 - SUCCESS - 插入或更新 '產銷履歷與有機蔬果行情' 的 Metadata 成功。
2026-01-24 01:28:13,704 - SUCCESS - 插入或更新 '產銷履歷與有機蔬果行情' 的 Metadata 成功。
2026-01-24 01:28:14,663 - SUCCESS - 已成功批量插入 '產銷履歷與有機蔬果行情' 的總計 2459 條記錄到表格 '1040003' 。
2026-01-24 01:28:14,663 - SUCCESS - 已成功批量插入 '產銷履歷與有機蔬果行情' 的總計 2459 條記錄到表格 '1040003' 。
2026-01-24 01:28:14,753 - SUCCESS - '產銷履歷與有機蔬果行情' 的自動更新完成。
2026-01-24 01:28:14,753 - SUCCESS - '產銷履歷與有機蔬果行情' 的自動更新完成。
2026-01-24 01:28:16,502 - SUCCESS - 成功提取 '糧價查詢' 的網頁 Metadata。
2026-01-24 01:28:16,502 - SUCCESS - 成功提取 '糧價查詢' 的網頁 Metadata。
2026-01-24 01:28:16,555 - SUCCESS - '糧價查詢' 的 Metadata 已更新到 metadata.json。
2026-01-24 01:28:16,555 - SUCCESS - '糧價查詢' 的 Metadata 已更新到 metadata.json。
2026-01-24 01:28:19,383 - SUCCESS - <糧價查詢>的資料已下載完成，共 9999 筆資料。
2026-01-24 01:28:19,383 - SUCCESS - <糧價查詢>的資料已下載完成，共 9999 筆資料。
2026-01-24 01:28:20,194 - SUCCESS - 已下載、去重並合併資料完成現有資料 11256 條，新資料 20 條。
2026-01-24 01:28:20,194 - SUCCESS - 已下載、去重並合併資料完成現有資料 11256 條，新資料 20 條。
2026-01-24 01:28:21,226 - SUCCESS - 已下載 '糧價查詢' 的原始 JSON 資料路徑: 'C:\Python\data_moa_gov_tw\raw_data\糧價查詢\糧價查詢.json'
2026-01-24 01:28:21,226 - SUCCESS - 已下載 '糧價查詢' 的原始 JSON 資料路徑: 'C:\Python\data_moa_gov_tw\raw_data\糧價查詢\糧價查詢.json'
2026-01-24 01:28:21,226 - SUCCESS - 插入或更新 '糧價查詢' 的 Metadata 成功。
2026-01-24 01:28:21,226 - SUCCESS - 插入或更新 '糧價查詢' 的 Metadata 成功。
2026-01-24 01:28:22,686 - SUCCESS - 已成功批量插入 '糧價查詢' 的總計 3199 條記錄到表格 '1040004' 。
2026-01-24 01:28:22,686 - SUCCESS - 已成功批量插入 '糧價查詢' 的總計 3199 條記錄到表格 '1040004' 。
2026-01-24 01:28:22,702 - SUCCESS - '糧價查詢' 的自動更新完成。
2026-01-24 01:28:22,702 - SUCCESS - '糧價查詢' 的自動更新完成。
2026-01-24 01:28:24,668 - SUCCESS - 成功提取 '臺灣地區果品生產概況' 的網頁 Metadata。
2026-01-24 01:28:24,668 - SUCCESS - 成功提取 '臺灣地區果品生產概況' 的網頁 Metadata。
2026-01-24 01:28:26,657 - SUCCESS - 成功提取 '臺灣地區特用作物生產概況' 的網頁 Metadata。
2026-01-24 01:28:26,657 - SUCCESS - 成功提取 '臺灣地區特用作物生產概況' 的網頁 Metadata。
2026-01-24 01:28:28,702 - SUCCESS - 成功提取 '臺灣地區稻作種植、收穫面積及產量' 的網頁 Metadata。
2026-01-24 01:28:28,702 - SUCCESS - 成功提取 '臺灣地區稻作種植、收穫面積及產量' 的網頁 Metadata。
2026-01-24 01:28:30,699 - SUCCESS - 成功提取 '臺灣地區稻米生產價值' 的網頁 Metadata。
2026-01-24 01:28:30,699 - SUCCESS - 成功提取 '臺灣地區稻米生產價值' 的網頁 Metadata。
2026-01-24 01:28:32,434 - SUCCESS - 成功提取 '臺灣地區蔬菜生產概況' 的網頁 Metadata。
2026-01-24 01:28:32,434 - SUCCESS - 成功提取 '臺灣地區蔬菜生產概況' 的網頁 Metadata。
2026-01-24 01:28:35,136 - SUCCESS - 成功提取 '臺灣地區農產品生產量值' 的網頁 Metadata。
2026-01-24 01:28:35,136 - SUCCESS - 成功提取 '臺灣地區農產品生產量值' 的網頁 Metadata。
2026-01-24 01:28:36,717 - SUCCESS - 成功提取 '農情調查' 的網頁 Metadata。
2026-01-24 01:28:36,717 - SUCCESS - 成功提取 '農情調查' 的網頁 Metadata。
2026-01-24 01:28:36,771 - SUCCESS - '農情調查' 的 Metadata 已更新到 metadata.json。
2026-01-24 01:28:36,771 - SUCCESS - '農情調查' 的 Metadata 已更新到 metadata.json。
2026-01-24 01:28:41,871 - SUCCESS - <農情調查>的資料已下載完成，共 9999 筆資料。
2026-01-24 01:28:41,871 - SUCCESS - <農情調查>的資料已下載完成，共 9999 筆資料。
2026-01-24 01:28:42,879 - SUCCESS - 已下載、去重並合併資料完成現有資料 45259 條，新資料 0 條。
2026-01-24 01:28:42,879 - SUCCESS - 已下載、去重並合併資料完成現有資料 45259 條，新資料 0 條。
2026-01-24 01:28:43,824 - SUCCESS - 已下載 '農情調查' 的原始 JSON 資料路徑: 'C:\Python\data_moa_gov_tw\raw_data\農情調查\農情調查.json'
2026-01-24 01:28:43,824 - SUCCESS - 已下載 '農情調查' 的原始 JSON 資料路徑: 'C:\Python\data_moa_gov_tw\raw_data\農情調查\農情調查.json'
2026-01-24 01:28:43,840 - SUCCESS - 插入或更新 '農情調查' 的 Metadata 成功。
2026-01-24 01:28:43,840 - SUCCESS - 插入或更新 '農情調查' 的 Metadata 成功。
2026-01-24 01:29:02,436 - SUCCESS - 已成功批量插入 '農情調查' 的總計 45259 條記錄到表格 '1040011' 。
2026-01-24 01:29:02,436 - SUCCESS - 已成功批量插入 '農情調查' 的總計 45259 條記錄到表格 '1040011' 。
2026-01-24 01:29:02,472 - SUCCESS - '農情調查' 的自動更新完成。
2026-01-24 01:29:02,472 - SUCCESS - '農情調查' 的自動更新完成。
2026-01-24 01:29:04,043 - SUCCESS - 成功提取 '農產品交易行情' 的網頁 Metadata。
2026-01-24 01:29:04,043 - SUCCESS - 成功提取 '農產品交易行情' 的網頁 Metadata。
2026-01-24 01:29:04,084 - SUCCESS - '農產品交易行情' 的 Metadata 已更新到 metadata.json。
2026-01-24 01:29:04,084 - SUCCESS - '農產品交易行情' 的 Metadata 已更新到 metadata.json。
2026-01-24 01:29:26,727 - SUCCESS - <農產品交易行情>的資料已下載完成，共 8981 筆資料。
2026-01-24 01:29:26,727 - SUCCESS - <農產品交易行情>的資料已下載完成，共 8981 筆資料。
2026-01-24 01:29:57,099 - SUCCESS - 已下載、去重並合併資料完成現有資料 638341 條，新資料 3676 條。
2026-01-24 01:29:57,099 - SUCCESS - 已下載、去重並合併資料完成現有資料 638341 條，新資料 3676 條。
2026-01-24 01:30:03,171 - SUCCESS - 已下載 '農產品交易行情' 的原始 JSON 資料路徑: 'C:\Python\data_moa_gov_tw\raw_data\農產品交易行情\農產品交易行情.json'
2026-01-24 01:30:03,171 - SUCCESS - 已下載 '農產品交易行情' 的原始 JSON 資料路徑: 'C:\Python\data_moa_gov_tw\raw_data\農產品交易行情\農產品交易行情.json'
2026-01-24 01:30:03,187 - SUCCESS - 插入或更新 '農產品交易行情' 的 Metadata 成功。
2026-01-24 01:30:03,187 - SUCCESS - 插入或更新 '農產品交易行情' 的 Metadata 成功。
2026-01-24 01:30:05,106 - SUCCESS - 已成功批量插入 '農產品交易行情' 的總計 3676 條記錄到表格 '1040012' 。
2026-01-24 01:30:05,106 - SUCCESS - 已成功批量插入 '農產品交易行情' 的總計 3676 條記錄到表格 '1040012' 。
2026-01-24 01:30:05,350 - SUCCESS - '農產品交易行情' 的自動更新完成。
2026-01-24 01:30:05,350 - SUCCESS - '農產品交易行情' 的自動更新完成。
2026-01-24 01:30:07,451 - SUCCESS - 成功提取 '農產品產地價格(月平均價格)' 的網頁 Metadata。
2026-01-24 01:30:07,451 - SUCCESS - 成功提取 '農產品產地價格(月平均價格)' 的網頁 Metadata。
2026-01-24 01:30:09,459 - SUCCESS - 成功提取 '農產品產地價格資料' 的網頁 Metadata。
2026-01-24 01:30:09,459 - SUCCESS - 成功提取 '農產品產地價格資料' 的網頁 Metadata。
2026-01-24 01:30:09,497 - SUCCESS - '農產品產地價格資料' 的 Metadata 已更新到 metadata.json。
2026-01-24 01:30:09,497 - SUCCESS - '農產品產地價格資料' 的 Metadata 已更新到 metadata.json。
2026-01-24 01:30:10,205 - SUCCESS - <農產品產地價格資料>的資料已下載完成，共 9999 筆資料。
2026-01-24 01:30:10,205 - SUCCESS - <農產品產地價格資料>的資料已下載完成，共 9999 筆資料。
2026-01-24 01:30:55,196 - SUCCESS - 已下載、去重並合併資料完成現有資料 350394 條，新資料 20 條。
2026-01-24 01:30:55,196 - SUCCESS - 已下載、去重並合併資料完成現有資料 350394 條，新資料 20 條。
2026-01-24 01:31:01,352 - SUCCESS - 已下載 '農產品產地價格資料' 的原始 JSON 資料路徑: 'C:\Python\data_moa_gov_tw\raw_data\農產品產地價格資料\農產品產地價格資料.json'
2026-01-24 01:31:01,352 - SUCCESS - 已下載 '農產品產地價格資料' 的原始 JSON 資料路徑: 'C:\Python\data_moa_gov_tw\raw_data\農產品產地價格資料\農產品產地價格資料.json'
2026-01-24 01:31:01,352 - SUCCESS - 插入或更新 '農產品產地價格資料' 的 Metadata 成功。
2026-01-24 01:31:01,352 - SUCCESS - 插入或更新 '農產品產地價格資料' 的 Metadata 成功。
2026-01-24 01:33:22,614 - SUCCESS - 已成功批量插入 '農產品產地價格資料' 的總計 325164 條記錄到表格 '1040014' 。
2026-01-24 01:33:22,614 - SUCCESS - 已成功批量插入 '農產品產地價格資料' 的總計 325164 條記錄到表格 '1040014' 。
2026-01-24 01:33:22,702 - SUCCESS - '農產品產地價格資料' 的自動更新完成。
2026-01-24 01:33:22,702 - SUCCESS - '農產品產地價格資料' 的自動更新完成。
2026-01-24 01:33:24,394 - SUCCESS - 成功提取 '雜糧生產概況' 的網頁 Metadata。
2026-01-24 01:33:24,394 - SUCCESS - 成功提取 '雜糧生產概況' 的網頁 Metadata。
2026-01-24 01:33:25,397 - SUCCESS - 已成功儲存次要資訊。
2026-01-24 01:33:25,397 - SUCCESS - 已成功儲存次要資訊。
2026-01-24 01:33:25,397 - SUCCESS - 更新結果儲存成功:{'全國單日平均糧價': '已更新', '各觀測站近兩年降雨量': '未更新', '產銷履歷與有機蔬果行情': '已更新', '糧價查詢': '已更新', '臺灣地區果品生產概況': '未更新', '臺灣地區特用作物生產概況': '未更新', '臺灣地區稻作種植、收穫面積及產量': '未更新', '臺灣地區稻米生產價值': '未更新', '臺灣地區蔬菜生產概況': '未更新', '臺灣地區農產品生產量值': '未更新', '農情調查': '已更新', '農產品交易行情': '已更新', '農產品產地價格(月平均價格)': '未更新', '農產品產地價格資料': '已更新', '雜糧生產概況': '未更新'}
2026-01-24 01:33:25,397 - SUCCESS - 更新結果儲存成功:{'全國單日平均糧價': '已更新', '各觀測站近兩年降雨量': '未更新', '產銷履歷與有機蔬果行情': '已更新', '糧價查詢': '已更新', '臺灣地區果品生產概況': '未更新', '臺灣地區特用作物生產概況': '未更新', '臺灣地區稻作種植、收穫面積及產量': '未更新', '臺灣地區稻米生產價值': '未更新', '臺灣地區蔬菜生產概況': '未更新', '臺灣地區農產品生產量值': '未更新', '農情調查': '已更新', '農產品交易行情': '已更新', '農產品產地價格(月平均價格)': '未更新', '農產品產地價格資料': '已更新', '雜糧生產概況': '未更新'}
2026-01-24 23:49:48,519 - SUCCESS - 表格<各觀測站近兩年降雨量>>1040002 無重複資料。
2026-01-24 23:49:48,519 - SUCCESS - 表格<各觀測站近兩年降雨量>>1040002 無重複資料。
2026-01-24 23:50:03,423 - SUCCESS - 表格<臺灣地區果品生產概況>>1040005 無重複資料。
2026-01-24 23:50:03,423 - SUCCESS - 表格<臺灣地區果品生產概況>>1040005 無重複資料。
2026-01-24 23:50:18,589 - SUCCESS - 表格<臺灣地區特用作物生產概況>>1040006 無重複資料。
2026-01-24 23:50:18,589 - SUCCESS - 表格<臺灣地區特用作物生產概況>>1040006 無重複資料。
2026-01-24 23:50:19,998 - SUCCESS - 表格<臺灣地區稻作種植、收穫面積及產量>>1040007 無重複資料。
2026-01-24 23:50:19,998 - SUCCESS - 表格<臺灣地區稻作種植、收穫面積及產量>>1040007 無重複資料。
2026-01-24 23:50:22,159 - SUCCESS - 表格<臺灣地區稻米生產價值>>1040008 無重複資料。
2026-01-24 23:50:22,159 - SUCCESS - 表格<臺灣地區稻米生產價值>>1040008 無重複資料。
2026-01-24 23:50:24,837 - SUCCESS - 表格<臺灣地區蔬菜生產概況>>1040009 無重複資料。
2026-01-24 23:50:24,837 - SUCCESS - 表格<臺灣地區蔬菜生產概況>>1040009 無重複資料。
2026-01-24 23:50:26,300 - SUCCESS - 表格<臺灣地區農產品生產量值>>1040010 無重複資料。
2026-01-24 23:50:26,300 - SUCCESS - 表格<臺灣地區農產品生產量值>>1040010 無重複資料。
2026-01-24 23:50:42,078 - SUCCESS - 表格<雜糧生產概況>>1040015 無重複資料。
2026-01-24 23:50:42,078 - SUCCESS - 表格<雜糧生產概況>>1040015 無重複資料。
2026-01-24 23:50:53,575 - SUCCESS - 表格<農作物統一名稱與代碼>>1040017 無重複資料。
2026-01-24 23:50:53,575 - SUCCESS - 表格<農作物統一名稱與代碼>>1040017 無重複資料。
2026-01-24 23:52:17,641 - SUCCESS - 表格<各觀測站近兩年降雨量>1040002 無重複資料。
2026-01-24 23:52:17,641 - SUCCESS - 表格<各觀測站近兩年降雨量>1040002 無重複資料。
2026-01-24 23:52:20,641 - SUCCESS - 表格<臺灣地區果品生產概況>1040005 無重複資料。
2026-01-24 23:52:20,641 - SUCCESS - 表格<臺灣地區果品生產概況>1040005 無重複資料。
2026-01-24 23:52:20,648 - SUCCESS - 表格<臺灣地區特用作物生產概況>1040006 無重複資料。
2026-01-24 23:52:20,648 - SUCCESS - 表格<臺灣地區特用作物生產概況>1040006 無重複資料。
2026-01-24 23:52:20,653 - SUCCESS - 表格<臺灣地區稻作種植、收穫面積及產量>1040007 無重複資料。
2026-01-24 23:52:20,653 - SUCCESS - 表格<臺灣地區稻作種植、收穫面積及產量>1040007 無重複資料。
2026-01-24 23:52:20,658 - SUCCESS - 表格<臺灣地區稻米生產價值>1040008 無重複資料。
2026-01-24 23:52:20,658 - SUCCESS - 表格<臺灣地區稻米生產價值>1040008 無重複資料。
2026-01-24 23:52:20,686 - SUCCESS - 表格<臺灣地區蔬菜生產概況>1040009 無重複資料。
2026-01-24 23:52:20,686 - SUCCESS - 表格<臺灣地區蔬菜生產概況>1040009 無重複資料。
2026-01-24 23:52:20,695 - SUCCESS - 表格<臺灣地區農產品生產量值>1040010 無重複資料。
2026-01-24 23:52:20,695 - SUCCESS - 表格<臺灣地區農產品生產量值>1040010 無重複資料。
2026-01-24 23:52:30,396 - SUCCESS - 表格<雜糧生產概況>1040015 無重複資料。
2026-01-24 23:52:30,396 - SUCCESS - 表格<雜糧生產概況>1040015 無重複資料。
2026-01-24 23:55:48,226 - SUCCESS - 表格<全國單日平均糧價>重複資料清理完成。
2026-01-24 23:55:48,226 - SUCCESS - 表格<全國單日平均糧價>重複資料清理完成。
2026-01-24 23:55:55,247 - SUCCESS - 表格<各觀測站近兩年降雨量>重複資料清理完成。
2026-01-24 23:55:55,247 - SUCCESS - 表格<各觀測站近兩年降雨量>重複資料清理完成。
2026-01-24 23:55:59,539 - SUCCESS - 表格<產銷履歷與有機蔬果行情>重複資料清理完成。
2026-01-24 23:55:59,539 - SUCCESS - 表格<產銷履歷與有機蔬果行情>重複資料清理完成。
2026-01-24 23:56:05,105 - SUCCESS - 表格<糧價查詢>重複資料清理完成。
2026-01-24 23:56:05,105 - SUCCESS - 表格<糧價查詢>重複資料清理完成。
2026-01-24 23:56:08,796 - SUCCESS - 表格<臺灣地區果品生產概況>重複資料清理完成。
2026-01-24 23:56:08,796 - SUCCESS - 表格<臺灣地區果品生產概況>重複資料清理完成。
2026-01-24 23:56:11,712 - SUCCESS - 表格<臺灣地區特用作物生產概況>重複資料清理完成。
2026-01-24 23:56:11,712 - SUCCESS - 表格<臺灣地區特用作物生產概況>重複資料清理完成。
2026-01-24 23:56:16,961 - SUCCESS - 表格<臺灣地區稻作種植、收穫面積及產量>重複資料清理完成。
2026-01-24 23:56:16,961 - SUCCESS - 表格<臺灣地區稻作種植、收穫面積及產量>重複資料清理完成。
2026-01-24 23:56:19,978 - SUCCESS - 表格<臺灣地區稻米生產價值>重複資料清理完成。
2026-01-24 23:56:19,978 - SUCCESS - 表格<臺灣地區稻米生產價值>重複資料清理完成。
2026-01-24 23:56:21,569 - SUCCESS - 表格<臺灣地區蔬菜生產概況>重複資料清理完成。
2026-01-24 23:56:21,569 - SUCCESS - 表格<臺灣地區蔬菜生產概況>重複資料清理完成。
2026-01-24 23:56:22,873 - SUCCESS - 表格<臺灣地區農產品生產量值>重複資料清理完成。
2026-01-24 23:56:22,873 - SUCCESS - 表格<臺灣地區農產品生產量值>重複資料清理完成。
2026-01-24 23:56:25,018 - SUCCESS - 表格<農情調查>重複資料清理完成。
2026-01-24 23:56:25,018 - SUCCESS - 表格<農情調查>重複資料清理完成。
2026-01-24 23:56:29,901 - SUCCESS - 表格<農產品交易行情>重複資料清理完成。
2026-01-24 23:56:29,901 - SUCCESS - 表格<農產品交易行情>重複資料清理完成。
2026-01-24 23:56:31,348 - SUCCESS - 表格<農產品產地價格(月平均價格)>重複資料清理完成。
2026-01-24 23:56:31,348 - SUCCESS - 表格<農產品產地價格(月平均價格)>重複資料清理完成。
2026-01-24 23:56:38,445 - SUCCESS - 表格<農產品產地價格資料>重複資料清理完成。
2026-01-24 23:56:38,445 - SUCCESS - 表格<農產品產地價格資料>重複資料清理完成。
2026-01-24 23:56:40,044 - SUCCESS - 表格<雜糧生產概況>重複資料清理完成。
2026-01-24 23:56:40,044 - SUCCESS - 表格<雜糧生產概況>重複資料清理完成。
2026-01-24 23:56:41,550 - SUCCESS - 表格<農作物統一代碼與農業相關系統之農作物代碼對應>1040016 不需清理重複資料。
2026-01-24 23:56:41,550 - SUCCESS - 表格<農作物統一代碼與農業相關系統之農作物代碼對應>1040016 不需清理重複資料。
2026-01-24 23:56:41,551 - SUCCESS - 表格<農作物統一名稱與代碼>1040017 不需清理重複資料。
2026-01-24 23:56:41,551 - SUCCESS - 表格<農作物統一名稱與代碼>1040017 不需清理重複資料。
2026-01-24 23:57:16,873 - SUCCESS - 表格<全國單日平均糧價>1040001 無重複資料。
2026-01-24 23:57:16,873 - SUCCESS - 表格<全國單日平均糧價>1040001 無重複資料。
2026-01-24 23:57:29,149 - SUCCESS - 表格<全國單日平均糧價>1040001 無重複資料。
2026-01-24 23:57:29,149 - SUCCESS - 表格<全國單日平均糧價>1040001 無重複資料。
2026-01-24 23:57:29,157 - SUCCESS - 表格<各觀測站近兩年降雨量>1040002 無重複資料。
2026-01-24 23:57:29,157 - SUCCESS - 表格<各觀測站近兩年降雨量>1040002 無重複資料。
2026-01-24 23:57:29,949 - SUCCESS - 表格<產銷履歷與有機蔬果行情>1040003 無重複資料。
2026-01-24 23:57:29,949 - SUCCESS - 表格<產銷履歷與有機蔬果行情>1040003 無重複資料。
2026-01-24 23:57:30,847 - SUCCESS - 表格<糧價查詢>1040004 無重複資料。
2026-01-24 23:57:30,847 - SUCCESS - 表格<糧價查詢>1040004 無重複資料。
2026-01-24 23:57:30,869 - SUCCESS - 表格<臺灣地區果品生產概況>1040005 無重複資料。
2026-01-24 23:57:30,869 - SUCCESS - 表格<臺灣地區果品生產概況>1040005 無重複資料。
2026-01-24 23:57:30,876 - SUCCESS - 表格<臺灣地區特用作物生產概況>1040006 無重複資料。
2026-01-24 23:57:30,876 - SUCCESS - 表格<臺灣地區特用作物生產概況>1040006 無重複資料。
2026-01-24 23:57:30,881 - SUCCESS - 表格<臺灣地區稻作種植、收穫面積及產量>1040007 無重複資料。
2026-01-24 23:57:30,881 - SUCCESS - 表格<臺灣地區稻作種植、收穫面積及產量>1040007 無重複資料。
2026-01-24 23:57:30,886 - SUCCESS - 表格<臺灣地區稻米生產價值>1040008 無重複資料。
2026-01-24 23:57:30,886 - SUCCESS - 表格<臺灣地區稻米生產價值>1040008 無重複資料。
2026-01-24 23:57:30,913 - SUCCESS - 表格<臺灣地區蔬菜生產概況>1040009 無重複資料。
2026-01-24 23:57:30,913 - SUCCESS - 表格<臺灣地區蔬菜生產概況>1040009 無重複資料。
2026-01-24 23:57:30,923 - SUCCESS - 表格<臺灣地區農產品生產量值>1040010 無重複資料。
2026-01-24 23:57:30,923 - SUCCESS - 表格<臺灣地區農產品生產量值>1040010 無重複資料。
2026-01-24 23:57:31,110 - SUCCESS - 表格<農情調查>1040011 無重複資料。
2026-01-24 23:57:31,110 - SUCCESS - 表格<農情調查>1040011 無重複資料。
2026-01-24 23:57:34,252 - SUCCESS - 表格<農產品交易行情>1040012 無重複資料。
2026-01-24 23:57:34,252 - SUCCESS - 表格<農產品交易行情>1040012 無重複資料。
2026-01-24 23:57:34,265 - SUCCESS - 表格<農產品產地價格(月平均價格)>1040013 無重複資料。
2026-01-24 23:57:34,265 - SUCCESS - 表格<農產品產地價格(月平均價格)>1040013 無重複資料。
2026-01-24 23:57:35,588 - SUCCESS - 表格<農產品產地價格資料>1040014 無重複資料。
2026-01-24 23:57:35,588 - SUCCESS - 表格<農產品產地價格資料>1040014 無重複資料。
2026-01-24 23:57:35,600 - SUCCESS - 表格<雜糧生產概況>1040015 無重複資料。
2026-01-24 23:57:35,600 - SUCCESS - 表格<雜糧生產概況>1040015 無重複資料。
2026-01-24 23:57:35,600 - SUCCESS - 表格<農作物統一代碼與農業相關系統之農作物代碼對應>1040016 不需清理重複資料。
2026-01-24 23:57:35,600 - SUCCESS - 表格<農作物統一代碼與農業相關系統之農作物代碼對應>1040016 不需清理重複資料。
2026-01-24 23:57:35,600 - SUCCESS - 表格<農作物統一名稱與代碼>1040017 不需清理重複資料。
2026-01-24 23:57:35,600 - SUCCESS - 表格<農作物統一名稱與代碼>1040017 不需清理重複資料。
2026-01-24 23:58:40,536 - SUCCESS - 表格<全國單日平均糧價>1040001 無重複資料。
2026-01-24 23:58:40,536 - SUCCESS - 表格<全國單日平均糧價>1040001 無重複資料。
2026-01-24 23:58:40,543 - SUCCESS - 表格<各觀測站近兩年降雨量>1040002 無重複資料。
2026-01-24 23:58:40,543 - SUCCESS - 表格<各觀測站近兩年降雨量>1040002 無重複資料。
2026-01-24 23:58:41,297 - SUCCESS - 表格<產銷履歷與有機蔬果行情>1040003 無重複資料。
2026-01-24 23:58:41,297 - SUCCESS - 表格<產銷履歷與有機蔬果行情>1040003 無重複資料。
2026-01-24 23:58:42,169 - SUCCESS - 表格<糧價查詢>1040004 無重複資料。
2026-01-24 23:58:42,169 - SUCCESS - 表格<糧價查詢>1040004 無重複資料。
2026-01-24 23:58:42,189 - SUCCESS - 表格<臺灣地區果品生產概況>1040005 無重複資料。
2026-01-24 23:58:42,189 - SUCCESS - 表格<臺灣地區果品生產概況>1040005 無重複資料。
2026-01-24 23:58:42,195 - SUCCESS - 表格<臺灣地區特用作物生產概況>1040006 無重複資料。
2026-01-24 23:58:42,195 - SUCCESS - 表格<臺灣地區特用作物生產概況>1040006 無重複資料。
2026-01-24 23:58:42,199 - SUCCESS - 表格<臺灣地區稻作種植、收穫面積及產量>1040007 無重複資料。
2026-01-24 23:58:42,199 - SUCCESS - 表格<臺灣地區稻作種植、收穫面積及產量>1040007 無重複資料。
2026-01-24 23:58:42,204 - SUCCESS - 表格<臺灣地區稻米生產價值>1040008 無重複資料。
2026-01-24 23:58:42,204 - SUCCESS - 表格<臺灣地區稻米生產價值>1040008 無重複資料。
2026-01-24 23:58:42,228 - SUCCESS - 表格<臺灣地區蔬菜生產概況>1040009 無重複資料。
2026-01-24 23:58:42,228 - SUCCESS - 表格<臺灣地區蔬菜生產概況>1040009 無重複資料。
2026-01-24 23:58:42,236 - SUCCESS - 表格<臺灣地區農產品生產量值>1040010 無重複資料。
2026-01-24 23:58:42,236 - SUCCESS - 表格<臺灣地區農產品生產量值>1040010 無重複資料。
2026-01-24 23:58:42,415 - SUCCESS - 表格<農情調查>1040011 無重複資料。
2026-01-24 23:58:42,415 - SUCCESS - 表格<農情調查>1040011 無重複資料。
