2026-01-27 00:15:47,789 - SUCCESS - 成功提取 '全國單日平均糧價' 的網頁 Metadata。
2026-01-27 00:15:47,789 - SUCCESS - 成功提取 '全國單日平均糧價' 的網頁 Metadata。
2026-01-27 00:15:47,850 - SUCCESS - '全國單日平均糧價' 的 Metadata 已更新到 metadata.json。
2026-01-27 00:15:47,850 - SUCCESS - '全國單日平均糧價' 的 Metadata 已更新到 metadata.json。
2026-01-27 00:15:56,745 - SUCCESS - <全國單日平均糧價>的資料已下載完成，共 9177 筆資料。
2026-01-27 00:15:56,745 - SUCCESS - <全國單日平均糧價>的資料已下載完成，共 9177 筆資料。
2026-01-27 00:15:56,968 - SUCCESS - 已下載、去重並合併資料完成現有資料 57 條，新資料 2 條。
2026-01-27 00:15:56,968 - SUCCESS - 已下載、去重並合併資料完成現有資料 57 條，新資料 2 條。
2026-01-27 00:15:57,165 - SUCCESS - 已下載 '全國單日平均糧價' 的原始 JSON 資料路徑: 'C:\Python\data_moa_gov_tw\raw_data\全國單日平均糧價\全國單日平均糧價.json'
2026-01-27 00:15:57,165 - SUCCESS - 已下載 '全國單日平均糧價' 的原始 JSON 資料路徑: 'C:\Python\data_moa_gov_tw\raw_data\全國單日平均糧價\全國單日平均糧價.json'
2026-01-27 00:15:57,188 - SUCCESS - 插入或更新 '全國單日平均糧價' 的 Metadata 成功。
2026-01-27 00:15:57,188 - SUCCESS - 插入或更新 '全國單日平均糧價' 的 Metadata 成功。
2026-01-27 00:15:57,199 - SUCCESS - 已成功批量插入 '全國單日平均糧價' 的總計 2 條記錄到表格 '1040001' 。
2026-01-27 00:15:57,199 - SUCCESS - 已成功批量插入 '全國單日平均糧價' 的總計 2 條記錄到表格 '1040001' 。
2026-01-27 00:15:57,199 - SUCCESS - '全國單日平均糧價' 的自動更新完成。
2026-01-27 00:15:57,199 - SUCCESS - '全國單日平均糧價' 的自動更新完成。
2026-01-27 00:15:59,920 - SUCCESS - 成功提取 '各觀測站近兩年降雨量' 的網頁 Metadata。
2026-01-27 00:15:59,920 - SUCCESS - 成功提取 '各觀測站近兩年降雨量' 的網頁 Metadata。
2026-01-27 00:16:02,017 - SUCCESS - 成功提取 '產銷履歷與有機蔬果行情' 的網頁 Metadata。
2026-01-27 00:16:02,017 - SUCCESS - 成功提取 '產銷履歷與有機蔬果行情' 的網頁 Metadata。
2026-01-27 00:16:02,059 - SUCCESS - '產銷履歷與有機蔬果行情' 的 Metadata 已更新到 metadata.json。
2026-01-27 00:16:02,059 - SUCCESS - '產銷履歷與有機蔬果行情' 的 Metadata 已更新到 metadata.json。
2026-01-27 00:16:50,865 - SUCCESS - <產銷履歷與有機蔬果行情>的資料已下載完成，共 2290 筆資料。
2026-01-27 00:16:50,865 - SUCCESS - <產銷履歷與有機蔬果行情>的資料已下載完成，共 2290 筆資料。
2026-01-27 00:16:59,602 - SUCCESS - 已下載、去重並合併資料完成現有資料 106062 條，新資料 89 條。
2026-01-27 00:16:59,602 - SUCCESS - 已下載、去重並合併資料完成現有資料 106062 條，新資料 89 條。
2026-01-27 00:17:02,240 - SUCCESS - 已下載 '產銷履歷與有機蔬果行情' 的原始 JSON 資料路徑: 'C:\Python\data_moa_gov_tw\raw_data\產銷履歷與有機蔬果行情\產銷履歷與有機蔬果行情.json'
2026-01-27 00:17:02,240 - SUCCESS - 已下載 '產銷履歷與有機蔬果行情' 的原始 JSON 資料路徑: 'C:\Python\data_moa_gov_tw\raw_data\產銷履歷與有機蔬果行情\產銷履歷與有機蔬果行情.json'
2026-01-27 00:17:02,262 - SUCCESS - 插入或更新 '產銷履歷與有機蔬果行情' 的 Metadata 成功。
2026-01-27 00:17:02,262 - SUCCESS - 插入或更新 '產銷履歷與有機蔬果行情' 的 Metadata 成功。
2026-01-27 00:17:02,311 - SUCCESS - 已成功批量插入 '產銷履歷與有機蔬果行情' 的總計 89 條記錄到表格 '1040003' 。
2026-01-27 00:17:02,311 - SUCCESS - 已成功批量插入 '產銷履歷與有機蔬果行情' 的總計 89 條記錄到表格 '1040003' 。
2026-01-27 00:17:02,344 - SUCCESS - '產銷履歷與有機蔬果行情' 的自動更新完成。
2026-01-27 00:17:02,344 - SUCCESS - '產銷履歷與有機蔬果行情' 的自動更新完成。
2026-01-27 00:17:04,507 - SUCCESS - 成功提取 '糧價查詢' 的網頁 Metadata。
2026-01-27 00:17:04,507 - SUCCESS - 成功提取 '糧價查詢' 的網頁 Metadata。
2026-01-27 00:17:04,556 - SUCCESS - '糧價查詢' 的 Metadata 已更新到 metadata.json。
2026-01-27 00:17:04,556 - SUCCESS - '糧價查詢' 的 Metadata 已更新到 metadata.json。
2026-01-27 00:17:07,392 - SUCCESS - <糧價查詢>的資料已下載完成，共 9999 筆資料。
2026-01-27 00:17:07,392 - SUCCESS - <糧價查詢>的資料已下載完成，共 9999 筆資料。
2026-01-27 00:17:07,573 - SUCCESS - 已下載、去重並合併資料完成現有資料 1498 條，新資料 40 條。
2026-01-27 00:17:07,573 - SUCCESS - 已下載、去重並合併資料完成現有資料 1498 條，新資料 40 條。
2026-01-27 00:17:08,488 - SUCCESS - 已下載 '糧價查詢' 的原始 JSON 資料路徑: 'C:\Python\data_moa_gov_tw\raw_data\糧價查詢\糧價查詢.json'
2026-01-27 00:17:08,488 - SUCCESS - 已下載 '糧價查詢' 的原始 JSON 資料路徑: 'C:\Python\data_moa_gov_tw\raw_data\糧價查詢\糧價查詢.json'
2026-01-27 00:17:08,496 - SUCCESS - 插入或更新 '糧價查詢' 的 Metadata 成功。
2026-01-27 00:17:08,496 - SUCCESS - 插入或更新 '糧價查詢' 的 Metadata 成功。
2026-01-27 00:17:08,523 - SUCCESS - 已成功批量插入 '糧價查詢' 的總計 40 條記錄到表格 '1040004' 。
2026-01-27 00:17:08,523 - SUCCESS - 已成功批量插入 '糧價查詢' 的總計 40 條記錄到表格 '1040004' 。
2026-01-27 00:17:08,524 - SUCCESS - '糧價查詢' 的自動更新完成。
2026-01-27 00:17:08,524 - SUCCESS - '糧價查詢' 的自動更新完成。
2026-01-27 00:17:10,626 - SUCCESS - 成功提取 '臺灣地區果品生產概況' 的網頁 Metadata。
2026-01-27 00:17:10,626 - SUCCESS - 成功提取 '臺灣地區果品生產概況' 的網頁 Metadata。
2026-01-27 00:17:12,687 - SUCCESS - 成功提取 '臺灣地區特用作物生產概況' 的網頁 Metadata。
2026-01-27 00:17:12,687 - SUCCESS - 成功提取 '臺灣地區特用作物生產概況' 的網頁 Metadata。
2026-01-27 00:17:14,490 - SUCCESS - 成功提取 '臺灣地區稻作種植、收穫面積及產量' 的網頁 Metadata。
2026-01-27 00:17:14,490 - SUCCESS - 成功提取 '臺灣地區稻作種植、收穫面積及產量' 的網頁 Metadata。
2026-01-27 00:17:16,497 - SUCCESS - 成功提取 '臺灣地區稻米生產價值' 的網頁 Metadata。
2026-01-27 00:17:16,497 - SUCCESS - 成功提取 '臺灣地區稻米生產價值' 的網頁 Metadata。
2026-01-27 00:17:19,017 - SUCCESS - 成功提取 '臺灣地區蔬菜生產概況' 的網頁 Metadata。
2026-01-27 00:17:19,017 - SUCCESS - 成功提取 '臺灣地區蔬菜生產概況' 的網頁 Metadata。
2026-01-27 00:17:21,417 - SUCCESS - 成功提取 '臺灣地區農產品生產量值' 的網頁 Metadata。
2026-01-27 00:17:21,417 - SUCCESS - 成功提取 '臺灣地區農產品生產量值' 的網頁 Metadata。
2026-01-27 00:17:22,811 - SUCCESS - 成功提取 '農情調查' 的網頁 Metadata。
2026-01-27 00:17:22,811 - SUCCESS - 成功提取 '農情調查' 的網頁 Metadata。
2026-01-27 00:17:22,874 - SUCCESS - '農情調查' 的 Metadata 已更新到 metadata.json。
2026-01-27 00:17:22,874 - SUCCESS - '農情調查' 的 Metadata 已更新到 metadata.json。
2026-01-27 00:17:27,099 - SUCCESS - <農情調查>的資料已下載完成，共 9999 筆資料。
2026-01-27 00:17:27,099 - SUCCESS - <農情調查>的資料已下載完成，共 9999 筆資料。
2026-01-27 00:17:27,120 - SUCCESS - 已下載、去重並合併資料完成現有資料 0 條，新資料 0 條。
2026-01-27 00:17:27,120 - SUCCESS - 已下載、去重並合併資料完成現有資料 0 條，新資料 0 條。
2026-01-27 00:17:28,921 - SUCCESS - 成功提取 '農產品交易行情' 的網頁 Metadata。
2026-01-27 00:17:28,921 - SUCCESS - 成功提取 '農產品交易行情' 的網頁 Metadata。
2026-01-27 00:17:28,992 - SUCCESS - '農產品交易行情' 的 Metadata 已更新到 metadata.json。
2026-01-27 00:17:28,992 - SUCCESS - '農產品交易行情' 的 Metadata 已更新到 metadata.json。
2026-01-27 00:17:51,373 - SUCCESS - <農產品交易行情>的資料已下載完成，共 6106 筆資料。
2026-01-27 00:17:51,373 - SUCCESS - <農產品交易行情>的資料已下載完成，共 6106 筆資料。
2026-01-27 00:18:01,752 - SUCCESS - 已下載、去重並合併資料完成現有資料 165004 條，新資料 1524 條。
2026-01-27 00:18:01,752 - SUCCESS - 已下載、去重並合併資料完成現有資料 165004 條，新資料 1524 條。
2026-01-27 00:18:05,752 - SUCCESS - 已下載 '農產品交易行情' 的原始 JSON 資料路徑: 'C:\Python\data_moa_gov_tw\raw_data\農產品交易行情\農產品交易行情.json'
2026-01-27 00:18:05,752 - SUCCESS - 已下載 '農產品交易行情' 的原始 JSON 資料路徑: 'C:\Python\data_moa_gov_tw\raw_data\農產品交易行情\農產品交易行情.json'
2026-01-27 00:18:05,771 - SUCCESS - 插入或更新 '農產品交易行情' 的 Metadata 成功。
2026-01-27 00:18:05,771 - SUCCESS - 插入或更新 '農產品交易行情' 的 Metadata 成功。
2026-01-27 00:18:06,397 - SUCCESS - 已成功批量插入 '農產品交易行情' 的總計 1524 條記錄到表格 '1040012' 。
2026-01-27 00:18:06,397 - SUCCESS - 已成功批量插入 '農產品交易行情' 的總計 1524 條記錄到表格 '1040012' 。
2026-01-27 00:18:06,463 - SUCCESS - '農產品交易行情' 的自動更新完成。
2026-01-27 00:18:06,463 - SUCCESS - '農產品交易行情' 的自動更新完成。
2026-01-27 00:18:09,016 - SUCCESS - 成功提取 '農產品產地價格(月平均價格)' 的網頁 Metadata。
2026-01-27 00:18:09,016 - SUCCESS - 成功提取 '農產品產地價格(月平均價格)' 的網頁 Metadata。
2026-01-27 00:18:12,408 - SUCCESS - 成功提取 '農產品產地價格資料' 的網頁 Metadata。
2026-01-27 00:18:12,408 - SUCCESS - 成功提取 '農產品產地價格資料' 的網頁 Metadata。
2026-01-27 00:18:12,454 - SUCCESS - '農產品產地價格資料' 的 Metadata 已更新到 metadata.json。
2026-01-27 00:18:12,454 - SUCCESS - '農產品產地價格資料' 的 Metadata 已更新到 metadata.json。
2026-01-27 00:18:13,620 - SUCCESS - <農產品產地價格資料>的資料已下載完成，共 9999 筆資料。
2026-01-27 00:18:13,620 - SUCCESS - <農產品產地價格資料>的資料已下載完成，共 9999 筆資料。
2026-01-27 00:18:14,782 - SUCCESS - 已下載、去重並合併資料完成現有資料 238 條，新資料 0 條。
2026-01-27 00:18:14,782 - SUCCESS - 已下載、去重並合併資料完成現有資料 238 條，新資料 0 條。
2026-01-27 00:18:16,028 - SUCCESS - 插入或更新 '農產品產地價格資料' 的 Metadata 成功。
2026-01-27 00:18:16,028 - SUCCESS - 插入或更新 '農產品產地價格資料' 的 Metadata 成功。
2026-01-27 00:18:16,029 - SUCCESS - '農產品產地價格資料' 的自動更新完成。
2026-01-27 00:18:16,029 - SUCCESS - '農產品產地價格資料' 的自動更新完成。
2026-01-27 00:18:18,142 - SUCCESS - 成功提取 '雜糧生產概況' 的網頁 Metadata。
2026-01-27 00:18:18,142 - SUCCESS - 成功提取 '雜糧生產概況' 的網頁 Metadata。
2026-01-27 00:18:19,156 - SUCCESS - 已成功儲存次要資訊。
2026-01-27 00:18:19,156 - SUCCESS - 已成功儲存次要資訊。
2026-01-27 00:18:19,156 - SUCCESS - 更新結果儲存成功:{'全國單日平均糧價': '已更新', '各觀測站近兩年降雨量': '未更新', '產銷履歷與有機蔬果行情': '已更新', '糧價查詢': '已更新', '臺灣地區果品生產概況': '未更新', '臺灣地區特用作物生產概況': '未更新', '臺灣地區稻作種植、收穫面積及產量': '未更新', '臺灣地區稻米生產價值': '未更新', '臺灣地區蔬菜生產概況': '未更新', '臺灣地區農產品生產量值': '未更新', '農情調查': '未更新', '農產品交易行情': '已更新', '農產品產地價格(月平均價格)': '未更新', '農產品產地價格資料': '已更新', '雜糧生產概況': '未更新'}
2026-01-27 00:18:19,156 - SUCCESS - 更新結果儲存成功:{'全國單日平均糧價': '已更新', '各觀測站近兩年降雨量': '未更新', '產銷履歷與有機蔬果行情': '已更新', '糧價查詢': '已更新', '臺灣地區果品生產概況': '未更新', '臺灣地區特用作物生產概況': '未更新', '臺灣地區稻作種植、收穫面積及產量': '未更新', '臺灣地區稻米生產價值': '未更新', '臺灣地區蔬菜生產概況': '未更新', '臺灣地區農產品生產量值': '未更新', '農情調查': '未更新', '農產品交易行情': '已更新', '農產品產地價格(月平均價格)': '未更新', '農產品產地價格資料': '已更新', '雜糧生產概況': '未更新'}
2026-01-27 23:39:49,807 - SUCCESS - 成功提取 '全國單日平均糧價' 的網頁 Metadata。
2026-01-27 23:39:49,807 - SUCCESS - 成功提取 '全國單日平均糧價' 的網頁 Metadata。
2026-01-27 23:39:49,851 - SUCCESS - '全國單日平均糧價' 的 Metadata 已更新到 metadata.json。
2026-01-27 23:39:49,851 - SUCCESS - '全國單日平均糧價' 的 Metadata 已更新到 metadata.json。
2026-01-27 23:39:51,704 - SUCCESS - <全國單日平均糧價>的資料已下載完成，共 9178 筆資料。
2026-01-27 23:39:51,704 - SUCCESS - <全國單日平均糧價>的資料已下載完成，共 9178 筆資料。
2026-01-27 23:39:51,912 - SUCCESS - 已下載、去重並合併資料完成現有資料 58 條，新資料 1 條。
2026-01-27 23:39:51,912 - SUCCESS - 已下載、去重並合併資料完成現有資料 58 條，新資料 1 條。
2026-01-27 23:39:52,077 - SUCCESS - 已下載 '全國單日平均糧價' 的原始 JSON 資料路徑: 'C:\Python\data_moa_gov_tw\raw_data\全國單日平均糧價\全國單日平均糧價.json'
2026-01-27 23:39:52,077 - SUCCESS - 已下載 '全國單日平均糧價' 的原始 JSON 資料路徑: 'C:\Python\data_moa_gov_tw\raw_data\全國單日平均糧價\全國單日平均糧價.json'
2026-01-27 23:39:52,107 - SUCCESS - 插入或更新 '全國單日平均糧價' 的 Metadata 成功。
2026-01-27 23:39:52,107 - SUCCESS - 插入或更新 '全國單日平均糧價' 的 Metadata 成功。
2026-01-27 23:39:52,115 - SUCCESS - 已成功批量插入 '全國單日平均糧價' 的總計 1 條記錄到表格 '1040001' 。
2026-01-27 23:39:52,115 - SUCCESS - 已成功批量插入 '全國單日平均糧價' 的總計 1 條記錄到表格 '1040001' 。
2026-01-27 23:39:52,115 - SUCCESS - '全國單日平均糧價' 的自動更新完成。
2026-01-27 23:39:52,115 - SUCCESS - '全國單日平均糧價' 的自動更新完成。
2026-01-27 23:39:53,481 - SUCCESS - 成功提取 '各觀測站近兩年降雨量' 的網頁 Metadata。
2026-01-27 23:39:53,481 - SUCCESS - 成功提取 '各觀測站近兩年降雨量' 的網頁 Metadata。
2026-01-27 23:39:54,907 - SUCCESS - 成功提取 '產銷履歷與有機蔬果行情' 的網頁 Metadata。
2026-01-27 23:39:54,907 - SUCCESS - 成功提取 '產銷履歷與有機蔬果行情' 的網頁 Metadata。
2026-01-27 23:39:54,955 - SUCCESS - '產銷履歷與有機蔬果行情' 的 Metadata 已更新到 metadata.json。
2026-01-27 23:39:54,955 - SUCCESS - '產銷履歷與有機蔬果行情' 的 Metadata 已更新到 metadata.json。
2026-01-27 23:39:56,340 - SUCCESS - <產銷履歷與有機蔬果行情>的資料已下載完成，共 2519 筆資料。
2026-01-27 23:39:56,340 - SUCCESS - <產銷履歷與有機蔬果行情>的資料已下載完成，共 2519 筆資料。
2026-01-27 23:40:05,385 - SUCCESS - 已下載、去重並合併資料完成現有資料 108492 條，新資料 2430 條。
2026-01-27 23:40:05,385 - SUCCESS - 已下載、去重並合併資料完成現有資料 108492 條，新資料 2430 條。
2026-01-27 23:40:08,043 - SUCCESS - 已下載 '產銷履歷與有機蔬果行情' 的原始 JSON 資料路徑: 'C:\Python\data_moa_gov_tw\raw_data\產銷履歷與有機蔬果行情\產銷履歷與有機蔬果行情.json'
2026-01-27 23:40:08,043 - SUCCESS - 已下載 '產銷履歷與有機蔬果行情' 的原始 JSON 資料路徑: 'C:\Python\data_moa_gov_tw\raw_data\產銷履歷與有機蔬果行情\產銷履歷與有機蔬果行情.json'
2026-01-27 23:40:08,060 - SUCCESS - 插入或更新 '產銷履歷與有機蔬果行情' 的 Metadata 成功。
2026-01-27 23:40:08,060 - SUCCESS - 插入或更新 '產銷履歷與有機蔬果行情' 的 Metadata 成功。
2026-01-27 23:40:09,341 - SUCCESS - 已成功批量插入 '產銷履歷與有機蔬果行情' 的總計 2430 條記錄到表格 '1040003' 。
2026-01-27 23:40:09,341 - SUCCESS - 已成功批量插入 '產銷履歷與有機蔬果行情' 的總計 2430 條記錄到表格 '1040003' 。
2026-01-27 23:40:09,375 - SUCCESS - '產銷履歷與有機蔬果行情' 的自動更新完成。
2026-01-27 23:40:09,375 - SUCCESS - '產銷履歷與有機蔬果行情' 的自動更新完成。
2026-01-27 23:40:11,021 - SUCCESS - 成功提取 '糧價查詢' 的網頁 Metadata。
2026-01-27 23:40:11,021 - SUCCESS - 成功提取 '糧價查詢' 的網頁 Metadata。
2026-01-27 23:40:11,071 - SUCCESS - '糧價查詢' 的 Metadata 已更新到 metadata.json。
2026-01-27 23:40:11,071 - SUCCESS - '糧價查詢' 的 Metadata 已更新到 metadata.json。
2026-01-27 23:40:13,081 - SUCCESS - <糧價查詢>的資料已下載完成，共 9999 筆資料。
2026-01-27 23:40:13,081 - SUCCESS - <糧價查詢>的資料已下載完成，共 9999 筆資料。
2026-01-27 23:40:13,244 - SUCCESS - 已下載、去重並合併資料完成現有資料 1518 條，新資料 20 條。
2026-01-27 23:40:13,244 - SUCCESS - 已下載、去重並合併資料完成現有資料 1518 條，新資料 20 條。
2026-01-27 23:40:14,139 - SUCCESS - 已下載 '糧價查詢' 的原始 JSON 資料路徑: 'C:\Python\data_moa_gov_tw\raw_data\糧價查詢\糧價查詢.json'
2026-01-27 23:40:14,139 - SUCCESS - 已下載 '糧價查詢' 的原始 JSON 資料路徑: 'C:\Python\data_moa_gov_tw\raw_data\糧價查詢\糧價查詢.json'
2026-01-27 23:40:14,147 - SUCCESS - 插入或更新 '糧價查詢' 的 Metadata 成功。
2026-01-27 23:40:14,147 - SUCCESS - 插入或更新 '糧價查詢' 的 Metadata 成功。
2026-01-27 23:40:14,163 - SUCCESS - 已成功批量插入 '糧價查詢' 的總計 20 條記錄到表格 '1040004' 。
2026-01-27 23:40:14,163 - SUCCESS - 已成功批量插入 '糧價查詢' 的總計 20 條記錄到表格 '1040004' 。
2026-01-27 23:40:14,163 - SUCCESS - '糧價查詢' 的自動更新完成。
2026-01-27 23:40:14,163 - SUCCESS - '糧價查詢' 的自動更新完成。
2026-01-27 23:40:15,986 - SUCCESS - 成功提取 '臺灣地區果品生產概況' 的網頁 Metadata。
2026-01-27 23:40:15,986 - SUCCESS - 成功提取 '臺灣地區果品生產概況' 的網頁 Metadata。
2026-01-27 23:40:17,851 - SUCCESS - 成功提取 '臺灣地區特用作物生產概況' 的網頁 Metadata。
2026-01-27 23:40:17,851 - SUCCESS - 成功提取 '臺灣地區特用作物生產概況' 的網頁 Metadata。
2026-01-27 23:40:19,174 - SUCCESS - 成功提取 '臺灣地區稻作種植、收穫面積及產量' 的網頁 Metadata。
2026-01-27 23:40:19,174 - SUCCESS - 成功提取 '臺灣地區稻作種植、收穫面積及產量' 的網頁 Metadata。
2026-01-27 23:40:20,491 - SUCCESS - 成功提取 '臺灣地區稻米生產價值' 的網頁 Metadata。
2026-01-27 23:40:20,491 - SUCCESS - 成功提取 '臺灣地區稻米生產價值' 的網頁 Metadata。
2026-01-27 23:40:22,273 - SUCCESS - 成功提取 '臺灣地區蔬菜生產概況' 的網頁 Metadata。
2026-01-27 23:40:22,273 - SUCCESS - 成功提取 '臺灣地區蔬菜生產概況' 的網頁 Metadata。
2026-01-27 23:40:23,660 - SUCCESS - 成功提取 '臺灣地區農產品生產量值' 的網頁 Metadata。
2026-01-27 23:40:23,660 - SUCCESS - 成功提取 '臺灣地區農產品生產量值' 的網頁 Metadata。
2026-01-27 23:40:25,022 - SUCCESS - 成功提取 '農情調查' 的網頁 Metadata。
2026-01-27 23:40:25,022 - SUCCESS - 成功提取 '農情調查' 的網頁 Metadata。
2026-01-27 23:40:25,074 - SUCCESS - '農情調查' 的 Metadata 已更新到 metadata.json。
2026-01-27 23:40:25,074 - SUCCESS - '農情調查' 的 Metadata 已更新到 metadata.json。
2026-01-27 23:40:29,740 - SUCCESS - <農情調查>的資料已下載完成，共 9999 筆資料。
2026-01-27 23:40:29,740 - SUCCESS - <農情調查>的資料已下載完成，共 9999 筆資料。
2026-01-27 23:40:29,757 - SUCCESS - 已下載、去重並合併資料完成現有資料 0 條，新資料 0 條。
2026-01-27 23:40:29,757 - SUCCESS - 已下載、去重並合併資料完成現有資料 0 條，新資料 0 條。
2026-01-27 23:40:31,307 - SUCCESS - 成功提取 '農產品交易行情' 的網頁 Metadata。
2026-01-27 23:40:31,307 - SUCCESS - 成功提取 '農產品交易行情' 的網頁 Metadata。
2026-01-27 23:40:31,340 - SUCCESS - '農產品交易行情' 的 Metadata 已更新到 metadata.json。
2026-01-27 23:40:31,340 - SUCCESS - '農產品交易行情' 的 Metadata 已更新到 metadata.json。
2026-01-27 23:40:42,474 - SUCCESS - <農產品交易行情>的資料已下載完成，共 10166 筆資料。
2026-01-27 23:40:42,474 - SUCCESS - <農產品交易行情>的資料已下載完成，共 10166 筆資料。
2026-01-27 23:40:52,842 - SUCCESS - 已下載、去重並合併資料完成現有資料 169065 條，新資料 4061 條。
2026-01-27 23:40:52,842 - SUCCESS - 已下載、去重並合併資料完成現有資料 169065 條，新資料 4061 條。
2026-01-27 23:40:57,109 - SUCCESS - 已下載 '農產品交易行情' 的原始 JSON 資料路徑: 'C:\Python\data_moa_gov_tw\raw_data\農產品交易行情\農產品交易行情.json'
2026-01-27 23:40:57,109 - SUCCESS - 已下載 '農產品交易行情' 的原始 JSON 資料路徑: 'C:\Python\data_moa_gov_tw\raw_data\農產品交易行情\農產品交易行情.json'
2026-01-27 23:40:57,115 - SUCCESS - 插入或更新 '農產品交易行情' 的 Metadata 成功。
2026-01-27 23:40:57,115 - SUCCESS - 插入或更新 '農產品交易行情' 的 Metadata 成功。
2026-01-27 23:40:59,508 - SUCCESS - 已成功批量插入 '農產品交易行情' 的總計 4060 條記錄到表格 '1040012' 。
2026-01-27 23:40:59,508 - SUCCESS - 已成功批量插入 '農產品交易行情' 的總計 4060 條記錄到表格 '1040012' 。
2026-01-27 23:40:59,569 - SUCCESS - '農產品交易行情' 的自動更新完成。
2026-01-27 23:40:59,569 - SUCCESS - '農產品交易行情' 的自動更新完成。
2026-01-27 23:41:01,259 - SUCCESS - 成功提取 '農產品產地價格(月平均價格)' 的網頁 Metadata。
2026-01-27 23:41:01,259 - SUCCESS - 成功提取 '農產品產地價格(月平均價格)' 的網頁 Metadata。
2026-01-27 23:41:02,524 - SUCCESS - 成功提取 '農產品產地價格資料' 的網頁 Metadata。
2026-01-27 23:41:02,524 - SUCCESS - 成功提取 '農產品產地價格資料' 的網頁 Metadata。
2026-01-27 23:41:02,571 - SUCCESS - '農產品產地價格資料' 的 Metadata 已更新到 metadata.json。
2026-01-27 23:41:02,571 - SUCCESS - '農產品產地價格資料' 的 Metadata 已更新到 metadata.json。
2026-01-27 23:41:03,211 - SUCCESS - <農產品產地價格資料>的資料已下載完成，共 9999 筆資料。
2026-01-27 23:41:03,211 - SUCCESS - <農產品產地價格資料>的資料已下載完成，共 9999 筆資料。
2026-01-27 23:41:04,455 - SUCCESS - 已下載、去重並合併資料完成現有資料 267 條，新資料 29 條。
2026-01-27 23:41:04,455 - SUCCESS - 已下載、去重並合併資料完成現有資料 267 條，新資料 29 條。
2026-01-27 23:41:05,755 - SUCCESS - 已下載 '農產品產地價格資料' 的原始 JSON 資料路徑: 'C:\Python\data_moa_gov_tw\raw_data\農產品產地價格資料\農產品產地價格資料.json'
2026-01-27 23:41:05,755 - SUCCESS - 已下載 '農產品產地價格資料' 的原始 JSON 資料路徑: 'C:\Python\data_moa_gov_tw\raw_data\農產品產地價格資料\農產品產地價格資料.json'
2026-01-27 23:41:05,771 - SUCCESS - 插入或更新 '農產品產地價格資料' 的 Metadata 成功。
2026-01-27 23:41:05,771 - SUCCESS - 插入或更新 '農產品產地價格資料' 的 Metadata 成功。
2026-01-27 23:41:05,787 - SUCCESS - 已成功批量插入 '農產品產地價格資料' 的總計 29 條記錄到表格 '1040014' 。
2026-01-27 23:41:05,787 - SUCCESS - 已成功批量插入 '農產品產地價格資料' 的總計 29 條記錄到表格 '1040014' 。
2026-01-27 23:41:05,787 - SUCCESS - '農產品產地價格資料' 的自動更新完成。
2026-01-27 23:41:05,787 - SUCCESS - '農產品產地價格資料' 的自動更新完成。
2026-01-27 23:41:07,042 - SUCCESS - 成功提取 '雜糧生產概況' 的網頁 Metadata。
2026-01-27 23:41:07,042 - SUCCESS - 成功提取 '雜糧生產概況' 的網頁 Metadata。
2026-01-27 23:41:08,051 - SUCCESS - 已成功儲存次要資訊。
2026-01-27 23:41:08,051 - SUCCESS - 已成功儲存次要資訊。
2026-01-27 23:41:08,051 - SUCCESS - 更新結果儲存成功:{'全國單日平均糧價': '已更新', '各觀測站近兩年降雨量': '未更新', '產銷履歷與有機蔬果行情': '已更新', '糧價查詢': '已更新', '臺灣地區果品生產概況': '未更新', '臺灣地區特用作物生產概況': '未更新', '臺灣地區稻作種植、收穫面積及產量': '未更新', '臺灣地區稻米生產價值': '未更新', '臺灣地區蔬菜生產概況': '未更新', '臺灣地區農產品生產量值': '未更新', '農情調查': '未更新', '農產品交易行情': '已更新', '農產品產地價格(月平均價格)': '未更新', '農產品產地價格資料': '已更新', '雜糧生產概況': '未更新'}
2026-01-27 23:41:08,051 - SUCCESS - 更新結果儲存成功:{'全國單日平均糧價': '已更新', '各觀測站近兩年降雨量': '未更新', '產銷履歷與有機蔬果行情': '已更新', '糧價查詢': '已更新', '臺灣地區果品生產概況': '未更新', '臺灣地區特用作物生產概況': '未更新', '臺灣地區稻作種植、收穫面積及產量': '未更新', '臺灣地區稻米生產價值': '未更新', '臺灣地區蔬菜生產概況': '未更新', '臺灣地區農產品生產量值': '未更新', '農情調查': '未更新', '農產品交易行情': '已更新', '農產品產地價格(月平均價格)': '未更新', '農產品產地價格資料': '已更新', '雜糧生產概況': '未更新'}
