2025-11-19 23:26:50,551 - SUCCESS - 成功提取 '全國單日平均糧價' 的網頁 Metadata。
2025-11-19 23:26:50,551 - SUCCESS - 成功提取 '全國單日平均糧價' 的網頁 Metadata。
2025-11-19 23:26:50,602 - SUCCESS - '全國單日平均糧價' 的 Metadata 已更新到 metadata.json。
2025-11-19 23:26:50,602 - SUCCESS - '全國單日平均糧價' 的 Metadata 已更新到 metadata.json。
2025-11-19 23:26:52,090 - SUCCESS - <全國單日平均糧價>的資料已下載完成，共 9109 筆資料。
2025-11-19 23:26:52,090 - SUCCESS - <全國單日平均糧價>的資料已下載完成，共 9109 筆資料。
2025-11-19 23:26:53,072 - SUCCESS - 已下載、去重並合併資料完成現有資料 9109 條，新資料 1 條。
2025-11-19 23:26:53,072 - SUCCESS - 已下載、去重並合併資料完成現有資料 9109 條，新資料 1 條。
2025-11-19 23:26:53,135 - SUCCESS - 已下載 '全國單日平均糧價' 的原始 JSON 資料路徑: 'C:\Python\data_moa_gov_tw\raw_data\全國單日平均糧價\全國單日平均糧價.json'
2025-11-19 23:26:53,135 - SUCCESS - 已下載 '全國單日平均糧價' 的原始 JSON 資料路徑: 'C:\Python\data_moa_gov_tw\raw_data\全國單日平均糧價\全國單日平均糧價.json'
2025-11-19 23:26:53,158 - SUCCESS - 插入或更新 '全國單日平均糧價' 的 Metadata 成功。
2025-11-19 23:26:53,158 - SUCCESS - 插入或更新 '全國單日平均糧價' 的 Metadata 成功。
2025-11-19 23:26:53,161 - SUCCESS - 已成功批量插入 '全國單日平均糧價' 的總計 1 條記錄到表格 '1040001' 。
2025-11-19 23:26:53,161 - SUCCESS - 已成功批量插入 '全國單日平均糧價' 的總計 1 條記錄到表格 '1040001' 。
2025-11-19 23:26:53,168 - SUCCESS - '全國單日平均糧價' 的自動更新完成。
2025-11-19 23:26:53,168 - SUCCESS - '全國單日平均糧價' 的自動更新完成。
2025-11-19 23:26:54,530 - SUCCESS - 成功提取 '各觀測站近兩年降雨量' 的網頁 Metadata。
2025-11-19 23:26:54,530 - SUCCESS - 成功提取 '各觀測站近兩年降雨量' 的網頁 Metadata。
2025-11-19 23:26:55,836 - SUCCESS - 成功提取 '產銷履歷與有機蔬果行情' 的網頁 Metadata。
2025-11-19 23:26:55,836 - SUCCESS - 成功提取 '產銷履歷與有機蔬果行情' 的網頁 Metadata。
2025-11-19 23:26:55,882 - SUCCESS - '產銷履歷與有機蔬果行情' 的 Metadata 已更新到 metadata.json。
2025-11-19 23:26:55,882 - SUCCESS - '產銷履歷與有機蔬果行情' 的 Metadata 已更新到 metadata.json。
2025-11-19 23:26:58,748 - SUCCESS - <產銷履歷與有機蔬果行情>的資料已下載完成，共 4682 筆資料。
2025-11-19 23:26:58,748 - SUCCESS - <產銷履歷與有機蔬果行情>的資料已下載完成，共 4682 筆資料。
2025-11-19 23:27:14,780 - SUCCESS - 已下載、去重並合併資料完成現有資料 227477 條，新資料 2297 條。
2025-11-19 23:27:14,780 - SUCCESS - 已下載、去重並合併資料完成現有資料 227477 條，新資料 2297 條。
2025-11-19 23:27:16,015 - SUCCESS - 已下載 '產銷履歷與有機蔬果行情' 的原始 JSON 資料路徑: 'C:\Python\data_moa_gov_tw\raw_data\產銷履歷與有機蔬果行情\產銷履歷與有機蔬果行情.json'
2025-11-19 23:27:16,015 - SUCCESS - 已下載 '產銷履歷與有機蔬果行情' 的原始 JSON 資料路徑: 'C:\Python\data_moa_gov_tw\raw_data\產銷履歷與有機蔬果行情\產銷履歷與有機蔬果行情.json'
2025-11-19 23:27:16,015 - SUCCESS - 插入或更新 '產銷履歷與有機蔬果行情' 的 Metadata 成功。
2025-11-19 23:27:16,015 - SUCCESS - 插入或更新 '產銷履歷與有機蔬果行情' 的 Metadata 成功。
2025-11-19 23:27:16,892 - SUCCESS - 已成功批量插入 '產銷履歷與有機蔬果行情' 的總計 2297 條記錄到表格 '1040003' 。
2025-11-19 23:27:16,892 - SUCCESS - 已成功批量插入 '產銷履歷與有機蔬果行情' 的總計 2297 條記錄到表格 '1040003' 。
2025-11-19 23:27:16,956 - SUCCESS - '產銷履歷與有機蔬果行情' 的自動更新完成。
2025-11-19 23:27:16,956 - SUCCESS - '產銷履歷與有機蔬果行情' 的自動更新完成。
2025-11-19 23:27:18,204 - SUCCESS - 成功提取 '糧價查詢' 的網頁 Metadata。
2025-11-19 23:27:18,204 - SUCCESS - 成功提取 '糧價查詢' 的網頁 Metadata。
2025-11-19 23:27:18,228 - SUCCESS - '糧價查詢' 的 Metadata 已更新到 metadata.json。
2025-11-19 23:27:18,228 - SUCCESS - '糧價查詢' 的 Metadata 已更新到 metadata.json。
2025-11-19 23:27:19,865 - SUCCESS - <糧價查詢>的資料已下載完成，共 9999 筆資料。
2025-11-19 23:27:19,865 - SUCCESS - <糧價查詢>的資料已下載完成，共 9999 筆資料。
2025-11-19 23:27:35,004 - SUCCESS - 已下載、去重並合併資料完成現有資料 240723 條，新資料 20 條。
2025-11-19 23:27:35,004 - SUCCESS - 已下載、去重並合併資料完成現有資料 240723 條，新資料 20 條。
2025-11-19 23:27:36,062 - SUCCESS - 已下載 '糧價查詢' 的原始 JSON 資料路徑: 'C:\Python\data_moa_gov_tw\raw_data\糧價查詢\糧價查詢.json'
2025-11-19 23:27:36,062 - SUCCESS - 已下載 '糧價查詢' 的原始 JSON 資料路徑: 'C:\Python\data_moa_gov_tw\raw_data\糧價查詢\糧價查詢.json'
2025-11-19 23:27:36,065 - SUCCESS - 插入或更新 '糧價查詢' 的 Metadata 成功。
2025-11-19 23:27:36,065 - SUCCESS - 插入或更新 '糧價查詢' 的 Metadata 成功。
2025-11-19 23:27:36,084 - SUCCESS - 已成功批量插入 '糧價查詢' 的總計 20 條記錄到表格 '1040004' 。
2025-11-19 23:27:36,084 - SUCCESS - 已成功批量插入 '糧價查詢' 的總計 20 條記錄到表格 '1040004' 。
2025-11-19 23:27:36,190 - SUCCESS - '糧價查詢' 的自動更新完成。
2025-11-19 23:27:36,190 - SUCCESS - '糧價查詢' 的自動更新完成。
2025-11-19 23:27:37,500 - SUCCESS - 成功提取 '臺灣地區果品生產概況' 的網頁 Metadata。
2025-11-19 23:27:37,500 - SUCCESS - 成功提取 '臺灣地區果品生產概況' 的網頁 Metadata。
2025-11-19 23:27:39,073 - SUCCESS - 成功提取 '臺灣地區特用作物生產概況' 的網頁 Metadata。
2025-11-19 23:27:39,073 - SUCCESS - 成功提取 '臺灣地區特用作物生產概況' 的網頁 Metadata。
2025-11-19 23:27:40,464 - SUCCESS - 成功提取 '臺灣地區稻作種植、收穫面積及產量' 的網頁 Metadata。
2025-11-19 23:27:40,464 - SUCCESS - 成功提取 '臺灣地區稻作種植、收穫面積及產量' 的網頁 Metadata。
2025-11-19 23:27:41,947 - SUCCESS - 成功提取 '臺灣地區稻米生產價值' 的網頁 Metadata。
2025-11-19 23:27:41,947 - SUCCESS - 成功提取 '臺灣地區稻米生產價值' 的網頁 Metadata。
2025-11-19 23:27:43,484 - SUCCESS - 成功提取 '臺灣地區蔬菜生產概況' 的網頁 Metadata。
2025-11-19 23:27:43,484 - SUCCESS - 成功提取 '臺灣地區蔬菜生產概況' 的網頁 Metadata。
2025-11-19 23:27:45,052 - SUCCESS - 成功提取 '臺灣地區農產品生產量值' 的網頁 Metadata。
2025-11-19 23:27:45,052 - SUCCESS - 成功提取 '臺灣地區農產品生產量值' 的網頁 Metadata。
2025-11-19 23:27:46,428 - SUCCESS - 成功提取 '農情調查' 的網頁 Metadata。
2025-11-19 23:27:46,428 - SUCCESS - 成功提取 '農情調查' 的網頁 Metadata。
2025-11-19 23:27:46,475 - SUCCESS - '農情調查' 的 Metadata 已更新到 metadata.json。
2025-11-19 23:27:46,475 - SUCCESS - '農情調查' 的 Metadata 已更新到 metadata.json。
2025-11-19 23:27:48,788 - SUCCESS - <農情調查>的資料已下載完成，共 9999 筆資料。
2025-11-19 23:27:48,788 - SUCCESS - <農情調查>的資料已下載完成，共 9999 筆資料。
2025-11-19 23:27:49,837 - SUCCESS - 已下載、去重並合併資料完成現有資料 45259 條，新資料 0 條。
2025-11-19 23:27:49,837 - SUCCESS - 已下載、去重並合併資料完成現有資料 45259 條，新資料 0 條。
2025-11-19 23:27:50,124 - SUCCESS - 插入或更新 '農情調查' 的 Metadata 成功。
2025-11-19 23:27:50,124 - SUCCESS - 插入或更新 '農情調查' 的 Metadata 成功。
2025-11-19 23:27:50,140 - SUCCESS - '農情調查' 的自動更新完成。
2025-11-19 23:27:50,140 - SUCCESS - '農情調查' 的自動更新完成。
2025-11-19 23:27:51,676 - SUCCESS - 成功提取 '農產品交易行情' 的網頁 Metadata。
2025-11-19 23:27:51,676 - SUCCESS - 成功提取 '農產品交易行情' 的網頁 Metadata。
2025-11-19 23:27:51,708 - SUCCESS - '農產品交易行情' 的 Metadata 已更新到 metadata.json。
2025-11-19 23:27:51,708 - SUCCESS - '農產品交易行情' 的 Metadata 已更新到 metadata.json。
2025-11-19 23:28:02,716 - SUCCESS - <農產品交易行情>的資料已下載完成，共 11989 筆資料。
2025-11-19 23:28:02,716 - SUCCESS - <農產品交易行情>的資料已下載完成，共 11989 筆資料。
2025-11-19 23:28:23,916 - SUCCESS - 已下載、去重並合併資料完成現有資料 446424 條，新資料 3561 條。
2025-11-19 23:28:23,916 - SUCCESS - 已下載、去重並合併資料完成現有資料 446424 條，新資料 3561 條。
2025-11-19 23:28:26,172 - SUCCESS - 已下載 '農產品交易行情' 的原始 JSON 資料路徑: 'C:\Python\data_moa_gov_tw\raw_data\農產品交易行情\農產品交易行情.json'
2025-11-19 23:28:26,172 - SUCCESS - 已下載 '農產品交易行情' 的原始 JSON 資料路徑: 'C:\Python\data_moa_gov_tw\raw_data\農產品交易行情\農產品交易行情.json'
2025-11-19 23:28:26,172 - SUCCESS - 插入或更新 '農產品交易行情' 的 Metadata 成功。
2025-11-19 23:28:26,172 - SUCCESS - 插入或更新 '農產品交易行情' 的 Metadata 成功。
2025-11-19 23:28:27,608 - SUCCESS - 已成功批量插入 '農產品交易行情' 的總計 3561 條記錄到表格 '1040012' 。
2025-11-19 23:28:27,608 - SUCCESS - 已成功批量插入 '農產品交易行情' 的總計 3561 條記錄到表格 '1040012' 。
2025-11-19 23:28:27,788 - SUCCESS - '農產品交易行情' 的自動更新完成。
2025-11-19 23:28:27,788 - SUCCESS - '農產品交易行情' 的自動更新完成。
2025-11-19 23:28:29,348 - SUCCESS - 成功提取 '農產品產地價格(月平均價格)' 的網頁 Metadata。
2025-11-19 23:28:29,348 - SUCCESS - 成功提取 '農產品產地價格(月平均價格)' 的網頁 Metadata。
2025-11-19 23:28:30,588 - SUCCESS - 成功提取 '農產品產地價格資料' 的網頁 Metadata。
2025-11-19 23:28:30,588 - SUCCESS - 成功提取 '農產品產地價格資料' 的網頁 Metadata。
2025-11-19 23:28:30,627 - SUCCESS - '農產品產地價格資料' 的 Metadata 已更新到 metadata.json。
2025-11-19 23:28:30,627 - SUCCESS - '農產品產地價格資料' 的 Metadata 已更新到 metadata.json。
2025-11-19 23:28:31,416 - SUCCESS - <農產品產地價格資料>的資料已下載完成，共 9999 筆資料。
2025-11-19 23:28:31,416 - SUCCESS - <農產品產地價格資料>的資料已下載完成，共 9999 筆資料。
2025-11-19 23:29:29,569 - SUCCESS - 已下載、去重並合併資料完成現有資料 345828 條，新資料 8 條。
2025-11-19 23:29:29,569 - SUCCESS - 已下載、去重並合併資料完成現有資料 345828 條，新資料 8 條。
2025-11-19 23:29:32,303 - SUCCESS - 已下載 '農產品產地價格資料' 的原始 JSON 資料路徑: 'C:\Python\data_moa_gov_tw\raw_data\農產品產地價格資料\農產品產地價格資料.json'
2025-11-19 23:29:32,303 - SUCCESS - 已下載 '農產品產地價格資料' 的原始 JSON 資料路徑: 'C:\Python\data_moa_gov_tw\raw_data\農產品產地價格資料\農產品產地價格資料.json'
2025-11-19 23:29:32,308 - SUCCESS - 插入或更新 '農產品產地價格資料' 的 Metadata 成功。
2025-11-19 23:29:32,308 - SUCCESS - 插入或更新 '農產品產地價格資料' 的 Metadata 成功。
2025-11-19 23:29:32,318 - SUCCESS - 已成功批量插入 '農產品產地價格資料' 的總計 8 條記錄到表格 '1040014' 。
2025-11-19 23:29:32,318 - SUCCESS - 已成功批量插入 '農產品產地價格資料' 的總計 8 條記錄到表格 '1040014' 。
2025-11-19 23:29:32,428 - SUCCESS - '農產品產地價格資料' 的自動更新完成。
2025-11-19 23:29:32,428 - SUCCESS - '農產品產地價格資料' 的自動更新完成。
2025-11-19 23:29:34,590 - SUCCESS - 成功提取 '雜糧生產概況' 的網頁 Metadata。
2025-11-19 23:29:34,590 - SUCCESS - 成功提取 '雜糧生產概況' 的網頁 Metadata。
2025-11-19 23:29:35,597 - SUCCESS - 已成功儲存次要資訊。
2025-11-19 23:29:35,597 - SUCCESS - 已成功儲存次要資訊。
2025-11-19 23:29:35,597 - SUCCESS - 更新結果儲存成功:{'全國單日平均糧價': '已更新', '各觀測站近兩年降雨量': '未更新', '產銷履歷與有機蔬果行情': '已更新', '糧價查詢': '已更新', '臺灣地區果品生產概況': '未更新', '臺灣地區特用作物生產概況': '未更新', '臺灣地區稻作種植、收穫面積及產量': '未更新', '臺灣地區稻米生產價值': '未更新', '臺灣地區蔬菜生產概況': '未更新', '臺灣地區農產品生產量值': '未更新', '農情調查': '已更新', '農產品交易行情': '已更新', '農產品產地價格(月平均價格)': '未更新', '農產品產地價格資料': '已更新', '雜糧生產概況': '未更新'}
2025-11-19 23:29:35,597 - SUCCESS - 更新結果儲存成功:{'全國單日平均糧價': '已更新', '各觀測站近兩年降雨量': '未更新', '產銷履歷與有機蔬果行情': '已更新', '糧價查詢': '已更新', '臺灣地區果品生產概況': '未更新', '臺灣地區特用作物生產概況': '未更新', '臺灣地區稻作種植、收穫面積及產量': '未更新', '臺灣地區稻米生產價值': '未更新', '臺灣地區蔬菜生產概況': '未更新', '臺灣地區農產品生產量值': '未更新', '農情調查': '已更新', '農產品交易行情': '已更新', '農產品產地價格(月平均價格)': '未更新', '農產品產地價格資料': '已更新', '雜糧生產概況': '未更新'}
