2025-10-21 01:22:52,362 - SUCCESS - 成功提取 '全國單日平均糧價' 的網頁 Metadata。
2025-10-21 01:22:52,362 - SUCCESS - 成功提取 '全國單日平均糧價' 的網頁 Metadata。
2025-10-21 01:22:52,411 - SUCCESS - '全國單日平均糧價' 的 Metadata 已更新到 metadata.json。
2025-10-21 01:22:52,411 - SUCCESS - '全國單日平均糧價' 的 Metadata 已更新到 metadata.json。
2025-10-21 01:22:53,677 - SUCCESS - <全國單日平均糧價>的資料已下載完成，共 9079 筆資料。
2025-10-21 01:22:53,677 - SUCCESS - <全國單日平均糧價>的資料已下載完成，共 9079 筆資料。
2025-10-21 01:22:54,493 - SUCCESS - 已下載、去重並合併資料完成現有資料 9079 條，新資料 2 條。
2025-10-21 01:22:54,493 - SUCCESS - 已下載、去重並合併資料完成現有資料 9079 條，新資料 2 條。
2025-10-21 01:22:54,536 - SUCCESS - 已下載 '全國單日平均糧價' 的原始 JSON 資料路徑: 'C:\Python\data_moa_gov_tw\raw_data\全國單日平均糧價\全國單日平均糧價.json'
2025-10-21 01:22:54,536 - SUCCESS - 已下載 '全國單日平均糧價' 的原始 JSON 資料路徑: 'C:\Python\data_moa_gov_tw\raw_data\全國單日平均糧價\全國單日平均糧價.json'
2025-10-21 01:22:54,563 - SUCCESS - 插入或更新 '全國單日平均糧價' 的 Metadata 成功。
2025-10-21 01:22:54,563 - SUCCESS - 插入或更新 '全國單日平均糧價' 的 Metadata 成功。
2025-10-21 01:22:54,569 - SUCCESS - 已成功批量插入 '全國單日平均糧價' 的總計 2 條記錄到表格 '1040001' 。
2025-10-21 01:22:54,569 - SUCCESS - 已成功批量插入 '全國單日平均糧價' 的總計 2 條記錄到表格 '1040001' 。
2025-10-21 01:22:54,574 - SUCCESS - '全國單日平均糧價' 的自動更新完成。
2025-10-21 01:22:54,574 - SUCCESS - '全國單日平均糧價' 的自動更新完成。
2025-10-21 01:22:55,897 - SUCCESS - 成功提取 '各觀測站近兩年降雨量' 的網頁 Metadata。
2025-10-21 01:22:55,897 - SUCCESS - 成功提取 '各觀測站近兩年降雨量' 的網頁 Metadata。
2025-10-21 01:22:57,314 - SUCCESS - 成功提取 '產銷履歷與有機蔬果行情' 的網頁 Metadata。
2025-10-21 01:22:57,314 - SUCCESS - 成功提取 '產銷履歷與有機蔬果行情' 的網頁 Metadata。
2025-10-21 01:22:57,343 - SUCCESS - '產銷履歷與有機蔬果行情' 的 Metadata 已更新到 metadata.json。
2025-10-21 01:22:57,343 - SUCCESS - '產銷履歷與有機蔬果行情' 的 Metadata 已更新到 metadata.json。
2025-10-21 01:23:06,649 - SUCCESS - <產銷履歷與有機蔬果行情>的資料已下載完成，共 2191 筆資料。
2025-10-21 01:23:06,649 - SUCCESS - <產銷履歷與有機蔬果行情>的資料已下載完成，共 2191 筆資料。
2025-10-21 01:23:18,764 - SUCCESS - 已下載、去重並合併資料完成現有資料 172867 條，新資料 73 條。
2025-10-21 01:23:18,764 - SUCCESS - 已下載、去重並合併資料完成現有資料 172867 條，新資料 73 條。
2025-10-21 01:23:19,703 - SUCCESS - 已下載 '產銷履歷與有機蔬果行情' 的原始 JSON 資料路徑: 'C:\Python\data_moa_gov_tw\raw_data\產銷履歷與有機蔬果行情\產銷履歷與有機蔬果行情.json'
2025-10-21 01:23:19,703 - SUCCESS - 已下載 '產銷履歷與有機蔬果行情' 的原始 JSON 資料路徑: 'C:\Python\data_moa_gov_tw\raw_data\產銷履歷與有機蔬果行情\產銷履歷與有機蔬果行情.json'
2025-10-21 01:23:19,709 - SUCCESS - 插入或更新 '產銷履歷與有機蔬果行情' 的 Metadata 成功。
2025-10-21 01:23:19,709 - SUCCESS - 插入或更新 '產銷履歷與有機蔬果行情' 的 Metadata 成功。
2025-10-21 01:23:19,751 - SUCCESS - 已成功批量插入 '產銷履歷與有機蔬果行情' 的總計 73 條記錄到表格 '1040003' 。
2025-10-21 01:23:19,751 - SUCCESS - 已成功批量插入 '產銷履歷與有機蔬果行情' 的總計 73 條記錄到表格 '1040003' 。
2025-10-21 01:23:19,821 - SUCCESS - '產銷履歷與有機蔬果行情' 的自動更新完成。
2025-10-21 01:23:19,821 - SUCCESS - '產銷履歷與有機蔬果行情' 的自動更新完成。
2025-10-21 01:23:21,223 - SUCCESS - 成功提取 '糧價查詢' 的網頁 Metadata。
2025-10-21 01:23:21,223 - SUCCESS - 成功提取 '糧價查詢' 的網頁 Metadata。
2025-10-21 01:23:21,247 - SUCCESS - '糧價查詢' 的 Metadata 已更新到 metadata.json。
2025-10-21 01:23:21,247 - SUCCESS - '糧價查詢' 的 Metadata 已更新到 metadata.json。
2025-10-21 01:23:23,895 - SUCCESS - <糧價查詢>的資料已下載完成，共 9999 筆資料。
2025-10-21 01:23:23,895 - SUCCESS - <糧價查詢>的資料已下載完成，共 9999 筆資料。
2025-10-21 01:23:38,231 - SUCCESS - 已下載、去重並合併資料完成現有資料 239970 條，新資料 40 條。
2025-10-21 01:23:38,231 - SUCCESS - 已下載、去重並合併資料完成現有資料 239970 條，新資料 40 條。
2025-10-21 01:23:39,245 - SUCCESS - 已下載 '糧價查詢' 的原始 JSON 資料路徑: 'C:\Python\data_moa_gov_tw\raw_data\糧價查詢\糧價查詢.json'
2025-10-21 01:23:39,245 - SUCCESS - 已下載 '糧價查詢' 的原始 JSON 資料路徑: 'C:\Python\data_moa_gov_tw\raw_data\糧價查詢\糧價查詢.json'
2025-10-21 01:23:39,248 - SUCCESS - 插入或更新 '糧價查詢' 的 Metadata 成功。
2025-10-21 01:23:39,248 - SUCCESS - 插入或更新 '糧價查詢' 的 Metadata 成功。
2025-10-21 01:23:39,277 - SUCCESS - 已成功批量插入 '糧價查詢' 的總計 40 條記錄到表格 '1040004' 。
2025-10-21 01:23:39,277 - SUCCESS - 已成功批量插入 '糧價查詢' 的總計 40 條記錄到表格 '1040004' 。
2025-10-21 01:23:39,389 - SUCCESS - '糧價查詢' 的自動更新完成。
2025-10-21 01:23:39,389 - SUCCESS - '糧價查詢' 的自動更新完成。
2025-10-21 01:23:41,549 - SUCCESS - 成功提取 '臺灣地區果品生產概況' 的網頁 Metadata。
2025-10-21 01:23:41,549 - SUCCESS - 成功提取 '臺灣地區果品生產概況' 的網頁 Metadata。
2025-10-21 01:23:42,983 - SUCCESS - 成功提取 '臺灣地區特用作物生產概況' 的網頁 Metadata。
2025-10-21 01:23:42,983 - SUCCESS - 成功提取 '臺灣地區特用作物生產概況' 的網頁 Metadata。
2025-10-21 01:23:44,383 - SUCCESS - 成功提取 '臺灣地區稻作種植、收穫面積及產量' 的網頁 Metadata。
2025-10-21 01:23:44,383 - SUCCESS - 成功提取 '臺灣地區稻作種植、收穫面積及產量' 的網頁 Metadata。
2025-10-21 01:23:45,649 - SUCCESS - 成功提取 '臺灣地區稻米生產價值' 的網頁 Metadata。
2025-10-21 01:23:45,649 - SUCCESS - 成功提取 '臺灣地區稻米生產價值' 的網頁 Metadata。
2025-10-21 01:23:47,026 - SUCCESS - 成功提取 '臺灣地區蔬菜生產概況' 的網頁 Metadata。
2025-10-21 01:23:47,026 - SUCCESS - 成功提取 '臺灣地區蔬菜生產概況' 的網頁 Metadata。
2025-10-21 01:23:48,423 - SUCCESS - 成功提取 '臺灣地區農產品生產量值' 的網頁 Metadata。
2025-10-21 01:23:48,423 - SUCCESS - 成功提取 '臺灣地區農產品生產量值' 的網頁 Metadata。
2025-10-21 01:23:49,784 - SUCCESS - 成功提取 '農情調查' 的網頁 Metadata。
2025-10-21 01:23:49,784 - SUCCESS - 成功提取 '農情調查' 的網頁 Metadata。
2025-10-21 01:23:49,815 - SUCCESS - '農情調查' 的 Metadata 已更新到 metadata.json。
2025-10-21 01:23:49,815 - SUCCESS - '農情調查' 的 Metadata 已更新到 metadata.json。
2025-10-21 01:23:53,226 - SUCCESS - <農情調查>的資料已下載完成，共 9999 筆資料。
2025-10-21 01:23:53,226 - SUCCESS - <農情調查>的資料已下載完成，共 9999 筆資料。
2025-10-21 01:23:54,237 - SUCCESS - 已下載、去重並合併資料完成現有資料 45259 條，新資料 0 條。
2025-10-21 01:23:54,237 - SUCCESS - 已下載、去重並合併資料完成現有資料 45259 條，新資料 0 條。
2025-10-21 01:23:54,492 - SUCCESS - 插入或更新 '農情調查' 的 Metadata 成功。
2025-10-21 01:23:54,492 - SUCCESS - 插入或更新 '農情調查' 的 Metadata 成功。
2025-10-21 01:23:54,508 - SUCCESS - '農情調查' 的自動更新完成。
2025-10-21 01:23:54,508 - SUCCESS - '農情調查' 的自動更新完成。
2025-10-21 01:23:56,861 - SUCCESS - 成功提取 '農產品交易行情' 的網頁 Metadata。
2025-10-21 01:23:56,861 - SUCCESS - 成功提取 '農產品交易行情' 的網頁 Metadata。
2025-10-21 01:23:56,897 - SUCCESS - '農產品交易行情' 的 Metadata 已更新到 metadata.json。
2025-10-21 01:23:56,897 - SUCCESS - '農產品交易行情' 的 Metadata 已更新到 metadata.json。
2025-10-21 01:24:23,780 - SUCCESS - <農產品交易行情>的資料已下載完成，共 7394 筆資料。
2025-10-21 01:24:23,780 - SUCCESS - <農產品交易行情>的資料已下載完成，共 7394 筆資料。
2025-10-21 01:24:40,217 - SUCCESS - 已下載、去重並合併資料完成現有資料 360145 條，新資料 1342 條。
2025-10-21 01:24:40,217 - SUCCESS - 已下載、去重並合併資料完成現有資料 360145 條，新資料 1342 條。
2025-10-21 01:24:41,888 - SUCCESS - 已下載 '農產品交易行情' 的原始 JSON 資料路徑: 'C:\Python\data_moa_gov_tw\raw_data\農產品交易行情\農產品交易行情.json'
2025-10-21 01:24:41,888 - SUCCESS - 已下載 '農產品交易行情' 的原始 JSON 資料路徑: 'C:\Python\data_moa_gov_tw\raw_data\農產品交易行情\農產品交易行情.json'
2025-10-21 01:24:41,895 - SUCCESS - 插入或更新 '農產品交易行情' 的 Metadata 成功。
2025-10-21 01:24:41,895 - SUCCESS - 插入或更新 '農產品交易行情' 的 Metadata 成功。
2025-10-21 01:24:42,466 - SUCCESS - 已成功批量插入 '農產品交易行情' 的總計 1342 條記錄到表格 '1040012' 。
2025-10-21 01:24:42,466 - SUCCESS - 已成功批量插入 '農產品交易行情' 的總計 1342 條記錄到表格 '1040012' 。
2025-10-21 01:24:42,606 - SUCCESS - '農產品交易行情' 的自動更新完成。
2025-10-21 01:24:42,606 - SUCCESS - '農產品交易行情' 的自動更新完成。
2025-10-21 01:24:44,071 - SUCCESS - 成功提取 '農產品產地價格(月平均價格)' 的網頁 Metadata。
2025-10-21 01:24:44,071 - SUCCESS - 成功提取 '農產品產地價格(月平均價格)' 的網頁 Metadata。
2025-10-21 01:24:45,454 - SUCCESS - 成功提取 '農產品產地價格資料' 的網頁 Metadata。
2025-10-21 01:24:45,454 - SUCCESS - 成功提取 '農產品產地價格資料' 的網頁 Metadata。
2025-10-21 01:24:45,487 - SUCCESS - '農產品產地價格資料' 的 Metadata 已更新到 metadata.json。
2025-10-21 01:24:45,487 - SUCCESS - '農產品產地價格資料' 的 Metadata 已更新到 metadata.json。
2025-10-21 01:24:46,005 - SUCCESS - <農產品產地價格資料>的資料已下載完成，共 9999 筆資料。
2025-10-21 01:24:46,005 - SUCCESS - <農產品產地價格資料>的資料已下載完成，共 9999 筆資料。
2025-10-21 01:25:28,617 - SUCCESS - 已下載、去重並合併資料完成現有資料 343882 條，新資料 12 條。
2025-10-21 01:25:28,617 - SUCCESS - 已下載、去重並合併資料完成現有資料 343882 條，新資料 12 條。
2025-10-21 01:25:30,520 - SUCCESS - 已下載 '農產品產地價格資料' 的原始 JSON 資料路徑: 'C:\Python\data_moa_gov_tw\raw_data\農產品產地價格資料\農產品產地價格資料.json'
2025-10-21 01:25:30,520 - SUCCESS - 已下載 '農產品產地價格資料' 的原始 JSON 資料路徑: 'C:\Python\data_moa_gov_tw\raw_data\農產品產地價格資料\農產品產地價格資料.json'
2025-10-21 01:25:30,536 - SUCCESS - 插入或更新 '農產品產地價格資料' 的 Metadata 成功。
2025-10-21 01:25:30,536 - SUCCESS - 插入或更新 '農產品產地價格資料' 的 Metadata 成功。
2025-10-21 01:25:30,553 - SUCCESS - 已成功批量插入 '農產品產地價格資料' 的總計 12 條記錄到表格 '1040014' 。
2025-10-21 01:25:30,553 - SUCCESS - 已成功批量插入 '農產品產地價格資料' 的總計 12 條記錄到表格 '1040014' 。
2025-10-21 01:25:30,633 - SUCCESS - '農產品產地價格資料' 的自動更新完成。
2025-10-21 01:25:30,633 - SUCCESS - '農產品產地價格資料' 的自動更新完成。
2025-10-21 01:25:31,952 - SUCCESS - 成功提取 '雜糧生產概況' 的網頁 Metadata。
2025-10-21 01:25:31,952 - SUCCESS - 成功提取 '雜糧生產概況' 的網頁 Metadata。
2025-10-21 01:25:32,955 - SUCCESS - 已成功儲存次要資訊。
2025-10-21 01:25:32,955 - SUCCESS - 已成功儲存次要資訊。
2025-10-21 01:25:32,955 - SUCCESS - 更新結果儲存成功:{'全國單日平均糧價': '已更新', '各觀測站近兩年降雨量': '未更新', '產銷履歷與有機蔬果行情': '已更新', '糧價查詢': '已更新', '臺灣地區果品生產概況': '未更新', '臺灣地區特用作物生產概況': '未更新', '臺灣地區稻作種植、收穫面積及產量': '未更新', '臺灣地區稻米生產價值': '未更新', '臺灣地區蔬菜生產概況': '未更新', '臺灣地區農產品生產量值': '未更新', '農情調查': '已更新', '農產品交易行情': '已更新', '農產品產地價格(月平均價格)': '未更新', '農產品產地價格資料': '已更新', '雜糧生產概況': '未更新'}
2025-10-21 01:25:32,955 - SUCCESS - 更新結果儲存成功:{'全國單日平均糧價': '已更新', '各觀測站近兩年降雨量': '未更新', '產銷履歷與有機蔬果行情': '已更新', '糧價查詢': '已更新', '臺灣地區果品生產概況': '未更新', '臺灣地區特用作物生產概況': '未更新', '臺灣地區稻作種植、收穫面積及產量': '未更新', '臺灣地區稻米生產價值': '未更新', '臺灣地區蔬菜生產概況': '未更新', '臺灣地區農產品生產量值': '未更新', '農情調查': '已更新', '農產品交易行情': '已更新', '農產品產地價格(月平均價格)': '未更新', '農產品產地價格資料': '已更新', '雜糧生產概況': '未更新'}
