2025-11-06 00:58:05,501 - SUCCESS - 成功提取 '全國單日平均糧價' 的網頁 Metadata。
2025-11-06 00:58:05,501 - SUCCESS - 成功提取 '全國單日平均糧價' 的網頁 Metadata。
2025-11-06 00:58:05,555 - SUCCESS - '全國單日平均糧價' 的 Metadata 已更新到 metadata.json。
2025-11-06 00:58:05,555 - SUCCESS - '全國單日平均糧價' 的 Metadata 已更新到 metadata.json。
2025-11-06 00:58:12,943 - SUCCESS - <全國單日平均糧價>的資料已下載完成，共 9095 筆資料。
2025-11-06 00:58:12,943 - SUCCESS - <全國單日平均糧價>的資料已下載完成，共 9095 筆資料。
2025-11-06 00:58:13,726 - SUCCESS - 已下載、去重並合併資料完成現有資料 9095 條，新資料 1 條。
2025-11-06 00:58:13,726 - SUCCESS - 已下載、去重並合併資料完成現有資料 9095 條，新資料 1 條。
2025-11-06 00:58:13,794 - SUCCESS - 已下載 '全國單日平均糧價' 的原始 JSON 資料路徑: 'C:\Python\data_moa_gov_tw\raw_data\全國單日平均糧價\全國單日平均糧價.json'
2025-11-06 00:58:13,794 - SUCCESS - 已下載 '全國單日平均糧價' 的原始 JSON 資料路徑: 'C:\Python\data_moa_gov_tw\raw_data\全國單日平均糧價\全國單日平均糧價.json'
2025-11-06 00:58:13,841 - SUCCESS - 插入或更新 '全國單日平均糧價' 的 Metadata 成功。
2025-11-06 00:58:13,841 - SUCCESS - 插入或更新 '全國單日平均糧價' 的 Metadata 成功。
2025-11-06 00:58:13,846 - SUCCESS - 已成功批量插入 '全國單日平均糧價' 的總計 1 條記錄到表格 '1040001' 。
2025-11-06 00:58:13,846 - SUCCESS - 已成功批量插入 '全國單日平均糧價' 的總計 1 條記錄到表格 '1040001' 。
2025-11-06 00:58:13,853 - SUCCESS - '全國單日平均糧價' 的自動更新完成。
2025-11-06 00:58:13,853 - SUCCESS - '全國單日平均糧價' 的自動更新完成。
2025-11-06 00:58:15,437 - SUCCESS - 成功提取 '各觀測站近兩年降雨量' 的網頁 Metadata。
2025-11-06 00:58:15,437 - SUCCESS - 成功提取 '各觀測站近兩年降雨量' 的網頁 Metadata。
2025-11-06 00:58:19,618 - SUCCESS - 成功提取 '產銷履歷與有機蔬果行情' 的網頁 Metadata。
2025-11-06 00:58:19,618 - SUCCESS - 成功提取 '產銷履歷與有機蔬果行情' 的網頁 Metadata。
2025-11-06 00:58:19,660 - SUCCESS - '產銷履歷與有機蔬果行情' 的 Metadata 已更新到 metadata.json。
2025-11-06 00:58:19,660 - SUCCESS - '產銷履歷與有機蔬果行情' 的 Metadata 已更新到 metadata.json。
2025-11-06 00:58:44,865 - SUCCESS - <產銷履歷與有機蔬果行情>的資料已下載完成，共 4561 筆資料。
2025-11-06 00:58:44,865 - SUCCESS - <產銷履歷與有機蔬果行情>的資料已下載完成，共 4561 筆資料。
2025-11-06 00:58:59,390 - SUCCESS - 已下載、去重並合併資料完成現有資料 202134 條，新資料 2212 條。
2025-11-06 00:58:59,390 - SUCCESS - 已下載、去重並合併資料完成現有資料 202134 條，新資料 2212 條。
2025-11-06 00:59:00,564 - SUCCESS - 已下載 '產銷履歷與有機蔬果行情' 的原始 JSON 資料路徑: 'C:\Python\data_moa_gov_tw\raw_data\產銷履歷與有機蔬果行情\產銷履歷與有機蔬果行情.json'
2025-11-06 00:59:00,564 - SUCCESS - 已下載 '產銷履歷與有機蔬果行情' 的原始 JSON 資料路徑: 'C:\Python\data_moa_gov_tw\raw_data\產銷履歷與有機蔬果行情\產銷履歷與有機蔬果行情.json'
2025-11-06 00:59:00,569 - SUCCESS - 插入或更新 '產銷履歷與有機蔬果行情' 的 Metadata 成功。
2025-11-06 00:59:00,569 - SUCCESS - 插入或更新 '產銷履歷與有機蔬果行情' 的 Metadata 成功。
2025-11-06 00:59:01,536 - SUCCESS - 已成功批量插入 '產銷履歷與有機蔬果行情' 的總計 2212 條記錄到表格 '1040003' 。
2025-11-06 00:59:01,536 - SUCCESS - 已成功批量插入 '產銷履歷與有機蔬果行情' 的總計 2212 條記錄到表格 '1040003' 。
2025-11-06 00:59:01,596 - SUCCESS - '產銷履歷與有機蔬果行情' 的自動更新完成。
2025-11-06 00:59:01,596 - SUCCESS - '產銷履歷與有機蔬果行情' 的自動更新完成。
2025-11-06 00:59:05,267 - SUCCESS - 成功提取 '糧價查詢' 的網頁 Metadata。
2025-11-06 00:59:05,267 - SUCCESS - 成功提取 '糧價查詢' 的網頁 Metadata。
2025-11-06 00:59:05,291 - SUCCESS - '糧價查詢' 的 Metadata 已更新到 metadata.json。
2025-11-06 00:59:05,291 - SUCCESS - '糧價查詢' 的 Metadata 已更新到 metadata.json。
2025-11-06 00:59:08,868 - SUCCESS - <糧價查詢>的資料已下載完成，共 9999 筆資料。
2025-11-06 00:59:08,868 - SUCCESS - <糧價查詢>的資料已下載完成，共 9999 筆資料。
2025-11-06 00:59:24,506 - SUCCESS - 已下載、去重並合併資料完成現有資料 240351 條，新資料 20 條。
2025-11-06 00:59:24,506 - SUCCESS - 已下載、去重並合併資料完成現有資料 240351 條，新資料 20 條。
2025-11-06 00:59:25,729 - SUCCESS - 已下載 '糧價查詢' 的原始 JSON 資料路徑: 'C:\Python\data_moa_gov_tw\raw_data\糧價查詢\糧價查詢.json'
2025-11-06 00:59:25,729 - SUCCESS - 已下載 '糧價查詢' 的原始 JSON 資料路徑: 'C:\Python\data_moa_gov_tw\raw_data\糧價查詢\糧價查詢.json'
2025-11-06 00:59:25,734 - SUCCESS - 插入或更新 '糧價查詢' 的 Metadata 成功。
2025-11-06 00:59:25,734 - SUCCESS - 插入或更新 '糧價查詢' 的 Metadata 成功。
2025-11-06 00:59:25,754 - SUCCESS - 已成功批量插入 '糧價查詢' 的總計 20 條記錄到表格 '1040004' 。
2025-11-06 00:59:25,754 - SUCCESS - 已成功批量插入 '糧價查詢' 的總計 20 條記錄到表格 '1040004' 。
2025-11-06 00:59:25,893 - SUCCESS - '糧價查詢' 的自動更新完成。
2025-11-06 00:59:25,893 - SUCCESS - '糧價查詢' 的自動更新完成。
2025-11-06 00:59:29,761 - SUCCESS - 成功提取 '臺灣地區果品生產概況' 的網頁 Metadata。
2025-11-06 00:59:29,761 - SUCCESS - 成功提取 '臺灣地區果品生產概況' 的網頁 Metadata。
2025-11-06 00:59:33,294 - SUCCESS - 成功提取 '臺灣地區特用作物生產概況' 的網頁 Metadata。
2025-11-06 00:59:33,294 - SUCCESS - 成功提取 '臺灣地區特用作物生產概況' 的網頁 Metadata。
2025-11-06 00:59:35,110 - SUCCESS - 成功提取 '臺灣地區稻作種植、收穫面積及產量' 的網頁 Metadata。
2025-11-06 00:59:35,110 - SUCCESS - 成功提取 '臺灣地區稻作種植、收穫面積及產量' 的網頁 Metadata。
2025-11-06 00:59:36,863 - SUCCESS - 成功提取 '臺灣地區稻米生產價值' 的網頁 Metadata。
2025-11-06 00:59:36,863 - SUCCESS - 成功提取 '臺灣地區稻米生產價值' 的網頁 Metadata。
2025-11-06 00:59:40,118 - SUCCESS - 成功提取 '臺灣地區蔬菜生產概況' 的網頁 Metadata。
2025-11-06 00:59:40,118 - SUCCESS - 成功提取 '臺灣地區蔬菜生產概況' 的網頁 Metadata。
2025-11-06 00:59:41,447 - SUCCESS - 成功提取 '臺灣地區農產品生產量值' 的網頁 Metadata。
2025-11-06 00:59:41,447 - SUCCESS - 成功提取 '臺灣地區農產品生產量值' 的網頁 Metadata。
2025-11-06 00:59:45,205 - SUCCESS - 成功提取 '農情調查' 的網頁 Metadata。
2025-11-06 00:59:45,205 - SUCCESS - 成功提取 '農情調查' 的網頁 Metadata。
2025-11-06 00:59:45,257 - SUCCESS - '農情調查' 的 Metadata 已更新到 metadata.json。
2025-11-06 00:59:45,257 - SUCCESS - '農情調查' 的 Metadata 已更新到 metadata.json。
2025-11-06 00:59:51,800 - SUCCESS - <農情調查>的資料已下載完成，共 9999 筆資料。
2025-11-06 00:59:51,800 - SUCCESS - <農情調查>的資料已下載完成，共 9999 筆資料。
2025-11-06 00:59:52,873 - SUCCESS - 已下載、去重並合併資料完成現有資料 45259 條，新資料 0 條。
2025-11-06 00:59:52,873 - SUCCESS - 已下載、去重並合併資料完成現有資料 45259 條，新資料 0 條。
2025-11-06 00:59:53,171 - SUCCESS - 插入或更新 '農情調查' 的 Metadata 成功。
2025-11-06 00:59:53,171 - SUCCESS - 插入或更新 '農情調查' 的 Metadata 成功。
2025-11-06 00:59:53,187 - SUCCESS - '農情調查' 的自動更新完成。
2025-11-06 00:59:53,187 - SUCCESS - '農情調查' 的自動更新完成。
2025-11-06 00:59:55,404 - SUCCESS - 成功提取 '農產品交易行情' 的網頁 Metadata。
2025-11-06 00:59:55,404 - SUCCESS - 成功提取 '農產品交易行情' 的網頁 Metadata。
2025-11-06 00:59:55,438 - SUCCESS - '農產品交易行情' 的 Metadata 已更新到 metadata.json。
2025-11-06 00:59:55,438 - SUCCESS - '農產品交易行情' 的 Metadata 已更新到 metadata.json。
2025-11-06 01:00:13,601 - SUCCESS - <農產品交易行情>的資料已下載完成，共 7704 筆資料。
2025-11-06 01:00:13,601 - SUCCESS - <農產品交易行情>的資料已下載完成，共 7704 筆資料。
2025-11-06 01:00:33,938 - SUCCESS - 已下載、去重並合併資料完成現有資料 406417 條，新資料 3723 條。
2025-11-06 01:00:33,938 - SUCCESS - 已下載、去重並合併資料完成現有資料 406417 條，新資料 3723 條。
2025-11-06 01:00:36,073 - SUCCESS - 已下載 '農產品交易行情' 的原始 JSON 資料路徑: 'C:\Python\data_moa_gov_tw\raw_data\農產品交易行情\農產品交易行情.json'
2025-11-06 01:00:36,073 - SUCCESS - 已下載 '農產品交易行情' 的原始 JSON 資料路徑: 'C:\Python\data_moa_gov_tw\raw_data\農產品交易行情\農產品交易行情.json'
2025-11-06 01:00:36,079 - SUCCESS - 插入或更新 '農產品交易行情' 的 Metadata 成功。
2025-11-06 01:00:36,079 - SUCCESS - 插入或更新 '農產品交易行情' 的 Metadata 成功。
2025-11-06 01:00:37,904 - SUCCESS - 已成功批量插入 '農產品交易行情' 的總計 3720 條記錄到表格 '1040012' 。
2025-11-06 01:00:37,904 - SUCCESS - 已成功批量插入 '農產品交易行情' 的總計 3720 條記錄到表格 '1040012' 。
2025-11-06 01:00:38,090 - SUCCESS - '農產品交易行情' 的自動更新完成。
2025-11-06 01:00:38,090 - SUCCESS - '農產品交易行情' 的自動更新完成。
2025-11-06 01:00:52,276 - SUCCESS - 成功提取 '農產品產地價格資料' 的網頁 Metadata。
2025-11-06 01:00:52,276 - SUCCESS - 成功提取 '農產品產地價格資料' 的網頁 Metadata。
2025-11-06 01:00:52,314 - SUCCESS - '農產品產地價格資料' 的 Metadata 已更新到 metadata.json。
2025-11-06 01:00:52,314 - SUCCESS - '農產品產地價格資料' 的 Metadata 已更新到 metadata.json。
2025-11-06 01:00:53,974 - SUCCESS - <農產品產地價格資料>的資料已下載完成，共 9999 筆資料。
2025-11-06 01:00:53,974 - SUCCESS - <農產品產地價格資料>的資料已下載完成，共 9999 筆資料。
2025-11-06 01:01:40,865 - SUCCESS - 已下載、去重並合併資料完成現有資料 343961 條，新資料 14 條。
2025-11-06 01:01:40,865 - SUCCESS - 已下載、去重並合併資料完成現有資料 343961 條，新資料 14 條。
2025-11-06 01:01:43,124 - SUCCESS - 已下載 '農產品產地價格資料' 的原始 JSON 資料路徑: 'C:\Python\data_moa_gov_tw\raw_data\農產品產地價格資料\農產品產地價格資料.json'
2025-11-06 01:01:43,124 - SUCCESS - 已下載 '農產品產地價格資料' 的原始 JSON 資料路徑: 'C:\Python\data_moa_gov_tw\raw_data\農產品產地價格資料\農產品產地價格資料.json'
2025-11-06 01:01:43,128 - SUCCESS - 插入或更新 '農產品產地價格資料' 的 Metadata 成功。
2025-11-06 01:01:43,128 - SUCCESS - 插入或更新 '農產品產地價格資料' 的 Metadata 成功。
2025-11-06 01:01:43,150 - SUCCESS - 已成功批量插入 '農產品產地價格資料' 的總計 14 條記錄到表格 '1040014' 。
2025-11-06 01:01:43,150 - SUCCESS - 已成功批量插入 '農產品產地價格資料' 的總計 14 條記錄到表格 '1040014' 。
2025-11-06 01:01:43,242 - SUCCESS - '農產品產地價格資料' 的自動更新完成。
2025-11-06 01:01:43,242 - SUCCESS - '農產品產地價格資料' 的自動更新完成。
2025-11-06 01:01:44,641 - SUCCESS - 成功提取 '雜糧生產概況' 的網頁 Metadata。
2025-11-06 01:01:44,641 - SUCCESS - 成功提取 '雜糧生產概況' 的網頁 Metadata。
2025-11-06 01:01:45,644 - SUCCESS - 已成功儲存次要資訊。
2025-11-06 01:01:45,644 - SUCCESS - 已成功儲存次要資訊。
2025-11-06 01:01:45,644 - SUCCESS - 更新結果儲存成功:{'全國單日平均糧價': '已更新', '各觀測站近兩年降雨量': '未更新', '產銷履歷與有機蔬果行情': '已更新', '糧價查詢': '已更新', '臺灣地區果品生產概況': '未更新', '臺灣地區特用作物生產概況': '未更新', '臺灣地區稻作種植、收穫面積及產量': '未更新', '臺灣地區稻米生產價值': '未更新', '臺灣地區蔬菜生產概況': '未更新', '臺灣地區農產品生產量值': '未更新', '農情調查': '已更新', '農產品交易行情': '已更新', '農產品產地價格(月平均價格)': '未更新', '農產品產地價格資料': '已更新', '雜糧生產概況': '未更新'}
2025-11-06 01:01:45,644 - SUCCESS - 更新結果儲存成功:{'全國單日平均糧價': '已更新', '各觀測站近兩年降雨量': '未更新', '產銷履歷與有機蔬果行情': '已更新', '糧價查詢': '已更新', '臺灣地區果品生產概況': '未更新', '臺灣地區特用作物生產概況': '未更新', '臺灣地區稻作種植、收穫面積及產量': '未更新', '臺灣地區稻米生產價值': '未更新', '臺灣地區蔬菜生產概況': '未更新', '臺灣地區農產品生產量值': '未更新', '農情調查': '已更新', '農產品交易行情': '已更新', '農產品產地價格(月平均價格)': '未更新', '農產品產地價格資料': '已更新', '雜糧生產概況': '未更新'}
2025-11-06 14:59:38,402 - SUCCESS - 成功提取 '全國單日平均糧價' 的網頁 Metadata。
2025-11-06 14:59:38,402 - SUCCESS - 成功提取 '全國單日平均糧價' 的網頁 Metadata。
2025-11-06 14:59:42,525 - SUCCESS - 成功提取 '各觀測站近兩年降雨量' 的網頁 Metadata。
2025-11-06 14:59:42,525 - SUCCESS - 成功提取 '各觀測站近兩年降雨量' 的網頁 Metadata。
2025-11-06 14:59:57,820 - SUCCESS - 成功提取 '糧價查詢' 的網頁 Metadata。
2025-11-06 14:59:57,820 - SUCCESS - 成功提取 '糧價查詢' 的網頁 Metadata。
2025-11-06 14:59:57,883 - SUCCESS - '糧價查詢' 的 Metadata 已更新到 metadata.json。
2025-11-06 14:59:57,883 - SUCCESS - '糧價查詢' 的 Metadata 已更新到 metadata.json。
2025-11-06 15:00:39,980 - SUCCESS - <糧價查詢>的資料已下載完成，共 9999 筆資料。
2025-11-06 15:00:39,980 - SUCCESS - <糧價查詢>的資料已下載完成，共 9999 筆資料。
2025-11-06 15:00:59,726 - SUCCESS - 已下載、去重並合併資料完成現有資料 240371 條，新資料 20 條。
2025-11-06 15:00:59,726 - SUCCESS - 已下載、去重並合併資料完成現有資料 240371 條，新資料 20 條。
2025-11-06 15:01:01,084 - SUCCESS - 已下載 '糧價查詢' 的原始 JSON 資料路徑: 'C:\Python\data_moa_gov_tw\raw_data\糧價查詢\糧價查詢.json'
2025-11-06 15:01:01,084 - SUCCESS - 已下載 '糧價查詢' 的原始 JSON 資料路徑: 'C:\Python\data_moa_gov_tw\raw_data\糧價查詢\糧價查詢.json'
2025-11-06 15:01:01,123 - SUCCESS - 插入或更新 '糧價查詢' 的 Metadata 成功。
2025-11-06 15:01:01,123 - SUCCESS - 插入或更新 '糧價查詢' 的 Metadata 成功。
2025-11-06 15:01:01,156 - SUCCESS - 已成功批量插入 '糧價查詢' 的總計 20 條記錄到表格 '1040004' 。
2025-11-06 15:01:01,156 - SUCCESS - 已成功批量插入 '糧價查詢' 的總計 20 條記錄到表格 '1040004' 。
2025-11-06 15:01:01,284 - SUCCESS - '糧價查詢' 的自動更新完成。
2025-11-06 15:01:01,284 - SUCCESS - '糧價查詢' 的自動更新完成。
2025-11-06 15:01:02,814 - SUCCESS - 成功提取 '臺灣地區果品生產概況' 的網頁 Metadata。
2025-11-06 15:01:02,814 - SUCCESS - 成功提取 '臺灣地區果品生產概況' 的網頁 Metadata。
2025-11-06 15:01:07,256 - SUCCESS - 成功提取 '臺灣地區特用作物生產概況' 的網頁 Metadata。
2025-11-06 15:01:07,256 - SUCCESS - 成功提取 '臺灣地區特用作物生產概況' 的網頁 Metadata。
2025-11-06 15:01:09,877 - SUCCESS - 成功提取 '臺灣地區稻作種植、收穫面積及產量' 的網頁 Metadata。
2025-11-06 15:01:09,877 - SUCCESS - 成功提取 '臺灣地區稻作種植、收穫面積及產量' 的網頁 Metadata。
2025-11-06 15:01:13,620 - SUCCESS - 成功提取 '臺灣地區稻米生產價值' 的網頁 Metadata。
2025-11-06 15:01:13,620 - SUCCESS - 成功提取 '臺灣地區稻米生產價值' 的網頁 Metadata。
2025-11-06 15:01:16,971 - SUCCESS - 成功提取 '臺灣地區蔬菜生產概況' 的網頁 Metadata。
2025-11-06 15:01:16,971 - SUCCESS - 成功提取 '臺灣地區蔬菜生產概況' 的網頁 Metadata。
2025-11-06 15:01:18,509 - SUCCESS - 成功提取 '臺灣地區農產品生產量值' 的網頁 Metadata。
2025-11-06 15:01:18,509 - SUCCESS - 成功提取 '臺灣地區農產品生產量值' 的網頁 Metadata。
2025-11-06 15:01:20,392 - SUCCESS - 成功提取 '農情調查' 的網頁 Metadata。
2025-11-06 15:01:20,392 - SUCCESS - 成功提取 '農情調查' 的網頁 Metadata。
2025-11-06 15:01:23,005 - SUCCESS - 成功提取 '農產品交易行情' 的網頁 Metadata。
2025-11-06 15:01:23,005 - SUCCESS - 成功提取 '農產品交易行情' 的網頁 Metadata。
2025-11-06 15:01:23,038 - SUCCESS - '農產品交易行情' 的 Metadata 已更新到 metadata.json。
2025-11-06 15:01:23,038 - SUCCESS - '農產品交易行情' 的 Metadata 已更新到 metadata.json。
2025-11-06 15:01:58,654 - SUCCESS - <農產品交易行情>的資料已下載完成，共 10240 筆資料。
2025-11-06 15:01:58,654 - SUCCESS - <農產品交易行情>的資料已下載完成，共 10240 筆資料。
2025-11-06 15:02:25,479 - SUCCESS - 已下載、去重並合併資料完成現有資料 408953 條，新資料 2536 條。
2025-11-06 15:02:25,479 - SUCCESS - 已下載、去重並合併資料完成現有資料 408953 條，新資料 2536 條。
2025-11-06 15:02:28,517 - SUCCESS - 已下載 '農產品交易行情' 的原始 JSON 資料路徑: 'C:\Python\data_moa_gov_tw\raw_data\農產品交易行情\農產品交易行情.json'
2025-11-06 15:02:28,517 - SUCCESS - 已下載 '農產品交易行情' 的原始 JSON 資料路徑: 'C:\Python\data_moa_gov_tw\raw_data\農產品交易行情\農產品交易行情.json'
2025-11-06 15:02:28,524 - SUCCESS - 插入或更新 '農產品交易行情' 的 Metadata 成功。
2025-11-06 15:02:28,524 - SUCCESS - 插入或更新 '農產品交易行情' 的 Metadata 成功。
2025-11-06 15:02:30,185 - SUCCESS - 已成功批量插入 '農產品交易行情' 的總計 2536 條記錄到表格 '1040012' 。
2025-11-06 15:02:30,185 - SUCCESS - 已成功批量插入 '農產品交易行情' 的總計 2536 條記錄到表格 '1040012' 。
2025-11-06 15:02:30,405 - SUCCESS - '農產品交易行情' 的自動更新完成。
2025-11-06 15:02:30,405 - SUCCESS - '農產品交易行情' 的自動更新完成。
2025-11-06 15:02:35,246 - SUCCESS - 成功提取 '農產品產地價格(月平均價格)' 的網頁 Metadata。
2025-11-06 15:02:35,246 - SUCCESS - 成功提取 '農產品產地價格(月平均價格)' 的網頁 Metadata。
2025-11-06 15:02:36,966 - SUCCESS - 成功提取 '農產品產地價格資料' 的網頁 Metadata。
2025-11-06 15:02:36,966 - SUCCESS - 成功提取 '農產品產地價格資料' 的網頁 Metadata。
2025-11-06 15:02:38,502 - SUCCESS - 成功提取 '雜糧生產概況' 的網頁 Metadata。
2025-11-06 15:02:38,502 - SUCCESS - 成功提取 '雜糧生產概況' 的網頁 Metadata。
2025-11-06 15:02:39,516 - SUCCESS - 已成功儲存次要資訊。
2025-11-06 15:02:39,516 - SUCCESS - 已成功儲存次要資訊。
2025-11-06 15:02:39,516 - SUCCESS - 更新結果儲存成功:{'全國單日平均糧價': '未更新', '各觀測站近兩年降雨量': '未更新', '產銷履歷與有機蔬果行情': '未更新', '糧價查詢': '已更新', '臺灣地區果品生產概況': '未更新', '臺灣地區特用作物生產概況': '未更新', '臺灣地區稻作種植、收穫面積及產量': '未更新', '臺灣地區稻米生產價值': '未更新', '臺灣地區蔬菜生產概況': '未更新', '臺灣地區農產品生產量值': '未更新', '農情調查': '未更新', '農產品交易行情': '已更新', '農產品產地價格(月平均價格)': '未更新', '農產品產地價格資料': '未更新', '雜糧生產概況': '未更新'}
2025-11-06 15:02:39,516 - SUCCESS - 更新結果儲存成功:{'全國單日平均糧價': '未更新', '各觀測站近兩年降雨量': '未更新', '產銷履歷與有機蔬果行情': '未更新', '糧價查詢': '已更新', '臺灣地區果品生產概況': '未更新', '臺灣地區特用作物生產概況': '未更新', '臺灣地區稻作種植、收穫面積及產量': '未更新', '臺灣地區稻米生產價值': '未更新', '臺灣地區蔬菜生產概況': '未更新', '臺灣地區農產品生產量值': '未更新', '農情調查': '未更新', '農產品交易行情': '已更新', '農產品產地價格(月平均價格)': '未更新', '農產品產地價格資料': '未更新', '雜糧生產概況': '未更新'}
2025-11-06 23:44:11,407 - SUCCESS - 成功提取 '全國單日平均糧價' 的網頁 Metadata。
2025-11-06 23:44:11,407 - SUCCESS - 成功提取 '全國單日平均糧價' 的網頁 Metadata。
2025-11-06 23:44:11,495 - SUCCESS - '全國單日平均糧價' 的 Metadata 已更新到 metadata.json。
2025-11-06 23:44:11,495 - SUCCESS - '全國單日平均糧價' 的 Metadata 已更新到 metadata.json。
2025-11-06 23:44:13,024 - SUCCESS - <全國單日平均糧價>的資料已下載完成，共 9096 筆資料。
2025-11-06 23:44:13,024 - SUCCESS - <全國單日平均糧價>的資料已下載完成，共 9096 筆資料。
2025-11-06 23:44:18,296 - SUCCESS - 已下載、去重並合併資料完成現有資料 9096 條，新資料 1 條。
2025-11-06 23:44:18,296 - SUCCESS - 已下載、去重並合併資料完成現有資料 9096 條，新資料 1 條。
2025-11-06 23:44:18,545 - SUCCESS - 已下載 '全國單日平均糧價' 的原始 JSON 資料路徑: 'C:\Python\data_moa_gov_tw\raw_data\全國單日平均糧價\全國單日平均糧價.json'
2025-11-06 23:44:18,545 - SUCCESS - 已下載 '全國單日平均糧價' 的原始 JSON 資料路徑: 'C:\Python\data_moa_gov_tw\raw_data\全國單日平均糧價\全國單日平均糧價.json'
2025-11-06 23:44:18,599 - SUCCESS - 插入或更新 '全國單日平均糧價' 的 Metadata 成功。
2025-11-06 23:44:18,599 - SUCCESS - 插入或更新 '全國單日平均糧價' 的 Metadata 成功。
2025-11-06 23:44:18,640 - SUCCESS - 已成功批量插入 '全國單日平均糧價' 的總計 1 條記錄到表格 '1040001' 。
2025-11-06 23:44:18,640 - SUCCESS - 已成功批量插入 '全國單日平均糧價' 的總計 1 條記錄到表格 '1040001' 。
2025-11-06 23:44:18,663 - SUCCESS - '全國單日平均糧價' 的自動更新完成。
2025-11-06 23:44:18,663 - SUCCESS - '全國單日平均糧價' 的自動更新完成。
2025-11-06 23:44:20,381 - SUCCESS - 成功提取 '各觀測站近兩年降雨量' 的網頁 Metadata。
2025-11-06 23:44:20,381 - SUCCESS - 成功提取 '各觀測站近兩年降雨量' 的網頁 Metadata。
2025-11-06 23:44:22,062 - SUCCESS - 成功提取 '產銷履歷與有機蔬果行情' 的網頁 Metadata。
2025-11-06 23:44:22,062 - SUCCESS - 成功提取 '產銷履歷與有機蔬果行情' 的網頁 Metadata。
2025-11-06 23:44:22,269 - SUCCESS - '產銷履歷與有機蔬果行情' 的 Metadata 已更新到 metadata.json。
2025-11-06 23:44:22,269 - SUCCESS - '產銷履歷與有機蔬果行情' 的 Metadata 已更新到 metadata.json。
2025-11-06 23:44:24,526 - SUCCESS - <產銷履歷與有機蔬果行情>的資料已下載完成，共 4368 筆資料。
2025-11-06 23:44:24,526 - SUCCESS - <產銷履歷與有機蔬果行情>的資料已下載完成，共 4368 筆資料。
2025-11-06 23:44:52,866 - SUCCESS - 已下載、去重並合併資料完成現有資料 204290 條，新資料 2156 條。
2025-11-06 23:44:52,866 - SUCCESS - 已下載、去重並合併資料完成現有資料 204290 條，新資料 2156 條。
2025-11-06 23:44:54,281 - SUCCESS - 已下載 '產銷履歷與有機蔬果行情' 的原始 JSON 資料路徑: 'C:\Python\data_moa_gov_tw\raw_data\產銷履歷與有機蔬果行情\產銷履歷與有機蔬果行情.json'
2025-11-06 23:44:54,281 - SUCCESS - 已下載 '產銷履歷與有機蔬果行情' 的原始 JSON 資料路徑: 'C:\Python\data_moa_gov_tw\raw_data\產銷履歷與有機蔬果行情\產銷履歷與有機蔬果行情.json'
2025-11-06 23:44:54,288 - SUCCESS - 插入或更新 '產銷履歷與有機蔬果行情' 的 Metadata 成功。
2025-11-06 23:44:54,288 - SUCCESS - 插入或更新 '產銷履歷與有機蔬果行情' 的 Metadata 成功。
2025-11-06 23:44:55,445 - SUCCESS - 已成功批量插入 '產銷履歷與有機蔬果行情' 的總計 2156 條記錄到表格 '1040003' 。
2025-11-06 23:44:55,445 - SUCCESS - 已成功批量插入 '產銷履歷與有機蔬果行情' 的總計 2156 條記錄到表格 '1040003' 。
2025-11-06 23:44:55,513 - SUCCESS - '產銷履歷與有機蔬果行情' 的自動更新完成。
2025-11-06 23:44:55,513 - SUCCESS - '產銷履歷與有機蔬果行情' 的自動更新完成。
2025-11-06 23:44:58,224 - SUCCESS - 成功提取 '糧價查詢' 的網頁 Metadata。
2025-11-06 23:44:58,224 - SUCCESS - 成功提取 '糧價查詢' 的網頁 Metadata。
2025-11-06 23:45:02,069 - SUCCESS - 成功提取 '臺灣地區果品生產概況' 的網頁 Metadata。
2025-11-06 23:45:02,069 - SUCCESS - 成功提取 '臺灣地區果品生產概況' 的網頁 Metadata。
2025-11-06 23:45:06,709 - SUCCESS - 成功提取 '臺灣地區特用作物生產概況' 的網頁 Metadata。
2025-11-06 23:45:06,709 - SUCCESS - 成功提取 '臺灣地區特用作物生產概況' 的網頁 Metadata。
2025-11-06 23:45:08,183 - SUCCESS - 成功提取 '臺灣地區稻作種植、收穫面積及產量' 的網頁 Metadata。
2025-11-06 23:45:08,183 - SUCCESS - 成功提取 '臺灣地區稻作種植、收穫面積及產量' 的網頁 Metadata。
2025-11-06 23:45:09,541 - SUCCESS - 成功提取 '臺灣地區稻米生產價值' 的網頁 Metadata。
2025-11-06 23:45:09,541 - SUCCESS - 成功提取 '臺灣地區稻米生產價值' 的網頁 Metadata。
2025-11-06 23:45:12,137 - SUCCESS - 成功提取 '臺灣地區蔬菜生產概況' 的網頁 Metadata。
2025-11-06 23:45:12,137 - SUCCESS - 成功提取 '臺灣地區蔬菜生產概況' 的網頁 Metadata。
2025-11-06 23:45:13,570 - SUCCESS - 成功提取 '臺灣地區農產品生產量值' 的網頁 Metadata。
2025-11-06 23:45:13,570 - SUCCESS - 成功提取 '臺灣地區農產品生產量值' 的網頁 Metadata。
2025-11-06 23:45:15,051 - SUCCESS - 成功提取 '農情調查' 的網頁 Metadata。
2025-11-06 23:45:15,051 - SUCCESS - 成功提取 '農情調查' 的網頁 Metadata。
2025-11-06 23:45:15,081 - SUCCESS - '農情調查' 的 Metadata 已更新到 metadata.json。
2025-11-06 23:45:15,081 - SUCCESS - '農情調查' 的 Metadata 已更新到 metadata.json。
2025-11-06 23:45:19,428 - SUCCESS - <農情調查>的資料已下載完成，共 9999 筆資料。
2025-11-06 23:45:19,428 - SUCCESS - <農情調查>的資料已下載完成，共 9999 筆資料。
2025-11-06 23:45:20,534 - SUCCESS - 已下載、去重並合併資料完成現有資料 45259 條，新資料 0 條。
2025-11-06 23:45:20,534 - SUCCESS - 已下載、去重並合併資料完成現有資料 45259 條，新資料 0 條。
2025-11-06 23:45:20,924 - SUCCESS - 插入或更新 '農情調查' 的 Metadata 成功。
2025-11-06 23:45:20,924 - SUCCESS - 插入或更新 '農情調查' 的 Metadata 成功。
2025-11-06 23:45:20,940 - SUCCESS - '農情調查' 的自動更新完成。
2025-11-06 23:45:20,940 - SUCCESS - '農情調查' 的自動更新完成。
2025-11-06 23:45:23,352 - SUCCESS - 成功提取 '農產品交易行情' 的網頁 Metadata。
2025-11-06 23:45:23,352 - SUCCESS - 成功提取 '農產品交易行情' 的網頁 Metadata。
2025-11-06 23:45:23,388 - SUCCESS - '農產品交易行情' 的 Metadata 已更新到 metadata.json。
2025-11-06 23:45:23,388 - SUCCESS - '農產品交易行情' 的 Metadata 已更新到 metadata.json。
2025-11-06 23:45:38,989 - SUCCESS - <農產品交易行情>的資料已下載完成，共 11427 筆資料。
2025-11-06 23:45:38,989 - SUCCESS - <農產品交易行情>的資料已下載完成，共 11427 筆資料。
2025-11-06 23:45:59,506 - SUCCESS - 已下載、去重並合併資料完成現有資料 410143 條，新資料 1190 條。
2025-11-06 23:45:59,506 - SUCCESS - 已下載、去重並合併資料完成現有資料 410143 條，新資料 1190 條。
2025-11-06 23:46:01,653 - SUCCESS - 已下載 '農產品交易行情' 的原始 JSON 資料路徑: 'C:\Python\data_moa_gov_tw\raw_data\農產品交易行情\農產品交易行情.json'
2025-11-06 23:46:01,653 - SUCCESS - 已下載 '農產品交易行情' 的原始 JSON 資料路徑: 'C:\Python\data_moa_gov_tw\raw_data\農產品交易行情\農產品交易行情.json'
2025-11-06 23:46:01,662 - SUCCESS - 插入或更新 '農產品交易行情' 的 Metadata 成功。
2025-11-06 23:46:01,662 - SUCCESS - 插入或更新 '農產品交易行情' 的 Metadata 成功。
2025-11-06 23:46:02,246 - SUCCESS - 已成功批量插入 '農產品交易行情' 的總計 1187 條記錄到表格 '1040012' 。
2025-11-06 23:46:02,246 - SUCCESS - 已成功批量插入 '農產品交易行情' 的總計 1187 條記錄到表格 '1040012' 。
2025-11-06 23:46:02,420 - SUCCESS - '農產品交易行情' 的自動更新完成。
2025-11-06 23:46:02,420 - SUCCESS - '農產品交易行情' 的自動更新完成。
2025-11-06 23:46:05,711 - SUCCESS - 成功提取 '農產品產地價格(月平均價格)' 的網頁 Metadata。
2025-11-06 23:46:05,711 - SUCCESS - 成功提取 '農產品產地價格(月平均價格)' 的網頁 Metadata。
2025-11-06 23:46:07,120 - SUCCESS - 成功提取 '農產品產地價格資料' 的網頁 Metadata。
2025-11-06 23:46:07,120 - SUCCESS - 成功提取 '農產品產地價格資料' 的網頁 Metadata。
2025-11-06 23:46:08,333 - SUCCESS - 成功提取 '雜糧生產概況' 的網頁 Metadata。
2025-11-06 23:46:08,333 - SUCCESS - 成功提取 '雜糧生產概況' 的網頁 Metadata。
2025-11-06 23:46:09,341 - SUCCESS - 已成功儲存次要資訊。
2025-11-06 23:46:09,341 - SUCCESS - 已成功儲存次要資訊。
2025-11-06 23:46:09,342 - SUCCESS - 更新結果儲存成功:{'全國單日平均糧價': '已更新', '各觀測站近兩年降雨量': '未更新', '產銷履歷與有機蔬果行情': '已更新', '糧價查詢': '未更新', '臺灣地區果品生產概況': '未更新', '臺灣地區特用作物生產概況': '未更新', '臺灣地區稻作種植、收穫面積及產量': '未更新', '臺灣地區稻米生產價值': '未更新', '臺灣地區蔬菜生產概況': '未更新', '臺灣地區農產品生產量值': '未更新', '農情調查': '已更新', '農產品交易行情': '已更新', '農產品產地價格(月平均價格)': '未更新', '農產品產地價格資料': '未更新', '雜糧生產概況': '未更新'}
2025-11-06 23:46:09,342 - SUCCESS - 更新結果儲存成功:{'全國單日平均糧價': '已更新', '各觀測站近兩年降雨量': '未更新', '產銷履歷與有機蔬果行情': '已更新', '糧價查詢': '未更新', '臺灣地區果品生產概況': '未更新', '臺灣地區特用作物生產概況': '未更新', '臺灣地區稻作種植、收穫面積及產量': '未更新', '臺灣地區稻米生產價值': '未更新', '臺灣地區蔬菜生產概況': '未更新', '臺灣地區農產品生產量值': '未更新', '農情調查': '已更新', '農產品交易行情': '已更新', '農產品產地價格(月平均價格)': '未更新', '農產品產地價格資料': '未更新', '雜糧生產概況': '未更新'}
