2025-11-16 23:49:00,660 - SUCCESS - 成功提取 '全國單日平均糧價' 的網頁 Metadata。
2025-11-16 23:49:00,660 - SUCCESS - 成功提取 '全國單日平均糧價' 的網頁 Metadata。
2025-11-16 23:49:00,701 - SUCCESS - '全國單日平均糧價' 的 Metadata 已更新到 metadata.json。
2025-11-16 23:49:00,701 - SUCCESS - '全國單日平均糧價' 的 Metadata 已更新到 metadata.json。
2025-11-16 23:49:04,256 - SUCCESS - <全國單日平均糧價>的資料已下載完成，共 9105 筆資料。
2025-11-16 23:49:04,256 - SUCCESS - <全國單日平均糧價>的資料已下載完成，共 9105 筆資料。
2025-11-16 23:49:05,031 - SUCCESS - 已下載、去重並合併資料完成現有資料 9105 條，新資料 1 條。
2025-11-16 23:49:05,031 - SUCCESS - 已下載、去重並合併資料完成現有資料 9105 條，新資料 1 條。
2025-11-16 23:49:05,080 - SUCCESS - 已下載 '全國單日平均糧價' 的原始 JSON 資料路徑: 'C:\Python\data_moa_gov_tw\raw_data\全國單日平均糧價\全國單日平均糧價.json'
2025-11-16 23:49:05,080 - SUCCESS - 已下載 '全國單日平均糧價' 的原始 JSON 資料路徑: 'C:\Python\data_moa_gov_tw\raw_data\全國單日平均糧價\全國單日平均糧價.json'
2025-11-16 23:49:05,114 - SUCCESS - 插入或更新 '全國單日平均糧價' 的 Metadata 成功。
2025-11-16 23:49:05,114 - SUCCESS - 插入或更新 '全國單日平均糧價' 的 Metadata 成功。
2025-11-16 23:49:05,118 - SUCCESS - 已成功批量插入 '全國單日平均糧價' 的總計 1 條記錄到表格 '1040001' 。
2025-11-16 23:49:05,118 - SUCCESS - 已成功批量插入 '全國單日平均糧價' 的總計 1 條記錄到表格 '1040001' 。
2025-11-16 23:49:05,124 - SUCCESS - '全國單日平均糧價' 的自動更新完成。
2025-11-16 23:49:05,124 - SUCCESS - '全國單日平均糧價' 的自動更新完成。
2025-11-16 23:49:06,523 - SUCCESS - 成功提取 '各觀測站近兩年降雨量' 的網頁 Metadata。
2025-11-16 23:49:06,523 - SUCCESS - 成功提取 '各觀測站近兩年降雨量' 的網頁 Metadata。
2025-11-16 23:49:08,798 - SUCCESS - 成功提取 '產銷履歷與有機蔬果行情' 的網頁 Metadata。
2025-11-16 23:49:08,798 - SUCCESS - 成功提取 '產銷履歷與有機蔬果行情' 的網頁 Metadata。
2025-11-16 23:49:08,838 - SUCCESS - '產銷履歷與有機蔬果行情' 的 Metadata 已更新到 metadata.json。
2025-11-16 23:49:08,838 - SUCCESS - '產銷履歷與有機蔬果行情' 的 Metadata 已更新到 metadata.json。
2025-11-16 23:49:16,944 - SUCCESS - <產銷履歷與有機蔬果行情>的資料已下載完成，共 4493 筆資料。
2025-11-16 23:49:16,944 - SUCCESS - <產銷履歷與有機蔬果行情>的資料已下載完成，共 4493 筆資料。
2025-11-16 23:49:32,651 - SUCCESS - 已下載、去重並合併資料完成現有資料 222716 條，新資料 4493 條。
2025-11-16 23:49:32,651 - SUCCESS - 已下載、去重並合併資料完成現有資料 222716 條，新資料 4493 條。
2025-11-16 23:49:33,962 - SUCCESS - 已下載 '產銷履歷與有機蔬果行情' 的原始 JSON 資料路徑: 'C:\Python\data_moa_gov_tw\raw_data\產銷履歷與有機蔬果行情\產銷履歷與有機蔬果行情.json'
2025-11-16 23:49:33,962 - SUCCESS - 已下載 '產銷履歷與有機蔬果行情' 的原始 JSON 資料路徑: 'C:\Python\data_moa_gov_tw\raw_data\產銷履歷與有機蔬果行情\產銷履歷與有機蔬果行情.json'
2025-11-16 23:49:33,971 - SUCCESS - 插入或更新 '產銷履歷與有機蔬果行情' 的 Metadata 成功。
2025-11-16 23:49:33,971 - SUCCESS - 插入或更新 '產銷履歷與有機蔬果行情' 的 Metadata 成功。
2025-11-16 23:49:35,995 - SUCCESS - 已成功批量插入 '產銷履歷與有機蔬果行情' 的總計 4493 條記錄到表格 '1040003' 。
2025-11-16 23:49:35,995 - SUCCESS - 已成功批量插入 '產銷履歷與有機蔬果行情' 的總計 4493 條記錄到表格 '1040003' 。
2025-11-16 23:49:36,070 - SUCCESS - '產銷履歷與有機蔬果行情' 的自動更新完成。
2025-11-16 23:49:36,070 - SUCCESS - '產銷履歷與有機蔬果行情' 的自動更新完成。
2025-11-16 23:49:37,488 - SUCCESS - 成功提取 '糧價查詢' 的網頁 Metadata。
2025-11-16 23:49:37,488 - SUCCESS - 成功提取 '糧價查詢' 的網頁 Metadata。
2025-11-16 23:49:37,510 - SUCCESS - '糧價查詢' 的 Metadata 已更新到 metadata.json。
2025-11-16 23:49:37,510 - SUCCESS - '糧價查詢' 的 Metadata 已更新到 metadata.json。
2025-11-16 23:49:40,340 - SUCCESS - <糧價查詢>的資料已下載完成，共 9999 筆資料。
2025-11-16 23:49:40,340 - SUCCESS - <糧價查詢>的資料已下載完成，共 9999 筆資料。
2025-11-16 23:49:55,883 - SUCCESS - 已下載、去重並合併資料完成現有資料 240643 條，新資料 40 條。
2025-11-16 23:49:55,883 - SUCCESS - 已下載、去重並合併資料完成現有資料 240643 條，新資料 40 條。
2025-11-16 23:49:57,114 - SUCCESS - 已下載 '糧價查詢' 的原始 JSON 資料路徑: 'C:\Python\data_moa_gov_tw\raw_data\糧價查詢\糧價查詢.json'
2025-11-16 23:49:57,114 - SUCCESS - 已下載 '糧價查詢' 的原始 JSON 資料路徑: 'C:\Python\data_moa_gov_tw\raw_data\糧價查詢\糧價查詢.json'
2025-11-16 23:49:57,118 - SUCCESS - 插入或更新 '糧價查詢' 的 Metadata 成功。
2025-11-16 23:49:57,118 - SUCCESS - 插入或更新 '糧價查詢' 的 Metadata 成功。
2025-11-16 23:49:57,153 - SUCCESS - 已成功批量插入 '糧價查詢' 的總計 40 條記錄到表格 '1040004' 。
2025-11-16 23:49:57,153 - SUCCESS - 已成功批量插入 '糧價查詢' 的總計 40 條記錄到表格 '1040004' 。
2025-11-16 23:49:57,269 - SUCCESS - '糧價查詢' 的自動更新完成。
2025-11-16 23:49:57,269 - SUCCESS - '糧價查詢' 的自動更新完成。
2025-11-16 23:49:58,850 - SUCCESS - 成功提取 '臺灣地區果品生產概況' 的網頁 Metadata。
2025-11-16 23:49:58,850 - SUCCESS - 成功提取 '臺灣地區果品生產概況' 的網頁 Metadata。
2025-11-16 23:50:00,261 - SUCCESS - 成功提取 '臺灣地區特用作物生產概況' 的網頁 Metadata。
2025-11-16 23:50:00,261 - SUCCESS - 成功提取 '臺灣地區特用作物生產概況' 的網頁 Metadata。
2025-11-16 23:50:01,564 - SUCCESS - 成功提取 '臺灣地區稻作種植、收穫面積及產量' 的網頁 Metadata。
2025-11-16 23:50:01,564 - SUCCESS - 成功提取 '臺灣地區稻作種植、收穫面積及產量' 的網頁 Metadata。
2025-11-16 23:50:03,039 - SUCCESS - 成功提取 '臺灣地區稻米生產價值' 的網頁 Metadata。
2025-11-16 23:50:03,039 - SUCCESS - 成功提取 '臺灣地區稻米生產價值' 的網頁 Metadata。
2025-11-16 23:50:04,550 - SUCCESS - 成功提取 '臺灣地區蔬菜生產概況' 的網頁 Metadata。
2025-11-16 23:50:04,550 - SUCCESS - 成功提取 '臺灣地區蔬菜生產概況' 的網頁 Metadata。
2025-11-16 23:50:06,031 - SUCCESS - 成功提取 '臺灣地區農產品生產量值' 的網頁 Metadata。
2025-11-16 23:50:06,031 - SUCCESS - 成功提取 '臺灣地區農產品生產量值' 的網頁 Metadata。
2025-11-16 23:50:07,379 - SUCCESS - 成功提取 '農情調查' 的網頁 Metadata。
2025-11-16 23:50:07,379 - SUCCESS - 成功提取 '農情調查' 的網頁 Metadata。
2025-11-16 23:50:07,420 - SUCCESS - '農情調查' 的 Metadata 已更新到 metadata.json。
2025-11-16 23:50:07,420 - SUCCESS - '農情調查' 的 Metadata 已更新到 metadata.json。
2025-11-16 23:50:10,021 - SUCCESS - <農情調查>的資料已下載完成，共 9999 筆資料。
2025-11-16 23:50:10,021 - SUCCESS - <農情調查>的資料已下載完成，共 9999 筆資料。
2025-11-16 23:50:11,079 - SUCCESS - 已下載、去重並合併資料完成現有資料 45259 條，新資料 0 條。
2025-11-16 23:50:11,079 - SUCCESS - 已下載、去重並合併資料完成現有資料 45259 條，新資料 0 條。
2025-11-16 23:50:11,399 - SUCCESS - 插入或更新 '農情調查' 的 Metadata 成功。
2025-11-16 23:50:11,399 - SUCCESS - 插入或更新 '農情調查' 的 Metadata 成功。
2025-11-16 23:50:11,416 - SUCCESS - '農情調查' 的自動更新完成。
2025-11-16 23:50:11,416 - SUCCESS - '農情調查' 的自動更新完成。
2025-11-16 23:50:12,717 - SUCCESS - 成功提取 '農產品交易行情' 的網頁 Metadata。
2025-11-16 23:50:12,717 - SUCCESS - 成功提取 '農產品交易行情' 的網頁 Metadata。
2025-11-16 23:50:12,752 - SUCCESS - '農產品交易行情' 的 Metadata 已更新到 metadata.json。
2025-11-16 23:50:12,752 - SUCCESS - '農產品交易行情' 的 Metadata 已更新到 metadata.json。
2025-11-16 23:50:30,801 - SUCCESS - <農產品交易行情>的資料已下載完成，共 11233 筆資料。
2025-11-16 23:50:30,801 - SUCCESS - <農產品交易行情>的資料已下載完成，共 11233 筆資料。
2025-11-16 23:50:52,110 - SUCCESS - 已下載、去重並合併資料完成現有資料 437359 條，新資料 3398 條。
2025-11-16 23:50:52,110 - SUCCESS - 已下載、去重並合併資料完成現有資料 437359 條，新資料 3398 條。
2025-11-16 23:50:54,417 - SUCCESS - 已下載 '農產品交易行情' 的原始 JSON 資料路徑: 'C:\Python\data_moa_gov_tw\raw_data\農產品交易行情\農產品交易行情.json'
2025-11-16 23:50:54,417 - SUCCESS - 已下載 '農產品交易行情' 的原始 JSON 資料路徑: 'C:\Python\data_moa_gov_tw\raw_data\農產品交易行情\農產品交易行情.json'
2025-11-16 23:50:54,424 - SUCCESS - 插入或更新 '農產品交易行情' 的 Metadata 成功。
2025-11-16 23:50:54,424 - SUCCESS - 插入或更新 '農產品交易行情' 的 Metadata 成功。
2025-11-16 23:50:56,051 - SUCCESS - 已成功批量插入 '農產品交易行情' 的總計 3398 條記錄到表格 '1040012' 。
2025-11-16 23:50:56,051 - SUCCESS - 已成功批量插入 '農產品交易行情' 的總計 3398 條記錄到表格 '1040012' 。
2025-11-16 23:50:56,244 - SUCCESS - '農產品交易行情' 的自動更新完成。
2025-11-16 23:50:56,244 - SUCCESS - '農產品交易行情' 的自動更新完成。
2025-11-16 23:50:57,772 - SUCCESS - 成功提取 '農產品產地價格(月平均價格)' 的網頁 Metadata。
2025-11-16 23:50:57,772 - SUCCESS - 成功提取 '農產品產地價格(月平均價格)' 的網頁 Metadata。
2025-11-16 23:50:59,061 - SUCCESS - 成功提取 '農產品產地價格資料' 的網頁 Metadata。
2025-11-16 23:50:59,061 - SUCCESS - 成功提取 '農產品產地價格資料' 的網頁 Metadata。
2025-11-16 23:50:59,099 - SUCCESS - '農產品產地價格資料' 的 Metadata 已更新到 metadata.json。
2025-11-16 23:50:59,099 - SUCCESS - '農產品產地價格資料' 的 Metadata 已更新到 metadata.json。
2025-11-16 23:50:59,780 - SUCCESS - <農產品產地價格資料>的資料已下載完成，共 9999 筆資料。
2025-11-16 23:50:59,780 - SUCCESS - <農產品產地價格資料>的資料已下載完成，共 9999 筆資料。
2025-11-16 23:51:42,978 - SUCCESS - 已下載、去重並合併資料完成現有資料 345799 條，新資料 0 條。
2025-11-16 23:51:42,978 - SUCCESS - 已下載、去重並合併資料完成現有資料 345799 條，新資料 0 條。
2025-11-16 23:51:45,059 - SUCCESS - 插入或更新 '農產品產地價格資料' 的 Metadata 成功。
2025-11-16 23:51:45,059 - SUCCESS - 插入或更新 '農產品產地價格資料' 的 Metadata 成功。
2025-11-16 23:51:45,170 - SUCCESS - '農產品產地價格資料' 的自動更新完成。
2025-11-16 23:51:45,170 - SUCCESS - '農產品產地價格資料' 的自動更新完成。
2025-11-16 23:51:46,711 - SUCCESS - 成功提取 '雜糧生產概況' 的網頁 Metadata。
2025-11-16 23:51:46,711 - SUCCESS - 成功提取 '雜糧生產概況' 的網頁 Metadata。
2025-11-16 23:51:47,726 - SUCCESS - 已成功儲存次要資訊。
2025-11-16 23:51:47,726 - SUCCESS - 已成功儲存次要資訊。
2025-11-16 23:51:47,726 - SUCCESS - 更新結果儲存成功:{'全國單日平均糧價': '已更新', '各觀測站近兩年降雨量': '未更新', '產銷履歷與有機蔬果行情': '已更新', '糧價查詢': '已更新', '臺灣地區果品生產概況': '未更新', '臺灣地區特用作物生產概況': '未更新', '臺灣地區稻作種植、收穫面積及產量': '未更新', '臺灣地區稻米生產價值': '未更新', '臺灣地區蔬菜生產概況': '未更新', '臺灣地區農產品生產量值': '未更新', '農情調查': '已更新', '農產品交易行情': '已更新', '農產品產地價格(月平均價格)': '未更新', '農產品產地價格資料': '已更新', '雜糧生產概況': '未更新'}
2025-11-16 23:51:47,726 - SUCCESS - 更新結果儲存成功:{'全國單日平均糧價': '已更新', '各觀測站近兩年降雨量': '未更新', '產銷履歷與有機蔬果行情': '已更新', '糧價查詢': '已更新', '臺灣地區果品生產概況': '未更新', '臺灣地區特用作物生產概況': '未更新', '臺灣地區稻作種植、收穫面積及產量': '未更新', '臺灣地區稻米生產價值': '未更新', '臺灣地區蔬菜生產概況': '未更新', '臺灣地區農產品生產量值': '未更新', '農情調查': '已更新', '農產品交易行情': '已更新', '農產品產地價格(月平均價格)': '未更新', '農產品產地價格資料': '已更新', '雜糧生產概況': '未更新'}
