2026-01-08 00:53:35,445 - SUCCESS - 成功提取 '全國單日平均糧價' 的網頁 Metadata。
2026-01-08 00:53:35,445 - SUCCESS - 成功提取 '全國單日平均糧價' 的網頁 Metadata。
2026-01-08 00:53:35,533 - SUCCESS - '全國單日平均糧價' 的 Metadata 已更新到 metadata.json。
2026-01-08 00:53:35,533 - SUCCESS - '全國單日平均糧價' 的 Metadata 已更新到 metadata.json。
2026-01-08 00:53:48,885 - SUCCESS - <全國單日平均糧價>的資料已下載完成，共 9158 筆資料。
2026-01-08 00:53:48,885 - SUCCESS - <全國單日平均糧價>的資料已下載完成，共 9158 筆資料。
2026-01-08 00:53:49,763 - SUCCESS - 已下載、去重並合併資料完成現有資料 9158 條，新資料 1 條。
2026-01-08 00:53:49,763 - SUCCESS - 已下載、去重並合併資料完成現有資料 9158 條，新資料 1 條。
2026-01-08 00:53:49,813 - SUCCESS - 已下載 '全國單日平均糧價' 的原始 JSON 資料路徑: 'C:\Python\data_moa_gov_tw\raw_data\全國單日平均糧價\全國單日平均糧價.json'
2026-01-08 00:53:49,813 - SUCCESS - 已下載 '全國單日平均糧價' 的原始 JSON 資料路徑: 'C:\Python\data_moa_gov_tw\raw_data\全國單日平均糧價\全國單日平均糧價.json'
2026-01-08 00:53:49,843 - SUCCESS - 插入或更新 '全國單日平均糧價' 的 Metadata 成功。
2026-01-08 00:53:49,843 - SUCCESS - 插入或更新 '全國單日平均糧價' 的 Metadata 成功。
2026-01-08 00:53:49,853 - SUCCESS - 已成功批量插入 '全國單日平均糧價' 的總計 1 條記錄到表格 '1040001' 。
2026-01-08 00:53:49,853 - SUCCESS - 已成功批量插入 '全國單日平均糧價' 的總計 1 條記錄到表格 '1040001' 。
2026-01-08 00:53:49,858 - SUCCESS - '全國單日平均糧價' 的自動更新完成。
2026-01-08 00:53:49,858 - SUCCESS - '全國單日平均糧價' 的自動更新完成。
2026-01-08 00:53:51,672 - SUCCESS - 成功提取 '各觀測站近兩年降雨量' 的網頁 Metadata。
2026-01-08 00:53:51,672 - SUCCESS - 成功提取 '各觀測站近兩年降雨量' 的網頁 Metadata。
2026-01-08 00:53:53,523 - SUCCESS - 成功提取 '產銷履歷與有機蔬果行情' 的網頁 Metadata。
2026-01-08 00:53:53,523 - SUCCESS - 成功提取 '產銷履歷與有機蔬果行情' 的網頁 Metadata。
2026-01-08 00:53:53,576 - SUCCESS - '產銷履歷與有機蔬果行情' 的 Metadata 已更新到 metadata.json。
2026-01-08 00:53:53,576 - SUCCESS - '產銷履歷與有機蔬果行情' 的 Metadata 已更新到 metadata.json。
2026-01-08 00:53:58,237 - SUCCESS - <產銷履歷與有機蔬果行情>的資料已下載完成，共 4761 筆資料。
2026-01-08 00:53:58,237 - SUCCESS - <產銷履歷與有機蔬果行情>的資料已下載完成，共 4761 筆資料。
2026-01-08 00:54:22,287 - SUCCESS - 已下載、去重並合併資料完成現有資料 322368 條，新資料 2333 條。
2026-01-08 00:54:22,287 - SUCCESS - 已下載、去重並合併資料完成現有資料 322368 條，新資料 2333 條。
2026-01-08 00:54:24,174 - SUCCESS - 已下載 '產銷履歷與有機蔬果行情' 的原始 JSON 資料路徑: 'C:\Python\data_moa_gov_tw\raw_data\產銷履歷與有機蔬果行情\產銷履歷與有機蔬果行情.json'
2026-01-08 00:54:24,174 - SUCCESS - 已下載 '產銷履歷與有機蔬果行情' 的原始 JSON 資料路徑: 'C:\Python\data_moa_gov_tw\raw_data\產銷履歷與有機蔬果行情\產銷履歷與有機蔬果行情.json'
2026-01-08 00:54:24,182 - SUCCESS - 插入或更新 '產銷履歷與有機蔬果行情' 的 Metadata 成功。
2026-01-08 00:54:24,182 - SUCCESS - 插入或更新 '產銷履歷與有機蔬果行情' 的 Metadata 成功。
2026-01-08 00:54:25,309 - SUCCESS - 已成功批量插入 '產銷履歷與有機蔬果行情' 的總計 2333 條記錄到表格 '1040003' 。
2026-01-08 00:54:25,309 - SUCCESS - 已成功批量插入 '產銷履歷與有機蔬果行情' 的總計 2333 條記錄到表格 '1040003' 。
2026-01-08 00:54:25,421 - SUCCESS - '產銷履歷與有機蔬果行情' 的自動更新完成。
2026-01-08 00:54:25,421 - SUCCESS - '產銷履歷與有機蔬果行情' 的自動更新完成。
2026-01-08 00:54:27,058 - SUCCESS - 成功提取 '糧價查詢' 的網頁 Metadata。
2026-01-08 00:54:27,058 - SUCCESS - 成功提取 '糧價查詢' 的網頁 Metadata。
2026-01-08 00:54:27,095 - SUCCESS - '糧價查詢' 的 Metadata 已更新到 metadata.json。
2026-01-08 00:54:27,095 - SUCCESS - '糧價查詢' 的 Metadata 已更新到 metadata.json。
2026-01-08 00:54:31,325 - SUCCESS - <糧價查詢>的資料已下載完成，共 9999 筆資料。
2026-01-08 00:54:31,325 - SUCCESS - <糧價查詢>的資料已下載完成，共 9999 筆資料。
2026-01-08 00:54:32,164 - SUCCESS - 已下載、去重並合併資料完成現有資料 10855 條，新資料 20 條。
2026-01-08 00:54:32,164 - SUCCESS - 已下載、去重並合併資料完成現有資料 10855 條，新資料 20 條。
2026-01-08 00:54:32,985 - SUCCESS - 已下載 '糧價查詢' 的原始 JSON 資料路徑: 'C:\Python\data_moa_gov_tw\raw_data\糧價查詢\糧價查詢.json'
2026-01-08 00:54:32,985 - SUCCESS - 已下載 '糧價查詢' 的原始 JSON 資料路徑: 'C:\Python\data_moa_gov_tw\raw_data\糧價查詢\糧價查詢.json'
2026-01-08 00:54:32,990 - SUCCESS - 插入或更新 '糧價查詢' 的 Metadata 成功。
2026-01-08 00:54:32,990 - SUCCESS - 插入或更新 '糧價查詢' 的 Metadata 成功。
2026-01-08 00:54:33,020 - SUCCESS - 已成功批量插入 '糧價查詢' 的總計 20 條記錄到表格 '1040004' 。
2026-01-08 00:54:33,020 - SUCCESS - 已成功批量插入 '糧價查詢' 的總計 20 條記錄到表格 '1040004' 。
2026-01-08 00:54:33,028 - SUCCESS - '糧價查詢' 的自動更新完成。
2026-01-08 00:54:33,028 - SUCCESS - '糧價查詢' 的自動更新完成。
2026-01-08 00:54:35,829 - SUCCESS - 成功提取 '臺灣地區果品生產概況' 的網頁 Metadata。
2026-01-08 00:54:35,829 - SUCCESS - 成功提取 '臺灣地區果品生產概況' 的網頁 Metadata。
2026-01-08 00:54:37,734 - SUCCESS - 成功提取 '臺灣地區特用作物生產概況' 的網頁 Metadata。
2026-01-08 00:54:37,734 - SUCCESS - 成功提取 '臺灣地區特用作物生產概況' 的網頁 Metadata。
2026-01-08 00:54:39,231 - SUCCESS - 成功提取 '臺灣地區稻作種植、收穫面積及產量' 的網頁 Metadata。
2026-01-08 00:54:39,231 - SUCCESS - 成功提取 '臺灣地區稻作種植、收穫面積及產量' 的網頁 Metadata。
2026-01-08 00:54:40,871 - SUCCESS - 成功提取 '臺灣地區稻米生產價值' 的網頁 Metadata。
2026-01-08 00:54:40,871 - SUCCESS - 成功提取 '臺灣地區稻米生產價值' 的網頁 Metadata。
2026-01-08 00:54:43,157 - SUCCESS - 成功提取 '臺灣地區蔬菜生產概況' 的網頁 Metadata。
2026-01-08 00:54:43,157 - SUCCESS - 成功提取 '臺灣地區蔬菜生產概況' 的網頁 Metadata。
2026-01-08 00:54:44,865 - SUCCESS - 成功提取 '臺灣地區農產品生產量值' 的網頁 Metadata。
2026-01-08 00:54:44,865 - SUCCESS - 成功提取 '臺灣地區農產品生產量值' 的網頁 Metadata。
2026-01-08 00:54:46,548 - SUCCESS - 成功提取 '農情調查' 的網頁 Metadata。
2026-01-08 00:54:46,548 - SUCCESS - 成功提取 '農情調查' 的網頁 Metadata。
2026-01-08 00:54:46,599 - SUCCESS - '農情調查' 的 Metadata 已更新到 metadata.json。
2026-01-08 00:54:46,599 - SUCCESS - '農情調查' 的 Metadata 已更新到 metadata.json。
2026-01-08 00:54:50,561 - SUCCESS - <農情調查>的資料已下載完成，共 9999 筆資料。
2026-01-08 00:54:50,561 - SUCCESS - <農情調查>的資料已下載完成，共 9999 筆資料。
2026-01-08 00:54:51,637 - SUCCESS - 已下載、去重並合併資料完成現有資料 45259 條，新資料 0 條。
2026-01-08 00:54:51,637 - SUCCESS - 已下載、去重並合併資料完成現有資料 45259 條，新資料 0 條。
2026-01-08 00:54:51,938 - SUCCESS - 插入或更新 '農情調查' 的 Metadata 成功。
2026-01-08 00:54:51,938 - SUCCESS - 插入或更新 '農情調查' 的 Metadata 成功。
2026-01-08 00:54:51,952 - SUCCESS - '農情調查' 的自動更新完成。
2026-01-08 00:54:51,952 - SUCCESS - '農情調查' 的自動更新完成。
2026-01-08 00:54:53,767 - SUCCESS - 成功提取 '農產品交易行情' 的網頁 Metadata。
2026-01-08 00:54:53,767 - SUCCESS - 成功提取 '農產品交易行情' 的網頁 Metadata。
2026-01-08 00:54:53,817 - SUCCESS - '農產品交易行情' 的 Metadata 已更新到 metadata.json。
2026-01-08 00:54:53,817 - SUCCESS - '農產品交易行情' 的 Metadata 已更新到 metadata.json。
2026-01-08 00:55:12,272 - SUCCESS - <農產品交易行情>的資料已下載完成，共 8376 筆資料。
2026-01-08 00:55:12,272 - SUCCESS - <農產品交易行情>的資料已下載完成，共 8376 筆資料。
2026-01-08 00:55:42,599 - SUCCESS - 已下載、去重並合併資料完成現有資料 592194 條，新資料 3495 條。
2026-01-08 00:55:42,599 - SUCCESS - 已下載、去重並合併資料完成現有資料 592194 條，新資料 3495 條。
2026-01-08 00:55:45,545 - SUCCESS - 已下載 '農產品交易行情' 的原始 JSON 資料路徑: 'C:\Python\data_moa_gov_tw\raw_data\農產品交易行情\農產品交易行情.json'
2026-01-08 00:55:45,545 - SUCCESS - 已下載 '農產品交易行情' 的原始 JSON 資料路徑: 'C:\Python\data_moa_gov_tw\raw_data\農產品交易行情\農產品交易行情.json'
2026-01-08 00:55:45,550 - SUCCESS - 插入或更新 '農產品交易行情' 的 Metadata 成功。
2026-01-08 00:55:45,550 - SUCCESS - 插入或更新 '農產品交易行情' 的 Metadata 成功。
2026-01-08 00:55:47,435 - SUCCESS - 已成功批量插入 '農產品交易行情' 的總計 3495 條記錄到表格 '1040012' 。
2026-01-08 00:55:47,435 - SUCCESS - 已成功批量插入 '農產品交易行情' 的總計 3495 條記錄到表格 '1040012' 。
2026-01-08 00:55:47,709 - SUCCESS - '農產品交易行情' 的自動更新完成。
2026-01-08 00:55:47,709 - SUCCESS - '農產品交易行情' 的自動更新完成。
2026-01-08 00:55:49,759 - SUCCESS - 成功提取 '農產品產地價格(月平均價格)' 的網頁 Metadata。
2026-01-08 00:55:49,759 - SUCCESS - 成功提取 '農產品產地價格(月平均價格)' 的網頁 Metadata。
2026-01-08 00:55:51,355 - SUCCESS - 成功提取 '農產品產地價格資料' 的網頁 Metadata。
2026-01-08 00:55:51,355 - SUCCESS - 成功提取 '農產品產地價格資料' 的網頁 Metadata。
2026-01-08 00:55:51,397 - SUCCESS - '農產品產地價格資料' 的 Metadata 已更新到 metadata.json。
2026-01-08 00:55:51,397 - SUCCESS - '農產品產地價格資料' 的 Metadata 已更新到 metadata.json。
2026-01-08 00:55:52,409 - SUCCESS - <農產品產地價格資料>的資料已下載完成，共 9999 筆資料。
2026-01-08 00:55:52,409 - SUCCESS - <農產品產地價格資料>的資料已下載完成，共 9999 筆資料。
2026-01-08 00:56:43,823 - SUCCESS - 已下載、去重並合併資料完成現有資料 348254 條，新資料 24 條。
2026-01-08 00:56:43,823 - SUCCESS - 已下載、去重並合併資料完成現有資料 348254 條，新資料 24 條。
2026-01-08 00:56:45,949 - SUCCESS - 已下載 '農產品產地價格資料' 的原始 JSON 資料路徑: 'C:\Python\data_moa_gov_tw\raw_data\農產品產地價格資料\農產品產地價格資料.json'
2026-01-08 00:56:45,949 - SUCCESS - 已下載 '農產品產地價格資料' 的原始 JSON 資料路徑: 'C:\Python\data_moa_gov_tw\raw_data\農產品產地價格資料\農產品產地價格資料.json'
2026-01-08 00:56:45,954 - SUCCESS - 插入或更新 '農產品產地價格資料' 的 Metadata 成功。
2026-01-08 00:56:45,954 - SUCCESS - 插入或更新 '農產品產地價格資料' 的 Metadata 成功。
2026-01-08 00:56:45,979 - SUCCESS - 已成功批量插入 '農產品產地價格資料' 的總計 24 條記錄到表格 '1040014' 。
2026-01-08 00:56:45,979 - SUCCESS - 已成功批量插入 '農產品產地價格資料' 的總計 24 條記錄到表格 '1040014' 。
2026-01-08 00:56:46,069 - SUCCESS - '農產品產地價格資料' 的自動更新完成。
2026-01-08 00:56:46,069 - SUCCESS - '農產品產地價格資料' 的自動更新完成。
2026-01-08 00:56:47,562 - SUCCESS - 成功提取 '雜糧生產概況' 的網頁 Metadata。
2026-01-08 00:56:47,562 - SUCCESS - 成功提取 '雜糧生產概況' 的網頁 Metadata。
2026-01-08 00:56:48,575 - SUCCESS - 已成功儲存次要資訊。
2026-01-08 00:56:48,575 - SUCCESS - 已成功儲存次要資訊。
2026-01-08 00:56:48,575 - SUCCESS - 更新結果儲存成功:{'全國單日平均糧價': '已更新', '各觀測站近兩年降雨量': '未更新', '產銷履歷與有機蔬果行情': '已更新', '糧價查詢': '已更新', '臺灣地區果品生產概況': '未更新', '臺灣地區特用作物生產概況': '未更新', '臺灣地區稻作種植、收穫面積及產量': '未更新', '臺灣地區稻米生產價值': '未更新', '臺灣地區蔬菜生產概況': '未更新', '臺灣地區農產品生產量值': '未更新', '農情調查': '已更新', '農產品交易行情': '已更新', '農產品產地價格(月平均價格)': '未更新', '農產品產地價格資料': '已更新', '雜糧生產概況': '未更新'}
2026-01-08 00:56:48,575 - SUCCESS - 更新結果儲存成功:{'全國單日平均糧價': '已更新', '各觀測站近兩年降雨量': '未更新', '產銷履歷與有機蔬果行情': '已更新', '糧價查詢': '已更新', '臺灣地區果品生產概況': '未更新', '臺灣地區特用作物生產概況': '未更新', '臺灣地區稻作種植、收穫面積及產量': '未更新', '臺灣地區稻米生產價值': '未更新', '臺灣地區蔬菜生產概況': '未更新', '臺灣地區農產品生產量值': '未更新', '農情調查': '已更新', '農產品交易行情': '已更新', '農產品產地價格(月平均價格)': '未更新', '農產品產地價格資料': '已更新', '雜糧生產概況': '未更新'}
2026-01-08 22:37:35,229 - SUCCESS - 成功提取 '全國單日平均糧價' 的網頁 Metadata。
2026-01-08 22:37:35,229 - SUCCESS - 成功提取 '全國單日平均糧價' 的網頁 Metadata。
2026-01-08 22:37:35,266 - SUCCESS - '全國單日平均糧價' 的 Metadata 已更新到 metadata.json。
2026-01-08 22:37:35,266 - SUCCESS - '全國單日平均糧價' 的 Metadata 已更新到 metadata.json。
2026-01-08 22:37:37,178 - SUCCESS - <全國單日平均糧價>的資料已下載完成，共 9159 筆資料。
2026-01-08 22:37:37,178 - SUCCESS - <全國單日平均糧價>的資料已下載完成，共 9159 筆資料。
2026-01-08 22:37:37,837 - SUCCESS - 已下載、去重並合併資料完成現有資料 9159 條，新資料 1 條。
2026-01-08 22:37:37,837 - SUCCESS - 已下載、去重並合併資料完成現有資料 9159 條，新資料 1 條。
2026-01-08 22:37:37,871 - SUCCESS - 已下載 '全國單日平均糧價' 的原始 JSON 資料路徑: 'C:\Python\data_moa_gov_tw\raw_data\全國單日平均糧價\全國單日平均糧價.json'
2026-01-08 22:37:37,871 - SUCCESS - 已下載 '全國單日平均糧價' 的原始 JSON 資料路徑: 'C:\Python\data_moa_gov_tw\raw_data\全國單日平均糧價\全國單日平均糧價.json'
2026-01-08 22:37:37,896 - SUCCESS - 插入或更新 '全國單日平均糧價' 的 Metadata 成功。
2026-01-08 22:37:37,896 - SUCCESS - 插入或更新 '全國單日平均糧價' 的 Metadata 成功。
2026-01-08 22:37:37,903 - SUCCESS - 已成功批量插入 '全國單日平均糧價' 的總計 1 條記錄到表格 '1040001' 。
2026-01-08 22:37:37,903 - SUCCESS - 已成功批量插入 '全國單日平均糧價' 的總計 1 條記錄到表格 '1040001' 。
2026-01-08 22:37:37,907 - SUCCESS - '全國單日平均糧價' 的自動更新完成。
2026-01-08 22:37:37,907 - SUCCESS - '全國單日平均糧價' 的自動更新完成。
2026-01-08 22:37:39,526 - SUCCESS - 成功提取 '各觀測站近兩年降雨量' 的網頁 Metadata。
2026-01-08 22:37:39,526 - SUCCESS - 成功提取 '各觀測站近兩年降雨量' 的網頁 Metadata。
2026-01-08 22:37:42,106 - SUCCESS - 成功提取 '產銷履歷與有機蔬果行情' 的網頁 Metadata。
2026-01-08 22:37:42,106 - SUCCESS - 成功提取 '產銷履歷與有機蔬果行情' 的網頁 Metadata。
2026-01-08 22:37:42,148 - SUCCESS - '產銷履歷與有機蔬果行情' 的 Metadata 已更新到 metadata.json。
2026-01-08 22:37:42,148 - SUCCESS - '產銷履歷與有機蔬果行情' 的 Metadata 已更新到 metadata.json。
2026-01-08 22:37:54,551 - SUCCESS - <產銷履歷與有機蔬果行情>的資料已下載完成，共 2701 筆資料。
2026-01-08 22:37:54,551 - SUCCESS - <產銷履歷與有機蔬果行情>的資料已下載完成，共 2701 筆資料。
2026-01-08 22:38:15,507 - SUCCESS - 已下載、去重並合併資料完成現有資料 322736 條，新資料 368 條。
2026-01-08 22:38:15,507 - SUCCESS - 已下載、去重並合併資料完成現有資料 322736 條，新資料 368 條。
2026-01-08 22:38:17,169 - SUCCESS - 已下載 '產銷履歷與有機蔬果行情' 的原始 JSON 資料路徑: 'C:\Python\data_moa_gov_tw\raw_data\產銷履歷與有機蔬果行情\產銷履歷與有機蔬果行情.json'
2026-01-08 22:38:17,169 - SUCCESS - 已下載 '產銷履歷與有機蔬果行情' 的原始 JSON 資料路徑: 'C:\Python\data_moa_gov_tw\raw_data\產銷履歷與有機蔬果行情\產銷履歷與有機蔬果行情.json'
2026-01-08 22:38:17,174 - SUCCESS - 插入或更新 '產銷履歷與有機蔬果行情' 的 Metadata 成功。
2026-01-08 22:38:17,174 - SUCCESS - 插入或更新 '產銷履歷與有機蔬果行情' 的 Metadata 成功。
2026-01-08 22:38:17,320 - SUCCESS - 已成功批量插入 '產銷履歷與有機蔬果行情' 的總計 368 條記錄到表格 '1040003' 。
2026-01-08 22:38:17,320 - SUCCESS - 已成功批量插入 '產銷履歷與有機蔬果行情' 的總計 368 條記錄到表格 '1040003' 。
2026-01-08 22:38:17,402 - SUCCESS - '產銷履歷與有機蔬果行情' 的自動更新完成。
2026-01-08 22:38:17,402 - SUCCESS - '產銷履歷與有機蔬果行情' 的自動更新完成。
2026-01-08 22:38:19,507 - SUCCESS - 成功提取 '糧價查詢' 的網頁 Metadata。
2026-01-08 22:38:19,507 - SUCCESS - 成功提取 '糧價查詢' 的網頁 Metadata。
2026-01-08 22:38:19,549 - SUCCESS - '糧價查詢' 的 Metadata 已更新到 metadata.json。
2026-01-08 22:38:19,549 - SUCCESS - '糧價查詢' 的 Metadata 已更新到 metadata.json。
2026-01-08 22:38:25,447 - SUCCESS - <糧價查詢>的資料已下載完成，共 9999 筆資料。
2026-01-08 22:38:25,447 - SUCCESS - <糧價查詢>的資料已下載完成，共 9999 筆資料。
2026-01-08 22:38:26,188 - SUCCESS - 已下載、去重並合併資料完成現有資料 10875 條，新資料 20 條。
2026-01-08 22:38:26,188 - SUCCESS - 已下載、去重並合併資料完成現有資料 10875 條，新資料 20 條。
2026-01-08 22:38:26,879 - SUCCESS - 已下載 '糧價查詢' 的原始 JSON 資料路徑: 'C:\Python\data_moa_gov_tw\raw_data\糧價查詢\糧價查詢.json'
2026-01-08 22:38:26,879 - SUCCESS - 已下載 '糧價查詢' 的原始 JSON 資料路徑: 'C:\Python\data_moa_gov_tw\raw_data\糧價查詢\糧價查詢.json'
2026-01-08 22:38:26,884 - SUCCESS - 插入或更新 '糧價查詢' 的 Metadata 成功。
2026-01-08 22:38:26,884 - SUCCESS - 插入或更新 '糧價查詢' 的 Metadata 成功。
2026-01-08 22:38:26,903 - SUCCESS - 已成功批量插入 '糧價查詢' 的總計 20 條記錄到表格 '1040004' 。
2026-01-08 22:38:26,903 - SUCCESS - 已成功批量插入 '糧價查詢' 的總計 20 條記錄到表格 '1040004' 。
2026-01-08 22:38:26,908 - SUCCESS - '糧價查詢' 的自動更新完成。
2026-01-08 22:38:26,908 - SUCCESS - '糧價查詢' 的自動更新完成。
2026-01-08 22:38:29,308 - SUCCESS - 成功提取 '臺灣地區果品生產概況' 的網頁 Metadata。
2026-01-08 22:38:29,308 - SUCCESS - 成功提取 '臺灣地區果品生產概況' 的網頁 Metadata。
2026-01-08 22:38:31,804 - SUCCESS - 成功提取 '臺灣地區特用作物生產概況' 的網頁 Metadata。
2026-01-08 22:38:31,804 - SUCCESS - 成功提取 '臺灣地區特用作物生產概況' 的網頁 Metadata。
2026-01-08 22:38:33,474 - SUCCESS - 成功提取 '臺灣地區稻作種植、收穫面積及產量' 的網頁 Metadata。
2026-01-08 22:38:33,474 - SUCCESS - 成功提取 '臺灣地區稻作種植、收穫面積及產量' 的網頁 Metadata。
2026-01-08 22:38:34,882 - SUCCESS - 成功提取 '臺灣地區稻米生產價值' 的網頁 Metadata。
2026-01-08 22:38:34,882 - SUCCESS - 成功提取 '臺灣地區稻米生產價值' 的網頁 Metadata。
2026-01-08 22:38:37,067 - SUCCESS - 成功提取 '臺灣地區蔬菜生產概況' 的網頁 Metadata。
2026-01-08 22:38:37,067 - SUCCESS - 成功提取 '臺灣地區蔬菜生產概況' 的網頁 Metadata。
2026-01-08 22:38:38,669 - SUCCESS - 成功提取 '臺灣地區農產品生產量值' 的網頁 Metadata。
2026-01-08 22:38:38,669 - SUCCESS - 成功提取 '臺灣地區農產品生產量值' 的網頁 Metadata。
2026-01-08 22:38:40,320 - SUCCESS - 成功提取 '農情調查' 的網頁 Metadata。
2026-01-08 22:38:40,320 - SUCCESS - 成功提取 '農情調查' 的網頁 Metadata。
2026-01-08 22:38:40,359 - SUCCESS - '農情調查' 的 Metadata 已更新到 metadata.json。
2026-01-08 22:38:40,359 - SUCCESS - '農情調查' 的 Metadata 已更新到 metadata.json。
2026-01-08 22:38:45,854 - SUCCESS - <農情調查>的資料已下載完成，共 9999 筆資料。
2026-01-08 22:38:45,854 - SUCCESS - <農情調查>的資料已下載完成，共 9999 筆資料。
2026-01-08 22:38:46,846 - SUCCESS - 已下載、去重並合併資料完成現有資料 45259 條，新資料 0 條。
2026-01-08 22:38:46,846 - SUCCESS - 已下載、去重並合併資料完成現有資料 45259 條，新資料 0 條。
2026-01-08 22:38:47,091 - SUCCESS - 插入或更新 '農情調查' 的 Metadata 成功。
2026-01-08 22:38:47,091 - SUCCESS - 插入或更新 '農情調查' 的 Metadata 成功。
2026-01-08 22:38:47,106 - SUCCESS - '農情調查' 的自動更新完成。
2026-01-08 22:38:47,106 - SUCCESS - '農情調查' 的自動更新完成。
2026-01-08 22:38:48,722 - SUCCESS - 成功提取 '農產品交易行情' 的網頁 Metadata。
2026-01-08 22:38:48,722 - SUCCESS - 成功提取 '農產品交易行情' 的網頁 Metadata。
2026-01-08 22:38:48,761 - SUCCESS - '農產品交易行情' 的 Metadata 已更新到 metadata.json。
2026-01-08 22:38:48,761 - SUCCESS - '農產品交易行情' 的 Metadata 已更新到 metadata.json。
2026-01-08 22:39:36,222 - SUCCESS - <農產品交易行情>的資料已下載完成，共 10112 筆資料。
2026-01-08 22:39:36,222 - SUCCESS - <農產品交易行情>的資料已下載完成，共 10112 筆資料。
2026-01-08 22:40:03,057 - SUCCESS - 已下載、去重並合併資料完成現有資料 593930 條，新資料 1736 條。
2026-01-08 22:40:03,057 - SUCCESS - 已下載、去重並合併資料完成現有資料 593930 條，新資料 1736 條。
2026-01-08 22:40:05,859 - SUCCESS - 已下載 '農產品交易行情' 的原始 JSON 資料路徑: 'C:\Python\data_moa_gov_tw\raw_data\農產品交易行情\農產品交易行情.json'
2026-01-08 22:40:05,859 - SUCCESS - 已下載 '農產品交易行情' 的原始 JSON 資料路徑: 'C:\Python\data_moa_gov_tw\raw_data\農產品交易行情\農產品交易行情.json'
2026-01-08 22:40:05,864 - SUCCESS - 插入或更新 '農產品交易行情' 的 Metadata 成功。
2026-01-08 22:40:05,864 - SUCCESS - 插入或更新 '農產品交易行情' 的 Metadata 成功。
2026-01-08 22:40:06,526 - SUCCESS - 已成功批量插入 '農產品交易行情' 的總計 1736 條記錄到表格 '1040012' 。
2026-01-08 22:40:06,526 - SUCCESS - 已成功批量插入 '農產品交易行情' 的總計 1736 條記錄到表格 '1040012' 。
2026-01-08 22:40:06,758 - SUCCESS - '農產品交易行情' 的自動更新完成。
2026-01-08 22:40:06,758 - SUCCESS - '農產品交易行情' 的自動更新完成。
2026-01-08 22:40:09,178 - SUCCESS - 成功提取 '農產品產地價格(月平均價格)' 的網頁 Metadata。
2026-01-08 22:40:09,178 - SUCCESS - 成功提取 '農產品產地價格(月平均價格)' 的網頁 Metadata。
2026-01-08 22:40:10,660 - SUCCESS - 成功提取 '農產品產地價格資料' 的網頁 Metadata。
2026-01-08 22:40:10,660 - SUCCESS - 成功提取 '農產品產地價格資料' 的網頁 Metadata。
2026-01-08 22:40:12,046 - SUCCESS - 成功提取 '雜糧生產概況' 的網頁 Metadata。
2026-01-08 22:40:12,046 - SUCCESS - 成功提取 '雜糧生產概況' 的網頁 Metadata。
2026-01-08 22:40:13,061 - SUCCESS - 已成功儲存次要資訊。
2026-01-08 22:40:13,061 - SUCCESS - 已成功儲存次要資訊。
2026-01-08 22:40:13,061 - SUCCESS - 更新結果儲存成功:{'全國單日平均糧價': '已更新', '各觀測站近兩年降雨量': '未更新', '產銷履歷與有機蔬果行情': '已更新', '糧價查詢': '已更新', '臺灣地區果品生產概況': '未更新', '臺灣地區特用作物生產概況': '未更新', '臺灣地區稻作種植、收穫面積及產量': '未更新', '臺灣地區稻米生產價值': '未更新', '臺灣地區蔬菜生產概況': '未更新', '臺灣地區農產品生產量值': '未更新', '農情調查': '已更新', '農產品交易行情': '已更新', '農產品產地價格(月平均價格)': '未更新', '農產品產地價格資料': '未更新', '雜糧生產概況': '未更新'}
2026-01-08 22:40:13,061 - SUCCESS - 更新結果儲存成功:{'全國單日平均糧價': '已更新', '各觀測站近兩年降雨量': '未更新', '產銷履歷與有機蔬果行情': '已更新', '糧價查詢': '已更新', '臺灣地區果品生產概況': '未更新', '臺灣地區特用作物生產概況': '未更新', '臺灣地區稻作種植、收穫面積及產量': '未更新', '臺灣地區稻米生產價值': '未更新', '臺灣地區蔬菜生產概況': '未更新', '臺灣地區農產品生產量值': '未更新', '農情調查': '已更新', '農產品交易行情': '已更新', '農產品產地價格(月平均價格)': '未更新', '農產品產地價格資料': '未更新', '雜糧生產概況': '未更新'}
