2026-01-30 00:02:55,886 - SUCCESS - 成功提取 '全國單日平均糧價' 的網頁 Metadata。
2026-01-30 00:02:55,886 - SUCCESS - 成功提取 '全國單日平均糧價' 的網頁 Metadata。
2026-01-30 00:02:55,924 - SUCCESS - '全國單日平均糧價' 的 Metadata 已更新到 metadata.json。
2026-01-30 00:02:55,924 - SUCCESS - '全國單日平均糧價' 的 Metadata 已更新到 metadata.json。
2026-01-30 00:02:57,383 - SUCCESS - <全國單日平均糧價>的資料已下載完成，共 9180 筆資料。
2026-01-30 00:02:57,383 - SUCCESS - <全國單日平均糧價>的資料已下載完成，共 9180 筆資料。
2026-01-30 00:02:57,717 - SUCCESS - 已下載、去重並合併資料完成現有資料 60 條，新資料 1 條。
2026-01-30 00:02:57,717 - SUCCESS - 已下載、去重並合併資料完成現有資料 60 條，新資料 1 條。
2026-01-30 00:02:57,944 - SUCCESS - 已下載 '全國單日平均糧價' 的原始 JSON 資料路徑: 'C:\Python\data_moa_gov_tw\raw_data\全國單日平均糧價\全國單日平均糧價.json'
2026-01-30 00:02:57,944 - SUCCESS - 已下載 '全國單日平均糧價' 的原始 JSON 資料路徑: 'C:\Python\data_moa_gov_tw\raw_data\全國單日平均糧價\全國單日平均糧價.json'
2026-01-30 00:02:57,973 - SUCCESS - 插入或更新 '全國單日平均糧價' 的 Metadata 成功。
2026-01-30 00:02:57,973 - SUCCESS - 插入或更新 '全國單日平均糧價' 的 Metadata 成功。
2026-01-30 00:02:57,984 - SUCCESS - 已成功批量插入 '全國單日平均糧價' 的總計 1 條記錄到表格 '1040001' 。
2026-01-30 00:02:57,984 - SUCCESS - 已成功批量插入 '全國單日平均糧價' 的總計 1 條記錄到表格 '1040001' 。
2026-01-30 00:02:57,984 - SUCCESS - '全國單日平均糧價' 的自動更新完成。
2026-01-30 00:02:57,984 - SUCCESS - '全國單日平均糧價' 的自動更新完成。
2026-01-30 00:03:00,411 - SUCCESS - 成功提取 '各觀測站近兩年降雨量' 的網頁 Metadata。
2026-01-30 00:03:00,411 - SUCCESS - 成功提取 '各觀測站近兩年降雨量' 的網頁 Metadata。
2026-01-30 00:03:03,446 - SUCCESS - 成功提取 '產銷履歷與有機蔬果行情' 的網頁 Metadata。
2026-01-30 00:03:03,446 - SUCCESS - 成功提取 '產銷履歷與有機蔬果行情' 的網頁 Metadata。
2026-01-30 00:03:03,510 - SUCCESS - '產銷履歷與有機蔬果行情' 的 Metadata 已更新到 metadata.json。
2026-01-30 00:03:03,510 - SUCCESS - '產銷履歷與有機蔬果行情' 的 Metadata 已更新到 metadata.json。
2026-01-30 00:03:15,428 - SUCCESS - <產銷履歷與有機蔬果行情>的資料已下載完成，共 4607 筆資料。
2026-01-30 00:03:15,428 - SUCCESS - <產銷履歷與有機蔬果行情>的資料已下載完成，共 4607 筆資料。
2026-01-30 00:03:25,943 - SUCCESS - 已下載、去重並合併資料完成現有資料 113099 條，新資料 2283 條。
2026-01-30 00:03:25,943 - SUCCESS - 已下載、去重並合併資料完成現有資料 113099 條，新資料 2283 條。
2026-01-30 00:03:29,177 - SUCCESS - 已下載 '產銷履歷與有機蔬果行情' 的原始 JSON 資料路徑: 'C:\Python\data_moa_gov_tw\raw_data\產銷履歷與有機蔬果行情\產銷履歷與有機蔬果行情.json'
2026-01-30 00:03:29,177 - SUCCESS - 已下載 '產銷履歷與有機蔬果行情' 的原始 JSON 資料路徑: 'C:\Python\data_moa_gov_tw\raw_data\產銷履歷與有機蔬果行情\產銷履歷與有機蔬果行情.json'
2026-01-30 00:03:29,184 - SUCCESS - 插入或更新 '產銷履歷與有機蔬果行情' 的 Metadata 成功。
2026-01-30 00:03:29,184 - SUCCESS - 插入或更新 '產銷履歷與有機蔬果行情' 的 Metadata 成功。
2026-01-30 00:03:30,208 - SUCCESS - 已成功批量插入 '產銷履歷與有機蔬果行情' 的總計 2283 條記錄到表格 '1040003' 。
2026-01-30 00:03:30,208 - SUCCESS - 已成功批量插入 '產銷履歷與有機蔬果行情' 的總計 2283 條記錄到表格 '1040003' 。
2026-01-30 00:03:30,245 - SUCCESS - '產銷履歷與有機蔬果行情' 的自動更新完成。
2026-01-30 00:03:30,245 - SUCCESS - '產銷履歷與有機蔬果行情' 的自動更新完成。
2026-01-30 00:03:31,945 - SUCCESS - 成功提取 '糧價查詢' 的網頁 Metadata。
2026-01-30 00:03:31,945 - SUCCESS - 成功提取 '糧價查詢' 的網頁 Metadata。
2026-01-30 00:03:32,064 - SUCCESS - '糧價查詢' 的 Metadata 已更新到 metadata.json。
2026-01-30 00:03:32,064 - SUCCESS - '糧價查詢' 的 Metadata 已更新到 metadata.json。
2026-01-30 00:03:34,887 - SUCCESS - <糧價查詢>的資料已下載完成，共 9999 筆資料。
2026-01-30 00:03:34,887 - SUCCESS - <糧價查詢>的資料已下載完成，共 9999 筆資料。
2026-01-30 00:03:35,106 - SUCCESS - 已下載、去重並合併資料完成現有資料 1558 條，新資料 20 條。
2026-01-30 00:03:35,106 - SUCCESS - 已下載、去重並合併資料完成現有資料 1558 條，新資料 20 條。
2026-01-30 00:03:36,434 - SUCCESS - 已下載 '糧價查詢' 的原始 JSON 資料路徑: 'C:\Python\data_moa_gov_tw\raw_data\糧價查詢\糧價查詢.json'
2026-01-30 00:03:36,434 - SUCCESS - 已下載 '糧價查詢' 的原始 JSON 資料路徑: 'C:\Python\data_moa_gov_tw\raw_data\糧價查詢\糧價查詢.json'
2026-01-30 00:03:36,448 - SUCCESS - 插入或更新 '糧價查詢' 的 Metadata 成功。
2026-01-30 00:03:36,448 - SUCCESS - 插入或更新 '糧價查詢' 的 Metadata 成功。
2026-01-30 00:03:36,469 - SUCCESS - 已成功批量插入 '糧價查詢' 的總計 20 條記錄到表格 '1040004' 。
2026-01-30 00:03:36,469 - SUCCESS - 已成功批量插入 '糧價查詢' 的總計 20 條記錄到表格 '1040004' 。
2026-01-30 00:03:36,472 - SUCCESS - '糧價查詢' 的自動更新完成。
2026-01-30 00:03:36,472 - SUCCESS - '糧價查詢' 的自動更新完成。
2026-01-30 00:03:39,471 - SUCCESS - 成功提取 '臺灣地區果品生產概況' 的網頁 Metadata。
2026-01-30 00:03:39,471 - SUCCESS - 成功提取 '臺灣地區果品生產概況' 的網頁 Metadata。
2026-01-30 00:03:41,773 - SUCCESS - 成功提取 '臺灣地區特用作物生產概況' 的網頁 Metadata。
2026-01-30 00:03:41,773 - SUCCESS - 成功提取 '臺灣地區特用作物生產概況' 的網頁 Metadata。
2026-01-30 00:03:43,447 - SUCCESS - 成功提取 '臺灣地區稻作種植、收穫面積及產量' 的網頁 Metadata。
2026-01-30 00:03:43,447 - SUCCESS - 成功提取 '臺灣地區稻作種植、收穫面積及產量' 的網頁 Metadata。
2026-01-30 00:03:44,989 - SUCCESS - 成功提取 '臺灣地區稻米生產價值' 的網頁 Metadata。
2026-01-30 00:03:44,989 - SUCCESS - 成功提取 '臺灣地區稻米生產價值' 的網頁 Metadata。
2026-01-30 00:03:47,340 - SUCCESS - 成功提取 '臺灣地區蔬菜生產概況' 的網頁 Metadata。
2026-01-30 00:03:47,340 - SUCCESS - 成功提取 '臺灣地區蔬菜生產概況' 的網頁 Metadata。
2026-01-30 00:03:48,707 - SUCCESS - 成功提取 '臺灣地區農產品生產量值' 的網頁 Metadata。
2026-01-30 00:03:48,707 - SUCCESS - 成功提取 '臺灣地區農產品生產量值' 的網頁 Metadata。
2026-01-30 00:03:50,200 - SUCCESS - 成功提取 '農情調查' 的網頁 Metadata。
2026-01-30 00:03:50,200 - SUCCESS - 成功提取 '農情調查' 的網頁 Metadata。
2026-01-30 00:03:50,263 - SUCCESS - '農情調查' 的 Metadata 已更新到 metadata.json。
2026-01-30 00:03:50,263 - SUCCESS - '農情調查' 的 Metadata 已更新到 metadata.json。
2026-01-30 00:03:55,167 - SUCCESS - <農情調查>的資料已下載完成，共 9999 筆資料。
2026-01-30 00:03:55,167 - SUCCESS - <農情調查>的資料已下載完成，共 9999 筆資料。
2026-01-30 00:03:55,194 - SUCCESS - 已下載、去重並合併資料完成現有資料 0 條，新資料 0 條。
2026-01-30 00:03:55,194 - SUCCESS - 已下載、去重並合併資料完成現有資料 0 條，新資料 0 條。
2026-01-30 00:03:56,790 - SUCCESS - 成功提取 '農產品交易行情' 的網頁 Metadata。
2026-01-30 00:03:56,790 - SUCCESS - 成功提取 '農產品交易行情' 的網頁 Metadata。
2026-01-30 00:03:56,852 - SUCCESS - '農產品交易行情' 的 Metadata 已更新到 metadata.json。
2026-01-30 00:03:56,852 - SUCCESS - '農產品交易行情' 的 Metadata 已更新到 metadata.json。
2026-01-30 00:04:17,369 - SUCCESS - <農產品交易行情>的資料已下載完成，共 11368 筆資料。
2026-01-30 00:04:17,369 - SUCCESS - <農產品交易行情>的資料已下載完成，共 11368 筆資料。
2026-01-30 00:04:45,244 - SUCCESS - 已下載、去重並合併資料完成現有資料 176493 條，新資料 3756 條。
2026-01-30 00:04:45,244 - SUCCESS - 已下載、去重並合併資料完成現有資料 176493 條，新資料 3756 條。
2026-01-30 00:04:59,252 - SUCCESS - 已下載 '農產品交易行情' 的原始 JSON 資料路徑: 'C:\Python\data_moa_gov_tw\raw_data\農產品交易行情\農產品交易行情.json'
2026-01-30 00:04:59,252 - SUCCESS - 已下載 '農產品交易行情' 的原始 JSON 資料路徑: 'C:\Python\data_moa_gov_tw\raw_data\農產品交易行情\農產品交易行情.json'
2026-01-30 00:04:59,287 - SUCCESS - 插入或更新 '農產品交易行情' 的 Metadata 成功。
2026-01-30 00:04:59,287 - SUCCESS - 插入或更新 '農產品交易行情' 的 Metadata 成功。
2026-01-30 00:05:01,449 - SUCCESS - 已成功批量插入 '農產品交易行情' 的總計 3753 條記錄到表格 '1040012' 。
2026-01-30 00:05:01,449 - SUCCESS - 已成功批量插入 '農產品交易行情' 的總計 3753 條記錄到表格 '1040012' 。
2026-01-30 00:05:01,555 - SUCCESS - '農產品交易行情' 的自動更新完成。
2026-01-30 00:05:01,555 - SUCCESS - '農產品交易行情' 的自動更新完成。
2026-01-30 00:05:04,532 - SUCCESS - 成功提取 '農產品產地價格(月平均價格)' 的網頁 Metadata。
2026-01-30 00:05:04,532 - SUCCESS - 成功提取 '農產品產地價格(月平均價格)' 的網頁 Metadata。
2026-01-30 00:05:06,144 - SUCCESS - 成功提取 '農產品產地價格資料' 的網頁 Metadata。
2026-01-30 00:05:06,144 - SUCCESS - 成功提取 '農產品產地價格資料' 的網頁 Metadata。
2026-01-30 00:05:06,294 - SUCCESS - '農產品產地價格資料' 的 Metadata 已更新到 metadata.json。
2026-01-30 00:05:06,294 - SUCCESS - '農產品產地價格資料' 的 Metadata 已更新到 metadata.json。
2026-01-30 00:05:07,473 - SUCCESS - <農產品產地價格資料>的資料已下載完成，共 9999 筆資料。
2026-01-30 00:05:07,473 - SUCCESS - <農產品產地價格資料>的資料已下載完成，共 9999 筆資料。
2026-01-30 00:05:07,708 - SUCCESS - 已下載、去重並合併資料完成現有資料 289 條，新資料 11 條。
2026-01-30 00:05:07,708 - SUCCESS - 已下載、去重並合併資料完成現有資料 289 條，新資料 11 條。
2026-01-30 00:05:11,947 - SUCCESS - 已下載 '農產品產地價格資料' 的原始 JSON 資料路徑: 'C:\Python\data_moa_gov_tw\raw_data\農產品產地價格資料\農產品產地價格資料.json'
2026-01-30 00:05:11,947 - SUCCESS - 已下載 '農產品產地價格資料' 的原始 JSON 資料路徑: 'C:\Python\data_moa_gov_tw\raw_data\農產品產地價格資料\農產品產地價格資料.json'
2026-01-30 00:05:11,980 - SUCCESS - 插入或更新 '農產品產地價格資料' 的 Metadata 成功。
2026-01-30 00:05:11,980 - SUCCESS - 插入或更新 '農產品產地價格資料' 的 Metadata 成功。
2026-01-30 00:05:12,037 - SUCCESS - 已成功批量插入 '農產品產地價格資料' 的總計 11 條記錄到表格 '1040014' 。
2026-01-30 00:05:12,037 - SUCCESS - 已成功批量插入 '農產品產地價格資料' 的總計 11 條記錄到表格 '1040014' 。
2026-01-30 00:05:12,038 - SUCCESS - '農產品產地價格資料' 的自動更新完成。
2026-01-30 00:05:12,038 - SUCCESS - '農產品產地價格資料' 的自動更新完成。
2026-01-30 00:05:13,787 - SUCCESS - 成功提取 '雜糧生產概況' 的網頁 Metadata。
2026-01-30 00:05:13,787 - SUCCESS - 成功提取 '雜糧生產概況' 的網頁 Metadata。
2026-01-30 00:05:14,800 - SUCCESS - 已成功儲存次要資訊。
2026-01-30 00:05:14,800 - SUCCESS - 已成功儲存次要資訊。
2026-01-30 00:05:14,802 - SUCCESS - 更新結果儲存成功:{'全國單日平均糧價': '已更新', '各觀測站近兩年降雨量': '未更新', '產銷履歷與有機蔬果行情': '已更新', '糧價查詢': '已更新', '臺灣地區果品生產概況': '未更新', '臺灣地區特用作物生產概況': '未更新', '臺灣地區稻作種植、收穫面積及產量': '未更新', '臺灣地區稻米生產價值': '未更新', '臺灣地區蔬菜生產概況': '未更新', '臺灣地區農產品生產量值': '未更新', '農情調查': '未更新', '農產品交易行情': '已更新', '農產品產地價格(月平均價格)': '未更新', '農產品產地價格資料': '已更新', '雜糧生產概況': '未更新'}
2026-01-30 00:05:14,802 - SUCCESS - 更新結果儲存成功:{'全國單日平均糧價': '已更新', '各觀測站近兩年降雨量': '未更新', '產銷履歷與有機蔬果行情': '已更新', '糧價查詢': '已更新', '臺灣地區果品生產概況': '未更新', '臺灣地區特用作物生產概況': '未更新', '臺灣地區稻作種植、收穫面積及產量': '未更新', '臺灣地區稻米生產價值': '未更新', '臺灣地區蔬菜生產概況': '未更新', '臺灣地區農產品生產量值': '未更新', '農情調查': '未更新', '農產品交易行情': '已更新', '農產品產地價格(月平均價格)': '未更新', '農產品產地價格資料': '已更新', '雜糧生產概況': '未更新'}
