2026-01-04 00:35:52,448 - SUCCESS - 成功提取 '全國單日平均糧價' 的網頁 Metadata。
2026-01-04 00:35:52,448 - SUCCESS - 成功提取 '全國單日平均糧價' 的網頁 Metadata。
2026-01-04 00:35:52,525 - SUCCESS - '全國單日平均糧價' 的 Metadata 已更新到 metadata.json。
2026-01-04 00:35:52,525 - SUCCESS - '全國單日平均糧價' 的 Metadata 已更新到 metadata.json。
2026-01-04 00:36:08,881 - SUCCESS - <全國單日平均糧價>的資料已下載完成，共 9153 筆資料。
2026-01-04 00:36:08,881 - SUCCESS - <全國單日平均糧價>的資料已下載完成，共 9153 筆資料。
2026-01-04 00:36:09,391 - SUCCESS - 已下載、去重並合併資料完成現有資料 9153 條，新資料 0 條。
2026-01-04 00:36:09,391 - SUCCESS - 已下載、去重並合併資料完成現有資料 9153 條，新資料 0 條。
2026-01-04 00:36:09,460 - SUCCESS - 插入或更新 '全國單日平均糧價' 的 Metadata 成功。
2026-01-04 00:36:09,460 - SUCCESS - 插入或更新 '全國單日平均糧價' 的 Metadata 成功。
2026-01-04 00:36:09,466 - SUCCESS - '全國單日平均糧價' 的自動更新完成。
2026-01-04 00:36:09,466 - SUCCESS - '全國單日平均糧價' 的自動更新完成。
2026-01-04 00:36:11,479 - SUCCESS - 成功提取 '各觀測站近兩年降雨量' 的網頁 Metadata。
2026-01-04 00:36:11,479 - SUCCESS - 成功提取 '各觀測站近兩年降雨量' 的網頁 Metadata。
2026-01-04 00:36:14,031 - SUCCESS - 成功提取 '產銷履歷與有機蔬果行情' 的網頁 Metadata。
2026-01-04 00:36:14,031 - SUCCESS - 成功提取 '產銷履歷與有機蔬果行情' 的網頁 Metadata。
2026-01-04 00:36:14,083 - SUCCESS - '產銷履歷與有機蔬果行情' 的 Metadata 已更新到 metadata.json。
2026-01-04 00:36:14,083 - SUCCESS - '產銷履歷與有機蔬果行情' 的 Metadata 已更新到 metadata.json。
2026-01-04 00:36:20,652 - SUCCESS - <產銷履歷與有機蔬果行情>的資料已下載完成，共 4672 筆資料。
2026-01-04 00:36:20,652 - SUCCESS - <產銷履歷與有機蔬果行情>的資料已下載完成，共 4672 筆資料。
2026-01-04 00:36:42,944 - SUCCESS - 已下載、去重並合併資料完成現有資料 315355 條，新資料 2355 條。
2026-01-04 00:36:42,944 - SUCCESS - 已下載、去重並合併資料完成現有資料 315355 條，新資料 2355 條。
2026-01-04 00:36:44,725 - SUCCESS - 已下載 '產銷履歷與有機蔬果行情' 的原始 JSON 資料路徑: 'C:\Python\data_moa_gov_tw\raw_data\產銷履歷與有機蔬果行情\產銷履歷與有機蔬果行情.json'
2026-01-04 00:36:44,725 - SUCCESS - 已下載 '產銷履歷與有機蔬果行情' 的原始 JSON 資料路徑: 'C:\Python\data_moa_gov_tw\raw_data\產銷履歷與有機蔬果行情\產銷履歷與有機蔬果行情.json'
2026-01-04 00:36:44,733 - SUCCESS - 插入或更新 '產銷履歷與有機蔬果行情' 的 Metadata 成功。
2026-01-04 00:36:44,733 - SUCCESS - 插入或更新 '產銷履歷與有機蔬果行情' 的 Metadata 成功。
2026-01-04 00:36:45,738 - SUCCESS - 已成功批量插入 '產銷履歷與有機蔬果行情' 的總計 2355 條記錄到表格 '1040003' 。
2026-01-04 00:36:45,738 - SUCCESS - 已成功批量插入 '產銷履歷與有機蔬果行情' 的總計 2355 條記錄到表格 '1040003' 。
2026-01-04 00:36:45,828 - SUCCESS - '產銷履歷與有機蔬果行情' 的自動更新完成。
2026-01-04 00:36:45,828 - SUCCESS - '產銷履歷與有機蔬果行情' 的自動更新完成。
2026-01-04 00:36:49,893 - SUCCESS - 成功提取 '糧價查詢' 的網頁 Metadata。
2026-01-04 00:36:49,893 - SUCCESS - 成功提取 '糧價查詢' 的網頁 Metadata。
2026-01-04 00:36:49,926 - SUCCESS - '糧價查詢' 的 Metadata 已更新到 metadata.json。
2026-01-04 00:36:49,926 - SUCCESS - '糧價查詢' 的 Metadata 已更新到 metadata.json。
2026-01-04 00:36:55,758 - SUCCESS - <糧價查詢>的資料已下載完成，共 9999 筆資料。
2026-01-04 00:36:55,758 - SUCCESS - <糧價查詢>的資料已下載完成，共 9999 筆資料。
2026-01-04 00:36:56,556 - SUCCESS - 已下載、去重並合併資料完成現有資料 10735 條，新資料 20 條。
2026-01-04 00:36:56,556 - SUCCESS - 已下載、去重並合併資料完成現有資料 10735 條，新資料 20 條。
2026-01-04 00:36:57,319 - SUCCESS - 已下載 '糧價查詢' 的原始 JSON 資料路徑: 'C:\Python\data_moa_gov_tw\raw_data\糧價查詢\糧價查詢.json'
2026-01-04 00:36:57,319 - SUCCESS - 已下載 '糧價查詢' 的原始 JSON 資料路徑: 'C:\Python\data_moa_gov_tw\raw_data\糧價查詢\糧價查詢.json'
2026-01-04 00:36:57,324 - SUCCESS - 插入或更新 '糧價查詢' 的 Metadata 成功。
2026-01-04 00:36:57,324 - SUCCESS - 插入或更新 '糧價查詢' 的 Metadata 成功。
2026-01-04 00:36:57,344 - SUCCESS - 已成功批量插入 '糧價查詢' 的總計 20 條記錄到表格 '1040004' 。
2026-01-04 00:36:57,344 - SUCCESS - 已成功批量插入 '糧價查詢' 的總計 20 條記錄到表格 '1040004' 。
2026-01-04 00:36:57,350 - SUCCESS - '糧價查詢' 的自動更新完成。
2026-01-04 00:36:57,350 - SUCCESS - '糧價查詢' 的自動更新完成。
2026-01-04 00:37:01,917 - SUCCESS - 成功提取 '臺灣地區果品生產概況' 的網頁 Metadata。
2026-01-04 00:37:01,917 - SUCCESS - 成功提取 '臺灣地區果品生產概況' 的網頁 Metadata。
2026-01-04 00:37:04,574 - SUCCESS - 成功提取 '臺灣地區特用作物生產概況' 的網頁 Metadata。
2026-01-04 00:37:04,574 - SUCCESS - 成功提取 '臺灣地區特用作物生產概況' 的網頁 Metadata。
2026-01-04 00:37:06,412 - SUCCESS - 成功提取 '臺灣地區稻作種植、收穫面積及產量' 的網頁 Metadata。
2026-01-04 00:37:06,412 - SUCCESS - 成功提取 '臺灣地區稻作種植、收穫面積及產量' 的網頁 Metadata。
2026-01-04 00:37:08,903 - SUCCESS - 成功提取 '臺灣地區稻米生產價值' 的網頁 Metadata。
2026-01-04 00:37:08,903 - SUCCESS - 成功提取 '臺灣地區稻米生產價值' 的網頁 Metadata。
2026-01-04 00:37:11,664 - SUCCESS - 成功提取 '臺灣地區蔬菜生產概況' 的網頁 Metadata。
2026-01-04 00:37:11,664 - SUCCESS - 成功提取 '臺灣地區蔬菜生產概況' 的網頁 Metadata。
2026-01-04 00:37:18,062 - SUCCESS - 成功提取 '臺灣地區農產品生產量值' 的網頁 Metadata。
2026-01-04 00:37:18,062 - SUCCESS - 成功提取 '臺灣地區農產品生產量值' 的網頁 Metadata。
2026-01-04 00:37:20,178 - SUCCESS - 成功提取 '農情調查' 的網頁 Metadata。
2026-01-04 00:37:20,178 - SUCCESS - 成功提取 '農情調查' 的網頁 Metadata。
2026-01-04 00:37:20,222 - SUCCESS - '農情調查' 的 Metadata 已更新到 metadata.json。
2026-01-04 00:37:20,222 - SUCCESS - '農情調查' 的 Metadata 已更新到 metadata.json。
2026-01-04 00:37:24,158 - SUCCESS - <農情調查>的資料已下載完成，共 9999 筆資料。
2026-01-04 00:37:24,158 - SUCCESS - <農情調查>的資料已下載完成，共 9999 筆資料。
2026-01-04 00:37:25,208 - SUCCESS - 已下載、去重並合併資料完成現有資料 45259 條，新資料 0 條。
2026-01-04 00:37:25,208 - SUCCESS - 已下載、去重並合併資料完成現有資料 45259 條，新資料 0 條。
2026-01-04 00:37:25,506 - SUCCESS - 插入或更新 '農情調查' 的 Metadata 成功。
2026-01-04 00:37:25,506 - SUCCESS - 插入或更新 '農情調查' 的 Metadata 成功。
2026-01-04 00:37:25,520 - SUCCESS - '農情調查' 的自動更新完成。
2026-01-04 00:37:25,520 - SUCCESS - '農情調查' 的自動更新完成。
2026-01-04 00:37:27,406 - SUCCESS - 成功提取 '農產品交易行情' 的網頁 Metadata。
2026-01-04 00:37:27,406 - SUCCESS - 成功提取 '農產品交易行情' 的網頁 Metadata。
2026-01-04 00:37:27,445 - SUCCESS - '農產品交易行情' 的 Metadata 已更新到 metadata.json。
2026-01-04 00:37:27,445 - SUCCESS - '農產品交易行情' 的 Metadata 已更新到 metadata.json。
2026-01-04 00:37:38,268 - SUCCESS - <農產品交易行情>的資料已下載完成，共 9443 筆資料。
2026-01-04 00:37:38,268 - SUCCESS - <農產品交易行情>的資料已下載完成，共 9443 筆資料。
2026-01-04 00:38:07,918 - SUCCESS - 已下載、去重並合併資料完成現有資料 581588 條，新資料 2760 條。
2026-01-04 00:38:07,918 - SUCCESS - 已下載、去重並合併資料完成現有資料 581588 條，新資料 2760 條。
2026-01-04 00:38:10,744 - SUCCESS - 已下載 '農產品交易行情' 的原始 JSON 資料路徑: 'C:\Python\data_moa_gov_tw\raw_data\農產品交易行情\農產品交易行情.json'
2026-01-04 00:38:10,744 - SUCCESS - 已下載 '農產品交易行情' 的原始 JSON 資料路徑: 'C:\Python\data_moa_gov_tw\raw_data\農產品交易行情\農產品交易行情.json'
2026-01-04 00:38:10,748 - SUCCESS - 插入或更新 '農產品交易行情' 的 Metadata 成功。
2026-01-04 00:38:10,748 - SUCCESS - 插入或更新 '農產品交易行情' 的 Metadata 成功。
2026-01-04 00:38:11,942 - SUCCESS - 已成功批量插入 '農產品交易行情' 的總計 2758 條記錄到表格 '1040012' 。
2026-01-04 00:38:11,942 - SUCCESS - 已成功批量插入 '農產品交易行情' 的總計 2758 條記錄到表格 '1040012' 。
2026-01-04 00:38:12,255 - SUCCESS - '農產品交易行情' 的自動更新完成。
2026-01-04 00:38:12,255 - SUCCESS - '農產品交易行情' 的自動更新完成。
2026-01-04 00:38:14,992 - SUCCESS - 成功提取 '農產品產地價格(月平均價格)' 的網頁 Metadata。
2026-01-04 00:38:14,992 - SUCCESS - 成功提取 '農產品產地價格(月平均價格)' 的網頁 Metadata。
2026-01-04 00:38:16,465 - SUCCESS - 成功提取 '農產品產地價格資料' 的網頁 Metadata。
2026-01-04 00:38:16,465 - SUCCESS - 成功提取 '農產品產地價格資料' 的網頁 Metadata。
2026-01-04 00:38:16,511 - SUCCESS - '農產品產地價格資料' 的 Metadata 已更新到 metadata.json。
2026-01-04 00:38:16,511 - SUCCESS - '農產品產地價格資料' 的 Metadata 已更新到 metadata.json。
2026-01-04 00:38:17,589 - SUCCESS - <農產品產地價格資料>的資料已下載完成，共 9999 筆資料。
2026-01-04 00:38:17,589 - SUCCESS - <農產品產地價格資料>的資料已下載完成，共 9999 筆資料。
2026-01-04 00:39:04,712 - SUCCESS - 已下載、去重並合併資料完成現有資料 348199 條，新資料 24 條。
2026-01-04 00:39:04,712 - SUCCESS - 已下載、去重並合併資料完成現有資料 348199 條，新資料 24 條。
2026-01-04 00:39:06,786 - SUCCESS - 已下載 '農產品產地價格資料' 的原始 JSON 資料路徑: 'C:\Python\data_moa_gov_tw\raw_data\農產品產地價格資料\農產品產地價格資料.json'
2026-01-04 00:39:06,786 - SUCCESS - 已下載 '農產品產地價格資料' 的原始 JSON 資料路徑: 'C:\Python\data_moa_gov_tw\raw_data\農產品產地價格資料\農產品產地價格資料.json'
2026-01-04 00:39:06,792 - SUCCESS - 插入或更新 '農產品產地價格資料' 的 Metadata 成功。
2026-01-04 00:39:06,792 - SUCCESS - 插入或更新 '農產品產地價格資料' 的 Metadata 成功。
2026-01-04 00:39:06,811 - SUCCESS - 已成功批量插入 '農產品產地價格資料' 的總計 24 條記錄到表格 '1040014' 。
2026-01-04 00:39:06,811 - SUCCESS - 已成功批量插入 '農產品產地價格資料' 的總計 24 條記錄到表格 '1040014' 。
2026-01-04 00:39:06,894 - SUCCESS - '農產品產地價格資料' 的自動更新完成。
2026-01-04 00:39:06,894 - SUCCESS - '農產品產地價格資料' 的自動更新完成。
2026-01-04 00:39:09,633 - SUCCESS - 成功提取 '雜糧生產概況' 的網頁 Metadata。
2026-01-04 00:39:09,633 - SUCCESS - 成功提取 '雜糧生產概況' 的網頁 Metadata。
2026-01-04 00:39:10,651 - SUCCESS - 已成功儲存次要資訊。
2026-01-04 00:39:10,651 - SUCCESS - 已成功儲存次要資訊。
2026-01-04 00:39:10,651 - SUCCESS - 更新結果儲存成功:{'全國單日平均糧價': '已更新', '各觀測站近兩年降雨量': '未更新', '產銷履歷與有機蔬果行情': '已更新', '糧價查詢': '已更新', '臺灣地區果品生產概況': '未更新', '臺灣地區特用作物生產概況': '未更新', '臺灣地區稻作種植、收穫面積及產量': '未更新', '臺灣地區稻米生產價值': '未更新', '臺灣地區蔬菜生產概況': '未更新', '臺灣地區農產品生產量值': '未更新', '農情調查': '已更新', '農產品交易行情': '已更新', '農產品產地價格(月平均價格)': '未更新', '農產品產地價格資料': '已更新', '雜糧生產概況': '未更新'}
2026-01-04 00:39:10,651 - SUCCESS - 更新結果儲存成功:{'全國單日平均糧價': '已更新', '各觀測站近兩年降雨量': '未更新', '產銷履歷與有機蔬果行情': '已更新', '糧價查詢': '已更新', '臺灣地區果品生產概況': '未更新', '臺灣地區特用作物生產概況': '未更新', '臺灣地區稻作種植、收穫面積及產量': '未更新', '臺灣地區稻米生產價值': '未更新', '臺灣地區蔬菜生產概況': '未更新', '臺灣地區農產品生產量值': '未更新', '農情調查': '已更新', '農產品交易行情': '已更新', '農產品產地價格(月平均價格)': '未更新', '農產品產地價格資料': '已更新', '雜糧生產概況': '未更新'}
