2026-02-16 00:03:22,793 - SUCCESS - 成功提取 '產銷履歷與有機蔬果行情' 的網頁 Metadata。
2026-02-16 00:03:22,793 - SUCCESS - 成功提取 '產銷履歷與有機蔬果行情' 的網頁 Metadata。
2026-02-16 00:03:22,868 - SUCCESS - '產銷履歷與有機蔬果行情' 的 Metadata 已更新到 metadata.json。
2026-02-16 00:03:22,868 - SUCCESS - '產銷履歷與有機蔬果行情' 的 Metadata 已更新到 metadata.json。
2026-02-16 00:03:33,024 - SUCCESS - <產銷履歷與有機蔬果行情>的資料已下載完成，共 4551 筆資料。
2026-02-16 00:03:33,024 - SUCCESS - <產銷履歷與有機蔬果行情>的資料已下載完成，共 4551 筆資料。
2026-02-16 00:03:33,397 - SUCCESS - 已下載、去重並合併資料完成現有資料 4551 條，新資料 4551 條。
2026-02-16 00:03:33,397 - SUCCESS - 已下載、去重並合併資料完成現有資料 4551 條，新資料 4551 條。
2026-02-16 00:03:37,466 - SUCCESS - 已下載 '產銷履歷與有機蔬果行情' 的原始 JSON 資料路徑: 'C:\Python\data_moa_gov_tw\raw_data\產銷履歷與有機蔬果行情.json'
2026-02-16 00:03:37,466 - SUCCESS - 已下載 '產銷履歷與有機蔬果行情' 的原始 JSON 資料路徑: 'C:\Python\data_moa_gov_tw\raw_data\產銷履歷與有機蔬果行情.json'
2026-02-16 00:03:37,487 - SUCCESS - 插入或更新 '產銷履歷與有機蔬果行情' 的 Metadata 成功。
2026-02-16 00:03:37,487 - SUCCESS - 插入或更新 '產銷履歷與有機蔬果行情' 的 Metadata 成功。
2026-02-16 00:03:39,366 - SUCCESS - 已成功批量插入 '產銷履歷與有機蔬果行情' 的總計 4551 條記錄到表格 '1040003' 。
2026-02-16 00:03:39,366 - SUCCESS - 已成功批量插入 '產銷履歷與有機蔬果行情' 的總計 4551 條記錄到表格 '1040003' 。
2026-02-16 00:03:39,369 - SUCCESS - '產銷履歷與有機蔬果行情' 的自動更新完成。
2026-02-16 00:03:39,369 - SUCCESS - '產銷履歷與有機蔬果行情' 的自動更新完成。
2026-02-16 00:03:40,711 - SUCCESS - 成功提取 '各觀測站近兩年降雨量' 的網頁 Metadata。
2026-02-16 00:03:40,711 - SUCCESS - 成功提取 '各觀測站近兩年降雨量' 的網頁 Metadata。
2026-02-16 00:03:42,622 - SUCCESS - 成功提取 '臺灣地區果品生產概況' 的網頁 Metadata。
2026-02-16 00:03:42,622 - SUCCESS - 成功提取 '臺灣地區果品生產概況' 的網頁 Metadata。
2026-02-16 00:03:44,293 - SUCCESS - 成功提取 '臺灣地區特用作物生產概況' 的網頁 Metadata。
2026-02-16 00:03:44,293 - SUCCESS - 成功提取 '臺灣地區特用作物生產概況' 的網頁 Metadata。
2026-02-16 00:03:46,061 - SUCCESS - 成功提取 '農產品交易行情' 的網頁 Metadata。
2026-02-16 00:03:46,061 - SUCCESS - 成功提取 '農產品交易行情' 的網頁 Metadata。
2026-02-16 00:03:46,102 - SUCCESS - '農產品交易行情' 的 Metadata 已更新到 metadata.json。
2026-02-16 00:03:46,102 - SUCCESS - '農產品交易行情' 的 Metadata 已更新到 metadata.json。
2026-02-16 00:04:11,506 - SUCCESS - <農產品交易行情>的資料已下載完成，共 11152 筆資料。
2026-02-16 00:04:11,506 - SUCCESS - <農產品交易行情>的資料已下載完成，共 11152 筆資料。
2026-02-16 00:04:11,775 - SUCCESS - 已下載、去重並合併資料完成現有資料 11152 條，新資料 11152 條。
2026-02-16 00:04:11,775 - SUCCESS - 已下載、去重並合併資料完成現有資料 11152 條，新資料 11152 條。
2026-02-16 00:04:17,042 - SUCCESS - 已下載 '農產品交易行情' 的原始 JSON 資料路徑: 'C:\Python\data_moa_gov_tw\raw_data\農產品交易行情.json'
2026-02-16 00:04:17,042 - SUCCESS - 已下載 '農產品交易行情' 的原始 JSON 資料路徑: 'C:\Python\data_moa_gov_tw\raw_data\農產品交易行情.json'
2026-02-16 00:04:17,042 - SUCCESS - 插入或更新 '農產品交易行情' 的 Metadata 成功。
2026-02-16 00:04:17,042 - SUCCESS - 插入或更新 '農產品交易行情' 的 Metadata 成功。
2026-02-16 00:04:18,407 - SUCCESS - 已成功批量插入 '農產品交易行情' 的總計 3495 條記錄到表格 '1040012' 。
2026-02-16 00:04:18,407 - SUCCESS - 已成功批量插入 '農產品交易行情' 的總計 3495 條記錄到表格 '1040012' 。
2026-02-16 00:04:18,422 - SUCCESS - '農產品交易行情' 的自動更新完成。
2026-02-16 00:04:18,422 - SUCCESS - '農產品交易行情' 的自動更新完成。
2026-02-16 00:04:20,213 - SUCCESS - 成功提取 '臺灣地區稻作種植、收穫面積及產量' 的網頁 Metadata。
2026-02-16 00:04:20,213 - SUCCESS - 成功提取 '臺灣地區稻作種植、收穫面積及產量' 的網頁 Metadata。
2026-02-16 00:04:21,603 - SUCCESS - 成功提取 '臺灣地區稻米生產價值' 的網頁 Metadata。
2026-02-16 00:04:21,603 - SUCCESS - 成功提取 '臺灣地區稻米生產價值' 的網頁 Metadata。
2026-02-16 00:04:23,203 - SUCCESS - 成功提取 '臺灣地區農產品生產量值' 的網頁 Metadata。
2026-02-16 00:04:23,203 - SUCCESS - 成功提取 '臺灣地區農產品生產量值' 的網頁 Metadata。
2026-02-16 00:04:24,581 - SUCCESS - 成功提取 '農產品產地價格資料' 的網頁 Metadata。
2026-02-16 00:04:24,581 - SUCCESS - 成功提取 '農產品產地價格資料' 的網頁 Metadata。
2026-02-16 00:04:24,641 - SUCCESS - '農產品產地價格資料' 的 Metadata 已更新到 metadata.json。
2026-02-16 00:04:24,641 - SUCCESS - '農產品產地價格資料' 的 Metadata 已更新到 metadata.json。
2026-02-16 00:04:26,344 - SUCCESS - <農產品產地價格資料>的資料已下載完成，共 9999 筆資料。
2026-02-16 00:04:26,344 - SUCCESS - <農產品產地價格資料>的資料已下載完成，共 9999 筆資料。
2026-02-16 00:04:27,478 - SUCCESS - 已下載、去重並合併資料完成現有資料 9999 條，新資料 9999 條。
2026-02-16 00:04:27,478 - SUCCESS - 已下載、去重並合併資料完成現有資料 9999 條，新資料 9999 條。
2026-02-16 00:04:28,872 - SUCCESS - 插入或更新 '農產品產地價格資料' 的 Metadata 成功。
2026-02-16 00:04:28,872 - SUCCESS - 插入或更新 '農產品產地價格資料' 的 Metadata 成功。
2026-02-16 00:04:28,872 - SUCCESS - '農產品產地價格資料' 的自動更新完成。
2026-02-16 00:04:28,872 - SUCCESS - '農產品產地價格資料' 的自動更新完成。
2026-02-16 00:04:30,447 - SUCCESS - 成功提取 '雜糧生產概況' 的網頁 Metadata。
2026-02-16 00:04:30,447 - SUCCESS - 成功提取 '雜糧生產概況' 的網頁 Metadata。
2026-02-16 00:04:31,911 - SUCCESS - 成功提取 '農情調查' 的網頁 Metadata。
2026-02-16 00:04:31,911 - SUCCESS - 成功提取 '農情調查' 的網頁 Metadata。
2026-02-16 00:04:31,957 - SUCCESS - '農情調查' 的 Metadata 已更新到 metadata.json。
2026-02-16 00:04:31,957 - SUCCESS - '農情調查' 的 Metadata 已更新到 metadata.json。
2026-02-16 00:04:35,905 - SUCCESS - <農情調查>的資料已下載完成，共 9999 筆資料。
2026-02-16 00:04:35,905 - SUCCESS - <農情調查>的資料已下載完成，共 9999 筆資料。
2026-02-16 00:04:35,925 - SUCCESS - 已下載、去重並合併資料完成現有資料 0 條，新資料 0 條。
2026-02-16 00:04:35,925 - SUCCESS - 已下載、去重並合併資料完成現有資料 0 條，新資料 0 條。
2026-02-16 00:04:35,928 - SUCCESS - 插入或更新 '農情調查' 的 Metadata 成功。
2026-02-16 00:04:35,928 - SUCCESS - 插入或更新 '農情調查' 的 Metadata 成功。
2026-02-16 00:04:35,929 - SUCCESS - '農情調查' 的自動更新完成。
2026-02-16 00:04:35,929 - SUCCESS - '農情調查' 的自動更新完成。
2026-02-16 00:04:38,340 - SUCCESS - 成功提取 '農產品產地價格(月平均價格)' 的網頁 Metadata。
2026-02-16 00:04:38,340 - SUCCESS - 成功提取 '農產品產地價格(月平均價格)' 的網頁 Metadata。
2026-02-16 00:04:39,972 - SUCCESS - 成功提取 '臺灣地區蔬菜生產概況' 的網頁 Metadata。
2026-02-16 00:04:39,972 - SUCCESS - 成功提取 '臺灣地區蔬菜生產概況' 的網頁 Metadata。
2026-02-16 00:04:41,751 - SUCCESS - 成功提取 '全國單日平均糧價' 的網頁 Metadata。
2026-02-16 00:04:41,751 - SUCCESS - 成功提取 '全國單日平均糧價' 的網頁 Metadata。
2026-02-16 00:04:41,805 - SUCCESS - '全國單日平均糧價' 的 Metadata 已更新到 metadata.json。
2026-02-16 00:04:41,805 - SUCCESS - '全國單日平均糧價' 的 Metadata 已更新到 metadata.json。
2026-02-16 00:04:46,754 - SUCCESS - <全國單日平均糧價>的資料已下載完成，共 9196 筆資料。
2026-02-16 00:04:46,754 - SUCCESS - <全國單日平均糧價>的資料已下載完成，共 9196 筆資料。
2026-02-16 00:04:46,900 - SUCCESS - 已下載、去重並合併資料完成現有資料 410 條，新資料 410 條。
2026-02-16 00:04:46,900 - SUCCESS - 已下載、去重並合併資料完成現有資料 410 條，新資料 410 條。
2026-02-16 00:04:47,036 - SUCCESS - 已下載 '全國單日平均糧價' 的原始 JSON 資料路徑: 'C:\Python\data_moa_gov_tw\raw_data\全國單日平均糧價.json'
2026-02-16 00:04:47,036 - SUCCESS - 已下載 '全國單日平均糧價' 的原始 JSON 資料路徑: 'C:\Python\data_moa_gov_tw\raw_data\全國單日平均糧價.json'
2026-02-16 00:04:47,052 - SUCCESS - 插入或更新 '全國單日平均糧價' 的 Metadata 成功。
2026-02-16 00:04:47,052 - SUCCESS - 插入或更新 '全國單日平均糧價' 的 Metadata 成功。
2026-02-16 00:04:47,062 - SUCCESS - 已成功批量插入 '全國單日平均糧價' 的總計 1 條記錄到表格 '1040001' 。
2026-02-16 00:04:47,062 - SUCCESS - 已成功批量插入 '全國單日平均糧價' 的總計 1 條記錄到表格 '1040001' 。
2026-02-16 00:04:47,062 - SUCCESS - '全國單日平均糧價' 的自動更新完成。
2026-02-16 00:04:47,062 - SUCCESS - '全國單日平均糧價' 的自動更新完成。
2026-02-16 00:04:48,803 - SUCCESS - 成功提取 '糧價查詢' 的網頁 Metadata。
2026-02-16 00:04:48,803 - SUCCESS - 成功提取 '糧價查詢' 的網頁 Metadata。
2026-02-16 00:04:48,855 - SUCCESS - '糧價查詢' 的 Metadata 已更新到 metadata.json。
2026-02-16 00:04:48,855 - SUCCESS - '糧價查詢' 的 Metadata 已更新到 metadata.json。
2026-02-16 00:04:52,969 - SUCCESS - <糧價查詢>的資料已下載完成，共 9999 筆資料。
2026-02-16 00:04:52,969 - SUCCESS - <糧價查詢>的資料已下載完成，共 9999 筆資料。
2026-02-16 00:04:53,186 - SUCCESS - 已下載、去重並合併資料完成現有資料 8220 條，新資料 8220 條。
2026-02-16 00:04:53,186 - SUCCESS - 已下載、去重並合併資料完成現有資料 8220 條，新資料 8220 條。
2026-02-16 00:04:54,059 - SUCCESS - 已下載 '糧價查詢' 的原始 JSON 資料路徑: 'C:\Python\data_moa_gov_tw\raw_data\糧價查詢.json'
2026-02-16 00:04:54,059 - SUCCESS - 已下載 '糧價查詢' 的原始 JSON 資料路徑: 'C:\Python\data_moa_gov_tw\raw_data\糧價查詢.json'
2026-02-16 00:04:54,059 - SUCCESS - 插入或更新 '糧價查詢' 的 Metadata 成功。
2026-02-16 00:04:54,059 - SUCCESS - 插入或更新 '糧價查詢' 的 Metadata 成功。
2026-02-16 00:04:54,106 - SUCCESS - 已成功批量插入 '糧價查詢' 的總計 40 條記錄到表格 '1040004' 。
2026-02-16 00:04:54,106 - SUCCESS - 已成功批量插入 '糧價查詢' 的總計 40 條記錄到表格 '1040004' 。
2026-02-16 00:04:54,106 - SUCCESS - '糧價查詢' 的自動更新完成。
2026-02-16 00:04:54,106 - SUCCESS - '糧價查詢' 的自動更新完成。
2026-02-16 00:04:55,111 - SUCCESS - 已成功儲存次要資訊。
2026-02-16 00:04:55,111 - SUCCESS - 已成功儲存次要資訊。
2026-02-16 00:04:55,111 - SUCCESS - 更新結果儲存成功:{'產銷履歷與有機蔬果行情': '已更新', '各觀測站近兩年降雨量': '未更新', '臺灣地區果品生產概況': '未更新', '臺灣地區特用作物生產概況': '未更新', '農產品交易行情': '已更新', '臺灣地區稻作種植、收穫面積及產量': '未更新', '臺灣地區稻米生產價值': '未更新', '臺灣地區農產品生產量值': '未更新', '農產品產地價格資料': '已更新', '雜糧生產概況': '未更新', '農情調查': '已更新', '農產品產地價格(月平均價格)': '未更新', '臺灣地區蔬菜生產概況': '未更新', '全國單日平均糧價': '已更新', '糧價查詢': '已更新'}
2026-02-16 00:04:55,111 - SUCCESS - 更新結果儲存成功:{'產銷履歷與有機蔬果行情': '已更新', '各觀測站近兩年降雨量': '未更新', '臺灣地區果品生產概況': '未更新', '臺灣地區特用作物生產概況': '未更新', '農產品交易行情': '已更新', '臺灣地區稻作種植、收穫面積及產量': '未更新', '臺灣地區稻米生產價值': '未更新', '臺灣地區農產品生產量值': '未更新', '農產品產地價格資料': '已更新', '雜糧生產概況': '未更新', '農情調查': '已更新', '農產品產地價格(月平均價格)': '未更新', '臺灣地區蔬菜生產概況': '未更新', '全國單日平均糧價': '已更新', '糧價查詢': '已更新'}
2026-02-16 00:04:55,132 - SUCCESS - 已成功儲存次要資訊到資料庫。
2026-02-16 00:04:55,132 - SUCCESS - 已成功儲存次要資訊到資料庫。
