2026-02-03 01:09:15,176 - SUCCESS - 成功提取 '全國單日平均糧價' 的網頁 Metadata。
2026-02-03 01:09:15,176 - SUCCESS - 成功提取 '全國單日平均糧價' 的網頁 Metadata。
2026-02-03 01:09:15,230 - SUCCESS - '全國單日平均糧價' 的 Metadata 已更新到 metadata.json。
2026-02-03 01:09:15,230 - SUCCESS - '全國單日平均糧價' 的 Metadata 已更新到 metadata.json。
2026-02-03 01:09:22,095 - SUCCESS - <全國單日平均糧價>的資料已下載完成，共 9184 筆資料。
2026-02-03 01:09:22,095 - SUCCESS - <全國單日平均糧價>的資料已下載完成，共 9184 筆資料。
2026-02-03 01:09:22,305 - SUCCESS - 已下載、去重並合併資料完成現有資料 64 條，新資料 2 條。
2026-02-03 01:09:22,305 - SUCCESS - 已下載、去重並合併資料完成現有資料 64 條，新資料 2 條。
2026-02-03 01:09:22,465 - SUCCESS - 已下載 '全國單日平均糧價' 的原始 JSON 資料路徑: 'C:\Python\data_moa_gov_tw\raw_data\全國單日平均糧價\全國單日平均糧價.json'
2026-02-03 01:09:22,465 - SUCCESS - 已下載 '全國單日平均糧價' 的原始 JSON 資料路徑: 'C:\Python\data_moa_gov_tw\raw_data\全國單日平均糧價\全國單日平均糧價.json'
2026-02-03 01:09:22,497 - SUCCESS - 插入或更新 '全國單日平均糧價' 的 Metadata 成功。
2026-02-03 01:09:22,497 - SUCCESS - 插入或更新 '全國單日平均糧價' 的 Metadata 成功。
2026-02-03 01:09:22,501 - SUCCESS - 已成功批量插入 '全國單日平均糧價' 的總計 2 條記錄到表格 '1040001' 。
2026-02-03 01:09:22,501 - SUCCESS - 已成功批量插入 '全國單日平均糧價' 的總計 2 條記錄到表格 '1040001' 。
2026-02-03 01:09:22,501 - SUCCESS - '全國單日平均糧價' 的自動更新完成。
2026-02-03 01:09:22,501 - SUCCESS - '全國單日平均糧價' 的自動更新完成。
2026-02-03 01:09:24,123 - SUCCESS - 成功提取 '各觀測站近兩年降雨量' 的網頁 Metadata。
2026-02-03 01:09:24,123 - SUCCESS - 成功提取 '各觀測站近兩年降雨量' 的網頁 Metadata。
2026-02-03 01:09:26,708 - SUCCESS - 成功提取 '產銷履歷與有機蔬果行情' 的網頁 Metadata。
2026-02-03 01:09:26,708 - SUCCESS - 成功提取 '產銷履歷與有機蔬果行情' 的網頁 Metadata。
2026-02-03 01:09:26,736 - SUCCESS - '產銷履歷與有機蔬果行情' 的 Metadata 已更新到 metadata.json。
2026-02-03 01:09:26,736 - SUCCESS - '產銷履歷與有機蔬果行情' 的 Metadata 已更新到 metadata.json。
2026-02-03 01:09:32,384 - SUCCESS - <產銷履歷與有機蔬果行情>的資料已下載完成，共 2310 筆資料。
2026-02-03 01:09:32,384 - SUCCESS - <產銷履歷與有機蔬果行情>的資料已下載完成，共 2310 筆資料。
2026-02-03 01:09:42,194 - SUCCESS - 已下載、去重並合併資料完成現有資料 120124 條，新資料 90 條。
2026-02-03 01:09:42,194 - SUCCESS - 已下載、去重並合併資料完成現有資料 120124 條，新資料 90 條。
2026-02-03 01:09:44,980 - SUCCESS - 已下載 '產銷履歷與有機蔬果行情' 的原始 JSON 資料路徑: 'C:\Python\data_moa_gov_tw\raw_data\產銷履歷與有機蔬果行情\產銷履歷與有機蔬果行情.json'
2026-02-03 01:09:44,980 - SUCCESS - 已下載 '產銷履歷與有機蔬果行情' 的原始 JSON 資料路徑: 'C:\Python\data_moa_gov_tw\raw_data\產銷履歷與有機蔬果行情\產銷履歷與有機蔬果行情.json'
2026-02-03 01:09:44,986 - SUCCESS - 插入或更新 '產銷履歷與有機蔬果行情' 的 Metadata 成功。
2026-02-03 01:09:44,986 - SUCCESS - 插入或更新 '產銷履歷與有機蔬果行情' 的 Metadata 成功。
2026-02-03 01:09:45,078 - SUCCESS - 已成功批量插入 '產銷履歷與有機蔬果行情' 的總計 90 條記錄到表格 '1040003' 。
2026-02-03 01:09:45,078 - SUCCESS - 已成功批量插入 '產銷履歷與有機蔬果行情' 的總計 90 條記錄到表格 '1040003' 。
2026-02-03 01:09:45,118 - SUCCESS - '產銷履歷與有機蔬果行情' 的自動更新完成。
2026-02-03 01:09:45,118 - SUCCESS - '產銷履歷與有機蔬果行情' 的自動更新完成。
2026-02-03 01:09:47,180 - SUCCESS - 成功提取 '糧價查詢' 的網頁 Metadata。
2026-02-03 01:09:47,180 - SUCCESS - 成功提取 '糧價查詢' 的網頁 Metadata。
2026-02-03 01:09:47,228 - SUCCESS - '糧價查詢' 的 Metadata 已更新到 metadata.json。
2026-02-03 01:09:47,228 - SUCCESS - '糧價查詢' 的 Metadata 已更新到 metadata.json。
2026-02-03 01:09:51,197 - SUCCESS - <糧價查詢>的資料已下載完成，共 9999 筆資料。
2026-02-03 01:09:51,197 - SUCCESS - <糧價查詢>的資料已下載完成，共 9999 筆資料。
2026-02-03 01:09:51,364 - SUCCESS - 已下載、去重並合併資料完成現有資料 1678 條，新資料 40 條。
2026-02-03 01:09:51,364 - SUCCESS - 已下載、去重並合併資料完成現有資料 1678 條，新資料 40 條。
2026-02-03 01:09:52,246 - SUCCESS - 已下載 '糧價查詢' 的原始 JSON 資料路徑: 'C:\Python\data_moa_gov_tw\raw_data\糧價查詢\糧價查詢.json'
2026-02-03 01:09:52,246 - SUCCESS - 已下載 '糧價查詢' 的原始 JSON 資料路徑: 'C:\Python\data_moa_gov_tw\raw_data\糧價查詢\糧價查詢.json'
2026-02-03 01:09:52,247 - SUCCESS - 插入或更新 '糧價查詢' 的 Metadata 成功。
2026-02-03 01:09:52,247 - SUCCESS - 插入或更新 '糧價查詢' 的 Metadata 成功。
2026-02-03 01:09:52,281 - SUCCESS - 已成功批量插入 '糧價查詢' 的總計 40 條記錄到表格 '1040004' 。
2026-02-03 01:09:52,281 - SUCCESS - 已成功批量插入 '糧價查詢' 的總計 40 條記錄到表格 '1040004' 。
2026-02-03 01:09:52,282 - SUCCESS - '糧價查詢' 的自動更新完成。
2026-02-03 01:09:52,282 - SUCCESS - '糧價查詢' 的自動更新完成。
2026-02-03 01:09:54,214 - SUCCESS - 成功提取 '臺灣地區果品生產概況' 的網頁 Metadata。
2026-02-03 01:09:54,214 - SUCCESS - 成功提取 '臺灣地區果品生產概況' 的網頁 Metadata。
2026-02-03 01:09:56,471 - SUCCESS - 成功提取 '臺灣地區特用作物生產概況' 的網頁 Metadata。
2026-02-03 01:09:56,471 - SUCCESS - 成功提取 '臺灣地區特用作物生產概況' 的網頁 Metadata。
2026-02-03 01:09:58,339 - SUCCESS - 成功提取 '臺灣地區稻作種植、收穫面積及產量' 的網頁 Metadata。
2026-02-03 01:09:58,339 - SUCCESS - 成功提取 '臺灣地區稻作種植、收穫面積及產量' 的網頁 Metadata。
2026-02-03 01:10:00,066 - SUCCESS - 成功提取 '臺灣地區稻米生產價值' 的網頁 Metadata。
2026-02-03 01:10:00,066 - SUCCESS - 成功提取 '臺灣地區稻米生產價值' 的網頁 Metadata。
2026-02-03 01:10:02,462 - SUCCESS - 成功提取 '臺灣地區蔬菜生產概況' 的網頁 Metadata。
2026-02-03 01:10:02,462 - SUCCESS - 成功提取 '臺灣地區蔬菜生產概況' 的網頁 Metadata。
2026-02-03 01:10:04,816 - SUCCESS - 成功提取 '臺灣地區農產品生產量值' 的網頁 Metadata。
2026-02-03 01:10:04,816 - SUCCESS - 成功提取 '臺灣地區農產品生產量值' 的網頁 Metadata。
2026-02-03 01:10:06,636 - SUCCESS - 成功提取 '農情調查' 的網頁 Metadata。
2026-02-03 01:10:06,636 - SUCCESS - 成功提取 '農情調查' 的網頁 Metadata。
2026-02-03 01:10:06,687 - SUCCESS - '農情調查' 的 Metadata 已更新到 metadata.json。
2026-02-03 01:10:06,687 - SUCCESS - '農情調查' 的 Metadata 已更新到 metadata.json。
2026-02-03 01:10:11,057 - SUCCESS - <農情調查>的資料已下載完成，共 9999 筆資料。
2026-02-03 01:10:11,057 - SUCCESS - <農情調查>的資料已下載完成，共 9999 筆資料。
2026-02-03 01:10:11,074 - SUCCESS - 已下載、去重並合併資料完成現有資料 0 條，新資料 0 條。
2026-02-03 01:10:11,074 - SUCCESS - 已下載、去重並合併資料完成現有資料 0 條，新資料 0 條。
2026-02-03 01:10:12,967 - SUCCESS - 成功提取 '農產品交易行情' 的網頁 Metadata。
2026-02-03 01:10:12,967 - SUCCESS - 成功提取 '農產品交易行情' 的網頁 Metadata。
2026-02-03 01:10:13,016 - SUCCESS - '農產品交易行情' 的 Metadata 已更新到 metadata.json。
2026-02-03 01:10:13,016 - SUCCESS - '農產品交易行情' 的 Metadata 已更新到 metadata.json。
2026-02-03 01:10:42,368 - SUCCESS - <農產品交易行情>的資料已下載完成，共 7195 筆資料。
2026-02-03 01:10:42,368 - SUCCESS - <農產品交易行情>的資料已下載完成，共 7195 筆資料。
2026-02-03 01:10:53,652 - SUCCESS - 已下載、去重並合併資料完成現有資料 187522 條，新資料 1183 條。
2026-02-03 01:10:53,652 - SUCCESS - 已下載、去重並合併資料完成現有資料 187522 條，新資料 1183 條。
2026-02-03 01:10:58,192 - SUCCESS - 已下載 '農產品交易行情' 的原始 JSON 資料路徑: 'C:\Python\data_moa_gov_tw\raw_data\農產品交易行情\農產品交易行情.json'
2026-02-03 01:10:58,192 - SUCCESS - 已下載 '農產品交易行情' 的原始 JSON 資料路徑: 'C:\Python\data_moa_gov_tw\raw_data\農產品交易行情\農產品交易行情.json'
2026-02-03 01:10:58,197 - SUCCESS - 插入或更新 '農產品交易行情' 的 Metadata 成功。
2026-02-03 01:10:58,197 - SUCCESS - 插入或更新 '農產品交易行情' 的 Metadata 成功。
2026-02-03 01:10:58,704 - SUCCESS - 已成功批量插入 '農產品交易行情' 的總計 1183 條記錄到表格 '1040012' 。
2026-02-03 01:10:58,704 - SUCCESS - 已成功批量插入 '農產品交易行情' 的總計 1183 條記錄到表格 '1040012' 。
2026-02-03 01:10:58,784 - SUCCESS - '農產品交易行情' 的自動更新完成。
2026-02-03 01:10:58,784 - SUCCESS - '農產品交易行情' 的自動更新完成。
2026-02-03 01:11:00,608 - SUCCESS - 成功提取 '農產品產地價格(月平均價格)' 的網頁 Metadata。
2026-02-03 01:11:00,608 - SUCCESS - 成功提取 '農產品產地價格(月平均價格)' 的網頁 Metadata。
2026-02-03 01:11:02,388 - SUCCESS - 成功提取 '農產品產地價格資料' 的網頁 Metadata。
2026-02-03 01:11:02,388 - SUCCESS - 成功提取 '農產品產地價格資料' 的網頁 Metadata。
2026-02-03 01:11:02,432 - SUCCESS - '農產品產地價格資料' 的 Metadata 已更新到 metadata.json。
2026-02-03 01:11:02,432 - SUCCESS - '農產品產地價格資料' 的 Metadata 已更新到 metadata.json。
2026-02-03 01:11:03,339 - SUCCESS - <農產品產地價格資料>的資料已下載完成，共 9999 筆資料。
2026-02-03 01:11:03,339 - SUCCESS - <農產品產地價格資料>的資料已下載完成，共 9999 筆資料。
2026-02-03 01:11:03,408 - SUCCESS - 已下載、去重並合併資料完成現有資料 322 條，新資料 11 條。
2026-02-03 01:11:03,408 - SUCCESS - 已下載、去重並合併資料完成現有資料 322 條，新資料 11 條。
2026-02-03 01:11:04,688 - SUCCESS - 已下載 '農產品產地價格資料' 的原始 JSON 資料路徑: 'C:\Python\data_moa_gov_tw\raw_data\農產品產地價格資料\農產品產地價格資料.json'
2026-02-03 01:11:04,688 - SUCCESS - 已下載 '農產品產地價格資料' 的原始 JSON 資料路徑: 'C:\Python\data_moa_gov_tw\raw_data\農產品產地價格資料\農產品產地價格資料.json'
2026-02-03 01:11:04,699 - SUCCESS - 插入或更新 '農產品產地價格資料' 的 Metadata 成功。
2026-02-03 01:11:04,699 - SUCCESS - 插入或更新 '農產品產地價格資料' 的 Metadata 成功。
2026-02-03 01:11:04,715 - SUCCESS - 已成功批量插入 '農產品產地價格資料' 的總計 11 條記錄到表格 '1040014' 。
2026-02-03 01:11:04,715 - SUCCESS - 已成功批量插入 '農產品產地價格資料' 的總計 11 條記錄到表格 '1040014' 。
2026-02-03 01:11:04,715 - SUCCESS - '農產品產地價格資料' 的自動更新完成。
2026-02-03 01:11:04,715 - SUCCESS - '農產品產地價格資料' 的自動更新完成。
2026-02-03 01:11:06,282 - SUCCESS - 成功提取 '雜糧生產概況' 的網頁 Metadata。
2026-02-03 01:11:06,282 - SUCCESS - 成功提取 '雜糧生產概況' 的網頁 Metadata。
2026-02-03 01:11:07,288 - SUCCESS - 已成功儲存次要資訊。
2026-02-03 01:11:07,288 - SUCCESS - 已成功儲存次要資訊。
2026-02-03 01:11:07,288 - SUCCESS - 更新結果儲存成功:{'全國單日平均糧價': '已更新', '各觀測站近兩年降雨量': '未更新', '產銷履歷與有機蔬果行情': '已更新', '糧價查詢': '已更新', '臺灣地區果品生產概況': '未更新', '臺灣地區特用作物生產概況': '未更新', '臺灣地區稻作種植、收穫面積及產量': '未更新', '臺灣地區稻米生產價值': '未更新', '臺灣地區蔬菜生產概況': '未更新', '臺灣地區農產品生產量值': '未更新', '農情調查': '未更新', '農產品交易行情': '已更新', '農產品產地價格(月平均價格)': '未更新', '農產品產地價格資料': '已更新', '雜糧生產概況': '未更新'}
2026-02-03 01:11:07,288 - SUCCESS - 更新結果儲存成功:{'全國單日平均糧價': '已更新', '各觀測站近兩年降雨量': '未更新', '產銷履歷與有機蔬果行情': '已更新', '糧價查詢': '已更新', '臺灣地區果品生產概況': '未更新', '臺灣地區特用作物生產概況': '未更新', '臺灣地區稻作種植、收穫面積及產量': '未更新', '臺灣地區稻米生產價值': '未更新', '臺灣地區蔬菜生產概況': '未更新', '臺灣地區農產品生產量值': '未更新', '農情調查': '未更新', '農產品交易行情': '已更新', '農產品產地價格(月平均價格)': '未更新', '農產品產地價格資料': '已更新', '雜糧生產概況': '未更新'}
2026-02-03 22:34:58,653 - SUCCESS - 成功提取 '全國單日平均糧價' 的網頁 Metadata。
2026-02-03 22:34:58,653 - SUCCESS - 成功提取 '全國單日平均糧價' 的網頁 Metadata。
2026-02-03 22:34:58,717 - SUCCESS - '全國單日平均糧價' 的 Metadata 已更新到 metadata.json。
2026-02-03 22:34:58,717 - SUCCESS - '全國單日平均糧價' 的 Metadata 已更新到 metadata.json。
2026-02-03 22:34:59,942 - SUCCESS - <全國單日平均糧價>的資料已下載完成，共 9184 筆資料。
2026-02-03 22:34:59,942 - SUCCESS - <全國單日平均糧價>的資料已下載完成，共 9184 筆資料。
2026-02-03 22:35:00,171 - SUCCESS - 已下載、去重並合併資料完成現有資料 64 條，新資料 0 條。
2026-02-03 22:35:00,171 - SUCCESS - 已下載、去重並合併資料完成現有資料 64 條，新資料 0 條。
2026-02-03 22:35:00,366 - SUCCESS - 插入或更新 '全國單日平均糧價' 的 Metadata 成功。
2026-02-03 22:35:00,366 - SUCCESS - 插入或更新 '全國單日平均糧價' 的 Metadata 成功。
2026-02-03 22:35:00,367 - SUCCESS - '全國單日平均糧價' 的自動更新完成。
2026-02-03 22:35:00,367 - SUCCESS - '全國單日平均糧價' 的自動更新完成。
2026-02-03 22:35:01,671 - SUCCESS - 成功提取 '各觀測站近兩年降雨量' 的網頁 Metadata。
2026-02-03 22:35:01,671 - SUCCESS - 成功提取 '各觀測站近兩年降雨量' 的網頁 Metadata。
2026-02-03 22:35:03,008 - SUCCESS - 成功提取 '產銷履歷與有機蔬果行情' 的網頁 Metadata。
2026-02-03 22:35:03,008 - SUCCESS - 成功提取 '產銷履歷與有機蔬果行情' 的網頁 Metadata。
2026-02-03 22:35:03,050 - SUCCESS - '產銷履歷與有機蔬果行情' 的 Metadata 已更新到 metadata.json。
2026-02-03 22:35:03,050 - SUCCESS - '產銷履歷與有機蔬果行情' 的 Metadata 已更新到 metadata.json。
2026-02-03 22:35:04,612 - SUCCESS - <產銷履歷與有機蔬果行情>的資料已下載完成，共 2469 筆資料。
2026-02-03 22:35:04,612 - SUCCESS - <產銷履歷與有機蔬果行情>的資料已下載完成，共 2469 筆資料。
2026-02-03 22:35:17,272 - SUCCESS - 已下載、去重並合併資料完成現有資料 122503 條，新資料 2379 條。
2026-02-03 22:35:17,272 - SUCCESS - 已下載、去重並合併資料完成現有資料 122503 條，新資料 2379 條。
2026-02-03 22:35:20,961 - SUCCESS - 已下載 '產銷履歷與有機蔬果行情' 的原始 JSON 資料路徑: 'C:\Python\data_moa_gov_tw\raw_data\產銷履歷與有機蔬果行情\產銷履歷與有機蔬果行情.json'
2026-02-03 22:35:20,961 - SUCCESS - 已下載 '產銷履歷與有機蔬果行情' 的原始 JSON 資料路徑: 'C:\Python\data_moa_gov_tw\raw_data\產銷履歷與有機蔬果行情\產銷履歷與有機蔬果行情.json'
2026-02-03 22:35:20,967 - SUCCESS - 插入或更新 '產銷履歷與有機蔬果行情' 的 Metadata 成功。
2026-02-03 22:35:20,967 - SUCCESS - 插入或更新 '產銷履歷與有機蔬果行情' 的 Metadata 成功。
2026-02-03 22:35:22,352 - SUCCESS - 已成功批量插入 '產銷履歷與有機蔬果行情' 的總計 2379 條記錄到表格 '1040003' 。
2026-02-03 22:35:22,352 - SUCCESS - 已成功批量插入 '產銷履歷與有機蔬果行情' 的總計 2379 條記錄到表格 '1040003' 。
2026-02-03 22:35:22,391 - SUCCESS - '產銷履歷與有機蔬果行情' 的自動更新完成。
2026-02-03 22:35:22,391 - SUCCESS - '產銷履歷與有機蔬果行情' 的自動更新完成。
2026-02-03 22:35:24,047 - SUCCESS - 成功提取 '糧價查詢' 的網頁 Metadata。
2026-02-03 22:35:24,047 - SUCCESS - 成功提取 '糧價查詢' 的網頁 Metadata。
2026-02-03 22:35:24,092 - SUCCESS - '糧價查詢' 的 Metadata 已更新到 metadata.json。
2026-02-03 22:35:24,092 - SUCCESS - '糧價查詢' 的 Metadata 已更新到 metadata.json。
2026-02-03 22:35:27,669 - SUCCESS - <糧價查詢>的資料已下載完成，共 9999 筆資料。
2026-02-03 22:35:27,669 - SUCCESS - <糧價查詢>的資料已下載完成，共 9999 筆資料。
2026-02-03 22:35:27,882 - SUCCESS - 已下載、去重並合併資料完成現有資料 1698 條，新資料 20 條。
2026-02-03 22:35:27,882 - SUCCESS - 已下載、去重並合併資料完成現有資料 1698 條，新資料 20 條。
2026-02-03 22:35:29,055 - SUCCESS - 已下載 '糧價查詢' 的原始 JSON 資料路徑: 'C:\Python\data_moa_gov_tw\raw_data\糧價查詢\糧價查詢.json'
2026-02-03 22:35:29,055 - SUCCESS - 已下載 '糧價查詢' 的原始 JSON 資料路徑: 'C:\Python\data_moa_gov_tw\raw_data\糧價查詢\糧價查詢.json'
2026-02-03 22:35:29,055 - SUCCESS - 插入或更新 '糧價查詢' 的 Metadata 成功。
2026-02-03 22:35:29,055 - SUCCESS - 插入或更新 '糧價查詢' 的 Metadata 成功。
2026-02-03 22:35:29,083 - SUCCESS - 已成功批量插入 '糧價查詢' 的總計 20 條記錄到表格 '1040004' 。
2026-02-03 22:35:29,083 - SUCCESS - 已成功批量插入 '糧價查詢' 的總計 20 條記錄到表格 '1040004' 。
2026-02-03 22:35:29,084 - SUCCESS - '糧價查詢' 的自動更新完成。
2026-02-03 22:35:29,084 - SUCCESS - '糧價查詢' 的自動更新完成。
2026-02-03 22:35:30,780 - SUCCESS - 成功提取 '臺灣地區果品生產概況' 的網頁 Metadata。
2026-02-03 22:35:30,780 - SUCCESS - 成功提取 '臺灣地區果品生產概況' 的網頁 Metadata。
2026-02-03 22:35:32,213 - SUCCESS - 成功提取 '臺灣地區特用作物生產概況' 的網頁 Metadata。
2026-02-03 22:35:32,213 - SUCCESS - 成功提取 '臺灣地區特用作物生產概況' 的網頁 Metadata。
2026-02-03 22:35:33,516 - SUCCESS - 成功提取 '臺灣地區稻作種植、收穫面積及產量' 的網頁 Metadata。
2026-02-03 22:35:33,516 - SUCCESS - 成功提取 '臺灣地區稻作種植、收穫面積及產量' 的網頁 Metadata。
2026-02-03 22:35:34,742 - SUCCESS - 成功提取 '臺灣地區稻米生產價值' 的網頁 Metadata。
2026-02-03 22:35:34,742 - SUCCESS - 成功提取 '臺灣地區稻米生產價值' 的網頁 Metadata。
2026-02-03 22:35:36,206 - SUCCESS - 成功提取 '臺灣地區蔬菜生產概況' 的網頁 Metadata。
2026-02-03 22:35:36,206 - SUCCESS - 成功提取 '臺灣地區蔬菜生產概況' 的網頁 Metadata。
2026-02-03 22:35:37,463 - SUCCESS - 成功提取 '臺灣地區農產品生產量值' 的網頁 Metadata。
2026-02-03 22:35:37,463 - SUCCESS - 成功提取 '臺灣地區農產品生產量值' 的網頁 Metadata。
2026-02-03 22:35:38,734 - SUCCESS - 成功提取 '農情調查' 的網頁 Metadata。
2026-02-03 22:35:38,734 - SUCCESS - 成功提取 '農情調查' 的網頁 Metadata。
2026-02-03 22:35:38,782 - SUCCESS - '農情調查' 的 Metadata 已更新到 metadata.json。
2026-02-03 22:35:38,782 - SUCCESS - '農情調查' 的 Metadata 已更新到 metadata.json。
2026-02-03 22:35:41,753 - SUCCESS - <農情調查>的資料已下載完成，共 9999 筆資料。
2026-02-03 22:35:41,753 - SUCCESS - <農情調查>的資料已下載完成，共 9999 筆資料。
2026-02-03 22:35:41,770 - SUCCESS - 已下載、去重並合併資料完成現有資料 0 條，新資料 0 條。
2026-02-03 22:35:41,770 - SUCCESS - 已下載、去重並合併資料完成現有資料 0 條，新資料 0 條。
2026-02-03 22:35:43,118 - SUCCESS - 成功提取 '農產品交易行情' 的網頁 Metadata。
2026-02-03 22:35:43,118 - SUCCESS - 成功提取 '農產品交易行情' 的網頁 Metadata。
2026-02-03 22:35:43,166 - SUCCESS - '農產品交易行情' 的 Metadata 已更新到 metadata.json。
2026-02-03 22:35:43,166 - SUCCESS - '農產品交易行情' 的 Metadata 已更新到 metadata.json。
2026-02-03 22:35:55,935 - SUCCESS - <農產品交易行情>的資料已下載完成，共 10955 筆資料。
2026-02-03 22:35:55,935 - SUCCESS - <農產品交易行情>的資料已下載完成，共 10955 筆資料。
2026-02-03 22:36:07,550 - SUCCESS - 已下載、去重並合併資料完成現有資料 191282 條，新資料 3760 條。
2026-02-03 22:36:07,550 - SUCCESS - 已下載、去重並合併資料完成現有資料 191282 條，新資料 3760 條。
2026-02-03 22:36:12,140 - SUCCESS - 已下載 '農產品交易行情' 的原始 JSON 資料路徑: 'C:\Python\data_moa_gov_tw\raw_data\農產品交易行情\農產品交易行情.json'
2026-02-03 22:36:12,140 - SUCCESS - 已下載 '農產品交易行情' 的原始 JSON 資料路徑: 'C:\Python\data_moa_gov_tw\raw_data\農產品交易行情\農產品交易行情.json'
2026-02-03 22:36:12,146 - SUCCESS - 插入或更新 '農產品交易行情' 的 Metadata 成功。
2026-02-03 22:36:12,146 - SUCCESS - 插入或更新 '農產品交易行情' 的 Metadata 成功。
2026-02-03 22:36:13,733 - SUCCESS - 已成功批量插入 '農產品交易行情' 的總計 3760 條記錄到表格 '1040012' 。
2026-02-03 22:36:13,733 - SUCCESS - 已成功批量插入 '農產品交易行情' 的總計 3760 條記錄到表格 '1040012' 。
2026-02-03 22:36:13,806 - SUCCESS - '農產品交易行情' 的自動更新完成。
2026-02-03 22:36:13,806 - SUCCESS - '農產品交易行情' 的自動更新完成。
2026-02-03 22:36:15,739 - SUCCESS - 成功提取 '農產品產地價格(月平均價格)' 的網頁 Metadata。
2026-02-03 22:36:15,739 - SUCCESS - 成功提取 '農產品產地價格(月平均價格)' 的網頁 Metadata。
2026-02-03 22:36:17,025 - SUCCESS - 成功提取 '農產品產地價格資料' 的網頁 Metadata。
2026-02-03 22:36:17,025 - SUCCESS - 成功提取 '農產品產地價格資料' 的網頁 Metadata。
2026-02-03 22:36:18,270 - SUCCESS - 成功提取 '雜糧生產概況' 的網頁 Metadata。
2026-02-03 22:36:18,270 - SUCCESS - 成功提取 '雜糧生產概況' 的網頁 Metadata。
2026-02-03 22:36:19,281 - SUCCESS - 已成功儲存次要資訊。
2026-02-03 22:36:19,281 - SUCCESS - 已成功儲存次要資訊。
2026-02-03 22:36:19,281 - SUCCESS - 更新結果儲存成功:{'全國單日平均糧價': '已更新', '各觀測站近兩年降雨量': '未更新', '產銷履歷與有機蔬果行情': '已更新', '糧價查詢': '已更新', '臺灣地區果品生產概況': '未更新', '臺灣地區特用作物生產概況': '未更新', '臺灣地區稻作種植、收穫面積及產量': '未更新', '臺灣地區稻米生產價值': '未更新', '臺灣地區蔬菜生產概況': '未更新', '臺灣地區農產品生產量值': '未更新', '農情調查': '未更新', '農產品交易行情': '已更新', '農產品產地價格(月平均價格)': '未更新', '農產品產地價格資料': '未更新', '雜糧生產概況': '未更新'}
2026-02-03 22:36:19,281 - SUCCESS - 更新結果儲存成功:{'全國單日平均糧價': '已更新', '各觀測站近兩年降雨量': '未更新', '產銷履歷與有機蔬果行情': '已更新', '糧價查詢': '已更新', '臺灣地區果品生產概況': '未更新', '臺灣地區特用作物生產概況': '未更新', '臺灣地區稻作種植、收穫面積及產量': '未更新', '臺灣地區稻米生產價值': '未更新', '臺灣地區蔬菜生產概況': '未更新', '臺灣地區農產品生產量值': '未更新', '農情調查': '未更新', '農產品交易行情': '已更新', '農產品產地價格(月平均價格)': '未更新', '農產品產地價格資料': '未更新', '雜糧生產概況': '未更新'}
