2025-12-31 02:28:39,442 - SUCCESS - 成功提取 '全國單日平均糧價' 的網頁 Metadata。
2025-12-31 02:28:39,442 - SUCCESS - 成功提取 '全國單日平均糧價' 的網頁 Metadata。
2025-12-31 02:28:39,471 - SUCCESS - '全國單日平均糧價' 的 Metadata 已更新到 metadata.json。
2025-12-31 02:28:39,471 - SUCCESS - '全國單日平均糧價' 的 Metadata 已更新到 metadata.json。
2025-12-31 02:28:40,577 - SUCCESS - <全國單日平均糧價>的資料已下載完成，共 9150 筆資料。
2025-12-31 02:28:40,577 - SUCCESS - <全國單日平均糧價>的資料已下載完成，共 9150 筆資料。
2025-12-31 02:28:41,315 - SUCCESS - 已下載、去重並合併資料完成現有資料 9150 條，新資料 3 條。
2025-12-31 02:28:41,315 - SUCCESS - 已下載、去重並合併資料完成現有資料 9150 條，新資料 3 條。
2025-12-31 02:28:41,359 - SUCCESS - 已下載 '全國單日平均糧價' 的原始 JSON 資料路徑: 'C:\Python\data_moa_gov_tw\raw_data\全國單日平均糧價\全國單日平均糧價.json'
2025-12-31 02:28:41,359 - SUCCESS - 已下載 '全國單日平均糧價' 的原始 JSON 資料路徑: 'C:\Python\data_moa_gov_tw\raw_data\全國單日平均糧價\全國單日平均糧價.json'
2025-12-31 02:28:41,389 - SUCCESS - 插入或更新 '全國單日平均糧價' 的 Metadata 成功。
2025-12-31 02:28:41,389 - SUCCESS - 插入或更新 '全國單日平均糧價' 的 Metadata 成功。
2025-12-31 02:28:41,400 - SUCCESS - 已成功批量插入 '全國單日平均糧價' 的總計 3 條記錄到表格 '1040001' 。
2025-12-31 02:28:41,400 - SUCCESS - 已成功批量插入 '全國單日平均糧價' 的總計 3 條記錄到表格 '1040001' 。
2025-12-31 02:28:41,404 - SUCCESS - '全國單日平均糧價' 的自動更新完成。
2025-12-31 02:28:41,404 - SUCCESS - '全國單日平均糧價' 的自動更新完成。
2025-12-31 02:28:42,594 - SUCCESS - 成功提取 '各觀測站近兩年降雨量' 的網頁 Metadata。
2025-12-31 02:28:42,594 - SUCCESS - 成功提取 '各觀測站近兩年降雨量' 的網頁 Metadata。
2025-12-31 02:28:43,827 - SUCCESS - 成功提取 '產銷履歷與有機蔬果行情' 的網頁 Metadata。
2025-12-31 02:28:43,827 - SUCCESS - 成功提取 '產銷履歷與有機蔬果行情' 的網頁 Metadata。
2025-12-31 02:28:43,875 - SUCCESS - '產銷履歷與有機蔬果行情' 的 Metadata 已更新到 metadata.json。
2025-12-31 02:28:43,875 - SUCCESS - '產銷履歷與有機蔬果行情' 的 Metadata 已更新到 metadata.json。
2025-12-31 02:28:44,395 - SUCCESS - <產銷履歷與有機蔬果行情>的資料已下載完成，共 2517 筆資料。
2025-12-31 02:28:44,395 - SUCCESS - <產銷履歷與有機蔬果行情>的資料已下載完成，共 2517 筆資料。
2025-12-31 02:29:06,980 - SUCCESS - 已下載、去重並合併資料完成現有資料 306075 條，新資料 2517 條。
2025-12-31 02:29:06,980 - SUCCESS - 已下載、去重並合併資料完成現有資料 306075 條，新資料 2517 條。
2025-12-31 02:29:08,597 - SUCCESS - 已下載 '產銷履歷與有機蔬果行情' 的原始 JSON 資料路徑: 'C:\Python\data_moa_gov_tw\raw_data\產銷履歷與有機蔬果行情\產銷履歷與有機蔬果行情.json'
2025-12-31 02:29:08,597 - SUCCESS - 已下載 '產銷履歷與有機蔬果行情' 的原始 JSON 資料路徑: 'C:\Python\data_moa_gov_tw\raw_data\產銷履歷與有機蔬果行情\產銷履歷與有機蔬果行情.json'
2025-12-31 02:29:08,601 - SUCCESS - 插入或更新 '產銷履歷與有機蔬果行情' 的 Metadata 成功。
2025-12-31 02:29:08,601 - SUCCESS - 插入或更新 '產銷履歷與有機蔬果行情' 的 Metadata 成功。
2025-12-31 02:29:09,682 - SUCCESS - 已成功批量插入 '產銷履歷與有機蔬果行情' 的總計 2517 條記錄到表格 '1040003' 。
2025-12-31 02:29:09,682 - SUCCESS - 已成功批量插入 '產銷履歷與有機蔬果行情' 的總計 2517 條記錄到表格 '1040003' 。
2025-12-31 02:29:09,793 - SUCCESS - '產銷履歷與有機蔬果行情' 的自動更新完成。
2025-12-31 02:29:09,793 - SUCCESS - '產銷履歷與有機蔬果行情' 的自動更新完成。
2025-12-31 02:29:10,976 - SUCCESS - 成功提取 '糧價查詢' 的網頁 Metadata。
2025-12-31 02:29:10,976 - SUCCESS - 成功提取 '糧價查詢' 的網頁 Metadata。
2025-12-31 02:29:11,017 - SUCCESS - '糧價查詢' 的 Metadata 已更新到 metadata.json。
2025-12-31 02:29:11,017 - SUCCESS - '糧價查詢' 的 Metadata 已更新到 metadata.json。
2025-12-31 02:29:12,643 - SUCCESS - <糧價查詢>的資料已下載完成，共 9999 筆資料。
2025-12-31 02:29:12,643 - SUCCESS - <糧價查詢>的資料已下載完成，共 9999 筆資料。
2025-12-31 02:29:13,384 - SUCCESS - 已下載、去重並合併資料完成現有資料 10635 條，新資料 60 條。
2025-12-31 02:29:13,384 - SUCCESS - 已下載、去重並合併資料完成現有資料 10635 條，新資料 60 條。
2025-12-31 02:29:14,186 - SUCCESS - 已下載 '糧價查詢' 的原始 JSON 資料路徑: 'C:\Python\data_moa_gov_tw\raw_data\糧價查詢\糧價查詢.json'
2025-12-31 02:29:14,186 - SUCCESS - 已下載 '糧價查詢' 的原始 JSON 資料路徑: 'C:\Python\data_moa_gov_tw\raw_data\糧價查詢\糧價查詢.json'
2025-12-31 02:29:14,191 - SUCCESS - 插入或更新 '糧價查詢' 的 Metadata 成功。
2025-12-31 02:29:14,191 - SUCCESS - 插入或更新 '糧價查詢' 的 Metadata 成功。
2025-12-31 02:29:14,243 - SUCCESS - 已成功批量插入 '糧價查詢' 的總計 60 條記錄到表格 '1040004' 。
2025-12-31 02:29:14,243 - SUCCESS - 已成功批量插入 '糧價查詢' 的總計 60 條記錄到表格 '1040004' 。
2025-12-31 02:29:14,248 - SUCCESS - '糧價查詢' 的自動更新完成。
2025-12-31 02:29:14,248 - SUCCESS - '糧價查詢' 的自動更新完成。
2025-12-31 02:29:15,397 - SUCCESS - 成功提取 '臺灣地區果品生產概況' 的網頁 Metadata。
2025-12-31 02:29:15,397 - SUCCESS - 成功提取 '臺灣地區果品生產概況' 的網頁 Metadata。
2025-12-31 02:29:16,581 - SUCCESS - 成功提取 '臺灣地區特用作物生產概況' 的網頁 Metadata。
2025-12-31 02:29:16,581 - SUCCESS - 成功提取 '臺灣地區特用作物生產概況' 的網頁 Metadata。
2025-12-31 02:29:17,777 - SUCCESS - 成功提取 '臺灣地區稻作種植、收穫面積及產量' 的網頁 Metadata。
2025-12-31 02:29:17,777 - SUCCESS - 成功提取 '臺灣地區稻作種植、收穫面積及產量' 的網頁 Metadata。
2025-12-31 02:29:18,934 - SUCCESS - 成功提取 '臺灣地區稻米生產價值' 的網頁 Metadata。
2025-12-31 02:29:18,934 - SUCCESS - 成功提取 '臺灣地區稻米生產價值' 的網頁 Metadata。
2025-12-31 02:29:20,131 - SUCCESS - 成功提取 '臺灣地區蔬菜生產概況' 的網頁 Metadata。
2025-12-31 02:29:20,131 - SUCCESS - 成功提取 '臺灣地區蔬菜生產概況' 的網頁 Metadata。
2025-12-31 02:29:21,289 - SUCCESS - 成功提取 '臺灣地區農產品生產量值' 的網頁 Metadata。
2025-12-31 02:29:21,289 - SUCCESS - 成功提取 '臺灣地區農產品生產量值' 的網頁 Metadata。
2025-12-31 02:29:22,501 - SUCCESS - 成功提取 '農情調查' 的網頁 Metadata。
2025-12-31 02:29:22,501 - SUCCESS - 成功提取 '農情調查' 的網頁 Metadata。
2025-12-31 02:29:22,542 - SUCCESS - '農情調查' 的 Metadata 已更新到 metadata.json。
2025-12-31 02:29:22,542 - SUCCESS - '農情調查' 的 Metadata 已更新到 metadata.json。
2025-12-31 02:29:23,899 - SUCCESS - <農情調查>的資料已下載完成，共 9999 筆資料。
2025-12-31 02:29:23,899 - SUCCESS - <農情調查>的資料已下載完成，共 9999 筆資料。
2025-12-31 02:29:24,920 - SUCCESS - 已下載、去重並合併資料完成現有資料 45259 條，新資料 0 條。
2025-12-31 02:29:24,920 - SUCCESS - 已下載、去重並合併資料完成現有資料 45259 條，新資料 0 條。
2025-12-31 02:29:25,220 - SUCCESS - 插入或更新 '農情調查' 的 Metadata 成功。
2025-12-31 02:29:25,220 - SUCCESS - 插入或更新 '農情調查' 的 Metadata 成功。
2025-12-31 02:29:25,234 - SUCCESS - '農情調查' 的自動更新完成。
2025-12-31 02:29:25,234 - SUCCESS - '農情調查' 的自動更新完成。
2025-12-31 02:29:26,451 - SUCCESS - 成功提取 '農產品交易行情' 的網頁 Metadata。
2025-12-31 02:29:26,451 - SUCCESS - 成功提取 '農產品交易行情' 的網頁 Metadata。
2025-12-31 02:29:26,493 - SUCCESS - '農產品交易行情' 的 Metadata 已更新到 metadata.json。
2025-12-31 02:29:26,493 - SUCCESS - '農產品交易行情' 的 Metadata 已更新到 metadata.json。
2025-12-31 02:29:30,634 - SUCCESS - <農產品交易行情>的資料已下載完成，共 7875 筆資料。
2025-12-31 02:29:30,634 - SUCCESS - <農產品交易行情>的資料已下載完成，共 7875 筆資料。
2025-12-31 02:29:58,045 - SUCCESS - 已下載、去重並合併資料完成現有資料 568226 條，新資料 5728 條。
2025-12-31 02:29:58,045 - SUCCESS - 已下載、去重並合併資料完成現有資料 568226 條，新資料 5728 條。
2025-12-31 02:30:01,016 - SUCCESS - 已下載 '農產品交易行情' 的原始 JSON 資料路徑: 'C:\Python\data_moa_gov_tw\raw_data\農產品交易行情\農產品交易行情.json'
2025-12-31 02:30:01,016 - SUCCESS - 已下載 '農產品交易行情' 的原始 JSON 資料路徑: 'C:\Python\data_moa_gov_tw\raw_data\農產品交易行情\農產品交易行情.json'
2025-12-31 02:30:01,022 - SUCCESS - 插入或更新 '農產品交易行情' 的 Metadata 成功。
2025-12-31 02:30:01,022 - SUCCESS - 插入或更新 '農產品交易行情' 的 Metadata 成功。
2025-12-31 02:30:03,567 - SUCCESS - 已成功批量插入 '農產品交易行情' 的總計 5727 條記錄到表格 '1040012' 。
2025-12-31 02:30:03,567 - SUCCESS - 已成功批量插入 '農產品交易行情' 的總計 5727 條記錄到表格 '1040012' 。
2025-12-31 02:30:03,808 - SUCCESS - '農產品交易行情' 的自動更新完成。
2025-12-31 02:30:03,808 - SUCCESS - '農產品交易行情' 的自動更新完成。
2025-12-31 02:30:05,394 - SUCCESS - 成功提取 '農產品產地價格(月平均價格)' 的網頁 Metadata。
2025-12-31 02:30:05,394 - SUCCESS - 成功提取 '農產品產地價格(月平均價格)' 的網頁 Metadata。
2025-12-31 02:30:06,908 - SUCCESS - 成功提取 '農產品產地價格資料' 的網頁 Metadata。
2025-12-31 02:30:06,908 - SUCCESS - 成功提取 '農產品產地價格資料' 的網頁 Metadata。
2025-12-31 02:30:06,951 - SUCCESS - '農產品產地價格資料' 的 Metadata 已更新到 metadata.json。
2025-12-31 02:30:06,951 - SUCCESS - '農產品產地價格資料' 的 Metadata 已更新到 metadata.json。
2025-12-31 02:30:07,505 - SUCCESS - <農產品產地價格資料>的資料已下載完成，共 9999 筆資料。
2025-12-31 02:30:07,505 - SUCCESS - <農產品產地價格資料>的資料已下載完成，共 9999 筆資料。
2025-12-31 02:30:53,848 - SUCCESS - 已下載、去重並合併資料完成現有資料 348165 條，新資料 177 條。
2025-12-31 02:30:53,848 - SUCCESS - 已下載、去重並合併資料完成現有資料 348165 條，新資料 177 條。
2025-12-31 02:30:55,898 - SUCCESS - 已下載 '農產品產地價格資料' 的原始 JSON 資料路徑: 'C:\Python\data_moa_gov_tw\raw_data\農產品產地價格資料\農產品產地價格資料.json'
2025-12-31 02:30:55,898 - SUCCESS - 已下載 '農產品產地價格資料' 的原始 JSON 資料路徑: 'C:\Python\data_moa_gov_tw\raw_data\農產品產地價格資料\農產品產地價格資料.json'
2025-12-31 02:30:55,903 - SUCCESS - 插入或更新 '農產品產地價格資料' 的 Metadata 成功。
2025-12-31 02:30:55,903 - SUCCESS - 插入或更新 '農產品產地價格資料' 的 Metadata 成功。
2025-12-31 02:30:55,986 - SUCCESS - 已成功批量插入 '農產品產地價格資料' 的總計 173 條記錄到表格 '1040014' 。
2025-12-31 02:30:55,986 - SUCCESS - 已成功批量插入 '農產品產地價格資料' 的總計 173 條記錄到表格 '1040014' 。
2025-12-31 02:30:56,073 - SUCCESS - '農產品產地價格資料' 的自動更新完成。
2025-12-31 02:30:56,073 - SUCCESS - '農產品產地價格資料' 的自動更新完成。
2025-12-31 02:30:57,281 - SUCCESS - 成功提取 '雜糧生產概況' 的網頁 Metadata。
2025-12-31 02:30:57,281 - SUCCESS - 成功提取 '雜糧生產概況' 的網頁 Metadata。
2025-12-31 02:30:58,289 - SUCCESS - 已成功儲存次要資訊。
2025-12-31 02:30:58,289 - SUCCESS - 已成功儲存次要資訊。
2025-12-31 02:30:58,290 - SUCCESS - 更新結果儲存成功:{'全國單日平均糧價': '已更新', '各觀測站近兩年降雨量': '未更新', '產銷履歷與有機蔬果行情': '已更新', '糧價查詢': '已更新', '臺灣地區果品生產概況': '未更新', '臺灣地區特用作物生產概況': '未更新', '臺灣地區稻作種植、收穫面積及產量': '未更新', '臺灣地區稻米生產價值': '未更新', '臺灣地區蔬菜生產概況': '未更新', '臺灣地區農產品生產量值': '未更新', '農情調查': '已更新', '農產品交易行情': '已更新', '農產品產地價格(月平均價格)': '未更新', '農產品產地價格資料': '已更新', '雜糧生產概況': '未更新'}
2025-12-31 02:30:58,290 - SUCCESS - 更新結果儲存成功:{'全國單日平均糧價': '已更新', '各觀測站近兩年降雨量': '未更新', '產銷履歷與有機蔬果行情': '已更新', '糧價查詢': '已更新', '臺灣地區果品生產概況': '未更新', '臺灣地區特用作物生產概況': '未更新', '臺灣地區稻作種植、收穫面積及產量': '未更新', '臺灣地區稻米生產價值': '未更新', '臺灣地區蔬菜生產概況': '未更新', '臺灣地區農產品生產量值': '未更新', '農情調查': '已更新', '農產品交易行情': '已更新', '農產品產地價格(月平均價格)': '未更新', '農產品產地價格資料': '已更新', '雜糧生產概況': '未更新'}
2025-12-31 20:57:39,944 - SUCCESS - 成功提取 '全國單日平均糧價' 的網頁 Metadata。
2025-12-31 20:57:39,944 - SUCCESS - 成功提取 '全國單日平均糧價' 的網頁 Metadata。
2025-12-31 20:57:40,024 - SUCCESS - '全國單日平均糧價' 的 Metadata 已更新到 metadata.json。
2025-12-31 20:57:40,024 - SUCCESS - '全國單日平均糧價' 的 Metadata 已更新到 metadata.json。
2025-12-31 20:57:41,596 - SUCCESS - <全國單日平均糧價>的資料已下載完成，共 9151 筆資料。
2025-12-31 20:57:41,596 - SUCCESS - <全國單日平均糧價>的資料已下載完成，共 9151 筆資料。
2025-12-31 20:57:42,604 - SUCCESS - 已下載、去重並合併資料完成現有資料 9151 條，新資料 1 條。
2025-12-31 20:57:42,604 - SUCCESS - 已下載、去重並合併資料完成現有資料 9151 條，新資料 1 條。
2025-12-31 20:57:42,657 - SUCCESS - 已下載 '全國單日平均糧價' 的原始 JSON 資料路徑: 'C:\Python\data_moa_gov_tw\raw_data\全國單日平均糧價\全國單日平均糧價.json'
2025-12-31 20:57:42,657 - SUCCESS - 已下載 '全國單日平均糧價' 的原始 JSON 資料路徑: 'C:\Python\data_moa_gov_tw\raw_data\全國單日平均糧價\全國單日平均糧價.json'
2025-12-31 20:57:42,687 - SUCCESS - 插入或更新 '全國單日平均糧價' 的 Metadata 成功。
2025-12-31 20:57:42,687 - SUCCESS - 插入或更新 '全國單日平均糧價' 的 Metadata 成功。
2025-12-31 20:57:42,707 - SUCCESS - 已成功批量插入 '全國單日平均糧價' 的總計 1 條記錄到表格 '1040001' 。
2025-12-31 20:57:42,707 - SUCCESS - 已成功批量插入 '全國單日平均糧價' 的總計 1 條記錄到表格 '1040001' 。
2025-12-31 20:57:42,723 - SUCCESS - '全國單日平均糧價' 的自動更新完成。
2025-12-31 20:57:42,723 - SUCCESS - '全國單日平均糧價' 的自動更新完成。
2025-12-31 20:57:44,329 - SUCCESS - 成功提取 '各觀測站近兩年降雨量' 的網頁 Metadata。
2025-12-31 20:57:44,329 - SUCCESS - 成功提取 '各觀測站近兩年降雨量' 的網頁 Metadata。
2025-12-31 20:57:46,718 - SUCCESS - 成功提取 '產銷履歷與有機蔬果行情' 的網頁 Metadata。
2025-12-31 20:57:46,718 - SUCCESS - 成功提取 '產銷履歷與有機蔬果行情' 的網頁 Metadata。
2025-12-31 20:57:46,767 - SUCCESS - '產銷履歷與有機蔬果行情' 的 Metadata 已更新到 metadata.json。
2025-12-31 20:57:46,767 - SUCCESS - '產銷履歷與有機蔬果行情' 的 Metadata 已更新到 metadata.json。
2025-12-31 20:57:51,011 - SUCCESS - <產銷履歷與有機蔬果行情>的資料已下載完成，共 4731 筆資料。
2025-12-31 20:57:51,011 - SUCCESS - <產銷履歷與有機蔬果行情>的資料已下載完成，共 4731 筆資料。
2025-12-31 20:58:14,577 - SUCCESS - 已下載、去重並合併資料完成現有資料 308382 條，新資料 2307 條。
2025-12-31 20:58:14,577 - SUCCESS - 已下載、去重並合併資料完成現有資料 308382 條，新資料 2307 條。
2025-12-31 20:58:16,362 - SUCCESS - 已下載 '產銷履歷與有機蔬果行情' 的原始 JSON 資料路徑: 'C:\Python\data_moa_gov_tw\raw_data\產銷履歷與有機蔬果行情\產銷履歷與有機蔬果行情.json'
2025-12-31 20:58:16,362 - SUCCESS - 已下載 '產銷履歷與有機蔬果行情' 的原始 JSON 資料路徑: 'C:\Python\data_moa_gov_tw\raw_data\產銷履歷與有機蔬果行情\產銷履歷與有機蔬果行情.json'
2025-12-31 20:58:16,367 - SUCCESS - 插入或更新 '產銷履歷與有機蔬果行情' 的 Metadata 成功。
2025-12-31 20:58:16,367 - SUCCESS - 插入或更新 '產銷履歷與有機蔬果行情' 的 Metadata 成功。
2025-12-31 20:58:17,436 - SUCCESS - 已成功批量插入 '產銷履歷與有機蔬果行情' 的總計 2307 條記錄到表格 '1040003' 。
2025-12-31 20:58:17,436 - SUCCESS - 已成功批量插入 '產銷履歷與有機蔬果行情' 的總計 2307 條記錄到表格 '1040003' 。
2025-12-31 20:58:17,540 - SUCCESS - '產銷履歷與有機蔬果行情' 的自動更新完成。
2025-12-31 20:58:17,540 - SUCCESS - '產銷履歷與有機蔬果行情' 的自動更新完成。
2025-12-31 20:58:19,291 - SUCCESS - 成功提取 '糧價查詢' 的網頁 Metadata。
2025-12-31 20:58:19,291 - SUCCESS - 成功提取 '糧價查詢' 的網頁 Metadata。
2025-12-31 20:58:19,324 - SUCCESS - '糧價查詢' 的 Metadata 已更新到 metadata.json。
2025-12-31 20:58:19,324 - SUCCESS - '糧價查詢' 的 Metadata 已更新到 metadata.json。
2025-12-31 20:58:21,105 - SUCCESS - <糧價查詢>的資料已下載完成，共 9999 筆資料。
2025-12-31 20:58:21,105 - SUCCESS - <糧價查詢>的資料已下載完成，共 9999 筆資料。
2025-12-31 20:58:21,895 - SUCCESS - 已下載、去重並合併資料完成現有資料 10655 條，新資料 20 條。
2025-12-31 20:58:21,895 - SUCCESS - 已下載、去重並合併資料完成現有資料 10655 條，新資料 20 條。
2025-12-31 20:58:22,720 - SUCCESS - 已下載 '糧價查詢' 的原始 JSON 資料路徑: 'C:\Python\data_moa_gov_tw\raw_data\糧價查詢\糧價查詢.json'
2025-12-31 20:58:22,720 - SUCCESS - 已下載 '糧價查詢' 的原始 JSON 資料路徑: 'C:\Python\data_moa_gov_tw\raw_data\糧價查詢\糧價查詢.json'
2025-12-31 20:58:22,725 - SUCCESS - 插入或更新 '糧價查詢' 的 Metadata 成功。
2025-12-31 20:58:22,725 - SUCCESS - 插入或更新 '糧價查詢' 的 Metadata 成功。
2025-12-31 20:58:22,748 - SUCCESS - 已成功批量插入 '糧價查詢' 的總計 20 條記錄到表格 '1040004' 。
2025-12-31 20:58:22,748 - SUCCESS - 已成功批量插入 '糧價查詢' 的總計 20 條記錄到表格 '1040004' 。
2025-12-31 20:58:22,752 - SUCCESS - '糧價查詢' 的自動更新完成。
2025-12-31 20:58:22,752 - SUCCESS - '糧價查詢' 的自動更新完成。
2025-12-31 20:58:24,397 - SUCCESS - 成功提取 '臺灣地區果品生產概況' 的網頁 Metadata。
2025-12-31 20:58:24,397 - SUCCESS - 成功提取 '臺灣地區果品生產概況' 的網頁 Metadata。
2025-12-31 20:58:26,287 - SUCCESS - 成功提取 '臺灣地區特用作物生產概況' 的網頁 Metadata。
2025-12-31 20:58:26,287 - SUCCESS - 成功提取 '臺灣地區特用作物生產概況' 的網頁 Metadata。
2025-12-31 20:58:27,884 - SUCCESS - 成功提取 '臺灣地區稻作種植、收穫面積及產量' 的網頁 Metadata。
2025-12-31 20:58:27,884 - SUCCESS - 成功提取 '臺灣地區稻作種植、收穫面積及產量' 的網頁 Metadata。
2025-12-31 20:58:29,378 - SUCCESS - 成功提取 '臺灣地區稻米生產價值' 的網頁 Metadata。
2025-12-31 20:58:29,378 - SUCCESS - 成功提取 '臺灣地區稻米生產價值' 的網頁 Metadata。
2025-12-31 20:58:30,797 - SUCCESS - 成功提取 '臺灣地區蔬菜生產概況' 的網頁 Metadata。
2025-12-31 20:58:30,797 - SUCCESS - 成功提取 '臺灣地區蔬菜生產概況' 的網頁 Metadata。
2025-12-31 20:58:32,225 - SUCCESS - 成功提取 '臺灣地區農產品生產量值' 的網頁 Metadata。
2025-12-31 20:58:32,225 - SUCCESS - 成功提取 '臺灣地區農產品生產量值' 的網頁 Metadata。
2025-12-31 20:58:33,728 - SUCCESS - 成功提取 '農情調查' 的網頁 Metadata。
2025-12-31 20:58:33,728 - SUCCESS - 成功提取 '農情調查' 的網頁 Metadata。
2025-12-31 20:58:35,408 - SUCCESS - 成功提取 '農產品交易行情' 的網頁 Metadata。
2025-12-31 20:58:35,408 - SUCCESS - 成功提取 '農產品交易行情' 的網頁 Metadata。
2025-12-31 20:58:35,456 - SUCCESS - '農產品交易行情' 的 Metadata 已更新到 metadata.json。
2025-12-31 20:58:35,456 - SUCCESS - '農產品交易行情' 的 Metadata 已更新到 metadata.json。
2025-12-31 20:58:46,209 - SUCCESS - <農產品交易行情>的資料已下載完成，共 10567 筆資料。
2025-12-31 20:58:46,209 - SUCCESS - <農產品交易行情>的資料已下載完成，共 10567 筆資料。
2025-12-31 20:59:14,579 - SUCCESS - 已下載、去重並合併資料完成現有資料 570918 條，新資料 2692 條。
2025-12-31 20:59:14,579 - SUCCESS - 已下載、去重並合併資料完成現有資料 570918 條，新資料 2692 條。
2025-12-31 20:59:17,639 - SUCCESS - 已下載 '農產品交易行情' 的原始 JSON 資料路徑: 'C:\Python\data_moa_gov_tw\raw_data\農產品交易行情\農產品交易行情.json'
2025-12-31 20:59:17,639 - SUCCESS - 已下載 '農產品交易行情' 的原始 JSON 資料路徑: 'C:\Python\data_moa_gov_tw\raw_data\農產品交易行情\農產品交易行情.json'
2025-12-31 20:59:17,652 - SUCCESS - 插入或更新 '農產品交易行情' 的 Metadata 成功。
2025-12-31 20:59:17,652 - SUCCESS - 插入或更新 '農產品交易行情' 的 Metadata 成功。
2025-12-31 20:59:19,490 - SUCCESS - 已成功批量插入 '農產品交易行情' 的總計 2692 條記錄到表格 '1040012' 。
2025-12-31 20:59:19,490 - SUCCESS - 已成功批量插入 '農產品交易行情' 的總計 2692 條記錄到表格 '1040012' 。
2025-12-31 20:59:19,744 - SUCCESS - '農產品交易行情' 的自動更新完成。
2025-12-31 20:59:19,744 - SUCCESS - '農產品交易行情' 的自動更新完成。
2025-12-31 20:59:21,485 - SUCCESS - 成功提取 '農產品產地價格(月平均價格)' 的網頁 Metadata。
2025-12-31 20:59:21,485 - SUCCESS - 成功提取 '農產品產地價格(月平均價格)' 的網頁 Metadata。
2025-12-31 20:59:23,172 - SUCCESS - 成功提取 '農產品產地價格資料' 的網頁 Metadata。
2025-12-31 20:59:23,172 - SUCCESS - 成功提取 '農產品產地價格資料' 的網頁 Metadata。
2025-12-31 20:59:24,665 - SUCCESS - 成功提取 '雜糧生產概況' 的網頁 Metadata。
2025-12-31 20:59:24,665 - SUCCESS - 成功提取 '雜糧生產概況' 的網頁 Metadata。
2025-12-31 20:59:25,681 - SUCCESS - 已成功儲存次要資訊。
2025-12-31 20:59:25,681 - SUCCESS - 已成功儲存次要資訊。
2025-12-31 20:59:25,682 - SUCCESS - 更新結果儲存成功:{'全國單日平均糧價': '已更新', '各觀測站近兩年降雨量': '未更新', '產銷履歷與有機蔬果行情': '已更新', '糧價查詢': '已更新', '臺灣地區果品生產概況': '未更新', '臺灣地區特用作物生產概況': '未更新', '臺灣地區稻作種植、收穫面積及產量': '未更新', '臺灣地區稻米生產價值': '未更新', '臺灣地區蔬菜生產概況': '未更新', '臺灣地區農產品生產量值': '未更新', '農情調查': '未更新', '農產品交易行情': '已更新', '農產品產地價格(月平均價格)': '未更新', '農產品產地價格資料': '未更新', '雜糧生產概況': '未更新'}
2025-12-31 20:59:25,682 - SUCCESS - 更新結果儲存成功:{'全國單日平均糧價': '已更新', '各觀測站近兩年降雨量': '未更新', '產銷履歷與有機蔬果行情': '已更新', '糧價查詢': '已更新', '臺灣地區果品生產概況': '未更新', '臺灣地區特用作物生產概況': '未更新', '臺灣地區稻作種植、收穫面積及產量': '未更新', '臺灣地區稻米生產價值': '未更新', '臺灣地區蔬菜生產概況': '未更新', '臺灣地區農產品生產量值': '未更新', '農情調查': '未更新', '農產品交易行情': '已更新', '農產品產地價格(月平均價格)': '未更新', '農產品產地價格資料': '未更新', '雜糧生產概況': '未更新'}
