2026-02-04 23:17:25,397 - SUCCESS - 成功提取 '全國單日平均糧價' 的網頁 Metadata。
2026-02-04 23:17:25,397 - SUCCESS - 成功提取 '全國單日平均糧價' 的網頁 Metadata。
2026-02-04 23:17:25,478 - SUCCESS - '全國單日平均糧價' 的 Metadata 已更新到 metadata.json。
2026-02-04 23:17:25,478 - SUCCESS - '全國單日平均糧價' 的 Metadata 已更新到 metadata.json。
2026-02-04 23:17:32,146 - SUCCESS - <全國單日平均糧價>的資料已下載完成，共 9185 筆資料。
2026-02-04 23:17:32,146 - SUCCESS - <全國單日平均糧價>的資料已下載完成，共 9185 筆資料。
2026-02-04 23:17:32,379 - SUCCESS - 已下載、去重並合併資料完成現有資料 65 條，新資料 1 條。
2026-02-04 23:17:32,379 - SUCCESS - 已下載、去重並合併資料完成現有資料 65 條，新資料 1 條。
2026-02-04 23:17:32,548 - SUCCESS - 已下載 '全國單日平均糧價' 的原始 JSON 資料路徑: 'C:\Python\data_moa_gov_tw\raw_data\全國單日平均糧價\全國單日平均糧價.json'
2026-02-04 23:17:32,548 - SUCCESS - 已下載 '全國單日平均糧價' 的原始 JSON 資料路徑: 'C:\Python\data_moa_gov_tw\raw_data\全國單日平均糧價\全國單日平均糧價.json'
2026-02-04 23:17:32,570 - SUCCESS - 插入或更新 '全國單日平均糧價' 的 Metadata 成功。
2026-02-04 23:17:32,570 - SUCCESS - 插入或更新 '全國單日平均糧價' 的 Metadata 成功。
2026-02-04 23:17:32,580 - SUCCESS - 已成功批量插入 '全國單日平均糧價' 的總計 1 條記錄到表格 '1040001' 。
2026-02-04 23:17:32,580 - SUCCESS - 已成功批量插入 '全國單日平均糧價' 的總計 1 條記錄到表格 '1040001' 。
2026-02-04 23:17:32,580 - SUCCESS - '全國單日平均糧價' 的自動更新完成。
2026-02-04 23:17:32,580 - SUCCESS - '全國單日平均糧價' 的自動更新完成。
2026-02-04 23:17:34,088 - SUCCESS - 成功提取 '各觀測站近兩年降雨量' 的網頁 Metadata。
2026-02-04 23:17:34,088 - SUCCESS - 成功提取 '各觀測站近兩年降雨量' 的網頁 Metadata。
2026-02-04 23:17:35,796 - SUCCESS - 成功提取 '產銷履歷與有機蔬果行情' 的網頁 Metadata。
2026-02-04 23:17:35,796 - SUCCESS - 成功提取 '產銷履歷與有機蔬果行情' 的網頁 Metadata。
2026-02-04 23:17:35,843 - SUCCESS - '產銷履歷與有機蔬果行情' 的 Metadata 已更新到 metadata.json。
2026-02-04 23:17:35,843 - SUCCESS - '產銷履歷與有機蔬果行情' 的 Metadata 已更新到 metadata.json。
2026-02-04 23:17:42,836 - SUCCESS - <產銷履歷與有機蔬果行情>的資料已下載完成，共 4725 筆資料。
2026-02-04 23:17:42,836 - SUCCESS - <產銷履歷與有機蔬果行情>的資料已下載完成，共 4725 筆資料。
2026-02-04 23:18:02,755 - SUCCESS - 已下載、去重並合併資料完成現有資料 124849 條，新資料 2346 條。
2026-02-04 23:18:02,755 - SUCCESS - 已下載、去重並合併資料完成現有資料 124849 條，新資料 2346 條。
2026-02-04 23:18:07,786 - SUCCESS - 已下載 '產銷履歷與有機蔬果行情' 的原始 JSON 資料路徑: 'C:\Python\data_moa_gov_tw\raw_data\產銷履歷與有機蔬果行情\產銷履歷與有機蔬果行情.json'
2026-02-04 23:18:07,786 - SUCCESS - 已下載 '產銷履歷與有機蔬果行情' 的原始 JSON 資料路徑: 'C:\Python\data_moa_gov_tw\raw_data\產銷履歷與有機蔬果行情\產銷履歷與有機蔬果行情.json'
2026-02-04 23:18:07,791 - SUCCESS - 插入或更新 '產銷履歷與有機蔬果行情' 的 Metadata 成功。
2026-02-04 23:18:07,791 - SUCCESS - 插入或更新 '產銷履歷與有機蔬果行情' 的 Metadata 成功。
2026-02-04 23:18:09,045 - SUCCESS - 已成功批量插入 '產銷履歷與有機蔬果行情' 的總計 2346 條記錄到表格 '1040003' 。
2026-02-04 23:18:09,045 - SUCCESS - 已成功批量插入 '產銷履歷與有機蔬果行情' 的總計 2346 條記錄到表格 '1040003' 。
2026-02-04 23:18:09,092 - SUCCESS - '產銷履歷與有機蔬果行情' 的自動更新完成。
2026-02-04 23:18:09,092 - SUCCESS - '產銷履歷與有機蔬果行情' 的自動更新完成。
2026-02-04 23:18:11,045 - SUCCESS - 成功提取 '糧價查詢' 的網頁 Metadata。
2026-02-04 23:18:11,045 - SUCCESS - 成功提取 '糧價查詢' 的網頁 Metadata。
2026-02-04 23:18:11,110 - SUCCESS - '糧價查詢' 的 Metadata 已更新到 metadata.json。
2026-02-04 23:18:11,110 - SUCCESS - '糧價查詢' 的 Metadata 已更新到 metadata.json。
2026-02-04 23:18:14,100 - SUCCESS - <糧價查詢>的資料已下載完成，共 9999 筆資料。
2026-02-04 23:18:14,100 - SUCCESS - <糧價查詢>的資料已下載完成，共 9999 筆資料。
2026-02-04 23:18:14,612 - SUCCESS - 已下載、去重並合併資料完成現有資料 1718 條，新資料 20 條。
2026-02-04 23:18:14,612 - SUCCESS - 已下載、去重並合併資料完成現有資料 1718 條，新資料 20 條。
2026-02-04 23:18:16,510 - SUCCESS - 已下載 '糧價查詢' 的原始 JSON 資料路徑: 'C:\Python\data_moa_gov_tw\raw_data\糧價查詢\糧價查詢.json'
2026-02-04 23:18:16,510 - SUCCESS - 已下載 '糧價查詢' 的原始 JSON 資料路徑: 'C:\Python\data_moa_gov_tw\raw_data\糧價查詢\糧價查詢.json'
2026-02-04 23:18:16,518 - SUCCESS - 插入或更新 '糧價查詢' 的 Metadata 成功。
2026-02-04 23:18:16,518 - SUCCESS - 插入或更新 '糧價查詢' 的 Metadata 成功。
2026-02-04 23:18:16,549 - SUCCESS - 已成功批量插入 '糧價查詢' 的總計 20 條記錄到表格 '1040004' 。
2026-02-04 23:18:16,549 - SUCCESS - 已成功批量插入 '糧價查詢' 的總計 20 條記錄到表格 '1040004' 。
2026-02-04 23:18:16,553 - SUCCESS - '糧價查詢' 的自動更新完成。
2026-02-04 23:18:16,553 - SUCCESS - '糧價查詢' 的自動更新完成。
2026-02-04 23:18:18,797 - SUCCESS - 成功提取 '臺灣地區果品生產概況' 的網頁 Metadata。
2026-02-04 23:18:18,797 - SUCCESS - 成功提取 '臺灣地區果品生產概況' 的網頁 Metadata。
2026-02-04 23:18:20,778 - SUCCESS - 成功提取 '臺灣地區特用作物生產概況' 的網頁 Metadata。
2026-02-04 23:18:20,778 - SUCCESS - 成功提取 '臺灣地區特用作物生產概況' 的網頁 Metadata。
2026-02-04 23:18:22,568 - SUCCESS - 成功提取 '臺灣地區稻作種植、收穫面積及產量' 的網頁 Metadata。
2026-02-04 23:18:22,568 - SUCCESS - 成功提取 '臺灣地區稻作種植、收穫面積及產量' 的網頁 Metadata。
2026-02-04 23:18:24,110 - SUCCESS - 成功提取 '臺灣地區稻米生產價值' 的網頁 Metadata。
2026-02-04 23:18:24,110 - SUCCESS - 成功提取 '臺灣地區稻米生產價值' 的網頁 Metadata。
2026-02-04 23:18:25,907 - SUCCESS - 成功提取 '臺灣地區蔬菜生產概況' 的網頁 Metadata。
2026-02-04 23:18:25,907 - SUCCESS - 成功提取 '臺灣地區蔬菜生產概況' 的網頁 Metadata。
2026-02-04 23:18:27,362 - SUCCESS - 成功提取 '臺灣地區農產品生產量值' 的網頁 Metadata。
2026-02-04 23:18:27,362 - SUCCESS - 成功提取 '臺灣地區農產品生產量值' 的網頁 Metadata。
2026-02-04 23:18:28,777 - SUCCESS - 成功提取 '農情調查' 的網頁 Metadata。
2026-02-04 23:18:28,777 - SUCCESS - 成功提取 '農情調查' 的網頁 Metadata。
2026-02-04 23:18:28,861 - SUCCESS - '農情調查' 的 Metadata 已更新到 metadata.json。
2026-02-04 23:18:28,861 - SUCCESS - '農情調查' 的 Metadata 已更新到 metadata.json。
2026-02-04 23:18:32,950 - SUCCESS - <農情調查>的資料已下載完成，共 9999 筆資料。
2026-02-04 23:18:32,950 - SUCCESS - <農情調查>的資料已下載完成，共 9999 筆資料。
2026-02-04 23:18:32,965 - SUCCESS - 已下載、去重並合併資料完成現有資料 0 條，新資料 0 條。
2026-02-04 23:18:32,965 - SUCCESS - 已下載、去重並合併資料完成現有資料 0 條，新資料 0 條。
2026-02-04 23:18:35,034 - SUCCESS - 成功提取 '農產品交易行情' 的網頁 Metadata。
2026-02-04 23:18:35,034 - SUCCESS - 成功提取 '農產品交易行情' 的網頁 Metadata。
2026-02-04 23:18:35,100 - SUCCESS - '農產品交易行情' 的 Metadata 已更新到 metadata.json。
2026-02-04 23:18:35,100 - SUCCESS - '農產品交易行情' 的 Metadata 已更新到 metadata.json。
2026-02-04 23:18:56,985 - SUCCESS - <農產品交易行情>的資料已下載完成，共 11033 筆資料。
2026-02-04 23:18:56,985 - SUCCESS - <農產品交易行情>的資料已下載完成，共 11033 筆資料。
2026-02-04 23:19:11,083 - SUCCESS - 已下載、去重並合併資料完成現有資料 194930 條，新資料 3648 條。
2026-02-04 23:19:11,083 - SUCCESS - 已下載、去重並合併資料完成現有資料 194930 條，新資料 3648 條。
2026-02-04 23:19:16,285 - SUCCESS - 已下載 '農產品交易行情' 的原始 JSON 資料路徑: 'C:\Python\data_moa_gov_tw\raw_data\農產品交易行情\農產品交易行情.json'
2026-02-04 23:19:16,285 - SUCCESS - 已下載 '農產品交易行情' 的原始 JSON 資料路徑: 'C:\Python\data_moa_gov_tw\raw_data\農產品交易行情\農產品交易行情.json'
2026-02-04 23:19:16,290 - SUCCESS - 插入或更新 '農產品交易行情' 的 Metadata 成功。
2026-02-04 23:19:16,290 - SUCCESS - 插入或更新 '農產品交易行情' 的 Metadata 成功。
2026-02-04 23:19:18,071 - SUCCESS - 已成功批量插入 '農產品交易行情' 的總計 3647 條記錄到表格 '1040012' 。
2026-02-04 23:19:18,071 - SUCCESS - 已成功批量插入 '農產品交易行情' 的總計 3647 條記錄到表格 '1040012' 。
2026-02-04 23:19:18,191 - SUCCESS - '農產品交易行情' 的自動更新完成。
2026-02-04 23:19:18,191 - SUCCESS - '農產品交易行情' 的自動更新完成。
2026-02-04 23:19:20,096 - SUCCESS - 成功提取 '農產品產地價格(月平均價格)' 的網頁 Metadata。
2026-02-04 23:19:20,096 - SUCCESS - 成功提取 '農產品產地價格(月平均價格)' 的網頁 Metadata。
2026-02-04 23:19:21,663 - SUCCESS - 成功提取 '農產品產地價格資料' 的網頁 Metadata。
2026-02-04 23:19:21,663 - SUCCESS - 成功提取 '農產品產地價格資料' 的網頁 Metadata。
2026-02-04 23:19:21,709 - SUCCESS - '農產品產地價格資料' 的 Metadata 已更新到 metadata.json。
2026-02-04 23:19:21,709 - SUCCESS - '農產品產地價格資料' 的 Metadata 已更新到 metadata.json。
2026-02-04 23:19:22,598 - SUCCESS - <農產品產地價格資料>的資料已下載完成，共 9999 筆資料。
2026-02-04 23:19:22,598 - SUCCESS - <農產品產地價格資料>的資料已下載完成，共 9999 筆資料。
2026-02-04 23:19:22,668 - SUCCESS - 已下載、去重並合併資料完成現有資料 333 條，新資料 11 條。
2026-02-04 23:19:22,668 - SUCCESS - 已下載、去重並合併資料完成現有資料 333 條，新資料 11 條。
2026-02-04 23:19:24,031 - SUCCESS - 已下載 '農產品產地價格資料' 的原始 JSON 資料路徑: 'C:\Python\data_moa_gov_tw\raw_data\農產品產地價格資料\農產品產地價格資料.json'
2026-02-04 23:19:24,031 - SUCCESS - 已下載 '農產品產地價格資料' 的原始 JSON 資料路徑: 'C:\Python\data_moa_gov_tw\raw_data\農產品產地價格資料\農產品產地價格資料.json'
2026-02-04 23:19:24,037 - SUCCESS - 插入或更新 '農產品產地價格資料' 的 Metadata 成功。
2026-02-04 23:19:24,037 - SUCCESS - 插入或更新 '農產品產地價格資料' 的 Metadata 成功。
2026-02-04 23:19:24,047 - SUCCESS - 已成功批量插入 '農產品產地價格資料' 的總計 11 條記錄到表格 '1040014' 。
2026-02-04 23:19:24,047 - SUCCESS - 已成功批量插入 '農產品產地價格資料' 的總計 11 條記錄到表格 '1040014' 。
2026-02-04 23:19:24,048 - SUCCESS - '農產品產地價格資料' 的自動更新完成。
2026-02-04 23:19:24,048 - SUCCESS - '農產品產地價格資料' 的自動更新完成。
2026-02-04 23:19:25,631 - SUCCESS - 成功提取 '雜糧生產概況' 的網頁 Metadata。
2026-02-04 23:19:25,631 - SUCCESS - 成功提取 '雜糧生產概況' 的網頁 Metadata。
2026-02-04 23:19:26,638 - SUCCESS - 已成功儲存次要資訊。
2026-02-04 23:19:26,638 - SUCCESS - 已成功儲存次要資訊。
2026-02-04 23:19:26,639 - SUCCESS - 更新結果儲存成功:{'全國單日平均糧價': '已更新', '各觀測站近兩年降雨量': '未更新', '產銷履歷與有機蔬果行情': '已更新', '糧價查詢': '已更新', '臺灣地區果品生產概況': '未更新', '臺灣地區特用作物生產概況': '未更新', '臺灣地區稻作種植、收穫面積及產量': '未更新', '臺灣地區稻米生產價值': '未更新', '臺灣地區蔬菜生產概況': '未更新', '臺灣地區農產品生產量值': '未更新', '農情調查': '未更新', '農產品交易行情': '已更新', '農產品產地價格(月平均價格)': '未更新', '農產品產地價格資料': '已更新', '雜糧生產概況': '未更新'}
2026-02-04 23:19:26,639 - SUCCESS - 更新結果儲存成功:{'全國單日平均糧價': '已更新', '各觀測站近兩年降雨量': '未更新', '產銷履歷與有機蔬果行情': '已更新', '糧價查詢': '已更新', '臺灣地區果品生產概況': '未更新', '臺灣地區特用作物生產概況': '未更新', '臺灣地區稻作種植、收穫面積及產量': '未更新', '臺灣地區稻米生產價值': '未更新', '臺灣地區蔬菜生產概況': '未更新', '臺灣地區農產品生產量值': '未更新', '農情調查': '未更新', '農產品交易行情': '已更新', '農產品產地價格(月平均價格)': '未更新', '農產品產地價格資料': '已更新', '雜糧生產概況': '未更新'}
