2026-01-22 00:18:17,634 - SUCCESS - 成功提取 '全國單日平均糧價' 的網頁 Metadata。
2026-01-22 00:18:17,634 - SUCCESS - 成功提取 '全國單日平均糧價' 的網頁 Metadata。
2026-01-22 00:18:17,670 - SUCCESS - '全國單日平均糧價' 的 Metadata 已更新到 metadata.json。
2026-01-22 00:18:17,670 - SUCCESS - '全國單日平均糧價' 的 Metadata 已更新到 metadata.json。
2026-01-22 00:18:19,023 - SUCCESS - <全國單日平均糧價>的資料已下載完成，共 9172 筆資料。
2026-01-22 00:18:19,023 - SUCCESS - <全國單日平均糧價>的資料已下載完成，共 9172 筆資料。
2026-01-22 00:18:19,706 - SUCCESS - 已下載、去重並合併資料完成現有資料 9172 條，新資料 1 條。
2026-01-22 00:18:19,706 - SUCCESS - 已下載、去重並合併資料完成現有資料 9172 條，新資料 1 條。
2026-01-22 00:18:19,739 - SUCCESS - 已下載 '全國單日平均糧價' 的原始 JSON 資料路徑: 'C:\Python\data_moa_gov_tw\raw_data\全國單日平均糧價\全國單日平均糧價.json'
2026-01-22 00:18:19,739 - SUCCESS - 已下載 '全國單日平均糧價' 的原始 JSON 資料路徑: 'C:\Python\data_moa_gov_tw\raw_data\全國單日平均糧價\全國單日平均糧價.json'
2026-01-22 00:18:19,767 - SUCCESS - 插入或更新 '全國單日平均糧價' 的 Metadata 成功。
2026-01-22 00:18:19,767 - SUCCESS - 插入或更新 '全國單日平均糧價' 的 Metadata 成功。
2026-01-22 00:18:19,775 - SUCCESS - 已成功批量插入 '全國單日平均糧價' 的總計 1 條記錄到表格 '1040001' 。
2026-01-22 00:18:19,775 - SUCCESS - 已成功批量插入 '全國單日平均糧價' 的總計 1 條記錄到表格 '1040001' 。
2026-01-22 00:18:19,778 - SUCCESS - '全國單日平均糧價' 的自動更新完成。
2026-01-22 00:18:19,778 - SUCCESS - '全國單日平均糧價' 的自動更新完成。
2026-01-22 00:18:21,354 - SUCCESS - 成功提取 '各觀測站近兩年降雨量' 的網頁 Metadata。
2026-01-22 00:18:21,354 - SUCCESS - 成功提取 '各觀測站近兩年降雨量' 的網頁 Metadata。
2026-01-22 00:18:23,374 - SUCCESS - 成功提取 '產銷履歷與有機蔬果行情' 的網頁 Metadata。
2026-01-22 00:18:23,374 - SUCCESS - 成功提取 '產銷履歷與有機蔬果行情' 的網頁 Metadata。
2026-01-22 00:18:23,416 - SUCCESS - '產銷履歷與有機蔬果行情' 的 Metadata 已更新到 metadata.json。
2026-01-22 00:18:23,416 - SUCCESS - '產銷履歷與有機蔬果行情' 的 Metadata 已更新到 metadata.json。
2026-01-22 00:18:28,868 - SUCCESS - <產銷履歷與有機蔬果行情>的資料已下載完成，共 4706 筆資料。
2026-01-22 00:18:28,868 - SUCCESS - <產銷履歷與有機蔬果行情>的資料已下載完成，共 4706 筆資料。
2026-01-22 00:18:53,684 - SUCCESS - 已下載、去重並合併資料完成現有資料 348457 條，新資料 2308 條。
2026-01-22 00:18:53,684 - SUCCESS - 已下載、去重並合併資料完成現有資料 348457 條，新資料 2308 條。
2026-01-22 00:18:55,567 - SUCCESS - 已下載 '產銷履歷與有機蔬果行情' 的原始 JSON 資料路徑: 'C:\Python\data_moa_gov_tw\raw_data\產銷履歷與有機蔬果行情\產銷履歷與有機蔬果行情.json'
2026-01-22 00:18:55,567 - SUCCESS - 已下載 '產銷履歷與有機蔬果行情' 的原始 JSON 資料路徑: 'C:\Python\data_moa_gov_tw\raw_data\產銷履歷與有機蔬果行情\產銷履歷與有機蔬果行情.json'
2026-01-22 00:18:55,574 - SUCCESS - 插入或更新 '產銷履歷與有機蔬果行情' 的 Metadata 成功。
2026-01-22 00:18:55,574 - SUCCESS - 插入或更新 '產銷履歷與有機蔬果行情' 的 Metadata 成功。
2026-01-22 00:18:56,452 - SUCCESS - 已成功批量插入 '產銷履歷與有機蔬果行情' 的總計 2308 條記錄到表格 '1040003' 。
2026-01-22 00:18:56,452 - SUCCESS - 已成功批量插入 '產銷履歷與有機蔬果行情' 的總計 2308 條記錄到表格 '1040003' 。
2026-01-22 00:18:56,545 - SUCCESS - '產銷履歷與有機蔬果行情' 的自動更新完成。
2026-01-22 00:18:56,545 - SUCCESS - '產銷履歷與有機蔬果行情' 的自動更新完成。
2026-01-22 00:18:59,336 - SUCCESS - 成功提取 '糧價查詢' 的網頁 Metadata。
2026-01-22 00:18:59,336 - SUCCESS - 成功提取 '糧價查詢' 的網頁 Metadata。
2026-01-22 00:18:59,381 - SUCCESS - '糧價查詢' 的 Metadata 已更新到 metadata.json。
2026-01-22 00:18:59,381 - SUCCESS - '糧價查詢' 的 Metadata 已更新到 metadata.json。
2026-01-22 00:19:01,961 - SUCCESS - <糧價查詢>的資料已下載完成，共 9999 筆資料。
2026-01-22 00:19:01,961 - SUCCESS - <糧價查詢>的資料已下載完成，共 9999 筆資料。
2026-01-22 00:19:02,769 - SUCCESS - 已下載、去重並合併資料完成現有資料 11215 條，新資料 20 條。
2026-01-22 00:19:02,769 - SUCCESS - 已下載、去重並合併資料完成現有資料 11215 條，新資料 20 條。
2026-01-22 00:19:03,576 - SUCCESS - 已下載 '糧價查詢' 的原始 JSON 資料路徑: 'C:\Python\data_moa_gov_tw\raw_data\糧價查詢\糧價查詢.json'
2026-01-22 00:19:03,576 - SUCCESS - 已下載 '糧價查詢' 的原始 JSON 資料路徑: 'C:\Python\data_moa_gov_tw\raw_data\糧價查詢\糧價查詢.json'
2026-01-22 00:19:03,581 - SUCCESS - 插入或更新 '糧價查詢' 的 Metadata 成功。
2026-01-22 00:19:03,581 - SUCCESS - 插入或更新 '糧價查詢' 的 Metadata 成功。
2026-01-22 00:19:03,599 - SUCCESS - 已成功批量插入 '糧價查詢' 的總計 20 條記錄到表格 '1040004' 。
2026-01-22 00:19:03,599 - SUCCESS - 已成功批量插入 '糧價查詢' 的總計 20 條記錄到表格 '1040004' 。
2026-01-22 00:19:03,604 - SUCCESS - '糧價查詢' 的自動更新完成。
2026-01-22 00:19:03,604 - SUCCESS - '糧價查詢' 的自動更新完成。
2026-01-22 00:19:05,407 - SUCCESS - 成功提取 '臺灣地區果品生產概況' 的網頁 Metadata。
2026-01-22 00:19:05,407 - SUCCESS - 成功提取 '臺灣地區果品生產概況' 的網頁 Metadata。
2026-01-22 00:19:07,390 - SUCCESS - 成功提取 '臺灣地區特用作物生產概況' 的網頁 Metadata。
2026-01-22 00:19:07,390 - SUCCESS - 成功提取 '臺灣地區特用作物生產概況' 的網頁 Metadata。
2026-01-22 00:19:09,147 - SUCCESS - 成功提取 '臺灣地區稻作種植、收穫面積及產量' 的網頁 Metadata。
2026-01-22 00:19:09,147 - SUCCESS - 成功提取 '臺灣地區稻作種植、收穫面積及產量' 的網頁 Metadata。
2026-01-22 00:19:10,620 - SUCCESS - 成功提取 '臺灣地區稻米生產價值' 的網頁 Metadata。
2026-01-22 00:19:10,620 - SUCCESS - 成功提取 '臺灣地區稻米生產價值' 的網頁 Metadata。
2026-01-22 00:19:12,050 - SUCCESS - 成功提取 '臺灣地區蔬菜生產概況' 的網頁 Metadata。
2026-01-22 00:19:12,050 - SUCCESS - 成功提取 '臺灣地區蔬菜生產概況' 的網頁 Metadata。
2026-01-22 00:19:13,584 - SUCCESS - 成功提取 '臺灣地區農產品生產量值' 的網頁 Metadata。
2026-01-22 00:19:13,584 - SUCCESS - 成功提取 '臺灣地區農產品生產量值' 的網頁 Metadata。
2026-01-22 00:19:15,114 - SUCCESS - 成功提取 '農情調查' 的網頁 Metadata。
2026-01-22 00:19:15,114 - SUCCESS - 成功提取 '農情調查' 的網頁 Metadata。
2026-01-22 00:19:15,158 - SUCCESS - '農情調查' 的 Metadata 已更新到 metadata.json。
2026-01-22 00:19:15,158 - SUCCESS - '農情調查' 的 Metadata 已更新到 metadata.json。
2026-01-22 00:19:18,834 - SUCCESS - <農情調查>的資料已下載完成，共 9999 筆資料。
2026-01-22 00:19:18,834 - SUCCESS - <農情調查>的資料已下載完成，共 9999 筆資料。
2026-01-22 00:19:19,890 - SUCCESS - 已下載、去重並合併資料完成現有資料 45259 條，新資料 0 條。
2026-01-22 00:19:19,890 - SUCCESS - 已下載、去重並合併資料完成現有資料 45259 條，新資料 0 條。
2026-01-22 00:19:20,176 - SUCCESS - 插入或更新 '農情調查' 的 Metadata 成功。
2026-01-22 00:19:20,176 - SUCCESS - 插入或更新 '農情調查' 的 Metadata 成功。
2026-01-22 00:19:20,187 - SUCCESS - '農情調查' 的自動更新完成。
2026-01-22 00:19:20,187 - SUCCESS - '農情調查' 的自動更新完成。
2026-01-22 00:19:21,748 - SUCCESS - 成功提取 '農產品交易行情' 的網頁 Metadata。
2026-01-22 00:19:21,748 - SUCCESS - 成功提取 '農產品交易行情' 的網頁 Metadata。
2026-01-22 00:19:21,790 - SUCCESS - '農產品交易行情' 的 Metadata 已更新到 metadata.json。
2026-01-22 00:19:21,790 - SUCCESS - '農產品交易行情' 的 Metadata 已更新到 metadata.json。
2026-01-22 00:19:42,806 - SUCCESS - <農產品交易行情>的資料已下載完成，共 8193 筆資料。
2026-01-22 00:19:42,806 - SUCCESS - <農產品交易行情>的資料已下載完成，共 8193 筆資料。
2026-01-22 00:20:12,157 - SUCCESS - 已下載、去重並合併資料完成現有資料 632966 條，新資料 3710 條。
2026-01-22 00:20:12,157 - SUCCESS - 已下載、去重並合併資料完成現有資料 632966 條，新資料 3710 條。
2026-01-22 00:20:15,271 - SUCCESS - 已下載 '農產品交易行情' 的原始 JSON 資料路徑: 'C:\Python\data_moa_gov_tw\raw_data\農產品交易行情\農產品交易行情.json'
2026-01-22 00:20:15,271 - SUCCESS - 已下載 '農產品交易行情' 的原始 JSON 資料路徑: 'C:\Python\data_moa_gov_tw\raw_data\農產品交易行情\農產品交易行情.json'
2026-01-22 00:20:15,276 - SUCCESS - 插入或更新 '農產品交易行情' 的 Metadata 成功。
2026-01-22 00:20:15,276 - SUCCESS - 插入或更新 '農產品交易行情' 的 Metadata 成功。
2026-01-22 00:20:16,703 - SUCCESS - 已成功批量插入 '農產品交易行情' 的總計 3706 條記錄到表格 '1040012' 。
2026-01-22 00:20:16,703 - SUCCESS - 已成功批量插入 '農產品交易行情' 的總計 3706 條記錄到表格 '1040012' 。
2026-01-22 00:20:16,949 - SUCCESS - '農產品交易行情' 的自動更新完成。
2026-01-22 00:20:16,949 - SUCCESS - '農產品交易行情' 的自動更新完成。
2026-01-22 00:20:19,116 - SUCCESS - 成功提取 '農產品產地價格(月平均價格)' 的網頁 Metadata。
2026-01-22 00:20:19,116 - SUCCESS - 成功提取 '農產品產地價格(月平均價格)' 的網頁 Metadata。
2026-01-22 00:20:20,585 - SUCCESS - 成功提取 '農產品產地價格資料' 的網頁 Metadata。
2026-01-22 00:20:20,585 - SUCCESS - 成功提取 '農產品產地價格資料' 的網頁 Metadata。
2026-01-22 00:20:20,626 - SUCCESS - '農產品產地價格資料' 的 Metadata 已更新到 metadata.json。
2026-01-22 00:20:20,626 - SUCCESS - '農產品產地價格資料' 的 Metadata 已更新到 metadata.json。
2026-01-22 00:20:21,379 - SUCCESS - <農產品產地價格資料>的資料已下載完成，共 9999 筆資料。
2026-01-22 00:20:21,379 - SUCCESS - <農產品產地價格資料>的資料已下載完成，共 9999 筆資料。
2026-01-22 00:21:04,842 - SUCCESS - 已下載、去重並合併資料完成現有資料 350363 條，新資料 1 條。
2026-01-22 00:21:04,842 - SUCCESS - 已下載、去重並合併資料完成現有資料 350363 條，新資料 1 條。
2026-01-22 00:21:06,793 - SUCCESS - 已下載 '農產品產地價格資料' 的原始 JSON 資料路徑: 'C:\Python\data_moa_gov_tw\raw_data\農產品產地價格資料\農產品產地價格資料.json'
2026-01-22 00:21:06,793 - SUCCESS - 已下載 '農產品產地價格資料' 的原始 JSON 資料路徑: 'C:\Python\data_moa_gov_tw\raw_data\農產品產地價格資料\農產品產地價格資料.json'
2026-01-22 00:21:06,797 - SUCCESS - 插入或更新 '農產品產地價格資料' 的 Metadata 成功。
2026-01-22 00:21:06,797 - SUCCESS - 插入或更新 '農產品產地價格資料' 的 Metadata 成功。
2026-01-22 00:21:06,802 - SUCCESS - 已成功批量插入 '農產品產地價格資料' 的總計 1 條記錄到表格 '1040014' 。
2026-01-22 00:21:06,802 - SUCCESS - 已成功批量插入 '農產品產地價格資料' 的總計 1 條記錄到表格 '1040014' 。
2026-01-22 00:21:06,878 - SUCCESS - '農產品產地價格資料' 的自動更新完成。
2026-01-22 00:21:06,878 - SUCCESS - '農產品產地價格資料' 的自動更新完成。
2026-01-22 00:21:08,335 - SUCCESS - 成功提取 '雜糧生產概況' 的網頁 Metadata。
2026-01-22 00:21:08,335 - SUCCESS - 成功提取 '雜糧生產概況' 的網頁 Metadata。
2026-01-22 00:21:09,352 - SUCCESS - 已成功儲存次要資訊。
2026-01-22 00:21:09,352 - SUCCESS - 已成功儲存次要資訊。
2026-01-22 00:21:09,352 - SUCCESS - 更新結果儲存成功:{'全國單日平均糧價': '已更新', '各觀測站近兩年降雨量': '未更新', '產銷履歷與有機蔬果行情': '已更新', '糧價查詢': '已更新', '臺灣地區果品生產概況': '未更新', '臺灣地區特用作物生產概況': '未更新', '臺灣地區稻作種植、收穫面積及產量': '未更新', '臺灣地區稻米生產價值': '未更新', '臺灣地區蔬菜生產概況': '未更新', '臺灣地區農產品生產量值': '未更新', '農情調查': '已更新', '農產品交易行情': '已更新', '農產品產地價格(月平均價格)': '未更新', '農產品產地價格資料': '已更新', '雜糧生產概況': '未更新'}
2026-01-22 00:21:09,352 - SUCCESS - 更新結果儲存成功:{'全國單日平均糧價': '已更新', '各觀測站近兩年降雨量': '未更新', '產銷履歷與有機蔬果行情': '已更新', '糧價查詢': '已更新', '臺灣地區果品生產概況': '未更新', '臺灣地區特用作物生產概況': '未更新', '臺灣地區稻作種植、收穫面積及產量': '未更新', '臺灣地區稻米生產價值': '未更新', '臺灣地區蔬菜生產概況': '未更新', '臺灣地區農產品生產量值': '未更新', '農情調查': '已更新', '農產品交易行情': '已更新', '農產品產地價格(月平均價格)': '未更新', '農產品產地價格資料': '已更新', '雜糧生產概況': '未更新'}
2026-01-22 22:27:33,835 - SUCCESS - 成功提取 '全國單日平均糧價' 的網頁 Metadata。
2026-01-22 22:27:33,835 - SUCCESS - 成功提取 '全國單日平均糧價' 的網頁 Metadata。
2026-01-22 22:27:33,880 - SUCCESS - '全國單日平均糧價' 的 Metadata 已更新到 metadata.json。
2026-01-22 22:27:33,880 - SUCCESS - '全國單日平均糧價' 的 Metadata 已更新到 metadata.json。
2026-01-22 22:27:35,180 - SUCCESS - <全國單日平均糧價>的資料已下載完成，共 9173 筆資料。
2026-01-22 22:27:35,180 - SUCCESS - <全國單日平均糧價>的資料已下載完成，共 9173 筆資料。
2026-01-22 22:27:35,844 - SUCCESS - 已下載、去重並合併資料完成現有資料 9173 條，新資料 1 條。
2026-01-22 22:27:35,844 - SUCCESS - 已下載、去重並合併資料完成現有資料 9173 條，新資料 1 條。
2026-01-22 22:27:35,886 - SUCCESS - 已下載 '全國單日平均糧價' 的原始 JSON 資料路徑: 'C:\Python\data_moa_gov_tw\raw_data\全國單日平均糧價\全國單日平均糧價.json'
2026-01-22 22:27:35,886 - SUCCESS - 已下載 '全國單日平均糧價' 的原始 JSON 資料路徑: 'C:\Python\data_moa_gov_tw\raw_data\全國單日平均糧價\全國單日平均糧價.json'
2026-01-22 22:27:35,914 - SUCCESS - 插入或更新 '全國單日平均糧價' 的 Metadata 成功。
2026-01-22 22:27:35,914 - SUCCESS - 插入或更新 '全國單日平均糧價' 的 Metadata 成功。
2026-01-22 22:27:35,917 - SUCCESS - 已成功批量插入 '全國單日平均糧價' 的總計 1 條記錄到表格 '1040001' 。
2026-01-22 22:27:35,917 - SUCCESS - 已成功批量插入 '全國單日平均糧價' 的總計 1 條記錄到表格 '1040001' 。
2026-01-22 22:27:35,925 - SUCCESS - '全國單日平均糧價' 的自動更新完成。
2026-01-22 22:27:35,925 - SUCCESS - '全國單日平均糧價' 的自動更新完成。
2026-01-22 22:27:37,174 - SUCCESS - 成功提取 '各觀測站近兩年降雨量' 的網頁 Metadata。
2026-01-22 22:27:37,174 - SUCCESS - 成功提取 '各觀測站近兩年降雨量' 的網頁 Metadata。
2026-01-22 22:27:38,429 - SUCCESS - 成功提取 '產銷履歷與有機蔬果行情' 的網頁 Metadata。
2026-01-22 22:27:38,429 - SUCCESS - 成功提取 '產銷履歷與有機蔬果行情' 的網頁 Metadata。
2026-01-22 22:27:38,492 - SUCCESS - '產銷履歷與有機蔬果行情' 的 Metadata 已更新到 metadata.json。
2026-01-22 22:27:38,492 - SUCCESS - '產銷履歷與有機蔬果行情' 的 Metadata 已更新到 metadata.json。
2026-01-22 22:27:39,884 - SUCCESS - <產銷履歷與有機蔬果行情>的資料已下載完成，共 2656 筆資料。
2026-01-22 22:27:39,884 - SUCCESS - <產銷履歷與有機蔬果行情>的資料已下載完成，共 2656 筆資料。
2026-01-22 22:28:06,363 - SUCCESS - 已下載、去重並合併資料完成現有資料 348805 條，新資料 348 條。
2026-01-22 22:28:06,363 - SUCCESS - 已下載、去重並合併資料完成現有資料 348805 條，新資料 348 條。
2026-01-22 22:28:08,626 - SUCCESS - 已下載 '產銷履歷與有機蔬果行情' 的原始 JSON 資料路徑: 'C:\Python\data_moa_gov_tw\raw_data\產銷履歷與有機蔬果行情\產銷履歷與有機蔬果行情.json'
2026-01-22 22:28:08,626 - SUCCESS - 已下載 '產銷履歷與有機蔬果行情' 的原始 JSON 資料路徑: 'C:\Python\data_moa_gov_tw\raw_data\產銷履歷與有機蔬果行情\產銷履歷與有機蔬果行情.json'
2026-01-22 22:28:08,634 - SUCCESS - 插入或更新 '產銷履歷與有機蔬果行情' 的 Metadata 成功。
2026-01-22 22:28:08,634 - SUCCESS - 插入或更新 '產銷履歷與有機蔬果行情' 的 Metadata 成功。
2026-01-22 22:28:08,871 - SUCCESS - 已成功批量插入 '產銷履歷與有機蔬果行情' 的總計 348 條記錄到表格 '1040003' 。
2026-01-22 22:28:08,871 - SUCCESS - 已成功批量插入 '產銷履歷與有機蔬果行情' 的總計 348 條記錄到表格 '1040003' 。
2026-01-22 22:28:08,991 - SUCCESS - '產銷履歷與有機蔬果行情' 的自動更新完成。
2026-01-22 22:28:08,991 - SUCCESS - '產銷履歷與有機蔬果行情' 的自動更新完成。
2026-01-22 22:28:11,327 - SUCCESS - 成功提取 '糧價查詢' 的網頁 Metadata。
2026-01-22 22:28:11,327 - SUCCESS - 成功提取 '糧價查詢' 的網頁 Metadata。
2026-01-22 22:28:11,384 - SUCCESS - '糧價查詢' 的 Metadata 已更新到 metadata.json。
2026-01-22 22:28:11,384 - SUCCESS - '糧價查詢' 的 Metadata 已更新到 metadata.json。
2026-01-22 22:28:14,453 - SUCCESS - <糧價查詢>的資料已下載完成，共 9999 筆資料。
2026-01-22 22:28:14,453 - SUCCESS - <糧價查詢>的資料已下載完成，共 9999 筆資料。
2026-01-22 22:28:15,270 - SUCCESS - 已下載、去重並合併資料完成現有資料 11236 條，新資料 21 條。
2026-01-22 22:28:15,270 - SUCCESS - 已下載、去重並合併資料完成現有資料 11236 條，新資料 21 條。
2026-01-22 22:28:16,247 - SUCCESS - 已下載 '糧價查詢' 的原始 JSON 資料路徑: 'C:\Python\data_moa_gov_tw\raw_data\糧價查詢\糧價查詢.json'
2026-01-22 22:28:16,247 - SUCCESS - 已下載 '糧價查詢' 的原始 JSON 資料路徑: 'C:\Python\data_moa_gov_tw\raw_data\糧價查詢\糧價查詢.json'
2026-01-22 22:28:16,258 - SUCCESS - 插入或更新 '糧價查詢' 的 Metadata 成功。
2026-01-22 22:28:16,258 - SUCCESS - 插入或更新 '糧價查詢' 的 Metadata 成功。
2026-01-22 22:28:16,282 - SUCCESS - 已成功批量插入 '糧價查詢' 的總計 21 條記錄到表格 '1040004' 。
2026-01-22 22:28:16,282 - SUCCESS - 已成功批量插入 '糧價查詢' 的總計 21 條記錄到表格 '1040004' 。
2026-01-22 22:28:16,288 - SUCCESS - '糧價查詢' 的自動更新完成。
2026-01-22 22:28:16,288 - SUCCESS - '糧價查詢' 的自動更新完成。
2026-01-22 22:28:18,189 - SUCCESS - 成功提取 '臺灣地區果品生產概況' 的網頁 Metadata。
2026-01-22 22:28:18,189 - SUCCESS - 成功提取 '臺灣地區果品生產概況' 的網頁 Metadata。
2026-01-22 22:28:19,617 - SUCCESS - 成功提取 '臺灣地區特用作物生產概況' 的網頁 Metadata。
2026-01-22 22:28:19,617 - SUCCESS - 成功提取 '臺灣地區特用作物生產概況' 的網頁 Metadata。
2026-01-22 22:28:20,822 - SUCCESS - 成功提取 '臺灣地區稻作種植、收穫面積及產量' 的網頁 Metadata。
2026-01-22 22:28:20,822 - SUCCESS - 成功提取 '臺灣地區稻作種植、收穫面積及產量' 的網頁 Metadata。
2026-01-22 22:28:22,115 - SUCCESS - 成功提取 '臺灣地區稻米生產價值' 的網頁 Metadata。
2026-01-22 22:28:22,115 - SUCCESS - 成功提取 '臺灣地區稻米生產價值' 的網頁 Metadata。
2026-01-22 22:28:23,749 - SUCCESS - 成功提取 '臺灣地區蔬菜生產概況' 的網頁 Metadata。
2026-01-22 22:28:23,749 - SUCCESS - 成功提取 '臺灣地區蔬菜生產概況' 的網頁 Metadata。
2026-01-22 22:28:25,084 - SUCCESS - 成功提取 '臺灣地區農產品生產量值' 的網頁 Metadata。
2026-01-22 22:28:25,084 - SUCCESS - 成功提取 '臺灣地區農產品生產量值' 的網頁 Metadata。
2026-01-22 22:28:26,368 - SUCCESS - 成功提取 '農情調查' 的網頁 Metadata。
2026-01-22 22:28:26,368 - SUCCESS - 成功提取 '農情調查' 的網頁 Metadata。
2026-01-22 22:28:26,422 - SUCCESS - '農情調查' 的 Metadata 已更新到 metadata.json。
2026-01-22 22:28:26,422 - SUCCESS - '農情調查' 的 Metadata 已更新到 metadata.json。
2026-01-22 22:28:29,468 - SUCCESS - <農情調查>的資料已下載完成，共 9999 筆資料。
2026-01-22 22:28:29,468 - SUCCESS - <農情調查>的資料已下載完成，共 9999 筆資料。
2026-01-22 22:28:30,625 - SUCCESS - 已下載、去重並合併資料完成現有資料 45259 條，新資料 0 條。
2026-01-22 22:28:30,625 - SUCCESS - 已下載、去重並合併資料完成現有資料 45259 條，新資料 0 條。
2026-01-22 22:28:30,972 - SUCCESS - 插入或更新 '農情調查' 的 Metadata 成功。
2026-01-22 22:28:30,972 - SUCCESS - 插入或更新 '農情調查' 的 Metadata 成功。
2026-01-22 22:28:30,988 - SUCCESS - '農情調查' 的自動更新完成。
2026-01-22 22:28:30,988 - SUCCESS - '農情調查' 的自動更新完成。
2026-01-22 22:28:32,257 - SUCCESS - 成功提取 '農產品交易行情' 的網頁 Metadata。
2026-01-22 22:28:32,257 - SUCCESS - 成功提取 '農產品交易行情' 的網頁 Metadata。
2026-01-22 22:28:32,303 - SUCCESS - '農產品交易行情' 的 Metadata 已更新到 metadata.json。
2026-01-22 22:28:32,303 - SUCCESS - '農產品交易行情' 的 Metadata 已更新到 metadata.json。
2026-01-22 22:28:42,077 - SUCCESS - <農產品交易行情>的資料已下載完成，共 9892 筆資料。
2026-01-22 22:28:42,077 - SUCCESS - <農產品交易行情>的資料已下載完成，共 9892 筆資料。
2026-01-22 22:29:14,473 - SUCCESS - 已下載、去重並合併資料完成現有資料 634665 條，新資料 1699 條。
2026-01-22 22:29:14,473 - SUCCESS - 已下載、去重並合併資料完成現有資料 634665 條，新資料 1699 條。
2026-01-22 22:29:17,694 - SUCCESS - 已下載 '農產品交易行情' 的原始 JSON 資料路徑: 'C:\Python\data_moa_gov_tw\raw_data\農產品交易行情\農產品交易行情.json'
2026-01-22 22:29:17,694 - SUCCESS - 已下載 '農產品交易行情' 的原始 JSON 資料路徑: 'C:\Python\data_moa_gov_tw\raw_data\農產品交易行情\農產品交易行情.json'
2026-01-22 22:29:17,696 - SUCCESS - 插入或更新 '農產品交易行情' 的 Metadata 成功。
2026-01-22 22:29:17,696 - SUCCESS - 插入或更新 '農產品交易行情' 的 Metadata 成功。
2026-01-22 22:29:18,424 - SUCCESS - 已成功批量插入 '農產品交易行情' 的總計 1699 條記錄到表格 '1040012' 。
2026-01-22 22:29:18,424 - SUCCESS - 已成功批量插入 '農產品交易行情' 的總計 1699 條記錄到表格 '1040012' 。
2026-01-22 22:29:18,682 - SUCCESS - '農產品交易行情' 的自動更新完成。
2026-01-22 22:29:18,682 - SUCCESS - '農產品交易行情' 的自動更新完成。
2026-01-22 22:29:20,625 - SUCCESS - 成功提取 '農產品產地價格(月平均價格)' 的網頁 Metadata。
2026-01-22 22:29:20,625 - SUCCESS - 成功提取 '農產品產地價格(月平均價格)' 的網頁 Metadata。
2026-01-22 22:29:21,954 - SUCCESS - 成功提取 '農產品產地價格資料' 的網頁 Metadata。
2026-01-22 22:29:21,954 - SUCCESS - 成功提取 '農產品產地價格資料' 的網頁 Metadata。
2026-01-22 22:29:22,004 - SUCCESS - '農產品產地價格資料' 的 Metadata 已更新到 metadata.json。
2026-01-22 22:29:22,004 - SUCCESS - '農產品產地價格資料' 的 Metadata 已更新到 metadata.json。
2026-01-22 22:29:22,838 - SUCCESS - <農產品產地價格資料>的資料已下載完成，共 9999 筆資料。
2026-01-22 22:29:22,838 - SUCCESS - <農產品產地價格資料>的資料已下載完成，共 9999 筆資料。
2026-01-22 22:30:08,268 - SUCCESS - 已下載、去重並合併資料完成現有資料 350374 條，新資料 11 條。
2026-01-22 22:30:08,268 - SUCCESS - 已下載、去重並合併資料完成現有資料 350374 條，新資料 11 條。
2026-01-22 22:30:10,330 - SUCCESS - 已下載 '農產品產地價格資料' 的原始 JSON 資料路徑: 'C:\Python\data_moa_gov_tw\raw_data\農產品產地價格資料\農產品產地價格資料.json'
2026-01-22 22:30:10,330 - SUCCESS - 已下載 '農產品產地價格資料' 的原始 JSON 資料路徑: 'C:\Python\data_moa_gov_tw\raw_data\農產品產地價格資料\農產品產地價格資料.json'
2026-01-22 22:30:10,337 - SUCCESS - 插入或更新 '農產品產地價格資料' 的 Metadata 成功。
2026-01-22 22:30:10,337 - SUCCESS - 插入或更新 '農產品產地價格資料' 的 Metadata 成功。
2026-01-22 22:30:10,352 - SUCCESS - 已成功批量插入 '農產品產地價格資料' 的總計 11 條記錄到表格 '1040014' 。
2026-01-22 22:30:10,352 - SUCCESS - 已成功批量插入 '農產品產地價格資料' 的總計 11 條記錄到表格 '1040014' 。
2026-01-22 22:30:10,444 - SUCCESS - '農產品產地價格資料' 的自動更新完成。
2026-01-22 22:30:10,444 - SUCCESS - '農產品產地價格資料' 的自動更新完成。
2026-01-22 22:30:11,889 - SUCCESS - 成功提取 '雜糧生產概況' 的網頁 Metadata。
2026-01-22 22:30:11,889 - SUCCESS - 成功提取 '雜糧生產概況' 的網頁 Metadata。
2026-01-22 22:30:12,903 - SUCCESS - 已成功儲存次要資訊。
2026-01-22 22:30:12,903 - SUCCESS - 已成功儲存次要資訊。
2026-01-22 22:30:12,904 - SUCCESS - 更新結果儲存成功:{'全國單日平均糧價': '已更新', '各觀測站近兩年降雨量': '未更新', '產銷履歷與有機蔬果行情': '已更新', '糧價查詢': '已更新', '臺灣地區果品生產概況': '未更新', '臺灣地區特用作物生產概況': '未更新', '臺灣地區稻作種植、收穫面積及產量': '未更新', '臺灣地區稻米生產價值': '未更新', '臺灣地區蔬菜生產概況': '未更新', '臺灣地區農產品生產量值': '未更新', '農情調查': '已更新', '農產品交易行情': '已更新', '農產品產地價格(月平均價格)': '未更新', '農產品產地價格資料': '已更新', '雜糧生產概況': '未更新'}
2026-01-22 22:30:12,904 - SUCCESS - 更新結果儲存成功:{'全國單日平均糧價': '已更新', '各觀測站近兩年降雨量': '未更新', '產銷履歷與有機蔬果行情': '已更新', '糧價查詢': '已更新', '臺灣地區果品生產概況': '未更新', '臺灣地區特用作物生產概況': '未更新', '臺灣地區稻作種植、收穫面積及產量': '未更新', '臺灣地區稻米生產價值': '未更新', '臺灣地區蔬菜生產概況': '未更新', '臺灣地區農產品生產量值': '未更新', '農情調查': '已更新', '農產品交易行情': '已更新', '農產品產地價格(月平均價格)': '未更新', '農產品產地價格資料': '已更新', '雜糧生產概況': '未更新'}
