2025-11-25 22:44:52,571 - SUCCESS - 成功提取 '全國單日平均糧價' 的網頁 Metadata。
2025-11-25 22:44:52,571 - SUCCESS - 成功提取 '全國單日平均糧價' 的網頁 Metadata。
2025-11-25 22:44:52,687 - SUCCESS - '全國單日平均糧價' 的 Metadata 已更新到 metadata.json。
2025-11-25 22:44:52,687 - SUCCESS - '全國單日平均糧價' 的 Metadata 已更新到 metadata.json。
2025-11-25 22:44:54,942 - SUCCESS - <全國單日平均糧價>的資料已下載完成，共 9115 筆資料。
2025-11-25 22:44:54,942 - SUCCESS - <全國單日平均糧價>的資料已下載完成，共 9115 筆資料。
2025-11-25 22:44:56,633 - SUCCESS - 已下載、去重並合併資料完成現有資料 9115 條，新資料 1 條。
2025-11-25 22:44:56,633 - SUCCESS - 已下載、去重並合併資料完成現有資料 9115 條，新資料 1 條。
2025-11-25 22:44:56,743 - SUCCESS - 已下載 '全國單日平均糧價' 的原始 JSON 資料路徑: 'C:\Python\data_moa_gov_tw\raw_data\全國單日平均糧價\全國單日平均糧價.json'
2025-11-25 22:44:56,743 - SUCCESS - 已下載 '全國單日平均糧價' 的原始 JSON 資料路徑: 'C:\Python\data_moa_gov_tw\raw_data\全國單日平均糧價\全國單日平均糧價.json'
2025-11-25 22:44:56,760 - SUCCESS - 插入或更新 '全國單日平均糧價' 的 Metadata 成功。
2025-11-25 22:44:56,760 - SUCCESS - 插入或更新 '全國單日平均糧價' 的 Metadata 成功。
2025-11-25 22:44:56,771 - SUCCESS - 已成功批量插入 '全國單日平均糧價' 的總計 1 條記錄到表格 '1040001' 。
2025-11-25 22:44:56,771 - SUCCESS - 已成功批量插入 '全國單日平均糧價' 的總計 1 條記錄到表格 '1040001' 。
2025-11-25 22:44:56,792 - SUCCESS - '全國單日平均糧價' 的自動更新完成。
2025-11-25 22:44:56,792 - SUCCESS - '全國單日平均糧價' 的自動更新完成。
2025-11-25 22:44:58,221 - SUCCESS - 成功提取 '各觀測站近兩年降雨量' 的網頁 Metadata。
2025-11-25 22:44:58,221 - SUCCESS - 成功提取 '各觀測站近兩年降雨量' 的網頁 Metadata。
2025-11-25 22:44:59,845 - SUCCESS - 成功提取 '產銷履歷與有機蔬果行情' 的網頁 Metadata。
2025-11-25 22:44:59,845 - SUCCESS - 成功提取 '產銷履歷與有機蔬果行情' 的網頁 Metadata。
2025-11-25 22:44:59,936 - SUCCESS - '產銷履歷與有機蔬果行情' 的 Metadata 已更新到 metadata.json。
2025-11-25 22:44:59,936 - SUCCESS - '產銷履歷與有機蔬果行情' 的 Metadata 已更新到 metadata.json。
2025-11-25 22:45:01,360 - SUCCESS - <產銷履歷與有機蔬果行情>的資料已下載完成，共 2423 筆資料。
2025-11-25 22:45:01,360 - SUCCESS - <產銷履歷與有機蔬果行情>的資料已下載完成，共 2423 筆資料。
2025-11-25 22:45:25,252 - SUCCESS - 已下載、去重並合併資料完成現有資料 238749 條，新資料 2344 條。
2025-11-25 22:45:25,252 - SUCCESS - 已下載、去重並合併資料完成現有資料 238749 條，新資料 2344 條。
2025-11-25 22:45:26,821 - SUCCESS - 已下載 '產銷履歷與有機蔬果行情' 的原始 JSON 資料路徑: 'C:\Python\data_moa_gov_tw\raw_data\產銷履歷與有機蔬果行情\產銷履歷與有機蔬果行情.json'
2025-11-25 22:45:26,821 - SUCCESS - 已下載 '產銷履歷與有機蔬果行情' 的原始 JSON 資料路徑: 'C:\Python\data_moa_gov_tw\raw_data\產銷履歷與有機蔬果行情\產銷履歷與有機蔬果行情.json'
2025-11-25 22:45:26,837 - SUCCESS - 插入或更新 '產銷履歷與有機蔬果行情' 的 Metadata 成功。
2025-11-25 22:45:26,837 - SUCCESS - 插入或更新 '產銷履歷與有機蔬果行情' 的 Metadata 成功。
2025-11-25 22:45:28,535 - SUCCESS - 已成功批量插入 '產銷履歷與有機蔬果行情' 的總計 2344 條記錄到表格 '1040003' 。
2025-11-25 22:45:28,535 - SUCCESS - 已成功批量插入 '產銷履歷與有機蔬果行情' 的總計 2344 條記錄到表格 '1040003' 。
2025-11-25 22:45:28,618 - SUCCESS - '產銷履歷與有機蔬果行情' 的自動更新完成。
2025-11-25 22:45:28,618 - SUCCESS - '產銷履歷與有機蔬果行情' 的自動更新完成。
2025-11-25 22:45:29,782 - SUCCESS - 成功提取 '糧價查詢' 的網頁 Metadata。
2025-11-25 22:45:29,782 - SUCCESS - 成功提取 '糧價查詢' 的網頁 Metadata。
2025-11-25 22:45:29,810 - SUCCESS - '糧價查詢' 的 Metadata 已更新到 metadata.json。
2025-11-25 22:45:29,810 - SUCCESS - '糧價查詢' 的 Metadata 已更新到 metadata.json。
2025-11-25 22:45:31,137 - SUCCESS - <糧價查詢>的資料已下載完成，共 9999 筆資料。
2025-11-25 22:45:31,137 - SUCCESS - <糧價查詢>的資料已下載完成，共 9999 筆資料。
2025-11-25 22:45:47,262 - SUCCESS - 已下載、去重並合併資料完成現有資料 240883 條，新資料 20 條。
2025-11-25 22:45:47,262 - SUCCESS - 已下載、去重並合併資料完成現有資料 240883 條，新資料 20 條。
2025-11-25 22:45:49,152 - SUCCESS - 已下載 '糧價查詢' 的原始 JSON 資料路徑: 'C:\Python\data_moa_gov_tw\raw_data\糧價查詢\糧價查詢.json'
2025-11-25 22:45:49,152 - SUCCESS - 已下載 '糧價查詢' 的原始 JSON 資料路徑: 'C:\Python\data_moa_gov_tw\raw_data\糧價查詢\糧價查詢.json'
2025-11-25 22:45:49,199 - SUCCESS - 插入或更新 '糧價查詢' 的 Metadata 成功。
2025-11-25 22:45:49,199 - SUCCESS - 插入或更新 '糧價查詢' 的 Metadata 成功。
2025-11-25 22:45:49,256 - SUCCESS - 已成功批量插入 '糧價查詢' 的總計 20 條記錄到表格 '1040004' 。
2025-11-25 22:45:49,256 - SUCCESS - 已成功批量插入 '糧價查詢' 的總計 20 條記錄到表格 '1040004' 。
2025-11-25 22:45:49,405 - SUCCESS - '糧價查詢' 的自動更新完成。
2025-11-25 22:45:49,405 - SUCCESS - '糧價查詢' 的自動更新完成。
2025-11-25 22:45:50,640 - SUCCESS - 成功提取 '臺灣地區果品生產概況' 的網頁 Metadata。
2025-11-25 22:45:50,640 - SUCCESS - 成功提取 '臺灣地區果品生產概況' 的網頁 Metadata。
2025-11-25 22:45:51,836 - SUCCESS - 成功提取 '臺灣地區特用作物生產概況' 的網頁 Metadata。
2025-11-25 22:45:51,836 - SUCCESS - 成功提取 '臺灣地區特用作物生產概況' 的網頁 Metadata。
2025-11-25 22:45:53,005 - SUCCESS - 成功提取 '臺灣地區稻作種植、收穫面積及產量' 的網頁 Metadata。
2025-11-25 22:45:53,005 - SUCCESS - 成功提取 '臺灣地區稻作種植、收穫面積及產量' 的網頁 Metadata。
2025-11-25 22:45:54,200 - SUCCESS - 成功提取 '臺灣地區稻米生產價值' 的網頁 Metadata。
2025-11-25 22:45:54,200 - SUCCESS - 成功提取 '臺灣地區稻米生產價值' 的網頁 Metadata。
2025-11-25 22:45:55,384 - SUCCESS - 成功提取 '臺灣地區蔬菜生產概況' 的網頁 Metadata。
2025-11-25 22:45:55,384 - SUCCESS - 成功提取 '臺灣地區蔬菜生產概況' 的網頁 Metadata。
2025-11-25 22:45:56,534 - SUCCESS - 成功提取 '臺灣地區農產品生產量值' 的網頁 Metadata。
2025-11-25 22:45:56,534 - SUCCESS - 成功提取 '臺灣地區農產品生產量值' 的網頁 Metadata。
2025-11-25 22:45:57,709 - SUCCESS - 成功提取 '農情調查' 的網頁 Metadata。
2025-11-25 22:45:57,709 - SUCCESS - 成功提取 '農情調查' 的網頁 Metadata。
2025-11-25 22:45:57,781 - SUCCESS - '農情調查' 的 Metadata 已更新到 metadata.json。
2025-11-25 22:45:57,781 - SUCCESS - '農情調查' 的 Metadata 已更新到 metadata.json。
2025-11-25 22:45:59,435 - SUCCESS - <農情調查>的資料已下載完成，共 9999 筆資料。
2025-11-25 22:45:59,435 - SUCCESS - <農情調查>的資料已下載完成，共 9999 筆資料。
2025-11-25 22:46:00,686 - SUCCESS - 已下載、去重並合併資料完成現有資料 45259 條，新資料 0 條。
2025-11-25 22:46:00,686 - SUCCESS - 已下載、去重並合併資料完成現有資料 45259 條，新資料 0 條。
2025-11-25 22:46:01,068 - SUCCESS - 插入或更新 '農情調查' 的 Metadata 成功。
2025-11-25 22:46:01,068 - SUCCESS - 插入或更新 '農情調查' 的 Metadata 成功。
2025-11-25 22:46:01,087 - SUCCESS - '農情調查' 的自動更新完成。
2025-11-25 22:46:01,087 - SUCCESS - '農情調查' 的自動更新完成。
2025-11-25 22:46:02,287 - SUCCESS - 成功提取 '農產品交易行情' 的網頁 Metadata。
2025-11-25 22:46:02,287 - SUCCESS - 成功提取 '農產品交易行情' 的網頁 Metadata。
2025-11-25 22:46:02,337 - SUCCESS - '農產品交易行情' 的 Metadata 已更新到 metadata.json。
2025-11-25 22:46:02,337 - SUCCESS - '農產品交易行情' 的 Metadata 已更新到 metadata.json。
2025-11-25 22:46:06,984 - SUCCESS - <農產品交易行情>的資料已下載完成，共 9555 筆資料。
2025-11-25 22:46:06,984 - SUCCESS - <農產品交易行情>的資料已下載完成，共 9555 筆資料。
2025-11-25 22:46:30,898 - SUCCESS - 已下載、去重並合併資料完成現有資料 463112 條，新資料 3787 條。
2025-11-25 22:46:30,898 - SUCCESS - 已下載、去重並合併資料完成現有資料 463112 條，新資料 3787 條。
2025-11-25 22:46:33,388 - SUCCESS - 已下載 '農產品交易行情' 的原始 JSON 資料路徑: 'C:\Python\data_moa_gov_tw\raw_data\農產品交易行情\農產品交易行情.json'
2025-11-25 22:46:33,388 - SUCCESS - 已下載 '農產品交易行情' 的原始 JSON 資料路徑: 'C:\Python\data_moa_gov_tw\raw_data\農產品交易行情\農產品交易行情.json'
2025-11-25 22:46:33,394 - SUCCESS - 插入或更新 '農產品交易行情' 的 Metadata 成功。
2025-11-25 22:46:33,394 - SUCCESS - 插入或更新 '農產品交易行情' 的 Metadata 成功。
2025-11-25 22:46:35,479 - SUCCESS - 已成功批量插入 '農產品交易行情' 的總計 3787 條記錄到表格 '1040012' 。
2025-11-25 22:46:35,479 - SUCCESS - 已成功批量插入 '農產品交易行情' 的總計 3787 條記錄到表格 '1040012' 。
2025-11-25 22:46:35,682 - SUCCESS - '農產品交易行情' 的自動更新完成。
2025-11-25 22:46:35,682 - SUCCESS - '農產品交易行情' 的自動更新完成。
2025-11-25 22:46:36,834 - SUCCESS - 成功提取 '農產品產地價格(月平均價格)' 的網頁 Metadata。
2025-11-25 22:46:36,834 - SUCCESS - 成功提取 '農產品產地價格(月平均價格)' 的網頁 Metadata。
2025-11-25 22:46:37,978 - SUCCESS - 成功提取 '農產品產地價格資料' 的網頁 Metadata。
2025-11-25 22:46:37,978 - SUCCESS - 成功提取 '農產品產地價格資料' 的網頁 Metadata。
2025-11-25 22:46:38,014 - SUCCESS - '農產品產地價格資料' 的 Metadata 已更新到 metadata.json。
2025-11-25 22:46:38,014 - SUCCESS - '農產品產地價格資料' 的 Metadata 已更新到 metadata.json。
2025-11-25 22:46:38,946 - SUCCESS - <農產品產地價格資料>的資料已下載完成，共 9999 筆資料。
2025-11-25 22:46:38,946 - SUCCESS - <農產品產地價格資料>的資料已下載完成，共 9999 筆資料。
2025-11-25 22:47:35,283 - SUCCESS - 已下載、去重並合併資料完成現有資料 345873 條，新資料 21 條。
2025-11-25 22:47:35,283 - SUCCESS - 已下載、去重並合併資料完成現有資料 345873 條，新資料 21 條。
2025-11-25 22:47:37,708 - SUCCESS - 已下載 '農產品產地價格資料' 的原始 JSON 資料路徑: 'C:\Python\data_moa_gov_tw\raw_data\農產品產地價格資料\農產品產地價格資料.json'
2025-11-25 22:47:37,708 - SUCCESS - 已下載 '農產品產地價格資料' 的原始 JSON 資料路徑: 'C:\Python\data_moa_gov_tw\raw_data\農產品產地價格資料\農產品產地價格資料.json'
2025-11-25 22:47:37,714 - SUCCESS - 插入或更新 '農產品產地價格資料' 的 Metadata 成功。
2025-11-25 22:47:37,714 - SUCCESS - 插入或更新 '農產品產地價格資料' 的 Metadata 成功。
2025-11-25 22:47:37,740 - SUCCESS - 已成功批量插入 '農產品產地價格資料' 的總計 21 條記錄到表格 '1040014' 。
2025-11-25 22:47:37,740 - SUCCESS - 已成功批量插入 '農產品產地價格資料' 的總計 21 條記錄到表格 '1040014' 。
2025-11-25 22:47:37,833 - SUCCESS - '農產品產地價格資料' 的自動更新完成。
2025-11-25 22:47:37,833 - SUCCESS - '農產品產地價格資料' 的自動更新完成。
2025-11-25 22:47:39,025 - SUCCESS - 成功提取 '雜糧生產概況' 的網頁 Metadata。
2025-11-25 22:47:39,025 - SUCCESS - 成功提取 '雜糧生產概況' 的網頁 Metadata。
2025-11-25 22:47:40,049 - SUCCESS - 已成功儲存次要資訊。
2025-11-25 22:47:40,049 - SUCCESS - 已成功儲存次要資訊。
2025-11-25 22:47:40,050 - SUCCESS - 更新結果儲存成功:{'全國單日平均糧價': '已更新', '各觀測站近兩年降雨量': '未更新', '產銷履歷與有機蔬果行情': '已更新', '糧價查詢': '已更新', '臺灣地區果品生產概況': '未更新', '臺灣地區特用作物生產概況': '未更新', '臺灣地區稻作種植、收穫面積及產量': '未更新', '臺灣地區稻米生產價值': '未更新', '臺灣地區蔬菜生產概況': '未更新', '臺灣地區農產品生產量值': '未更新', '農情調查': '已更新', '農產品交易行情': '已更新', '農產品產地價格(月平均價格)': '未更新', '農產品產地價格資料': '已更新', '雜糧生產概況': '未更新'}
2025-11-25 22:47:40,050 - SUCCESS - 更新結果儲存成功:{'全國單日平均糧價': '已更新', '各觀測站近兩年降雨量': '未更新', '產銷履歷與有機蔬果行情': '已更新', '糧價查詢': '已更新', '臺灣地區果品生產概況': '未更新', '臺灣地區特用作物生產概況': '未更新', '臺灣地區稻作種植、收穫面積及產量': '未更新', '臺灣地區稻米生產價值': '未更新', '臺灣地區蔬菜生產概況': '未更新', '臺灣地區農產品生產量值': '未更新', '農情調查': '已更新', '農產品交易行情': '已更新', '農產品產地價格(月平均價格)': '未更新', '農產品產地價格資料': '已更新', '雜糧生產概況': '未更新'}
