2025-12-24 23:13:30,313 - SUCCESS - 成功提取 '全國單日平均糧價' 的網頁 Metadata。
2025-12-24 23:13:30,313 - SUCCESS - 成功提取 '全國單日平均糧價' 的網頁 Metadata。
2025-12-24 23:13:30,421 - SUCCESS - '全國單日平均糧價' 的 Metadata 已更新到 metadata.json。
2025-12-24 23:13:30,421 - SUCCESS - '全國單日平均糧價' 的 Metadata 已更新到 metadata.json。
2025-12-24 23:13:32,545 - SUCCESS - <全國單日平均糧價>的資料已下載完成，共 9144 筆資料。
2025-12-24 23:13:32,545 - SUCCESS - <全國單日平均糧價>的資料已下載完成，共 9144 筆資料。
2025-12-24 23:13:35,826 - SUCCESS - 已下載、去重並合併資料完成現有資料 9144 條，新資料 1 條。
2025-12-24 23:13:35,826 - SUCCESS - 已下載、去重並合併資料完成現有資料 9144 條，新資料 1 條。
2025-12-24 23:13:35,895 - SUCCESS - 已下載 '全國單日平均糧價' 的原始 JSON 資料路徑: 'C:\Python\data_moa_gov_tw\raw_data\全國單日平均糧價\全國單日平均糧價.json'
2025-12-24 23:13:35,895 - SUCCESS - 已下載 '全國單日平均糧價' 的原始 JSON 資料路徑: 'C:\Python\data_moa_gov_tw\raw_data\全國單日平均糧價\全國單日平均糧價.json'
2025-12-24 23:13:35,929 - SUCCESS - 插入或更新 '全國單日平均糧價' 的 Metadata 成功。
2025-12-24 23:13:35,929 - SUCCESS - 插入或更新 '全國單日平均糧價' 的 Metadata 成功。
2025-12-24 23:13:35,941 - SUCCESS - 已成功批量插入 '全國單日平均糧價' 的總計 1 條記錄到表格 '1040001' 。
2025-12-24 23:13:35,941 - SUCCESS - 已成功批量插入 '全國單日平均糧價' 的總計 1 條記錄到表格 '1040001' 。
2025-12-24 23:13:35,949 - SUCCESS - '全國單日平均糧價' 的自動更新完成。
2025-12-24 23:13:35,949 - SUCCESS - '全國單日平均糧價' 的自動更新完成。
2025-12-24 23:13:37,470 - SUCCESS - 成功提取 '各觀測站近兩年降雨量' 的網頁 Metadata。
2025-12-24 23:13:37,470 - SUCCESS - 成功提取 '各觀測站近兩年降雨量' 的網頁 Metadata。
2025-12-24 23:13:39,295 - SUCCESS - 成功提取 '產銷履歷與有機蔬果行情' 的網頁 Metadata。
2025-12-24 23:13:39,295 - SUCCESS - 成功提取 '產銷履歷與有機蔬果行情' 的網頁 Metadata。
2025-12-24 23:13:39,396 - SUCCESS - '產銷履歷與有機蔬果行情' 的 Metadata 已更新到 metadata.json。
2025-12-24 23:13:39,396 - SUCCESS - '產銷履歷與有機蔬果行情' 的 Metadata 已更新到 metadata.json。
2025-12-24 23:13:51,874 - SUCCESS - <產銷履歷與有機蔬果行情>的資料已下載完成，共 4723 筆資料。
2025-12-24 23:13:51,874 - SUCCESS - <產銷履歷與有機蔬果行情>的資料已下載完成，共 4723 筆資料。
2025-12-24 23:14:17,232 - SUCCESS - 已下載、去重並合併資料完成現有資料 294424 條，新資料 2322 條。
2025-12-24 23:14:17,232 - SUCCESS - 已下載、去重並合併資料完成現有資料 294424 條，新資料 2322 條。
2025-12-24 23:14:19,333 - SUCCESS - 已下載 '產銷履歷與有機蔬果行情' 的原始 JSON 資料路徑: 'C:\Python\data_moa_gov_tw\raw_data\產銷履歷與有機蔬果行情\產銷履歷與有機蔬果行情.json'
2025-12-24 23:14:19,333 - SUCCESS - 已下載 '產銷履歷與有機蔬果行情' 的原始 JSON 資料路徑: 'C:\Python\data_moa_gov_tw\raw_data\產銷履歷與有機蔬果行情\產銷履歷與有機蔬果行情.json'
2025-12-24 23:14:19,338 - SUCCESS - 插入或更新 '產銷履歷與有機蔬果行情' 的 Metadata 成功。
2025-12-24 23:14:19,338 - SUCCESS - 插入或更新 '產銷履歷與有機蔬果行情' 的 Metadata 成功。
2025-12-24 23:14:20,924 - SUCCESS - 已成功批量插入 '產銷履歷與有機蔬果行情' 的總計 2322 條記錄到表格 '1040003' 。
2025-12-24 23:14:20,924 - SUCCESS - 已成功批量插入 '產銷履歷與有機蔬果行情' 的總計 2322 條記錄到表格 '1040003' 。
2025-12-24 23:14:21,037 - SUCCESS - '產銷履歷與有機蔬果行情' 的自動更新完成。
2025-12-24 23:14:21,037 - SUCCESS - '產銷履歷與有機蔬果行情' 的自動更新完成。
2025-12-24 23:14:22,554 - SUCCESS - 成功提取 '糧價查詢' 的網頁 Metadata。
2025-12-24 23:14:22,554 - SUCCESS - 成功提取 '糧價查詢' 的網頁 Metadata。
2025-12-24 23:14:22,583 - SUCCESS - '糧價查詢' 的 Metadata 已更新到 metadata.json。
2025-12-24 23:14:22,583 - SUCCESS - '糧價查詢' 的 Metadata 已更新到 metadata.json。
2025-12-24 23:14:24,422 - SUCCESS - <糧價查詢>的資料已下載完成，共 9999 筆資料。
2025-12-24 23:14:24,422 - SUCCESS - <糧價查詢>的資料已下載完成，共 9999 筆資料。
2025-12-24 23:14:25,325 - SUCCESS - 已下載、去重並合併資料完成現有資料 10454 條，新資料 20 條。
2025-12-24 23:14:25,325 - SUCCESS - 已下載、去重並合併資料完成現有資料 10454 條，新資料 20 條。
2025-12-24 23:14:26,255 - SUCCESS - 已下載 '糧價查詢' 的原始 JSON 資料路徑: 'C:\Python\data_moa_gov_tw\raw_data\糧價查詢\糧價查詢.json'
2025-12-24 23:14:26,255 - SUCCESS - 已下載 '糧價查詢' 的原始 JSON 資料路徑: 'C:\Python\data_moa_gov_tw\raw_data\糧價查詢\糧價查詢.json'
2025-12-24 23:14:26,267 - SUCCESS - 插入或更新 '糧價查詢' 的 Metadata 成功。
2025-12-24 23:14:26,267 - SUCCESS - 插入或更新 '糧價查詢' 的 Metadata 成功。
2025-12-24 23:14:26,287 - SUCCESS - 已成功批量插入 '糧價查詢' 的總計 20 條記錄到表格 '1040004' 。
2025-12-24 23:14:26,287 - SUCCESS - 已成功批量插入 '糧價查詢' 的總計 20 條記錄到表格 '1040004' 。
2025-12-24 23:14:26,292 - SUCCESS - '糧價查詢' 的自動更新完成。
2025-12-24 23:14:26,292 - SUCCESS - '糧價查詢' 的自動更新完成。
2025-12-24 23:14:27,639 - SUCCESS - 成功提取 '臺灣地區果品生產概況' 的網頁 Metadata。
2025-12-24 23:14:27,639 - SUCCESS - 成功提取 '臺灣地區果品生產概況' 的網頁 Metadata。
2025-12-24 23:14:29,016 - SUCCESS - 成功提取 '臺灣地區特用作物生產概況' 的網頁 Metadata。
2025-12-24 23:14:29,016 - SUCCESS - 成功提取 '臺灣地區特用作物生產概況' 的網頁 Metadata。
2025-12-24 23:14:30,367 - SUCCESS - 成功提取 '臺灣地區稻作種植、收穫面積及產量' 的網頁 Metadata。
2025-12-24 23:14:30,367 - SUCCESS - 成功提取 '臺灣地區稻作種植、收穫面積及產量' 的網頁 Metadata。
2025-12-24 23:14:31,703 - SUCCESS - 成功提取 '臺灣地區稻米生產價值' 的網頁 Metadata。
2025-12-24 23:14:31,703 - SUCCESS - 成功提取 '臺灣地區稻米生產價值' 的網頁 Metadata。
2025-12-24 23:14:33,467 - SUCCESS - 成功提取 '臺灣地區蔬菜生產概況' 的網頁 Metadata。
2025-12-24 23:14:33,467 - SUCCESS - 成功提取 '臺灣地區蔬菜生產概況' 的網頁 Metadata。
2025-12-24 23:14:34,732 - SUCCESS - 成功提取 '臺灣地區農產品生產量值' 的網頁 Metadata。
2025-12-24 23:14:34,732 - SUCCESS - 成功提取 '臺灣地區農產品生產量值' 的網頁 Metadata。
2025-12-24 23:14:36,218 - SUCCESS - 成功提取 '農情調查' 的網頁 Metadata。
2025-12-24 23:14:36,218 - SUCCESS - 成功提取 '農情調查' 的網頁 Metadata。
2025-12-24 23:14:36,278 - SUCCESS - '農情調查' 的 Metadata 已更新到 metadata.json。
2025-12-24 23:14:36,278 - SUCCESS - '農情調查' 的 Metadata 已更新到 metadata.json。
2025-12-24 23:14:39,119 - SUCCESS - <農情調查>的資料已下載完成，共 9999 筆資料。
2025-12-24 23:14:39,119 - SUCCESS - <農情調查>的資料已下載完成，共 9999 筆資料。
2025-12-24 23:14:40,263 - SUCCESS - 已下載、去重並合併資料完成現有資料 45259 條，新資料 0 條。
2025-12-24 23:14:40,263 - SUCCESS - 已下載、去重並合併資料完成現有資料 45259 條，新資料 0 條。
2025-12-24 23:14:40,683 - SUCCESS - 插入或更新 '農情調查' 的 Metadata 成功。
2025-12-24 23:14:40,683 - SUCCESS - 插入或更新 '農情調查' 的 Metadata 成功。
2025-12-24 23:14:40,698 - SUCCESS - '農情調查' 的自動更新完成。
2025-12-24 23:14:40,698 - SUCCESS - '農情調查' 的自動更新完成。
2025-12-24 23:14:42,142 - SUCCESS - 成功提取 '農產品交易行情' 的網頁 Metadata。
2025-12-24 23:14:42,142 - SUCCESS - 成功提取 '農產品交易行情' 的網頁 Metadata。
2025-12-24 23:14:42,186 - SUCCESS - '農產品交易行情' 的 Metadata 已更新到 metadata.json。
2025-12-24 23:14:42,186 - SUCCESS - '農產品交易行情' 的 Metadata 已更新到 metadata.json。
2025-12-24 23:15:25,300 - SUCCESS - <農產品交易行情>的資料已下載完成，共 10828 筆資料。
2025-12-24 23:15:25,300 - SUCCESS - <農產品交易行情>的資料已下載完成，共 10828 筆資料。
2025-12-24 23:15:53,045 - SUCCESS - 已下載、去重並合併資料完成現有資料 550979 條，新資料 3620 條。
2025-12-24 23:15:53,045 - SUCCESS - 已下載、去重並合併資料完成現有資料 550979 條，新資料 3620 條。
2025-12-24 23:15:56,078 - SUCCESS - 已下載 '農產品交易行情' 的原始 JSON 資料路徑: 'C:\Python\data_moa_gov_tw\raw_data\農產品交易行情\農產品交易行情.json'
2025-12-24 23:15:56,078 - SUCCESS - 已下載 '農產品交易行情' 的原始 JSON 資料路徑: 'C:\Python\data_moa_gov_tw\raw_data\農產品交易行情\農產品交易行情.json'
2025-12-24 23:15:56,085 - SUCCESS - 插入或更新 '農產品交易行情' 的 Metadata 成功。
2025-12-24 23:15:56,085 - SUCCESS - 插入或更新 '農產品交易行情' 的 Metadata 成功。
2025-12-24 23:15:57,761 - SUCCESS - 已成功批量插入 '農產品交易行情' 的總計 3618 條記錄到表格 '1040012' 。
2025-12-24 23:15:57,761 - SUCCESS - 已成功批量插入 '農產品交易行情' 的總計 3618 條記錄到表格 '1040012' 。
2025-12-24 23:15:57,992 - SUCCESS - '農產品交易行情' 的自動更新完成。
2025-12-24 23:15:57,992 - SUCCESS - '農產品交易行情' 的自動更新完成。
2025-12-24 23:15:59,725 - SUCCESS - 成功提取 '農產品產地價格(月平均價格)' 的網頁 Metadata。
2025-12-24 23:15:59,725 - SUCCESS - 成功提取 '農產品產地價格(月平均價格)' 的網頁 Metadata。
2025-12-24 23:16:01,188 - SUCCESS - 成功提取 '農產品產地價格資料' 的網頁 Metadata。
2025-12-24 23:16:01,188 - SUCCESS - 成功提取 '農產品產地價格資料' 的網頁 Metadata。
2025-12-24 23:16:02,935 - SUCCESS - 成功提取 '雜糧生產概況' 的網頁 Metadata。
2025-12-24 23:16:02,935 - SUCCESS - 成功提取 '雜糧生產概況' 的網頁 Metadata。
2025-12-24 23:16:03,940 - SUCCESS - 已成功儲存次要資訊。
2025-12-24 23:16:03,940 - SUCCESS - 已成功儲存次要資訊。
2025-12-24 23:16:03,940 - SUCCESS - 更新結果儲存成功:{'全國單日平均糧價': '已更新', '各觀測站近兩年降雨量': '未更新', '產銷履歷與有機蔬果行情': '已更新', '糧價查詢': '已更新', '臺灣地區果品生產概況': '未更新', '臺灣地區特用作物生產概況': '未更新', '臺灣地區稻作種植、收穫面積及產量': '未更新', '臺灣地區稻米生產價值': '未更新', '臺灣地區蔬菜生產概況': '未更新', '臺灣地區農產品生產量值': '未更新', '農情調查': '已更新', '農產品交易行情': '已更新', '農產品產地價格(月平均價格)': '未更新', '農產品產地價格資料': '未更新', '雜糧生產概況': '未更新'}
2025-12-24 23:16:03,940 - SUCCESS - 更新結果儲存成功:{'全國單日平均糧價': '已更新', '各觀測站近兩年降雨量': '未更新', '產銷履歷與有機蔬果行情': '已更新', '糧價查詢': '已更新', '臺灣地區果品生產概況': '未更新', '臺灣地區特用作物生產概況': '未更新', '臺灣地區稻作種植、收穫面積及產量': '未更新', '臺灣地區稻米生產價值': '未更新', '臺灣地區蔬菜生產概況': '未更新', '臺灣地區農產品生產量值': '未更新', '農情調查': '已更新', '農產品交易行情': '已更新', '農產品產地價格(月平均價格)': '未更新', '農產品產地價格資料': '未更新', '雜糧生產概況': '未更新'}
