2025-11-01 00:01:20,852 - SUCCESS - 成功提取 '全國單日平均糧價' 的網頁 Metadata。
2025-11-01 00:01:20,852 - SUCCESS - 成功提取 '全國單日平均糧價' 的網頁 Metadata。
2025-11-01 00:01:20,927 - SUCCESS - '全國單日平均糧價' 的 Metadata 已更新到 metadata.json。
2025-11-01 00:01:20,927 - SUCCESS - '全國單日平均糧價' 的 Metadata 已更新到 metadata.json。
2025-11-01 00:01:23,019 - SUCCESS - <全國單日平均糧價>的資料已下載完成，共 9090 筆資料。
2025-11-01 00:01:23,019 - SUCCESS - <全國單日平均糧價>的資料已下載完成，共 9090 筆資料。
2025-11-01 00:01:23,961 - SUCCESS - 已下載、去重並合併資料完成現有資料 9090 條，新資料 1 條。
2025-11-01 00:01:23,961 - SUCCESS - 已下載、去重並合併資料完成現有資料 9090 條，新資料 1 條。
2025-11-01 00:01:24,008 - SUCCESS - 已下載 '全國單日平均糧價' 的原始 JSON 資料路徑: 'C:\Python\data_moa_gov_tw\raw_data\全國單日平均糧價\全國單日平均糧價.json'
2025-11-01 00:01:24,008 - SUCCESS - 已下載 '全國單日平均糧價' 的原始 JSON 資料路徑: 'C:\Python\data_moa_gov_tw\raw_data\全國單日平均糧價\全國單日平均糧價.json'
2025-11-01 00:01:24,032 - SUCCESS - 插入或更新 '全國單日平均糧價' 的 Metadata 成功。
2025-11-01 00:01:24,032 - SUCCESS - 插入或更新 '全國單日平均糧價' 的 Metadata 成功。
2025-11-01 00:01:24,037 - SUCCESS - 已成功批量插入 '全國單日平均糧價' 的總計 1 條記錄到表格 '1040001' 。
2025-11-01 00:01:24,037 - SUCCESS - 已成功批量插入 '全國單日平均糧價' 的總計 1 條記錄到表格 '1040001' 。
2025-11-01 00:01:24,043 - SUCCESS - '全國單日平均糧價' 的自動更新完成。
2025-11-01 00:01:24,043 - SUCCESS - '全國單日平均糧價' 的自動更新完成。
2025-11-01 00:01:25,585 - SUCCESS - 成功提取 '各觀測站近兩年降雨量' 的網頁 Metadata。
2025-11-01 00:01:25,585 - SUCCESS - 成功提取 '各觀測站近兩年降雨量' 的網頁 Metadata。
2025-11-01 00:01:27,259 - SUCCESS - 成功提取 '產銷履歷與有機蔬果行情' 的網頁 Metadata。
2025-11-01 00:01:27,259 - SUCCESS - 成功提取 '產銷履歷與有機蔬果行情' 的網頁 Metadata。
2025-11-01 00:01:27,309 - SUCCESS - '產銷履歷與有機蔬果行情' 的 Metadata 已更新到 metadata.json。
2025-11-01 00:01:27,309 - SUCCESS - '產銷履歷與有機蔬果行情' 的 Metadata 已更新到 metadata.json。
2025-11-01 00:01:50,302 - SUCCESS - <產銷履歷與有機蔬果行情>的資料已下載完成，共 2617 筆資料。
2025-11-01 00:01:50,302 - SUCCESS - <產銷履歷與有機蔬果行情>的資料已下載完成，共 2617 筆資料。
2025-11-01 00:02:03,764 - SUCCESS - 已下載、去重並合併資料完成現有資料 193062 條，新資料 2286 條。
2025-11-01 00:02:03,764 - SUCCESS - 已下載、去重並合併資料完成現有資料 193062 條，新資料 2286 條。
2025-11-01 00:02:04,927 - SUCCESS - 已下載 '產銷履歷與有機蔬果行情' 的原始 JSON 資料路徑: 'C:\Python\data_moa_gov_tw\raw_data\產銷履歷與有機蔬果行情\產銷履歷與有機蔬果行情.json'
2025-11-01 00:02:04,927 - SUCCESS - 已下載 '產銷履歷與有機蔬果行情' 的原始 JSON 資料路徑: 'C:\Python\data_moa_gov_tw\raw_data\產銷履歷與有機蔬果行情\產銷履歷與有機蔬果行情.json'
2025-11-01 00:02:04,935 - SUCCESS - 插入或更新 '產銷履歷與有機蔬果行情' 的 Metadata 成功。
2025-11-01 00:02:04,935 - SUCCESS - 插入或更新 '產銷履歷與有機蔬果行情' 的 Metadata 成功。
2025-11-01 00:02:05,838 - SUCCESS - 已成功批量插入 '產銷履歷與有機蔬果行情' 的總計 2286 條記錄到表格 '1040003' 。
2025-11-01 00:02:05,838 - SUCCESS - 已成功批量插入 '產銷履歷與有機蔬果行情' 的總計 2286 條記錄到表格 '1040003' 。
2025-11-01 00:02:05,893 - SUCCESS - '產銷履歷與有機蔬果行情' 的自動更新完成。
2025-11-01 00:02:05,893 - SUCCESS - '產銷履歷與有機蔬果行情' 的自動更新完成。
2025-11-01 00:02:07,389 - SUCCESS - 成功提取 '糧價查詢' 的網頁 Metadata。
2025-11-01 00:02:07,389 - SUCCESS - 成功提取 '糧價查詢' 的網頁 Metadata。
2025-11-01 00:02:07,409 - SUCCESS - '糧價查詢' 的 Metadata 已更新到 metadata.json。
2025-11-01 00:02:07,409 - SUCCESS - '糧價查詢' 的 Metadata 已更新到 metadata.json。
2025-11-01 00:02:10,378 - SUCCESS - <糧價查詢>的資料已下載完成，共 9999 筆資料。
2025-11-01 00:02:10,378 - SUCCESS - <糧價查詢>的資料已下載完成，共 9999 筆資料。
2025-11-01 00:02:25,944 - SUCCESS - 已下載、去重並合併資料完成現有資料 240231 條，新資料 20 條。
2025-11-01 00:02:25,944 - SUCCESS - 已下載、去重並合併資料完成現有資料 240231 條，新資料 20 條。
2025-11-01 00:02:27,174 - SUCCESS - 已下載 '糧價查詢' 的原始 JSON 資料路徑: 'C:\Python\data_moa_gov_tw\raw_data\糧價查詢\糧價查詢.json'
2025-11-01 00:02:27,174 - SUCCESS - 已下載 '糧價查詢' 的原始 JSON 資料路徑: 'C:\Python\data_moa_gov_tw\raw_data\糧價查詢\糧價查詢.json'
2025-11-01 00:02:27,178 - SUCCESS - 插入或更新 '糧價查詢' 的 Metadata 成功。
2025-11-01 00:02:27,178 - SUCCESS - 插入或更新 '糧價查詢' 的 Metadata 成功。
2025-11-01 00:02:27,205 - SUCCESS - 已成功批量插入 '糧價查詢' 的總計 20 條記錄到表格 '1040004' 。
2025-11-01 00:02:27,205 - SUCCESS - 已成功批量插入 '糧價查詢' 的總計 20 條記錄到表格 '1040004' 。
2025-11-01 00:02:27,315 - SUCCESS - '糧價查詢' 的自動更新完成。
2025-11-01 00:02:27,315 - SUCCESS - '糧價查詢' 的自動更新完成。
2025-11-01 00:02:28,926 - SUCCESS - 成功提取 '臺灣地區果品生產概況' 的網頁 Metadata。
2025-11-01 00:02:28,926 - SUCCESS - 成功提取 '臺灣地區果品生產概況' 的網頁 Metadata。
2025-11-01 00:02:30,731 - SUCCESS - 成功提取 '臺灣地區特用作物生產概況' 的網頁 Metadata。
2025-11-01 00:02:30,731 - SUCCESS - 成功提取 '臺灣地區特用作物生產概況' 的網頁 Metadata。
2025-11-01 00:02:32,600 - SUCCESS - 成功提取 '臺灣地區稻作種植、收穫面積及產量' 的網頁 Metadata。
2025-11-01 00:02:32,600 - SUCCESS - 成功提取 '臺灣地區稻作種植、收穫面積及產量' 的網頁 Metadata。
2025-11-01 00:02:33,943 - SUCCESS - 成功提取 '臺灣地區稻米生產價值' 的網頁 Metadata。
2025-11-01 00:02:33,943 - SUCCESS - 成功提取 '臺灣地區稻米生產價值' 的網頁 Metadata。
2025-11-01 00:02:36,122 - SUCCESS - 成功提取 '臺灣地區蔬菜生產概況' 的網頁 Metadata。
2025-11-01 00:02:36,122 - SUCCESS - 成功提取 '臺灣地區蔬菜生產概況' 的網頁 Metadata。
2025-11-01 00:02:37,634 - SUCCESS - 成功提取 '臺灣地區農產品生產量值' 的網頁 Metadata。
2025-11-01 00:02:37,634 - SUCCESS - 成功提取 '臺灣地區農產品生產量值' 的網頁 Metadata。
2025-11-01 00:02:39,103 - SUCCESS - 成功提取 '農情調查' 的網頁 Metadata。
2025-11-01 00:02:39,103 - SUCCESS - 成功提取 '農情調查' 的網頁 Metadata。
2025-11-01 00:02:39,133 - SUCCESS - '農情調查' 的 Metadata 已更新到 metadata.json。
2025-11-01 00:02:39,133 - SUCCESS - '農情調查' 的 Metadata 已更新到 metadata.json。
2025-11-01 00:02:43,078 - SUCCESS - <農情調查>的資料已下載完成，共 9999 筆資料。
2025-11-01 00:02:43,078 - SUCCESS - <農情調查>的資料已下載完成，共 9999 筆資料。
2025-11-01 00:02:44,167 - SUCCESS - 已下載、去重並合併資料完成現有資料 45259 條，新資料 0 條。
2025-11-01 00:02:44,167 - SUCCESS - 已下載、去重並合併資料完成現有資料 45259 條，新資料 0 條。
2025-11-01 00:02:44,489 - SUCCESS - 插入或更新 '農情調查' 的 Metadata 成功。
2025-11-01 00:02:44,489 - SUCCESS - 插入或更新 '農情調查' 的 Metadata 成功。
2025-11-01 00:02:44,502 - SUCCESS - '農情調查' 的自動更新完成。
2025-11-01 00:02:44,502 - SUCCESS - '農情調查' 的自動更新完成。
2025-11-01 00:02:45,958 - SUCCESS - 成功提取 '農產品交易行情' 的網頁 Metadata。
2025-11-01 00:02:45,958 - SUCCESS - 成功提取 '農產品交易行情' 的網頁 Metadata。
2025-11-01 00:02:45,996 - SUCCESS - '農產品交易行情' 的 Metadata 已更新到 metadata.json。
2025-11-01 00:02:45,996 - SUCCESS - '農產品交易行情' 的 Metadata 已更新到 metadata.json。
2025-11-01 00:04:44,861 - SUCCESS - <農產品交易行情>的資料已下載完成，共 8995 筆資料。
2025-11-01 00:04:44,861 - SUCCESS - <農產品交易行情>的資料已下載完成，共 8995 筆資料。
2025-11-01 00:05:03,984 - SUCCESS - 已下載、去重並合併資料完成現有資料 392410 條，新資料 3640 條。
2025-11-01 00:05:03,984 - SUCCESS - 已下載、去重並合併資料完成現有資料 392410 條，新資料 3640 條。
2025-11-01 00:05:06,021 - SUCCESS - 已下載 '農產品交易行情' 的原始 JSON 資料路徑: 'C:\Python\data_moa_gov_tw\raw_data\農產品交易行情\農產品交易行情.json'
2025-11-01 00:05:06,021 - SUCCESS - 已下載 '農產品交易行情' 的原始 JSON 資料路徑: 'C:\Python\data_moa_gov_tw\raw_data\農產品交易行情\農產品交易行情.json'
2025-11-01 00:05:06,026 - SUCCESS - 插入或更新 '農產品交易行情' 的 Metadata 成功。
2025-11-01 00:05:06,026 - SUCCESS - 插入或更新 '農產品交易行情' 的 Metadata 成功。
2025-11-01 00:05:07,579 - SUCCESS - 已成功批量插入 '農產品交易行情' 的總計 3640 條記錄到表格 '1040012' 。
2025-11-01 00:05:07,579 - SUCCESS - 已成功批量插入 '農產品交易行情' 的總計 3640 條記錄到表格 '1040012' 。
2025-11-01 00:05:07,739 - SUCCESS - '農產品交易行情' 的自動更新完成。
2025-11-01 00:05:07,739 - SUCCESS - '農產品交易行情' 的自動更新完成。
2025-11-01 00:05:09,360 - SUCCESS - 成功提取 '農產品產地價格(月平均價格)' 的網頁 Metadata。
2025-11-01 00:05:09,360 - SUCCESS - 成功提取 '農產品產地價格(月平均價格)' 的網頁 Metadata。
2025-11-01 00:05:10,939 - SUCCESS - 成功提取 '農產品產地價格資料' 的網頁 Metadata。
2025-11-01 00:05:10,939 - SUCCESS - 成功提取 '農產品產地價格資料' 的網頁 Metadata。
2025-11-01 00:05:12,478 - SUCCESS - 成功提取 '雜糧生產概況' 的網頁 Metadata。
2025-11-01 00:05:12,478 - SUCCESS - 成功提取 '雜糧生產概況' 的網頁 Metadata。
2025-11-01 00:05:13,483 - SUCCESS - 已成功儲存次要資訊。
2025-11-01 00:05:13,483 - SUCCESS - 已成功儲存次要資訊。
2025-11-01 00:05:13,483 - SUCCESS - 更新結果儲存成功:{'全國單日平均糧價': '已更新', '各觀測站近兩年降雨量': '未更新', '產銷履歷與有機蔬果行情': '已更新', '糧價查詢': '已更新', '臺灣地區果品生產概況': '未更新', '臺灣地區特用作物生產概況': '未更新', '臺灣地區稻作種植、收穫面積及產量': '未更新', '臺灣地區稻米生產價值': '未更新', '臺灣地區蔬菜生產概況': '未更新', '臺灣地區農產品生產量值': '未更新', '農情調查': '已更新', '農產品交易行情': '已更新', '農產品產地價格(月平均價格)': '未更新', '農產品產地價格資料': '未更新', '雜糧生產概況': '未更新'}
2025-11-01 00:05:13,483 - SUCCESS - 更新結果儲存成功:{'全國單日平均糧價': '已更新', '各觀測站近兩年降雨量': '未更新', '產銷履歷與有機蔬果行情': '已更新', '糧價查詢': '已更新', '臺灣地區果品生產概況': '未更新', '臺灣地區特用作物生產概況': '未更新', '臺灣地區稻作種植、收穫面積及產量': '未更新', '臺灣地區稻米生產價值': '未更新', '臺灣地區蔬菜生產概況': '未更新', '臺灣地區農產品生產量值': '未更新', '農情調查': '已更新', '農產品交易行情': '已更新', '農產品產地價格(月平均價格)': '未更新', '農產品產地價格資料': '未更新', '雜糧生產概況': '未更新'}
